[2024-08-20T04:45:10.968+0000] {local_task_job_runner.py:123} INFO - ::group::Pre task execution logs
[2024-08-20T04:45:10.997+0000] {taskinstance.py:2603} INFO - Dependencies all met for dep_context=non-requeueable deps ti=<TaskInstance: fetch_and_store_DE_books.insert_book_data scheduled__2024-07-25T00:00:00+00:00 [queued]>
[2024-08-20T04:45:11.012+0000] {taskinstance.py:2603} INFO - Dependencies all met for dep_context=requeueable deps ti=<TaskInstance: fetch_and_store_DE_books.insert_book_data scheduled__2024-07-25T00:00:00+00:00 [queued]>
[2024-08-20T04:45:11.013+0000] {taskinstance.py:2856} INFO - Starting attempt 1 of 2
[2024-08-20T04:45:11.037+0000] {taskinstance.py:2879} INFO - Executing <Task(PythonOperator): insert_book_data> on 2024-07-25 00:00:00+00:00
[2024-08-20T04:45:11.058+0000] {warnings.py:112} WARNING - /home/***/.local/lib/python3.12/site-packages/***/task/task_runner/standard_task_runner.py:70: DeprecationWarning: This process (pid=1060) is multi-threaded, use of fork() may lead to deadlocks in the child.
  pid = os.fork()

[2024-08-20T04:45:11.061+0000] {standard_task_runner.py:72} INFO - Started process 1066 to run task
[2024-08-20T04:45:11.067+0000] {standard_task_runner.py:104} INFO - Running: ['***', 'tasks', 'run', 'fetch_and_store_DE_books', 'insert_book_data', 'scheduled__2024-07-25T00:00:00+00:00', '--job-id', '80', '--raw', '--subdir', 'DAGS_FOLDER/app.py', '--cfg-path', '/tmp/tmp0yn0ec51']
[2024-08-20T04:45:11.072+0000] {standard_task_runner.py:105} INFO - Job 80: Subtask insert_book_data
[2024-08-20T04:45:11.149+0000] {task_command.py:467} INFO - Running <TaskInstance: fetch_and_store_DE_books.insert_book_data scheduled__2024-07-25T00:00:00+00:00 [running]> on host 668944ed7238
[2024-08-20T04:45:11.264+0000] {taskinstance.py:3122} INFO - Exporting env vars: AIRFLOW_CTX_DAG_OWNER='***' AIRFLOW_CTX_DAG_ID='fetch_and_store_DE_books' AIRFLOW_CTX_TASK_ID='insert_book_data' AIRFLOW_CTX_EXECUTION_DATE='2024-07-25T00:00:00+00:00' AIRFLOW_CTX_TRY_NUMBER='1' AIRFLOW_CTX_DAG_RUN_ID='scheduled__2024-07-25T00:00:00+00:00'
[2024-08-20T04:45:11.266+0000] {logging_mixin.py:190} INFO - Task instance is in running state
[2024-08-20T04:45:11.266+0000] {logging_mixin.py:190} INFO -  Previous state of the Task instance: queued
[2024-08-20T04:45:11.267+0000] {logging_mixin.py:190} INFO - Current task name:insert_book_data state:running start_date:2024-08-20 04:45:10.998512+00:00
[2024-08-20T04:45:11.268+0000] {logging_mixin.py:190} INFO - Dag name:fetch_and_store_DE_books and current dag run status:running
[2024-08-20T04:45:11.268+0000] {taskinstance.py:731} INFO - ::endgroup::
[2024-08-20T04:45:11.292+0000] {base.py:84} INFO - Retrieving connection 'books_connection'
[2024-08-20T04:45:11.296+0000] {sql.py:509} INFO - Running statement: 
    INSERT INTO books (title, authors, price, rating)
    VALUES (%s, %s, %s, %s)
    , parameters: ('Ace the Data Engineering Interview: Questions and Answers for Python, SQL, Data Modeling and More', 'Sean Coyne', '24.', '4.1 out of 5 stars')
[2024-08-20T04:45:11.298+0000] {sql.py:518} INFO - Rows affected: 1
[2024-08-20T04:45:11.308+0000] {base.py:84} INFO - Retrieving connection 'books_connection'
[2024-08-20T04:45:11.312+0000] {sql.py:509} INFO - Running statement: 
    INSERT INTO books (title, authors, price, rating)
    VALUES (%s, %s, %s, %s)
    , parameters: ('Data Engineering with AWS - Second Edition: Acquire the skills to design and build AWS-based data transformation pipelines like a pro', 'Gareth Eagar', '41.', '4.4 out of 5 stars')
[2024-08-20T04:45:11.314+0000] {sql.py:518} INFO - Rows affected: 1
[2024-08-20T04:45:11.323+0000] {base.py:84} INFO - Retrieving connection 'books_connection'
[2024-08-20T04:45:11.328+0000] {sql.py:509} INFO - Running statement: 
    INSERT INTO books (title, authors, price, rating)
    VALUES (%s, %s, %s, %s)
    , parameters: ('Azure Data Engineer Associate Certification Guide: Ace the DP-203 exam with advanced data engineering skills', 'Giacinto Palmieri', '39.', '4.5 out of 5 stars')
[2024-08-20T04:45:11.329+0000] {sql.py:518} INFO - Rows affected: 1
[2024-08-20T04:45:11.338+0000] {base.py:84} INFO - Retrieving connection 'books_connection'
[2024-08-20T04:45:11.342+0000] {sql.py:509} INFO - Running statement: 
    INSERT INTO books (title, authors, price, rating)
    VALUES (%s, %s, %s, %s)
    , parameters: ('Data Engineering 101', 'Paperback', '22.', '5.0 out of 5 stars')
[2024-08-20T04:45:11.344+0000] {sql.py:518} INFO - Rows affected: 1
[2024-08-20T04:45:11.354+0000] {base.py:84} INFO - Retrieving connection 'books_connection'
[2024-08-20T04:45:11.360+0000] {sql.py:509} INFO - Running statement: 
    INSERT INTO books (title, authors, price, rating)
    VALUES (%s, %s, %s, %s)
    , parameters: ('Fundamentals of Data Engineering: Plan and Build Robust Data Systems', 'Joe Reis', '38.', '4.7 out of 5 stars')
[2024-08-20T04:45:11.362+0000] {sql.py:518} INFO - Rows affected: 1
[2024-08-20T04:45:11.371+0000] {base.py:84} INFO - Retrieving connection 'books_connection'
[2024-08-20T04:45:11.375+0000] {sql.py:509} INFO - Running statement: 
    INSERT INTO books (title, authors, price, rating)
    VALUES (%s, %s, %s, %s)
    , parameters: ('Data Pipelines Pocket Reference: Moving and Processing Data for Analytics', 'James Densmore', '17.', '4.5 out of 5 stars')
[2024-08-20T04:45:11.378+0000] {sql.py:518} INFO - Rows affected: 1
[2024-08-20T04:45:11.387+0000] {base.py:84} INFO - Retrieving connection 'books_connection'
[2024-08-20T04:45:11.392+0000] {sql.py:509} INFO - Running statement: 
    INSERT INTO books (title, authors, price, rating)
    VALUES (%s, %s, %s, %s)
    , parameters: ('Designing Data-Intensive Applications: The Big Ideas Behind Reliable, Scalable, and Maintainable Systems', 'Martin Kleppmann', '35.', '4.8 out of 5 stars')
[2024-08-20T04:45:11.393+0000] {sql.py:518} INFO - Rows affected: 1
[2024-08-20T04:45:11.402+0000] {base.py:84} INFO - Retrieving connection 'books_connection'
[2024-08-20T04:45:11.406+0000] {sql.py:509} INFO - Running statement: 
    INSERT INTO books (title, authors, price, rating)
    VALUES (%s, %s, %s, %s)
    , parameters: ('Data Engineering with Python: Work with massive datasets to design data models and automate data pipelines using Python', 'Paul Crickard', '37.', '4.1 out of 5 stars')
[2024-08-20T04:45:11.408+0000] {sql.py:518} INFO - Rows affected: 1
[2024-08-20T04:45:11.417+0000] {base.py:84} INFO - Retrieving connection 'books_connection'
[2024-08-20T04:45:11.421+0000] {sql.py:509} INFO - Running statement: 
    INSERT INTO books (title, authors, price, rating)
    VALUES (%s, %s, %s, %s)
    , parameters: ('Data Engineering with Python cookbook: Learn to build efficient data pipelines using the Modern Cloud Data Stack', 'Adithyan Ramanujakootam', '29.', '5.0 out of 5 stars')
[2024-08-20T04:45:11.422+0000] {sql.py:518} INFO - Rows affected: 1
[2024-08-20T04:45:11.430+0000] {base.py:84} INFO - Retrieving connection 'books_connection'
[2024-08-20T04:45:11.434+0000] {sql.py:509} INFO - Running statement: 
    INSERT INTO books (title, authors, price, rating)
    VALUES (%s, %s, %s, %s)
    , parameters: ('Cracking the Data Engineering Interview: Land your dream job with the help of resume-building tips, over 100 mock questions, and a unique portfolio', 'Kedeisha Bryan', '26.', '4.4 out of 5 stars')
[2024-08-20T04:45:11.436+0000] {sql.py:518} INFO - Rows affected: 1
[2024-08-20T04:45:11.445+0000] {base.py:84} INFO - Retrieving connection 'books_connection'
[2024-08-20T04:45:11.449+0000] {sql.py:509} INFO - Running statement: 
    INSERT INTO books (title, authors, price, rating)
    VALUES (%s, %s, %s, %s)
    , parameters: ('Data Engineering with AWS: Learn how to design and build cloud-based data transformation pipelines using AWS', 'Gareth Eagar', '49.', '4.4 out of 5 stars')
[2024-08-20T04:45:11.450+0000] {sql.py:518} INFO - Rows affected: 1
[2024-08-20T04:45:11.461+0000] {base.py:84} INFO - Retrieving connection 'books_connection'
[2024-08-20T04:45:11.465+0000] {sql.py:509} INFO - Running statement: 
    INSERT INTO books (title, authors, price, rating)
    VALUES (%s, %s, %s, %s)
    , parameters: ('Software Engineering for Data Scientists: From Notebooks to Scalable Systems', 'Catherine Nelson', '52.', '4.5 out of 5 stars')
[2024-08-20T04:45:11.467+0000] {sql.py:518} INFO - Rows affected: 1
[2024-08-20T04:45:11.476+0000] {base.py:84} INFO - Retrieving connection 'books_connection'
[2024-08-20T04:45:11.480+0000] {sql.py:509} INFO - Running statement: 
    INSERT INTO books (title, authors, price, rating)
    VALUES (%s, %s, %s, %s)
    , parameters: ('Data Engineering with Google Cloud Platform: A guide to leveling up as a data engineer by building a scalable data platform with Google Cloud', 'Adi Wijaya', '41.', '5.0 out of 5 stars')
[2024-08-20T04:45:11.482+0000] {sql.py:518} INFO - Rows affected: 1
[2024-08-20T04:45:11.492+0000] {base.py:84} INFO - Retrieving connection 'books_connection'
[2024-08-20T04:45:11.496+0000] {sql.py:509} INFO - Running statement: 
    INSERT INTO books (title, authors, price, rating)
    VALUES (%s, %s, %s, %s)
    , parameters: ('Driving Data Quality with Data Contracts: A comprehensive guide to building reliable, trusted, and effective data platforms', 'Andrew Jones', '28.', '4.6 out of 5 stars')
[2024-08-20T04:45:11.498+0000] {sql.py:518} INFO - Rows affected: 1
[2024-08-20T04:45:11.507+0000] {base.py:84} INFO - Retrieving connection 'books_connection'
[2024-08-20T04:45:11.511+0000] {sql.py:509} INFO - Running statement: 
    INSERT INTO books (title, authors, price, rating)
    VALUES (%s, %s, %s, %s)
    , parameters: ('Expert Data Modeling with Power BI - Second Edition: Enrich and optimize your data models to get the best out of Power BI for reporting and business needs', 'Soheil Bakhshi', '47.', '4.8 out of 5 stars')
[2024-08-20T04:45:11.512+0000] {sql.py:518} INFO - Rows affected: 1
[2024-08-20T04:45:11.521+0000] {base.py:84} INFO - Retrieving connection 'books_connection'
[2024-08-20T04:45:11.525+0000] {sql.py:509} INFO - Running statement: 
    INSERT INTO books (title, authors, price, rating)
    VALUES (%s, %s, %s, %s)
    , parameters: ('Data Engineering Fundamentals for Beginners: Mastering the Art of Building, Managing, and Scaling Data Systems', 'Paperback', '14.', '5.0 out of 5 stars')
[2024-08-20T04:45:11.527+0000] {sql.py:518} INFO - Rows affected: 1
[2024-08-20T04:45:11.536+0000] {base.py:84} INFO - Retrieving connection 'books_connection'
[2024-08-20T04:45:11.541+0000] {sql.py:509} INFO - Running statement: 
    INSERT INTO books (title, authors, price, rating)
    VALUES (%s, %s, %s, %s)
    , parameters: ('Data Engineering with Databricks Cookbook: Build effective data and AI solutions using Apache Spark, Databricks, and Delta Lake', 'Pulkit Chadha', '42.', '4.2 out of 5 stars')
[2024-08-20T04:45:11.542+0000] {sql.py:518} INFO - Rows affected: 1
[2024-08-20T04:45:11.551+0000] {base.py:84} INFO - Retrieving connection 'books_connection'
[2024-08-20T04:45:11.555+0000] {sql.py:509} INFO - Running statement: 
    INSERT INTO books (title, authors, price, rating)
    VALUES (%s, %s, %s, %s)
    , parameters: ('Data Engineering with dbt: A practical guide to building a cloud-based, pragmatic, and dependable data platform with SQL', 'Roberto Zagni', '37.', '4.6 out of 5 stars')
[2024-08-20T04:45:11.557+0000] {sql.py:518} INFO - Rows affected: 1
[2024-08-20T04:45:11.566+0000] {base.py:84} INFO - Retrieving connection 'books_connection'
[2024-08-20T04:45:11.570+0000] {sql.py:509} INFO - Running statement: 
    INSERT INTO books (title, authors, price, rating)
    VALUES (%s, %s, %s, %s)
    , parameters: ('Data-Driven Science and Engineering: Machine Learning, Dynamical Systems, and Control', 'Steven L. Brunton', '64.', '4.7 out of 5 stars')
[2024-08-20T04:45:11.572+0000] {sql.py:518} INFO - Rows affected: 1
[2024-08-20T04:45:11.581+0000] {base.py:84} INFO - Retrieving connection 'books_connection'
[2024-08-20T04:45:11.585+0000] {sql.py:509} INFO - Running statement: 
    INSERT INTO books (title, authors, price, rating)
    VALUES (%s, %s, %s, %s)
    , parameters: ("Azure Data Factory Cookbook - Second Edition: A data engineer's guide to building and managing ETL and ELT pipelines with data integration", 'Dmitry Foshin', '51.', '4.4 out of 5 stars')
[2024-08-20T04:45:11.587+0000] {sql.py:518} INFO - Rows affected: 1
[2024-08-20T04:45:11.596+0000] {base.py:84} INFO - Retrieving connection 'books_connection'
[2024-08-20T04:45:11.600+0000] {sql.py:509} INFO - Running statement: 
    INSERT INTO books (title, authors, price, rating)
    VALUES (%s, %s, %s, %s)
    , parameters: ('Mastering Large Datasets with Python: Parallelize and Distribute Your Python Code', 'John T. Wolohan', '49.', '3.9 out of 5 stars')
[2024-08-20T04:45:11.602+0000] {sql.py:518} INFO - Rows affected: 1
[2024-08-20T04:45:11.611+0000] {base.py:84} INFO - Retrieving connection 'books_connection'
[2024-08-20T04:45:11.615+0000] {sql.py:509} INFO - Running statement: 
    INSERT INTO books (title, authors, price, rating)
    VALUES (%s, %s, %s, %s)
    , parameters: ('Data Engineering with Alteryx: Helping data engineers apply DataOps practices with Alteryx', 'Paul Houghton', '44.', '4.3 out of 5 stars')
[2024-08-20T04:45:11.617+0000] {sql.py:518} INFO - Rows affected: 1
[2024-08-20T04:45:11.626+0000] {base.py:84} INFO - Retrieving connection 'books_connection'
[2024-08-20T04:45:11.630+0000] {sql.py:509} INFO - Running statement: 
    INSERT INTO books (title, authors, price, rating)
    VALUES (%s, %s, %s, %s)
    , parameters: ('Python Data Engineering Resources: Boost Your Career With This Python Handbook; Prepare For Python Interview; Python Programming Cookbook For Beginners and Experienced; Python Data Analysis and More', 'Vajo Lukic', '9.', '4.8 out of 5 stars')
[2024-08-20T04:45:11.632+0000] {sql.py:518} INFO - Rows affected: 1
[2024-08-20T04:45:11.641+0000] {base.py:84} INFO - Retrieving connection 'books_connection'
[2024-08-20T04:45:11.645+0000] {sql.py:509} INFO - Running statement: 
    INSERT INTO books (title, authors, price, rating)
    VALUES (%s, %s, %s, %s)
    , parameters: ('DATA ENGINEERING AND AI FOR BEGINNERS: Revolutionizing Data Processing and Analytics by Leveraging Artificial Intelligence for Efficient Input Collection, Storage, and Transformation (World of AI)', 'Paperback', '13.', '4.4 out of 5 stars')
[2024-08-20T04:45:11.647+0000] {sql.py:518} INFO - Rows affected: 1
[2024-08-20T04:45:11.656+0000] {base.py:84} INFO - Retrieving connection 'books_connection'
[2024-08-20T04:45:11.661+0000] {sql.py:509} INFO - Running statement: 
    INSERT INTO books (title, authors, price, rating)
    VALUES (%s, %s, %s, %s)
    , parameters: ('Data Mesh: Delivering Data-Driven Value at Scale', 'Zhamak Dehghani', '43.', '4.5 out of 5 stars')
[2024-08-20T04:45:11.663+0000] {sql.py:518} INFO - Rows affected: 1
[2024-08-20T04:45:11.673+0000] {base.py:84} INFO - Retrieving connection 'books_connection'
[2024-08-20T04:45:11.677+0000] {sql.py:509} INFO - Running statement: 
    INSERT INTO books (title, authors, price, rating)
    VALUES (%s, %s, %s, %s)
    , parameters: ('Data Engineering with Apache Spark, Delta Lake, and Lakehouse: Create scalable pipelines that ingest, curate, and aggregate complex data in a timely and secure way', 'Manoj Kukreja', '29.', '3.9 out of 5 stars')
[2024-08-20T04:45:11.679+0000] {sql.py:518} INFO - Rows affected: 1
[2024-08-20T04:45:11.690+0000] {base.py:84} INFO - Retrieving connection 'books_connection'
[2024-08-20T04:45:11.694+0000] {sql.py:509} INFO - Running statement: 
    INSERT INTO books (title, authors, price, rating)
    VALUES (%s, %s, %s, %s)
    , parameters: ('Machine Learning Engineering', 'Andriy Burkov', '39.', '4.7 out of 5 stars')
[2024-08-20T04:45:11.696+0000] {sql.py:518} INFO - Rows affected: 1
[2024-08-20T04:45:11.707+0000] {base.py:84} INFO - Retrieving connection 'books_connection'
[2024-08-20T04:45:11.711+0000] {sql.py:509} INFO - Running statement: 
    INSERT INTO books (title, authors, price, rating)
    VALUES (%s, %s, %s, %s)
    , parameters: ('The Enterprise Data Catalog: Improve Data Discovery, Ensure Data Governance, and Enable Innovation', 'Ole Olesen-Bagneux', '31.', '4.5 out of 5 stars')
[2024-08-20T04:45:11.713+0000] {sql.py:518} INFO - Rows affected: 1
[2024-08-20T04:45:11.722+0000] {base.py:84} INFO - Retrieving connection 'books_connection'
[2024-08-20T04:45:11.726+0000] {sql.py:509} INFO - Running statement: 
    INSERT INTO books (title, authors, price, rating)
    VALUES (%s, %s, %s, %s)
    , parameters: ('Data Engineering with Databricks', 'Paperback', '25.', '3.4 out of 5 stars')
[2024-08-20T04:45:11.728+0000] {sql.py:518} INFO - Rows affected: 1
[2024-08-20T04:45:11.738+0000] {base.py:84} INFO - Retrieving connection 'books_connection'
[2024-08-20T04:45:11.742+0000] {sql.py:509} INFO - Running statement: 
    INSERT INTO books (title, authors, price, rating)
    VALUES (%s, %s, %s, %s)
    , parameters: ('Ace the Data Science Interview: 201 Real Interview Questions Asked By FAANG, Tech Startups, & Wall Street', 'Nick Singh', '42.', '4.5 out of 5 stars')
[2024-08-20T04:45:11.744+0000] {sql.py:518} INFO - Rows affected: 1
[2024-08-20T04:45:11.753+0000] {base.py:84} INFO - Retrieving connection 'books_connection'
[2024-08-20T04:45:11.758+0000] {sql.py:509} INFO - Running statement: 
    INSERT INTO books (title, authors, price, rating)
    VALUES (%s, %s, %s, %s)
    , parameters: ('Modern Data Engineering with Apache Spark: A Hands-On Guide for Building Mission-Critical Streaming Applications', 'Scott Haines', '30.', '4.1 out of 5 stars')
[2024-08-20T04:45:11.760+0000] {sql.py:518} INFO - Rows affected: 1
[2024-08-20T04:45:11.770+0000] {base.py:84} INFO - Retrieving connection 'books_connection'
[2024-08-20T04:45:11.776+0000] {sql.py:509} INFO - Running statement: 
    INSERT INTO books (title, authors, price, rating)
    VALUES (%s, %s, %s, %s)
    , parameters: ('Data Modeling with Snowflake: A practical guide to accelerating Snowflake development using universal data modeling techniques', 'Serge Gershkovich', '36.', '4.8 out of 5 stars')
[2024-08-20T04:45:11.778+0000] {sql.py:518} INFO - Rows affected: 1
[2024-08-20T04:45:11.790+0000] {base.py:84} INFO - Retrieving connection 'books_connection'
[2024-08-20T04:45:11.796+0000] {sql.py:509} INFO - Running statement: 
    INSERT INTO books (title, authors, price, rating)
    VALUES (%s, %s, %s, %s)
    , parameters: ('Storytelling with Data: A Data Visualization Guide for Business Professionals', 'Cole Nussbaumer Knaflic', '27.', '4.6 out of 5 stars')
[2024-08-20T04:45:11.799+0000] {sql.py:518} INFO - Rows affected: 1
[2024-08-20T04:45:11.809+0000] {base.py:84} INFO - Retrieving connection 'books_connection'
[2024-08-20T04:45:11.814+0000] {sql.py:509} INFO - Running statement: 
    INSERT INTO books (title, authors, price, rating)
    VALUES (%s, %s, %s, %s)
    , parameters: ('97 Things Every Data Engineer Should Know: Collective Wisdom from the Experts', 'Audible Audiobook', '0.', '4.1 out of 5 stars')
[2024-08-20T04:45:11.815+0000] {sql.py:518} INFO - Rows affected: 1
[2024-08-20T04:45:11.824+0000] {base.py:84} INFO - Retrieving connection 'books_connection'
[2024-08-20T04:45:11.829+0000] {sql.py:509} INFO - Running statement: 
    INSERT INTO books (title, authors, price, rating)
    VALUES (%s, %s, %s, %s)
    , parameters: ("Data Quality Fundamentals: A Practitioner's Guide to Building Trustworthy Data Pipelines", 'Paperback', '45.', '4.1 out of 5 stars')
[2024-08-20T04:45:11.830+0000] {sql.py:518} INFO - Rows affected: 1
[2024-08-20T04:45:11.840+0000] {base.py:84} INFO - Retrieving connection 'books_connection'
[2024-08-20T04:45:11.844+0000] {sql.py:509} INFO - Running statement: 
    INSERT INTO books (title, authors, price, rating)
    VALUES (%s, %s, %s, %s)
    , parameters: ('Fundamentals of Data Analytics: Learn Essential Skills, Embrace the Future, and Catapult Your Career in the Data-Driven World—A Comprehensive Guide to Data Literacy for Beginners', 'Russell Dawson', '16.', '4.8 out of 5 stars')
[2024-08-20T04:45:11.846+0000] {sql.py:518} INFO - Rows affected: 1
[2024-08-20T04:45:11.855+0000] {base.py:84} INFO - Retrieving connection 'books_connection'
[2024-08-20T04:45:11.860+0000] {sql.py:509} INFO - Running statement: 
    INSERT INTO books (title, authors, price, rating)
    VALUES (%s, %s, %s, %s)
    , parameters: ('Data Engineering with Google Cloud Platform: A practical guide to operationalizing scalable data analytics systems on GCP', 'Adi Wijaya', '41.', '4.7 out of 5 stars')
[2024-08-20T04:45:11.862+0000] {sql.py:518} INFO - Rows affected: 1
[2024-08-20T04:45:11.874+0000] {base.py:84} INFO - Retrieving connection 'books_connection'
[2024-08-20T04:45:11.878+0000] {sql.py:509} INFO - Running statement: 
    INSERT INTO books (title, authors, price, rating)
    VALUES (%s, %s, %s, %s)
    , parameters: ('Prompt Engineering for Generative AI: Future-Proof Inputs for Reliable AI Outputs', 'James Phoenix', '57.', '4.4 out of 5 stars')
[2024-08-20T04:45:11.879+0000] {sql.py:518} INFO - Rows affected: 1
[2024-08-20T04:45:11.889+0000] {base.py:84} INFO - Retrieving connection 'books_connection'
[2024-08-20T04:45:11.892+0000] {sql.py:509} INFO - Running statement: 
    INSERT INTO books (title, authors, price, rating)
    VALUES (%s, %s, %s, %s)
    , parameters: ('Python Programming and SQL: 5 books in 1 - The #1 Coding Course from Beginner to Advanced. Learn it Well & Fast (2024) (Computer Programming)', 'Paperback', '32.', '4.3 out of 5 stars')
[2024-08-20T04:45:11.894+0000] {sql.py:518} INFO - Rows affected: 1
[2024-08-20T04:45:11.903+0000] {base.py:84} INFO - Retrieving connection 'books_connection'
[2024-08-20T04:45:11.908+0000] {sql.py:509} INFO - Running statement: 
    INSERT INTO books (title, authors, price, rating)
    VALUES (%s, %s, %s, %s)
    , parameters: ('Analytics Engineering with SQL and dbt: Building Meaningful Data Models at Scale', 'Rui Pedro Machado', '41.', '3.8 out of 5 stars')
[2024-08-20T04:45:11.910+0000] {sql.py:518} INFO - Rows affected: 1
[2024-08-20T04:45:11.920+0000] {base.py:84} INFO - Retrieving connection 'books_connection'
[2024-08-20T04:45:11.924+0000] {sql.py:509} INFO - Running statement: 
    INSERT INTO books (title, authors, price, rating)
    VALUES (%s, %s, %s, %s)
    , parameters: ('Data Observability for Data Engineering: Proactive strategies for ensuring data accuracy and addressing broken data pipelines', 'Michele Pinto', '18.', '3.7 out of 5 stars')
[2024-08-20T04:45:11.925+0000] {sql.py:518} INFO - Rows affected: 1
[2024-08-20T04:45:11.934+0000] {base.py:84} INFO - Retrieving connection 'books_connection'
[2024-08-20T04:45:11.939+0000] {sql.py:509} INFO - Running statement: 
    INSERT INTO books (title, authors, price, rating)
    VALUES (%s, %s, %s, %s)
    , parameters: ("Ultimate Data Engineering with Databricks: Develop Scalable Data Pipelines Using Data Engineering's Core Tenets Such as Delta Tables, Ingestion, ... Security, and Scalability (English Edition)", 'Mayank Malhotra', '37.', '3.8 out of 5 stars')
[2024-08-20T04:45:11.941+0000] {sql.py:518} INFO - Rows affected: 1
[2024-08-20T04:45:11.950+0000] {base.py:84} INFO - Retrieving connection 'books_connection'
[2024-08-20T04:45:11.954+0000] {sql.py:509} INFO - Running statement: 
    INSERT INTO books (title, authors, price, rating)
    VALUES (%s, %s, %s, %s)
    , parameters: ('The Data Warehouse Toolkit: The Definitive Guide to Dimensional Modeling', 'Paperback', '47.', '4.7 out of 5 stars')
[2024-08-20T04:45:11.956+0000] {sql.py:518} INFO - Rows affected: 1
[2024-08-20T04:45:11.966+0000] {base.py:84} INFO - Retrieving connection 'books_connection'
[2024-08-20T04:45:11.970+0000] {sql.py:509} INFO - Running statement: 
    INSERT INTO books (title, authors, price, rating)
    VALUES (%s, %s, %s, %s)
    , parameters: ('Concepts of Generative AI and Data Engineering: Vital Concepts in Data Engineering and the World of Generative AI', 'Kindle', '29.', '5.0 out of 5 stars')
[2024-08-20T04:45:11.972+0000] {sql.py:518} INFO - Rows affected: 1
[2024-08-20T04:45:11.980+0000] {base.py:84} INFO - Retrieving connection 'books_connection'
[2024-08-20T04:45:11.984+0000] {sql.py:509} INFO - Running statement: 
    INSERT INTO books (title, authors, price, rating)
    VALUES (%s, %s, %s, %s)
    , parameters: ('Official Google Cloud Certified Professional Data Engineer Study Guide', 'Dan Sullivan', '33.', '4.5 out of 5 stars')
[2024-08-20T04:45:11.986+0000] {sql.py:518} INFO - Rows affected: 1
[2024-08-20T04:45:11.994+0000] {base.py:84} INFO - Retrieving connection 'books_connection'
[2024-08-20T04:45:11.998+0000] {sql.py:509} INFO - Running statement: 
    INSERT INTO books (title, authors, price, rating)
    VALUES (%s, %s, %s, %s)
    , parameters: ('Data Privacy: A runbook for engineers', 'Nishant Bhajaria', '32.', '4.8 out of 5 stars')
[2024-08-20T04:45:12.000+0000] {sql.py:518} INFO - Rows affected: 1
[2024-08-20T04:45:12.009+0000] {base.py:84} INFO - Retrieving connection 'books_connection'
[2024-08-20T04:45:12.013+0000] {sql.py:509} INFO - Running statement: 
    INSERT INTO books (title, authors, price, rating)
    VALUES (%s, %s, %s, %s)
    , parameters: ('Data Analytics, Data Visualization & Communicating Data: 3 books in 1: Learn the Processes of Data Analytics and Data Science, Create Engaging Data Visualizations, and Present Data Effectively', 'Audible Audiobook', '0.', '4.5 out of 5 stars')
[2024-08-20T04:45:12.014+0000] {sql.py:518} INFO - Rows affected: 1
[2024-08-20T04:45:12.023+0000] {base.py:84} INFO - Retrieving connection 'books_connection'
[2024-08-20T04:45:12.027+0000] {sql.py:509} INFO - Running statement: 
    INSERT INTO books (title, authors, price, rating)
    VALUES (%s, %s, %s, %s)
    , parameters: ('Data Engineering and Data Science for Babies: Activity Workbook Part 1', 'Paperback', '9.', '4.1 out of 5 stars')
[2024-08-20T04:45:12.029+0000] {sql.py:518} INFO - Rows affected: 1
[2024-08-20T04:45:12.036+0000] {base.py:84} INFO - Retrieving connection 'books_connection'
[2024-08-20T04:45:12.040+0000] {sql.py:509} INFO - Running statement: 
    INSERT INTO books (title, authors, price, rating)
    VALUES (%s, %s, %s, %s)
    , parameters: ('Fundamentals of Data Engineering: Efficiency, Insight, Impact: Transforming Data into Value through Expert Engineering Practices', 'Joseph Achakji', '0.', '4.6 out of 5 stars')
[2024-08-20T04:45:12.042+0000] {sql.py:518} INFO - Rows affected: 1
[2024-08-20T04:45:12.050+0000] {base.py:84} INFO - Retrieving connection 'books_connection'
[2024-08-20T04:45:12.054+0000] {sql.py:509} INFO - Running statement: 
    INSERT INTO books (title, authors, price, rating)
    VALUES (%s, %s, %s, %s)
    , parameters: ('Learning Spark: Lightning-Fast Data Analytics', 'Jules S. Damji', '43.', '4.7 out of 5 stars')
[2024-08-20T04:45:12.056+0000] {sql.py:518} INFO - Rows affected: 1
[2024-08-20T04:45:12.064+0000] {base.py:84} INFO - Retrieving connection 'books_connection'
[2024-08-20T04:45:12.068+0000] {sql.py:509} INFO - Running statement: 
    INSERT INTO books (title, authors, price, rating)
    VALUES (%s, %s, %s, %s)
    , parameters: ("SQL QuickStart Guide: The Simplified Beginner's Guide to Managing, Analyzing, and Manipulating Data With SQL (Coding & Programming - QuickStart Guides)", 'Paperback', '18.', '4.6 out of 5 stars')
[2024-08-20T04:45:12.070+0000] {sql.py:518} INFO - Rows affected: 1
[2024-08-20T04:45:12.079+0000] {base.py:84} INFO - Retrieving connection 'books_connection'
[2024-08-20T04:45:12.083+0000] {sql.py:509} INFO - Running statement: 
    INSERT INTO books (title, authors, price, rating)
    VALUES (%s, %s, %s, %s)
    , parameters: ('Electrical engineering without prior knowledge: Understand the basics within 7 days (Become an Engineer Without Prior Knowledge)', 'Paperback', '17.', '4.4 out of 5 stars')
[2024-08-20T04:45:12.084+0000] {sql.py:518} INFO - Rows affected: 1
[2024-08-20T04:45:12.094+0000] {base.py:84} INFO - Retrieving connection 'books_connection'
[2024-08-20T04:45:12.098+0000] {sql.py:509} INFO - Running statement: 
    INSERT INTO books (title, authors, price, rating)
    VALUES (%s, %s, %s, %s)
    , parameters: ('Azure Data Engineering Cookbook - Second Edition: Get well versed in various data engineering techniques in Azure using this recipe-based guide', 'Nagaraj Venkatesan', '51.', '3.5 out of 5 stars')
[2024-08-20T04:45:12.099+0000] {sql.py:518} INFO - Rows affected: 1
[2024-08-20T04:45:12.108+0000] {base.py:84} INFO - Retrieving connection 'books_connection'
[2024-08-20T04:45:12.112+0000] {sql.py:509} INFO - Running statement: 
    INSERT INTO books (title, authors, price, rating)
    VALUES (%s, %s, %s, %s)
    , parameters: ('Puppet 8 for DevOps Engineers: Automate your infrastructure at an enterprise scale', 'David Sandilands', '44.', '5.0 out of 5 stars')
[2024-08-20T04:45:12.114+0000] {sql.py:518} INFO - Rows affected: 1
[2024-08-20T04:45:12.123+0000] {base.py:84} INFO - Retrieving connection 'books_connection'
[2024-08-20T04:45:12.127+0000] {sql.py:509} INFO - Running statement: 
    INSERT INTO books (title, authors, price, rating)
    VALUES (%s, %s, %s, %s)
    , parameters: ('Machine Learning Engineering with Python - Second Edition: Manage the lifecycle of machine learning models using MLOps with practical examples', 'Andrew McMahon', '32.', '4.7 out of 5 stars')
[2024-08-20T04:45:12.129+0000] {sql.py:518} INFO - Rows affected: 1
[2024-08-20T04:45:12.137+0000] {base.py:84} INFO - Retrieving connection 'books_connection'
[2024-08-20T04:45:12.142+0000] {sql.py:509} INFO - Running statement: 
    INSERT INTO books (title, authors, price, rating)
    VALUES (%s, %s, %s, %s)
    , parameters: ("Data: Principles To Practice - Volume 1 'Foundations': Essential Foundations: Key Concepts behind Data Architecture, Engineering and Analysis for Professionals", 'Alex Holloway', '0.', '4.7 out of 5 stars')
[2024-08-20T04:45:12.143+0000] {sql.py:518} INFO - Rows affected: 1
[2024-08-20T04:45:12.151+0000] {base.py:84} INFO - Retrieving connection 'books_connection'
[2024-08-20T04:45:12.156+0000] {sql.py:509} INFO - Running statement: 
    INSERT INTO books (title, authors, price, rating)
    VALUES (%s, %s, %s, %s)
    , parameters: ('Database Internals: A Deep Dive into How Distributed Data Systems Work', 'Alex Petrov', '36.', '4.6 out of 5 stars')
[2024-08-20T04:45:12.158+0000] {sql.py:518} INFO - Rows affected: 1
[2024-08-20T04:45:12.166+0000] {base.py:84} INFO - Retrieving connection 'books_connection'
[2024-08-20T04:45:12.171+0000] {sql.py:509} INFO - Running statement: 
    INSERT INTO books (title, authors, price, rating)
    VALUES (%s, %s, %s, %s)
    , parameters: ('Data Science (The MIT Press Essential Knowledge series)', 'Paperback', '10.', '4.4 out of 5 stars')
[2024-08-20T04:45:12.172+0000] {sql.py:518} INFO - Rows affected: 1
[2024-08-20T04:45:12.182+0000] {base.py:84} INFO - Retrieving connection 'books_connection'
[2024-08-20T04:45:12.186+0000] {sql.py:509} INFO - Running statement: 
    INSERT INTO books (title, authors, price, rating)
    VALUES (%s, %s, %s, %s)
    , parameters: ("Applied Machine Learning and AI for Engineers: Solve Business Problems That Can't Be Solved Algorithmically", 'Jeff Prosise', '55.', '4.5 out of 5 stars')
[2024-08-20T04:45:12.188+0000] {sql.py:518} INFO - Rows affected: 1
[2024-08-20T04:45:12.198+0000] {base.py:84} INFO - Retrieving connection 'books_connection'
[2024-08-20T04:45:12.202+0000] {sql.py:509} INFO - Running statement: 
    INSERT INTO books (title, authors, price, rating)
    VALUES (%s, %s, %s, %s)
    , parameters: ('How Data Happened: A History from the Age of Reason to the Age of Algorithms', 'Chris Wiggins', '16.', '4.2 out of 5 stars')
[2024-08-20T04:45:12.204+0000] {sql.py:518} INFO - Rows affected: 1
[2024-08-20T04:45:12.213+0000] {base.py:84} INFO - Retrieving connection 'books_connection'
[2024-08-20T04:45:12.224+0000] {sql.py:509} INFO - Running statement: 
    INSERT INTO books (title, authors, price, rating)
    VALUES (%s, %s, %s, %s)
    , parameters: ('Better Data Visualizations: A Guide for Scholars, Researchers, and Wonks', 'Jonathan Schwabish', '26.', '4.5 out of 5 stars')
[2024-08-20T04:45:12.227+0000] {sql.py:518} INFO - Rows affected: 1
[2024-08-20T04:45:12.237+0000] {base.py:84} INFO - Retrieving connection 'books_connection'
[2024-08-20T04:45:12.242+0000] {sql.py:509} INFO - Running statement: 
    INSERT INTO books (title, authors, price, rating)
    VALUES (%s, %s, %s, %s)
    , parameters: ("System Design Interview – An insider's guide", 'Alex Xu', '37.', '4.6 out of 5 stars')
[2024-08-20T04:45:12.244+0000] {sql.py:518} INFO - Rows affected: 1
[2024-08-20T04:45:12.257+0000] {base.py:84} INFO - Retrieving connection 'books_connection'
[2024-08-20T04:45:12.262+0000] {sql.py:509} INFO - Running statement: 
    INSERT INTO books (title, authors, price, rating)
    VALUES (%s, %s, %s, %s)
    , parameters: ('Fundamentals of Data Visualization: A Primer on Making Informative and Compelling Figures', 'Claus Wilke', '49.', '4.6 out of 5 stars')
[2024-08-20T04:45:12.266+0000] {sql.py:518} INFO - Rows affected: 1
[2024-08-20T04:45:12.282+0000] {base.py:84} INFO - Retrieving connection 'books_connection'
[2024-08-20T04:45:12.287+0000] {sql.py:509} INFO - Running statement: 
    INSERT INTO books (title, authors, price, rating)
    VALUES (%s, %s, %s, %s)
    , parameters: ('Mastering the Data Paradox: Key to Winning in the AI Age', 'Nitin Seth', '18.', '4.8 out of 5 stars')
[2024-08-20T04:45:12.290+0000] {sql.py:518} INFO - Rows affected: 1
[2024-08-20T04:45:12.298+0000] {base.py:84} INFO - Retrieving connection 'books_connection'
[2024-08-20T04:45:12.303+0000] {sql.py:509} INFO - Running statement: 
    INSERT INTO books (title, authors, price, rating)
    VALUES (%s, %s, %s, %s)
    , parameters: ('A Common-Sense Guide to Data Structures and Algorithms, Second Edition: Level Up Your Core Programming Skills', 'Jay Wengrow', '39.', '4.7 out of 5 stars')
[2024-08-20T04:45:12.305+0000] {sql.py:518} INFO - Rows affected: 1
[2024-08-20T04:45:12.315+0000] {base.py:84} INFO - Retrieving connection 'books_connection'
[2024-08-20T04:45:12.320+0000] {sql.py:509} INFO - Running statement: 
    INSERT INTO books (title, authors, price, rating)
    VALUES (%s, %s, %s, %s)
    , parameters: ('Data Quality Engineering in Financial Services: Applying Manufacturing Techniques to Data', 'Brian Buzzelli', '30.', '4.4 out of 5 stars')
[2024-08-20T04:45:12.322+0000] {sql.py:518} INFO - Rows affected: 1
[2024-08-20T04:45:12.331+0000] {base.py:84} INFO - Retrieving connection 'books_connection'
[2024-08-20T04:45:12.336+0000] {sql.py:509} INFO - Running statement: 
    INSERT INTO books (title, authors, price, rating)
    VALUES (%s, %s, %s, %s)
    , parameters: ('Data Science on AWS: Implementing End-to-End, Continuous AI and Machine Learning Pipelines', 'Chris Fregly', '11.', '4.5 out of 5 stars')
[2024-08-20T04:45:12.338+0000] {sql.py:518} INFO - Rows affected: 1
[2024-08-20T04:45:12.347+0000] {base.py:84} INFO - Retrieving connection 'books_connection'
[2024-08-20T04:45:12.352+0000] {sql.py:509} INFO - Running statement: 
    INSERT INTO books (title, authors, price, rating)
    VALUES (%s, %s, %s, %s)
    , parameters: ('The Data Governance Guidebook and Playbook: By a Practitioner for Practitioners', 'Paperback', '25.', '4.3 out of 5 stars')
[2024-08-20T04:45:12.354+0000] {sql.py:518} INFO - Rows affected: 1
[2024-08-20T04:45:12.363+0000] {base.py:84} INFO - Retrieving connection 'books_connection'
[2024-08-20T04:45:12.367+0000] {sql.py:509} INFO - Running statement: 
    INSERT INTO books (title, authors, price, rating)
    VALUES (%s, %s, %s, %s)
    , parameters: ('Feature Engineering for Machine Learning: Principles and Techniques for Data Scientists', 'Alice Zheng', '41.', '4.4 out of 5 stars')
[2024-08-20T04:45:12.370+0000] {sql.py:518} INFO - Rows affected: 1
[2024-08-20T04:45:12.378+0000] {base.py:84} INFO - Retrieving connection 'books_connection'
[2024-08-20T04:45:12.386+0000] {sql.py:509} INFO - Running statement: 
    INSERT INTO books (title, authors, price, rating)
    VALUES (%s, %s, %s, %s)
    , parameters: ('SQL Data Analytics Made Easy: Your Step-by-Step Guide to Unlocking Data’s Hidden Secrets: Demystify complex concepts, and harness the power of data to drive intelligent decision-making effortlessly.', 'L.D. Knowings', '14.', '4.1 out of 5 stars')
[2024-08-20T04:45:12.388+0000] {sql.py:518} INFO - Rows affected: 1
[2024-08-20T04:45:12.402+0000] {base.py:84} INFO - Retrieving connection 'books_connection'
[2024-08-20T04:45:12.410+0000] {sql.py:509} INFO - Running statement: 
    INSERT INTO books (title, authors, price, rating)
    VALUES (%s, %s, %s, %s)
    , parameters: ('Engineers Survival Guide: Advice, tactics, and tricks After a decade of working at Facebook, Snapchat, and Microsoft', 'Merih Taze', '29.', '4.4 out of 5 stars')
[2024-08-20T04:45:12.413+0000] {sql.py:518} INFO - Rows affected: 1
[2024-08-20T04:45:12.423+0000] {base.py:84} INFO - Retrieving connection 'books_connection'
[2024-08-20T04:45:12.427+0000] {sql.py:509} INFO - Running statement: 
    INSERT INTO books (title, authors, price, rating)
    VALUES (%s, %s, %s, %s)
    , parameters: ('AWS Certified Data Analytics Study Guide: Specialty (DAS-C01) Exam', 'Asif Abbasi', '31.', '4.6 out of 5 stars')
[2024-08-20T04:45:12.429+0000] {sql.py:518} INFO - Rows affected: 1
[2024-08-20T04:45:12.444+0000] {base.py:84} INFO - Retrieving connection 'books_connection'
[2024-08-20T04:45:12.448+0000] {sql.py:509} INFO - Running statement: 
    INSERT INTO books (title, authors, price, rating)
    VALUES (%s, %s, %s, %s)
    , parameters: ('Modeling and Simulation in Python: An Introduction for Scientists and Engineers', 'Allen B. Downey', '32.', '4.5 out of 5 stars')
[2024-08-20T04:45:12.450+0000] {sql.py:518} INFO - Rows affected: 1
[2024-08-20T04:45:12.459+0000] {base.py:84} INFO - Retrieving connection 'books_connection'
[2024-08-20T04:45:12.463+0000] {sql.py:509} INFO - Running statement: 
    INSERT INTO books (title, authors, price, rating)
    VALUES (%s, %s, %s, %s)
    , parameters: ('Data Science: The Hard Parts: Techniques for Excelling at Data Science', 'Daniel Vaughan', '48.', '5.0 out of 5 stars')
[2024-08-20T04:45:12.465+0000] {sql.py:518} INFO - Rows affected: 1
[2024-08-20T04:45:12.475+0000] {base.py:84} INFO - Retrieving connection 'books_connection'
[2024-08-20T04:45:12.479+0000] {sql.py:509} INFO - Running statement: 
    INSERT INTO books (title, authors, price, rating)
    VALUES (%s, %s, %s, %s)
    , parameters: ('Ultimate Azure Data Engineering: Build Robust Data Engineering Systems on Azure with SQL, ETL, Data Modeling, and Power BI for Business Insights and Crack Azure Certifications (English Edition)', 'Ashish Agarwal', '39.', '5.0 out of 5 stars')
[2024-08-20T04:45:12.481+0000] {sql.py:518} INFO - Rows affected: 1
[2024-08-20T04:45:12.490+0000] {base.py:84} INFO - Retrieving connection 'books_connection'
[2024-08-20T04:45:12.494+0000] {sql.py:509} INFO - Running statement: 
    INSERT INTO books (title, authors, price, rating)
    VALUES (%s, %s, %s, %s)
    , parameters: ('Architecting Data and Machine Learning Platforms: Enable Analytics and AI-Driven Innovation in the Cloud', 'Marco Tranquillin', '37.', '4.3 out of 5 stars')
[2024-08-20T04:45:12.495+0000] {sql.py:518} INFO - Rows affected: 1
[2024-08-20T04:45:12.504+0000] {base.py:84} INFO - Retrieving connection 'books_connection'
[2024-08-20T04:45:12.508+0000] {sql.py:509} INFO - Running statement: 
    INSERT INTO books (title, authors, price, rating)
    VALUES (%s, %s, %s, %s)
    , parameters: ('50 Algorithms Every Programmer Should Know - Second Edition: An unbeatable arsenal of algorithmic solutions for real-world problems', 'Imran Ahmad', '37.', '4.4 out of 5 stars')
[2024-08-20T04:45:12.509+0000] {sql.py:518} INFO - Rows affected: 1
[2024-08-20T04:45:12.518+0000] {base.py:84} INFO - Retrieving connection 'books_connection'
[2024-08-20T04:45:12.522+0000] {sql.py:509} INFO - Running statement: 
    INSERT INTO books (title, authors, price, rating)
    VALUES (%s, %s, %s, %s)
    , parameters: ('Data Management at Scale: Modern Data Architecture with Data Mesh and Data Fabric', 'Piethein Strengholt', '47.', '4.5 out of 5 stars')
[2024-08-20T04:45:12.524+0000] {sql.py:518} INFO - Rows affected: 1
[2024-08-20T04:45:12.532+0000] {base.py:84} INFO - Retrieving connection 'books_connection'
[2024-08-20T04:45:12.536+0000] {sql.py:509} INFO - Running statement: 
    INSERT INTO books (title, authors, price, rating)
    VALUES (%s, %s, %s, %s)
    , parameters: ('Hypothesis Testing: An Intuitive Guide for Making Data Driven Decisions', 'Jim Frost', '23.', '4.5 out of 5 stars')
[2024-08-20T04:45:12.538+0000] {sql.py:518} INFO - Rows affected: 1
[2024-08-20T04:45:12.545+0000] {base.py:84} INFO - Retrieving connection 'books_connection'
[2024-08-20T04:45:12.550+0000] {sql.py:509} INFO - Running statement: 
    INSERT INTO books (title, authors, price, rating)
    VALUES (%s, %s, %s, %s)
    , parameters: ('Data-Centric Machine Learning with Python: The ultimate guide to engineering and deploying high-quality models based on good data', 'Jonas Christensen', '49.', '4.6 out of 5 stars')
[2024-08-20T04:45:12.551+0000] {sql.py:518} INFO - Rows affected: 1
[2024-08-20T04:45:12.562+0000] {base.py:84} INFO - Retrieving connection 'books_connection'
[2024-08-20T04:45:12.566+0000] {sql.py:509} INFO - Running statement: 
    INSERT INTO books (title, authors, price, rating)
    VALUES (%s, %s, %s, %s)
    , parameters: ('The Art of Doing Science and Engineering: Learning to Learn', 'Richard W. Hamming', '19.', '4.6 out of 5 stars')
[2024-08-20T04:45:12.567+0000] {sql.py:518} INFO - Rows affected: 1
[2024-08-20T04:45:12.575+0000] {base.py:84} INFO - Retrieving connection 'books_connection'
[2024-08-20T04:45:12.579+0000] {sql.py:509} INFO - Running statement: 
    INSERT INTO books (title, authors, price, rating)
    VALUES (%s, %s, %s, %s)
    , parameters: ('Designing Cloud Data Platforms', 'Audible Audiobook', '0.', '4.7 out of 5 stars')
[2024-08-20T04:45:12.581+0000] {sql.py:518} INFO - Rows affected: 1
[2024-08-20T04:45:12.589+0000] {base.py:84} INFO - Retrieving connection 'books_connection'
[2024-08-20T04:45:12.593+0000] {sql.py:509} INFO - Running statement: 
    INSERT INTO books (title, authors, price, rating)
    VALUES (%s, %s, %s, %s)
    , parameters: ('Practical Fraud Prevention: Fraud and AML Analytics for Fintech and eCommerce, Using SQL and Python', 'Gilit Saporta', '47.', '4.4 out of 5 stars')
[2024-08-20T04:45:12.594+0000] {sql.py:518} INFO - Rows affected: 1
[2024-08-20T04:45:12.603+0000] {base.py:84} INFO - Retrieving connection 'books_connection'
[2024-08-20T04:45:12.607+0000] {sql.py:509} INFO - Running statement: 
    INSERT INTO books (title, authors, price, rating)
    VALUES (%s, %s, %s, %s)
    , parameters: ('Understanding Cryptography: A Textbook for Students and Practitioners', 'Christof Paar', '29.', '4.6 out of 5 stars')
[2024-08-20T04:45:12.608+0000] {sql.py:518} INFO - Rows affected: 1
[2024-08-20T04:45:12.616+0000] {base.py:84} INFO - Retrieving connection 'books_connection'
[2024-08-20T04:45:12.621+0000] {sql.py:509} INFO - Running statement: 
    INSERT INTO books (title, authors, price, rating)
    VALUES (%s, %s, %s, %s)
    , parameters: ('Observability Engineering: Achieving Production Excellence', 'Charity Majors', '34.', '4.3 out of 5 stars')
[2024-08-20T04:45:12.622+0000] {sql.py:518} INFO - Rows affected: 1
[2024-08-20T04:45:12.630+0000] {base.py:84} INFO - Retrieving connection 'books_connection'
[2024-08-20T04:45:12.634+0000] {sql.py:509} INFO - Running statement: 
    INSERT INTO books (title, authors, price, rating)
    VALUES (%s, %s, %s, %s)
    , parameters: ('Building ETL Pipelines with Python: Create and deploy enterprise-ready ETL pipelines by employing modern methods', 'Brij Kishore Pandey', '17.', '4.2 out of 5 stars')
[2024-08-20T04:45:12.636+0000] {sql.py:518} INFO - Rows affected: 1
[2024-08-20T04:45:12.645+0000] {base.py:84} INFO - Retrieving connection 'books_connection'
[2024-08-20T04:45:12.649+0000] {sql.py:509} INFO - Running statement: 
    INSERT INTO books (title, authors, price, rating)
    VALUES (%s, %s, %s, %s)
    , parameters: ('Practical Reverse Engineering: x86, x64, ARM, Windows Kernel, Reversing Tools, and Obfuscation', 'Bruce Dang', '34.', '4.6 out of 5 stars')
[2024-08-20T04:45:12.650+0000] {sql.py:518} INFO - Rows affected: 1
[2024-08-20T04:45:12.659+0000] {base.py:84} INFO - Retrieving connection 'books_connection'
[2024-08-20T04:45:12.663+0000] {sql.py:509} INFO - Running statement: 
    INSERT INTO books (title, authors, price, rating)
    VALUES (%s, %s, %s, %s)
    , parameters: ('Mastering Databricks Lakehouse Platform: Perform Data Warehousing, Data Engineering, Machine Learning, DevOps, and BI into a Single Platform (English Edition)', 'Sagar Lad', '26.', '3.6 out of 5 stars')
[2024-08-20T04:45:12.664+0000] {sql.py:518} INFO - Rows affected: 1
[2024-08-20T04:45:12.672+0000] {base.py:84} INFO - Retrieving connection 'books_connection'
[2024-08-20T04:45:12.676+0000] {sql.py:509} INFO - Running statement: 
    INSERT INTO books (title, authors, price, rating)
    VALUES (%s, %s, %s, %s)
    , parameters: ("Storytelling with Data: Let's Practice!", 'Cole Nussbaumer Knaflic', '28.', '4.7 out of 5 stars')
[2024-08-20T04:45:12.677+0000] {sql.py:518} INFO - Rows affected: 1
[2024-08-20T04:45:12.685+0000] {base.py:84} INFO - Retrieving connection 'books_connection'
[2024-08-20T04:45:12.689+0000] {sql.py:509} INFO - Running statement: 
    INSERT INTO books (title, authors, price, rating)
    VALUES (%s, %s, %s, %s)
    , parameters: ('The Data Model Resource Book, Vol. 2: A Library of Data Models for Specific Industries', 'Len Silverston', '68.', '4.1 out of 5 stars')
[2024-08-20T04:45:12.691+0000] {sql.py:518} INFO - Rows affected: 1
[2024-08-20T04:45:12.700+0000] {base.py:84} INFO - Retrieving connection 'books_connection'
[2024-08-20T04:45:12.703+0000] {sql.py:509} INFO - Running statement: 
    INSERT INTO books (title, authors, price, rating)
    VALUES (%s, %s, %s, %s)
    , parameters: ('Systems Engineering Demystified - Second Edition: Apply modern, model-based systems engineering techniques to build complex systems', 'Jon Holt', '45.', '4.7 out of 5 stars')
[2024-08-20T04:45:12.705+0000] {sql.py:518} INFO - Rows affected: 1
[2024-08-20T04:45:12.714+0000] {base.py:84} INFO - Retrieving connection 'books_connection'
[2024-08-20T04:45:12.718+0000] {sql.py:509} INFO - Running statement: 
    INSERT INTO books (title, authors, price, rating)
    VALUES (%s, %s, %s, %s)
    , parameters: ('Python Feature Engineering Cookbook: Over 70 recipes for creating, engineering, and transforming features to build machine learning models, 2nd Edition', 'Soledad Galli', '44.', '4.4 out of 5 stars')
[2024-08-20T04:45:12.720+0000] {sql.py:518} INFO - Rows affected: 1
[2024-08-20T04:45:12.729+0000] {base.py:84} INFO - Retrieving connection 'books_connection'
[2024-08-20T04:45:12.732+0000] {sql.py:509} INFO - Running statement: 
    INSERT INTO books (title, authors, price, rating)
    VALUES (%s, %s, %s, %s)
    , parameters: ('The Definitive Guide to Azure Data Engineering: Modern ELT, DevOps, and Analytics on the Azure Cloud Platform', "Ron C. L'Esteve", '36.', '3.8 out of 5 stars')
[2024-08-20T04:45:12.734+0000] {sql.py:518} INFO - Rows affected: 1
[2024-08-20T04:45:12.743+0000] {base.py:84} INFO - Retrieving connection 'books_connection'
[2024-08-20T04:45:12.748+0000] {sql.py:509} INFO - Running statement: 
    INSERT INTO books (title, authors, price, rating)
    VALUES (%s, %s, %s, %s)
    , parameters: ("Everything Data Analytics A Beginner's Guide to Data Literacy: Understanding the Processes That Turn Data Into Insights", 'Audible Audiobook', '0.', '4.4 out of 5 stars')
[2024-08-20T04:45:12.750+0000] {sql.py:518} INFO - Rows affected: 1
[2024-08-20T04:45:12.759+0000] {base.py:84} INFO - Retrieving connection 'books_connection'
[2024-08-20T04:45:12.763+0000] {sql.py:509} INFO - Running statement: 
    INSERT INTO books (title, authors, price, rating)
    VALUES (%s, %s, %s, %s)
    , parameters: ('Data Juice: 101 Stories of How Organizations Are Squeezing Value from Available Data Assets', 'Douglas B. Laney', '27.', '4.1 out of 5 stars')
[2024-08-20T04:45:12.765+0000] {sql.py:518} INFO - Rows affected: 1
[2024-08-20T04:45:12.774+0000] {base.py:84} INFO - Retrieving connection 'books_connection'
[2024-08-20T04:45:12.778+0000] {sql.py:509} INFO - Running statement: 
    INSERT INTO books (title, authors, price, rating)
    VALUES (%s, %s, %s, %s)
    , parameters: ('The Data Model Resource Book, Vol. 1: A Library of Universal Data Models for All Enterprises', 'Len Silverston', '63.', '4.3 out of 5 stars')
[2024-08-20T04:45:12.780+0000] {sql.py:518} INFO - Rows affected: 1
[2024-08-20T04:45:12.790+0000] {base.py:84} INFO - Retrieving connection 'books_connection'
[2024-08-20T04:45:12.794+0000] {sql.py:509} INFO - Running statement: 
    INSERT INTO books (title, authors, price, rating)
    VALUES (%s, %s, %s, %s)
    , parameters: ('Practical Data Quality: Learn practical, real-world strategies to transform the quality of data in your organization', 'Robert Hawker', '17.', '4.8 out of 5 stars')
[2024-08-20T04:45:12.796+0000] {sql.py:518} INFO - Rows affected: 1
[2024-08-20T04:45:12.812+0000] {base.py:84} INFO - Retrieving connection 'books_connection'
[2024-08-20T04:45:12.819+0000] {sql.py:509} INFO - Running statement: 
    INSERT INTO books (title, authors, price, rating)
    VALUES (%s, %s, %s, %s)
    , parameters: ('Data Analytics for Absolute Beginners: Make Decisions Using Every Variable: (Introduction to Data, Data Visualization, Business Intelligence & Machine ... Science, Python & Statistics for Beginners)', 'Kindle', '0.', '4.5 out of 5 stars')
[2024-08-20T04:45:12.822+0000] {sql.py:518} INFO - Rows affected: 1
[2024-08-20T04:45:12.831+0000] {base.py:84} INFO - Retrieving connection 'books_connection'
[2024-08-20T04:45:12.835+0000] {sql.py:509} INFO - Running statement: 
    INSERT INTO books (title, authors, price, rating)
    VALUES (%s, %s, %s, %s)
    , parameters: ('Disrupting Data Governance: A Call to Action', 'Audible Audiobook', '0.', '4.4 out of 5 stars')
[2024-08-20T04:45:12.837+0000] {sql.py:518} INFO - Rows affected: 1
[2024-08-20T04:45:12.845+0000] {base.py:84} INFO - Retrieving connection 'books_connection'
[2024-08-20T04:45:12.849+0000] {sql.py:509} INFO - Running statement: 
    INSERT INTO books (title, authors, price, rating)
    VALUES (%s, %s, %s, %s)
    , parameters: ('Microsoft Azure Data Engineering: The Big Reference Guide (The Data Engineering Series)', 'Kindle', '0.', '4.6 out of 5 stars')
[2024-08-20T04:45:12.851+0000] {sql.py:518} INFO - Rows affected: 1
[2024-08-20T04:45:12.853+0000] {python.py:240} INFO - Done. Returned value was: None
[2024-08-20T04:45:12.864+0000] {taskinstance.py:340} INFO - ::group::Post task execution logs
[2024-08-20T04:45:12.865+0000] {taskinstance.py:352} INFO - Marking task as SUCCESS. dag_id=fetch_and_store_DE_books, task_id=insert_book_data, run_id=scheduled__2024-07-25T00:00:00+00:00, execution_date=20240725T000000, start_date=20240820T044510, end_date=20240820T044512
[2024-08-20T04:45:12.877+0000] {logging_mixin.py:190} INFO - Task instance in success state
[2024-08-20T04:45:12.878+0000] {logging_mixin.py:190} INFO -  Previous state of the Task instance: running
[2024-08-20T04:45:12.879+0000] {logging_mixin.py:190} INFO - Dag name:fetch_and_store_DE_books queued_at:2024-08-20 04:44:57.344006+00:00
[2024-08-20T04:45:12.879+0000] {logging_mixin.py:190} INFO - Task hostname:668944ed7238 operator:PythonOperator
[2024-08-20T04:45:12.890+0000] {local_task_job_runner.py:261} INFO - Task exited with return code 0
[2024-08-20T04:45:12.909+0000] {taskinstance.py:3891} INFO - 0 downstream tasks scheduled from follow-on schedule check
[2024-08-20T04:45:12.912+0000] {local_task_job_runner.py:240} INFO - ::endgroup::
