[2024-08-20T04:43:08.956+0000] {local_task_job_runner.py:123} INFO - ::group::Pre task execution logs
[2024-08-20T04:43:08.979+0000] {taskinstance.py:2603} INFO - Dependencies all met for dep_context=non-requeueable deps ti=<TaskInstance: fetch_and_store_DE_books.insert_book_data scheduled__2024-07-06T00:00:00+00:00 [queued]>
[2024-08-20T04:43:08.993+0000] {taskinstance.py:2603} INFO - Dependencies all met for dep_context=requeueable deps ti=<TaskInstance: fetch_and_store_DE_books.insert_book_data scheduled__2024-07-06T00:00:00+00:00 [queued]>
[2024-08-20T04:43:08.994+0000] {taskinstance.py:2856} INFO - Starting attempt 1 of 2
[2024-08-20T04:43:09.012+0000] {taskinstance.py:2879} INFO - Executing <Task(PythonOperator): insert_book_data> on 2024-07-06 00:00:00+00:00
[2024-08-20T04:43:09.022+0000] {warnings.py:112} WARNING - /home/***/.local/lib/python3.12/site-packages/***/task/task_runner/standard_task_runner.py:70: DeprecationWarning: This process (pid=807) is multi-threaded, use of fork() may lead to deadlocks in the child.
  pid = os.fork()

[2024-08-20T04:43:09.025+0000] {standard_task_runner.py:72} INFO - Started process 812 to run task
[2024-08-20T04:43:09.025+0000] {standard_task_runner.py:104} INFO - Running: ['***', 'tasks', 'run', 'fetch_and_store_DE_books', 'insert_book_data', 'scheduled__2024-07-06T00:00:00+00:00', '--job-id', '24', '--raw', '--subdir', 'DAGS_FOLDER/app.py', '--cfg-path', '/tmp/tmpsrq45gdx']
[2024-08-20T04:43:09.026+0000] {standard_task_runner.py:105} INFO - Job 24: Subtask insert_book_data
[2024-08-20T04:43:09.082+0000] {task_command.py:467} INFO - Running <TaskInstance: fetch_and_store_DE_books.insert_book_data scheduled__2024-07-06T00:00:00+00:00 [running]> on host 668944ed7238
[2024-08-20T04:43:09.326+0000] {taskinstance.py:3122} INFO - Exporting env vars: AIRFLOW_CTX_DAG_OWNER='***' AIRFLOW_CTX_DAG_ID='fetch_and_store_DE_books' AIRFLOW_CTX_TASK_ID='insert_book_data' AIRFLOW_CTX_EXECUTION_DATE='2024-07-06T00:00:00+00:00' AIRFLOW_CTX_TRY_NUMBER='1' AIRFLOW_CTX_DAG_RUN_ID='scheduled__2024-07-06T00:00:00+00:00'
[2024-08-20T04:43:09.329+0000] {logging_mixin.py:190} INFO - Task instance is in running state
[2024-08-20T04:43:09.331+0000] {logging_mixin.py:190} INFO -  Previous state of the Task instance: queued
[2024-08-20T04:43:09.332+0000] {logging_mixin.py:190} INFO - Current task name:insert_book_data state:running start_date:2024-08-20 04:43:08.980572+00:00
[2024-08-20T04:43:09.333+0000] {logging_mixin.py:190} INFO - Dag name:fetch_and_store_DE_books and current dag run status:running
[2024-08-20T04:43:09.334+0000] {taskinstance.py:731} INFO - ::endgroup::
[2024-08-20T04:43:09.364+0000] {base.py:84} INFO - Retrieving connection 'books_connection'
[2024-08-20T04:43:09.370+0000] {sql.py:509} INFO - Running statement: 
    INSERT INTO books (title, authors, price, rating)
    VALUES (%s, %s, %s, %s)
    , parameters: ('Ace the Data Engineering Interview: Questions and Answers for Python, SQL, Data Modeling and More', 'Sean Coyne', '24.', '4.1 out of 5 stars')
[2024-08-20T04:43:09.373+0000] {sql.py:518} INFO - Rows affected: 1
[2024-08-20T04:43:09.385+0000] {base.py:84} INFO - Retrieving connection 'books_connection'
[2024-08-20T04:43:09.390+0000] {sql.py:509} INFO - Running statement: 
    INSERT INTO books (title, authors, price, rating)
    VALUES (%s, %s, %s, %s)
    , parameters: ('Data Engineering with AWS - Second Edition: Acquire the skills to design and build AWS-based data transformation pipelines like a pro', 'Gareth Eagar', '41.', '4.4 out of 5 stars')
[2024-08-20T04:43:09.394+0000] {sql.py:518} INFO - Rows affected: 1
[2024-08-20T04:43:09.412+0000] {base.py:84} INFO - Retrieving connection 'books_connection'
[2024-08-20T04:43:09.417+0000] {sql.py:509} INFO - Running statement: 
    INSERT INTO books (title, authors, price, rating)
    VALUES (%s, %s, %s, %s)
    , parameters: ('Data Engineering with Databricks Cookbook: Build effective data and AI solutions using Apache Spark, Databricks, and Delta Lake', 'Pulkit Chadha', '42.', '4.2 out of 5 stars')
[2024-08-20T04:43:09.419+0000] {sql.py:518} INFO - Rows affected: 1
[2024-08-20T04:43:09.437+0000] {base.py:84} INFO - Retrieving connection 'books_connection'
[2024-08-20T04:43:09.442+0000] {sql.py:509} INFO - Running statement: 
    INSERT INTO books (title, authors, price, rating)
    VALUES (%s, %s, %s, %s)
    , parameters: ('Azure Data Engineer Associate Certification Guide: Ace the DP-203 exam with advanced data engineering skills', 'Giacinto Palmieri', '39.', '4.5 out of 5 stars')
[2024-08-20T04:43:09.445+0000] {sql.py:518} INFO - Rows affected: 1
[2024-08-20T04:43:09.457+0000] {base.py:84} INFO - Retrieving connection 'books_connection'
[2024-08-20T04:43:09.465+0000] {sql.py:509} INFO - Running statement: 
    INSERT INTO books (title, authors, price, rating)
    VALUES (%s, %s, %s, %s)
    , parameters: ('Fundamentals of Data Engineering: Plan and Build Robust Data Systems', 'Joe Reis', '38.', '4.7 out of 5 stars')
[2024-08-20T04:43:09.467+0000] {sql.py:518} INFO - Rows affected: 1
[2024-08-20T04:43:09.482+0000] {base.py:84} INFO - Retrieving connection 'books_connection'
[2024-08-20T04:43:09.487+0000] {sql.py:509} INFO - Running statement: 
    INSERT INTO books (title, authors, price, rating)
    VALUES (%s, %s, %s, %s)
    , parameters: ('Data Pipelines Pocket Reference: Moving and Processing Data for Analytics', 'James Densmore', '17.', '4.5 out of 5 stars')
[2024-08-20T04:43:09.489+0000] {sql.py:518} INFO - Rows affected: 1
[2024-08-20T04:43:09.505+0000] {base.py:84} INFO - Retrieving connection 'books_connection'
[2024-08-20T04:43:09.510+0000] {sql.py:509} INFO - Running statement: 
    INSERT INTO books (title, authors, price, rating)
    VALUES (%s, %s, %s, %s)
    , parameters: ('Designing Data-Intensive Applications: The Big Ideas Behind Reliable, Scalable, and Maintainable Systems', 'Martin Kleppmann', '35.', '4.8 out of 5 stars')
[2024-08-20T04:43:09.514+0000] {sql.py:518} INFO - Rows affected: 1
[2024-08-20T04:43:09.532+0000] {base.py:84} INFO - Retrieving connection 'books_connection'
[2024-08-20T04:43:09.537+0000] {sql.py:509} INFO - Running statement: 
    INSERT INTO books (title, authors, price, rating)
    VALUES (%s, %s, %s, %s)
    , parameters: ('Data Engineering with Python: Work with massive datasets to design data models and automate data pipelines using Python', 'Paul Crickard', '37.', '4.1 out of 5 stars')
[2024-08-20T04:43:09.541+0000] {sql.py:518} INFO - Rows affected: 1
[2024-08-20T04:43:09.553+0000] {base.py:84} INFO - Retrieving connection 'books_connection'
[2024-08-20T04:43:09.559+0000] {sql.py:509} INFO - Running statement: 
    INSERT INTO books (title, authors, price, rating)
    VALUES (%s, %s, %s, %s)
    , parameters: ('Data Engineering with Python cookbook: Learn to build efficient data pipelines using the Modern Cloud Data Stack', 'Adithyan Ramanujakootam', '29.', '5.0 out of 5 stars')
[2024-08-20T04:43:09.562+0000] {sql.py:518} INFO - Rows affected: 1
[2024-08-20T04:43:09.577+0000] {base.py:84} INFO - Retrieving connection 'books_connection'
[2024-08-20T04:43:09.581+0000] {sql.py:509} INFO - Running statement: 
    INSERT INTO books (title, authors, price, rating)
    VALUES (%s, %s, %s, %s)
    , parameters: ('Cracking the Data Engineering Interview: Land your dream job with the help of resume-building tips, over 100 mock questions, and a unique portfolio', 'Kedeisha Bryan', '26.', '4.4 out of 5 stars')
[2024-08-20T04:43:09.584+0000] {sql.py:518} INFO - Rows affected: 1
[2024-08-20T04:43:09.595+0000] {base.py:84} INFO - Retrieving connection 'books_connection'
[2024-08-20T04:43:09.599+0000] {sql.py:509} INFO - Running statement: 
    INSERT INTO books (title, authors, price, rating)
    VALUES (%s, %s, %s, %s)
    , parameters: ('Data Engineering with AWS: Learn how to design and build cloud-based data transformation pipelines using AWS', 'Gareth Eagar', '49.', '4.4 out of 5 stars')
[2024-08-20T04:43:09.601+0000] {sql.py:518} INFO - Rows affected: 1
[2024-08-20T04:43:09.615+0000] {base.py:84} INFO - Retrieving connection 'books_connection'
[2024-08-20T04:43:09.625+0000] {sql.py:509} INFO - Running statement: 
    INSERT INTO books (title, authors, price, rating)
    VALUES (%s, %s, %s, %s)
    , parameters: ('Software Engineering for Data Scientists: From Notebooks to Scalable Systems', 'Catherine Nelson', '52.', '4.5 out of 5 stars')
[2024-08-20T04:43:09.629+0000] {sql.py:518} INFO - Rows affected: 1
[2024-08-20T04:43:09.644+0000] {base.py:84} INFO - Retrieving connection 'books_connection'
[2024-08-20T04:43:09.655+0000] {sql.py:509} INFO - Running statement: 
    INSERT INTO books (title, authors, price, rating)
    VALUES (%s, %s, %s, %s)
    , parameters: ('Data Engineering with Google Cloud Platform: A guide to leveling up as a data engineer by building a scalable data platform with Google Cloud', 'Adi Wijaya', '41.', '5.0 out of 5 stars')
[2024-08-20T04:43:09.659+0000] {sql.py:518} INFO - Rows affected: 1
[2024-08-20T04:43:09.674+0000] {base.py:84} INFO - Retrieving connection 'books_connection'
[2024-08-20T04:43:09.679+0000] {sql.py:509} INFO - Running statement: 
    INSERT INTO books (title, authors, price, rating)
    VALUES (%s, %s, %s, %s)
    , parameters: ('Driving Data Quality with Data Contracts: A comprehensive guide to building reliable, trusted, and effective data platforms', 'Andrew Jones', '28.', '4.6 out of 5 stars')
[2024-08-20T04:43:09.681+0000] {sql.py:518} INFO - Rows affected: 1
[2024-08-20T04:43:09.696+0000] {base.py:84} INFO - Retrieving connection 'books_connection'
[2024-08-20T04:43:09.702+0000] {sql.py:509} INFO - Running statement: 
    INSERT INTO books (title, authors, price, rating)
    VALUES (%s, %s, %s, %s)
    , parameters: ('Mastering Large Datasets with Python: Parallelize and Distribute Your Python Code', 'John T. Wolohan', '49.', '3.9 out of 5 stars')
[2024-08-20T04:43:09.704+0000] {sql.py:518} INFO - Rows affected: 1
[2024-08-20T04:43:09.717+0000] {base.py:84} INFO - Retrieving connection 'books_connection'
[2024-08-20T04:43:09.723+0000] {sql.py:509} INFO - Running statement: 
    INSERT INTO books (title, authors, price, rating)
    VALUES (%s, %s, %s, %s)
    , parameters: ('Build a Career in Data Science', 'Emily Robinson', '35.', '4.6 out of 5 stars')
[2024-08-20T04:43:09.727+0000] {sql.py:518} INFO - Rows affected: 1
[2024-08-20T04:43:09.751+0000] {base.py:84} INFO - Retrieving connection 'books_connection'
[2024-08-20T04:43:09.767+0000] {sql.py:509} INFO - Running statement: 
    INSERT INTO books (title, authors, price, rating)
    VALUES (%s, %s, %s, %s)
    , parameters: ('Data Analysis with Python and PySpark', 'Jonathan Rioux', '55.', '4.4 out of 5 stars')
[2024-08-20T04:43:09.770+0000] {sql.py:518} INFO - Rows affected: 1
[2024-08-20T04:43:09.785+0000] {base.py:84} INFO - Retrieving connection 'books_connection'
[2024-08-20T04:43:09.794+0000] {sql.py:509} INFO - Running statement: 
    INSERT INTO books (title, authors, price, rating)
    VALUES (%s, %s, %s, %s)
    , parameters: ('Data Privacy: A runbook for engineers', 'Nishant Bhajaria', '32.', '4.8 out of 5 stars')
[2024-08-20T04:43:09.796+0000] {sql.py:518} INFO - Rows affected: 1
[2024-08-20T04:43:09.810+0000] {base.py:84} INFO - Retrieving connection 'books_connection'
[2024-08-20T04:43:09.816+0000] {sql.py:509} INFO - Running statement: 
    INSERT INTO books (title, authors, price, rating)
    VALUES (%s, %s, %s, %s)
    , parameters: ('Data Engineering 101', 'Paperback', '22.', '5.0 out of 5 stars')
[2024-08-20T04:43:09.819+0000] {sql.py:518} INFO - Rows affected: 1
[2024-08-20T04:43:09.842+0000] {base.py:84} INFO - Retrieving connection 'books_connection'
[2024-08-20T04:43:09.848+0000] {sql.py:509} INFO - Running statement: 
    INSERT INTO books (title, authors, price, rating)
    VALUES (%s, %s, %s, %s)
    , parameters: ('Data Engineering with dbt: A practical guide to building a cloud-based, pragmatic, and dependable data platform with SQL', 'Roberto Zagni', '37.', '4.6 out of 5 stars')
[2024-08-20T04:43:09.850+0000] {sql.py:518} INFO - Rows affected: 1
[2024-08-20T04:43:09.862+0000] {base.py:84} INFO - Retrieving connection 'books_connection'
[2024-08-20T04:43:09.877+0000] {sql.py:509} INFO - Running statement: 
    INSERT INTO books (title, authors, price, rating)
    VALUES (%s, %s, %s, %s)
    , parameters: ('Data-Driven Science and Engineering: Machine Learning, Dynamical Systems, and Control', 'Steven L. Brunton', '64.', '4.7 out of 5 stars')
[2024-08-20T04:43:09.882+0000] {sql.py:518} INFO - Rows affected: 1
[2024-08-20T04:43:09.903+0000] {base.py:84} INFO - Retrieving connection 'books_connection'
[2024-08-20T04:43:09.916+0000] {sql.py:509} INFO - Running statement: 
    INSERT INTO books (title, authors, price, rating)
    VALUES (%s, %s, %s, %s)
    , parameters: ('DATA ENGINEERING AND AI FOR BEGINNERS: Revolutionizing Data Processing and Analytics by Leveraging Artificial Intelligence for Efficient Input Collection, Storage, and Transformation (World of AI)', 'Paperback', '13.', '4.4 out of 5 stars')
[2024-08-20T04:43:09.920+0000] {sql.py:518} INFO - Rows affected: 1
[2024-08-20T04:43:09.948+0000] {base.py:84} INFO - Retrieving connection 'books_connection'
[2024-08-20T04:43:09.964+0000] {sql.py:509} INFO - Running statement: 
    INSERT INTO books (title, authors, price, rating)
    VALUES (%s, %s, %s, %s)
    , parameters: ('Data Mesh: Delivering Data-Driven Value at Scale', 'Zhamak Dehghani', '43.', '4.5 out of 5 stars')
[2024-08-20T04:43:09.966+0000] {sql.py:518} INFO - Rows affected: 1
[2024-08-20T04:43:09.980+0000] {base.py:84} INFO - Retrieving connection 'books_connection'
[2024-08-20T04:43:09.991+0000] {sql.py:509} INFO - Running statement: 
    INSERT INTO books (title, authors, price, rating)
    VALUES (%s, %s, %s, %s)
    , parameters: ('Data Engineering with Apache Spark, Delta Lake, and Lakehouse: Create scalable pipelines that ingest, curate, and aggregate complex data in a timely and secure way', 'Manoj Kukreja', '29.', '3.9 out of 5 stars')
[2024-08-20T04:43:09.994+0000] {sql.py:518} INFO - Rows affected: 1
[2024-08-20T04:43:10.005+0000] {base.py:84} INFO - Retrieving connection 'books_connection'
[2024-08-20T04:43:10.013+0000] {sql.py:509} INFO - Running statement: 
    INSERT INTO books (title, authors, price, rating)
    VALUES (%s, %s, %s, %s)
    , parameters: ('Machine Learning Engineering', 'Andriy Burkov', '39.', '4.7 out of 5 stars')
[2024-08-20T04:43:10.015+0000] {sql.py:518} INFO - Rows affected: 1
[2024-08-20T04:43:10.037+0000] {base.py:84} INFO - Retrieving connection 'books_connection'
[2024-08-20T04:43:10.049+0000] {sql.py:509} INFO - Running statement: 
    INSERT INTO books (title, authors, price, rating)
    VALUES (%s, %s, %s, %s)
    , parameters: ('The Enterprise Data Catalog: Improve Data Discovery, Ensure Data Governance, and Enable Innovation', 'Ole Olesen-Bagneux', '31.', '4.5 out of 5 stars')
[2024-08-20T04:43:10.052+0000] {sql.py:518} INFO - Rows affected: 1
[2024-08-20T04:43:10.088+0000] {base.py:84} INFO - Retrieving connection 'books_connection'
[2024-08-20T04:43:10.099+0000] {sql.py:509} INFO - Running statement: 
    INSERT INTO books (title, authors, price, rating)
    VALUES (%s, %s, %s, %s)
    , parameters: ('Data Engineering with Databricks', 'Paperback', '25.', '3.4 out of 5 stars')
[2024-08-20T04:43:10.101+0000] {sql.py:518} INFO - Rows affected: 1
[2024-08-20T04:43:10.114+0000] {base.py:84} INFO - Retrieving connection 'books_connection'
[2024-08-20T04:43:10.119+0000] {sql.py:509} INFO - Running statement: 
    INSERT INTO books (title, authors, price, rating)
    VALUES (%s, %s, %s, %s)
    , parameters: ('Ace the Data Science Interview: 201 Real Interview Questions Asked By FAANG, Tech Startups, & Wall Street', 'Nick Singh', '42.', '4.5 out of 5 stars')
[2024-08-20T04:43:10.123+0000] {sql.py:518} INFO - Rows affected: 1
[2024-08-20T04:43:10.140+0000] {base.py:84} INFO - Retrieving connection 'books_connection'
[2024-08-20T04:43:10.148+0000] {sql.py:509} INFO - Running statement: 
    INSERT INTO books (title, authors, price, rating)
    VALUES (%s, %s, %s, %s)
    , parameters: ('Modern Data Engineering with Apache Spark: A Hands-On Guide for Building Mission-Critical Streaming Applications', 'Scott Haines', '30.', '4.1 out of 5 stars')
[2024-08-20T04:43:10.150+0000] {sql.py:518} INFO - Rows affected: 1
[2024-08-20T04:43:10.162+0000] {base.py:84} INFO - Retrieving connection 'books_connection'
[2024-08-20T04:43:10.168+0000] {sql.py:509} INFO - Running statement: 
    INSERT INTO books (title, authors, price, rating)
    VALUES (%s, %s, %s, %s)
    , parameters: ('Data Modeling with Snowflake: A practical guide to accelerating Snowflake development using universal data modeling techniques', 'Serge Gershkovich', '36.', '4.8 out of 5 stars')
[2024-08-20T04:43:10.173+0000] {sql.py:518} INFO - Rows affected: 1
[2024-08-20T04:43:10.189+0000] {base.py:84} INFO - Retrieving connection 'books_connection'
[2024-08-20T04:43:10.195+0000] {sql.py:509} INFO - Running statement: 
    INSERT INTO books (title, authors, price, rating)
    VALUES (%s, %s, %s, %s)
    , parameters: ('Storytelling with Data: A Data Visualization Guide for Business Professionals', 'Cole Nussbaumer Knaflic', '27.', '4.6 out of 5 stars')
[2024-08-20T04:43:10.198+0000] {sql.py:518} INFO - Rows affected: 1
[2024-08-20T04:43:10.215+0000] {base.py:84} INFO - Retrieving connection 'books_connection'
[2024-08-20T04:43:10.222+0000] {sql.py:509} INFO - Running statement: 
    INSERT INTO books (title, authors, price, rating)
    VALUES (%s, %s, %s, %s)
    , parameters: ('97 Things Every Data Engineer Should Know: Collective Wisdom from the Experts', 'Audible Audiobook', '0.', '4.1 out of 5 stars')
[2024-08-20T04:43:10.224+0000] {sql.py:518} INFO - Rows affected: 1
[2024-08-20T04:43:10.241+0000] {base.py:84} INFO - Retrieving connection 'books_connection'
[2024-08-20T04:43:10.246+0000] {sql.py:509} INFO - Running statement: 
    INSERT INTO books (title, authors, price, rating)
    VALUES (%s, %s, %s, %s)
    , parameters: ("Data Quality Fundamentals: A Practitioner's Guide to Building Trustworthy Data Pipelines", 'Paperback', '45.', '4.1 out of 5 stars')
[2024-08-20T04:43:10.248+0000] {sql.py:518} INFO - Rows affected: 1
[2024-08-20T04:43:10.268+0000] {base.py:84} INFO - Retrieving connection 'books_connection'
[2024-08-20T04:43:10.273+0000] {sql.py:509} INFO - Running statement: 
    INSERT INTO books (title, authors, price, rating)
    VALUES (%s, %s, %s, %s)
    , parameters: ('Fundamentals of Data Analytics: Learn Essential Skills, Embrace the Future, and Catapult Your Career in the Data-Driven World—A Comprehensive Guide to Data Literacy for Beginners', 'Russell Dawson', '16.', '4.8 out of 5 stars')
[2024-08-20T04:43:10.276+0000] {sql.py:518} INFO - Rows affected: 1
[2024-08-20T04:43:10.287+0000] {base.py:84} INFO - Retrieving connection 'books_connection'
[2024-08-20T04:43:10.292+0000] {sql.py:509} INFO - Running statement: 
    INSERT INTO books (title, authors, price, rating)
    VALUES (%s, %s, %s, %s)
    , parameters: ('Data Engineering with Google Cloud Platform: A practical guide to operationalizing scalable data analytics systems on GCP', 'Adi Wijaya', '41.', '4.7 out of 5 stars')
[2024-08-20T04:43:10.294+0000] {sql.py:518} INFO - Rows affected: 1
[2024-08-20T04:43:10.305+0000] {base.py:84} INFO - Retrieving connection 'books_connection'
[2024-08-20T04:43:10.310+0000] {sql.py:509} INFO - Running statement: 
    INSERT INTO books (title, authors, price, rating)
    VALUES (%s, %s, %s, %s)
    , parameters: ('Prompt Engineering for Generative AI: Future-Proof Inputs for Reliable AI Outputs', 'James Phoenix', '57.', '4.4 out of 5 stars')
[2024-08-20T04:43:10.312+0000] {sql.py:518} INFO - Rows affected: 1
[2024-08-20T04:43:10.324+0000] {base.py:84} INFO - Retrieving connection 'books_connection'
[2024-08-20T04:43:10.329+0000] {sql.py:509} INFO - Running statement: 
    INSERT INTO books (title, authors, price, rating)
    VALUES (%s, %s, %s, %s)
    , parameters: ('Python Programming and SQL: 5 books in 1 - The #1 Coding Course from Beginner to Advanced. Learn it Well & Fast (2024) (Computer Programming)', 'Paperback', '32.', '4.3 out of 5 stars')
[2024-08-20T04:43:10.332+0000] {sql.py:518} INFO - Rows affected: 1
[2024-08-20T04:43:10.343+0000] {base.py:84} INFO - Retrieving connection 'books_connection'
[2024-08-20T04:43:10.349+0000] {sql.py:509} INFO - Running statement: 
    INSERT INTO books (title, authors, price, rating)
    VALUES (%s, %s, %s, %s)
    , parameters: ('Analytics Engineering with SQL and dbt: Building Meaningful Data Models at Scale', 'Rui Pedro Machado', '41.', '3.8 out of 5 stars')
[2024-08-20T04:43:10.351+0000] {sql.py:518} INFO - Rows affected: 1
[2024-08-20T04:43:10.362+0000] {base.py:84} INFO - Retrieving connection 'books_connection'
[2024-08-20T04:43:10.367+0000] {sql.py:509} INFO - Running statement: 
    INSERT INTO books (title, authors, price, rating)
    VALUES (%s, %s, %s, %s)
    , parameters: ("Azure Data Factory Cookbook - Second Edition: A data engineer's guide to building and managing ETL and ELT pipelines with data integration", 'Dmitry Foshin', '51.', '4.4 out of 5 stars')
[2024-08-20T04:43:10.369+0000] {sql.py:518} INFO - Rows affected: 1
[2024-08-20T04:43:10.381+0000] {base.py:84} INFO - Retrieving connection 'books_connection'
[2024-08-20T04:43:10.386+0000] {sql.py:509} INFO - Running statement: 
    INSERT INTO books (title, authors, price, rating)
    VALUES (%s, %s, %s, %s)
    , parameters: ('Data Observability for Data Engineering: Proactive strategies for ensuring data accuracy and addressing broken data pipelines', 'Michele Pinto', '18.', '3.7 out of 5 stars')
[2024-08-20T04:43:10.388+0000] {sql.py:518} INFO - Rows affected: 1
[2024-08-20T04:43:10.401+0000] {base.py:84} INFO - Retrieving connection 'books_connection'
[2024-08-20T04:43:10.407+0000] {sql.py:509} INFO - Running statement: 
    INSERT INTO books (title, authors, price, rating)
    VALUES (%s, %s, %s, %s)
    , parameters: ("Ultimate Data Engineering with Databricks: Develop Scalable Data Pipelines Using Data Engineering's Core Tenets Such as Delta Tables, Ingestion, ... Security, and Scalability (English Edition)", 'Mayank Malhotra', '37.', '3.8 out of 5 stars')
[2024-08-20T04:43:10.409+0000] {sql.py:518} INFO - Rows affected: 1
[2024-08-20T04:43:10.420+0000] {base.py:84} INFO - Retrieving connection 'books_connection'
[2024-08-20T04:43:10.426+0000] {sql.py:509} INFO - Running statement: 
    INSERT INTO books (title, authors, price, rating)
    VALUES (%s, %s, %s, %s)
    , parameters: ('The Data Warehouse Toolkit: The Definitive Guide to Dimensional Modeling', 'Paperback', '47.', '4.7 out of 5 stars')
[2024-08-20T04:43:10.428+0000] {sql.py:518} INFO - Rows affected: 1
[2024-08-20T04:43:10.439+0000] {base.py:84} INFO - Retrieving connection 'books_connection'
[2024-08-20T04:43:10.446+0000] {sql.py:509} INFO - Running statement: 
    INSERT INTO books (title, authors, price, rating)
    VALUES (%s, %s, %s, %s)
    , parameters: ('Concepts of Generative AI and Data Engineering: Vital Concepts in Data Engineering and the World of Generative AI', 'Kindle', '29.', '5.0 out of 5 stars')
[2024-08-20T04:43:10.448+0000] {sql.py:518} INFO - Rows affected: 1
[2024-08-20T04:43:10.460+0000] {base.py:84} INFO - Retrieving connection 'books_connection'
[2024-08-20T04:43:10.465+0000] {sql.py:509} INFO - Running statement: 
    INSERT INTO books (title, authors, price, rating)
    VALUES (%s, %s, %s, %s)
    , parameters: ('Official Google Cloud Certified Professional Data Engineer Study Guide', 'Dan Sullivan', '33.', '4.5 out of 5 stars')
[2024-08-20T04:43:10.467+0000] {sql.py:518} INFO - Rows affected: 1
[2024-08-20T04:43:10.478+0000] {base.py:84} INFO - Retrieving connection 'books_connection'
[2024-08-20T04:43:10.483+0000] {sql.py:509} INFO - Running statement: 
    INSERT INTO books (title, authors, price, rating)
    VALUES (%s, %s, %s, %s)
    , parameters: ('Data Analytics, Data Visualization & Communicating Data: 3 books in 1: Learn the Processes of Data Analytics and Data Science, Create Engaging Data Visualizations, and Present Data Effectively', 'Audible Audiobook', '0.', '4.5 out of 5 stars')
[2024-08-20T04:43:10.485+0000] {sql.py:518} INFO - Rows affected: 1
[2024-08-20T04:43:10.497+0000] {base.py:84} INFO - Retrieving connection 'books_connection'
[2024-08-20T04:43:10.504+0000] {sql.py:509} INFO - Running statement: 
    INSERT INTO books (title, authors, price, rating)
    VALUES (%s, %s, %s, %s)
    , parameters: ('Data Engineering and Data Science for Babies: Activity Workbook Part 1', 'Paperback', '9.', '4.1 out of 5 stars')
[2024-08-20T04:43:10.506+0000] {sql.py:518} INFO - Rows affected: 1
[2024-08-20T04:43:10.517+0000] {base.py:84} INFO - Retrieving connection 'books_connection'
[2024-08-20T04:43:10.523+0000] {sql.py:509} INFO - Running statement: 
    INSERT INTO books (title, authors, price, rating)
    VALUES (%s, %s, %s, %s)
    , parameters: ('Fundamentals of Data Engineering: Efficiency, Insight, Impact: Transforming Data into Value through Expert Engineering Practices', 'Joseph Achakji', '0.', '4.6 out of 5 stars')
[2024-08-20T04:43:10.525+0000] {sql.py:518} INFO - Rows affected: 1
[2024-08-20T04:43:10.534+0000] {base.py:84} INFO - Retrieving connection 'books_connection'
[2024-08-20T04:43:10.539+0000] {sql.py:509} INFO - Running statement: 
    INSERT INTO books (title, authors, price, rating)
    VALUES (%s, %s, %s, %s)
    , parameters: ('Learning Spark: Lightning-Fast Data Analytics', 'Jules S. Damji', '43.', '4.7 out of 5 stars')
[2024-08-20T04:43:10.541+0000] {sql.py:518} INFO - Rows affected: 1
[2024-08-20T04:43:10.550+0000] {base.py:84} INFO - Retrieving connection 'books_connection'
[2024-08-20T04:43:10.554+0000] {sql.py:509} INFO - Running statement: 
    INSERT INTO books (title, authors, price, rating)
    VALUES (%s, %s, %s, %s)
    , parameters: ("SQL QuickStart Guide: The Simplified Beginner's Guide to Managing, Analyzing, and Manipulating Data With SQL (Coding & Programming - QuickStart Guides)", 'Paperback', '23.', '4.6 out of 5 stars')
[2024-08-20T04:43:10.556+0000] {sql.py:518} INFO - Rows affected: 1
[2024-08-20T04:43:10.566+0000] {base.py:84} INFO - Retrieving connection 'books_connection'
[2024-08-20T04:43:10.571+0000] {sql.py:509} INFO - Running statement: 
    INSERT INTO books (title, authors, price, rating)
    VALUES (%s, %s, %s, %s)
    , parameters: ('Electrical engineering without prior knowledge: Understand the basics within 7 days (Become an Engineer Without Prior Knowledge)', 'Paperback', '17.', '4.4 out of 5 stars')
[2024-08-20T04:43:10.573+0000] {sql.py:518} INFO - Rows affected: 1
[2024-08-20T04:43:10.582+0000] {base.py:84} INFO - Retrieving connection 'books_connection'
[2024-08-20T04:43:10.586+0000] {sql.py:509} INFO - Running statement: 
    INSERT INTO books (title, authors, price, rating)
    VALUES (%s, %s, %s, %s)
    , parameters: ('Azure Data Engineering Cookbook - Second Edition: Get well versed in various data engineering techniques in Azure using this recipe-based guide', 'Nagaraj Venkatesan', '51.', '3.5 out of 5 stars')
[2024-08-20T04:43:10.589+0000] {sql.py:518} INFO - Rows affected: 1
[2024-08-20T04:43:10.601+0000] {base.py:84} INFO - Retrieving connection 'books_connection'
[2024-08-20T04:43:10.608+0000] {sql.py:509} INFO - Running statement: 
    INSERT INTO books (title, authors, price, rating)
    VALUES (%s, %s, %s, %s)
    , parameters: ('Systems Engineering Demystified - Second Edition: Apply modern, model-based systems engineering techniques to build complex systems', 'Jon Holt', '45.', '4.7 out of 5 stars')
[2024-08-20T04:43:10.611+0000] {sql.py:518} INFO - Rows affected: 1
[2024-08-20T04:43:10.624+0000] {base.py:84} INFO - Retrieving connection 'books_connection'
[2024-08-20T04:43:10.628+0000] {sql.py:509} INFO - Running statement: 
    INSERT INTO books (title, authors, price, rating)
    VALUES (%s, %s, %s, %s)
    , parameters: ('Python Feature Engineering Cookbook: Over 70 recipes for creating, engineering, and transforming features to build machine learning models, 2nd Edition', 'Soledad Galli', '44.', '4.4 out of 5 stars')
[2024-08-20T04:43:10.631+0000] {sql.py:518} INFO - Rows affected: 1
[2024-08-20T04:43:10.642+0000] {base.py:84} INFO - Retrieving connection 'books_connection'
[2024-08-20T04:43:10.647+0000] {sql.py:509} INFO - Running statement: 
    INSERT INTO books (title, authors, price, rating)
    VALUES (%s, %s, %s, %s)
    , parameters: ('Machine Learning Engineering with Python - Second Edition: Manage the lifecycle of machine learning models using MLOps with practical examples', 'Andrew McMahon', '32.', '4.7 out of 5 stars')
[2024-08-20T04:43:10.649+0000] {sql.py:518} INFO - Rows affected: 1
[2024-08-20T04:43:10.659+0000] {base.py:84} INFO - Retrieving connection 'books_connection'
[2024-08-20T04:43:10.663+0000] {sql.py:509} INFO - Running statement: 
    INSERT INTO books (title, authors, price, rating)
    VALUES (%s, %s, %s, %s)
    , parameters: ('Database Internals: A Deep Dive into How Distributed Data Systems Work', 'Alex Petrov', '36.', '4.6 out of 5 stars')
[2024-08-20T04:43:10.665+0000] {sql.py:518} INFO - Rows affected: 1
[2024-08-20T04:43:10.675+0000] {base.py:84} INFO - Retrieving connection 'books_connection'
[2024-08-20T04:43:10.680+0000] {sql.py:509} INFO - Running statement: 
    INSERT INTO books (title, authors, price, rating)
    VALUES (%s, %s, %s, %s)
    , parameters: ("Applied Machine Learning and AI for Engineers: Solve Business Problems That Can't Be Solved Algorithmically", 'Jeff Prosise', '55.', '4.5 out of 5 stars')
[2024-08-20T04:43:10.682+0000] {sql.py:518} INFO - Rows affected: 1
[2024-08-20T04:43:10.693+0000] {base.py:84} INFO - Retrieving connection 'books_connection'
[2024-08-20T04:43:10.697+0000] {sql.py:509} INFO - Running statement: 
    INSERT INTO books (title, authors, price, rating)
    VALUES (%s, %s, %s, %s)
    , parameters: ('Fundamentals of Data Visualization: A Primer on Making Informative and Compelling Figures', 'Claus Wilke', '49.', '4.6 out of 5 stars')
[2024-08-20T04:43:10.699+0000] {sql.py:518} INFO - Rows affected: 1
[2024-08-20T04:43:10.710+0000] {base.py:84} INFO - Retrieving connection 'books_connection'
[2024-08-20T04:43:10.715+0000] {sql.py:509} INFO - Running statement: 
    INSERT INTO books (title, authors, price, rating)
    VALUES (%s, %s, %s, %s)
    , parameters: ("Data: Principles To Practice - Volume 1 'Foundations': Essential Foundations: Key Concepts behind Data Architecture, Engineering and Analysis for Professionals", 'Alex Holloway', '0.', '4.7 out of 5 stars')
[2024-08-20T04:43:10.717+0000] {sql.py:518} INFO - Rows affected: 1
[2024-08-20T04:43:10.727+0000] {base.py:84} INFO - Retrieving connection 'books_connection'
[2024-08-20T04:43:10.732+0000] {sql.py:509} INFO - Running statement: 
    INSERT INTO books (title, authors, price, rating)
    VALUES (%s, %s, %s, %s)
    , parameters: ('How Data Happened: A History from the Age of Reason to the Age of Algorithms', 'Chris Wiggins', '16.', '4.2 out of 5 stars')
[2024-08-20T04:43:10.734+0000] {sql.py:518} INFO - Rows affected: 1
[2024-08-20T04:43:10.746+0000] {base.py:84} INFO - Retrieving connection 'books_connection'
[2024-08-20T04:43:10.751+0000] {sql.py:509} INFO - Running statement: 
    INSERT INTO books (title, authors, price, rating)
    VALUES (%s, %s, %s, %s)
    , parameters: ('Data Science (The MIT Press Essential Knowledge series)', 'Paperback', '10.', '4.4 out of 5 stars')
[2024-08-20T04:43:10.753+0000] {sql.py:518} INFO - Rows affected: 1
[2024-08-20T04:43:10.764+0000] {base.py:84} INFO - Retrieving connection 'books_connection'
[2024-08-20T04:43:10.768+0000] {sql.py:509} INFO - Running statement: 
    INSERT INTO books (title, authors, price, rating)
    VALUES (%s, %s, %s, %s)
    , parameters: ('Better Data Visualizations: A Guide for Scholars, Researchers, and Wonks', 'Jonathan Schwabish', '26.', '4.5 out of 5 stars')
[2024-08-20T04:43:10.769+0000] {sql.py:518} INFO - Rows affected: 1
[2024-08-20T04:43:10.780+0000] {base.py:84} INFO - Retrieving connection 'books_connection'
[2024-08-20T04:43:10.785+0000] {sql.py:509} INFO - Running statement: 
    INSERT INTO books (title, authors, price, rating)
    VALUES (%s, %s, %s, %s)
    , parameters: ('Mastering the Data Paradox: Key to Winning in the AI Age', 'Nitin Seth', '18.', '4.8 out of 5 stars')
[2024-08-20T04:43:10.787+0000] {sql.py:518} INFO - Rows affected: 1
[2024-08-20T04:43:10.797+0000] {base.py:84} INFO - Retrieving connection 'books_connection'
[2024-08-20T04:43:10.802+0000] {sql.py:509} INFO - Running statement: 
    INSERT INTO books (title, authors, price, rating)
    VALUES (%s, %s, %s, %s)
    , parameters: ("System Design Interview – An insider's guide", 'Alex Xu', '37.', '4.6 out of 5 stars')
[2024-08-20T04:43:10.805+0000] {sql.py:518} INFO - Rows affected: 1
[2024-08-20T04:43:10.815+0000] {base.py:84} INFO - Retrieving connection 'books_connection'
[2024-08-20T04:43:10.819+0000] {sql.py:509} INFO - Running statement: 
    INSERT INTO books (title, authors, price, rating)
    VALUES (%s, %s, %s, %s)
    , parameters: ('Data Science on AWS: Implementing End-to-End, Continuous AI and Machine Learning Pipelines', 'Chris Fregly', '11.', '4.5 out of 5 stars')
[2024-08-20T04:43:10.820+0000] {sql.py:518} INFO - Rows affected: 1
[2024-08-20T04:43:10.830+0000] {base.py:84} INFO - Retrieving connection 'books_connection'
[2024-08-20T04:43:10.834+0000] {sql.py:509} INFO - Running statement: 
    INSERT INTO books (title, authors, price, rating)
    VALUES (%s, %s, %s, %s)
    , parameters: ('A Common-Sense Guide to Data Structures and Algorithms, Second Edition: Level Up Your Core Programming Skills', 'Jay Wengrow', '39.', '4.7 out of 5 stars')
[2024-08-20T04:43:10.836+0000] {sql.py:518} INFO - Rows affected: 1
[2024-08-20T04:43:10.849+0000] {base.py:84} INFO - Retrieving connection 'books_connection'
[2024-08-20T04:43:10.854+0000] {sql.py:509} INFO - Running statement: 
    INSERT INTO books (title, authors, price, rating)
    VALUES (%s, %s, %s, %s)
    , parameters: ('Data Engineering Fundamentals for Beginners: Mastering the Art of Building, Managing, and Scaling Data Systems', 'Paperback', '14.', '5.0 out of 5 stars')
[2024-08-20T04:43:10.857+0000] {sql.py:518} INFO - Rows affected: 1
[2024-08-20T04:43:10.866+0000] {base.py:84} INFO - Retrieving connection 'books_connection'
[2024-08-20T04:43:10.871+0000] {sql.py:509} INFO - Running statement: 
    INSERT INTO books (title, authors, price, rating)
    VALUES (%s, %s, %s, %s)
    , parameters: ('Feature Engineering for Machine Learning: Principles and Techniques for Data Scientists', 'Alice Zheng', '41.', '4.4 out of 5 stars')
[2024-08-20T04:43:10.873+0000] {sql.py:518} INFO - Rows affected: 1
[2024-08-20T04:43:10.881+0000] {base.py:84} INFO - Retrieving connection 'books_connection'
[2024-08-20T04:43:10.887+0000] {sql.py:509} INFO - Running statement: 
    INSERT INTO books (title, authors, price, rating)
    VALUES (%s, %s, %s, %s)
    , parameters: ('Data Quality Engineering in Financial Services: Applying Manufacturing Techniques to Data', 'Brian Buzzelli', '30.', '4.4 out of 5 stars')
[2024-08-20T04:43:10.889+0000] {sql.py:518} INFO - Rows affected: 1
[2024-08-20T04:43:10.901+0000] {base.py:84} INFO - Retrieving connection 'books_connection'
[2024-08-20T04:43:10.905+0000] {sql.py:509} INFO - Running statement: 
    INSERT INTO books (title, authors, price, rating)
    VALUES (%s, %s, %s, %s)
    , parameters: ('The Data Governance Guidebook and Playbook: By a Practitioner for Practitioners', 'Paperback', '25.', '4.3 out of 5 stars')
[2024-08-20T04:43:10.907+0000] {sql.py:518} INFO - Rows affected: 1
[2024-08-20T04:43:10.916+0000] {base.py:84} INFO - Retrieving connection 'books_connection'
[2024-08-20T04:43:10.921+0000] {sql.py:509} INFO - Running statement: 
    INSERT INTO books (title, authors, price, rating)
    VALUES (%s, %s, %s, %s)
    , parameters: ('Data Engineering with Alteryx: Helping data engineers apply DataOps practices with Alteryx', 'Paul Houghton', '44.', '4.3 out of 5 stars')
[2024-08-20T04:43:10.923+0000] {sql.py:518} INFO - Rows affected: 1
[2024-08-20T04:43:10.932+0000] {base.py:84} INFO - Retrieving connection 'books_connection'
[2024-08-20T04:43:10.936+0000] {sql.py:509} INFO - Running statement: 
    INSERT INTO books (title, authors, price, rating)
    VALUES (%s, %s, %s, %s)
    , parameters: ('Engineers Survival Guide: Advice, tactics, and tricks After a decade of working at Facebook, Snapchat, and Microsoft', 'Merih Taze', '29.', '4.4 out of 5 stars')
[2024-08-20T04:43:10.938+0000] {sql.py:518} INFO - Rows affected: 1
[2024-08-20T04:43:10.948+0000] {base.py:84} INFO - Retrieving connection 'books_connection'
[2024-08-20T04:43:10.952+0000] {sql.py:509} INFO - Running statement: 
    INSERT INTO books (title, authors, price, rating)
    VALUES (%s, %s, %s, %s)
    , parameters: ('SQL Data Analytics Made Easy: Your Step-by-Step Guide to Unlocking Data’s Hidden Secrets: Demystify complex concepts, and harness the power of data to drive intelligent decision-making effortlessly.', 'L.D. Knowings', '14.', '4.1 out of 5 stars')
[2024-08-20T04:43:10.954+0000] {sql.py:518} INFO - Rows affected: 1
[2024-08-20T04:43:10.964+0000] {base.py:84} INFO - Retrieving connection 'books_connection'
[2024-08-20T04:43:10.968+0000] {sql.py:509} INFO - Running statement: 
    INSERT INTO books (title, authors, price, rating)
    VALUES (%s, %s, %s, %s)
    , parameters: ('AWS Certified Data Analytics Study Guide: Specialty (DAS-C01) Exam', 'Asif Abbasi', '31.', '4.6 out of 5 stars')
[2024-08-20T04:43:10.969+0000] {sql.py:518} INFO - Rows affected: 1
[2024-08-20T04:43:10.978+0000] {base.py:84} INFO - Retrieving connection 'books_connection'
[2024-08-20T04:43:10.982+0000] {sql.py:509} INFO - Running statement: 
    INSERT INTO books (title, authors, price, rating)
    VALUES (%s, %s, %s, %s)
    , parameters: ('Modeling and Simulation in Python: An Introduction for Scientists and Engineers', 'Allen B. Downey', '32.', '4.5 out of 5 stars')
[2024-08-20T04:43:10.984+0000] {sql.py:518} INFO - Rows affected: 1
[2024-08-20T04:43:10.993+0000] {base.py:84} INFO - Retrieving connection 'books_connection'
[2024-08-20T04:43:10.997+0000] {sql.py:509} INFO - Running statement: 
    INSERT INTO books (title, authors, price, rating)
    VALUES (%s, %s, %s, %s)
    , parameters: ('50 Algorithms Every Programmer Should Know - Second Edition: An unbeatable arsenal of algorithmic solutions for real-world problems', 'Imran Ahmad', '37.', '4.4 out of 5 stars')
[2024-08-20T04:43:10.999+0000] {sql.py:518} INFO - Rows affected: 1
[2024-08-20T04:43:11.008+0000] {base.py:84} INFO - Retrieving connection 'books_connection'
[2024-08-20T04:43:11.014+0000] {sql.py:509} INFO - Running statement: 
    INSERT INTO books (title, authors, price, rating)
    VALUES (%s, %s, %s, %s)
    , parameters: ('Data Science: The Hard Parts: Techniques for Excelling at Data Science', 'Daniel Vaughan', '48.', '5.0 out of 5 stars')
[2024-08-20T04:43:11.015+0000] {sql.py:518} INFO - Rows affected: 1
[2024-08-20T04:43:11.024+0000] {base.py:84} INFO - Retrieving connection 'books_connection'
[2024-08-20T04:43:11.028+0000] {sql.py:509} INFO - Running statement: 
    INSERT INTO books (title, authors, price, rating)
    VALUES (%s, %s, %s, %s)
    , parameters: ('Architecting Data and Machine Learning Platforms: Enable Analytics and AI-Driven Innovation in the Cloud', 'Marco Tranquillin', '37.', '4.3 out of 5 stars')
[2024-08-20T04:43:11.030+0000] {sql.py:518} INFO - Rows affected: 1
[2024-08-20T04:43:11.039+0000] {base.py:84} INFO - Retrieving connection 'books_connection'
[2024-08-20T04:43:11.044+0000] {sql.py:509} INFO - Running statement: 
    INSERT INTO books (title, authors, price, rating)
    VALUES (%s, %s, %s, %s)
    , parameters: ('Data Management at Scale: Modern Data Architecture with Data Mesh and Data Fabric', 'Piethein Strengholt', '47.', '4.5 out of 5 stars')
[2024-08-20T04:43:11.046+0000] {sql.py:518} INFO - Rows affected: 1
[2024-08-20T04:43:11.056+0000] {base.py:84} INFO - Retrieving connection 'books_connection'
[2024-08-20T04:43:11.060+0000] {sql.py:509} INFO - Running statement: 
    INSERT INTO books (title, authors, price, rating)
    VALUES (%s, %s, %s, %s)
    , parameters: ('Data-Centric Machine Learning with Python: The ultimate guide to engineering and deploying high-quality models based on good data', 'Jonas Christensen', '49.', '4.6 out of 5 stars')
[2024-08-20T04:43:11.062+0000] {sql.py:518} INFO - Rows affected: 1
[2024-08-20T04:43:11.071+0000] {base.py:84} INFO - Retrieving connection 'books_connection'
[2024-08-20T04:43:11.075+0000] {sql.py:509} INFO - Running statement: 
    INSERT INTO books (title, authors, price, rating)
    VALUES (%s, %s, %s, %s)
    , parameters: ('Ultimate Azure Data Engineering: Build Robust Data Engineering Systems on Azure with SQL, ETL, Data Modeling, and Power BI for Business Insights and Crack Azure Certifications (English Edition)', 'Ashish Agarwal', '39.', '5.0 out of 5 stars')
[2024-08-20T04:43:11.077+0000] {sql.py:518} INFO - Rows affected: 1
[2024-08-20T04:43:11.085+0000] {base.py:84} INFO - Retrieving connection 'books_connection'
[2024-08-20T04:43:11.090+0000] {sql.py:509} INFO - Running statement: 
    INSERT INTO books (title, authors, price, rating)
    VALUES (%s, %s, %s, %s)
    , parameters: ('Building ETL Pipelines with Python: Create and deploy enterprise-ready ETL pipelines by employing modern methods', 'Brij Kishore Pandey', '17.', '4.2 out of 5 stars')
[2024-08-20T04:43:11.091+0000] {sql.py:518} INFO - Rows affected: 1
[2024-08-20T04:43:11.100+0000] {base.py:84} INFO - Retrieving connection 'books_connection'
[2024-08-20T04:43:11.105+0000] {sql.py:509} INFO - Running statement: 
    INSERT INTO books (title, authors, price, rating)
    VALUES (%s, %s, %s, %s)
    , parameters: ('Hypothesis Testing: An Intuitive Guide for Making Data Driven Decisions', 'Jim Frost', '23.', '4.5 out of 5 stars')
[2024-08-20T04:43:11.107+0000] {sql.py:518} INFO - Rows affected: 1
[2024-08-20T04:43:11.116+0000] {base.py:84} INFO - Retrieving connection 'books_connection'
[2024-08-20T04:43:11.120+0000] {sql.py:509} INFO - Running statement: 
    INSERT INTO books (title, authors, price, rating)
    VALUES (%s, %s, %s, %s)
    , parameters: ('The Art of Doing Science and Engineering: Learning to Learn', 'Richard W. Hamming', '19.', '4.6 out of 5 stars')
[2024-08-20T04:43:11.122+0000] {sql.py:518} INFO - Rows affected: 1
[2024-08-20T04:43:11.132+0000] {base.py:84} INFO - Retrieving connection 'books_connection'
[2024-08-20T04:43:11.137+0000] {sql.py:509} INFO - Running statement: 
    INSERT INTO books (title, authors, price, rating)
    VALUES (%s, %s, %s, %s)
    , parameters: ('Designing Cloud Data Platforms', 'Audible Audiobook', '0.', '4.7 out of 5 stars')
[2024-08-20T04:43:11.139+0000] {sql.py:518} INFO - Rows affected: 1
[2024-08-20T04:43:11.151+0000] {base.py:84} INFO - Retrieving connection 'books_connection'
[2024-08-20T04:43:11.155+0000] {sql.py:509} INFO - Running statement: 
    INSERT INTO books (title, authors, price, rating)
    VALUES (%s, %s, %s, %s)
    , parameters: ('Practical Reverse Engineering: x86, x64, ARM, Windows Kernel, Reversing Tools, and Obfuscation', 'Bruce Dang', '34.', '4.6 out of 5 stars')
[2024-08-20T04:43:11.158+0000] {sql.py:518} INFO - Rows affected: 1
[2024-08-20T04:43:11.167+0000] {base.py:84} INFO - Retrieving connection 'books_connection'
[2024-08-20T04:43:11.174+0000] {sql.py:509} INFO - Running statement: 
    INSERT INTO books (title, authors, price, rating)
    VALUES (%s, %s, %s, %s)
    , parameters: ('Mastering Databricks Lakehouse Platform: Perform Data Warehousing, Data Engineering, Machine Learning, DevOps, and BI into a Single Platform (English Edition)', 'Sagar Lad', '26.', '3.6 out of 5 stars')
[2024-08-20T04:43:11.176+0000] {sql.py:518} INFO - Rows affected: 1
[2024-08-20T04:43:11.189+0000] {base.py:84} INFO - Retrieving connection 'books_connection'
[2024-08-20T04:43:11.197+0000] {sql.py:509} INFO - Running statement: 
    INSERT INTO books (title, authors, price, rating)
    VALUES (%s, %s, %s, %s)
    , parameters: ('Practical Fraud Prevention: Fraud and AML Analytics for Fintech and eCommerce, Using SQL and Python', 'Gilit Saporta', '47.', '4.4 out of 5 stars')
[2024-08-20T04:43:11.200+0000] {sql.py:518} INFO - Rows affected: 1
[2024-08-20T04:43:11.216+0000] {base.py:84} INFO - Retrieving connection 'books_connection'
[2024-08-20T04:43:11.224+0000] {sql.py:509} INFO - Running statement: 
    INSERT INTO books (title, authors, price, rating)
    VALUES (%s, %s, %s, %s)
    , parameters: ('Observability Engineering: Achieving Production Excellence', 'Charity Majors', '34.', '4.3 out of 5 stars')
[2024-08-20T04:43:11.226+0000] {sql.py:518} INFO - Rows affected: 1
[2024-08-20T04:43:11.243+0000] {base.py:84} INFO - Retrieving connection 'books_connection'
[2024-08-20T04:43:11.248+0000] {sql.py:509} INFO - Running statement: 
    INSERT INTO books (title, authors, price, rating)
    VALUES (%s, %s, %s, %s)
    , parameters: ('Data Structures and Algorithms: 100 Interview Questions (Advanced Topics in Programming Book 2)', 'Kindle', '9.', '5.0 out of 5 stars')
[2024-08-20T04:43:11.250+0000] {sql.py:518} INFO - Rows affected: 1
[2024-08-20T04:43:11.266+0000] {base.py:84} INFO - Retrieving connection 'books_connection'
[2024-08-20T04:43:11.271+0000] {sql.py:509} INFO - Running statement: 
    INSERT INTO books (title, authors, price, rating)
    VALUES (%s, %s, %s, %s)
    , parameters: ('Grokking Algorithms', 'Audible Audiobook', '0.', '4.6 out of 5 stars')
[2024-08-20T04:43:11.274+0000] {sql.py:518} INFO - Rows affected: 1
[2024-08-20T04:43:11.285+0000] {base.py:84} INFO - Retrieving connection 'books_connection'
[2024-08-20T04:43:11.293+0000] {sql.py:509} INFO - Running statement: 
    INSERT INTO books (title, authors, price, rating)
    VALUES (%s, %s, %s, %s)
    , parameters: ('Python Data Engineering Resources: Boost Your Career With This Python Handbook; Prepare For Python Interview; Python Programming Cookbook For Beginners and Experienced; Python Data Analysis and More', 'Vajo Lukic', '9.', '4.8 out of 5 stars')
[2024-08-20T04:43:11.295+0000] {sql.py:518} INFO - Rows affected: 1
[2024-08-20T04:43:11.306+0000] {base.py:84} INFO - Retrieving connection 'books_connection'
[2024-08-20T04:43:11.312+0000] {sql.py:509} INFO - Running statement: 
    INSERT INTO books (title, authors, price, rating)
    VALUES (%s, %s, %s, %s)
    , parameters: ("Storytelling with Data: Let's Practice!", 'Cole Nussbaumer Knaflic', '28.', '4.7 out of 5 stars')
[2024-08-20T04:43:11.314+0000] {sql.py:518} INFO - Rows affected: 1
[2024-08-20T04:43:11.326+0000] {base.py:84} INFO - Retrieving connection 'books_connection'
[2024-08-20T04:43:11.330+0000] {sql.py:509} INFO - Running statement: 
    INSERT INTO books (title, authors, price, rating)
    VALUES (%s, %s, %s, %s)
    , parameters: ('Restricted Data: The History of Nuclear Secrecy in the United States', 'Alex Wellerstein', '2.', '4.7 out of 5 stars')
[2024-08-20T04:43:11.333+0000] {sql.py:518} INFO - Rows affected: 1
[2024-08-20T04:43:11.345+0000] {base.py:84} INFO - Retrieving connection 'books_connection'
[2024-08-20T04:43:11.349+0000] {sql.py:509} INFO - Running statement: 
    INSERT INTO books (title, authors, price, rating)
    VALUES (%s, %s, %s, %s)
    , parameters: ('Learning Tableau 2022 - Fifth Edition: Create effective data visualizations, build interactive visual analytics, and improve your data storytelling capabilities', 'Joshua N Milligan', '57.', '4.5 out of 5 stars')
[2024-08-20T04:43:11.351+0000] {sql.py:518} INFO - Rows affected: 1
[2024-08-20T04:43:11.364+0000] {base.py:84} INFO - Retrieving connection 'books_connection'
[2024-08-20T04:43:11.369+0000] {sql.py:509} INFO - Running statement: 
    INSERT INTO books (title, authors, price, rating)
    VALUES (%s, %s, %s, %s)
    , parameters: ('The Data Model Resource Book, Vol. 1: A Library of Universal Data Models for All Enterprises', 'Len Silverston', '63.', '4.3 out of 5 stars')
[2024-08-20T04:43:11.372+0000] {sql.py:518} INFO - Rows affected: 1
[2024-08-20T04:43:11.384+0000] {base.py:84} INFO - Retrieving connection 'books_connection'
[2024-08-20T04:43:11.390+0000] {sql.py:509} INFO - Running statement: 
    INSERT INTO books (title, authors, price, rating)
    VALUES (%s, %s, %s, %s)
    , parameters: ('Data Grab: The New Colonialism of Big Tech and How to Fight Back', 'Ulises A. Mejias', '21.', '5.0 out of 5 stars')
[2024-08-20T04:43:11.392+0000] {sql.py:518} INFO - Rows affected: 1
[2024-08-20T04:43:11.403+0000] {base.py:84} INFO - Retrieving connection 'books_connection'
[2024-08-20T04:43:11.410+0000] {sql.py:509} INFO - Running statement: 
    INSERT INTO books (title, authors, price, rating)
    VALUES (%s, %s, %s, %s)
    , parameters: ('The Data Model Resource Book, Vol. 2: A Library of Data Models for Specific Industries', 'Len Silverston', '68.', '4.1 out of 5 stars')
[2024-08-20T04:43:11.412+0000] {sql.py:518} INFO - Rows affected: 1
[2024-08-20T04:43:11.424+0000] {base.py:84} INFO - Retrieving connection 'books_connection'
[2024-08-20T04:43:11.429+0000] {sql.py:509} INFO - Running statement: 
    INSERT INTO books (title, authors, price, rating)
    VALUES (%s, %s, %s, %s)
    , parameters: ('Simplifying Data Engineering and Analytics with Delta: Create analytics-ready data that fuels artificial intelligence and business intelligence', 'Anindita Mahapatra', '28.', '4.3 out of 5 stars')
[2024-08-20T04:43:11.431+0000] {sql.py:518} INFO - Rows affected: 1
[2024-08-20T04:43:11.443+0000] {base.py:84} INFO - Retrieving connection 'books_connection'
[2024-08-20T04:43:11.449+0000] {sql.py:509} INFO - Running statement: 
    INSERT INTO books (title, authors, price, rating)
    VALUES (%s, %s, %s, %s)
    , parameters: ('Data Juice: 101 Stories of How Organizations Are Squeezing Value from Available Data Assets', 'Douglas B. Laney', '27.', '4.1 out of 5 stars')
[2024-08-20T04:43:11.452+0000] {sql.py:518} INFO - Rows affected: 1
[2024-08-20T04:43:11.465+0000] {base.py:84} INFO - Retrieving connection 'books_connection'
[2024-08-20T04:43:11.470+0000] {sql.py:509} INFO - Running statement: 
    INSERT INTO books (title, authors, price, rating)
    VALUES (%s, %s, %s, %s)
    , parameters: ('Master in 30 Days: AWS Certified Data Engineer Associate Exam', 'Bryant Pollard II', '0.', '5.0 out of 5 stars')
[2024-08-20T04:43:11.474+0000] {sql.py:518} INFO - Rows affected: 1
[2024-08-20T04:43:11.477+0000] {python.py:240} INFO - Done. Returned value was: None
[2024-08-20T04:43:11.491+0000] {taskinstance.py:340} INFO - ::group::Post task execution logs
[2024-08-20T04:43:11.492+0000] {taskinstance.py:352} INFO - Marking task as SUCCESS. dag_id=fetch_and_store_DE_books, task_id=insert_book_data, run_id=scheduled__2024-07-06T00:00:00+00:00, execution_date=20240706T000000, start_date=20240820T044308, end_date=20240820T044311
[2024-08-20T04:43:11.509+0000] {logging_mixin.py:190} INFO - Task instance in success state
[2024-08-20T04:43:11.510+0000] {logging_mixin.py:190} INFO -  Previous state of the Task instance: running
[2024-08-20T04:43:11.511+0000] {logging_mixin.py:190} INFO - Dag name:fetch_and_store_DE_books queued_at:2024-08-20 04:42:55.342578+00:00
[2024-08-20T04:43:11.512+0000] {logging_mixin.py:190} INFO - Task hostname:668944ed7238 operator:PythonOperator
[2024-08-20T04:43:11.541+0000] {local_task_job_runner.py:261} INFO - Task exited with return code 0
[2024-08-20T04:43:11.563+0000] {taskinstance.py:3891} INFO - 0 downstream tasks scheduled from follow-on schedule check
[2024-08-20T04:43:11.566+0000] {local_task_job_runner.py:240} INFO - ::endgroup::
