[2024-08-20T04:46:21.396+0000] {local_task_job_runner.py:123} INFO - ::group::Pre task execution logs
[2024-08-20T04:46:21.420+0000] {taskinstance.py:2603} INFO - Dependencies all met for dep_context=non-requeueable deps ti=<TaskInstance: fetch_and_store_DE_books.insert_book_data scheduled__2024-08-06T00:00:00+00:00 [queued]>
[2024-08-20T04:46:21.433+0000] {taskinstance.py:2603} INFO - Dependencies all met for dep_context=requeueable deps ti=<TaskInstance: fetch_and_store_DE_books.insert_book_data scheduled__2024-08-06T00:00:00+00:00 [queued]>
[2024-08-20T04:46:21.434+0000] {taskinstance.py:2856} INFO - Starting attempt 1 of 2
[2024-08-20T04:46:21.455+0000] {taskinstance.py:2879} INFO - Executing <Task(PythonOperator): insert_book_data> on 2024-08-06 00:00:00+00:00
[2024-08-20T04:46:21.466+0000] {warnings.py:112} WARNING - /home/***/.local/lib/python3.12/site-packages/***/task/task_runner/standard_task_runner.py:70: DeprecationWarning: This process (pid=1212) is multi-threaded, use of fork() may lead to deadlocks in the child.
  pid = os.fork()

[2024-08-20T04:46:21.469+0000] {standard_task_runner.py:72} INFO - Started process 1220 to run task
[2024-08-20T04:46:21.470+0000] {standard_task_runner.py:104} INFO - Running: ['***', 'tasks', 'run', 'fetch_and_store_DE_books', 'insert_book_data', 'scheduled__2024-08-06T00:00:00+00:00', '--job-id', '115', '--raw', '--subdir', 'DAGS_FOLDER/app.py', '--cfg-path', '/tmp/tmpgjzt_epp']
[2024-08-20T04:46:21.472+0000] {standard_task_runner.py:105} INFO - Job 115: Subtask insert_book_data
[2024-08-20T04:46:21.540+0000] {task_command.py:467} INFO - Running <TaskInstance: fetch_and_store_DE_books.insert_book_data scheduled__2024-08-06T00:00:00+00:00 [running]> on host 668944ed7238
[2024-08-20T04:46:21.679+0000] {taskinstance.py:3122} INFO - Exporting env vars: AIRFLOW_CTX_DAG_OWNER='***' AIRFLOW_CTX_DAG_ID='fetch_and_store_DE_books' AIRFLOW_CTX_TASK_ID='insert_book_data' AIRFLOW_CTX_EXECUTION_DATE='2024-08-06T00:00:00+00:00' AIRFLOW_CTX_TRY_NUMBER='1' AIRFLOW_CTX_DAG_RUN_ID='scheduled__2024-08-06T00:00:00+00:00'
[2024-08-20T04:46:21.681+0000] {logging_mixin.py:190} INFO - Task instance is in running state
[2024-08-20T04:46:21.682+0000] {logging_mixin.py:190} INFO -  Previous state of the Task instance: queued
[2024-08-20T04:46:21.683+0000] {logging_mixin.py:190} INFO - Current task name:insert_book_data state:running start_date:2024-08-20 04:46:21.421684+00:00
[2024-08-20T04:46:21.684+0000] {logging_mixin.py:190} INFO - Dag name:fetch_and_store_DE_books and current dag run status:running
[2024-08-20T04:46:21.685+0000] {taskinstance.py:731} INFO - ::endgroup::
[2024-08-20T04:46:21.717+0000] {base.py:84} INFO - Retrieving connection 'books_connection'
[2024-08-20T04:46:21.726+0000] {sql.py:509} INFO - Running statement: 
    INSERT INTO books (title, authors, price, rating)
    VALUES (%s, %s, %s, %s)
    , parameters: ('Ace the Data Engineering Interview: Questions and Answers for Python, SQL, Data Modeling and More', 'Sean Coyne', '24.', '4.1 out of 5 stars')
[2024-08-20T04:46:21.730+0000] {sql.py:518} INFO - Rows affected: 1
[2024-08-20T04:46:21.749+0000] {base.py:84} INFO - Retrieving connection 'books_connection'
[2024-08-20T04:46:21.758+0000] {sql.py:509} INFO - Running statement: 
    INSERT INTO books (title, authors, price, rating)
    VALUES (%s, %s, %s, %s)
    , parameters: ('Data Engineering with AWS - Second Edition: Acquire the skills to design and build AWS-based data transformation pipelines like a pro', 'Gareth Eagar', '41.', '4.4 out of 5 stars')
[2024-08-20T04:46:21.761+0000] {sql.py:518} INFO - Rows affected: 1
[2024-08-20T04:46:21.776+0000] {base.py:84} INFO - Retrieving connection 'books_connection'
[2024-08-20T04:46:21.781+0000] {sql.py:509} INFO - Running statement: 
    INSERT INTO books (title, authors, price, rating)
    VALUES (%s, %s, %s, %s)
    , parameters: ('Azure Data Engineer Associate Certification Guide: Ace the DP-203 exam with advanced data engineering skills', 'Giacinto Palmieri', '39.', '4.5 out of 5 stars')
[2024-08-20T04:46:21.784+0000] {sql.py:518} INFO - Rows affected: 1
[2024-08-20T04:46:21.800+0000] {base.py:84} INFO - Retrieving connection 'books_connection'
[2024-08-20T04:46:21.811+0000] {sql.py:509} INFO - Running statement: 
    INSERT INTO books (title, authors, price, rating)
    VALUES (%s, %s, %s, %s)
    , parameters: ('Data Engineering 101', 'Paperback', '22.', '5.0 out of 5 stars')
[2024-08-20T04:46:21.819+0000] {sql.py:518} INFO - Rows affected: 1
[2024-08-20T04:46:21.841+0000] {base.py:84} INFO - Retrieving connection 'books_connection'
[2024-08-20T04:46:21.858+0000] {sql.py:509} INFO - Running statement: 
    INSERT INTO books (title, authors, price, rating)
    VALUES (%s, %s, %s, %s)
    , parameters: ('Fundamentals of Data Engineering: Plan and Build Robust Data Systems', 'Joe Reis', '38.', '4.7 out of 5 stars')
[2024-08-20T04:46:21.867+0000] {sql.py:518} INFO - Rows affected: 1
[2024-08-20T04:46:21.891+0000] {base.py:84} INFO - Retrieving connection 'books_connection'
[2024-08-20T04:46:21.904+0000] {sql.py:509} INFO - Running statement: 
    INSERT INTO books (title, authors, price, rating)
    VALUES (%s, %s, %s, %s)
    , parameters: ('Data Pipelines Pocket Reference: Moving and Processing Data for Analytics', 'James Densmore', '17.', '4.5 out of 5 stars')
[2024-08-20T04:46:21.908+0000] {sql.py:518} INFO - Rows affected: 1
[2024-08-20T04:46:21.921+0000] {base.py:84} INFO - Retrieving connection 'books_connection'
[2024-08-20T04:46:21.927+0000] {sql.py:509} INFO - Running statement: 
    INSERT INTO books (title, authors, price, rating)
    VALUES (%s, %s, %s, %s)
    , parameters: ('Designing Data-Intensive Applications: The Big Ideas Behind Reliable, Scalable, and Maintainable Systems', 'Martin Kleppmann', '35.', '4.8 out of 5 stars')
[2024-08-20T04:46:21.930+0000] {sql.py:518} INFO - Rows affected: 1
[2024-08-20T04:46:21.956+0000] {base.py:84} INFO - Retrieving connection 'books_connection'
[2024-08-20T04:46:21.964+0000] {sql.py:509} INFO - Running statement: 
    INSERT INTO books (title, authors, price, rating)
    VALUES (%s, %s, %s, %s)
    , parameters: ('Data Engineering with Python: Work with massive datasets to design data models and automate data pipelines using Python', 'Paul Crickard', '37.', '4.1 out of 5 stars')
[2024-08-20T04:46:21.966+0000] {sql.py:518} INFO - Rows affected: 1
[2024-08-20T04:46:21.984+0000] {base.py:84} INFO - Retrieving connection 'books_connection'
[2024-08-20T04:46:21.993+0000] {sql.py:509} INFO - Running statement: 
    INSERT INTO books (title, authors, price, rating)
    VALUES (%s, %s, %s, %s)
    , parameters: ('Data Engineering with Python cookbook: Learn to build efficient data pipelines using the Modern Cloud Data Stack', 'Adithyan Ramanujakootam', '29.', '5.0 out of 5 stars')
[2024-08-20T04:46:21.995+0000] {sql.py:518} INFO - Rows affected: 1
[2024-08-20T04:46:22.011+0000] {base.py:84} INFO - Retrieving connection 'books_connection'
[2024-08-20T04:46:22.017+0000] {sql.py:509} INFO - Running statement: 
    INSERT INTO books (title, authors, price, rating)
    VALUES (%s, %s, %s, %s)
    , parameters: ('Data Engineering with AWS: Learn how to design and build cloud-based data transformation pipelines using AWS', 'Gareth Eagar', '49.', '4.4 out of 5 stars')
[2024-08-20T04:46:22.020+0000] {sql.py:518} INFO - Rows affected: 1
[2024-08-20T04:46:22.033+0000] {base.py:84} INFO - Retrieving connection 'books_connection'
[2024-08-20T04:46:22.043+0000] {sql.py:509} INFO - Running statement: 
    INSERT INTO books (title, authors, price, rating)
    VALUES (%s, %s, %s, %s)
    , parameters: ('Cracking the Data Engineering Interview: Land your dream job with the help of resume-building tips, over 100 mock questions, and a unique portfolio', 'Kedeisha Bryan', '26.', '4.4 out of 5 stars')
[2024-08-20T04:46:22.046+0000] {sql.py:518} INFO - Rows affected: 1
[2024-08-20T04:46:22.062+0000] {base.py:84} INFO - Retrieving connection 'books_connection'
[2024-08-20T04:46:22.068+0000] {sql.py:509} INFO - Running statement: 
    INSERT INTO books (title, authors, price, rating)
    VALUES (%s, %s, %s, %s)
    , parameters: ('Software Engineering for Data Scientists: From Notebooks to Scalable Systems', 'Catherine Nelson', '52.', '4.5 out of 5 stars')
[2024-08-20T04:46:22.073+0000] {sql.py:518} INFO - Rows affected: 1
[2024-08-20T04:46:22.087+0000] {base.py:84} INFO - Retrieving connection 'books_connection'
[2024-08-20T04:46:22.097+0000] {sql.py:509} INFO - Running statement: 
    INSERT INTO books (title, authors, price, rating)
    VALUES (%s, %s, %s, %s)
    , parameters: ('Data Engineering with Google Cloud Platform: A guide to leveling up as a data engineer by building a scalable data platform with Google Cloud', 'Adi Wijaya', '41.', '5.0 out of 5 stars')
[2024-08-20T04:46:22.099+0000] {sql.py:518} INFO - Rows affected: 1
[2024-08-20T04:46:22.114+0000] {base.py:84} INFO - Retrieving connection 'books_connection'
[2024-08-20T04:46:22.121+0000] {sql.py:509} INFO - Running statement: 
    INSERT INTO books (title, authors, price, rating)
    VALUES (%s, %s, %s, %s)
    , parameters: ("Data: Principles To Practice - Volume 1 'Foundations': Essential Foundations: Key Concepts behind Data Architecture, Engineering and Analysis for Professionals", 'Mr Alex Holloway', '11.', '4.7 out of 5 stars')
[2024-08-20T04:46:22.123+0000] {sql.py:518} INFO - Rows affected: 1
[2024-08-20T04:46:22.135+0000] {base.py:84} INFO - Retrieving connection 'books_connection'
[2024-08-20T04:46:22.144+0000] {sql.py:509} INFO - Running statement: 
    INSERT INTO books (title, authors, price, rating)
    VALUES (%s, %s, %s, %s)
    , parameters: ('Mastering Large Datasets with Python: Parallelize and Distribute Your Python Code', 'John T. Wolohan', '49.', '3.9 out of 5 stars')
[2024-08-20T04:46:22.146+0000] {sql.py:518} INFO - Rows affected: 1
[2024-08-20T04:46:22.164+0000] {base.py:84} INFO - Retrieving connection 'books_connection'
[2024-08-20T04:46:22.171+0000] {sql.py:509} INFO - Running statement: 
    INSERT INTO books (title, authors, price, rating)
    VALUES (%s, %s, %s, %s)
    , parameters: ('Build a Career in Data Science', 'Emily Robinson', '35.', '4.6 out of 5 stars')
[2024-08-20T04:46:22.173+0000] {sql.py:518} INFO - Rows affected: 1
[2024-08-20T04:46:22.186+0000] {base.py:84} INFO - Retrieving connection 'books_connection'
[2024-08-20T04:46:22.192+0000] {sql.py:509} INFO - Running statement: 
    INSERT INTO books (title, authors, price, rating)
    VALUES (%s, %s, %s, %s)
    , parameters: ('Data Engineering with Databricks Cookbook: Build effective data and AI solutions using Apache Spark, Databricks, and Delta Lake', 'Pulkit Chadha', '42.', '4.2 out of 5 stars')
[2024-08-20T04:46:22.194+0000] {sql.py:518} INFO - Rows affected: 1
[2024-08-20T04:46:22.209+0000] {base.py:84} INFO - Retrieving connection 'books_connection'
[2024-08-20T04:46:22.214+0000] {sql.py:509} INFO - Running statement: 
    INSERT INTO books (title, authors, price, rating)
    VALUES (%s, %s, %s, %s)
    , parameters: ('Data Engineering with dbt: A practical guide to building a cloud-based, pragmatic, and dependable data platform with SQL', 'Roberto Zagni', '37.', '4.6 out of 5 stars')
[2024-08-20T04:46:22.216+0000] {sql.py:518} INFO - Rows affected: 1
[2024-08-20T04:46:22.234+0000] {base.py:84} INFO - Retrieving connection 'books_connection'
[2024-08-20T04:46:22.245+0000] {sql.py:509} INFO - Running statement: 
    INSERT INTO books (title, authors, price, rating)
    VALUES (%s, %s, %s, %s)
    , parameters: ('Data-Driven Science and Engineering: Machine Learning, Dynamical Systems, and Control', 'Steven L. Brunton', '64.', '4.7 out of 5 stars')
[2024-08-20T04:46:22.247+0000] {sql.py:518} INFO - Rows affected: 1
[2024-08-20T04:46:22.264+0000] {base.py:84} INFO - Retrieving connection 'books_connection'
[2024-08-20T04:46:22.273+0000] {sql.py:509} INFO - Running statement: 
    INSERT INTO books (title, authors, price, rating)
    VALUES (%s, %s, %s, %s)
    , parameters: ('Data Analysis with Python and PySpark', 'Jonathan Rioux', '55.', '4.4 out of 5 stars')
[2024-08-20T04:46:22.276+0000] {sql.py:518} INFO - Rows affected: 1
[2024-08-20T04:46:22.288+0000] {base.py:84} INFO - Retrieving connection 'books_connection'
[2024-08-20T04:46:22.294+0000] {sql.py:509} INFO - Running statement: 
    INSERT INTO books (title, authors, price, rating)
    VALUES (%s, %s, %s, %s)
    , parameters: ("Ultimate Data Engineering with Databricks: Develop Scalable Data Pipelines Using Data Engineering's Core Tenets Such as Delta Tables, Ingestion, ... Security, and Scalability (English Edition)", 'Mayank Malhotra', '37.', '3.8 out of 5 stars')
[2024-08-20T04:46:22.296+0000] {sql.py:518} INFO - Rows affected: 1
[2024-08-20T04:46:22.312+0000] {base.py:84} INFO - Retrieving connection 'books_connection'
[2024-08-20T04:46:22.317+0000] {sql.py:509} INFO - Running statement: 
    INSERT INTO books (title, authors, price, rating)
    VALUES (%s, %s, %s, %s)
    , parameters: ('Python Data Engineering Resources: Boost Your Career With This Python Handbook; Prepare For Python Interview; Python Programming Cookbook For Beginners and Experienced; Python Data Analysis and More', 'Vajo Lukic', '9.', '4.8 out of 5 stars')
[2024-08-20T04:46:22.320+0000] {sql.py:518} INFO - Rows affected: 1
[2024-08-20T04:46:22.339+0000] {base.py:84} INFO - Retrieving connection 'books_connection'
[2024-08-20T04:46:22.345+0000] {sql.py:509} INFO - Running statement: 
    INSERT INTO books (title, authors, price, rating)
    VALUES (%s, %s, %s, %s)
    , parameters: ('DATA ENGINEERING AND AI FOR BEGINNERS: Revolutionizing Data Processing and Analytics by Leveraging Artificial Intelligence for Efficient Input Collection, Storage, and Transformation (World of AI)', 'Paperback', '13.', '4.4 out of 5 stars')
[2024-08-20T04:46:22.347+0000] {sql.py:518} INFO - Rows affected: 1
[2024-08-20T04:46:22.362+0000] {base.py:84} INFO - Retrieving connection 'books_connection'
[2024-08-20T04:46:22.368+0000] {sql.py:509} INFO - Running statement: 
    INSERT INTO books (title, authors, price, rating)
    VALUES (%s, %s, %s, %s)
    , parameters: ('Data Engineering with Apache Spark, Delta Lake, and Lakehouse: Create scalable pipelines that ingest, curate, and aggregate complex data in a timely and secure way', 'Manoj Kukreja', '29.', '3.9 out of 5 stars')
[2024-08-20T04:46:22.369+0000] {sql.py:518} INFO - Rows affected: 1
[2024-08-20T04:46:22.384+0000] {base.py:84} INFO - Retrieving connection 'books_connection'
[2024-08-20T04:46:22.389+0000] {sql.py:509} INFO - Running statement: 
    INSERT INTO books (title, authors, price, rating)
    VALUES (%s, %s, %s, %s)
    , parameters: ('Data Mesh: Delivering Data-Driven Value at Scale', 'Zhamak Dehghani', '43.', '4.5 out of 5 stars')
[2024-08-20T04:46:22.393+0000] {sql.py:518} INFO - Rows affected: 1
[2024-08-20T04:46:22.406+0000] {base.py:84} INFO - Retrieving connection 'books_connection'
[2024-08-20T04:46:22.410+0000] {sql.py:509} INFO - Running statement: 
    INSERT INTO books (title, authors, price, rating)
    VALUES (%s, %s, %s, %s)
    , parameters: ('Machine Learning Engineering', 'Andriy Burkov', '39.', '4.7 out of 5 stars')
[2024-08-20T04:46:22.412+0000] {sql.py:518} INFO - Rows affected: 1
[2024-08-20T04:46:22.423+0000] {base.py:84} INFO - Retrieving connection 'books_connection'
[2024-08-20T04:46:22.429+0000] {sql.py:509} INFO - Running statement: 
    INSERT INTO books (title, authors, price, rating)
    VALUES (%s, %s, %s, %s)
    , parameters: ('The Enterprise Data Catalog: Improve Data Discovery, Ensure Data Governance, and Enable Innovation', 'Ole Olesen-Bagneux', '31.', '4.5 out of 5 stars')
[2024-08-20T04:46:22.431+0000] {sql.py:518} INFO - Rows affected: 1
[2024-08-20T04:46:22.445+0000] {base.py:84} INFO - Retrieving connection 'books_connection'
[2024-08-20T04:46:22.450+0000] {sql.py:509} INFO - Running statement: 
    INSERT INTO books (title, authors, price, rating)
    VALUES (%s, %s, %s, %s)
    , parameters: ('Data Engineering with Databricks', 'Paperback', '25.', '3.4 out of 5 stars')
[2024-08-20T04:46:22.452+0000] {sql.py:518} INFO - Rows affected: 1
[2024-08-20T04:46:22.463+0000] {base.py:84} INFO - Retrieving connection 'books_connection'
[2024-08-20T04:46:22.469+0000] {sql.py:509} INFO - Running statement: 
    INSERT INTO books (title, authors, price, rating)
    VALUES (%s, %s, %s, %s)
    , parameters: ('Ace the Data Science Interview: 201 Real Interview Questions Asked By FAANG, Tech Startups, & Wall Street', 'Nick Singh', '42.', '4.5 out of 5 stars')
[2024-08-20T04:46:22.473+0000] {sql.py:518} INFO - Rows affected: 1
[2024-08-20T04:46:22.484+0000] {base.py:84} INFO - Retrieving connection 'books_connection'
[2024-08-20T04:46:22.492+0000] {sql.py:509} INFO - Running statement: 
    INSERT INTO books (title, authors, price, rating)
    VALUES (%s, %s, %s, %s)
    , parameters: ('Modern Data Engineering with Apache Spark: A Hands-On Guide for Building Mission-Critical Streaming Applications', 'Scott Haines', '30.', '4.1 out of 5 stars')
[2024-08-20T04:46:22.497+0000] {sql.py:518} INFO - Rows affected: 1
[2024-08-20T04:46:22.508+0000] {base.py:84} INFO - Retrieving connection 'books_connection'
[2024-08-20T04:46:22.512+0000] {sql.py:509} INFO - Running statement: 
    INSERT INTO books (title, authors, price, rating)
    VALUES (%s, %s, %s, %s)
    , parameters: ('Data Modeling with Snowflake: A practical guide to accelerating Snowflake development using universal data modeling techniques', 'Serge Gershkovich', '36.', '4.8 out of 5 stars')
[2024-08-20T04:46:22.514+0000] {sql.py:518} INFO - Rows affected: 1
[2024-08-20T04:46:22.529+0000] {base.py:84} INFO - Retrieving connection 'books_connection'
[2024-08-20T04:46:22.536+0000] {sql.py:509} INFO - Running statement: 
    INSERT INTO books (title, authors, price, rating)
    VALUES (%s, %s, %s, %s)
    , parameters: ('Storytelling with Data: A Data Visualization Guide for Business Professionals', 'Cole Nussbaumer Knaflic', '27.', '4.6 out of 5 stars')
[2024-08-20T04:46:22.540+0000] {sql.py:518} INFO - Rows affected: 1
[2024-08-20T04:46:22.552+0000] {base.py:84} INFO - Retrieving connection 'books_connection'
[2024-08-20T04:46:22.558+0000] {sql.py:509} INFO - Running statement: 
    INSERT INTO books (title, authors, price, rating)
    VALUES (%s, %s, %s, %s)
    , parameters: ('97 Things Every Data Engineer Should Know: Collective Wisdom from the Experts', 'Audible Audiobook', '0.', '4.1 out of 5 stars')
[2024-08-20T04:46:22.561+0000] {sql.py:518} INFO - Rows affected: 1
[2024-08-20T04:46:22.571+0000] {base.py:84} INFO - Retrieving connection 'books_connection'
[2024-08-20T04:46:22.578+0000] {sql.py:509} INFO - Running statement: 
    INSERT INTO books (title, authors, price, rating)
    VALUES (%s, %s, %s, %s)
    , parameters: ("Data Quality Fundamentals: A Practitioner's Guide to Building Trustworthy Data Pipelines", 'Paperback', '45.', '4.1 out of 5 stars')
[2024-08-20T04:46:22.580+0000] {sql.py:518} INFO - Rows affected: 1
[2024-08-20T04:46:22.592+0000] {base.py:84} INFO - Retrieving connection 'books_connection'
[2024-08-20T04:46:22.596+0000] {sql.py:509} INFO - Running statement: 
    INSERT INTO books (title, authors, price, rating)
    VALUES (%s, %s, %s, %s)
    , parameters: ('Data Engineering with Google Cloud Platform: A practical guide to operationalizing scalable data analytics systems on GCP', 'Adi Wijaya', '41.', '4.7 out of 5 stars')
[2024-08-20T04:46:22.598+0000] {sql.py:518} INFO - Rows affected: 1
[2024-08-20T04:46:22.609+0000] {base.py:84} INFO - Retrieving connection 'books_connection'
[2024-08-20T04:46:22.614+0000] {sql.py:509} INFO - Running statement: 
    INSERT INTO books (title, authors, price, rating)
    VALUES (%s, %s, %s, %s)
    , parameters: ('Fundamentals of Data Analytics: Learn Essential Skills, Embrace the Future, and Catapult Your Career in the Data-Driven World—A Comprehensive Guide to Data Literacy for Beginners', 'Russell Dawson', '16.', '4.8 out of 5 stars')
[2024-08-20T04:46:22.616+0000] {sql.py:518} INFO - Rows affected: 1
[2024-08-20T04:46:22.627+0000] {base.py:84} INFO - Retrieving connection 'books_connection'
[2024-08-20T04:46:22.630+0000] {sql.py:509} INFO - Running statement: 
    INSERT INTO books (title, authors, price, rating)
    VALUES (%s, %s, %s, %s)
    , parameters: ('Prompt Engineering for Generative AI: Future-Proof Inputs for Reliable AI Outputs', 'James Phoenix', '57.', '4.4 out of 5 stars')
[2024-08-20T04:46:22.633+0000] {sql.py:518} INFO - Rows affected: 1
[2024-08-20T04:46:22.643+0000] {base.py:84} INFO - Retrieving connection 'books_connection'
[2024-08-20T04:46:22.647+0000] {sql.py:509} INFO - Running statement: 
    INSERT INTO books (title, authors, price, rating)
    VALUES (%s, %s, %s, %s)
    , parameters: ('Analytics Engineering with SQL and dbt: Building Meaningful Data Models at Scale', 'Rui Pedro Machado', '41.', '3.8 out of 5 stars')
[2024-08-20T04:46:22.649+0000] {sql.py:518} INFO - Rows affected: 1
[2024-08-20T04:46:22.659+0000] {base.py:84} INFO - Retrieving connection 'books_connection'
[2024-08-20T04:46:22.664+0000] {sql.py:509} INFO - Running statement: 
    INSERT INTO books (title, authors, price, rating)
    VALUES (%s, %s, %s, %s)
    , parameters: ('Python Programming and SQL: 5 books in 1 - The #1 Coding Course from Beginner to Advanced. Learn it Well & Fast (2024) (Computer Programming)', 'Paperback', '32.', '4.3 out of 5 stars')
[2024-08-20T04:46:22.666+0000] {sql.py:518} INFO - Rows affected: 1
[2024-08-20T04:46:22.675+0000] {base.py:84} INFO - Retrieving connection 'books_connection'
[2024-08-20T04:46:22.680+0000] {sql.py:509} INFO - Running statement: 
    INSERT INTO books (title, authors, price, rating)
    VALUES (%s, %s, %s, %s)
    , parameters: ("Azure Data Factory Cookbook - Second Edition: A data engineer's guide to building and managing ETL and ELT pipelines with data integration", 'Dmitry Foshin', '51.', '4.4 out of 5 stars')
[2024-08-20T04:46:22.681+0000] {sql.py:518} INFO - Rows affected: 1
[2024-08-20T04:46:22.692+0000] {base.py:84} INFO - Retrieving connection 'books_connection'
[2024-08-20T04:46:22.696+0000] {sql.py:509} INFO - Running statement: 
    INSERT INTO books (title, authors, price, rating)
    VALUES (%s, %s, %s, %s)
    , parameters: ('Data Observability for Data Engineering: Proactive strategies for ensuring data accuracy and addressing broken data pipelines', 'Michele Pinto', '18.', '3.7 out of 5 stars')
[2024-08-20T04:46:22.697+0000] {sql.py:518} INFO - Rows affected: 1
[2024-08-20T04:46:22.707+0000] {base.py:84} INFO - Retrieving connection 'books_connection'
[2024-08-20T04:46:22.711+0000] {sql.py:509} INFO - Running statement: 
    INSERT INTO books (title, authors, price, rating)
    VALUES (%s, %s, %s, %s)
    , parameters: ('The Data Warehouse Toolkit: The Definitive Guide to Dimensional Modeling', 'Paperback', '47.', '4.7 out of 5 stars')
[2024-08-20T04:46:22.713+0000] {sql.py:518} INFO - Rows affected: 1
[2024-08-20T04:46:22.722+0000] {base.py:84} INFO - Retrieving connection 'books_connection'
[2024-08-20T04:46:22.726+0000] {sql.py:509} INFO - Running statement: 
    INSERT INTO books (title, authors, price, rating)
    VALUES (%s, %s, %s, %s)
    , parameters: ('Official Google Cloud Certified Professional Data Engineer Study Guide', 'Dan Sullivan', '33.', '4.5 out of 5 stars')
[2024-08-20T04:46:22.728+0000] {sql.py:518} INFO - Rows affected: 1
[2024-08-20T04:46:22.737+0000] {base.py:84} INFO - Retrieving connection 'books_connection'
[2024-08-20T04:46:22.742+0000] {sql.py:509} INFO - Running statement: 
    INSERT INTO books (title, authors, price, rating)
    VALUES (%s, %s, %s, %s)
    , parameters: ('Concepts of Generative AI and Data Engineering: Vital Concepts in Data Engineering and the World of Generative AI', 'Kindle', '29.', '5.0 out of 5 stars')
[2024-08-20T04:46:22.744+0000] {sql.py:518} INFO - Rows affected: 1
[2024-08-20T04:46:22.754+0000] {base.py:84} INFO - Retrieving connection 'books_connection'
[2024-08-20T04:46:22.758+0000] {sql.py:509} INFO - Running statement: 
    INSERT INTO books (title, authors, price, rating)
    VALUES (%s, %s, %s, %s)
    , parameters: ('Data Privacy: A runbook for engineers', 'Nishant Bhajaria', '32.', '4.8 out of 5 stars')
[2024-08-20T04:46:22.760+0000] {sql.py:518} INFO - Rows affected: 1
[2024-08-20T04:46:22.769+0000] {base.py:84} INFO - Retrieving connection 'books_connection'
[2024-08-20T04:46:22.773+0000] {sql.py:509} INFO - Running statement: 
    INSERT INTO books (title, authors, price, rating)
    VALUES (%s, %s, %s, %s)
    , parameters: ('Data Engineering and Data Science for Babies: Activity Workbook Part 1', 'Paperback', '9.', '4.1 out of 5 stars')
[2024-08-20T04:46:22.775+0000] {sql.py:518} INFO - Rows affected: 1
[2024-08-20T04:46:22.784+0000] {base.py:84} INFO - Retrieving connection 'books_connection'
[2024-08-20T04:46:22.789+0000] {sql.py:509} INFO - Running statement: 
    INSERT INTO books (title, authors, price, rating)
    VALUES (%s, %s, %s, %s)
    , parameters: ('Data Analytics, Data Visualization & Communicating Data: 3 books in 1: Learn the Processes of Data Analytics and Data Science, Create Engaging Data Visualizations, and Present Data Effectively', 'Audible Audiobook', '0.', '4.5 out of 5 stars')
[2024-08-20T04:46:22.791+0000] {sql.py:518} INFO - Rows affected: 1
[2024-08-20T04:46:22.800+0000] {base.py:84} INFO - Retrieving connection 'books_connection'
[2024-08-20T04:46:22.805+0000] {sql.py:509} INFO - Running statement: 
    INSERT INTO books (title, authors, price, rating)
    VALUES (%s, %s, %s, %s)
    , parameters: ('Learning Spark: Lightning-Fast Data Analytics', 'Jules S. Damji', '43.', '4.7 out of 5 stars')
[2024-08-20T04:46:22.807+0000] {sql.py:518} INFO - Rows affected: 1
[2024-08-20T04:46:22.815+0000] {base.py:84} INFO - Retrieving connection 'books_connection'
[2024-08-20T04:46:22.820+0000] {sql.py:509} INFO - Running statement: 
    INSERT INTO books (title, authors, price, rating)
    VALUES (%s, %s, %s, %s)
    , parameters: ('Fundamentals of Data Engineering: Efficiency, Insight, Impact: Transforming Data into Value through Expert Engineering Practices', 'Joseph Achakji', '0.', '4.6 out of 5 stars')
[2024-08-20T04:46:22.822+0000] {sql.py:518} INFO - Rows affected: 1
[2024-08-20T04:46:22.831+0000] {base.py:84} INFO - Retrieving connection 'books_connection'
[2024-08-20T04:46:22.835+0000] {sql.py:509} INFO - Running statement: 
    INSERT INTO books (title, authors, price, rating)
    VALUES (%s, %s, %s, %s)
    , parameters: ('Data Stewardship: An Actionable Guide to Effective Data Management and Data Governance', 'Paperback', '46.', '4.7 out of 5 stars')
[2024-08-20T04:46:22.837+0000] {sql.py:518} INFO - Rows affected: 1
[2024-08-20T04:46:22.846+0000] {base.py:84} INFO - Retrieving connection 'books_connection'
[2024-08-20T04:46:22.850+0000] {sql.py:509} INFO - Running statement: 
    INSERT INTO books (title, authors, price, rating)
    VALUES (%s, %s, %s, %s)
    , parameters: ("SQL QuickStart Guide: The Simplified Beginner's Guide to Managing, Analyzing, and Manipulating Data With SQL (Coding & Programming - QuickStart Guides)", 'Paperback', '18.', '4.6 out of 5 stars')
[2024-08-20T04:46:22.851+0000] {sql.py:518} INFO - Rows affected: 1
[2024-08-20T04:46:22.861+0000] {base.py:84} INFO - Retrieving connection 'books_connection'
[2024-08-20T04:46:22.864+0000] {sql.py:509} INFO - Running statement: 
    INSERT INTO books (title, authors, price, rating)
    VALUES (%s, %s, %s, %s)
    , parameters: ('Database Internals: A Deep Dive into How Distributed Data Systems Work', 'Alex Petrov', '36.', '4.6 out of 5 stars')
[2024-08-20T04:46:22.866+0000] {sql.py:518} INFO - Rows affected: 1
[2024-08-20T04:46:22.875+0000] {base.py:84} INFO - Retrieving connection 'books_connection'
[2024-08-20T04:46:22.880+0000] {sql.py:509} INFO - Running statement: 
    INSERT INTO books (title, authors, price, rating)
    VALUES (%s, %s, %s, %s)
    , parameters: ('Electrical engineering without prior knowledge: Understand the basics within 7 days (Become an Engineer Without Prior Knowledge)', 'Paperback', '17.', '4.4 out of 5 stars')
[2024-08-20T04:46:22.882+0000] {sql.py:518} INFO - Rows affected: 1
[2024-08-20T04:46:22.895+0000] {base.py:84} INFO - Retrieving connection 'books_connection'
[2024-08-20T04:46:22.904+0000] {sql.py:509} INFO - Running statement: 
    INSERT INTO books (title, authors, price, rating)
    VALUES (%s, %s, %s, %s)
    , parameters: ('Machine Learning Engineering with Python - Second Edition: Manage the lifecycle of machine learning models using MLOps with practical examples', 'Andrew McMahon', '32.', '4.7 out of 5 stars')
[2024-08-20T04:46:22.906+0000] {sql.py:518} INFO - Rows affected: 1
[2024-08-20T04:46:22.915+0000] {base.py:84} INFO - Retrieving connection 'books_connection'
[2024-08-20T04:46:22.919+0000] {sql.py:509} INFO - Running statement: 
    INSERT INTO books (title, authors, price, rating)
    VALUES (%s, %s, %s, %s)
    , parameters: ('Salesforce CRM Administration Handbook: A comprehensive guide to administering, configuring, and customizing Salesforce CRM', 'Krzysztof Nowacki', '35.', '5.0 out of 5 stars')
[2024-08-20T04:46:22.921+0000] {sql.py:518} INFO - Rows affected: 1
[2024-08-20T04:46:22.930+0000] {base.py:84} INFO - Retrieving connection 'books_connection'
[2024-08-20T04:46:22.934+0000] {sql.py:509} INFO - Running statement: 
    INSERT INTO books (title, authors, price, rating)
    VALUES (%s, %s, %s, %s)
    , parameters: ('Better Data Visualizations: A Guide for Scholars, Researchers, and Wonks', 'Jonathan Schwabish', '26.', '4.5 out of 5 stars')
[2024-08-20T04:46:22.936+0000] {sql.py:518} INFO - Rows affected: 1
[2024-08-20T04:46:22.945+0000] {base.py:84} INFO - Retrieving connection 'books_connection'
[2024-08-20T04:46:22.950+0000] {sql.py:509} INFO - Running statement: 
    INSERT INTO books (title, authors, price, rating)
    VALUES (%s, %s, %s, %s)
    , parameters: ('Azure Data Engineering Cookbook - Second Edition: Get well versed in various data engineering techniques in Azure using this recipe-based guide', 'Nagaraj Venkatesan', '51.', '3.5 out of 5 stars')
[2024-08-20T04:46:22.951+0000] {sql.py:518} INFO - Rows affected: 1
[2024-08-20T04:46:22.960+0000] {base.py:84} INFO - Retrieving connection 'books_connection'
[2024-08-20T04:46:22.965+0000] {sql.py:509} INFO - Running statement: 
    INSERT INTO books (title, authors, price, rating)
    VALUES (%s, %s, %s, %s)
    , parameters: ('Restricted Data: The History of Nuclear Secrecy in the United States', 'Alex Wellerstein', '2.', '4.7 out of 5 stars')
[2024-08-20T04:46:22.966+0000] {sql.py:518} INFO - Rows affected: 1
[2024-08-20T04:46:22.976+0000] {base.py:84} INFO - Retrieving connection 'books_connection'
[2024-08-20T04:46:22.980+0000] {sql.py:509} INFO - Running statement: 
    INSERT INTO books (title, authors, price, rating)
    VALUES (%s, %s, %s, %s)
    , parameters: ('Mastering the Data Paradox: Key to Winning in the AI Age', 'Nitin Seth', '18.', '4.8 out of 5 stars')
[2024-08-20T04:46:22.982+0000] {sql.py:518} INFO - Rows affected: 1
[2024-08-20T04:46:22.991+0000] {base.py:84} INFO - Retrieving connection 'books_connection'
[2024-08-20T04:46:22.995+0000] {sql.py:509} INFO - Running statement: 
    INSERT INTO books (title, authors, price, rating)
    VALUES (%s, %s, %s, %s)
    , parameters: ('Data Engineering with Scala and Spark: A practical guide helping you build streaming and batch pipelines that process massive amounts of data using Scala', 'Eric Tome', '36.', '4.3 out of 5 stars')
[2024-08-20T04:46:22.997+0000] {sql.py:518} INFO - Rows affected: 1
[2024-08-20T04:46:23.006+0000] {base.py:84} INFO - Retrieving connection 'books_connection'
[2024-08-20T04:46:23.010+0000] {sql.py:509} INFO - Running statement: 
    INSERT INTO books (title, authors, price, rating)
    VALUES (%s, %s, %s, %s)
    , parameters: ('Data Wise in Action: Stories of Schools Using Data to Improve Teaching and Learning', 'Kathryn Parker Boudett', '30.', '4.5 out of 5 stars')
[2024-08-20T04:46:23.012+0000] {sql.py:518} INFO - Rows affected: 1
[2024-08-20T04:46:23.020+0000] {base.py:84} INFO - Retrieving connection 'books_connection'
[2024-08-20T04:46:23.025+0000] {sql.py:509} INFO - Running statement: 
    INSERT INTO books (title, authors, price, rating)
    VALUES (%s, %s, %s, %s)
    , parameters: ('Practical Reverse Engineering: x86, x64, ARM, Windows Kernel, Reversing Tools, and Obfuscation', 'Bruce Dang', '34.', '4.6 out of 5 stars')
[2024-08-20T04:46:23.026+0000] {sql.py:518} INFO - Rows affected: 1
[2024-08-20T04:46:23.035+0000] {base.py:84} INFO - Retrieving connection 'books_connection'
[2024-08-20T04:46:23.039+0000] {sql.py:509} INFO - Running statement: 
    INSERT INTO books (title, authors, price, rating)
    VALUES (%s, %s, %s, %s)
    , parameters: ('Driving Data Quality with Data Contracts: A comprehensive guide to building reliable, trusted, and effective data platforms', 'Andrew Jones', '28.', '4.6 out of 5 stars')
[2024-08-20T04:46:23.041+0000] {sql.py:518} INFO - Rows affected: 1
[2024-08-20T04:46:23.050+0000] {base.py:84} INFO - Retrieving connection 'books_connection'
[2024-08-20T04:46:23.054+0000] {sql.py:509} INFO - Running statement: 
    INSERT INTO books (title, authors, price, rating)
    VALUES (%s, %s, %s, %s)
    , parameters: ('The Art of Doing Science and Engineering: Learning to Learn', 'Richard W. Hamming', '19.', '4.6 out of 5 stars')
[2024-08-20T04:46:23.056+0000] {sql.py:518} INFO - Rows affected: 1
[2024-08-20T04:46:23.064+0000] {base.py:84} INFO - Retrieving connection 'books_connection'
[2024-08-20T04:46:23.068+0000] {sql.py:509} INFO - Running statement: 
    INSERT INTO books (title, authors, price, rating)
    VALUES (%s, %s, %s, %s)
    , parameters: ('Data Juice: 101 Stories of How Organizations Are Squeezing Value from Available Data Assets', 'Douglas B. Laney', '27.', '4.1 out of 5 stars')
[2024-08-20T04:46:23.070+0000] {sql.py:518} INFO - Rows affected: 1
[2024-08-20T04:46:23.079+0000] {base.py:84} INFO - Retrieving connection 'books_connection'
[2024-08-20T04:46:23.082+0000] {sql.py:509} INFO - Running statement: 
    INSERT INTO books (title, authors, price, rating)
    VALUES (%s, %s, %s, %s)
    , parameters: ('Azure Data Engineer Associate Certification Guide: A hands-on reference guide to developing your data engineering skills and preparing for the DP-203 exam', 'Newton Alex', '54.', '3.9 out of 5 stars')
[2024-08-20T04:46:23.084+0000] {sql.py:518} INFO - Rows affected: 1
[2024-08-20T04:46:23.093+0000] {base.py:84} INFO - Retrieving connection 'books_connection'
[2024-08-20T04:46:23.097+0000] {sql.py:509} INFO - Running statement: 
    INSERT INTO books (title, authors, price, rating)
    VALUES (%s, %s, %s, %s)
    , parameters: ('Data Engineering Fundamentals for Beginners: Mastering the Art of Building, Managing, and Scaling Data Systems', 'Paperback', '14.', '5.0 out of 5 stars')
[2024-08-20T04:46:23.100+0000] {sql.py:518} INFO - Rows affected: 1
[2024-08-20T04:46:23.109+0000] {base.py:84} INFO - Retrieving connection 'books_connection'
[2024-08-20T04:46:23.112+0000] {sql.py:509} INFO - Running statement: 
    INSERT INTO books (title, authors, price, rating)
    VALUES (%s, %s, %s, %s)
    , parameters: ('Modeling and Simulation in Python: An Introduction for Scientists and Engineers', 'Allen B. Downey', '32.', '4.5 out of 5 stars')
[2024-08-20T04:46:23.115+0000] {sql.py:518} INFO - Rows affected: 1
[2024-08-20T04:46:23.124+0000] {base.py:84} INFO - Retrieving connection 'books_connection'
[2024-08-20T04:46:23.128+0000] {sql.py:509} INFO - Running statement: 
    INSERT INTO books (title, authors, price, rating)
    VALUES (%s, %s, %s, %s)
    , parameters: ("System Design Interview – An insider's guide", 'Alex Xu', '37.', '4.6 out of 5 stars')
[2024-08-20T04:46:23.130+0000] {sql.py:518} INFO - Rows affected: 1
[2024-08-20T04:46:23.139+0000] {base.py:84} INFO - Retrieving connection 'books_connection'
[2024-08-20T04:46:23.144+0000] {sql.py:509} INFO - Running statement: 
    INSERT INTO books (title, authors, price, rating)
    VALUES (%s, %s, %s, %s)
    , parameters: ('Feature Engineering for Machine Learning: Principles and Techniques for Data Scientists', 'Alice Zheng', '41.', '4.4 out of 5 stars')
[2024-08-20T04:46:23.146+0000] {sql.py:518} INFO - Rows affected: 1
[2024-08-20T04:46:23.155+0000] {base.py:84} INFO - Retrieving connection 'books_connection'
[2024-08-20T04:46:23.159+0000] {sql.py:509} INFO - Running statement: 
    INSERT INTO books (title, authors, price, rating)
    VALUES (%s, %s, %s, %s)
    , parameters: ('Master in 30 Days: AWS Certified Data Engineer Associate Exam', 'Bryant Pollard II', '0.', '5.0 out of 5 stars')
[2024-08-20T04:46:23.161+0000] {sql.py:518} INFO - Rows affected: 1
[2024-08-20T04:46:23.170+0000] {base.py:84} INFO - Retrieving connection 'books_connection'
[2024-08-20T04:46:23.175+0000] {sql.py:509} INFO - Running statement: 
    INSERT INTO books (title, authors, price, rating)
    VALUES (%s, %s, %s, %s)
    , parameters: ('Engineers Survival Guide: Advice, tactics, and tricks After a decade of working at Facebook, Snapchat, and Microsoft', 'Merih Taze', '29.', '4.4 out of 5 stars')
[2024-08-20T04:46:23.176+0000] {sql.py:518} INFO - Rows affected: 1
[2024-08-20T04:46:23.185+0000] {base.py:84} INFO - Retrieving connection 'books_connection'
[2024-08-20T04:46:23.190+0000] {sql.py:509} INFO - Running statement: 
    INSERT INTO books (title, authors, price, rating)
    VALUES (%s, %s, %s, %s)
    , parameters: ('A Common-Sense Guide to Data Structures and Algorithms, Second Edition: Level Up Your Core Programming Skills', 'Jay Wengrow', '39.', '4.7 out of 5 stars')
[2024-08-20T04:46:23.191+0000] {sql.py:518} INFO - Rows affected: 1
[2024-08-20T04:46:23.200+0000] {base.py:84} INFO - Retrieving connection 'books_connection'
[2024-08-20T04:46:23.204+0000] {sql.py:509} INFO - Running statement: 
    INSERT INTO books (title, authors, price, rating)
    VALUES (%s, %s, %s, %s)
    , parameters: ('SQL Data Analytics Made Easy: Your Step-by-Step Guide to Unlocking Data’s Hidden Secrets: Demystify complex concepts, and harness the power of data to drive intelligent decision-making effortlessly.', 'L.D. Knowings', '14.', '4.1 out of 5 stars')
[2024-08-20T04:46:23.206+0000] {sql.py:518} INFO - Rows affected: 1
[2024-08-20T04:46:23.215+0000] {base.py:84} INFO - Retrieving connection 'books_connection'
[2024-08-20T04:46:23.219+0000] {sql.py:509} INFO - Running statement: 
    INSERT INTO books (title, authors, price, rating)
    VALUES (%s, %s, %s, %s)
    , parameters: ('Data Science (The MIT Press Essential Knowledge series)', 'Paperback', '10.', '4.4 out of 5 stars')
[2024-08-20T04:46:23.222+0000] {sql.py:518} INFO - Rows affected: 1
[2024-08-20T04:46:23.230+0000] {base.py:84} INFO - Retrieving connection 'books_connection'
[2024-08-20T04:46:23.234+0000] {sql.py:509} INFO - Running statement: 
    INSERT INTO books (title, authors, price, rating)
    VALUES (%s, %s, %s, %s)
    , parameters: ('Data Wise, Revised and Expanded Edition: A Step-by-Step Guide to Using Assessment Results to Improve Teaching and Learning', 'Kathryn Parker Boudett', '32.', '4.6 out of 5 stars')
[2024-08-20T04:46:23.237+0000] {sql.py:518} INFO - Rows affected: 1
[2024-08-20T04:46:23.246+0000] {base.py:84} INFO - Retrieving connection 'books_connection'
[2024-08-20T04:46:23.250+0000] {sql.py:509} INFO - Running statement: 
    INSERT INTO books (title, authors, price, rating)
    VALUES (%s, %s, %s, %s)
    , parameters: ('Fundamentals of Data Visualization: A Primer on Making Informative and Compelling Figures', 'Claus Wilke', '49.', '4.6 out of 5 stars')
[2024-08-20T04:46:23.252+0000] {sql.py:518} INFO - Rows affected: 1
[2024-08-20T04:46:23.261+0000] {base.py:84} INFO - Retrieving connection 'books_connection'
[2024-08-20T04:46:23.266+0000] {sql.py:509} INFO - Running statement: 
    INSERT INTO books (title, authors, price, rating)
    VALUES (%s, %s, %s, %s)
    , parameters: ('Technology is Dead', 'Paperback', '23.', '5.0 out of 5 stars')
[2024-08-20T04:46:23.268+0000] {sql.py:518} INFO - Rows affected: 1
[2024-08-20T04:46:23.277+0000] {base.py:84} INFO - Retrieving connection 'books_connection'
[2024-08-20T04:46:23.282+0000] {sql.py:509} INFO - Running statement: 
    INSERT INTO books (title, authors, price, rating)
    VALUES (%s, %s, %s, %s)
    , parameters: ('Building ETL Pipelines with Python: Create and deploy enterprise-ready ETL pipelines by employing modern methods', 'Brij Kishore Pandey', '17.', '4.2 out of 5 stars')
[2024-08-20T04:46:23.283+0000] {sql.py:518} INFO - Rows affected: 1
[2024-08-20T04:46:23.294+0000] {base.py:84} INFO - Retrieving connection 'books_connection'
[2024-08-20T04:46:23.298+0000] {sql.py:509} INFO - Running statement: 
    INSERT INTO books (title, authors, price, rating)
    VALUES (%s, %s, %s, %s)
    , parameters: ('Hypothesis Testing: An Intuitive Guide for Making Data Driven Decisions', 'Jim Frost', '23.', '4.5 out of 5 stars')
[2024-08-20T04:46:23.300+0000] {sql.py:518} INFO - Rows affected: 1
[2024-08-20T04:46:23.310+0000] {base.py:84} INFO - Retrieving connection 'books_connection'
[2024-08-20T04:46:23.315+0000] {sql.py:509} INFO - Running statement: 
    INSERT INTO books (title, authors, price, rating)
    VALUES (%s, %s, %s, %s)
    , parameters: ("Applied Machine Learning and AI for Engineers: Solve Business Problems That Can't Be Solved Algorithmically", 'Jeff Prosise', '55.', '4.5 out of 5 stars')
[2024-08-20T04:46:23.317+0000] {sql.py:518} INFO - Rows affected: 1
[2024-08-20T04:46:23.328+0000] {base.py:84} INFO - Retrieving connection 'books_connection'
[2024-08-20T04:46:23.335+0000] {sql.py:509} INFO - Running statement: 
    INSERT INTO books (title, authors, price, rating)
    VALUES (%s, %s, %s, %s)
    , parameters: ('Data Management at Scale: Modern Data Architecture with Data Mesh and Data Fabric', 'Piethein Strengholt', '47.', '4.5 out of 5 stars')
[2024-08-20T04:46:23.337+0000] {sql.py:518} INFO - Rows affected: 1
[2024-08-20T04:46:23.348+0000] {base.py:84} INFO - Retrieving connection 'books_connection'
[2024-08-20T04:46:23.353+0000] {sql.py:509} INFO - Running statement: 
    INSERT INTO books (title, authors, price, rating)
    VALUES (%s, %s, %s, %s)
    , parameters: ('Ultimate Azure Data Engineering: Build Robust Data Engineering Systems on Azure with SQL, ETL, Data Modeling, and Power BI for Business Insights and Crack Azure Certifications (English Edition)', 'Ashish Agarwal', '39.', '5.0 out of 5 stars')
[2024-08-20T04:46:23.356+0000] {sql.py:518} INFO - Rows affected: 1
[2024-08-20T04:46:23.384+0000] {base.py:84} INFO - Retrieving connection 'books_connection'
[2024-08-20T04:46:23.393+0000] {sql.py:509} INFO - Running statement: 
    INSERT INTO books (title, authors, price, rating)
    VALUES (%s, %s, %s, %s)
    , parameters: ('Practical Fraud Prevention: Fraud and AML Analytics for Fintech and eCommerce, Using SQL and Python', 'Gilit Saporta', '47.', '4.4 out of 5 stars')
[2024-08-20T04:46:23.396+0000] {sql.py:518} INFO - Rows affected: 1
[2024-08-20T04:46:23.410+0000] {base.py:84} INFO - Retrieving connection 'books_connection'
[2024-08-20T04:46:23.417+0000] {sql.py:509} INFO - Running statement: 
    INSERT INTO books (title, authors, price, rating)
    VALUES (%s, %s, %s, %s)
    , parameters: ('The Data Governance Guidebook and Playbook: By a Practitioner for Practitioners', 'Paperback', '25.', '4.3 out of 5 stars')
[2024-08-20T04:46:23.419+0000] {sql.py:518} INFO - Rows affected: 1
[2024-08-20T04:46:23.436+0000] {base.py:84} INFO - Retrieving connection 'books_connection'
[2024-08-20T04:46:23.442+0000] {sql.py:509} INFO - Running statement: 
    INSERT INTO books (title, authors, price, rating)
    VALUES (%s, %s, %s, %s)
    , parameters: ('Data Science on AWS: Implementing End-to-End, Continuous AI and Machine Learning Pipelines', 'Chris Fregly', '11.', '4.5 out of 5 stars')
[2024-08-20T04:46:23.443+0000] {sql.py:518} INFO - Rows affected: 1
[2024-08-20T04:46:23.454+0000] {base.py:84} INFO - Retrieving connection 'books_connection'
[2024-08-20T04:46:23.460+0000] {sql.py:509} INFO - Running statement: 
    INSERT INTO books (title, authors, price, rating)
    VALUES (%s, %s, %s, %s)
    , parameters: ('Superconvergence: How the Genetics, Biotech, and AI Revolutions Will Transform our Lives, Work, and World', 'Jamie Metzl', '23.', '4.3 out of 5 stars')
[2024-08-20T04:46:23.462+0000] {sql.py:518} INFO - Rows affected: 1
[2024-08-20T04:46:23.474+0000] {base.py:84} INFO - Retrieving connection 'books_connection'
[2024-08-20T04:46:23.479+0000] {sql.py:509} INFO - Running statement: 
    INSERT INTO books (title, authors, price, rating)
    VALUES (%s, %s, %s, %s)
    , parameters: ('Understanding Cryptography: A Textbook for Students and Practitioners', 'Christof Paar', '29.', '4.6 out of 5 stars')
[2024-08-20T04:46:23.481+0000] {sql.py:518} INFO - Rows affected: 1
[2024-08-20T04:46:23.494+0000] {base.py:84} INFO - Retrieving connection 'books_connection'
[2024-08-20T04:46:23.499+0000] {sql.py:509} INFO - Running statement: 
    INSERT INTO books (title, authors, price, rating)
    VALUES (%s, %s, %s, %s)
    , parameters: ('Data Grab: The New Colonialism of Big Tech and How to Fight Back', 'Ulises A. Mejias', '21.', '5.0 out of 5 stars')
[2024-08-20T04:46:23.501+0000] {sql.py:518} INFO - Rows affected: 1
[2024-08-20T04:46:23.510+0000] {base.py:84} INFO - Retrieving connection 'books_connection'
[2024-08-20T04:46:23.516+0000] {sql.py:509} INFO - Running statement: 
    INSERT INTO books (title, authors, price, rating)
    VALUES (%s, %s, %s, %s)
    , parameters: ('Competing in the Age of AI: Strategy and Leadership When Algorithms and Networks Run the World', 'Marco Iansiti', '17.', '4.6 out of 5 stars')
[2024-08-20T04:46:23.519+0000] {sql.py:518} INFO - Rows affected: 1
[2024-08-20T04:46:23.540+0000] {base.py:84} INFO - Retrieving connection 'books_connection'
[2024-08-20T04:46:23.547+0000] {sql.py:509} INFO - Running statement: 
    INSERT INTO books (title, authors, price, rating)
    VALUES (%s, %s, %s, %s)
    , parameters: ('Killed by a Traffic Engineer: Shattering the Delusion that Science Underlies our Transportation System', 'Wes Marshall', '33.', '4.5 out of 5 stars')
[2024-08-20T04:46:23.549+0000] {sql.py:518} INFO - Rows affected: 1
[2024-08-20T04:46:23.562+0000] {base.py:84} INFO - Retrieving connection 'books_connection'
[2024-08-20T04:46:23.569+0000] {sql.py:509} INFO - Running statement: 
    INSERT INTO books (title, authors, price, rating)
    VALUES (%s, %s, %s, %s)
    , parameters: ('Systems Engineering Demystified - Second Edition: Apply modern, model-based systems engineering techniques to build complex systems', 'Jon Holt', '45.', '4.7 out of 5 stars')
[2024-08-20T04:46:23.575+0000] {sql.py:518} INFO - Rows affected: 1
[2024-08-20T04:46:23.584+0000] {base.py:84} INFO - Retrieving connection 'books_connection'
[2024-08-20T04:46:23.593+0000] {sql.py:509} INFO - Running statement: 
    INSERT INTO books (title, authors, price, rating)
    VALUES (%s, %s, %s, %s)
    , parameters: ('Python Feature Engineering Cookbook: Over 70 recipes for creating, engineering, and transforming features to build machine learning models, 2nd Edition', 'Soledad Galli', '44.', '4.4 out of 5 stars')
[2024-08-20T04:46:23.595+0000] {sql.py:518} INFO - Rows affected: 1
[2024-08-20T04:46:23.606+0000] {base.py:84} INFO - Retrieving connection 'books_connection'
[2024-08-20T04:46:23.615+0000] {sql.py:509} INFO - Running statement: 
    INSERT INTO books (title, authors, price, rating)
    VALUES (%s, %s, %s, %s)
    , parameters: ('Learning Tableau 2022 - Fifth Edition: Create effective data visualizations, build interactive visual analytics, and improve your data storytelling capabilities', 'Joshua N Milligan', '57.', '4.5 out of 5 stars')
[2024-08-20T04:46:23.618+0000] {sql.py:518} INFO - Rows affected: 1
[2024-08-20T04:46:23.629+0000] {base.py:84} INFO - Retrieving connection 'books_connection'
[2024-08-20T04:46:23.635+0000] {sql.py:509} INFO - Running statement: 
    INSERT INTO books (title, authors, price, rating)
    VALUES (%s, %s, %s, %s)
    , parameters: ('The Data Model Resource Book, Vol. 2: A Library of Data Models for Specific Industries', 'Len Silverston', '68.', '4.1 out of 5 stars')
[2024-08-20T04:46:23.637+0000] {sql.py:518} INFO - Rows affected: 1
[2024-08-20T04:46:23.650+0000] {base.py:84} INFO - Retrieving connection 'books_connection'
[2024-08-20T04:46:23.656+0000] {sql.py:509} INFO - Running statement: 
    INSERT INTO books (title, authors, price, rating)
    VALUES (%s, %s, %s, %s)
    , parameters: ('The Data Model Resource Book, Vol. 1: A Library of Universal Data Models for All Enterprises', 'Len Silverston', '66.', '4.3 out of 5 stars')
[2024-08-20T04:46:23.658+0000] {sql.py:518} INFO - Rows affected: 1
[2024-08-20T04:46:23.668+0000] {base.py:84} INFO - Retrieving connection 'books_connection'
[2024-08-20T04:46:23.676+0000] {sql.py:509} INFO - Running statement: 
    INSERT INTO books (title, authors, price, rating)
    VALUES (%s, %s, %s, %s)
    , parameters: ("Everything Data Analytics A Beginner's Guide to Data Literacy: Understanding the Processes That Turn Data Into Insights", 'Audible Audiobook', '0.', '4.4 out of 5 stars')
[2024-08-20T04:46:23.678+0000] {sql.py:518} INFO - Rows affected: 1
[2024-08-20T04:46:23.689+0000] {base.py:84} INFO - Retrieving connection 'books_connection'
[2024-08-20T04:46:23.694+0000] {sql.py:509} INFO - Running statement: 
    INSERT INTO books (title, authors, price, rating)
    VALUES (%s, %s, %s, %s)
    , parameters: ('Microsoft Azure Data Engineering: The Big Reference Guide (The Data Engineering Series)', 'Kindle', '0.', '4.6 out of 5 stars')
[2024-08-20T04:46:23.696+0000] {sql.py:518} INFO - Rows affected: 1
[2024-08-20T04:46:23.718+0000] {base.py:84} INFO - Retrieving connection 'books_connection'
[2024-08-20T04:46:23.724+0000] {sql.py:509} INFO - Running statement: 
    INSERT INTO books (title, authors, price, rating)
    VALUES (%s, %s, %s, %s)
    , parameters: ('Practical Data Quality: Learn practical, real-world strategies to transform the quality of data in your organization', 'Robert Hawker', '17.', '4.8 out of 5 stars')
[2024-08-20T04:46:23.726+0000] {sql.py:518} INFO - Rows affected: 1
[2024-08-20T04:46:23.739+0000] {base.py:84} INFO - Retrieving connection 'books_connection'
[2024-08-20T04:46:23.744+0000] {sql.py:509} INFO - Running statement: 
    INSERT INTO books (title, authors, price, rating)
    VALUES (%s, %s, %s, %s)
    , parameters: ('The Definitive Guide to Azure Data Engineering: Modern ELT, DevOps, and Analytics on the Azure Cloud Platform', "Ron C. L'Esteve", '36.', '3.8 out of 5 stars')
[2024-08-20T04:46:23.745+0000] {sql.py:518} INFO - Rows affected: 1
[2024-08-20T04:46:23.747+0000] {python.py:240} INFO - Done. Returned value was: None
[2024-08-20T04:46:23.767+0000] {taskinstance.py:340} INFO - ::group::Post task execution logs
[2024-08-20T04:46:23.769+0000] {taskinstance.py:352} INFO - Marking task as SUCCESS. dag_id=fetch_and_store_DE_books, task_id=insert_book_data, run_id=scheduled__2024-08-06T00:00:00+00:00, execution_date=20240806T000000, start_date=20240820T044621, end_date=20240820T044623
[2024-08-20T04:46:23.785+0000] {logging_mixin.py:190} INFO - Task instance in success state
[2024-08-20T04:46:23.787+0000] {logging_mixin.py:190} INFO -  Previous state of the Task instance: running
[2024-08-20T04:46:23.789+0000] {logging_mixin.py:190} INFO - Dag name:fetch_and_store_DE_books queued_at:2024-08-20 04:46:08.869914+00:00
[2024-08-20T04:46:23.789+0000] {logging_mixin.py:190} INFO - Task hostname:668944ed7238 operator:PythonOperator
[2024-08-20T04:46:23.828+0000] {local_task_job_runner.py:261} INFO - Task exited with return code 0
[2024-08-20T04:46:23.854+0000] {taskinstance.py:3891} INFO - 0 downstream tasks scheduled from follow-on schedule check
[2024-08-20T04:46:23.857+0000] {local_task_job_runner.py:240} INFO - ::endgroup::
