[2024-08-20T04:47:41.713+0000] {local_task_job_runner.py:123} INFO - ::group::Pre task execution logs
[2024-08-20T04:47:42.026+0000] {taskinstance.py:2603} INFO - Dependencies all met for dep_context=non-requeueable deps ti=<TaskInstance: fetch_and_store_DE_books.fetch_book_data scheduled__2024-06-25T00:00:00+00:00 [queued]>
[2024-08-20T04:47:42.182+0000] {taskinstance.py:2603} INFO - Dependencies all met for dep_context=requeueable deps ti=<TaskInstance: fetch_and_store_DE_books.fetch_book_data scheduled__2024-06-25T00:00:00+00:00 [queued]>
[2024-08-20T04:47:42.188+0000] {taskinstance.py:2856} INFO - Starting attempt 2 of 2
[2024-08-20T04:47:42.339+0000] {taskinstance.py:2879} INFO - Executing <Task(PythonOperator): fetch_book_data> on 2024-06-25 00:00:00+00:00
[2024-08-20T04:47:42.430+0000] {warnings.py:112} WARNING - /home/***/.local/lib/python3.12/site-packages/***/task/task_runner/standard_task_runner.py:70: DeprecationWarning: This process (pid=1394) is multi-threaded, use of fork() may lead to deadlocks in the child.
  pid = os.fork()

[2024-08-20T04:47:42.551+0000] {standard_task_runner.py:72} INFO - Started process 1428 to run task
[2024-08-20T04:47:42.549+0000] {standard_task_runner.py:104} INFO - Running: ['***', 'tasks', 'run', 'fetch_and_store_DE_books', 'fetch_book_data', 'scheduled__2024-06-25T00:00:00+00:00', '--job-id', '162', '--raw', '--subdir', 'DAGS_FOLDER/app.py', '--cfg-path', '/tmp/tmpwnkymcw5']
[2024-08-20T04:47:42.611+0000] {standard_task_runner.py:105} INFO - Job 162: Subtask fetch_book_data
[2024-08-20T04:47:43.399+0000] {task_command.py:467} INFO - Running <TaskInstance: fetch_and_store_DE_books.fetch_book_data scheduled__2024-06-25T00:00:00+00:00 [running]> on host 668944ed7238
[2024-08-20T04:47:44.751+0000] {taskinstance.py:3122} INFO - Exporting env vars: AIRFLOW_CTX_DAG_OWNER='***' AIRFLOW_CTX_DAG_ID='fetch_and_store_DE_books' AIRFLOW_CTX_TASK_ID='fetch_book_data' AIRFLOW_CTX_EXECUTION_DATE='2024-06-25T00:00:00+00:00' AIRFLOW_CTX_TRY_NUMBER='2' AIRFLOW_CTX_DAG_RUN_ID='scheduled__2024-06-25T00:00:00+00:00'
[2024-08-20T04:47:44.777+0000] {logging_mixin.py:190} INFO - Task instance is in running state
[2024-08-20T04:47:44.778+0000] {logging_mixin.py:190} INFO -  Previous state of the Task instance: queued
[2024-08-20T04:47:44.779+0000] {logging_mixin.py:190} INFO - Current task name:fetch_book_data state:running start_date:2024-08-20 04:47:42.031502+00:00
[2024-08-20T04:47:44.780+0000] {logging_mixin.py:190} INFO - Dag name:fetch_and_store_DE_books and current dag run status:running
[2024-08-20T04:47:44.783+0000] {taskinstance.py:731} INFO - ::endgroup::
[2024-08-20T04:47:48.402+0000] {logging_mixin.py:190} INFO - Failed to retrieve the page
[2024-08-20T04:47:48.502+0000] {python.py:240} INFO - Done. Returned value was: None
[2024-08-20T04:47:48.575+0000] {taskinstance.py:340} INFO - ::group::Post task execution logs
[2024-08-20T04:47:48.582+0000] {taskinstance.py:352} INFO - Marking task as SUCCESS. dag_id=fetch_and_store_DE_books, task_id=fetch_book_data, run_id=scheduled__2024-06-25T00:00:00+00:00, execution_date=20240625T000000, start_date=20240820T044742, end_date=20240820T044748
[2024-08-20T04:47:48.701+0000] {logging_mixin.py:190} INFO - Task instance in success state
[2024-08-20T04:47:48.710+0000] {logging_mixin.py:190} INFO -  Previous state of the Task instance: running
[2024-08-20T04:47:48.714+0000] {logging_mixin.py:190} INFO - Dag name:fetch_and_store_DE_books queued_at:2024-08-20 04:41:43.228675+00:00
[2024-08-20T04:47:48.715+0000] {logging_mixin.py:190} INFO - Task hostname:668944ed7238 operator:PythonOperator
[2024-08-20T04:47:48.836+0000] {local_task_job_runner.py:261} INFO - Task exited with return code 0
[2024-08-20T04:47:48.855+0000] {warnings.py:112} WARNING - /home/***/.local/lib/python3.12/site-packages/***/models/baseoperator.py:1378: AirflowProviderDeprecationWarning: Call to deprecated class PostgresOperator. (Please use `***.providers.common.sql.operators.sql.SQLExecuteQueryOperator`.Also, you can provide `hook_params={'schema': <database>}`.)
  result = cls.__new__(cls)

[2024-08-20T04:47:48.987+0000] {taskinstance.py:3891} INFO - 1 downstream tasks scheduled from follow-on schedule check
[2024-08-20T04:47:49.001+0000] {local_task_job_runner.py:240} INFO - ::endgroup::
