[2024-08-20T04:46:56.877+0000] {local_task_job_runner.py:123} INFO - ::group::Pre task execution logs
[2024-08-20T04:46:56.903+0000] {taskinstance.py:2603} INFO - Dependencies all met for dep_context=non-requeueable deps ti=<TaskInstance: fetch_and_store_DE_books.create_table scheduled__2024-08-12T00:00:00+00:00 [queued]>
[2024-08-20T04:46:56.918+0000] {taskinstance.py:2603} INFO - Dependencies all met for dep_context=requeueable deps ti=<TaskInstance: fetch_and_store_DE_books.create_table scheduled__2024-08-12T00:00:00+00:00 [queued]>
[2024-08-20T04:46:56.920+0000] {taskinstance.py:2856} INFO - Starting attempt 1 of 2
[2024-08-20T04:46:56.940+0000] {taskinstance.py:2879} INFO - Executing <Task(PostgresOperator): create_table> on 2024-08-12 00:00:00+00:00
[2024-08-20T04:46:56.951+0000] {warnings.py:112} WARNING - /home/***/.local/lib/python3.12/site-packages/***/task/task_runner/standard_task_runner.py:70: DeprecationWarning: This process (pid=1283) is multi-threaded, use of fork() may lead to deadlocks in the child.
  pid = os.fork()

[2024-08-20T04:46:56.954+0000] {standard_task_runner.py:72} INFO - Started process 1291 to run task
[2024-08-20T04:46:56.956+0000] {standard_task_runner.py:104} INFO - Running: ['***', 'tasks', 'run', 'fetch_and_store_DE_books', 'create_table', 'scheduled__2024-08-12T00:00:00+00:00', '--job-id', '130', '--raw', '--subdir', 'DAGS_FOLDER/app.py', '--cfg-path', '/tmp/tmp8t7ewi6f']
[2024-08-20T04:46:56.958+0000] {standard_task_runner.py:105} INFO - Job 130: Subtask create_table
[2024-08-20T04:46:57.031+0000] {task_command.py:467} INFO - Running <TaskInstance: fetch_and_store_DE_books.create_table scheduled__2024-08-12T00:00:00+00:00 [running]> on host 668944ed7238
[2024-08-20T04:46:57.166+0000] {taskinstance.py:3122} INFO - Exporting env vars: AIRFLOW_CTX_DAG_OWNER='***' AIRFLOW_CTX_DAG_ID='fetch_and_store_DE_books' AIRFLOW_CTX_TASK_ID='create_table' AIRFLOW_CTX_EXECUTION_DATE='2024-08-12T00:00:00+00:00' AIRFLOW_CTX_TRY_NUMBER='1' AIRFLOW_CTX_DAG_RUN_ID='scheduled__2024-08-12T00:00:00+00:00'
[2024-08-20T04:46:57.168+0000] {logging_mixin.py:190} INFO - Task instance is in running state
[2024-08-20T04:46:57.169+0000] {logging_mixin.py:190} INFO -  Previous state of the Task instance: queued
[2024-08-20T04:46:57.170+0000] {logging_mixin.py:190} INFO - Current task name:create_table state:running start_date:2024-08-20 04:46:56.904382+00:00
[2024-08-20T04:46:57.171+0000] {logging_mixin.py:190} INFO - Dag name:fetch_and_store_DE_books and current dag run status:running
[2024-08-20T04:46:57.171+0000] {taskinstance.py:731} INFO - ::endgroup::
[2024-08-20T04:46:57.172+0000] {sql.py:282} INFO - Executing: 
    CREATE TABLE IF NOT EXISTS books (
        id SERIAL PRIMARY KEY,
        title TEXT NOT NULL,
        authors TEXT,
        price TEXT,
        rating TEXT
    );
    
[2024-08-20T04:46:57.186+0000] {base.py:84} INFO - Retrieving connection 'books_connection'
[2024-08-20T04:46:57.199+0000] {base.py:84} INFO - Retrieving connection 'books_connection'
[2024-08-20T04:46:57.204+0000] {sql.py:509} INFO - Running statement: 
    CREATE TABLE IF NOT EXISTS books (
        id SERIAL PRIMARY KEY,
        title TEXT NOT NULL,
        authors TEXT,
        price TEXT,
        rating TEXT
    );
    , parameters: None
[2024-08-20T04:46:57.221+0000] {taskinstance.py:340} INFO - ::group::Post task execution logs
[2024-08-20T04:46:57.222+0000] {taskinstance.py:352} INFO - Marking task as SUCCESS. dag_id=fetch_and_store_DE_books, task_id=create_table, run_id=scheduled__2024-08-12T00:00:00+00:00, execution_date=20240812T000000, start_date=20240820T044656, end_date=20240820T044657
[2024-08-20T04:46:57.239+0000] {logging_mixin.py:190} INFO - Task instance in success state
[2024-08-20T04:46:57.240+0000] {logging_mixin.py:190} INFO -  Previous state of the Task instance: running
[2024-08-20T04:46:57.240+0000] {logging_mixin.py:190} INFO - Dag name:fetch_and_store_DE_books queued_at:2024-08-20 04:46:45.250238+00:00
[2024-08-20T04:46:57.241+0000] {logging_mixin.py:190} INFO - Task hostname:668944ed7238 operator:PostgresOperator
[2024-08-20T04:46:57.291+0000] {local_task_job_runner.py:261} INFO - Task exited with return code 0
[2024-08-20T04:46:57.305+0000] {local_task_job_runner.py:240} INFO - ::endgroup::
