[2024-08-20T04:43:08.955+0000] {local_task_job_runner.py:123} INFO - ::group::Pre task execution logs
[2024-08-20T04:43:08.980+0000] {taskinstance.py:2603} INFO - Dependencies all met for dep_context=non-requeueable deps ti=<TaskInstance: fetch_and_store_DE_books.insert_book_data scheduled__2024-07-07T00:00:00+00:00 [queued]>
[2024-08-20T04:43:08.992+0000] {taskinstance.py:2603} INFO - Dependencies all met for dep_context=requeueable deps ti=<TaskInstance: fetch_and_store_DE_books.insert_book_data scheduled__2024-07-07T00:00:00+00:00 [queued]>
[2024-08-20T04:43:08.993+0000] {taskinstance.py:2856} INFO - Starting attempt 1 of 2
[2024-08-20T04:43:09.011+0000] {taskinstance.py:2879} INFO - Executing <Task(PythonOperator): insert_book_data> on 2024-07-07 00:00:00+00:00
[2024-08-20T04:43:09.022+0000] {warnings.py:112} WARNING - /home/***/.local/lib/python3.12/site-packages/***/task/task_runner/standard_task_runner.py:70: DeprecationWarning: This process (pid=808) is multi-threaded, use of fork() may lead to deadlocks in the child.
  pid = os.fork()

[2024-08-20T04:43:09.024+0000] {standard_task_runner.py:104} INFO - Running: ['***', 'tasks', 'run', 'fetch_and_store_DE_books', 'insert_book_data', 'scheduled__2024-07-07T00:00:00+00:00', '--job-id', '23', '--raw', '--subdir', 'DAGS_FOLDER/app.py', '--cfg-path', '/tmp/tmpht7xh2up']
[2024-08-20T04:43:09.026+0000] {standard_task_runner.py:72} INFO - Started process 811 to run task
[2024-08-20T04:43:09.026+0000] {standard_task_runner.py:105} INFO - Job 23: Subtask insert_book_data
[2024-08-20T04:43:09.085+0000] {task_command.py:467} INFO - Running <TaskInstance: fetch_and_store_DE_books.insert_book_data scheduled__2024-07-07T00:00:00+00:00 [running]> on host 668944ed7238
[2024-08-20T04:43:09.329+0000] {taskinstance.py:3122} INFO - Exporting env vars: AIRFLOW_CTX_DAG_OWNER='***' AIRFLOW_CTX_DAG_ID='fetch_and_store_DE_books' AIRFLOW_CTX_TASK_ID='insert_book_data' AIRFLOW_CTX_EXECUTION_DATE='2024-07-07T00:00:00+00:00' AIRFLOW_CTX_TRY_NUMBER='1' AIRFLOW_CTX_DAG_RUN_ID='scheduled__2024-07-07T00:00:00+00:00'
[2024-08-20T04:43:09.333+0000] {logging_mixin.py:190} INFO - Task instance is in running state
[2024-08-20T04:43:09.334+0000] {logging_mixin.py:190} INFO -  Previous state of the Task instance: queued
[2024-08-20T04:43:09.334+0000] {logging_mixin.py:190} INFO - Current task name:insert_book_data state:running start_date:2024-08-20 04:43:08.981182+00:00
[2024-08-20T04:43:09.335+0000] {logging_mixin.py:190} INFO - Dag name:fetch_and_store_DE_books and current dag run status:running
[2024-08-20T04:43:09.335+0000] {taskinstance.py:731} INFO - ::endgroup::
[2024-08-20T04:43:09.368+0000] {base.py:84} INFO - Retrieving connection 'books_connection'
[2024-08-20T04:43:09.373+0000] {sql.py:509} INFO - Running statement: 
    INSERT INTO books (title, authors, price, rating)
    VALUES (%s, %s, %s, %s)
    , parameters: ('Ace the Data Engineering Interview: Questions and Answers for Python, SQL, Data Modeling and More', 'Sean Coyne', '24.', '4.1 out of 5 stars')
[2024-08-20T04:43:09.375+0000] {sql.py:518} INFO - Rows affected: 1
[2024-08-20T04:43:09.390+0000] {base.py:84} INFO - Retrieving connection 'books_connection'
[2024-08-20T04:43:09.396+0000] {sql.py:509} INFO - Running statement: 
    INSERT INTO books (title, authors, price, rating)
    VALUES (%s, %s, %s, %s)
    , parameters: ('Data Engineering with AWS - Second Edition: Acquire the skills to design and build AWS-based data transformation pipelines like a pro', 'Gareth Eagar', '41.', '4.4 out of 5 stars')
[2024-08-20T04:43:09.398+0000] {sql.py:518} INFO - Rows affected: 1
[2024-08-20T04:43:09.415+0000] {base.py:84} INFO - Retrieving connection 'books_connection'
[2024-08-20T04:43:09.420+0000] {sql.py:509} INFO - Running statement: 
    INSERT INTO books (title, authors, price, rating)
    VALUES (%s, %s, %s, %s)
    , parameters: ('Data Engineering with Databricks Cookbook: Build effective data and AI solutions using Apache Spark, Databricks, and Delta Lake', 'Pulkit Chadha', '42.', '4.2 out of 5 stars')
[2024-08-20T04:43:09.427+0000] {sql.py:518} INFO - Rows affected: 1
[2024-08-20T04:43:09.442+0000] {base.py:84} INFO - Retrieving connection 'books_connection'
[2024-08-20T04:43:09.448+0000] {sql.py:509} INFO - Running statement: 
    INSERT INTO books (title, authors, price, rating)
    VALUES (%s, %s, %s, %s)
    , parameters: ('Data Engineering 101', 'Paperback', '22.', '5.0 out of 5 stars')
[2024-08-20T04:43:09.454+0000] {sql.py:518} INFO - Rows affected: 1
[2024-08-20T04:43:09.480+0000] {base.py:84} INFO - Retrieving connection 'books_connection'
[2024-08-20T04:43:09.485+0000] {sql.py:509} INFO - Running statement: 
    INSERT INTO books (title, authors, price, rating)
    VALUES (%s, %s, %s, %s)
    , parameters: ('Fundamentals of Data Engineering: Plan and Build Robust Data Systems', 'Joe Reis', '38.', '4.7 out of 5 stars')
[2024-08-20T04:43:09.487+0000] {sql.py:518} INFO - Rows affected: 1
[2024-08-20T04:43:09.499+0000] {base.py:84} INFO - Retrieving connection 'books_connection'
[2024-08-20T04:43:09.505+0000] {sql.py:509} INFO - Running statement: 
    INSERT INTO books (title, authors, price, rating)
    VALUES (%s, %s, %s, %s)
    , parameters: ('Data Pipelines Pocket Reference: Moving and Processing Data for Analytics', 'James Densmore', '17.', '4.5 out of 5 stars')
[2024-08-20T04:43:09.509+0000] {sql.py:518} INFO - Rows affected: 1
[2024-08-20T04:43:09.522+0000] {base.py:84} INFO - Retrieving connection 'books_connection'
[2024-08-20T04:43:09.531+0000] {sql.py:509} INFO - Running statement: 
    INSERT INTO books (title, authors, price, rating)
    VALUES (%s, %s, %s, %s)
    , parameters: ('Designing Data-Intensive Applications: The Big Ideas Behind Reliable, Scalable, and Maintainable Systems', 'Martin Kleppmann', '35.', '4.8 out of 5 stars')
[2024-08-20T04:43:09.534+0000] {sql.py:518} INFO - Rows affected: 1
[2024-08-20T04:43:09.548+0000] {base.py:84} INFO - Retrieving connection 'books_connection'
[2024-08-20T04:43:09.552+0000] {sql.py:509} INFO - Running statement: 
    INSERT INTO books (title, authors, price, rating)
    VALUES (%s, %s, %s, %s)
    , parameters: ('Data Engineering with Python: Work with massive datasets to design data models and automate data pipelines using Python', 'Paul Crickard', '37.', '4.1 out of 5 stars')
[2024-08-20T04:43:09.554+0000] {sql.py:518} INFO - Rows affected: 1
[2024-08-20T04:43:09.566+0000] {base.py:84} INFO - Retrieving connection 'books_connection'
[2024-08-20T04:43:09.570+0000] {sql.py:509} INFO - Running statement: 
    INSERT INTO books (title, authors, price, rating)
    VALUES (%s, %s, %s, %s)
    , parameters: ('Data Engineering with Python cookbook: Learn to build efficient data pipelines using the Modern Cloud Data Stack', 'Adithyan Ramanujakootam', '29.', '5.0 out of 5 stars')
[2024-08-20T04:43:09.572+0000] {sql.py:518} INFO - Rows affected: 1
[2024-08-20T04:43:09.584+0000] {base.py:84} INFO - Retrieving connection 'books_connection'
[2024-08-20T04:43:09.589+0000] {sql.py:509} INFO - Running statement: 
    INSERT INTO books (title, authors, price, rating)
    VALUES (%s, %s, %s, %s)
    , parameters: ('Data Engineering with AWS: Learn how to design and build cloud-based data transformation pipelines using AWS', 'Gareth Eagar', '49.', '4.4 out of 5 stars')
[2024-08-20T04:43:09.591+0000] {sql.py:518} INFO - Rows affected: 1
[2024-08-20T04:43:09.602+0000] {base.py:84} INFO - Retrieving connection 'books_connection'
[2024-08-20T04:43:09.608+0000] {sql.py:509} INFO - Running statement: 
    INSERT INTO books (title, authors, price, rating)
    VALUES (%s, %s, %s, %s)
    , parameters: ('Cracking the Data Engineering Interview: Land your dream job with the help of resume-building tips, over 100 mock questions, and a unique portfolio', 'Kedeisha Bryan', '26.', '4.4 out of 5 stars')
[2024-08-20T04:43:09.610+0000] {sql.py:518} INFO - Rows affected: 1
[2024-08-20T04:43:09.624+0000] {base.py:84} INFO - Retrieving connection 'books_connection'
[2024-08-20T04:43:09.635+0000] {sql.py:509} INFO - Running statement: 
    INSERT INTO books (title, authors, price, rating)
    VALUES (%s, %s, %s, %s)
    , parameters: ('Software Engineering for Data Scientists: From Notebooks to Scalable Systems', 'Catherine Nelson', '52.', '4.5 out of 5 stars')
[2024-08-20T04:43:09.637+0000] {sql.py:518} INFO - Rows affected: 1
[2024-08-20T04:43:09.651+0000] {base.py:84} INFO - Retrieving connection 'books_connection'
[2024-08-20T04:43:09.659+0000] {sql.py:509} INFO - Running statement: 
    INSERT INTO books (title, authors, price, rating)
    VALUES (%s, %s, %s, %s)
    , parameters: ('Data Engineering with Google Cloud Platform: A guide to leveling up as a data engineer by building a scalable data platform with Google Cloud', 'Adi Wijaya', '41.', '5.0 out of 5 stars')
[2024-08-20T04:43:09.664+0000] {sql.py:518} INFO - Rows affected: 1
[2024-08-20T04:43:09.681+0000] {base.py:84} INFO - Retrieving connection 'books_connection'
[2024-08-20T04:43:09.685+0000] {sql.py:509} INFO - Running statement: 
    INSERT INTO books (title, authors, price, rating)
    VALUES (%s, %s, %s, %s)
    , parameters: ('Azure Data Engineer Associate Certification Guide: Ace the DP-203 exam with advanced data engineering skills', 'Giacinto Palmieri', '39.', '4.5 out of 5 stars')
[2024-08-20T04:43:09.688+0000] {sql.py:518} INFO - Rows affected: 1
[2024-08-20T04:43:09.703+0000] {base.py:84} INFO - Retrieving connection 'books_connection'
[2024-08-20T04:43:09.709+0000] {sql.py:509} INFO - Running statement: 
    INSERT INTO books (title, authors, price, rating)
    VALUES (%s, %s, %s, %s)
    , parameters: ("Data: Principles To Practice - Volume 1 'Foundations': Essential Foundations: Key Concepts behind Data Architecture, Engineering and Analysis for Professionals", 'Mr Alex Holloway', '11.', '4.7 out of 5 stars')
[2024-08-20T04:43:09.712+0000] {sql.py:518} INFO - Rows affected: 1
[2024-08-20T04:43:09.724+0000] {base.py:84} INFO - Retrieving connection 'books_connection'
[2024-08-20T04:43:09.730+0000] {sql.py:509} INFO - Running statement: 
    INSERT INTO books (title, authors, price, rating)
    VALUES (%s, %s, %s, %s)
    , parameters: ('Data Observability for Data Engineering: Proactive strategies for ensuring data accuracy and addressing broken data pipelines', 'Michele Pinto', '36.', '3.7 out of 5 stars')
[2024-08-20T04:43:09.732+0000] {sql.py:518} INFO - Rows affected: 1
[2024-08-20T04:43:09.751+0000] {base.py:84} INFO - Retrieving connection 'books_connection'
[2024-08-20T04:43:09.757+0000] {sql.py:509} INFO - Running statement: 
    INSERT INTO books (title, authors, price, rating)
    VALUES (%s, %s, %s, %s)
    , parameters: ('Data Engineering with dbt: A practical guide to building a cloud-based, pragmatic, and dependable data platform with SQL', 'Roberto Zagni', '37.', '4.6 out of 5 stars')
[2024-08-20T04:43:09.760+0000] {sql.py:518} INFO - Rows affected: 1
[2024-08-20T04:43:09.782+0000] {base.py:84} INFO - Retrieving connection 'books_connection'
[2024-08-20T04:43:09.795+0000] {sql.py:509} INFO - Running statement: 
    INSERT INTO books (title, authors, price, rating)
    VALUES (%s, %s, %s, %s)
    , parameters: ('Data-Driven Science and Engineering: Machine Learning, Dynamical Systems, and Control', 'Steven L. Brunton', '64.', '4.7 out of 5 stars')
[2024-08-20T04:43:09.797+0000] {sql.py:518} INFO - Rows affected: 1
[2024-08-20T04:43:09.816+0000] {base.py:84} INFO - Retrieving connection 'books_connection'
[2024-08-20T04:43:09.825+0000] {sql.py:509} INFO - Running statement: 
    INSERT INTO books (title, authors, price, rating)
    VALUES (%s, %s, %s, %s)
    , parameters: ('Expert Data Modeling with Power BI - Second Edition: Enrich and optimize your data models to get the best out of Power BI for reporting and business needs', 'Soheil Bakhshi', '47.', '4.8 out of 5 stars')
[2024-08-20T04:43:09.828+0000] {sql.py:518} INFO - Rows affected: 1
[2024-08-20T04:43:09.844+0000] {base.py:84} INFO - Retrieving connection 'books_connection'
[2024-08-20T04:43:09.849+0000] {sql.py:509} INFO - Running statement: 
    INSERT INTO books (title, authors, price, rating)
    VALUES (%s, %s, %s, %s)
    , parameters: ('Joyful Infographics: A Friendly, Human Approach to Data (AK Peters Visualization Series)', 'Paperback', '29.', '4.4 out of 5 stars')
[2024-08-20T04:43:09.851+0000] {sql.py:518} INFO - Rows affected: 1
[2024-08-20T04:43:09.866+0000] {base.py:84} INFO - Retrieving connection 'books_connection'
[2024-08-20T04:43:09.874+0000] {sql.py:509} INFO - Running statement: 
    INSERT INTO books (title, authors, price, rating)
    VALUES (%s, %s, %s, %s)
    , parameters: ('Python Data Engineering Resources: Boost Your Career With This Python Handbook; Prepare For Python Interview; Python Programming Cookbook For Beginners and Experienced; Python Data Analysis and More', 'Vajo Lukic', '9.', '4.8 out of 5 stars')
[2024-08-20T04:43:09.876+0000] {sql.py:518} INFO - Rows affected: 1
[2024-08-20T04:43:09.897+0000] {base.py:84} INFO - Retrieving connection 'books_connection'
[2024-08-20T04:43:09.902+0000] {sql.py:509} INFO - Running statement: 
    INSERT INTO books (title, authors, price, rating)
    VALUES (%s, %s, %s, %s)
    , parameters: ('DATA ENGINEERING AND AI FOR BEGINNERS: Revolutionizing Data Processing and Analytics by Leveraging Artificial Intelligence for Efficient Input Collection, Storage, and Transformation (World of AI)', 'Paperback', '13.', '4.4 out of 5 stars')
[2024-08-20T04:43:09.904+0000] {sql.py:518} INFO - Rows affected: 1
[2024-08-20T04:43:09.920+0000] {base.py:84} INFO - Retrieving connection 'books_connection'
[2024-08-20T04:43:09.930+0000] {sql.py:509} INFO - Running statement: 
    INSERT INTO books (title, authors, price, rating)
    VALUES (%s, %s, %s, %s)
    , parameters: ('Data Engineering with Apache Spark, Delta Lake, and Lakehouse: Create scalable pipelines that ingest, curate, and aggregate complex data in a timely and secure way', 'Manoj Kukreja', '29.', '3.9 out of 5 stars')
[2024-08-20T04:43:09.932+0000] {sql.py:518} INFO - Rows affected: 1
[2024-08-20T04:43:09.951+0000] {base.py:84} INFO - Retrieving connection 'books_connection'
[2024-08-20T04:43:09.966+0000] {sql.py:509} INFO - Running statement: 
    INSERT INTO books (title, authors, price, rating)
    VALUES (%s, %s, %s, %s)
    , parameters: ('Data Mesh: Delivering Data-Driven Value at Scale', 'Zhamak Dehghani', '43.', '4.5 out of 5 stars')
[2024-08-20T04:43:09.974+0000] {sql.py:518} INFO - Rows affected: 1
[2024-08-20T04:43:10.009+0000] {base.py:84} INFO - Retrieving connection 'books_connection'
[2024-08-20T04:43:10.019+0000] {sql.py:509} INFO - Running statement: 
    INSERT INTO books (title, authors, price, rating)
    VALUES (%s, %s, %s, %s)
    , parameters: ('Machine Learning Engineering', 'Andriy Burkov', '39.', '4.7 out of 5 stars')
[2024-08-20T04:43:10.021+0000] {sql.py:518} INFO - Rows affected: 1
[2024-08-20T04:43:10.033+0000] {base.py:84} INFO - Retrieving connection 'books_connection'
[2024-08-20T04:43:10.038+0000] {sql.py:509} INFO - Running statement: 
    INSERT INTO books (title, authors, price, rating)
    VALUES (%s, %s, %s, %s)
    , parameters: ('The Enterprise Data Catalog: Improve Data Discovery, Ensure Data Governance, and Enable Innovation', 'Ole Olesen-Bagneux', '31.', '4.5 out of 5 stars')
[2024-08-20T04:43:10.049+0000] {sql.py:518} INFO - Rows affected: 1
[2024-08-20T04:43:10.066+0000] {base.py:84} INFO - Retrieving connection 'books_connection'
[2024-08-20T04:43:10.074+0000] {sql.py:509} INFO - Running statement: 
    INSERT INTO books (title, authors, price, rating)
    VALUES (%s, %s, %s, %s)
    , parameters: ('Data Engineering with Databricks', 'Paperback', '25.', '3.4 out of 5 stars')
[2024-08-20T04:43:10.083+0000] {sql.py:518} INFO - Rows affected: 1
[2024-08-20T04:43:10.108+0000] {base.py:84} INFO - Retrieving connection 'books_connection'
[2024-08-20T04:43:10.116+0000] {sql.py:509} INFO - Running statement: 
    INSERT INTO books (title, authors, price, rating)
    VALUES (%s, %s, %s, %s)
    , parameters: ('Ace the Data Science Interview: 201 Real Interview Questions Asked By FAANG, Tech Startups, & Wall Street', 'Nick Singh', '42.', '4.5 out of 5 stars')
[2024-08-20T04:43:10.118+0000] {sql.py:518} INFO - Rows affected: 1
[2024-08-20T04:43:10.131+0000] {base.py:84} INFO - Retrieving connection 'books_connection'
[2024-08-20T04:43:10.139+0000] {sql.py:509} INFO - Running statement: 
    INSERT INTO books (title, authors, price, rating)
    VALUES (%s, %s, %s, %s)
    , parameters: ('Modern Data Engineering with Apache Spark: A Hands-On Guide for Building Mission-Critical Streaming Applications', 'Scott Haines', '30.', '4.1 out of 5 stars')
[2024-08-20T04:43:10.144+0000] {sql.py:518} INFO - Rows affected: 1
[2024-08-20T04:43:10.160+0000] {base.py:84} INFO - Retrieving connection 'books_connection'
[2024-08-20T04:43:10.166+0000] {sql.py:509} INFO - Running statement: 
    INSERT INTO books (title, authors, price, rating)
    VALUES (%s, %s, %s, %s)
    , parameters: ('Data Modeling with Snowflake: A practical guide to accelerating Snowflake development using universal data modeling techniques', 'Serge Gershkovich', '36.', '4.8 out of 5 stars')
[2024-08-20T04:43:10.168+0000] {sql.py:518} INFO - Rows affected: 1
[2024-08-20T04:43:10.183+0000] {base.py:84} INFO - Retrieving connection 'books_connection'
[2024-08-20T04:43:10.193+0000] {sql.py:509} INFO - Running statement: 
    INSERT INTO books (title, authors, price, rating)
    VALUES (%s, %s, %s, %s)
    , parameters: ('Storytelling with Data: A Data Visualization Guide for Business Professionals', 'Cole Nussbaumer Knaflic', '27.', '4.6 out of 5 stars')
[2024-08-20T04:43:10.195+0000] {sql.py:518} INFO - Rows affected: 1
[2024-08-20T04:43:10.214+0000] {base.py:84} INFO - Retrieving connection 'books_connection'
[2024-08-20T04:43:10.221+0000] {sql.py:509} INFO - Running statement: 
    INSERT INTO books (title, authors, price, rating)
    VALUES (%s, %s, %s, %s)
    , parameters: ('97 Things Every Data Engineer Should Know: Collective Wisdom from the Experts', 'Audible Audiobook', '0.', '4.1 out of 5 stars')
[2024-08-20T04:43:10.224+0000] {sql.py:518} INFO - Rows affected: 1
[2024-08-20T04:43:10.238+0000] {base.py:84} INFO - Retrieving connection 'books_connection'
[2024-08-20T04:43:10.243+0000] {sql.py:509} INFO - Running statement: 
    INSERT INTO books (title, authors, price, rating)
    VALUES (%s, %s, %s, %s)
    , parameters: ("Data Quality Fundamentals: A Practitioner's Guide to Building Trustworthy Data Pipelines", 'Paperback', '45.', '4.1 out of 5 stars')
[2024-08-20T04:43:10.245+0000] {sql.py:518} INFO - Rows affected: 1
[2024-08-20T04:43:10.263+0000] {base.py:84} INFO - Retrieving connection 'books_connection'
[2024-08-20T04:43:10.268+0000] {sql.py:509} INFO - Running statement: 
    INSERT INTO books (title, authors, price, rating)
    VALUES (%s, %s, %s, %s)
    , parameters: ('Data Engineering with Google Cloud Platform: A practical guide to operationalizing scalable data analytics systems on GCP', 'Adi Wijaya', '41.', '4.7 out of 5 stars')
[2024-08-20T04:43:10.270+0000] {sql.py:518} INFO - Rows affected: 1
[2024-08-20T04:43:10.283+0000] {base.py:84} INFO - Retrieving connection 'books_connection'
[2024-08-20T04:43:10.288+0000] {sql.py:509} INFO - Running statement: 
    INSERT INTO books (title, authors, price, rating)
    VALUES (%s, %s, %s, %s)
    , parameters: ('Fundamentals of Data Analytics: Learn Essential Skills, Embrace the Future, and Catapult Your Career in the Data-Driven World—A Comprehensive Guide to Data Literacy for Beginners', 'Russell Dawson', '16.', '4.8 out of 5 stars')
[2024-08-20T04:43:10.290+0000] {sql.py:518} INFO - Rows affected: 1
[2024-08-20T04:43:10.301+0000] {base.py:84} INFO - Retrieving connection 'books_connection'
[2024-08-20T04:43:10.306+0000] {sql.py:509} INFO - Running statement: 
    INSERT INTO books (title, authors, price, rating)
    VALUES (%s, %s, %s, %s)
    , parameters: ('Prompt Engineering for Generative AI: Future-Proof Inputs for Reliable AI Outputs', 'James Phoenix', '57.', '4.4 out of 5 stars')
[2024-08-20T04:43:10.308+0000] {sql.py:518} INFO - Rows affected: 1
[2024-08-20T04:43:10.319+0000] {base.py:84} INFO - Retrieving connection 'books_connection'
[2024-08-20T04:43:10.325+0000] {sql.py:509} INFO - Running statement: 
    INSERT INTO books (title, authors, price, rating)
    VALUES (%s, %s, %s, %s)
    , parameters: ('Analytics Engineering with SQL and dbt: Building Meaningful Data Models at Scale', 'Rui Pedro Machado', '41.', '3.8 out of 5 stars')
[2024-08-20T04:43:10.328+0000] {sql.py:518} INFO - Rows affected: 1
[2024-08-20T04:43:10.340+0000] {base.py:84} INFO - Retrieving connection 'books_connection'
[2024-08-20T04:43:10.346+0000] {sql.py:509} INFO - Running statement: 
    INSERT INTO books (title, authors, price, rating)
    VALUES (%s, %s, %s, %s)
    , parameters: ('Python Programming and SQL: 5 books in 1 - The #1 Coding Course from Beginner to Advanced. Learn it Well & Fast (2024) (Computer Programming)', 'Paperback', '32.', '4.3 out of 5 stars')
[2024-08-20T04:43:10.347+0000] {sql.py:518} INFO - Rows affected: 1
[2024-08-20T04:43:10.359+0000] {base.py:84} INFO - Retrieving connection 'books_connection'
[2024-08-20T04:43:10.365+0000] {sql.py:509} INFO - Running statement: 
    INSERT INTO books (title, authors, price, rating)
    VALUES (%s, %s, %s, %s)
    , parameters: ("Azure Data Factory Cookbook - Second Edition: A data engineer's guide to building and managing ETL and ELT pipelines with data integration", 'Dmitry Foshin', '51.', '4.4 out of 5 stars')
[2024-08-20T04:43:10.367+0000] {sql.py:518} INFO - Rows affected: 1
[2024-08-20T04:43:10.381+0000] {base.py:84} INFO - Retrieving connection 'books_connection'
[2024-08-20T04:43:10.386+0000] {sql.py:509} INFO - Running statement: 
    INSERT INTO books (title, authors, price, rating)
    VALUES (%s, %s, %s, %s)
    , parameters: ("Ultimate Data Engineering with Databricks: Develop Scalable Data Pipelines Using Data Engineering's Core Tenets Such as Delta Tables, Ingestion, ... Security, and Scalability (English Edition)", 'Mayank Malhotra', '37.', '3.8 out of 5 stars')
[2024-08-20T04:43:10.389+0000] {sql.py:518} INFO - Rows affected: 1
[2024-08-20T04:43:10.403+0000] {base.py:84} INFO - Retrieving connection 'books_connection'
[2024-08-20T04:43:10.408+0000] {sql.py:509} INFO - Running statement: 
    INSERT INTO books (title, authors, price, rating)
    VALUES (%s, %s, %s, %s)
    , parameters: ('The Data Warehouse Toolkit: The Definitive Guide to Dimensional Modeling', 'Paperback', '47.', '4.7 out of 5 stars')
[2024-08-20T04:43:10.410+0000] {sql.py:518} INFO - Rows affected: 1
[2024-08-20T04:43:10.419+0000] {base.py:84} INFO - Retrieving connection 'books_connection'
[2024-08-20T04:43:10.425+0000] {sql.py:509} INFO - Running statement: 
    INSERT INTO books (title, authors, price, rating)
    VALUES (%s, %s, %s, %s)
    , parameters: ('Official Google Cloud Certified Professional Data Engineer Study Guide', 'Dan Sullivan', '33.', '4.5 out of 5 stars')
[2024-08-20T04:43:10.427+0000] {sql.py:518} INFO - Rows affected: 1
[2024-08-20T04:43:10.439+0000] {base.py:84} INFO - Retrieving connection 'books_connection'
[2024-08-20T04:43:10.446+0000] {sql.py:509} INFO - Running statement: 
    INSERT INTO books (title, authors, price, rating)
    VALUES (%s, %s, %s, %s)
    , parameters: ('Concepts of Generative AI and Data Engineering: Vital Concepts in Data Engineering and the World of Generative AI', 'Kindle', '29.', '5.0 out of 5 stars')
[2024-08-20T04:43:10.448+0000] {sql.py:518} INFO - Rows affected: 1
[2024-08-20T04:43:10.460+0000] {base.py:84} INFO - Retrieving connection 'books_connection'
[2024-08-20T04:43:10.465+0000] {sql.py:509} INFO - Running statement: 
    INSERT INTO books (title, authors, price, rating)
    VALUES (%s, %s, %s, %s)
    , parameters: ('Data Privacy: A runbook for engineers', 'Nishant Bhajaria', '32.', '4.8 out of 5 stars')
[2024-08-20T04:43:10.467+0000] {sql.py:518} INFO - Rows affected: 1
[2024-08-20T04:43:10.479+0000] {base.py:84} INFO - Retrieving connection 'books_connection'
[2024-08-20T04:43:10.484+0000] {sql.py:509} INFO - Running statement: 
    INSERT INTO books (title, authors, price, rating)
    VALUES (%s, %s, %s, %s)
    , parameters: ('Data Engineering and Data Science for Babies: Activity Workbook Part 1', 'Paperback', '9.', '4.1 out of 5 stars')
[2024-08-20T04:43:10.485+0000] {sql.py:518} INFO - Rows affected: 1
[2024-08-20T04:43:10.497+0000] {base.py:84} INFO - Retrieving connection 'books_connection'
[2024-08-20T04:43:10.502+0000] {sql.py:509} INFO - Running statement: 
    INSERT INTO books (title, authors, price, rating)
    VALUES (%s, %s, %s, %s)
    , parameters: ('Data Analytics, Data Visualization & Communicating Data: 3 books in 1: Learn the Processes of Data Analytics and Data Science, Create Engaging Data Visualizations, and Present Data Effectively', 'Audible Audiobook', '0.', '4.5 out of 5 stars')
[2024-08-20T04:43:10.505+0000] {sql.py:518} INFO - Rows affected: 1
[2024-08-20T04:43:10.516+0000] {base.py:84} INFO - Retrieving connection 'books_connection'
[2024-08-20T04:43:10.523+0000] {sql.py:509} INFO - Running statement: 
    INSERT INTO books (title, authors, price, rating)
    VALUES (%s, %s, %s, %s)
    , parameters: ('Learning Spark: Lightning-Fast Data Analytics', 'Jules S. Damji', '43.', '4.7 out of 5 stars')
[2024-08-20T04:43:10.525+0000] {sql.py:518} INFO - Rows affected: 1
[2024-08-20T04:43:10.535+0000] {base.py:84} INFO - Retrieving connection 'books_connection'
[2024-08-20T04:43:10.539+0000] {sql.py:509} INFO - Running statement: 
    INSERT INTO books (title, authors, price, rating)
    VALUES (%s, %s, %s, %s)
    , parameters: ('Fundamentals of Data Engineering: Efficiency, Insight, Impact: Transforming Data into Value through Expert Engineering Practices', 'Joseph Achakji', '0.', '4.6 out of 5 stars')
[2024-08-20T04:43:10.541+0000] {sql.py:518} INFO - Rows affected: 1
[2024-08-20T04:43:10.550+0000] {base.py:84} INFO - Retrieving connection 'books_connection'
[2024-08-20T04:43:10.554+0000] {sql.py:509} INFO - Running statement: 
    INSERT INTO books (title, authors, price, rating)
    VALUES (%s, %s, %s, %s)
    , parameters: ('Data Stewardship: An Actionable Guide to Effective Data Management and Data Governance', 'Paperback', '46.', '4.7 out of 5 stars')
[2024-08-20T04:43:10.556+0000] {sql.py:518} INFO - Rows affected: 1
[2024-08-20T04:43:10.566+0000] {base.py:84} INFO - Retrieving connection 'books_connection'
[2024-08-20T04:43:10.570+0000] {sql.py:509} INFO - Running statement: 
    INSERT INTO books (title, authors, price, rating)
    VALUES (%s, %s, %s, %s)
    , parameters: ("SQL QuickStart Guide: The Simplified Beginner's Guide to Managing, Analyzing, and Manipulating Data With SQL (Coding & Programming - QuickStart Guides)", 'Paperback', '23.', '4.6 out of 5 stars')
[2024-08-20T04:43:10.572+0000] {sql.py:518} INFO - Rows affected: 1
[2024-08-20T04:43:10.582+0000] {base.py:84} INFO - Retrieving connection 'books_connection'
[2024-08-20T04:43:10.586+0000] {sql.py:509} INFO - Running statement: 
    INSERT INTO books (title, authors, price, rating)
    VALUES (%s, %s, %s, %s)
    , parameters: ('Database Internals: A Deep Dive into How Distributed Data Systems Work', 'Alex Petrov', '36.', '4.6 out of 5 stars')
[2024-08-20T04:43:10.588+0000] {sql.py:518} INFO - Rows affected: 1
[2024-08-20T04:43:10.602+0000] {base.py:84} INFO - Retrieving connection 'books_connection'
[2024-08-20T04:43:10.609+0000] {sql.py:509} INFO - Running statement: 
    INSERT INTO books (title, authors, price, rating)
    VALUES (%s, %s, %s, %s)
    , parameters: ('Electrical engineering without prior knowledge: Understand the basics within 7 days (Become an Engineer Without Prior Knowledge)', 'Paperback', '17.', '4.4 out of 5 stars')
[2024-08-20T04:43:10.612+0000] {sql.py:518} INFO - Rows affected: 1
[2024-08-20T04:43:10.625+0000] {base.py:84} INFO - Retrieving connection 'books_connection'
[2024-08-20T04:43:10.629+0000] {sql.py:509} INFO - Running statement: 
    INSERT INTO books (title, authors, price, rating)
    VALUES (%s, %s, %s, %s)
    , parameters: ('Machine Learning Engineering with Python - Second Edition: Manage the lifecycle of machine learning models using MLOps with practical examples', 'Andrew McMahon', '32.', '4.7 out of 5 stars')
[2024-08-20T04:43:10.631+0000] {sql.py:518} INFO - Rows affected: 1
[2024-08-20T04:43:10.644+0000] {base.py:84} INFO - Retrieving connection 'books_connection'
[2024-08-20T04:43:10.648+0000] {sql.py:509} INFO - Running statement: 
    INSERT INTO books (title, authors, price, rating)
    VALUES (%s, %s, %s, %s)
    , parameters: ('Systems Engineering Demystified - Second Edition: Apply modern, model-based systems engineering techniques to build complex systems', 'Jon Holt', '45.', '4.7 out of 5 stars')
[2024-08-20T04:43:10.650+0000] {sql.py:518} INFO - Rows affected: 1
[2024-08-20T04:43:10.659+0000] {base.py:84} INFO - Retrieving connection 'books_connection'
[2024-08-20T04:43:10.664+0000] {sql.py:509} INFO - Running statement: 
    INSERT INTO books (title, authors, price, rating)
    VALUES (%s, %s, %s, %s)
    , parameters: ('Modern Java in Action: Lambdas, streams, functional and reactive programming', 'Paperback', '52.', '4.5 out of 5 stars')
[2024-08-20T04:43:10.665+0000] {sql.py:518} INFO - Rows affected: 1
[2024-08-20T04:43:10.676+0000] {base.py:84} INFO - Retrieving connection 'books_connection'
[2024-08-20T04:43:10.680+0000] {sql.py:509} INFO - Running statement: 
    INSERT INTO books (title, authors, price, rating)
    VALUES (%s, %s, %s, %s)
    , parameters: ('Data Science (The MIT Press Essential Knowledge series)', 'Paperback', '10.', '4.4 out of 5 stars')
[2024-08-20T04:43:10.682+0000] {sql.py:518} INFO - Rows affected: 1
[2024-08-20T04:43:10.693+0000] {base.py:84} INFO - Retrieving connection 'books_connection'
[2024-08-20T04:43:10.698+0000] {sql.py:509} INFO - Running statement: 
    INSERT INTO books (title, authors, price, rating)
    VALUES (%s, %s, %s, %s)
    , parameters: ('Engineers Survival Guide: Advice, tactics, and tricks After a decade of working at Facebook, Snapchat, and Microsoft', 'Merih Taze', '29.', '4.4 out of 5 stars')
[2024-08-20T04:43:10.699+0000] {sql.py:518} INFO - Rows affected: 1
[2024-08-20T04:43:10.710+0000] {base.py:84} INFO - Retrieving connection 'books_connection'
[2024-08-20T04:43:10.715+0000] {sql.py:509} INFO - Running statement: 
    INSERT INTO books (title, authors, price, rating)
    VALUES (%s, %s, %s, %s)
    , parameters: ('How Data Happened: A History from the Age of Reason to the Age of Algorithms', 'Chris Wiggins', '16.', '4.2 out of 5 stars')
[2024-08-20T04:43:10.717+0000] {sql.py:518} INFO - Rows affected: 1
[2024-08-20T04:43:10.727+0000] {base.py:84} INFO - Retrieving connection 'books_connection'
[2024-08-20T04:43:10.732+0000] {sql.py:509} INFO - Running statement: 
    INSERT INTO books (title, authors, price, rating)
    VALUES (%s, %s, %s, %s)
    , parameters: ("System Design Interview – An insider's guide", 'Alex Xu', '37.', '4.6 out of 5 stars')
[2024-08-20T04:43:10.734+0000] {sql.py:518} INFO - Rows affected: 1
[2024-08-20T04:43:10.746+0000] {base.py:84} INFO - Retrieving connection 'books_connection'
[2024-08-20T04:43:10.751+0000] {sql.py:509} INFO - Running statement: 
    INSERT INTO books (title, authors, price, rating)
    VALUES (%s, %s, %s, %s)
    , parameters: ('Data Engineering with Scala and Spark: A practical guide helping you build streaming and batch pipelines that process massive amounts of data using Scala', 'Eric Tome', '36.', '4.3 out of 5 stars')
[2024-08-20T04:43:10.752+0000] {sql.py:518} INFO - Rows affected: 1
[2024-08-20T04:43:10.763+0000] {base.py:84} INFO - Retrieving connection 'books_connection'
[2024-08-20T04:43:10.767+0000] {sql.py:509} INFO - Running statement: 
    INSERT INTO books (title, authors, price, rating)
    VALUES (%s, %s, %s, %s)
    , parameters: ('Azure Data Engineer Associate Certification Guide: A hands-on reference guide to developing your data engineering skills and preparing for the DP-203 exam', 'Newton Alex', '54.', '3.9 out of 5 stars')
[2024-08-20T04:43:10.769+0000] {sql.py:518} INFO - Rows affected: 1
[2024-08-20T04:43:10.780+0000] {base.py:84} INFO - Retrieving connection 'books_connection'
[2024-08-20T04:43:10.784+0000] {sql.py:509} INFO - Running statement: 
    INSERT INTO books (title, authors, price, rating)
    VALUES (%s, %s, %s, %s)
    , parameters: ('Mastering the Data Paradox: Key to Winning in the AI Age', 'Nitin Seth', '18.', '4.8 out of 5 stars')
[2024-08-20T04:43:10.786+0000] {sql.py:518} INFO - Rows affected: 1
[2024-08-20T04:43:10.796+0000] {base.py:84} INFO - Retrieving connection 'books_connection'
[2024-08-20T04:43:10.801+0000] {sql.py:509} INFO - Running statement: 
    INSERT INTO books (title, authors, price, rating)
    VALUES (%s, %s, %s, %s)
    , parameters: ('Data Science on AWS: Implementing End-to-End, Continuous AI and Machine Learning Pipelines', 'Chris Fregly', '11.', '4.5 out of 5 stars')
[2024-08-20T04:43:10.802+0000] {sql.py:518} INFO - Rows affected: 1
[2024-08-20T04:43:10.813+0000] {base.py:84} INFO - Retrieving connection 'books_connection'
[2024-08-20T04:43:10.817+0000] {sql.py:509} INFO - Running statement: 
    INSERT INTO books (title, authors, price, rating)
    VALUES (%s, %s, %s, %s)
    , parameters: ("Applied Machine Learning and AI for Engineers: Solve Business Problems That Can't Be Solved Algorithmically", 'Jeff Prosise', '55.', '4.5 out of 5 stars')
[2024-08-20T04:43:10.819+0000] {sql.py:518} INFO - Rows affected: 1
[2024-08-20T04:43:10.829+0000] {base.py:84} INFO - Retrieving connection 'books_connection'
[2024-08-20T04:43:10.834+0000] {sql.py:509} INFO - Running statement: 
    INSERT INTO books (title, authors, price, rating)
    VALUES (%s, %s, %s, %s)
    , parameters: ('Data Engineering Fundamentals for Beginners: Mastering the Art of Building, Managing, and Scaling Data Systems', 'Paperback', '14.', '5.0 out of 5 stars')
[2024-08-20T04:43:10.836+0000] {sql.py:518} INFO - Rows affected: 1
[2024-08-20T04:43:10.849+0000] {base.py:84} INFO - Retrieving connection 'books_connection'
[2024-08-20T04:43:10.854+0000] {sql.py:509} INFO - Running statement: 
    INSERT INTO books (title, authors, price, rating)
    VALUES (%s, %s, %s, %s)
    , parameters: ('Feature Engineering for Machine Learning: Principles and Techniques for Data Scientists', 'Alice Zheng', '41.', '4.4 out of 5 stars')
[2024-08-20T04:43:10.857+0000] {sql.py:518} INFO - Rows affected: 1
[2024-08-20T04:43:10.867+0000] {base.py:84} INFO - Retrieving connection 'books_connection'
[2024-08-20T04:43:10.872+0000] {sql.py:509} INFO - Running statement: 
    INSERT INTO books (title, authors, price, rating)
    VALUES (%s, %s, %s, %s)
    , parameters: ('Better Data Visualizations: A Guide for Scholars, Researchers, and Wonks', 'Jonathan Schwabish', '26.', '4.5 out of 5 stars')
[2024-08-20T04:43:10.874+0000] {sql.py:518} INFO - Rows affected: 1
[2024-08-20T04:43:10.882+0000] {base.py:84} INFO - Retrieving connection 'books_connection'
[2024-08-20T04:43:10.887+0000] {sql.py:509} INFO - Running statement: 
    INSERT INTO books (title, authors, price, rating)
    VALUES (%s, %s, %s, %s)
    , parameters: ('SQL Data Analytics Made Easy: Your Step-by-Step Guide to Unlocking Data’s Hidden Secrets: Demystify complex concepts, and harness the power of data to drive intelligent decision-making effortlessly.', 'L.D. Knowings', '14.', '4.1 out of 5 stars')
[2024-08-20T04:43:10.889+0000] {sql.py:518} INFO - Rows affected: 1
[2024-08-20T04:43:10.901+0000] {base.py:84} INFO - Retrieving connection 'books_connection'
[2024-08-20T04:43:10.906+0000] {sql.py:509} INFO - Running statement: 
    INSERT INTO books (title, authors, price, rating)
    VALUES (%s, %s, %s, %s)
    , parameters: ('The Art of Doing Science and Engineering: Learning to Learn', 'Richard W. Hamming', '19.', '4.6 out of 5 stars')
[2024-08-20T04:43:10.907+0000] {sql.py:518} INFO - Rows affected: 1
[2024-08-20T04:43:10.917+0000] {base.py:84} INFO - Retrieving connection 'books_connection'
[2024-08-20T04:43:10.921+0000] {sql.py:509} INFO - Running statement: 
    INSERT INTO books (title, authors, price, rating)
    VALUES (%s, %s, %s, %s)
    , parameters: ('A Common-Sense Guide to Data Structures and Algorithms, Second Edition: Level Up Your Core Programming Skills', 'Jay Wengrow', '39.', '4.7 out of 5 stars')
[2024-08-20T04:43:10.923+0000] {sql.py:518} INFO - Rows affected: 1
[2024-08-20T04:43:10.931+0000] {base.py:84} INFO - Retrieving connection 'books_connection'
[2024-08-20T04:43:10.936+0000] {sql.py:509} INFO - Running statement: 
    INSERT INTO books (title, authors, price, rating)
    VALUES (%s, %s, %s, %s)
    , parameters: ('Fundamentals of Data Visualization: A Primer on Making Informative and Compelling Figures', 'Claus Wilke', '49.', '4.6 out of 5 stars')
[2024-08-20T04:43:10.938+0000] {sql.py:518} INFO - Rows affected: 1
[2024-08-20T04:43:10.947+0000] {base.py:84} INFO - Retrieving connection 'books_connection'
[2024-08-20T04:43:10.952+0000] {sql.py:509} INFO - Running statement: 
    INSERT INTO books (title, authors, price, rating)
    VALUES (%s, %s, %s, %s)
    , parameters: ('Hypothesis Testing: An Intuitive Guide for Making Data Driven Decisions', 'Jim Frost', '23.', '4.5 out of 5 stars')
[2024-08-20T04:43:10.954+0000] {sql.py:518} INFO - Rows affected: 1
[2024-08-20T04:43:10.963+0000] {base.py:84} INFO - Retrieving connection 'books_connection'
[2024-08-20T04:43:10.968+0000] {sql.py:509} INFO - Running statement: 
    INSERT INTO books (title, authors, price, rating)
    VALUES (%s, %s, %s, %s)
    , parameters: ('Modeling and Simulation in Python: An Introduction for Scientists and Engineers', 'Allen B. Downey', '32.', '4.5 out of 5 stars')
[2024-08-20T04:43:10.969+0000] {sql.py:518} INFO - Rows affected: 1
[2024-08-20T04:43:10.979+0000] {base.py:84} INFO - Retrieving connection 'books_connection'
[2024-08-20T04:43:10.983+0000] {sql.py:509} INFO - Running statement: 
    INSERT INTO books (title, authors, price, rating)
    VALUES (%s, %s, %s, %s)
    , parameters: ('The Data Governance Guidebook and Playbook: By a Practitioner for Practitioners', 'Paperback', '25.', '4.3 out of 5 stars')
[2024-08-20T04:43:10.985+0000] {sql.py:518} INFO - Rows affected: 1
[2024-08-20T04:43:10.994+0000] {base.py:84} INFO - Retrieving connection 'books_connection'
[2024-08-20T04:43:10.998+0000] {sql.py:509} INFO - Running statement: 
    INSERT INTO books (title, authors, price, rating)
    VALUES (%s, %s, %s, %s)
    , parameters: ('AWS Certified Data Analytics Study Guide: Specialty (DAS-C01) Exam', 'Asif Abbasi', '31.', '4.6 out of 5 stars')
[2024-08-20T04:43:11.000+0000] {sql.py:518} INFO - Rows affected: 1
[2024-08-20T04:43:11.009+0000] {base.py:84} INFO - Retrieving connection 'books_connection'
[2024-08-20T04:43:11.014+0000] {sql.py:509} INFO - Running statement: 
    INSERT INTO books (title, authors, price, rating)
    VALUES (%s, %s, %s, %s)
    , parameters: ('50 Algorithms Every Programmer Should Know - Second Edition: An unbeatable arsenal of algorithmic solutions for real-world problems', 'Imran Ahmad', '37.', '4.4 out of 5 stars')
[2024-08-20T04:43:11.015+0000] {sql.py:518} INFO - Rows affected: 1
[2024-08-20T04:43:11.025+0000] {base.py:84} INFO - Retrieving connection 'books_connection'
[2024-08-20T04:43:11.029+0000] {sql.py:509} INFO - Running statement: 
    INSERT INTO books (title, authors, price, rating)
    VALUES (%s, %s, %s, %s)
    , parameters: ('Technology is Dead', 'Paperback', '23.', '5.0 out of 5 stars')
[2024-08-20T04:43:11.030+0000] {sql.py:518} INFO - Rows affected: 1
[2024-08-20T04:43:11.040+0000] {base.py:84} INFO - Retrieving connection 'books_connection'
[2024-08-20T04:43:11.044+0000] {sql.py:509} INFO - Running statement: 
    INSERT INTO books (title, authors, price, rating)
    VALUES (%s, %s, %s, %s)
    , parameters: ('Designing Cloud Data Platforms', 'Audible Audiobook', '0.', '4.7 out of 5 stars')
[2024-08-20T04:43:11.046+0000] {sql.py:518} INFO - Rows affected: 1
[2024-08-20T04:43:11.054+0000] {base.py:84} INFO - Retrieving connection 'books_connection'
[2024-08-20T04:43:11.059+0000] {sql.py:509} INFO - Running statement: 
    INSERT INTO books (title, authors, price, rating)
    VALUES (%s, %s, %s, %s)
    , parameters: ('Data Science: The Hard Parts: Techniques for Excelling at Data Science', 'Daniel Vaughan', '48.', '5.0 out of 5 stars')
[2024-08-20T04:43:11.061+0000] {sql.py:518} INFO - Rows affected: 1
[2024-08-20T04:43:11.070+0000] {base.py:84} INFO - Retrieving connection 'books_connection'
[2024-08-20T04:43:11.074+0000] {sql.py:509} INFO - Running statement: 
    INSERT INTO books (title, authors, price, rating)
    VALUES (%s, %s, %s, %s)
    , parameters: ('Data Management at Scale: Modern Data Architecture with Data Mesh and Data Fabric', 'Piethein Strengholt', '47.', '4.5 out of 5 stars')
[2024-08-20T04:43:11.076+0000] {sql.py:518} INFO - Rows affected: 1
[2024-08-20T04:43:11.085+0000] {base.py:84} INFO - Retrieving connection 'books_connection'
[2024-08-20T04:43:11.089+0000] {sql.py:509} INFO - Running statement: 
    INSERT INTO books (title, authors, price, rating)
    VALUES (%s, %s, %s, %s)
    , parameters: ('Practical Fraud Prevention: Fraud and AML Analytics for Fintech and eCommerce, Using SQL and Python', 'Gilit Saporta', '47.', '4.4 out of 5 stars')
[2024-08-20T04:43:11.091+0000] {sql.py:518} INFO - Rows affected: 1
[2024-08-20T04:43:11.101+0000] {base.py:84} INFO - Retrieving connection 'books_connection'
[2024-08-20T04:43:11.105+0000] {sql.py:509} INFO - Running statement: 
    INSERT INTO books (title, authors, price, rating)
    VALUES (%s, %s, %s, %s)
    , parameters: ('Data Quality Engineering in Financial Services: Applying Manufacturing Techniques to Data', 'Brian Buzzelli', '30.', '4.4 out of 5 stars')
[2024-08-20T04:43:11.107+0000] {sql.py:518} INFO - Rows affected: 1
[2024-08-20T04:43:11.115+0000] {base.py:84} INFO - Retrieving connection 'books_connection'
[2024-08-20T04:43:11.119+0000] {sql.py:509} INFO - Running statement: 
    INSERT INTO books (title, authors, price, rating)
    VALUES (%s, %s, %s, %s)
    , parameters: ('Ultimate Azure Data Engineering: Build Robust Data Engineering Systems on Azure with SQL, ETL, Data Modeling, and Power BI for Business Insights and Crack Azure Certifications (English Edition)', 'Ashish Agarwal', '39.', '5.0 out of 5 stars')
[2024-08-20T04:43:11.121+0000] {sql.py:518} INFO - Rows affected: 1
[2024-08-20T04:43:11.132+0000] {base.py:84} INFO - Retrieving connection 'books_connection'
[2024-08-20T04:43:11.137+0000] {sql.py:509} INFO - Running statement: 
    INSERT INTO books (title, authors, price, rating)
    VALUES (%s, %s, %s, %s)
    , parameters: ('Data Structures and Algorithms: 100 Interview Questions (Advanced Topics in Programming Book 2)', 'Kindle', '9.', '5.0 out of 5 stars')
[2024-08-20T04:43:11.139+0000] {sql.py:518} INFO - Rows affected: 1
[2024-08-20T04:43:11.152+0000] {base.py:84} INFO - Retrieving connection 'books_connection'
[2024-08-20T04:43:11.157+0000] {sql.py:509} INFO - Running statement: 
    INSERT INTO books (title, authors, price, rating)
    VALUES (%s, %s, %s, %s)
    , parameters: ('Data-Centric Machine Learning with Python: The ultimate guide to engineering and deploying high-quality models based on good data', 'Jonas Christensen', '49.', '4.6 out of 5 stars')
[2024-08-20T04:43:11.159+0000] {sql.py:518} INFO - Rows affected: 1
[2024-08-20T04:43:11.171+0000] {base.py:84} INFO - Retrieving connection 'books_connection'
[2024-08-20T04:43:11.178+0000] {sql.py:509} INFO - Running statement: 
    INSERT INTO books (title, authors, price, rating)
    VALUES (%s, %s, %s, %s)
    , parameters: ('Architecting Data and Machine Learning Platforms: Enable Analytics and AI-Driven Innovation in the Cloud', 'Marco Tranquillin', '37.', '4.3 out of 5 stars')
[2024-08-20T04:43:11.182+0000] {sql.py:518} INFO - Rows affected: 1
[2024-08-20T04:43:11.193+0000] {base.py:84} INFO - Retrieving connection 'books_connection'
[2024-08-20T04:43:11.199+0000] {sql.py:509} INFO - Running statement: 
    INSERT INTO books (title, authors, price, rating)
    VALUES (%s, %s, %s, %s)
    , parameters: ('Killed by a Traffic Engineer: Shattering the Delusion that Science Underlies our Transportation System', 'Wes Marshall', '33.', '4.5 out of 5 stars')
[2024-08-20T04:43:11.201+0000] {sql.py:518} INFO - Rows affected: 1
[2024-08-20T04:43:11.215+0000] {base.py:84} INFO - Retrieving connection 'books_connection'
[2024-08-20T04:43:11.221+0000] {sql.py:509} INFO - Running statement: 
    INSERT INTO books (title, authors, price, rating)
    VALUES (%s, %s, %s, %s)
    , parameters: ('Restricted Data: The History of Nuclear Secrecy in the United States', 'Alex Wellerstein', '2.', '4.7 out of 5 stars')
[2024-08-20T04:43:11.223+0000] {sql.py:518} INFO - Rows affected: 1
[2024-08-20T04:43:11.236+0000] {base.py:84} INFO - Retrieving connection 'books_connection'
[2024-08-20T04:43:11.244+0000] {sql.py:509} INFO - Running statement: 
    INSERT INTO books (title, authors, price, rating)
    VALUES (%s, %s, %s, %s)
    , parameters: ('Data Driven: Truckers, Technology, and the New Workplace Surveillance', 'Karen Levy', '21.', '4.3 out of 5 stars')
[2024-08-20T04:43:11.247+0000] {sql.py:518} INFO - Rows affected: 1
[2024-08-20T04:43:11.261+0000] {base.py:84} INFO - Retrieving connection 'books_connection'
[2024-08-20T04:43:11.266+0000] {sql.py:509} INFO - Running statement: 
    INSERT INTO books (title, authors, price, rating)
    VALUES (%s, %s, %s, %s)
    , parameters: ("Engineers' Practical Databook: A Technical Reference Guide for Students and Professionals", 'Jay Smith', '18.', '4.6 out of 5 stars')
[2024-08-20T04:43:11.268+0000] {sql.py:518} INFO - Rows affected: 1
[2024-08-20T04:43:11.280+0000] {base.py:84} INFO - Retrieving connection 'books_connection'
[2024-08-20T04:43:11.286+0000] {sql.py:509} INFO - Running statement: 
    INSERT INTO books (title, authors, price, rating)
    VALUES (%s, %s, %s, %s)
    , parameters: ('Understanding Cryptography: A Textbook for Students and Practitioners', 'Christof Paar', '29.', '4.6 out of 5 stars')
[2024-08-20T04:43:11.288+0000] {sql.py:518} INFO - Rows affected: 1
[2024-08-20T04:43:11.302+0000] {base.py:84} INFO - Retrieving connection 'books_connection'
[2024-08-20T04:43:11.309+0000] {sql.py:509} INFO - Running statement: 
    INSERT INTO books (title, authors, price, rating)
    VALUES (%s, %s, %s, %s)
    , parameters: ('Grokking Algorithms', 'Audible Audiobook', '0.', '4.6 out of 5 stars')
[2024-08-20T04:43:11.311+0000] {sql.py:518} INFO - Rows affected: 1
[2024-08-20T04:43:11.323+0000] {base.py:84} INFO - Retrieving connection 'books_connection'
[2024-08-20T04:43:11.329+0000] {sql.py:509} INFO - Running statement: 
    INSERT INTO books (title, authors, price, rating)
    VALUES (%s, %s, %s, %s)
    , parameters: ('Observability Engineering: Achieving Production Excellence', 'Charity Majors', '34.', '4.3 out of 5 stars')
[2024-08-20T04:43:11.331+0000] {sql.py:518} INFO - Rows affected: 1
[2024-08-20T04:43:11.343+0000] {base.py:84} INFO - Retrieving connection 'books_connection'
[2024-08-20T04:43:11.348+0000] {sql.py:509} INFO - Running statement: 
    INSERT INTO books (title, authors, price, rating)
    VALUES (%s, %s, %s, %s)
    , parameters: ('Python Feature Engineering Cookbook: Over 70 recipes for creating, engineering, and transforming features to build machine learning models, 2nd Edition', 'Soledad Galli', '44.', '4.4 out of 5 stars')
[2024-08-20T04:43:11.350+0000] {sql.py:518} INFO - Rows affected: 1
[2024-08-20T04:43:11.363+0000] {base.py:84} INFO - Retrieving connection 'books_connection'
[2024-08-20T04:43:11.369+0000] {sql.py:509} INFO - Running statement: 
    INSERT INTO books (title, authors, price, rating)
    VALUES (%s, %s, %s, %s)
    , parameters: ('Practical Reverse Engineering: x86, x64, ARM, Windows Kernel, Reversing Tools, and Obfuscation', 'Bruce Dang', '34.', '4.6 out of 5 stars')
[2024-08-20T04:43:11.372+0000] {sql.py:518} INFO - Rows affected: 1
[2024-08-20T04:43:11.385+0000] {base.py:84} INFO - Retrieving connection 'books_connection'
[2024-08-20T04:43:11.392+0000] {sql.py:509} INFO - Running statement: 
    INSERT INTO books (title, authors, price, rating)
    VALUES (%s, %s, %s, %s)
    , parameters: ('The Data Model Resource Book, Vol. 1: A Library of Universal Data Models for All Enterprises', 'Len Silverston', '63.', '4.3 out of 5 stars')
[2024-08-20T04:43:11.394+0000] {sql.py:518} INFO - Rows affected: 1
[2024-08-20T04:43:11.406+0000] {base.py:84} INFO - Retrieving connection 'books_connection'
[2024-08-20T04:43:11.410+0000] {sql.py:509} INFO - Running statement: 
    INSERT INTO books (title, authors, price, rating)
    VALUES (%s, %s, %s, %s)
    , parameters: ('Data Analytics for Absolute Beginners: Make Decisions Using Every Variable: (Introduction to Data, Data Visualization, Business Intelligence & Machine ... Science, Python & Statistics for Beginners)', 'Kindle', '0.', '4.5 out of 5 stars')
[2024-08-20T04:43:11.412+0000] {sql.py:518} INFO - Rows affected: 1
[2024-08-20T04:43:11.424+0000] {base.py:84} INFO - Retrieving connection 'books_connection'
[2024-08-20T04:43:11.430+0000] {sql.py:509} INFO - Running statement: 
    INSERT INTO books (title, authors, price, rating)
    VALUES (%s, %s, %s, %s)
    , parameters: ('The Definitive Guide to Azure Data Engineering: Modern ELT, DevOps, and Analytics on the Azure Cloud Platform', "Ron C. L'Esteve", '36.', '3.8 out of 5 stars')
[2024-08-20T04:43:11.432+0000] {sql.py:518} INFO - Rows affected: 1
[2024-08-20T04:43:11.443+0000] {base.py:84} INFO - Retrieving connection 'books_connection'
[2024-08-20T04:43:11.451+0000] {sql.py:509} INFO - Running statement: 
    INSERT INTO books (title, authors, price, rating)
    VALUES (%s, %s, %s, %s)
    , parameters: ('Data Juice: 101 Stories of How Organizations Are Squeezing Value from Available Data Assets', 'Douglas B. Laney', '27.', '4.1 out of 5 stars')
[2024-08-20T04:43:11.453+0000] {sql.py:518} INFO - Rows affected: 1
[2024-08-20T04:43:11.465+0000] {base.py:84} INFO - Retrieving connection 'books_connection'
[2024-08-20T04:43:11.470+0000] {sql.py:509} INFO - Running statement: 
    INSERT INTO books (title, authors, price, rating)
    VALUES (%s, %s, %s, %s)
    , parameters: ('Microsoft Azure Data Engineering: The Big Reference Guide (The Data Engineering Series)', 'Kindle', '0.', '4.6 out of 5 stars')
[2024-08-20T04:43:11.472+0000] {sql.py:518} INFO - Rows affected: 1
[2024-08-20T04:43:11.475+0000] {python.py:240} INFO - Done. Returned value was: None
[2024-08-20T04:43:11.491+0000] {taskinstance.py:340} INFO - ::group::Post task execution logs
[2024-08-20T04:43:11.492+0000] {taskinstance.py:352} INFO - Marking task as SUCCESS. dag_id=fetch_and_store_DE_books, task_id=insert_book_data, run_id=scheduled__2024-07-07T00:00:00+00:00, execution_date=20240707T000000, start_date=20240820T044308, end_date=20240820T044311
[2024-08-20T04:43:11.510+0000] {logging_mixin.py:190} INFO - Task instance in success state
[2024-08-20T04:43:11.511+0000] {logging_mixin.py:190} INFO -  Previous state of the Task instance: running
[2024-08-20T04:43:11.511+0000] {logging_mixin.py:190} INFO - Dag name:fetch_and_store_DE_books queued_at:2024-08-20 04:42:55.556779+00:00
[2024-08-20T04:43:11.512+0000] {logging_mixin.py:190} INFO - Task hostname:668944ed7238 operator:PythonOperator
[2024-08-20T04:43:11.539+0000] {local_task_job_runner.py:261} INFO - Task exited with return code 0
[2024-08-20T04:43:11.562+0000] {taskinstance.py:3891} INFO - 0 downstream tasks scheduled from follow-on schedule check
[2024-08-20T04:43:11.565+0000] {local_task_job_runner.py:240} INFO - ::endgroup::
