[2024-08-20T04:46:05.311+0000] {local_task_job_runner.py:123} INFO - ::group::Pre task execution logs
[2024-08-20T04:46:05.333+0000] {taskinstance.py:2603} INFO - Dependencies all met for dep_context=non-requeueable deps ti=<TaskInstance: fetch_and_store_DE_books.insert_book_data scheduled__2024-08-03T00:00:00+00:00 [queued]>
[2024-08-20T04:46:05.345+0000] {taskinstance.py:2603} INFO - Dependencies all met for dep_context=requeueable deps ti=<TaskInstance: fetch_and_store_DE_books.insert_book_data scheduled__2024-08-03T00:00:00+00:00 [queued]>
[2024-08-20T04:46:05.346+0000] {taskinstance.py:2856} INFO - Starting attempt 1 of 2
[2024-08-20T04:46:05.362+0000] {taskinstance.py:2879} INFO - Executing <Task(PythonOperator): insert_book_data> on 2024-08-03 00:00:00+00:00
[2024-08-20T04:46:05.372+0000] {warnings.py:112} WARNING - /home/***/.local/lib/python3.12/site-packages/***/task/task_runner/standard_task_runner.py:70: DeprecationWarning: This process (pid=1175) is multi-threaded, use of fork() may lead to deadlocks in the child.
  pid = os.fork()

[2024-08-20T04:46:05.375+0000] {standard_task_runner.py:72} INFO - Started process 1177 to run task
[2024-08-20T04:46:05.375+0000] {standard_task_runner.py:104} INFO - Running: ['***', 'tasks', 'run', 'fetch_and_store_DE_books', 'insert_book_data', 'scheduled__2024-08-03T00:00:00+00:00', '--job-id', '106', '--raw', '--subdir', 'DAGS_FOLDER/app.py', '--cfg-path', '/tmp/tmp6i8yqi1n']
[2024-08-20T04:46:05.376+0000] {standard_task_runner.py:105} INFO - Job 106: Subtask insert_book_data
[2024-08-20T04:46:05.431+0000] {task_command.py:467} INFO - Running <TaskInstance: fetch_and_store_DE_books.insert_book_data scheduled__2024-08-03T00:00:00+00:00 [running]> on host 668944ed7238
[2024-08-20T04:46:05.530+0000] {taskinstance.py:3122} INFO - Exporting env vars: AIRFLOW_CTX_DAG_OWNER='***' AIRFLOW_CTX_DAG_ID='fetch_and_store_DE_books' AIRFLOW_CTX_TASK_ID='insert_book_data' AIRFLOW_CTX_EXECUTION_DATE='2024-08-03T00:00:00+00:00' AIRFLOW_CTX_TRY_NUMBER='1' AIRFLOW_CTX_DAG_RUN_ID='scheduled__2024-08-03T00:00:00+00:00'
[2024-08-20T04:46:05.532+0000] {logging_mixin.py:190} INFO - Task instance is in running state
[2024-08-20T04:46:05.533+0000] {logging_mixin.py:190} INFO -  Previous state of the Task instance: queued
[2024-08-20T04:46:05.534+0000] {logging_mixin.py:190} INFO - Current task name:insert_book_data state:running start_date:2024-08-20 04:46:05.334934+00:00
[2024-08-20T04:46:05.535+0000] {logging_mixin.py:190} INFO - Dag name:fetch_and_store_DE_books and current dag run status:running
[2024-08-20T04:46:05.536+0000] {taskinstance.py:731} INFO - ::endgroup::
[2024-08-20T04:46:05.559+0000] {base.py:84} INFO - Retrieving connection 'books_connection'
[2024-08-20T04:46:05.563+0000] {sql.py:509} INFO - Running statement: 
    INSERT INTO books (title, authors, price, rating)
    VALUES (%s, %s, %s, %s)
    , parameters: ('Ace the Data Engineering Interview: Questions and Answers for Python, SQL, Data Modeling and More', 'Sean Coyne', '24.', '4.1 out of 5 stars')
[2024-08-20T04:46:05.566+0000] {sql.py:518} INFO - Rows affected: 1
[2024-08-20T04:46:05.575+0000] {base.py:84} INFO - Retrieving connection 'books_connection'
[2024-08-20T04:46:05.579+0000] {sql.py:509} INFO - Running statement: 
    INSERT INTO books (title, authors, price, rating)
    VALUES (%s, %s, %s, %s)
    , parameters: ('Data Engineering with AWS - Second Edition: Acquire the skills to design and build AWS-based data transformation pipelines like a pro', 'Gareth Eagar', '41.', '4.4 out of 5 stars')
[2024-08-20T04:46:05.581+0000] {sql.py:518} INFO - Rows affected: 1
[2024-08-20T04:46:05.590+0000] {base.py:84} INFO - Retrieving connection 'books_connection'
[2024-08-20T04:46:05.595+0000] {sql.py:509} INFO - Running statement: 
    INSERT INTO books (title, authors, price, rating)
    VALUES (%s, %s, %s, %s)
    , parameters: ('Azure Data Engineer Associate Certification Guide: Ace the DP-203 exam with advanced data engineering skills', 'Giacinto Palmieri', '39.', '4.5 out of 5 stars')
[2024-08-20T04:46:05.597+0000] {sql.py:518} INFO - Rows affected: 1
[2024-08-20T04:46:05.607+0000] {base.py:84} INFO - Retrieving connection 'books_connection'
[2024-08-20T04:46:05.611+0000] {sql.py:509} INFO - Running statement: 
    INSERT INTO books (title, authors, price, rating)
    VALUES (%s, %s, %s, %s)
    , parameters: ('Data Engineering 101', 'Paperback', '22.', '5.0 out of 5 stars')
[2024-08-20T04:46:05.613+0000] {sql.py:518} INFO - Rows affected: 1
[2024-08-20T04:46:05.622+0000] {base.py:84} INFO - Retrieving connection 'books_connection'
[2024-08-20T04:46:05.627+0000] {sql.py:509} INFO - Running statement: 
    INSERT INTO books (title, authors, price, rating)
    VALUES (%s, %s, %s, %s)
    , parameters: ('Fundamentals of Data Engineering: Plan and Build Robust Data Systems', 'Joe Reis', '38.', '4.7 out of 5 stars')
[2024-08-20T04:46:05.628+0000] {sql.py:518} INFO - Rows affected: 1
[2024-08-20T04:46:05.638+0000] {base.py:84} INFO - Retrieving connection 'books_connection'
[2024-08-20T04:46:05.643+0000] {sql.py:509} INFO - Running statement: 
    INSERT INTO books (title, authors, price, rating)
    VALUES (%s, %s, %s, %s)
    , parameters: ('Data Pipelines Pocket Reference: Moving and Processing Data for Analytics', 'James Densmore', '17.', '4.5 out of 5 stars')
[2024-08-20T04:46:05.645+0000] {sql.py:518} INFO - Rows affected: 1
[2024-08-20T04:46:05.656+0000] {base.py:84} INFO - Retrieving connection 'books_connection'
[2024-08-20T04:46:05.660+0000] {sql.py:509} INFO - Running statement: 
    INSERT INTO books (title, authors, price, rating)
    VALUES (%s, %s, %s, %s)
    , parameters: ('Designing Data-Intensive Applications: The Big Ideas Behind Reliable, Scalable, and Maintainable Systems', 'Martin Kleppmann', '35.', '4.8 out of 5 stars')
[2024-08-20T04:46:05.662+0000] {sql.py:518} INFO - Rows affected: 1
[2024-08-20T04:46:05.671+0000] {base.py:84} INFO - Retrieving connection 'books_connection'
[2024-08-20T04:46:05.676+0000] {sql.py:509} INFO - Running statement: 
    INSERT INTO books (title, authors, price, rating)
    VALUES (%s, %s, %s, %s)
    , parameters: ('Data Engineering with Python: Work with massive datasets to design data models and automate data pipelines using Python', 'Paul Crickard', '37.', '4.1 out of 5 stars')
[2024-08-20T04:46:05.679+0000] {sql.py:518} INFO - Rows affected: 1
[2024-08-20T04:46:05.689+0000] {base.py:84} INFO - Retrieving connection 'books_connection'
[2024-08-20T04:46:05.694+0000] {sql.py:509} INFO - Running statement: 
    INSERT INTO books (title, authors, price, rating)
    VALUES (%s, %s, %s, %s)
    , parameters: ('Data Engineering with Python cookbook: Learn to build efficient data pipelines using the Modern Cloud Data Stack', 'Adithyan Ramanujakootam', '29.', '5.0 out of 5 stars')
[2024-08-20T04:46:05.696+0000] {sql.py:518} INFO - Rows affected: 1
[2024-08-20T04:46:05.704+0000] {base.py:84} INFO - Retrieving connection 'books_connection'
[2024-08-20T04:46:05.710+0000] {sql.py:509} INFO - Running statement: 
    INSERT INTO books (title, authors, price, rating)
    VALUES (%s, %s, %s, %s)
    , parameters: ('Cracking the Data Engineering Interview: Land your dream job with the help of resume-building tips, over 100 mock questions, and a unique portfolio', 'Kedeisha Bryan', '26.', '4.4 out of 5 stars')
[2024-08-20T04:46:05.711+0000] {sql.py:518} INFO - Rows affected: 1
[2024-08-20T04:46:05.721+0000] {base.py:84} INFO - Retrieving connection 'books_connection'
[2024-08-20T04:46:05.725+0000] {sql.py:509} INFO - Running statement: 
    INSERT INTO books (title, authors, price, rating)
    VALUES (%s, %s, %s, %s)
    , parameters: ('Data Engineering with AWS: Learn how to design and build cloud-based data transformation pipelines using AWS', 'Gareth Eagar', '49.', '4.4 out of 5 stars')
[2024-08-20T04:46:05.727+0000] {sql.py:518} INFO - Rows affected: 1
[2024-08-20T04:46:05.736+0000] {base.py:84} INFO - Retrieving connection 'books_connection'
[2024-08-20T04:46:05.740+0000] {sql.py:509} INFO - Running statement: 
    INSERT INTO books (title, authors, price, rating)
    VALUES (%s, %s, %s, %s)
    , parameters: ('Software Engineering for Data Scientists: From Notebooks to Scalable Systems', 'Catherine Nelson', '52.', '4.5 out of 5 stars')
[2024-08-20T04:46:05.742+0000] {sql.py:518} INFO - Rows affected: 1
[2024-08-20T04:46:05.751+0000] {base.py:84} INFO - Retrieving connection 'books_connection'
[2024-08-20T04:46:05.755+0000] {sql.py:509} INFO - Running statement: 
    INSERT INTO books (title, authors, price, rating)
    VALUES (%s, %s, %s, %s)
    , parameters: ('Data Engineering with Google Cloud Platform: A guide to leveling up as a data engineer by building a scalable data platform with Google Cloud', 'Adi Wijaya', '41.', '5.0 out of 5 stars')
[2024-08-20T04:46:05.757+0000] {sql.py:518} INFO - Rows affected: 1
[2024-08-20T04:46:05.766+0000] {base.py:84} INFO - Retrieving connection 'books_connection'
[2024-08-20T04:46:05.770+0000] {sql.py:509} INFO - Running statement: 
    INSERT INTO books (title, authors, price, rating)
    VALUES (%s, %s, %s, %s)
    , parameters: ('Driving Data Quality with Data Contracts: A comprehensive guide to building reliable, trusted, and effective data platforms', 'Andrew Jones', '28.', '4.6 out of 5 stars')
[2024-08-20T04:46:05.772+0000] {sql.py:518} INFO - Rows affected: 1
[2024-08-20T04:46:05.780+0000] {base.py:84} INFO - Retrieving connection 'books_connection'
[2024-08-20T04:46:05.784+0000] {sql.py:509} INFO - Running statement: 
    INSERT INTO books (title, authors, price, rating)
    VALUES (%s, %s, %s, %s)
    , parameters: ('Mastering Large Datasets with Python: Parallelize and Distribute Your Python Code', 'John T. Wolohan', '49.', '3.9 out of 5 stars')
[2024-08-20T04:46:05.786+0000] {sql.py:518} INFO - Rows affected: 1
[2024-08-20T04:46:05.795+0000] {base.py:84} INFO - Retrieving connection 'books_connection'
[2024-08-20T04:46:05.799+0000] {sql.py:509} INFO - Running statement: 
    INSERT INTO books (title, authors, price, rating)
    VALUES (%s, %s, %s, %s)
    , parameters: ('Data Analysis with Python and PySpark', 'Jonathan Rioux', '55.', '4.4 out of 5 stars')
[2024-08-20T04:46:05.801+0000] {sql.py:518} INFO - Rows affected: 1
[2024-08-20T04:46:05.810+0000] {base.py:84} INFO - Retrieving connection 'books_connection'
[2024-08-20T04:46:05.814+0000] {sql.py:509} INFO - Running statement: 
    INSERT INTO books (title, authors, price, rating)
    VALUES (%s, %s, %s, %s)
    , parameters: ('Data Engineering with Databricks Cookbook: Build effective data and AI solutions using Apache Spark, Databricks, and Delta Lake', 'Pulkit Chadha', '42.', '4.2 out of 5 stars')
[2024-08-20T04:46:05.816+0000] {sql.py:518} INFO - Rows affected: 1
[2024-08-20T04:46:05.825+0000] {base.py:84} INFO - Retrieving connection 'books_connection'
[2024-08-20T04:46:05.829+0000] {sql.py:509} INFO - Running statement: 
    INSERT INTO books (title, authors, price, rating)
    VALUES (%s, %s, %s, %s)
    , parameters: ('Data Engineering with dbt: A practical guide to building a cloud-based, pragmatic, and dependable data platform with SQL', 'Roberto Zagni', '37.', '4.6 out of 5 stars')
[2024-08-20T04:46:05.831+0000] {sql.py:518} INFO - Rows affected: 1
[2024-08-20T04:46:05.839+0000] {base.py:84} INFO - Retrieving connection 'books_connection'
[2024-08-20T04:46:05.843+0000] {sql.py:509} INFO - Running statement: 
    INSERT INTO books (title, authors, price, rating)
    VALUES (%s, %s, %s, %s)
    , parameters: ('Data-Driven Science and Engineering: Machine Learning, Dynamical Systems, and Control', 'Steven L. Brunton', '64.', '4.7 out of 5 stars')
[2024-08-20T04:46:05.845+0000] {sql.py:518} INFO - Rows affected: 1
[2024-08-20T04:46:05.854+0000] {base.py:84} INFO - Retrieving connection 'books_connection'
[2024-08-20T04:46:05.859+0000] {sql.py:509} INFO - Running statement: 
    INSERT INTO books (title, authors, price, rating)
    VALUES (%s, %s, %s, %s)
    , parameters: ('Data Privacy: A runbook for engineers', 'Nishant Bhajaria', '32.', '4.8 out of 5 stars')
[2024-08-20T04:46:05.860+0000] {sql.py:518} INFO - Rows affected: 1
[2024-08-20T04:46:05.869+0000] {base.py:84} INFO - Retrieving connection 'books_connection'
[2024-08-20T04:46:05.873+0000] {sql.py:509} INFO - Running statement: 
    INSERT INTO books (title, authors, price, rating)
    VALUES (%s, %s, %s, %s)
    , parameters: ("Data: Principles To Practice - Volume 1 'Foundations': Essential Foundations: Key Concepts behind Data Architecture, Engineering and Analysis for Professionals", 'Mr Alex Holloway', '11.', '4.7 out of 5 stars')
[2024-08-20T04:46:05.875+0000] {sql.py:518} INFO - Rows affected: 1
[2024-08-20T04:46:05.884+0000] {base.py:84} INFO - Retrieving connection 'books_connection'
[2024-08-20T04:46:05.888+0000] {sql.py:509} INFO - Running statement: 
    INSERT INTO books (title, authors, price, rating)
    VALUES (%s, %s, %s, %s)
    , parameters: ('Python Data Engineering Resources: Boost Your Career With This Python Handbook; Prepare For Python Interview; Python Programming Cookbook For Beginners and Experienced; Python Data Analysis and More', 'Vajo Lukic', '9.', '4.8 out of 5 stars')
[2024-08-20T04:46:05.892+0000] {sql.py:518} INFO - Rows affected: 1
[2024-08-20T04:46:05.901+0000] {base.py:84} INFO - Retrieving connection 'books_connection'
[2024-08-20T04:46:05.905+0000] {sql.py:509} INFO - Running statement: 
    INSERT INTO books (title, authors, price, rating)
    VALUES (%s, %s, %s, %s)
    , parameters: ('Data Engineering Fundamentals for Beginners: Mastering the Art of Building, Managing, and Scaling Data Systems', 'Paperback', '14.', '5.0 out of 5 stars')
[2024-08-20T04:46:05.907+0000] {sql.py:518} INFO - Rows affected: 1
[2024-08-20T04:46:05.917+0000] {base.py:84} INFO - Retrieving connection 'books_connection'
[2024-08-20T04:46:05.924+0000] {sql.py:509} INFO - Running statement: 
    INSERT INTO books (title, authors, price, rating)
    VALUES (%s, %s, %s, %s)
    , parameters: ('DATA ENGINEERING AND AI FOR BEGINNERS: Revolutionizing Data Processing and Analytics by Leveraging Artificial Intelligence for Efficient Input Collection, Storage, and Transformation (World of AI)', 'Paperback', '13.', '4.4 out of 5 stars')
[2024-08-20T04:46:05.926+0000] {sql.py:518} INFO - Rows affected: 1
[2024-08-20T04:46:05.935+0000] {base.py:84} INFO - Retrieving connection 'books_connection'
[2024-08-20T04:46:05.941+0000] {sql.py:509} INFO - Running statement: 
    INSERT INTO books (title, authors, price, rating)
    VALUES (%s, %s, %s, %s)
    , parameters: ('Data Mesh: Delivering Data-Driven Value at Scale', 'Zhamak Dehghani', '43.', '4.5 out of 5 stars')
[2024-08-20T04:46:05.943+0000] {sql.py:518} INFO - Rows affected: 1
[2024-08-20T04:46:05.952+0000] {base.py:84} INFO - Retrieving connection 'books_connection'
[2024-08-20T04:46:05.956+0000] {sql.py:509} INFO - Running statement: 
    INSERT INTO books (title, authors, price, rating)
    VALUES (%s, %s, %s, %s)
    , parameters: ('Data Engineering with Apache Spark, Delta Lake, and Lakehouse: Create scalable pipelines that ingest, curate, and aggregate complex data in a timely and secure way', 'Manoj Kukreja', '29.', '3.9 out of 5 stars')
[2024-08-20T04:46:05.958+0000] {sql.py:518} INFO - Rows affected: 1
[2024-08-20T04:46:05.969+0000] {base.py:84} INFO - Retrieving connection 'books_connection'
[2024-08-20T04:46:05.974+0000] {sql.py:509} INFO - Running statement: 
    INSERT INTO books (title, authors, price, rating)
    VALUES (%s, %s, %s, %s)
    , parameters: ('Machine Learning Engineering', 'Andriy Burkov', '39.', '4.7 out of 5 stars')
[2024-08-20T04:46:05.975+0000] {sql.py:518} INFO - Rows affected: 1
[2024-08-20T04:46:05.985+0000] {base.py:84} INFO - Retrieving connection 'books_connection'
[2024-08-20T04:46:05.990+0000] {sql.py:509} INFO - Running statement: 
    INSERT INTO books (title, authors, price, rating)
    VALUES (%s, %s, %s, %s)
    , parameters: ('The Enterprise Data Catalog: Improve Data Discovery, Ensure Data Governance, and Enable Innovation', 'Ole Olesen-Bagneux', '31.', '4.5 out of 5 stars')
[2024-08-20T04:46:05.993+0000] {sql.py:518} INFO - Rows affected: 1
[2024-08-20T04:46:06.002+0000] {base.py:84} INFO - Retrieving connection 'books_connection'
[2024-08-20T04:46:06.006+0000] {sql.py:509} INFO - Running statement: 
    INSERT INTO books (title, authors, price, rating)
    VALUES (%s, %s, %s, %s)
    , parameters: ('Data Engineering with Databricks', 'Paperback', '25.', '3.4 out of 5 stars')
[2024-08-20T04:46:06.008+0000] {sql.py:518} INFO - Rows affected: 1
[2024-08-20T04:46:06.019+0000] {base.py:84} INFO - Retrieving connection 'books_connection'
[2024-08-20T04:46:06.024+0000] {sql.py:509} INFO - Running statement: 
    INSERT INTO books (title, authors, price, rating)
    VALUES (%s, %s, %s, %s)
    , parameters: ('Ace the Data Science Interview: 201 Real Interview Questions Asked By FAANG, Tech Startups, & Wall Street', 'Nick Singh', '42.', '4.5 out of 5 stars')
[2024-08-20T04:46:06.027+0000] {sql.py:518} INFO - Rows affected: 1
[2024-08-20T04:46:06.036+0000] {base.py:84} INFO - Retrieving connection 'books_connection'
[2024-08-20T04:46:06.041+0000] {sql.py:509} INFO - Running statement: 
    INSERT INTO books (title, authors, price, rating)
    VALUES (%s, %s, %s, %s)
    , parameters: ('Modern Data Engineering with Apache Spark: A Hands-On Guide for Building Mission-Critical Streaming Applications', 'Scott Haines', '30.', '4.1 out of 5 stars')
[2024-08-20T04:46:06.044+0000] {sql.py:518} INFO - Rows affected: 1
[2024-08-20T04:46:06.054+0000] {base.py:84} INFO - Retrieving connection 'books_connection'
[2024-08-20T04:46:06.061+0000] {sql.py:509} INFO - Running statement: 
    INSERT INTO books (title, authors, price, rating)
    VALUES (%s, %s, %s, %s)
    , parameters: ('Data Modeling with Snowflake: A practical guide to accelerating Snowflake development using universal data modeling techniques', 'Serge Gershkovich', '36.', '4.8 out of 5 stars')
[2024-08-20T04:46:06.065+0000] {sql.py:518} INFO - Rows affected: 1
[2024-08-20T04:46:06.076+0000] {base.py:84} INFO - Retrieving connection 'books_connection'
[2024-08-20T04:46:06.081+0000] {sql.py:509} INFO - Running statement: 
    INSERT INTO books (title, authors, price, rating)
    VALUES (%s, %s, %s, %s)
    , parameters: ('Storytelling with Data: A Data Visualization Guide for Business Professionals', 'Cole Nussbaumer Knaflic', '27.', '4.6 out of 5 stars')
[2024-08-20T04:46:06.082+0000] {sql.py:518} INFO - Rows affected: 1
[2024-08-20T04:46:06.092+0000] {base.py:84} INFO - Retrieving connection 'books_connection'
[2024-08-20T04:46:06.097+0000] {sql.py:509} INFO - Running statement: 
    INSERT INTO books (title, authors, price, rating)
    VALUES (%s, %s, %s, %s)
    , parameters: ('97 Things Every Data Engineer Should Know: Collective Wisdom from the Experts', 'Audible Audiobook', '0.', '4.1 out of 5 stars')
[2024-08-20T04:46:06.099+0000] {sql.py:518} INFO - Rows affected: 1
[2024-08-20T04:46:06.112+0000] {base.py:84} INFO - Retrieving connection 'books_connection'
[2024-08-20T04:46:06.116+0000] {sql.py:509} INFO - Running statement: 
    INSERT INTO books (title, authors, price, rating)
    VALUES (%s, %s, %s, %s)
    , parameters: ("Data Quality Fundamentals: A Practitioner's Guide to Building Trustworthy Data Pipelines", 'Paperback', '45.', '4.1 out of 5 stars')
[2024-08-20T04:46:06.118+0000] {sql.py:518} INFO - Rows affected: 1
[2024-08-20T04:46:06.128+0000] {base.py:84} INFO - Retrieving connection 'books_connection'
[2024-08-20T04:46:06.133+0000] {sql.py:509} INFO - Running statement: 
    INSERT INTO books (title, authors, price, rating)
    VALUES (%s, %s, %s, %s)
    , parameters: ('Fundamentals of Data Analytics: Learn Essential Skills, Embrace the Future, and Catapult Your Career in the Data-Driven World—A Comprehensive Guide to Data Literacy for Beginners', 'Russell Dawson', '16.', '4.8 out of 5 stars')
[2024-08-20T04:46:06.134+0000] {sql.py:518} INFO - Rows affected: 1
[2024-08-20T04:46:06.145+0000] {base.py:84} INFO - Retrieving connection 'books_connection'
[2024-08-20T04:46:06.150+0000] {sql.py:509} INFO - Running statement: 
    INSERT INTO books (title, authors, price, rating)
    VALUES (%s, %s, %s, %s)
    , parameters: ('Data Engineering with Google Cloud Platform: A practical guide to operationalizing scalable data analytics systems on GCP', 'Adi Wijaya', '41.', '4.7 out of 5 stars')
[2024-08-20T04:46:06.152+0000] {sql.py:518} INFO - Rows affected: 1
[2024-08-20T04:46:06.162+0000] {base.py:84} INFO - Retrieving connection 'books_connection'
[2024-08-20T04:46:06.169+0000] {sql.py:509} INFO - Running statement: 
    INSERT INTO books (title, authors, price, rating)
    VALUES (%s, %s, %s, %s)
    , parameters: ('Prompt Engineering for Generative AI: Future-Proof Inputs for Reliable AI Outputs', 'James Phoenix', '57.', '4.4 out of 5 stars')
[2024-08-20T04:46:06.171+0000] {sql.py:518} INFO - Rows affected: 1
[2024-08-20T04:46:06.181+0000] {base.py:84} INFO - Retrieving connection 'books_connection'
[2024-08-20T04:46:06.186+0000] {sql.py:509} INFO - Running statement: 
    INSERT INTO books (title, authors, price, rating)
    VALUES (%s, %s, %s, %s)
    , parameters: ('Python Programming and SQL: 5 books in 1 - The #1 Coding Course from Beginner to Advanced. Learn it Well & Fast (2024) (Computer Programming)', 'Paperback', '32.', '4.3 out of 5 stars')
[2024-08-20T04:46:06.187+0000] {sql.py:518} INFO - Rows affected: 1
[2024-08-20T04:46:06.196+0000] {base.py:84} INFO - Retrieving connection 'books_connection'
[2024-08-20T04:46:06.200+0000] {sql.py:509} INFO - Running statement: 
    INSERT INTO books (title, authors, price, rating)
    VALUES (%s, %s, %s, %s)
    , parameters: ('Analytics Engineering with SQL and dbt: Building Meaningful Data Models at Scale', 'Rui Pedro Machado', '41.', '3.8 out of 5 stars')
[2024-08-20T04:46:06.202+0000] {sql.py:518} INFO - Rows affected: 1
[2024-08-20T04:46:06.212+0000] {base.py:84} INFO - Retrieving connection 'books_connection'
[2024-08-20T04:46:06.216+0000] {sql.py:509} INFO - Running statement: 
    INSERT INTO books (title, authors, price, rating)
    VALUES (%s, %s, %s, %s)
    , parameters: ("Azure Data Factory Cookbook - Second Edition: A data engineer's guide to building and managing ETL and ELT pipelines with data integration", 'Dmitry Foshin', '51.', '4.4 out of 5 stars')
[2024-08-20T04:46:06.218+0000] {sql.py:518} INFO - Rows affected: 1
[2024-08-20T04:46:06.228+0000] {base.py:84} INFO - Retrieving connection 'books_connection'
[2024-08-20T04:46:06.231+0000] {sql.py:509} INFO - Running statement: 
    INSERT INTO books (title, authors, price, rating)
    VALUES (%s, %s, %s, %s)
    , parameters: ('Data Observability for Data Engineering: Proactive strategies for ensuring data accuracy and addressing broken data pipelines', 'Michele Pinto', '18.', '3.7 out of 5 stars')
[2024-08-20T04:46:06.233+0000] {sql.py:518} INFO - Rows affected: 1
[2024-08-20T04:46:06.241+0000] {base.py:84} INFO - Retrieving connection 'books_connection'
[2024-08-20T04:46:06.246+0000] {sql.py:509} INFO - Running statement: 
    INSERT INTO books (title, authors, price, rating)
    VALUES (%s, %s, %s, %s)
    , parameters: ("Ultimate Data Engineering with Databricks: Develop Scalable Data Pipelines Using Data Engineering's Core Tenets Such as Delta Tables, Ingestion, ... Security, and Scalability (English Edition)", 'Mayank Malhotra', '37.', '3.8 out of 5 stars')
[2024-08-20T04:46:06.247+0000] {sql.py:518} INFO - Rows affected: 1
[2024-08-20T04:46:06.257+0000] {base.py:84} INFO - Retrieving connection 'books_connection'
[2024-08-20T04:46:06.261+0000] {sql.py:509} INFO - Running statement: 
    INSERT INTO books (title, authors, price, rating)
    VALUES (%s, %s, %s, %s)
    , parameters: ('The Data Warehouse Toolkit: The Definitive Guide to Dimensional Modeling', 'Paperback', '47.', '4.7 out of 5 stars')
[2024-08-20T04:46:06.262+0000] {sql.py:518} INFO - Rows affected: 1
[2024-08-20T04:46:06.270+0000] {base.py:84} INFO - Retrieving connection 'books_connection'
[2024-08-20T04:46:06.274+0000] {sql.py:509} INFO - Running statement: 
    INSERT INTO books (title, authors, price, rating)
    VALUES (%s, %s, %s, %s)
    , parameters: ('Concepts of Generative AI and Data Engineering: Vital Concepts in Data Engineering and the World of Generative AI', 'Kindle', '29.', '5.0 out of 5 stars')
[2024-08-20T04:46:06.276+0000] {sql.py:518} INFO - Rows affected: 1
[2024-08-20T04:46:06.285+0000] {base.py:84} INFO - Retrieving connection 'books_connection'
[2024-08-20T04:46:06.288+0000] {sql.py:509} INFO - Running statement: 
    INSERT INTO books (title, authors, price, rating)
    VALUES (%s, %s, %s, %s)
    , parameters: ('Official Google Cloud Certified Professional Data Engineer Study Guide', 'Dan Sullivan', '33.', '4.5 out of 5 stars')
[2024-08-20T04:46:06.290+0000] {sql.py:518} INFO - Rows affected: 1
[2024-08-20T04:46:06.298+0000] {base.py:84} INFO - Retrieving connection 'books_connection'
[2024-08-20T04:46:06.302+0000] {sql.py:509} INFO - Running statement: 
    INSERT INTO books (title, authors, price, rating)
    VALUES (%s, %s, %s, %s)
    , parameters: ('Data Analytics, Data Visualization & Communicating Data: 3 books in 1: Learn the Processes of Data Analytics and Data Science, Create Engaging Data Visualizations, and Present Data Effectively', 'Audible Audiobook', '0.', '4.5 out of 5 stars')
[2024-08-20T04:46:06.304+0000] {sql.py:518} INFO - Rows affected: 1
[2024-08-20T04:46:06.312+0000] {base.py:84} INFO - Retrieving connection 'books_connection'
[2024-08-20T04:46:06.316+0000] {sql.py:509} INFO - Running statement: 
    INSERT INTO books (title, authors, price, rating)
    VALUES (%s, %s, %s, %s)
    , parameters: ('Data Engineering and Data Science for Babies: Activity Workbook Part 1', 'Paperback', '9.', '4.1 out of 5 stars')
[2024-08-20T04:46:06.318+0000] {sql.py:518} INFO - Rows affected: 1
[2024-08-20T04:46:06.327+0000] {base.py:84} INFO - Retrieving connection 'books_connection'
[2024-08-20T04:46:06.331+0000] {sql.py:509} INFO - Running statement: 
    INSERT INTO books (title, authors, price, rating)
    VALUES (%s, %s, %s, %s)
    , parameters: ('Fundamentals of Data Engineering: Efficiency, Insight, Impact: Transforming Data into Value through Expert Engineering Practices', 'Joseph Achakji', '0.', '4.6 out of 5 stars')
[2024-08-20T04:46:06.332+0000] {sql.py:518} INFO - Rows affected: 1
[2024-08-20T04:46:06.340+0000] {base.py:84} INFO - Retrieving connection 'books_connection'
[2024-08-20T04:46:06.345+0000] {sql.py:509} INFO - Running statement: 
    INSERT INTO books (title, authors, price, rating)
    VALUES (%s, %s, %s, %s)
    , parameters: ('Learning Spark: Lightning-Fast Data Analytics', 'Jules S. Damji', '43.', '4.7 out of 5 stars')
[2024-08-20T04:46:06.346+0000] {sql.py:518} INFO - Rows affected: 1
[2024-08-20T04:46:06.354+0000] {base.py:84} INFO - Retrieving connection 'books_connection'
[2024-08-20T04:46:06.358+0000] {sql.py:509} INFO - Running statement: 
    INSERT INTO books (title, authors, price, rating)
    VALUES (%s, %s, %s, %s)
    , parameters: ("SQL QuickStart Guide: The Simplified Beginner's Guide to Managing, Analyzing, and Manipulating Data With SQL (Coding & Programming - QuickStart Guides)", 'Paperback', '18.', '4.6 out of 5 stars')
[2024-08-20T04:46:06.360+0000] {sql.py:518} INFO - Rows affected: 1
[2024-08-20T04:46:06.369+0000] {base.py:84} INFO - Retrieving connection 'books_connection'
[2024-08-20T04:46:06.373+0000] {sql.py:509} INFO - Running statement: 
    INSERT INTO books (title, authors, price, rating)
    VALUES (%s, %s, %s, %s)
    , parameters: ('Electrical engineering without prior knowledge: Understand the basics within 7 days (Become an Engineer Without Prior Knowledge)', 'Paperback', '17.', '4.4 out of 5 stars')
[2024-08-20T04:46:06.375+0000] {sql.py:518} INFO - Rows affected: 1
[2024-08-20T04:46:06.383+0000] {base.py:84} INFO - Retrieving connection 'books_connection'
[2024-08-20T04:46:06.387+0000] {sql.py:509} INFO - Running statement: 
    INSERT INTO books (title, authors, price, rating)
    VALUES (%s, %s, %s, %s)
    , parameters: ('Azure Data Engineering Cookbook - Second Edition: Get well versed in various data engineering techniques in Azure using this recipe-based guide', 'Nagaraj Venkatesan', '51.', '3.5 out of 5 stars')
[2024-08-20T04:46:06.389+0000] {sql.py:518} INFO - Rows affected: 1
[2024-08-20T04:46:06.397+0000] {base.py:84} INFO - Retrieving connection 'books_connection'
[2024-08-20T04:46:06.401+0000] {sql.py:509} INFO - Running statement: 
    INSERT INTO books (title, authors, price, rating)
    VALUES (%s, %s, %s, %s)
    , parameters: ('Salesforce CRM Administration Handbook: A comprehensive guide to administering, configuring, and customizing Salesforce CRM', 'Krzysztof Nowacki', '35.', '5.0 out of 5 stars')
[2024-08-20T04:46:06.403+0000] {sql.py:518} INFO - Rows affected: 1
[2024-08-20T04:46:06.411+0000] {base.py:84} INFO - Retrieving connection 'books_connection'
[2024-08-20T04:46:06.415+0000] {sql.py:509} INFO - Running statement: 
    INSERT INTO books (title, authors, price, rating)
    VALUES (%s, %s, %s, %s)
    , parameters: ('Systems Engineering Demystified - Second Edition: Apply modern, model-based systems engineering techniques to build complex systems', 'Jon Holt', '45.', '4.7 out of 5 stars')
[2024-08-20T04:46:06.417+0000] {sql.py:518} INFO - Rows affected: 1
[2024-08-20T04:46:06.426+0000] {base.py:84} INFO - Retrieving connection 'books_connection'
[2024-08-20T04:46:06.430+0000] {sql.py:509} INFO - Running statement: 
    INSERT INTO books (title, authors, price, rating)
    VALUES (%s, %s, %s, %s)
    , parameters: ('Database Internals: A Deep Dive into How Distributed Data Systems Work', 'Alex Petrov', '36.', '4.6 out of 5 stars')
[2024-08-20T04:46:06.432+0000] {sql.py:518} INFO - Rows affected: 1
[2024-08-20T04:46:06.440+0000] {base.py:84} INFO - Retrieving connection 'books_connection'
[2024-08-20T04:46:06.443+0000] {sql.py:509} INFO - Running statement: 
    INSERT INTO books (title, authors, price, rating)
    VALUES (%s, %s, %s, %s)
    , parameters: ('Machine Learning Engineering with Python - Second Edition: Manage the lifecycle of machine learning models using MLOps with practical examples', 'Andrew McMahon', '32.', '4.7 out of 5 stars')
[2024-08-20T04:46:06.445+0000] {sql.py:518} INFO - Rows affected: 1
[2024-08-20T04:46:06.453+0000] {base.py:84} INFO - Retrieving connection 'books_connection'
[2024-08-20T04:46:06.456+0000] {sql.py:509} INFO - Running statement: 
    INSERT INTO books (title, authors, price, rating)
    VALUES (%s, %s, %s, %s)
    , parameters: ('Engineers Survival Guide: Advice, tactics, and tricks After a decade of working at Facebook, Snapchat, and Microsoft', 'Merih Taze', '29.', '4.4 out of 5 stars')
[2024-08-20T04:46:06.458+0000] {sql.py:518} INFO - Rows affected: 1
[2024-08-20T04:46:06.466+0000] {base.py:84} INFO - Retrieving connection 'books_connection'
[2024-08-20T04:46:06.469+0000] {sql.py:509} INFO - Running statement: 
    INSERT INTO books (title, authors, price, rating)
    VALUES (%s, %s, %s, %s)
    , parameters: ('Data Science (The MIT Press Essential Knowledge series)', 'Paperback', '10.', '4.4 out of 5 stars')
[2024-08-20T04:46:06.471+0000] {sql.py:518} INFO - Rows affected: 1
[2024-08-20T04:46:06.479+0000] {base.py:84} INFO - Retrieving connection 'books_connection'
[2024-08-20T04:46:06.483+0000] {sql.py:509} INFO - Running statement: 
    INSERT INTO books (title, authors, price, rating)
    VALUES (%s, %s, %s, %s)
    , parameters: ('How Data Happened: A History from the Age of Reason to the Age of Algorithms', 'Chris Wiggins', '16.', '4.2 out of 5 stars')
[2024-08-20T04:46:06.485+0000] {sql.py:518} INFO - Rows affected: 1
[2024-08-20T04:46:06.494+0000] {base.py:84} INFO - Retrieving connection 'books_connection'
[2024-08-20T04:46:06.499+0000] {sql.py:509} INFO - Running statement: 
    INSERT INTO books (title, authors, price, rating)
    VALUES (%s, %s, %s, %s)
    , parameters: ("System Design Interview – An insider's guide", 'Alex Xu', '37.', '4.6 out of 5 stars')
[2024-08-20T04:46:06.501+0000] {sql.py:518} INFO - Rows affected: 1
[2024-08-20T04:46:06.510+0000] {base.py:84} INFO - Retrieving connection 'books_connection'
[2024-08-20T04:46:06.515+0000] {sql.py:509} INFO - Running statement: 
    INSERT INTO books (title, authors, price, rating)
    VALUES (%s, %s, %s, %s)
    , parameters: ('Data Engineering with Scala and Spark: A practical guide helping you build streaming and batch pipelines that process massive amounts of data using Scala', 'Eric Tome', '36.', '4.3 out of 5 stars')
[2024-08-20T04:46:06.517+0000] {sql.py:518} INFO - Rows affected: 1
[2024-08-20T04:46:06.526+0000] {base.py:84} INFO - Retrieving connection 'books_connection'
[2024-08-20T04:46:06.530+0000] {sql.py:509} INFO - Running statement: 
    INSERT INTO books (title, authors, price, rating)
    VALUES (%s, %s, %s, %s)
    , parameters: ('Azure Data Engineer Associate Certification Guide: A hands-on reference guide to developing your data engineering skills and preparing for the DP-203 exam', 'Newton Alex', '54.', '3.9 out of 5 stars')
[2024-08-20T04:46:06.532+0000] {sql.py:518} INFO - Rows affected: 1
[2024-08-20T04:46:06.541+0000] {base.py:84} INFO - Retrieving connection 'books_connection'
[2024-08-20T04:46:06.545+0000] {sql.py:509} INFO - Running statement: 
    INSERT INTO books (title, authors, price, rating)
    VALUES (%s, %s, %s, %s)
    , parameters: ('Mastering the Data Paradox: Key to Winning in the AI Age', 'Nitin Seth', '18.', '4.8 out of 5 stars')
[2024-08-20T04:46:06.547+0000] {sql.py:518} INFO - Rows affected: 1
[2024-08-20T04:46:06.556+0000] {base.py:84} INFO - Retrieving connection 'books_connection'
[2024-08-20T04:46:06.560+0000] {sql.py:509} INFO - Running statement: 
    INSERT INTO books (title, authors, price, rating)
    VALUES (%s, %s, %s, %s)
    , parameters: ('Data Science on AWS: Implementing End-to-End, Continuous AI and Machine Learning Pipelines', 'Chris Fregly', '11.', '4.5 out of 5 stars')
[2024-08-20T04:46:06.562+0000] {sql.py:518} INFO - Rows affected: 1
[2024-08-20T04:46:06.572+0000] {base.py:84} INFO - Retrieving connection 'books_connection'
[2024-08-20T04:46:06.577+0000] {sql.py:509} INFO - Running statement: 
    INSERT INTO books (title, authors, price, rating)
    VALUES (%s, %s, %s, %s)
    , parameters: ("Applied Machine Learning and AI for Engineers: Solve Business Problems That Can't Be Solved Algorithmically", 'Jeff Prosise', '55.', '4.5 out of 5 stars')
[2024-08-20T04:46:06.579+0000] {sql.py:518} INFO - Rows affected: 1
[2024-08-20T04:46:06.589+0000] {base.py:84} INFO - Retrieving connection 'books_connection'
[2024-08-20T04:46:06.593+0000] {sql.py:509} INFO - Running statement: 
    INSERT INTO books (title, authors, price, rating)
    VALUES (%s, %s, %s, %s)
    , parameters: ('Feature Engineering for Machine Learning: Principles and Techniques for Data Scientists', 'Alice Zheng', '41.', '4.4 out of 5 stars')
[2024-08-20T04:46:06.595+0000] {sql.py:518} INFO - Rows affected: 1
[2024-08-20T04:46:06.604+0000] {base.py:84} INFO - Retrieving connection 'books_connection'
[2024-08-20T04:46:06.609+0000] {sql.py:509} INFO - Running statement: 
    INSERT INTO books (title, authors, price, rating)
    VALUES (%s, %s, %s, %s)
    , parameters: ('Better Data Visualizations: A Guide for Scholars, Researchers, and Wonks', 'Jonathan Schwabish', '26.', '4.5 out of 5 stars')
[2024-08-20T04:46:06.611+0000] {sql.py:518} INFO - Rows affected: 1
[2024-08-20T04:46:06.620+0000] {base.py:84} INFO - Retrieving connection 'books_connection'
[2024-08-20T04:46:06.625+0000] {sql.py:509} INFO - Running statement: 
    INSERT INTO books (title, authors, price, rating)
    VALUES (%s, %s, %s, %s)
    , parameters: ('SQL Data Analytics Made Easy: Your Step-by-Step Guide to Unlocking Data’s Hidden Secrets: Demystify complex concepts, and harness the power of data to drive intelligent decision-making effortlessly.', 'L.D. Knowings', '14.', '4.1 out of 5 stars')
[2024-08-20T04:46:06.627+0000] {sql.py:518} INFO - Rows affected: 1
[2024-08-20T04:46:06.636+0000] {base.py:84} INFO - Retrieving connection 'books_connection'
[2024-08-20T04:46:06.640+0000] {sql.py:509} INFO - Running statement: 
    INSERT INTO books (title, authors, price, rating)
    VALUES (%s, %s, %s, %s)
    , parameters: ('The Art of Doing Science and Engineering: Learning to Learn', 'Richard W. Hamming', '19.', '4.6 out of 5 stars')
[2024-08-20T04:46:06.642+0000] {sql.py:518} INFO - Rows affected: 1
[2024-08-20T04:46:06.651+0000] {base.py:84} INFO - Retrieving connection 'books_connection'
[2024-08-20T04:46:06.655+0000] {sql.py:509} INFO - Running statement: 
    INSERT INTO books (title, authors, price, rating)
    VALUES (%s, %s, %s, %s)
    , parameters: ('A Common-Sense Guide to Data Structures and Algorithms, Second Edition: Level Up Your Core Programming Skills', 'Jay Wengrow', '39.', '4.7 out of 5 stars')
[2024-08-20T04:46:06.658+0000] {sql.py:518} INFO - Rows affected: 1
[2024-08-20T04:46:06.667+0000] {base.py:84} INFO - Retrieving connection 'books_connection'
[2024-08-20T04:46:06.671+0000] {sql.py:509} INFO - Running statement: 
    INSERT INTO books (title, authors, price, rating)
    VALUES (%s, %s, %s, %s)
    , parameters: ('Fundamentals of Data Visualization: A Primer on Making Informative and Compelling Figures', 'Claus Wilke', '49.', '4.6 out of 5 stars')
[2024-08-20T04:46:06.673+0000] {sql.py:518} INFO - Rows affected: 1
[2024-08-20T04:46:06.681+0000] {base.py:84} INFO - Retrieving connection 'books_connection'
[2024-08-20T04:46:06.686+0000] {sql.py:509} INFO - Running statement: 
    INSERT INTO books (title, authors, price, rating)
    VALUES (%s, %s, %s, %s)
    , parameters: ('Hypothesis Testing: An Intuitive Guide for Making Data Driven Decisions', 'Jim Frost', '23.', '4.5 out of 5 stars')
[2024-08-20T04:46:06.688+0000] {sql.py:518} INFO - Rows affected: 1
[2024-08-20T04:46:06.696+0000] {base.py:84} INFO - Retrieving connection 'books_connection'
[2024-08-20T04:46:06.700+0000] {sql.py:509} INFO - Running statement: 
    INSERT INTO books (title, authors, price, rating)
    VALUES (%s, %s, %s, %s)
    , parameters: ('Modeling and Simulation in Python: An Introduction for Scientists and Engineers', 'Allen B. Downey', '32.', '4.5 out of 5 stars')
[2024-08-20T04:46:06.702+0000] {sql.py:518} INFO - Rows affected: 1
[2024-08-20T04:46:06.712+0000] {base.py:84} INFO - Retrieving connection 'books_connection'
[2024-08-20T04:46:06.716+0000] {sql.py:509} INFO - Running statement: 
    INSERT INTO books (title, authors, price, rating)
    VALUES (%s, %s, %s, %s)
    , parameters: ('The Data Governance Guidebook and Playbook: By a Practitioner for Practitioners', 'Paperback', '25.', '4.3 out of 5 stars')
[2024-08-20T04:46:06.718+0000] {sql.py:518} INFO - Rows affected: 1
[2024-08-20T04:46:06.728+0000] {base.py:84} INFO - Retrieving connection 'books_connection'
[2024-08-20T04:46:06.732+0000] {sql.py:509} INFO - Running statement: 
    INSERT INTO books (title, authors, price, rating)
    VALUES (%s, %s, %s, %s)
    , parameters: ('AWS Certified Data Analytics Study Guide: Specialty (DAS-C01) Exam', 'Asif Abbasi', '31.', '4.6 out of 5 stars')
[2024-08-20T04:46:06.733+0000] {sql.py:518} INFO - Rows affected: 1
[2024-08-20T04:46:06.743+0000] {base.py:84} INFO - Retrieving connection 'books_connection'
[2024-08-20T04:46:06.747+0000] {sql.py:509} INFO - Running statement: 
    INSERT INTO books (title, authors, price, rating)
    VALUES (%s, %s, %s, %s)
    , parameters: ('50 Algorithms Every Programmer Should Know - Second Edition: An unbeatable arsenal of algorithmic solutions for real-world problems', 'Imran Ahmad', '37.', '4.4 out of 5 stars')
[2024-08-20T04:46:06.749+0000] {sql.py:518} INFO - Rows affected: 1
[2024-08-20T04:46:06.759+0000] {base.py:84} INFO - Retrieving connection 'books_connection'
[2024-08-20T04:46:06.763+0000] {sql.py:509} INFO - Running statement: 
    INSERT INTO books (title, authors, price, rating)
    VALUES (%s, %s, %s, %s)
    , parameters: ('Technology is Dead', 'Paperback', '23.', '5.0 out of 5 stars')
[2024-08-20T04:46:06.765+0000] {sql.py:518} INFO - Rows affected: 1
[2024-08-20T04:46:06.774+0000] {base.py:84} INFO - Retrieving connection 'books_connection'
[2024-08-20T04:46:06.778+0000] {sql.py:509} INFO - Running statement: 
    INSERT INTO books (title, authors, price, rating)
    VALUES (%s, %s, %s, %s)
    , parameters: ('Designing Cloud Data Platforms', 'Audible Audiobook', '0.', '4.7 out of 5 stars')
[2024-08-20T04:46:06.780+0000] {sql.py:518} INFO - Rows affected: 1
[2024-08-20T04:46:06.790+0000] {base.py:84} INFO - Retrieving connection 'books_connection'
[2024-08-20T04:46:06.794+0000] {sql.py:509} INFO - Running statement: 
    INSERT INTO books (title, authors, price, rating)
    VALUES (%s, %s, %s, %s)
    , parameters: ('Data Science: The Hard Parts: Techniques for Excelling at Data Science', 'Daniel Vaughan', '48.', '5.0 out of 5 stars')
[2024-08-20T04:46:06.796+0000] {sql.py:518} INFO - Rows affected: 1
[2024-08-20T04:46:06.805+0000] {base.py:84} INFO - Retrieving connection 'books_connection'
[2024-08-20T04:46:06.809+0000] {sql.py:509} INFO - Running statement: 
    INSERT INTO books (title, authors, price, rating)
    VALUES (%s, %s, %s, %s)
    , parameters: ('Data Management at Scale: Modern Data Architecture with Data Mesh and Data Fabric', 'Piethein Strengholt', '47.', '4.5 out of 5 stars')
[2024-08-20T04:46:06.811+0000] {sql.py:518} INFO - Rows affected: 1
[2024-08-20T04:46:06.819+0000] {base.py:84} INFO - Retrieving connection 'books_connection'
[2024-08-20T04:46:06.823+0000] {sql.py:509} INFO - Running statement: 
    INSERT INTO books (title, authors, price, rating)
    VALUES (%s, %s, %s, %s)
    , parameters: ('Practical Fraud Prevention: Fraud and AML Analytics for Fintech and eCommerce, Using SQL and Python', 'Gilit Saporta', '47.', '4.4 out of 5 stars')
[2024-08-20T04:46:06.825+0000] {sql.py:518} INFO - Rows affected: 1
[2024-08-20T04:46:06.832+0000] {base.py:84} INFO - Retrieving connection 'books_connection'
[2024-08-20T04:46:06.836+0000] {sql.py:509} INFO - Running statement: 
    INSERT INTO books (title, authors, price, rating)
    VALUES (%s, %s, %s, %s)
    , parameters: ('Data Quality Engineering in Financial Services: Applying Manufacturing Techniques to Data', 'Brian Buzzelli', '30.', '4.4 out of 5 stars')
[2024-08-20T04:46:06.837+0000] {sql.py:518} INFO - Rows affected: 1
[2024-08-20T04:46:06.846+0000] {base.py:84} INFO - Retrieving connection 'books_connection'
[2024-08-20T04:46:06.849+0000] {sql.py:509} INFO - Running statement: 
    INSERT INTO books (title, authors, price, rating)
    VALUES (%s, %s, %s, %s)
    , parameters: ('Ultimate Azure Data Engineering: Build Robust Data Engineering Systems on Azure with SQL, ETL, Data Modeling, and Power BI for Business Insights and Crack Azure Certifications (English Edition)', 'Ashish Agarwal', '39.', '5.0 out of 5 stars')
[2024-08-20T04:46:06.851+0000] {sql.py:518} INFO - Rows affected: 1
[2024-08-20T04:46:06.860+0000] {base.py:84} INFO - Retrieving connection 'books_connection'
[2024-08-20T04:46:06.863+0000] {sql.py:509} INFO - Running statement: 
    INSERT INTO books (title, authors, price, rating)
    VALUES (%s, %s, %s, %s)
    , parameters: ('Data Structures and Algorithms: 100 Interview Questions (Advanced Topics in Programming Book 2)', 'Kindle', '9.', '5.0 out of 5 stars')
[2024-08-20T04:46:06.865+0000] {sql.py:518} INFO - Rows affected: 1
[2024-08-20T04:46:06.873+0000] {base.py:84} INFO - Retrieving connection 'books_connection'
[2024-08-20T04:46:06.877+0000] {sql.py:509} INFO - Running statement: 
    INSERT INTO books (title, authors, price, rating)
    VALUES (%s, %s, %s, %s)
    , parameters: ('Data-Centric Machine Learning with Python: The ultimate guide to engineering and deploying high-quality models based on good data', 'Jonas Christensen', '49.', '4.6 out of 5 stars')
[2024-08-20T04:46:06.878+0000] {sql.py:518} INFO - Rows affected: 1
[2024-08-20T04:46:06.886+0000] {base.py:84} INFO - Retrieving connection 'books_connection'
[2024-08-20T04:46:06.889+0000] {sql.py:509} INFO - Running statement: 
    INSERT INTO books (title, authors, price, rating)
    VALUES (%s, %s, %s, %s)
    , parameters: ('Architecting Data and Machine Learning Platforms: Enable Analytics and AI-Driven Innovation in the Cloud', 'Marco Tranquillin', '37.', '4.3 out of 5 stars')
[2024-08-20T04:46:06.891+0000] {sql.py:518} INFO - Rows affected: 1
[2024-08-20T04:46:06.899+0000] {base.py:84} INFO - Retrieving connection 'books_connection'
[2024-08-20T04:46:06.902+0000] {sql.py:509} INFO - Running statement: 
    INSERT INTO books (title, authors, price, rating)
    VALUES (%s, %s, %s, %s)
    , parameters: ('Killed by a Traffic Engineer: Shattering the Delusion that Science Underlies our Transportation System', 'Wes Marshall', '33.', '4.5 out of 5 stars')
[2024-08-20T04:46:06.904+0000] {sql.py:518} INFO - Rows affected: 1
[2024-08-20T04:46:06.912+0000] {base.py:84} INFO - Retrieving connection 'books_connection'
[2024-08-20T04:46:06.916+0000] {sql.py:509} INFO - Running statement: 
    INSERT INTO books (title, authors, price, rating)
    VALUES (%s, %s, %s, %s)
    , parameters: ('Restricted Data: The History of Nuclear Secrecy in the United States', 'Alex Wellerstein', '2.', '4.7 out of 5 stars')
[2024-08-20T04:46:06.917+0000] {sql.py:518} INFO - Rows affected: 1
[2024-08-20T04:46:06.926+0000] {base.py:84} INFO - Retrieving connection 'books_connection'
[2024-08-20T04:46:06.929+0000] {sql.py:509} INFO - Running statement: 
    INSERT INTO books (title, authors, price, rating)
    VALUES (%s, %s, %s, %s)
    , parameters: ('Data Driven: Truckers, Technology, and the New Workplace Surveillance', 'Karen Levy', '21.', '4.3 out of 5 stars')
[2024-08-20T04:46:06.931+0000] {sql.py:518} INFO - Rows affected: 1
[2024-08-20T04:46:06.939+0000] {base.py:84} INFO - Retrieving connection 'books_connection'
[2024-08-20T04:46:06.943+0000] {sql.py:509} INFO - Running statement: 
    INSERT INTO books (title, authors, price, rating)
    VALUES (%s, %s, %s, %s)
    , parameters: ("Engineers' Practical Databook: A Technical Reference Guide for Students and Professionals", 'Jay Smith', '18.', '4.6 out of 5 stars')
[2024-08-20T04:46:06.944+0000] {sql.py:518} INFO - Rows affected: 1
[2024-08-20T04:46:06.952+0000] {base.py:84} INFO - Retrieving connection 'books_connection'
[2024-08-20T04:46:06.956+0000] {sql.py:509} INFO - Running statement: 
    INSERT INTO books (title, authors, price, rating)
    VALUES (%s, %s, %s, %s)
    , parameters: ('Grokking Algorithms', 'Audible Audiobook', '0.', '4.6 out of 5 stars')
[2024-08-20T04:46:06.957+0000] {sql.py:518} INFO - Rows affected: 1
[2024-08-20T04:46:06.966+0000] {base.py:84} INFO - Retrieving connection 'books_connection'
[2024-08-20T04:46:06.969+0000] {sql.py:509} INFO - Running statement: 
    INSERT INTO books (title, authors, price, rating)
    VALUES (%s, %s, %s, %s)
    , parameters: ('Understanding Cryptography: A Textbook for Students and Practitioners', 'Christof Paar', '29.', '4.6 out of 5 stars')
[2024-08-20T04:46:06.971+0000] {sql.py:518} INFO - Rows affected: 1
[2024-08-20T04:46:06.980+0000] {base.py:84} INFO - Retrieving connection 'books_connection'
[2024-08-20T04:46:06.984+0000] {sql.py:509} INFO - Running statement: 
    INSERT INTO books (title, authors, price, rating)
    VALUES (%s, %s, %s, %s)
    , parameters: ('Observability Engineering: Achieving Production Excellence', 'Charity Majors', '34.', '4.3 out of 5 stars')
[2024-08-20T04:46:06.985+0000] {sql.py:518} INFO - Rows affected: 1
[2024-08-20T04:46:06.993+0000] {base.py:84} INFO - Retrieving connection 'books_connection'
[2024-08-20T04:46:06.997+0000] {sql.py:509} INFO - Running statement: 
    INSERT INTO books (title, authors, price, rating)
    VALUES (%s, %s, %s, %s)
    , parameters: ('Learning Tableau 2022 - Fifth Edition: Create effective data visualizations, build interactive visual analytics, and improve your data storytelling capabilities', 'Joshua N Milligan', '57.', '4.5 out of 5 stars')
[2024-08-20T04:46:06.998+0000] {sql.py:518} INFO - Rows affected: 1
[2024-08-20T04:46:07.007+0000] {base.py:84} INFO - Retrieving connection 'books_connection'
[2024-08-20T04:46:07.011+0000] {sql.py:509} INFO - Running statement: 
    INSERT INTO books (title, authors, price, rating)
    VALUES (%s, %s, %s, %s)
    , parameters: ('Practical Reverse Engineering: x86, x64, ARM, Windows Kernel, Reversing Tools, and Obfuscation', 'Bruce Dang', '34.', '4.6 out of 5 stars')
[2024-08-20T04:46:07.012+0000] {sql.py:518} INFO - Rows affected: 1
[2024-08-20T04:46:07.020+0000] {base.py:84} INFO - Retrieving connection 'books_connection'
[2024-08-20T04:46:07.024+0000] {sql.py:509} INFO - Running statement: 
    INSERT INTO books (title, authors, price, rating)
    VALUES (%s, %s, %s, %s)
    , parameters: ('Building ETL Pipelines with Python: Create and deploy enterprise-ready ETL pipelines by employing modern methods', 'Brij Kishore Pandey', '17.', '4.2 out of 5 stars')
[2024-08-20T04:46:07.026+0000] {sql.py:518} INFO - Rows affected: 1
[2024-08-20T04:46:07.034+0000] {base.py:84} INFO - Retrieving connection 'books_connection'
[2024-08-20T04:46:07.038+0000] {sql.py:509} INFO - Running statement: 
    INSERT INTO books (title, authors, price, rating)
    VALUES (%s, %s, %s, %s)
    , parameters: ('Mastering Databricks Lakehouse Platform: Perform Data Warehousing, Data Engineering, Machine Learning, DevOps, and BI into a Single Platform (English Edition)', 'Sagar Lad', '26.', '3.6 out of 5 stars')
[2024-08-20T04:46:07.040+0000] {sql.py:518} INFO - Rows affected: 1
[2024-08-20T04:46:07.048+0000] {base.py:84} INFO - Retrieving connection 'books_connection'
[2024-08-20T04:46:07.052+0000] {sql.py:509} INFO - Running statement: 
    INSERT INTO books (title, authors, price, rating)
    VALUES (%s, %s, %s, %s)
    , parameters: ('The Data Model Resource Book, Vol. 1: A Library of Universal Data Models for All Enterprises', 'Len Silverston', '63.', '4.3 out of 5 stars')
[2024-08-20T04:46:07.053+0000] {sql.py:518} INFO - Rows affected: 1
[2024-08-20T04:46:07.061+0000] {base.py:84} INFO - Retrieving connection 'books_connection'
[2024-08-20T04:46:07.065+0000] {sql.py:509} INFO - Running statement: 
    INSERT INTO books (title, authors, price, rating)
    VALUES (%s, %s, %s, %s)
    , parameters: ('Data Grab: The New Colonialism of Big Tech and How to Fight Back', 'Ulises A. Mejias', '21.', '5.0 out of 5 stars')
[2024-08-20T04:46:07.066+0000] {sql.py:518} INFO - Rows affected: 1
[2024-08-20T04:46:07.068+0000] {python.py:240} INFO - Done. Returned value was: None
[2024-08-20T04:46:07.080+0000] {taskinstance.py:340} INFO - ::group::Post task execution logs
[2024-08-20T04:46:07.081+0000] {taskinstance.py:352} INFO - Marking task as SUCCESS. dag_id=fetch_and_store_DE_books, task_id=insert_book_data, run_id=scheduled__2024-08-03T00:00:00+00:00, execution_date=20240803T000000, start_date=20240820T044605, end_date=20240820T044607
[2024-08-20T04:46:07.094+0000] {logging_mixin.py:190} INFO - Task instance in success state
[2024-08-20T04:46:07.095+0000] {logging_mixin.py:190} INFO -  Previous state of the Task instance: running
[2024-08-20T04:46:07.095+0000] {logging_mixin.py:190} INFO - Dag name:fetch_and_store_DE_books queued_at:2024-08-20 04:45:53.334209+00:00
[2024-08-20T04:46:07.096+0000] {logging_mixin.py:190} INFO - Task hostname:668944ed7238 operator:PythonOperator
[2024-08-20T04:46:07.117+0000] {local_task_job_runner.py:261} INFO - Task exited with return code 0
[2024-08-20T04:46:07.134+0000] {taskinstance.py:3891} INFO - 0 downstream tasks scheduled from follow-on schedule check
[2024-08-20T04:46:07.137+0000] {local_task_job_runner.py:240} INFO - ::endgroup::
