[2024-08-20T04:45:55.427+0000] {local_task_job_runner.py:123} INFO - ::group::Pre task execution logs
[2024-08-20T04:45:55.448+0000] {taskinstance.py:2603} INFO - Dependencies all met for dep_context=non-requeueable deps ti=<TaskInstance: fetch_and_store_DE_books.insert_book_data scheduled__2024-08-01T00:00:00+00:00 [queued]>
[2024-08-20T04:45:55.461+0000] {taskinstance.py:2603} INFO - Dependencies all met for dep_context=requeueable deps ti=<TaskInstance: fetch_and_store_DE_books.insert_book_data scheduled__2024-08-01T00:00:00+00:00 [queued]>
[2024-08-20T04:45:55.462+0000] {taskinstance.py:2856} INFO - Starting attempt 1 of 2
[2024-08-20T04:45:55.482+0000] {taskinstance.py:2879} INFO - Executing <Task(PythonOperator): insert_book_data> on 2024-08-01 00:00:00+00:00
[2024-08-20T04:45:55.492+0000] {warnings.py:112} WARNING - /home/***/.local/lib/python3.12/site-packages/***/task/task_runner/standard_task_runner.py:70: DeprecationWarning: This process (pid=1152) is multi-threaded, use of fork() may lead to deadlocks in the child.
  pid = os.fork()

[2024-08-20T04:45:55.493+0000] {standard_task_runner.py:72} INFO - Started process 1157 to run task
[2024-08-20T04:45:55.494+0000] {standard_task_runner.py:104} INFO - Running: ['***', 'tasks', 'run', 'fetch_and_store_DE_books', 'insert_book_data', 'scheduled__2024-08-01T00:00:00+00:00', '--job-id', '101', '--raw', '--subdir', 'DAGS_FOLDER/app.py', '--cfg-path', '/tmp/tmp5am29fns']
[2024-08-20T04:45:55.496+0000] {standard_task_runner.py:105} INFO - Job 101: Subtask insert_book_data
[2024-08-20T04:45:55.553+0000] {task_command.py:467} INFO - Running <TaskInstance: fetch_and_store_DE_books.insert_book_data scheduled__2024-08-01T00:00:00+00:00 [running]> on host 668944ed7238
[2024-08-20T04:45:55.658+0000] {taskinstance.py:3122} INFO - Exporting env vars: AIRFLOW_CTX_DAG_OWNER='***' AIRFLOW_CTX_DAG_ID='fetch_and_store_DE_books' AIRFLOW_CTX_TASK_ID='insert_book_data' AIRFLOW_CTX_EXECUTION_DATE='2024-08-01T00:00:00+00:00' AIRFLOW_CTX_TRY_NUMBER='1' AIRFLOW_CTX_DAG_RUN_ID='scheduled__2024-08-01T00:00:00+00:00'
[2024-08-20T04:45:55.660+0000] {logging_mixin.py:190} INFO - Task instance is in running state
[2024-08-20T04:45:55.661+0000] {logging_mixin.py:190} INFO -  Previous state of the Task instance: queued
[2024-08-20T04:45:55.662+0000] {logging_mixin.py:190} INFO - Current task name:insert_book_data state:running start_date:2024-08-20 04:45:55.449540+00:00
[2024-08-20T04:45:55.662+0000] {logging_mixin.py:190} INFO - Dag name:fetch_and_store_DE_books and current dag run status:running
[2024-08-20T04:45:55.663+0000] {taskinstance.py:731} INFO - ::endgroup::
[2024-08-20T04:45:55.686+0000] {base.py:84} INFO - Retrieving connection 'books_connection'
[2024-08-20T04:45:55.691+0000] {sql.py:509} INFO - Running statement: 
    INSERT INTO books (title, authors, price, rating)
    VALUES (%s, %s, %s, %s)
    , parameters: ('Ace the Data Engineering Interview: Questions and Answers for Python, SQL, Data Modeling and More', 'Sean Coyne', '24.', '4.1 out of 5 stars')
[2024-08-20T04:45:55.693+0000] {sql.py:518} INFO - Rows affected: 1
[2024-08-20T04:45:55.701+0000] {base.py:84} INFO - Retrieving connection 'books_connection'
[2024-08-20T04:45:55.705+0000] {sql.py:509} INFO - Running statement: 
    INSERT INTO books (title, authors, price, rating)
    VALUES (%s, %s, %s, %s)
    , parameters: ('Data Engineering with AWS - Second Edition: Acquire the skills to design and build AWS-based data transformation pipelines like a pro', 'Gareth Eagar', '41.', '4.4 out of 5 stars')
[2024-08-20T04:45:55.707+0000] {sql.py:518} INFO - Rows affected: 1
[2024-08-20T04:45:55.716+0000] {base.py:84} INFO - Retrieving connection 'books_connection'
[2024-08-20T04:45:55.720+0000] {sql.py:509} INFO - Running statement: 
    INSERT INTO books (title, authors, price, rating)
    VALUES (%s, %s, %s, %s)
    , parameters: ('Azure Data Engineer Associate Certification Guide: Ace the DP-203 exam with advanced data engineering skills', 'Giacinto Palmieri', '39.', '4.5 out of 5 stars')
[2024-08-20T04:45:55.722+0000] {sql.py:518} INFO - Rows affected: 1
[2024-08-20T04:45:55.730+0000] {base.py:84} INFO - Retrieving connection 'books_connection'
[2024-08-20T04:45:55.734+0000] {sql.py:509} INFO - Running statement: 
    INSERT INTO books (title, authors, price, rating)
    VALUES (%s, %s, %s, %s)
    , parameters: ('Data Engineering 101', 'Paperback', '22.', '5.0 out of 5 stars')
[2024-08-20T04:45:55.736+0000] {sql.py:518} INFO - Rows affected: 1
[2024-08-20T04:45:55.744+0000] {base.py:84} INFO - Retrieving connection 'books_connection'
[2024-08-20T04:45:55.748+0000] {sql.py:509} INFO - Running statement: 
    INSERT INTO books (title, authors, price, rating)
    VALUES (%s, %s, %s, %s)
    , parameters: ('Fundamentals of Data Engineering: Plan and Build Robust Data Systems', 'Joe Reis', '38.', '4.7 out of 5 stars')
[2024-08-20T04:45:55.749+0000] {sql.py:518} INFO - Rows affected: 1
[2024-08-20T04:45:55.758+0000] {base.py:84} INFO - Retrieving connection 'books_connection'
[2024-08-20T04:45:55.762+0000] {sql.py:509} INFO - Running statement: 
    INSERT INTO books (title, authors, price, rating)
    VALUES (%s, %s, %s, %s)
    , parameters: ('Data Pipelines Pocket Reference: Moving and Processing Data for Analytics', 'James Densmore', '17.', '4.5 out of 5 stars')
[2024-08-20T04:45:55.764+0000] {sql.py:518} INFO - Rows affected: 1
[2024-08-20T04:45:55.773+0000] {base.py:84} INFO - Retrieving connection 'books_connection'
[2024-08-20T04:45:55.777+0000] {sql.py:509} INFO - Running statement: 
    INSERT INTO books (title, authors, price, rating)
    VALUES (%s, %s, %s, %s)
    , parameters: ('Designing Data-Intensive Applications: The Big Ideas Behind Reliable, Scalable, and Maintainable Systems', 'Martin Kleppmann', '35.', '4.8 out of 5 stars')
[2024-08-20T04:45:55.778+0000] {sql.py:518} INFO - Rows affected: 1
[2024-08-20T04:45:55.787+0000] {base.py:84} INFO - Retrieving connection 'books_connection'
[2024-08-20T04:45:55.791+0000] {sql.py:509} INFO - Running statement: 
    INSERT INTO books (title, authors, price, rating)
    VALUES (%s, %s, %s, %s)
    , parameters: ('Data Analysis with Python and PySpark', 'Jonathan Rioux', '55.', '4.4 out of 5 stars')
[2024-08-20T04:45:55.792+0000] {sql.py:518} INFO - Rows affected: 1
[2024-08-20T04:45:55.801+0000] {base.py:84} INFO - Retrieving connection 'books_connection'
[2024-08-20T04:45:55.805+0000] {sql.py:509} INFO - Running statement: 
    INSERT INTO books (title, authors, price, rating)
    VALUES (%s, %s, %s, %s)
    , parameters: ("Azure Data Factory Cookbook - Second Edition: A data engineer's guide to building and managing ETL and ELT pipelines with data integration", 'Dmitry Foshin', '51.', '4.4 out of 5 stars')
[2024-08-20T04:45:55.807+0000] {sql.py:518} INFO - Rows affected: 1
[2024-08-20T04:45:55.815+0000] {base.py:84} INFO - Retrieving connection 'books_connection'
[2024-08-20T04:45:55.819+0000] {sql.py:509} INFO - Running statement: 
    INSERT INTO books (title, authors, price, rating)
    VALUES (%s, %s, %s, %s)
    , parameters: ('Data Engineering with dbt: A practical guide to building a cloud-based, pragmatic, and dependable data platform with SQL', 'Roberto Zagni', '37.', '4.6 out of 5 stars')
[2024-08-20T04:45:55.821+0000] {sql.py:518} INFO - Rows affected: 1
[2024-08-20T04:45:55.829+0000] {base.py:84} INFO - Retrieving connection 'books_connection'
[2024-08-20T04:45:55.833+0000] {sql.py:509} INFO - Running statement: 
    INSERT INTO books (title, authors, price, rating)
    VALUES (%s, %s, %s, %s)
    , parameters: ('Data Engineering with Python: Work with massive datasets to design data models and automate data pipelines using Python', 'Paul Crickard', '37.', '4.1 out of 5 stars')
[2024-08-20T04:45:55.835+0000] {sql.py:518} INFO - Rows affected: 1
[2024-08-20T04:45:55.844+0000] {base.py:84} INFO - Retrieving connection 'books_connection'
[2024-08-20T04:45:55.848+0000] {sql.py:509} INFO - Running statement: 
    INSERT INTO books (title, authors, price, rating)
    VALUES (%s, %s, %s, %s)
    , parameters: ('Data Engineering with Python cookbook: Learn to build efficient data pipelines using the Modern Cloud Data Stack', 'Adithyan Ramanujakootam', '29.', '5.0 out of 5 stars')
[2024-08-20T04:45:55.849+0000] {sql.py:518} INFO - Rows affected: 1
[2024-08-20T04:45:55.858+0000] {base.py:84} INFO - Retrieving connection 'books_connection'
[2024-08-20T04:45:55.863+0000] {sql.py:509} INFO - Running statement: 
    INSERT INTO books (title, authors, price, rating)
    VALUES (%s, %s, %s, %s)
    , parameters: ('Cracking the Data Engineering Interview: Land your dream job with the help of resume-building tips, over 100 mock questions, and a unique portfolio', 'Kedeisha Bryan', '26.', '4.4 out of 5 stars')
[2024-08-20T04:45:55.864+0000] {sql.py:518} INFO - Rows affected: 1
[2024-08-20T04:45:55.874+0000] {base.py:84} INFO - Retrieving connection 'books_connection'
[2024-08-20T04:45:55.878+0000] {sql.py:509} INFO - Running statement: 
    INSERT INTO books (title, authors, price, rating)
    VALUES (%s, %s, %s, %s)
    , parameters: ('Data Engineering with AWS: Learn how to design and build cloud-based data transformation pipelines using AWS', 'Gareth Eagar', '49.', '4.4 out of 5 stars')
[2024-08-20T04:45:55.879+0000] {sql.py:518} INFO - Rows affected: 1
[2024-08-20T04:45:55.888+0000] {base.py:84} INFO - Retrieving connection 'books_connection'
[2024-08-20T04:45:55.892+0000] {sql.py:509} INFO - Running statement: 
    INSERT INTO books (title, authors, price, rating)
    VALUES (%s, %s, %s, %s)
    , parameters: ('Software Engineering for Data Scientists: From Notebooks to Scalable Systems', 'Catherine Nelson', '52.', '4.5 out of 5 stars')
[2024-08-20T04:45:55.894+0000] {sql.py:518} INFO - Rows affected: 1
[2024-08-20T04:45:55.902+0000] {base.py:84} INFO - Retrieving connection 'books_connection'
[2024-08-20T04:45:55.906+0000] {sql.py:509} INFO - Running statement: 
    INSERT INTO books (title, authors, price, rating)
    VALUES (%s, %s, %s, %s)
    , parameters: ('Data Engineering with Google Cloud Platform: A guide to leveling up as a data engineer by building a scalable data platform with Google Cloud', 'Adi Wijaya', '41.', '5.0 out of 5 stars')
[2024-08-20T04:45:55.908+0000] {sql.py:518} INFO - Rows affected: 1
[2024-08-20T04:45:55.916+0000] {base.py:84} INFO - Retrieving connection 'books_connection'
[2024-08-20T04:45:55.920+0000] {sql.py:509} INFO - Running statement: 
    INSERT INTO books (title, authors, price, rating)
    VALUES (%s, %s, %s, %s)
    , parameters: ('Python Data Engineering Resources: Boost Your Career With This Python Handbook; Prepare For Python Interview; Python Programming Cookbook For Beginners and Experienced; Python Data Analysis and More', 'Vajo Lukic', '9.', '4.8 out of 5 stars')
[2024-08-20T04:45:55.921+0000] {sql.py:518} INFO - Rows affected: 1
[2024-08-20T04:45:55.929+0000] {base.py:84} INFO - Retrieving connection 'books_connection'
[2024-08-20T04:45:55.933+0000] {sql.py:509} INFO - Running statement: 
    INSERT INTO books (title, authors, price, rating)
    VALUES (%s, %s, %s, %s)
    , parameters: ('Getting Started with DuckDB: A practical guide for accelerating your data science, data analytics, and data engineering workflows', 'Simon Aubury', '42.', '5.0 out of 5 stars')
[2024-08-20T04:45:55.935+0000] {sql.py:518} INFO - Rows affected: 1
[2024-08-20T04:45:55.944+0000] {base.py:84} INFO - Retrieving connection 'books_connection'
[2024-08-20T04:45:55.948+0000] {sql.py:509} INFO - Running statement: 
    INSERT INTO books (title, authors, price, rating)
    VALUES (%s, %s, %s, %s)
    , parameters: ('Driving Data Quality with Data Contracts: A comprehensive guide to building reliable, trusted, and effective data platforms', 'Andrew Jones', '28.', '4.6 out of 5 stars')
[2024-08-20T04:45:55.950+0000] {sql.py:518} INFO - Rows affected: 1
[2024-08-20T04:45:55.958+0000] {base.py:84} INFO - Retrieving connection 'books_connection'
[2024-08-20T04:45:55.962+0000] {sql.py:509} INFO - Running statement: 
    INSERT INTO books (title, authors, price, rating)
    VALUES (%s, %s, %s, %s)
    , parameters: ('Data Engineering with Databricks Cookbook: Build effective data and AI solutions using Apache Spark, Databricks, and Delta Lake', 'Pulkit Chadha', '42.', '4.2 out of 5 stars')
[2024-08-20T04:45:55.964+0000] {sql.py:518} INFO - Rows affected: 1
[2024-08-20T04:45:55.973+0000] {base.py:84} INFO - Retrieving connection 'books_connection'
[2024-08-20T04:45:55.977+0000] {sql.py:509} INFO - Running statement: 
    INSERT INTO books (title, authors, price, rating)
    VALUES (%s, %s, %s, %s)
    , parameters: ('Data-Driven Science and Engineering: Machine Learning, Dynamical Systems, and Control', 'Steven L. Brunton', '64.', '4.7 out of 5 stars')
[2024-08-20T04:45:55.979+0000] {sql.py:518} INFO - Rows affected: 1
[2024-08-20T04:45:55.986+0000] {base.py:84} INFO - Retrieving connection 'books_connection'
[2024-08-20T04:45:55.991+0000] {sql.py:509} INFO - Running statement: 
    INSERT INTO books (title, authors, price, rating)
    VALUES (%s, %s, %s, %s)
    , parameters: ('Mastering Large Datasets with Python: Parallelize and Distribute Your Python Code', 'John T. Wolohan', '49.', '3.9 out of 5 stars')
[2024-08-20T04:45:55.993+0000] {sql.py:518} INFO - Rows affected: 1
[2024-08-20T04:45:56.001+0000] {base.py:84} INFO - Retrieving connection 'books_connection'
[2024-08-20T04:45:56.005+0000] {sql.py:509} INFO - Running statement: 
    INSERT INTO books (title, authors, price, rating)
    VALUES (%s, %s, %s, %s)
    , parameters: ('Build a Career in Data Science', 'Emily Robinson', '35.', '4.6 out of 5 stars')
[2024-08-20T04:45:56.007+0000] {sql.py:518} INFO - Rows affected: 1
[2024-08-20T04:45:56.016+0000] {base.py:84} INFO - Retrieving connection 'books_connection'
[2024-08-20T04:45:56.019+0000] {sql.py:509} INFO - Running statement: 
    INSERT INTO books (title, authors, price, rating)
    VALUES (%s, %s, %s, %s)
    , parameters: ("Data: Principles To Practice - Volume 1 'Foundations': Essential Foundations: Key Concepts behind Data Architecture, Engineering and Analysis for Professionals", 'Mr Alex Holloway', '11.', '4.7 out of 5 stars')
[2024-08-20T04:45:56.021+0000] {sql.py:518} INFO - Rows affected: 1
[2024-08-20T04:45:56.028+0000] {base.py:84} INFO - Retrieving connection 'books_connection'
[2024-08-20T04:45:56.032+0000] {sql.py:509} INFO - Running statement: 
    INSERT INTO books (title, authors, price, rating)
    VALUES (%s, %s, %s, %s)
    , parameters: ('DATA ENGINEERING AND AI FOR BEGINNERS: Revolutionizing Data Processing and Analytics by Leveraging Artificial Intelligence for Efficient Input Collection, Storage, and Transformation (World of AI)', 'Paperback', '13.', '4.4 out of 5 stars')
[2024-08-20T04:45:56.034+0000] {sql.py:518} INFO - Rows affected: 1
[2024-08-20T04:45:56.042+0000] {base.py:84} INFO - Retrieving connection 'books_connection'
[2024-08-20T04:45:56.046+0000] {sql.py:509} INFO - Running statement: 
    INSERT INTO books (title, authors, price, rating)
    VALUES (%s, %s, %s, %s)
    , parameters: ('Data Mesh: Delivering Data-Driven Value at Scale', 'Zhamak Dehghani', '43.', '4.5 out of 5 stars')
[2024-08-20T04:45:56.048+0000] {sql.py:518} INFO - Rows affected: 1
[2024-08-20T04:45:56.056+0000] {base.py:84} INFO - Retrieving connection 'books_connection'
[2024-08-20T04:45:56.060+0000] {sql.py:509} INFO - Running statement: 
    INSERT INTO books (title, authors, price, rating)
    VALUES (%s, %s, %s, %s)
    , parameters: ('Data Engineering with Apache Spark, Delta Lake, and Lakehouse: Create scalable pipelines that ingest, curate, and aggregate complex data in a timely and secure way', 'Manoj Kukreja', '29.', '3.9 out of 5 stars')
[2024-08-20T04:45:56.061+0000] {sql.py:518} INFO - Rows affected: 1
[2024-08-20T04:45:56.069+0000] {base.py:84} INFO - Retrieving connection 'books_connection'
[2024-08-20T04:45:56.073+0000] {sql.py:509} INFO - Running statement: 
    INSERT INTO books (title, authors, price, rating)
    VALUES (%s, %s, %s, %s)
    , parameters: ('Machine Learning Engineering', 'Andriy Burkov', '39.', '4.7 out of 5 stars')
[2024-08-20T04:45:56.075+0000] {sql.py:518} INFO - Rows affected: 1
[2024-08-20T04:45:56.083+0000] {base.py:84} INFO - Retrieving connection 'books_connection'
[2024-08-20T04:45:56.086+0000] {sql.py:509} INFO - Running statement: 
    INSERT INTO books (title, authors, price, rating)
    VALUES (%s, %s, %s, %s)
    , parameters: ('The Enterprise Data Catalog: Improve Data Discovery, Ensure Data Governance, and Enable Innovation', 'Ole Olesen-Bagneux', '31.', '4.5 out of 5 stars')
[2024-08-20T04:45:56.088+0000] {sql.py:518} INFO - Rows affected: 1
[2024-08-20T04:45:56.097+0000] {base.py:84} INFO - Retrieving connection 'books_connection'
[2024-08-20T04:45:56.100+0000] {sql.py:509} INFO - Running statement: 
    INSERT INTO books (title, authors, price, rating)
    VALUES (%s, %s, %s, %s)
    , parameters: ('Data Engineering with Databricks', 'Paperback', '25.', '3.4 out of 5 stars')
[2024-08-20T04:45:56.102+0000] {sql.py:518} INFO - Rows affected: 1
[2024-08-20T04:45:56.112+0000] {base.py:84} INFO - Retrieving connection 'books_connection'
[2024-08-20T04:45:56.116+0000] {sql.py:509} INFO - Running statement: 
    INSERT INTO books (title, authors, price, rating)
    VALUES (%s, %s, %s, %s)
    , parameters: ('Ace the Data Science Interview: 201 Real Interview Questions Asked By FAANG, Tech Startups, & Wall Street', 'Nick Singh', '42.', '4.5 out of 5 stars')
[2024-08-20T04:45:56.117+0000] {sql.py:518} INFO - Rows affected: 1
[2024-08-20T04:45:56.126+0000] {base.py:84} INFO - Retrieving connection 'books_connection'
[2024-08-20T04:45:56.130+0000] {sql.py:509} INFO - Running statement: 
    INSERT INTO books (title, authors, price, rating)
    VALUES (%s, %s, %s, %s)
    , parameters: ('Modern Data Engineering with Apache Spark: A Hands-On Guide for Building Mission-Critical Streaming Applications', 'Scott Haines', '30.', '4.1 out of 5 stars')
[2024-08-20T04:45:56.131+0000] {sql.py:518} INFO - Rows affected: 1
[2024-08-20T04:45:56.140+0000] {base.py:84} INFO - Retrieving connection 'books_connection'
[2024-08-20T04:45:56.144+0000] {sql.py:509} INFO - Running statement: 
    INSERT INTO books (title, authors, price, rating)
    VALUES (%s, %s, %s, %s)
    , parameters: ('Data Modeling with Snowflake: A practical guide to accelerating Snowflake development using universal data modeling techniques', 'Serge Gershkovich', '36.', '4.8 out of 5 stars')
[2024-08-20T04:45:56.146+0000] {sql.py:518} INFO - Rows affected: 1
[2024-08-20T04:45:56.154+0000] {base.py:84} INFO - Retrieving connection 'books_connection'
[2024-08-20T04:45:56.158+0000] {sql.py:509} INFO - Running statement: 
    INSERT INTO books (title, authors, price, rating)
    VALUES (%s, %s, %s, %s)
    , parameters: ('Storytelling with Data: A Data Visualization Guide for Business Professionals', 'Cole Nussbaumer Knaflic', '27.', '4.6 out of 5 stars')
[2024-08-20T04:45:56.160+0000] {sql.py:518} INFO - Rows affected: 1
[2024-08-20T04:45:56.169+0000] {base.py:84} INFO - Retrieving connection 'books_connection'
[2024-08-20T04:45:56.173+0000] {sql.py:509} INFO - Running statement: 
    INSERT INTO books (title, authors, price, rating)
    VALUES (%s, %s, %s, %s)
    , parameters: ('97 Things Every Data Engineer Should Know: Collective Wisdom from the Experts', 'Audible Audiobook', '0.', '4.1 out of 5 stars')
[2024-08-20T04:45:56.175+0000] {sql.py:518} INFO - Rows affected: 1
[2024-08-20T04:45:56.186+0000] {base.py:84} INFO - Retrieving connection 'books_connection'
[2024-08-20T04:45:56.191+0000] {sql.py:509} INFO - Running statement: 
    INSERT INTO books (title, authors, price, rating)
    VALUES (%s, %s, %s, %s)
    , parameters: ("Data Quality Fundamentals: A Practitioner's Guide to Building Trustworthy Data Pipelines", 'Paperback', '45.', '4.1 out of 5 stars')
[2024-08-20T04:45:56.193+0000] {sql.py:518} INFO - Rows affected: 1
[2024-08-20T04:45:56.202+0000] {base.py:84} INFO - Retrieving connection 'books_connection'
[2024-08-20T04:45:56.207+0000] {sql.py:509} INFO - Running statement: 
    INSERT INTO books (title, authors, price, rating)
    VALUES (%s, %s, %s, %s)
    , parameters: ('Fundamentals of Data Analytics: Learn Essential Skills, Embrace the Future, and Catapult Your Career in the Data-Driven World—A Comprehensive Guide to Data Literacy for Beginners', 'Russell Dawson', '16.', '4.8 out of 5 stars')
[2024-08-20T04:45:56.208+0000] {sql.py:518} INFO - Rows affected: 1
[2024-08-20T04:45:56.218+0000] {base.py:84} INFO - Retrieving connection 'books_connection'
[2024-08-20T04:45:56.222+0000] {sql.py:509} INFO - Running statement: 
    INSERT INTO books (title, authors, price, rating)
    VALUES (%s, %s, %s, %s)
    , parameters: ('Data Engineering with Google Cloud Platform: A practical guide to operationalizing scalable data analytics systems on GCP', 'Adi Wijaya', '41.', '4.7 out of 5 stars')
[2024-08-20T04:45:56.224+0000] {sql.py:518} INFO - Rows affected: 1
[2024-08-20T04:45:56.232+0000] {base.py:84} INFO - Retrieving connection 'books_connection'
[2024-08-20T04:45:56.236+0000] {sql.py:509} INFO - Running statement: 
    INSERT INTO books (title, authors, price, rating)
    VALUES (%s, %s, %s, %s)
    , parameters: ('Prompt Engineering for Generative AI: Future-Proof Inputs for Reliable AI Outputs', 'James Phoenix', '57.', '4.4 out of 5 stars')
[2024-08-20T04:45:56.237+0000] {sql.py:518} INFO - Rows affected: 1
[2024-08-20T04:45:56.245+0000] {base.py:84} INFO - Retrieving connection 'books_connection'
[2024-08-20T04:45:56.249+0000] {sql.py:509} INFO - Running statement: 
    INSERT INTO books (title, authors, price, rating)
    VALUES (%s, %s, %s, %s)
    , parameters: ('Python Programming and SQL: 5 books in 1 - The #1 Coding Course from Beginner to Advanced. Learn it Well & Fast (2024) (Computer Programming)', 'Paperback', '32.', '4.3 out of 5 stars')
[2024-08-20T04:45:56.250+0000] {sql.py:518} INFO - Rows affected: 1
[2024-08-20T04:45:56.258+0000] {base.py:84} INFO - Retrieving connection 'books_connection'
[2024-08-20T04:45:56.262+0000] {sql.py:509} INFO - Running statement: 
    INSERT INTO books (title, authors, price, rating)
    VALUES (%s, %s, %s, %s)
    , parameters: ('Analytics Engineering with SQL and dbt: Building Meaningful Data Models at Scale', 'Rui Pedro Machado', '41.', '3.8 out of 5 stars')
[2024-08-20T04:45:56.264+0000] {sql.py:518} INFO - Rows affected: 1
[2024-08-20T04:45:56.272+0000] {base.py:84} INFO - Retrieving connection 'books_connection'
[2024-08-20T04:45:56.276+0000] {sql.py:509} INFO - Running statement: 
    INSERT INTO books (title, authors, price, rating)
    VALUES (%s, %s, %s, %s)
    , parameters: ('Data Observability for Data Engineering: Proactive strategies for ensuring data accuracy and addressing broken data pipelines', 'Michele Pinto', '18.', '3.7 out of 5 stars')
[2024-08-20T04:45:56.277+0000] {sql.py:518} INFO - Rows affected: 1
[2024-08-20T04:45:56.285+0000] {base.py:84} INFO - Retrieving connection 'books_connection'
[2024-08-20T04:45:56.289+0000] {sql.py:509} INFO - Running statement: 
    INSERT INTO books (title, authors, price, rating)
    VALUES (%s, %s, %s, %s)
    , parameters: ("Ultimate Data Engineering with Databricks: Develop Scalable Data Pipelines Using Data Engineering's Core Tenets Such as Delta Tables, Ingestion, ... Security, and Scalability (English Edition)", 'Mayank Malhotra', '37.', '3.8 out of 5 stars')
[2024-08-20T04:45:56.291+0000] {sql.py:518} INFO - Rows affected: 1
[2024-08-20T04:45:56.299+0000] {base.py:84} INFO - Retrieving connection 'books_connection'
[2024-08-20T04:45:56.302+0000] {sql.py:509} INFO - Running statement: 
    INSERT INTO books (title, authors, price, rating)
    VALUES (%s, %s, %s, %s)
    , parameters: ('The Data Warehouse Toolkit: The Definitive Guide to Dimensional Modeling', 'Paperback', '47.', '4.7 out of 5 stars')
[2024-08-20T04:45:56.304+0000] {sql.py:518} INFO - Rows affected: 1
[2024-08-20T04:45:56.312+0000] {base.py:84} INFO - Retrieving connection 'books_connection'
[2024-08-20T04:45:56.315+0000] {sql.py:509} INFO - Running statement: 
    INSERT INTO books (title, authors, price, rating)
    VALUES (%s, %s, %s, %s)
    , parameters: ('Concepts of Generative AI and Data Engineering: Vital Concepts in Data Engineering and the World of Generative AI', 'Kindle', '29.', '5.0 out of 5 stars')
[2024-08-20T04:45:56.317+0000] {sql.py:518} INFO - Rows affected: 1
[2024-08-20T04:45:56.324+0000] {base.py:84} INFO - Retrieving connection 'books_connection'
[2024-08-20T04:45:56.328+0000] {sql.py:509} INFO - Running statement: 
    INSERT INTO books (title, authors, price, rating)
    VALUES (%s, %s, %s, %s)
    , parameters: ('Official Google Cloud Certified Professional Data Engineer Study Guide', 'Dan Sullivan', '33.', '4.5 out of 5 stars')
[2024-08-20T04:45:56.329+0000] {sql.py:518} INFO - Rows affected: 1
[2024-08-20T04:45:56.337+0000] {base.py:84} INFO - Retrieving connection 'books_connection'
[2024-08-20T04:45:56.341+0000] {sql.py:509} INFO - Running statement: 
    INSERT INTO books (title, authors, price, rating)
    VALUES (%s, %s, %s, %s)
    , parameters: ('Data Privacy: A runbook for engineers', 'Nishant Bhajaria', '32.', '4.8 out of 5 stars')
[2024-08-20T04:45:56.342+0000] {sql.py:518} INFO - Rows affected: 1
[2024-08-20T04:45:56.349+0000] {base.py:84} INFO - Retrieving connection 'books_connection'
[2024-08-20T04:45:56.353+0000] {sql.py:509} INFO - Running statement: 
    INSERT INTO books (title, authors, price, rating)
    VALUES (%s, %s, %s, %s)
    , parameters: ('Data Analytics, Data Visualization & Communicating Data: 3 books in 1: Learn the Processes of Data Analytics and Data Science, Create Engaging Data Visualizations, and Present Data Effectively', 'Audible Audiobook', '0.', '4.5 out of 5 stars')
[2024-08-20T04:45:56.355+0000] {sql.py:518} INFO - Rows affected: 1
[2024-08-20T04:45:56.363+0000] {base.py:84} INFO - Retrieving connection 'books_connection'
[2024-08-20T04:45:56.366+0000] {sql.py:509} INFO - Running statement: 
    INSERT INTO books (title, authors, price, rating)
    VALUES (%s, %s, %s, %s)
    , parameters: ('Data Engineering and Data Science for Babies: Activity Workbook Part 1', 'Paperback', '9.', '4.1 out of 5 stars')
[2024-08-20T04:45:56.368+0000] {sql.py:518} INFO - Rows affected: 1
[2024-08-20T04:45:56.377+0000] {base.py:84} INFO - Retrieving connection 'books_connection'
[2024-08-20T04:45:56.380+0000] {sql.py:509} INFO - Running statement: 
    INSERT INTO books (title, authors, price, rating)
    VALUES (%s, %s, %s, %s)
    , parameters: ('Fundamentals of Data Engineering: Efficiency, Insight, Impact: Transforming Data into Value through Expert Engineering Practices', 'Joseph Achakji', '0.', '4.6 out of 5 stars')
[2024-08-20T04:45:56.382+0000] {sql.py:518} INFO - Rows affected: 1
[2024-08-20T04:45:56.391+0000] {base.py:84} INFO - Retrieving connection 'books_connection'
[2024-08-20T04:45:56.395+0000] {sql.py:509} INFO - Running statement: 
    INSERT INTO books (title, authors, price, rating)
    VALUES (%s, %s, %s, %s)
    , parameters: ('Learning Spark: Lightning-Fast Data Analytics', 'Jules S. Damji', '43.', '4.7 out of 5 stars')
[2024-08-20T04:45:56.396+0000] {sql.py:518} INFO - Rows affected: 1
[2024-08-20T04:45:56.405+0000] {base.py:84} INFO - Retrieving connection 'books_connection'
[2024-08-20T04:45:56.409+0000] {sql.py:509} INFO - Running statement: 
    INSERT INTO books (title, authors, price, rating)
    VALUES (%s, %s, %s, %s)
    , parameters: ("SQL QuickStart Guide: The Simplified Beginner's Guide to Managing, Analyzing, and Manipulating Data With SQL (Coding & Programming - QuickStart Guides)", 'Paperback', '18.', '4.6 out of 5 stars')
[2024-08-20T04:45:56.410+0000] {sql.py:518} INFO - Rows affected: 1
[2024-08-20T04:45:56.419+0000] {base.py:84} INFO - Retrieving connection 'books_connection'
[2024-08-20T04:45:56.422+0000] {sql.py:509} INFO - Running statement: 
    INSERT INTO books (title, authors, price, rating)
    VALUES (%s, %s, %s, %s)
    , parameters: ('Electrical engineering without prior knowledge: Understand the basics within 7 days (Become an Engineer Without Prior Knowledge)', 'Paperback', '17.', '4.4 out of 5 stars')
[2024-08-20T04:45:56.424+0000] {sql.py:518} INFO - Rows affected: 1
[2024-08-20T04:45:56.433+0000] {base.py:84} INFO - Retrieving connection 'books_connection'
[2024-08-20T04:45:56.436+0000] {sql.py:509} INFO - Running statement: 
    INSERT INTO books (title, authors, price, rating)
    VALUES (%s, %s, %s, %s)
    , parameters: ('Azure Data Engineering Cookbook - Second Edition: Get well versed in various data engineering techniques in Azure using this recipe-based guide', 'Nagaraj Venkatesan', '51.', '3.5 out of 5 stars')
[2024-08-20T04:45:56.438+0000] {sql.py:518} INFO - Rows affected: 1
[2024-08-20T04:45:56.446+0000] {base.py:84} INFO - Retrieving connection 'books_connection'
[2024-08-20T04:45:56.450+0000] {sql.py:509} INFO - Running statement: 
    INSERT INTO books (title, authors, price, rating)
    VALUES (%s, %s, %s, %s)
    , parameters: ("The Baofeng Radio Guerrilla's Bible 16 Books in 1: The Guerrilla's Comprehensive Manual: Mastering Your Baofeng Radio for Every Situation - Essential Tactics for Emergencies,Disasters,Covert Oper...", 'Paperback', '34.', '4.5 out of 5 stars')
[2024-08-20T04:45:56.452+0000] {sql.py:518} INFO - Rows affected: 1
[2024-08-20T04:45:56.460+0000] {base.py:84} INFO - Retrieving connection 'books_connection'
[2024-08-20T04:45:56.465+0000] {sql.py:509} INFO - Running statement: 
    INSERT INTO books (title, authors, price, rating)
    VALUES (%s, %s, %s, %s)
    , parameters: ('Salesforce CRM Administration Handbook: A comprehensive guide to administering, configuring, and customizing Salesforce CRM', 'Krzysztof Nowacki', '35.', '5.0 out of 5 stars')
[2024-08-20T04:45:56.467+0000] {sql.py:518} INFO - Rows affected: 1
[2024-08-20T04:45:56.475+0000] {base.py:84} INFO - Retrieving connection 'books_connection'
[2024-08-20T04:45:56.479+0000] {sql.py:509} INFO - Running statement: 
    INSERT INTO books (title, authors, price, rating)
    VALUES (%s, %s, %s, %s)
    , parameters: ('Systems Engineering Demystified - Second Edition: Apply modern, model-based systems engineering techniques to build complex systems', 'Jon Holt', '45.', '4.7 out of 5 stars')
[2024-08-20T04:45:56.481+0000] {sql.py:518} INFO - Rows affected: 1
[2024-08-20T04:45:56.489+0000] {base.py:84} INFO - Retrieving connection 'books_connection'
[2024-08-20T04:45:56.493+0000] {sql.py:509} INFO - Running statement: 
    INSERT INTO books (title, authors, price, rating)
    VALUES (%s, %s, %s, %s)
    , parameters: ('Coding for Beginners: Learn Computer Programming the Right Way', 'K. Connors', '17.', '3.8 out of 5 stars')
[2024-08-20T04:45:56.495+0000] {sql.py:518} INFO - Rows affected: 1
[2024-08-20T04:45:56.504+0000] {base.py:84} INFO - Retrieving connection 'books_connection'
[2024-08-20T04:45:56.509+0000] {sql.py:509} INFO - Running statement: 
    INSERT INTO books (title, authors, price, rating)
    VALUES (%s, %s, %s, %s)
    , parameters: ('Database Internals: A Deep Dive into How Distributed Data Systems Work', 'Alex Petrov', '36.', '4.6 out of 5 stars')
[2024-08-20T04:45:56.511+0000] {sql.py:518} INFO - Rows affected: 1
[2024-08-20T04:45:56.521+0000] {base.py:84} INFO - Retrieving connection 'books_connection'
[2024-08-20T04:45:56.525+0000] {sql.py:509} INFO - Running statement: 
    INSERT INTO books (title, authors, price, rating)
    VALUES (%s, %s, %s, %s)
    , parameters: ('Machine Learning Engineering with Python - Second Edition: Manage the lifecycle of machine learning models using MLOps with practical examples', 'Andrew McMahon', '32.', '4.7 out of 5 stars')
[2024-08-20T04:45:56.527+0000] {sql.py:518} INFO - Rows affected: 1
[2024-08-20T04:45:56.535+0000] {base.py:84} INFO - Retrieving connection 'books_connection'
[2024-08-20T04:45:56.540+0000] {sql.py:509} INFO - Running statement: 
    INSERT INTO books (title, authors, price, rating)
    VALUES (%s, %s, %s, %s)
    , parameters: ('Engineers Survival Guide: Advice, tactics, and tricks After a decade of working at Facebook, Snapchat, and Microsoft', 'Merih Taze', '29.', '4.4 out of 5 stars')
[2024-08-20T04:45:56.542+0000] {sql.py:518} INFO - Rows affected: 1
[2024-08-20T04:45:56.550+0000] {base.py:84} INFO - Retrieving connection 'books_connection'
[2024-08-20T04:45:56.554+0000] {sql.py:509} INFO - Running statement: 
    INSERT INTO books (title, authors, price, rating)
    VALUES (%s, %s, %s, %s)
    , parameters: ('Data Science (The MIT Press Essential Knowledge series)', 'Paperback', '10.', '4.4 out of 5 stars')
[2024-08-20T04:45:56.556+0000] {sql.py:518} INFO - Rows affected: 1
[2024-08-20T04:45:56.565+0000] {base.py:84} INFO - Retrieving connection 'books_connection'
[2024-08-20T04:45:56.568+0000] {sql.py:509} INFO - Running statement: 
    INSERT INTO books (title, authors, price, rating)
    VALUES (%s, %s, %s, %s)
    , parameters: ('How Data Happened: A History from the Age of Reason to the Age of Algorithms', 'Chris Wiggins', '16.', '4.2 out of 5 stars')
[2024-08-20T04:45:56.570+0000] {sql.py:518} INFO - Rows affected: 1
[2024-08-20T04:45:56.578+0000] {base.py:84} INFO - Retrieving connection 'books_connection'
[2024-08-20T04:45:56.582+0000] {sql.py:509} INFO - Running statement: 
    INSERT INTO books (title, authors, price, rating)
    VALUES (%s, %s, %s, %s)
    , parameters: ("System Design Interview – An insider's guide", 'Alex Xu', '37.', '4.6 out of 5 stars')
[2024-08-20T04:45:56.585+0000] {sql.py:518} INFO - Rows affected: 1
[2024-08-20T04:45:56.594+0000] {base.py:84} INFO - Retrieving connection 'books_connection'
[2024-08-20T04:45:56.598+0000] {sql.py:509} INFO - Running statement: 
    INSERT INTO books (title, authors, price, rating)
    VALUES (%s, %s, %s, %s)
    , parameters: ('Data Engineering with Scala and Spark: A practical guide helping you build streaming and batch pipelines that process massive amounts of data using Scala', 'Eric Tome', '36.', '4.3 out of 5 stars')
[2024-08-20T04:45:56.600+0000] {sql.py:518} INFO - Rows affected: 1
[2024-08-20T04:45:56.609+0000] {base.py:84} INFO - Retrieving connection 'books_connection'
[2024-08-20T04:45:56.613+0000] {sql.py:509} INFO - Running statement: 
    INSERT INTO books (title, authors, price, rating)
    VALUES (%s, %s, %s, %s)
    , parameters: ('Azure Data Engineer Associate Certification Guide: A hands-on reference guide to developing your data engineering skills and preparing for the DP-203 exam', 'Newton Alex', '54.', '3.9 out of 5 stars')
[2024-08-20T04:45:56.616+0000] {sql.py:518} INFO - Rows affected: 1
[2024-08-20T04:45:56.624+0000] {base.py:84} INFO - Retrieving connection 'books_connection'
[2024-08-20T04:45:56.629+0000] {sql.py:509} INFO - Running statement: 
    INSERT INTO books (title, authors, price, rating)
    VALUES (%s, %s, %s, %s)
    , parameters: ('Mastering the Data Paradox: Key to Winning in the AI Age', 'Nitin Seth', '18.', '4.8 out of 5 stars')
[2024-08-20T04:45:56.631+0000] {sql.py:518} INFO - Rows affected: 1
[2024-08-20T04:45:56.640+0000] {base.py:84} INFO - Retrieving connection 'books_connection'
[2024-08-20T04:45:56.644+0000] {sql.py:509} INFO - Running statement: 
    INSERT INTO books (title, authors, price, rating)
    VALUES (%s, %s, %s, %s)
    , parameters: ('Data Science on AWS: Implementing End-to-End, Continuous AI and Machine Learning Pipelines', 'Chris Fregly', '11.', '4.5 out of 5 stars')
[2024-08-20T04:45:56.646+0000] {sql.py:518} INFO - Rows affected: 1
[2024-08-20T04:45:56.655+0000] {base.py:84} INFO - Retrieving connection 'books_connection'
[2024-08-20T04:45:56.659+0000] {sql.py:509} INFO - Running statement: 
    INSERT INTO books (title, authors, price, rating)
    VALUES (%s, %s, %s, %s)
    , parameters: ("Applied Machine Learning and AI for Engineers: Solve Business Problems That Can't Be Solved Algorithmically", 'Jeff Prosise', '55.', '4.5 out of 5 stars')
[2024-08-20T04:45:56.660+0000] {sql.py:518} INFO - Rows affected: 1
[2024-08-20T04:45:56.668+0000] {base.py:84} INFO - Retrieving connection 'books_connection'
[2024-08-20T04:45:56.675+0000] {sql.py:509} INFO - Running statement: 
    INSERT INTO books (title, authors, price, rating)
    VALUES (%s, %s, %s, %s)
    , parameters: ('Designing Cloud Data Platforms', 'Danil Zburivsky', '51.', '4.7 out of 5 stars')
[2024-08-20T04:45:56.677+0000] {sql.py:518} INFO - Rows affected: 1
[2024-08-20T04:45:56.685+0000] {base.py:84} INFO - Retrieving connection 'books_connection'
[2024-08-20T04:45:56.689+0000] {sql.py:509} INFO - Running statement: 
    INSERT INTO books (title, authors, price, rating)
    VALUES (%s, %s, %s, %s)
    , parameters: ("Engineers' Practical Databook: A Technical Reference Guide for Students and Professionals", 'Jay Smith', '18.', '4.6 out of 5 stars')
[2024-08-20T04:45:56.691+0000] {sql.py:518} INFO - Rows affected: 1
[2024-08-20T04:45:56.699+0000] {base.py:84} INFO - Retrieving connection 'books_connection'
[2024-08-20T04:45:56.703+0000] {sql.py:509} INFO - Running statement: 
    INSERT INTO books (title, authors, price, rating)
    VALUES (%s, %s, %s, %s)
    , parameters: ('Feature Engineering for Machine Learning: Principles and Techniques for Data Scientists', 'Alice Zheng', '41.', '4.4 out of 5 stars')
[2024-08-20T04:45:56.705+0000] {sql.py:518} INFO - Rows affected: 1
[2024-08-20T04:45:56.714+0000] {base.py:84} INFO - Retrieving connection 'books_connection'
[2024-08-20T04:45:56.718+0000] {sql.py:509} INFO - Running statement: 
    INSERT INTO books (title, authors, price, rating)
    VALUES (%s, %s, %s, %s)
    , parameters: ('Better Data Visualizations: A Guide for Scholars, Researchers, and Wonks', 'Jonathan Schwabish', '26.', '4.5 out of 5 stars')
[2024-08-20T04:45:56.720+0000] {sql.py:518} INFO - Rows affected: 1
[2024-08-20T04:45:56.728+0000] {base.py:84} INFO - Retrieving connection 'books_connection'
[2024-08-20T04:45:56.732+0000] {sql.py:509} INFO - Running statement: 
    INSERT INTO books (title, authors, price, rating)
    VALUES (%s, %s, %s, %s)
    , parameters: ('SQL Data Analytics Made Easy: Your Step-by-Step Guide to Unlocking Data’s Hidden Secrets: Demystify complex concepts, and harness the power of data to drive intelligent decision-making effortlessly.', 'L.D. Knowings', '14.', '4.1 out of 5 stars')
[2024-08-20T04:45:56.733+0000] {sql.py:518} INFO - Rows affected: 1
[2024-08-20T04:45:56.742+0000] {base.py:84} INFO - Retrieving connection 'books_connection'
[2024-08-20T04:45:56.746+0000] {sql.py:509} INFO - Running statement: 
    INSERT INTO books (title, authors, price, rating)
    VALUES (%s, %s, %s, %s)
    , parameters: ('The Art of Doing Science and Engineering: Learning to Learn', 'Richard W. Hamming', '19.', '4.6 out of 5 stars')
[2024-08-20T04:45:56.747+0000] {sql.py:518} INFO - Rows affected: 1
[2024-08-20T04:45:56.756+0000] {base.py:84} INFO - Retrieving connection 'books_connection'
[2024-08-20T04:45:56.760+0000] {sql.py:509} INFO - Running statement: 
    INSERT INTO books (title, authors, price, rating)
    VALUES (%s, %s, %s, %s)
    , parameters: ('A Common-Sense Guide to Data Structures and Algorithms, Second Edition: Level Up Your Core Programming Skills', 'Jay Wengrow', '39.', '4.7 out of 5 stars')
[2024-08-20T04:45:56.762+0000] {sql.py:518} INFO - Rows affected: 1
[2024-08-20T04:45:56.770+0000] {base.py:84} INFO - Retrieving connection 'books_connection'
[2024-08-20T04:45:56.775+0000] {sql.py:509} INFO - Running statement: 
    INSERT INTO books (title, authors, price, rating)
    VALUES (%s, %s, %s, %s)
    , parameters: ('Fundamentals of Data Visualization: A Primer on Making Informative and Compelling Figures', 'Claus Wilke', '49.', '4.6 out of 5 stars')
[2024-08-20T04:45:56.776+0000] {sql.py:518} INFO - Rows affected: 1
[2024-08-20T04:45:56.784+0000] {base.py:84} INFO - Retrieving connection 'books_connection'
[2024-08-20T04:45:56.787+0000] {sql.py:509} INFO - Running statement: 
    INSERT INTO books (title, authors, price, rating)
    VALUES (%s, %s, %s, %s)
    , parameters: ('Hypothesis Testing: An Intuitive Guide for Making Data Driven Decisions', 'Jim Frost', '23.', '4.5 out of 5 stars')
[2024-08-20T04:45:56.789+0000] {sql.py:518} INFO - Rows affected: 1
[2024-08-20T04:45:56.797+0000] {base.py:84} INFO - Retrieving connection 'books_connection'
[2024-08-20T04:45:56.801+0000] {sql.py:509} INFO - Running statement: 
    INSERT INTO books (title, authors, price, rating)
    VALUES (%s, %s, %s, %s)
    , parameters: ('Modeling and Simulation in Python: An Introduction for Scientists and Engineers', 'Allen B. Downey', '32.', '4.5 out of 5 stars')
[2024-08-20T04:45:56.802+0000] {sql.py:518} INFO - Rows affected: 1
[2024-08-20T04:45:56.811+0000] {base.py:84} INFO - Retrieving connection 'books_connection'
[2024-08-20T04:45:56.814+0000] {sql.py:509} INFO - Running statement: 
    INSERT INTO books (title, authors, price, rating)
    VALUES (%s, %s, %s, %s)
    , parameters: ('The Data Governance Guidebook and Playbook: By a Practitioner for Practitioners', 'Paperback', '25.', '4.3 out of 5 stars')
[2024-08-20T04:45:56.816+0000] {sql.py:518} INFO - Rows affected: 1
[2024-08-20T04:45:56.824+0000] {base.py:84} INFO - Retrieving connection 'books_connection'
[2024-08-20T04:45:56.828+0000] {sql.py:509} INFO - Running statement: 
    INSERT INTO books (title, authors, price, rating)
    VALUES (%s, %s, %s, %s)
    , parameters: ('AWS Certified Data Analytics Study Guide: Specialty (DAS-C01) Exam', 'Asif Abbasi', '31.', '4.6 out of 5 stars')
[2024-08-20T04:45:56.830+0000] {sql.py:518} INFO - Rows affected: 1
[2024-08-20T04:45:56.837+0000] {base.py:84} INFO - Retrieving connection 'books_connection'
[2024-08-20T04:45:56.841+0000] {sql.py:509} INFO - Running statement: 
    INSERT INTO books (title, authors, price, rating)
    VALUES (%s, %s, %s, %s)
    , parameters: ('50 Algorithms Every Programmer Should Know - Second Edition: An unbeatable arsenal of algorithmic solutions for real-world problems', 'Imran Ahmad', '37.', '4.4 out of 5 stars')
[2024-08-20T04:45:56.843+0000] {sql.py:518} INFO - Rows affected: 1
[2024-08-20T04:45:56.850+0000] {base.py:84} INFO - Retrieving connection 'books_connection'
[2024-08-20T04:45:56.853+0000] {sql.py:509} INFO - Running statement: 
    INSERT INTO books (title, authors, price, rating)
    VALUES (%s, %s, %s, %s)
    , parameters: ('Technology is Dead', 'Paperback', '23.', '5.0 out of 5 stars')
[2024-08-20T04:45:56.855+0000] {sql.py:518} INFO - Rows affected: 1
[2024-08-20T04:45:56.863+0000] {base.py:84} INFO - Retrieving connection 'books_connection'
[2024-08-20T04:45:56.867+0000] {sql.py:509} INFO - Running statement: 
    INSERT INTO books (title, authors, price, rating)
    VALUES (%s, %s, %s, %s)
    , parameters: ('Data Science: The Hard Parts: Techniques for Excelling at Data Science', 'Daniel Vaughan', '48.', '5.0 out of 5 stars')
[2024-08-20T04:45:56.869+0000] {sql.py:518} INFO - Rows affected: 1
[2024-08-20T04:45:56.878+0000] {base.py:84} INFO - Retrieving connection 'books_connection'
[2024-08-20T04:45:56.882+0000] {sql.py:509} INFO - Running statement: 
    INSERT INTO books (title, authors, price, rating)
    VALUES (%s, %s, %s, %s)
    , parameters: ('Data Management at Scale: Modern Data Architecture with Data Mesh and Data Fabric', 'Piethein Strengholt', '47.', '4.5 out of 5 stars')
[2024-08-20T04:45:56.883+0000] {sql.py:518} INFO - Rows affected: 1
[2024-08-20T04:45:56.892+0000] {base.py:84} INFO - Retrieving connection 'books_connection'
[2024-08-20T04:45:56.896+0000] {sql.py:509} INFO - Running statement: 
    INSERT INTO books (title, authors, price, rating)
    VALUES (%s, %s, %s, %s)
    , parameters: ('Practical Fraud Prevention: Fraud and AML Analytics for Fintech and eCommerce, Using SQL and Python', 'Gilit Saporta', '47.', '4.4 out of 5 stars')
[2024-08-20T04:45:56.898+0000] {sql.py:518} INFO - Rows affected: 1
[2024-08-20T04:45:56.908+0000] {base.py:84} INFO - Retrieving connection 'books_connection'
[2024-08-20T04:45:56.912+0000] {sql.py:509} INFO - Running statement: 
    INSERT INTO books (title, authors, price, rating)
    VALUES (%s, %s, %s, %s)
    , parameters: ('Data Quality Engineering in Financial Services: Applying Manufacturing Techniques to Data', 'Brian Buzzelli', '30.', '4.4 out of 5 stars')
[2024-08-20T04:45:56.914+0000] {sql.py:518} INFO - Rows affected: 1
[2024-08-20T04:45:56.923+0000] {base.py:84} INFO - Retrieving connection 'books_connection'
[2024-08-20T04:45:56.927+0000] {sql.py:509} INFO - Running statement: 
    INSERT INTO books (title, authors, price, rating)
    VALUES (%s, %s, %s, %s)
    , parameters: ('Ultimate Azure Data Engineering: Build Robust Data Engineering Systems on Azure with SQL, ETL, Data Modeling, and Power BI for Business Insights and Crack Azure Certifications (English Edition)', 'Ashish Agarwal', '39.', '5.0 out of 5 stars')
[2024-08-20T04:45:56.929+0000] {sql.py:518} INFO - Rows affected: 1
[2024-08-20T04:45:56.937+0000] {base.py:84} INFO - Retrieving connection 'books_connection'
[2024-08-20T04:45:56.942+0000] {sql.py:509} INFO - Running statement: 
    INSERT INTO books (title, authors, price, rating)
    VALUES (%s, %s, %s, %s)
    , parameters: ('Data Structures and Algorithms: 100 Interview Questions (Advanced Topics in Programming Book 2)', 'Kindle', '9.', '5.0 out of 5 stars')
[2024-08-20T04:45:56.944+0000] {sql.py:518} INFO - Rows affected: 1
[2024-08-20T04:45:56.954+0000] {base.py:84} INFO - Retrieving connection 'books_connection'
[2024-08-20T04:45:56.958+0000] {sql.py:509} INFO - Running statement: 
    INSERT INTO books (title, authors, price, rating)
    VALUES (%s, %s, %s, %s)
    , parameters: ('Data-Centric Machine Learning with Python: The ultimate guide to engineering and deploying high-quality models based on good data', 'Jonas Christensen', '49.', '4.6 out of 5 stars')
[2024-08-20T04:45:56.960+0000] {sql.py:518} INFO - Rows affected: 1
[2024-08-20T04:45:56.969+0000] {base.py:84} INFO - Retrieving connection 'books_connection'
[2024-08-20T04:45:56.974+0000] {sql.py:509} INFO - Running statement: 
    INSERT INTO books (title, authors, price, rating)
    VALUES (%s, %s, %s, %s)
    , parameters: ('Architecting Data and Machine Learning Platforms: Enable Analytics and AI-Driven Innovation in the Cloud', 'Marco Tranquillin', '37.', '4.3 out of 5 stars')
[2024-08-20T04:45:56.976+0000] {sql.py:518} INFO - Rows affected: 1
[2024-08-20T04:45:56.986+0000] {base.py:84} INFO - Retrieving connection 'books_connection'
[2024-08-20T04:45:56.991+0000] {sql.py:509} INFO - Running statement: 
    INSERT INTO books (title, authors, price, rating)
    VALUES (%s, %s, %s, %s)
    , parameters: ('Killed by a Traffic Engineer: Shattering the Delusion that Science Underlies our Transportation System', 'Wes Marshall', '33.', '4.5 out of 5 stars')
[2024-08-20T04:45:56.993+0000] {sql.py:518} INFO - Rows affected: 1
[2024-08-20T04:45:57.003+0000] {base.py:84} INFO - Retrieving connection 'books_connection'
[2024-08-20T04:45:57.008+0000] {sql.py:509} INFO - Running statement: 
    INSERT INTO books (title, authors, price, rating)
    VALUES (%s, %s, %s, %s)
    , parameters: ('Restricted Data: The History of Nuclear Secrecy in the United States', 'Alex Wellerstein', '2.', '4.7 out of 5 stars')
[2024-08-20T04:45:57.010+0000] {sql.py:518} INFO - Rows affected: 1
[2024-08-20T04:45:57.020+0000] {base.py:84} INFO - Retrieving connection 'books_connection'
[2024-08-20T04:45:57.025+0000] {sql.py:509} INFO - Running statement: 
    INSERT INTO books (title, authors, price, rating)
    VALUES (%s, %s, %s, %s)
    , parameters: ('Data Driven: Truckers, Technology, and the New Workplace Surveillance', 'Karen Levy', '21.', '4.3 out of 5 stars')
[2024-08-20T04:45:57.027+0000] {sql.py:518} INFO - Rows affected: 1
[2024-08-20T04:45:57.036+0000] {base.py:84} INFO - Retrieving connection 'books_connection'
[2024-08-20T04:45:57.041+0000] {sql.py:509} INFO - Running statement: 
    INSERT INTO books (title, authors, price, rating)
    VALUES (%s, %s, %s, %s)
    , parameters: ('Grokking Algorithms', 'Audible Audiobook', '0.', '4.6 out of 5 stars')
[2024-08-20T04:45:57.043+0000] {sql.py:518} INFO - Rows affected: 1
[2024-08-20T04:45:57.052+0000] {base.py:84} INFO - Retrieving connection 'books_connection'
[2024-08-20T04:45:57.057+0000] {sql.py:509} INFO - Running statement: 
    INSERT INTO books (title, authors, price, rating)
    VALUES (%s, %s, %s, %s)
    , parameters: ('Understanding Cryptography: A Textbook for Students and Practitioners', 'Christof Paar', '29.', '4.6 out of 5 stars')
[2024-08-20T04:45:57.059+0000] {sql.py:518} INFO - Rows affected: 1
[2024-08-20T04:45:57.068+0000] {base.py:84} INFO - Retrieving connection 'books_connection'
[2024-08-20T04:45:57.074+0000] {sql.py:509} INFO - Running statement: 
    INSERT INTO books (title, authors, price, rating)
    VALUES (%s, %s, %s, %s)
    , parameters: ('Observability Engineering: Achieving Production Excellence', 'Charity Majors', '34.', '4.3 out of 5 stars')
[2024-08-20T04:45:57.076+0000] {sql.py:518} INFO - Rows affected: 1
[2024-08-20T04:45:57.086+0000] {base.py:84} INFO - Retrieving connection 'books_connection'
[2024-08-20T04:45:57.091+0000] {sql.py:509} INFO - Running statement: 
    INSERT INTO books (title, authors, price, rating)
    VALUES (%s, %s, %s, %s)
    , parameters: ('Python Feature Engineering Cookbook: Over 70 recipes for creating, engineering, and transforming features to build machine learning models, 2nd Edition', 'Soledad Galli', '44.', '4.4 out of 5 stars')
[2024-08-20T04:45:57.093+0000] {sql.py:518} INFO - Rows affected: 1
[2024-08-20T04:45:57.103+0000] {base.py:84} INFO - Retrieving connection 'books_connection'
[2024-08-20T04:45:57.109+0000] {sql.py:509} INFO - Running statement: 
    INSERT INTO books (title, authors, price, rating)
    VALUES (%s, %s, %s, %s)
    , parameters: ('Practical Reverse Engineering: x86, x64, ARM, Windows Kernel, Reversing Tools, and Obfuscation', 'Bruce Dang', '34.', '4.6 out of 5 stars')
[2024-08-20T04:45:57.111+0000] {sql.py:518} INFO - Rows affected: 1
[2024-08-20T04:45:57.121+0000] {base.py:84} INFO - Retrieving connection 'books_connection'
[2024-08-20T04:45:57.126+0000] {sql.py:509} INFO - Running statement: 
    INSERT INTO books (title, authors, price, rating)
    VALUES (%s, %s, %s, %s)
    , parameters: ('Building ETL Pipelines with Python: Create and deploy enterprise-ready ETL pipelines by employing modern methods', 'Brij Kishore Pandey', '17.', '4.2 out of 5 stars')
[2024-08-20T04:45:57.128+0000] {sql.py:518} INFO - Rows affected: 1
[2024-08-20T04:45:57.130+0000] {python.py:240} INFO - Done. Returned value was: None
[2024-08-20T04:45:57.145+0000] {taskinstance.py:340} INFO - ::group::Post task execution logs
[2024-08-20T04:45:57.146+0000] {taskinstance.py:352} INFO - Marking task as SUCCESS. dag_id=fetch_and_store_DE_books, task_id=insert_book_data, run_id=scheduled__2024-08-01T00:00:00+00:00, execution_date=20240801T000000, start_date=20240820T044555, end_date=20240820T044557
[2024-08-20T04:45:57.162+0000] {logging_mixin.py:190} INFO - Task instance in success state
[2024-08-20T04:45:57.164+0000] {logging_mixin.py:190} INFO -  Previous state of the Task instance: running
[2024-08-20T04:45:57.165+0000] {logging_mixin.py:190} INFO - Dag name:fetch_and_store_DE_books queued_at:2024-08-20 04:45:43.257338+00:00
[2024-08-20T04:45:57.165+0000] {logging_mixin.py:190} INFO - Task hostname:668944ed7238 operator:PythonOperator
[2024-08-20T04:45:57.196+0000] {local_task_job_runner.py:261} INFO - Task exited with return code 0
[2024-08-20T04:45:57.222+0000] {taskinstance.py:3891} INFO - 0 downstream tasks scheduled from follow-on schedule check
[2024-08-20T04:45:57.228+0000] {local_task_job_runner.py:240} INFO - ::endgroup::
