[2024-08-20T04:42:46.472+0000] {local_task_job_runner.py:123} INFO - ::group::Pre task execution logs
[2024-08-20T04:42:46.510+0000] {taskinstance.py:2603} INFO - Dependencies all met for dep_context=non-requeueable deps ti=<TaskInstance: fetch_and_store_DE_books.insert_book_data scheduled__2024-07-01T00:00:00+00:00 [queued]>
[2024-08-20T04:42:46.529+0000] {taskinstance.py:2603} INFO - Dependencies all met for dep_context=requeueable deps ti=<TaskInstance: fetch_and_store_DE_books.insert_book_data scheduled__2024-07-01T00:00:00+00:00 [queued]>
[2024-08-20T04:42:46.530+0000] {taskinstance.py:2856} INFO - Starting attempt 1 of 2
[2024-08-20T04:42:46.563+0000] {taskinstance.py:2879} INFO - Executing <Task(PythonOperator): insert_book_data> on 2024-07-01 00:00:00+00:00
[2024-08-20T04:42:46.576+0000] {warnings.py:112} WARNING - /home/***/.local/lib/python3.12/site-packages/***/task/task_runner/standard_task_runner.py:70: DeprecationWarning: This process (pid=765) is multi-threaded, use of fork() may lead to deadlocks in the child.
  pid = os.fork()

[2024-08-20T04:42:46.580+0000] {standard_task_runner.py:72} INFO - Started process 777 to run task
[2024-08-20T04:42:46.582+0000] {standard_task_runner.py:104} INFO - Running: ['***', 'tasks', 'run', 'fetch_and_store_DE_books', 'insert_book_data', 'scheduled__2024-07-01T00:00:00+00:00', '--job-id', '15', '--raw', '--subdir', 'DAGS_FOLDER/app.py', '--cfg-path', '/tmp/tmpqu3sqgxf']
[2024-08-20T04:42:46.585+0000] {standard_task_runner.py:105} INFO - Job 15: Subtask insert_book_data
[2024-08-20T04:42:46.679+0000] {task_command.py:467} INFO - Running <TaskInstance: fetch_and_store_DE_books.insert_book_data scheduled__2024-07-01T00:00:00+00:00 [running]> on host 668944ed7238
[2024-08-20T04:42:46.844+0000] {taskinstance.py:3122} INFO - Exporting env vars: AIRFLOW_CTX_DAG_OWNER='***' AIRFLOW_CTX_DAG_ID='fetch_and_store_DE_books' AIRFLOW_CTX_TASK_ID='insert_book_data' AIRFLOW_CTX_EXECUTION_DATE='2024-07-01T00:00:00+00:00' AIRFLOW_CTX_TRY_NUMBER='1' AIRFLOW_CTX_DAG_RUN_ID='scheduled__2024-07-01T00:00:00+00:00'
[2024-08-20T04:42:46.848+0000] {logging_mixin.py:190} INFO - Task instance is in running state
[2024-08-20T04:42:46.849+0000] {logging_mixin.py:190} INFO -  Previous state of the Task instance: queued
[2024-08-20T04:42:46.849+0000] {logging_mixin.py:190} INFO - Current task name:insert_book_data state:running start_date:2024-08-20 04:42:46.511261+00:00
[2024-08-20T04:42:46.850+0000] {logging_mixin.py:190} INFO - Dag name:fetch_and_store_DE_books and current dag run status:running
[2024-08-20T04:42:46.851+0000] {taskinstance.py:731} INFO - ::endgroup::
[2024-08-20T04:42:46.895+0000] {base.py:84} INFO - Retrieving connection 'books_connection'
[2024-08-20T04:42:46.901+0000] {sql.py:509} INFO - Running statement: 
    INSERT INTO books (title, authors, price, rating)
    VALUES (%s, %s, %s, %s)
    , parameters: ('Ace the Data Engineering Interview: Questions and Answers for Python, SQL, Data Modeling and More', 'Sean Coyne', '24.', '4.1 out of 5 stars')
[2024-08-20T04:42:46.903+0000] {sql.py:518} INFO - Rows affected: 1
[2024-08-20T04:42:46.916+0000] {base.py:84} INFO - Retrieving connection 'books_connection'
[2024-08-20T04:42:46.922+0000] {sql.py:509} INFO - Running statement: 
    INSERT INTO books (title, authors, price, rating)
    VALUES (%s, %s, %s, %s)
    , parameters: ('Data Engineering with AWS - Second Edition: Acquire the skills to design and build AWS-based data transformation pipelines like a pro', 'Gareth Eagar', '41.', '4.4 out of 5 stars')
[2024-08-20T04:42:46.924+0000] {sql.py:518} INFO - Rows affected: 1
[2024-08-20T04:42:46.936+0000] {base.py:84} INFO - Retrieving connection 'books_connection'
[2024-08-20T04:42:46.941+0000] {sql.py:509} INFO - Running statement: 
    INSERT INTO books (title, authors, price, rating)
    VALUES (%s, %s, %s, %s)
    , parameters: ('Azure Data Engineer Associate Certification Guide: Ace the DP-203 exam with advanced data engineering skills', 'Giacinto Palmieri', '39.', '4.5 out of 5 stars')
[2024-08-20T04:42:46.944+0000] {sql.py:518} INFO - Rows affected: 1
[2024-08-20T04:42:46.955+0000] {base.py:84} INFO - Retrieving connection 'books_connection'
[2024-08-20T04:42:46.961+0000] {sql.py:509} INFO - Running statement: 
    INSERT INTO books (title, authors, price, rating)
    VALUES (%s, %s, %s, %s)
    , parameters: ('Data Engineering 101', 'Paperback', '22.', '5.0 out of 5 stars')
[2024-08-20T04:42:46.963+0000] {sql.py:518} INFO - Rows affected: 1
[2024-08-20T04:42:46.976+0000] {base.py:84} INFO - Retrieving connection 'books_connection'
[2024-08-20T04:42:46.982+0000] {sql.py:509} INFO - Running statement: 
    INSERT INTO books (title, authors, price, rating)
    VALUES (%s, %s, %s, %s)
    , parameters: ('Fundamentals of Data Engineering: Plan and Build Robust Data Systems', 'Joe Reis', '38.', '4.7 out of 5 stars')
[2024-08-20T04:42:46.984+0000] {sql.py:518} INFO - Rows affected: 1
[2024-08-20T04:42:47.000+0000] {base.py:84} INFO - Retrieving connection 'books_connection'
[2024-08-20T04:42:47.005+0000] {sql.py:509} INFO - Running statement: 
    INSERT INTO books (title, authors, price, rating)
    VALUES (%s, %s, %s, %s)
    , parameters: ('Data Pipelines Pocket Reference: Moving and Processing Data for Analytics', 'James Densmore', '17.', '4.5 out of 5 stars')
[2024-08-20T04:42:47.008+0000] {sql.py:518} INFO - Rows affected: 1
[2024-08-20T04:42:47.018+0000] {base.py:84} INFO - Retrieving connection 'books_connection'
[2024-08-20T04:42:47.025+0000] {sql.py:509} INFO - Running statement: 
    INSERT INTO books (title, authors, price, rating)
    VALUES (%s, %s, %s, %s)
    , parameters: ('Designing Data-Intensive Applications: The Big Ideas Behind Reliable, Scalable, and Maintainable Systems', 'Martin Kleppmann', '35.', '4.8 out of 5 stars')
[2024-08-20T04:42:47.027+0000] {sql.py:518} INFO - Rows affected: 1
[2024-08-20T04:42:47.038+0000] {base.py:84} INFO - Retrieving connection 'books_connection'
[2024-08-20T04:42:47.044+0000] {sql.py:509} INFO - Running statement: 
    INSERT INTO books (title, authors, price, rating)
    VALUES (%s, %s, %s, %s)
    , parameters: ('Data Engineering with Python: Work with massive datasets to design data models and automate data pipelines using Python', 'Paul Crickard', '37.', '4.1 out of 5 stars')
[2024-08-20T04:42:47.046+0000] {sql.py:518} INFO - Rows affected: 1
[2024-08-20T04:42:47.058+0000] {base.py:84} INFO - Retrieving connection 'books_connection'
[2024-08-20T04:42:47.063+0000] {sql.py:509} INFO - Running statement: 
    INSERT INTO books (title, authors, price, rating)
    VALUES (%s, %s, %s, %s)
    , parameters: ('Data Engineering with Python cookbook: Learn to build efficient data pipelines using the Modern Cloud Data Stack', 'Adithyan Ramanujakootam', '29.', '5.0 out of 5 stars')
[2024-08-20T04:42:47.065+0000] {sql.py:518} INFO - Rows affected: 1
[2024-08-20T04:42:47.077+0000] {base.py:84} INFO - Retrieving connection 'books_connection'
[2024-08-20T04:42:47.084+0000] {sql.py:509} INFO - Running statement: 
    INSERT INTO books (title, authors, price, rating)
    VALUES (%s, %s, %s, %s)
    , parameters: ('Cracking the Data Engineering Interview: Land your dream job with the help of resume-building tips, over 100 mock questions, and a unique portfolio', 'Kedeisha Bryan', '26.', '4.4 out of 5 stars')
[2024-08-20T04:42:47.086+0000] {sql.py:518} INFO - Rows affected: 1
[2024-08-20T04:42:47.097+0000] {base.py:84} INFO - Retrieving connection 'books_connection'
[2024-08-20T04:42:47.103+0000] {sql.py:509} INFO - Running statement: 
    INSERT INTO books (title, authors, price, rating)
    VALUES (%s, %s, %s, %s)
    , parameters: ('Data Engineering with AWS: Learn how to design and build cloud-based data transformation pipelines using AWS', 'Gareth Eagar', '49.', '4.4 out of 5 stars')
[2024-08-20T04:42:47.105+0000] {sql.py:518} INFO - Rows affected: 1
[2024-08-20T04:42:47.119+0000] {base.py:84} INFO - Retrieving connection 'books_connection'
[2024-08-20T04:42:47.124+0000] {sql.py:509} INFO - Running statement: 
    INSERT INTO books (title, authors, price, rating)
    VALUES (%s, %s, %s, %s)
    , parameters: ('Data Engineering with Google Cloud Platform: A guide to leveling up as a data engineer by building a scalable data platform with Google Cloud', 'Adi Wijaya', '41.', '5.0 out of 5 stars')
[2024-08-20T04:42:47.126+0000] {sql.py:518} INFO - Rows affected: 1
[2024-08-20T04:42:47.137+0000] {base.py:84} INFO - Retrieving connection 'books_connection'
[2024-08-20T04:42:47.142+0000] {sql.py:509} INFO - Running statement: 
    INSERT INTO books (title, authors, price, rating)
    VALUES (%s, %s, %s, %s)
    , parameters: ('Software Engineering for Data Scientists: From Notebooks to Scalable Systems', 'Catherine Nelson', '52.', '4.5 out of 5 stars')
[2024-08-20T04:42:47.144+0000] {sql.py:518} INFO - Rows affected: 1
[2024-08-20T04:42:47.157+0000] {base.py:84} INFO - Retrieving connection 'books_connection'
[2024-08-20T04:42:47.162+0000] {sql.py:509} INFO - Running statement: 
    INSERT INTO books (title, authors, price, rating)
    VALUES (%s, %s, %s, %s)
    , parameters: ('Driving Data Quality with Data Contracts: A comprehensive guide to building reliable, trusted, and effective data platforms', 'Andrew Jones', '28.', '4.6 out of 5 stars')
[2024-08-20T04:42:47.164+0000] {sql.py:518} INFO - Rows affected: 1
[2024-08-20T04:42:47.176+0000] {base.py:84} INFO - Retrieving connection 'books_connection'
[2024-08-20T04:42:47.181+0000] {sql.py:509} INFO - Running statement: 
    INSERT INTO books (title, authors, price, rating)
    VALUES (%s, %s, %s, %s)
    , parameters: ('Mastering Large Datasets with Python: Parallelize and Distribute Your Python Code', 'John T. Wolohan', '49.', '3.9 out of 5 stars')
[2024-08-20T04:42:47.183+0000] {sql.py:518} INFO - Rows affected: 1
[2024-08-20T04:42:47.195+0000] {base.py:84} INFO - Retrieving connection 'books_connection'
[2024-08-20T04:42:47.202+0000] {sql.py:509} INFO - Running statement: 
    INSERT INTO books (title, authors, price, rating)
    VALUES (%s, %s, %s, %s)
    , parameters: ('Data Engineering with dbt: A practical guide to building a cloud-based, pragmatic, and dependable data platform with SQL', 'Roberto Zagni', '37.', '4.6 out of 5 stars')
[2024-08-20T04:42:47.204+0000] {sql.py:518} INFO - Rows affected: 1
[2024-08-20T04:42:47.217+0000] {base.py:84} INFO - Retrieving connection 'books_connection'
[2024-08-20T04:42:47.223+0000] {sql.py:509} INFO - Running statement: 
    INSERT INTO books (title, authors, price, rating)
    VALUES (%s, %s, %s, %s)
    , parameters: ('Data Engineering with Databricks Cookbook: Build effective data and AI solutions using Apache Spark, Databricks, and Delta Lake', 'Pulkit Chadha', '42.', '4.2 out of 5 stars')
[2024-08-20T04:42:47.226+0000] {sql.py:518} INFO - Rows affected: 1
[2024-08-20T04:42:47.251+0000] {base.py:84} INFO - Retrieving connection 'books_connection'
[2024-08-20T04:42:47.257+0000] {sql.py:509} INFO - Running statement: 
    INSERT INTO books (title, authors, price, rating)
    VALUES (%s, %s, %s, %s)
    , parameters: ('Data-Driven Science and Engineering: Machine Learning, Dynamical Systems, and Control', 'Steven L. Brunton', '64.', '4.7 out of 5 stars')
[2024-08-20T04:42:47.259+0000] {sql.py:518} INFO - Rows affected: 1
[2024-08-20T04:42:47.274+0000] {base.py:84} INFO - Retrieving connection 'books_connection'
[2024-08-20T04:42:47.280+0000] {sql.py:509} INFO - Running statement: 
    INSERT INTO books (title, authors, price, rating)
    VALUES (%s, %s, %s, %s)
    , parameters: ('Data Analysis with Python and PySpark', 'Jonathan Rioux', '55.', '4.4 out of 5 stars')
[2024-08-20T04:42:47.283+0000] {sql.py:518} INFO - Rows affected: 1
[2024-08-20T04:42:47.296+0000] {base.py:84} INFO - Retrieving connection 'books_connection'
[2024-08-20T04:42:47.301+0000] {sql.py:509} INFO - Running statement: 
    INSERT INTO books (title, authors, price, rating)
    VALUES (%s, %s, %s, %s)
    , parameters: ('Python Data Engineering Resources: Boost Your Career With This Python Handbook; Prepare For Python Interview; Python Programming Cookbook For Beginners and Experienced; Python Data Analysis and More', 'Vajo Lukic', '9.', '4.8 out of 5 stars')
[2024-08-20T04:42:47.303+0000] {sql.py:518} INFO - Rows affected: 1
[2024-08-20T04:42:47.319+0000] {base.py:84} INFO - Retrieving connection 'books_connection'
[2024-08-20T04:42:47.325+0000] {sql.py:509} INFO - Running statement: 
    INSERT INTO books (title, authors, price, rating)
    VALUES (%s, %s, %s, %s)
    , parameters: ('Data Engineering Fundamentals for Beginners: Mastering the Art of Building, Managing, and Scaling Data Systems', 'Paperback', '14.', '5.0 out of 5 stars')
[2024-08-20T04:42:47.327+0000] {sql.py:518} INFO - Rows affected: 1
[2024-08-20T04:42:47.340+0000] {base.py:84} INFO - Retrieving connection 'books_connection'
[2024-08-20T04:42:47.347+0000] {sql.py:509} INFO - Running statement: 
    INSERT INTO books (title, authors, price, rating)
    VALUES (%s, %s, %s, %s)
    , parameters: ("Data: Principles To Practice - Volume 1 'Foundations': Essential Foundations: Key Concepts behind Data Architecture, Engineering and Analysis for Professionals", 'Mr Alex Holloway', '11.', '4.7 out of 5 stars')
[2024-08-20T04:42:47.349+0000] {sql.py:518} INFO - Rows affected: 1
[2024-08-20T04:42:47.363+0000] {base.py:84} INFO - Retrieving connection 'books_connection'
[2024-08-20T04:42:47.368+0000] {sql.py:509} INFO - Running statement: 
    INSERT INTO books (title, authors, price, rating)
    VALUES (%s, %s, %s, %s)
    , parameters: ('Data Engineering with Apache Spark, Delta Lake, and Lakehouse: Create scalable pipelines that ingest, curate, and aggregate complex data in a timely and secure way', 'Manoj Kukreja', '29.', '3.9 out of 5 stars')
[2024-08-20T04:42:47.375+0000] {sql.py:518} INFO - Rows affected: 1
[2024-08-20T04:42:47.389+0000] {base.py:84} INFO - Retrieving connection 'books_connection'
[2024-08-20T04:42:47.402+0000] {sql.py:509} INFO - Running statement: 
    INSERT INTO books (title, authors, price, rating)
    VALUES (%s, %s, %s, %s)
    , parameters: ('DATA ENGINEERING AND AI FOR BEGINNERS: Revolutionizing Data Processing and Analytics by Leveraging Artificial Intelligence for Efficient Input Collection, Storage, and Transformation (World of AI)', 'Paperback', '13.', '4.4 out of 5 stars')
[2024-08-20T04:42:47.405+0000] {sql.py:518} INFO - Rows affected: 1
[2024-08-20T04:42:47.422+0000] {base.py:84} INFO - Retrieving connection 'books_connection'
[2024-08-20T04:42:47.428+0000] {sql.py:509} INFO - Running statement: 
    INSERT INTO books (title, authors, price, rating)
    VALUES (%s, %s, %s, %s)
    , parameters: ('Data Mesh: Delivering Data-Driven Value at Scale', 'Zhamak Dehghani', '43.', '4.5 out of 5 stars')
[2024-08-20T04:42:47.431+0000] {sql.py:518} INFO - Rows affected: 1
[2024-08-20T04:42:47.445+0000] {base.py:84} INFO - Retrieving connection 'books_connection'
[2024-08-20T04:42:47.451+0000] {sql.py:509} INFO - Running statement: 
    INSERT INTO books (title, authors, price, rating)
    VALUES (%s, %s, %s, %s)
    , parameters: ('The Enterprise Data Catalog: Improve Data Discovery, Ensure Data Governance, and Enable Innovation', 'Ole Olesen-Bagneux', '31.', '4.5 out of 5 stars')
[2024-08-20T04:42:47.454+0000] {sql.py:518} INFO - Rows affected: 1
[2024-08-20T04:42:47.468+0000] {base.py:84} INFO - Retrieving connection 'books_connection'
[2024-08-20T04:42:47.475+0000] {sql.py:509} INFO - Running statement: 
    INSERT INTO books (title, authors, price, rating)
    VALUES (%s, %s, %s, %s)
    , parameters: ('Machine Learning Engineering', 'Andriy Burkov', '39.', '4.7 out of 5 stars')
[2024-08-20T04:42:47.477+0000] {sql.py:518} INFO - Rows affected: 1
[2024-08-20T04:42:47.496+0000] {base.py:84} INFO - Retrieving connection 'books_connection'
[2024-08-20T04:42:47.503+0000] {sql.py:509} INFO - Running statement: 
    INSERT INTO books (title, authors, price, rating)
    VALUES (%s, %s, %s, %s)
    , parameters: ('Data Engineering with Databricks', 'Paperback', '25.', '3.4 out of 5 stars')
[2024-08-20T04:42:47.506+0000] {sql.py:518} INFO - Rows affected: 1
[2024-08-20T04:42:47.521+0000] {base.py:84} INFO - Retrieving connection 'books_connection'
[2024-08-20T04:42:47.528+0000] {sql.py:509} INFO - Running statement: 
    INSERT INTO books (title, authors, price, rating)
    VALUES (%s, %s, %s, %s)
    , parameters: ('Modern Data Engineering with Apache Spark: A Hands-On Guide for Building Mission-Critical Streaming Applications', 'Scott Haines', '30.', '4.1 out of 5 stars')
[2024-08-20T04:42:47.530+0000] {sql.py:518} INFO - Rows affected: 1
[2024-08-20T04:42:47.551+0000] {base.py:84} INFO - Retrieving connection 'books_connection'
[2024-08-20T04:42:47.559+0000] {sql.py:509} INFO - Running statement: 
    INSERT INTO books (title, authors, price, rating)
    VALUES (%s, %s, %s, %s)
    , parameters: ('Data Modeling with Snowflake: A practical guide to accelerating Snowflake development using universal data modeling techniques', 'Serge Gershkovich', '36.', '4.8 out of 5 stars')
[2024-08-20T04:42:47.561+0000] {sql.py:518} INFO - Rows affected: 1
[2024-08-20T04:42:47.572+0000] {base.py:84} INFO - Retrieving connection 'books_connection'
[2024-08-20T04:42:47.579+0000] {sql.py:509} INFO - Running statement: 
    INSERT INTO books (title, authors, price, rating)
    VALUES (%s, %s, %s, %s)
    , parameters: ('Ace the Data Science Interview: 201 Real Interview Questions Asked By FAANG, Tech Startups, & Wall Street', 'Nick Singh', '42.', '4.5 out of 5 stars')
[2024-08-20T04:42:47.581+0000] {sql.py:518} INFO - Rows affected: 1
[2024-08-20T04:42:47.596+0000] {base.py:84} INFO - Retrieving connection 'books_connection'
[2024-08-20T04:42:47.601+0000] {sql.py:509} INFO - Running statement: 
    INSERT INTO books (title, authors, price, rating)
    VALUES (%s, %s, %s, %s)
    , parameters: ('Storytelling with Data: A Data Visualization Guide for Business Professionals', 'Cole Nussbaumer Knaflic', '27.', '4.6 out of 5 stars')
[2024-08-20T04:42:47.603+0000] {sql.py:518} INFO - Rows affected: 1
[2024-08-20T04:42:47.617+0000] {base.py:84} INFO - Retrieving connection 'books_connection'
[2024-08-20T04:42:47.624+0000] {sql.py:509} INFO - Running statement: 
    INSERT INTO books (title, authors, price, rating)
    VALUES (%s, %s, %s, %s)
    , parameters: ('Data Engineering with Google Cloud Platform: A practical guide to operationalizing scalable data analytics systems on GCP', 'Adi Wijaya', '41.', '4.7 out of 5 stars')
[2024-08-20T04:42:47.627+0000] {sql.py:518} INFO - Rows affected: 1
[2024-08-20T04:42:47.645+0000] {base.py:84} INFO - Retrieving connection 'books_connection'
[2024-08-20T04:42:47.651+0000] {sql.py:509} INFO - Running statement: 
    INSERT INTO books (title, authors, price, rating)
    VALUES (%s, %s, %s, %s)
    , parameters: ('Fundamentals of Data Analytics: Learn Essential Skills, Embrace the Future, and Catapult Your Career in the Data-Driven World—A Comprehensive Guide to Data Literacy for Beginners', 'Russell Dawson', '16.', '4.8 out of 5 stars')
[2024-08-20T04:42:47.659+0000] {sql.py:518} INFO - Rows affected: 1
[2024-08-20T04:42:47.677+0000] {base.py:84} INFO - Retrieving connection 'books_connection'
[2024-08-20T04:42:47.687+0000] {sql.py:509} INFO - Running statement: 
    INSERT INTO books (title, authors, price, rating)
    VALUES (%s, %s, %s, %s)
    , parameters: ("Data Quality Fundamentals: A Practitioner's Guide to Building Trustworthy Data Pipelines", 'Paperback', '45.', '4.1 out of 5 stars')
[2024-08-20T04:42:47.691+0000] {sql.py:518} INFO - Rows affected: 1
[2024-08-20T04:42:47.706+0000] {base.py:84} INFO - Retrieving connection 'books_connection'
[2024-08-20T04:42:47.713+0000] {sql.py:509} INFO - Running statement: 
    INSERT INTO books (title, authors, price, rating)
    VALUES (%s, %s, %s, %s)
    , parameters: ('97 Things Every Data Engineer Should Know: Collective Wisdom from the Experts', 'Audible Audiobook', '0.', '4.1 out of 5 stars')
[2024-08-20T04:42:47.716+0000] {sql.py:518} INFO - Rows affected: 1
[2024-08-20T04:42:47.736+0000] {base.py:84} INFO - Retrieving connection 'books_connection'
[2024-08-20T04:42:47.744+0000] {sql.py:509} INFO - Running statement: 
    INSERT INTO books (title, authors, price, rating)
    VALUES (%s, %s, %s, %s)
    , parameters: ('Data Observability for Data Engineering: Proactive strategies for ensuring data accuracy and addressing broken data pipelines', 'Michele Pinto', '18.', '3.7 out of 5 stars')
[2024-08-20T04:42:47.749+0000] {sql.py:518} INFO - Rows affected: 1
[2024-08-20T04:42:47.764+0000] {base.py:84} INFO - Retrieving connection 'books_connection'
[2024-08-20T04:42:47.770+0000] {sql.py:509} INFO - Running statement: 
    INSERT INTO books (title, authors, price, rating)
    VALUES (%s, %s, %s, %s)
    , parameters: ('Analytics Engineering with SQL and dbt: Building Meaningful Data Models at Scale', 'Rui Pedro Machado', '41.', '3.8 out of 5 stars')
[2024-08-20T04:42:47.772+0000] {sql.py:518} INFO - Rows affected: 1
[2024-08-20T04:42:47.789+0000] {base.py:84} INFO - Retrieving connection 'books_connection'
[2024-08-20T04:42:47.797+0000] {sql.py:509} INFO - Running statement: 
    INSERT INTO books (title, authors, price, rating)
    VALUES (%s, %s, %s, %s)
    , parameters: ('Data Engineering and Data Science for Babies: Activity Workbook Part 1', 'Paperback', '9.', '4.1 out of 5 stars')
[2024-08-20T04:42:47.800+0000] {sql.py:518} INFO - Rows affected: 1
[2024-08-20T04:42:47.815+0000] {base.py:84} INFO - Retrieving connection 'books_connection'
[2024-08-20T04:42:47.821+0000] {sql.py:509} INFO - Running statement: 
    INSERT INTO books (title, authors, price, rating)
    VALUES (%s, %s, %s, %s)
    , parameters: ('Prompt Engineering for Generative AI: Future-Proof Inputs for Reliable AI Outputs', 'James Phoenix', '57.', '4.4 out of 5 stars')
[2024-08-20T04:42:47.824+0000] {sql.py:518} INFO - Rows affected: 1
[2024-08-20T04:42:47.837+0000] {base.py:84} INFO - Retrieving connection 'books_connection'
[2024-08-20T04:42:47.843+0000] {sql.py:509} INFO - Running statement: 
    INSERT INTO books (title, authors, price, rating)
    VALUES (%s, %s, %s, %s)
    , parameters: ('Azure Data Engineering Cookbook - Second Edition: Get well versed in various data engineering techniques in Azure using this recipe-based guide', 'Nagaraj Venkatesan', '51.', '3.5 out of 5 stars')
[2024-08-20T04:42:47.845+0000] {sql.py:518} INFO - Rows affected: 1
[2024-08-20T04:42:47.859+0000] {base.py:84} INFO - Retrieving connection 'books_connection'
[2024-08-20T04:42:47.867+0000] {sql.py:509} INFO - Running statement: 
    INSERT INTO books (title, authors, price, rating)
    VALUES (%s, %s, %s, %s)
    , parameters: ('The Data Warehouse Toolkit: The Definitive Guide to Dimensional Modeling', 'Paperback', '47.', '4.7 out of 5 stars')
[2024-08-20T04:42:47.869+0000] {sql.py:518} INFO - Rows affected: 1
[2024-08-20T04:42:47.886+0000] {base.py:84} INFO - Retrieving connection 'books_connection'
[2024-08-20T04:42:47.894+0000] {sql.py:509} INFO - Running statement: 
    INSERT INTO books (title, authors, price, rating)
    VALUES (%s, %s, %s, %s)
    , parameters: ("Azure Data Factory Cookbook - Second Edition: A data engineer's guide to building and managing ETL and ELT pipelines with data integration", 'Dmitry Foshin', '51.', '4.4 out of 5 stars')
[2024-08-20T04:42:47.896+0000] {sql.py:518} INFO - Rows affected: 1
[2024-08-20T04:42:47.914+0000] {base.py:84} INFO - Retrieving connection 'books_connection'
[2024-08-20T04:42:47.920+0000] {sql.py:509} INFO - Running statement: 
    INSERT INTO books (title, authors, price, rating)
    VALUES (%s, %s, %s, %s)
    , parameters: ('Official Google Cloud Certified Professional Data Engineer Study Guide', 'Dan Sullivan', '33.', '4.5 out of 5 stars')
[2024-08-20T04:42:47.926+0000] {sql.py:518} INFO - Rows affected: 1
[2024-08-20T04:42:47.939+0000] {base.py:84} INFO - Retrieving connection 'books_connection'
[2024-08-20T04:42:47.946+0000] {sql.py:509} INFO - Running statement: 
    INSERT INTO books (title, authors, price, rating)
    VALUES (%s, %s, %s, %s)
    , parameters: ('Python Programming and SQL: 5 books in 1 - The #1 Coding Course from Beginner to Advanced. Learn it Well & Fast (2024) (Computer Programming)', 'Paperback', '32.', '4.3 out of 5 stars')
[2024-08-20T04:42:47.948+0000] {sql.py:518} INFO - Rows affected: 1
[2024-08-20T04:42:47.964+0000] {base.py:84} INFO - Retrieving connection 'books_connection'
[2024-08-20T04:42:47.970+0000] {sql.py:509} INFO - Running statement: 
    INSERT INTO books (title, authors, price, rating)
    VALUES (%s, %s, %s, %s)
    , parameters: ('Data Engineering with Scala and Spark: A practical guide helping you build streaming and batch pipelines that process massive amounts of data using Scala', 'Eric Tome', '36.', '4.3 out of 5 stars')
[2024-08-20T04:42:47.973+0000] {sql.py:518} INFO - Rows affected: 1
[2024-08-20T04:42:47.988+0000] {base.py:84} INFO - Retrieving connection 'books_connection'
[2024-08-20T04:42:47.998+0000] {sql.py:509} INFO - Running statement: 
    INSERT INTO books (title, authors, price, rating)
    VALUES (%s, %s, %s, %s)
    , parameters: ('Data Privacy: A runbook for engineers', 'Nishant Bhajaria', '32.', '4.8 out of 5 stars')
[2024-08-20T04:42:48.005+0000] {sql.py:518} INFO - Rows affected: 1
[2024-08-20T04:42:48.048+0000] {base.py:84} INFO - Retrieving connection 'books_connection'
[2024-08-20T04:42:48.057+0000] {sql.py:509} INFO - Running statement: 
    INSERT INTO books (title, authors, price, rating)
    VALUES (%s, %s, %s, %s)
    , parameters: ('Azure Data Engineer Associate Certification Guide: A hands-on reference guide to developing your data engineering skills and preparing for the DP-203 exam', 'Newton Alex', '54.', '3.9 out of 5 stars')
[2024-08-20T04:42:48.061+0000] {sql.py:518} INFO - Rows affected: 1
[2024-08-20T04:42:48.086+0000] {base.py:84} INFO - Retrieving connection 'books_connection'
[2024-08-20T04:42:48.093+0000] {sql.py:509} INFO - Running statement: 
    INSERT INTO books (title, authors, price, rating)
    VALUES (%s, %s, %s, %s)
    , parameters: ("SQL QuickStart Guide: The Simplified Beginner's Guide to Managing, Analyzing, and Manipulating Data With SQL (Coding & Programming - QuickStart Guides)", 'Paperback', '23.', '4.6 out of 5 stars')
[2024-08-20T04:42:48.095+0000] {sql.py:518} INFO - Rows affected: 1
[2024-08-20T04:42:48.109+0000] {base.py:84} INFO - Retrieving connection 'books_connection'
[2024-08-20T04:42:48.114+0000] {sql.py:509} INFO - Running statement: 
    INSERT INTO books (title, authors, price, rating)
    VALUES (%s, %s, %s, %s)
    , parameters: ('Concepts of Generative AI and Data Engineering: Vital Concepts in Data Engineering and the World of Generative AI', 'Kindle', '29.', '5.0 out of 5 stars')
[2024-08-20T04:42:48.116+0000] {sql.py:518} INFO - Rows affected: 1
[2024-08-20T04:42:48.130+0000] {base.py:84} INFO - Retrieving connection 'books_connection'
[2024-08-20T04:42:48.136+0000] {sql.py:509} INFO - Running statement: 
    INSERT INTO books (title, authors, price, rating)
    VALUES (%s, %s, %s, %s)
    , parameters: ('Electrical engineering without prior knowledge: Understand the basics within 7 days (Become an Engineer Without Prior Knowledge)', 'Paperback', '17.', '4.4 out of 5 stars')
[2024-08-20T04:42:48.139+0000] {sql.py:518} INFO - Rows affected: 1
[2024-08-20T04:42:48.157+0000] {base.py:84} INFO - Retrieving connection 'books_connection'
[2024-08-20T04:42:48.164+0000] {sql.py:509} INFO - Running statement: 
    INSERT INTO books (title, authors, price, rating)
    VALUES (%s, %s, %s, %s)
    , parameters: ('Data Analytics, Data Visualization & Communicating Data: 3 books in 1: Learn the Processes of Data Analytics and Data Science, Create Engaging Data Visualizations, and Present Data Effectively', 'Audible Audiobook', '0.', '4.5 out of 5 stars')
[2024-08-20T04:42:48.166+0000] {sql.py:518} INFO - Rows affected: 1
[2024-08-20T04:42:48.178+0000] {base.py:84} INFO - Retrieving connection 'books_connection'
[2024-08-20T04:42:48.184+0000] {sql.py:509} INFO - Running statement: 
    INSERT INTO books (title, authors, price, rating)
    VALUES (%s, %s, %s, %s)
    , parameters: ('Systems Engineering Demystified - Second Edition: Apply modern, model-based systems engineering techniques to build complex systems', 'Jon Holt', '45.', '4.7 out of 5 stars')
[2024-08-20T04:42:48.187+0000] {sql.py:518} INFO - Rows affected: 1
[2024-08-20T04:42:48.199+0000] {base.py:84} INFO - Retrieving connection 'books_connection'
[2024-08-20T04:42:48.204+0000] {sql.py:509} INFO - Running statement: 
    INSERT INTO books (title, authors, price, rating)
    VALUES (%s, %s, %s, %s)
    , parameters: ("Ultimate Data Engineering with Databricks: Develop Scalable Data Pipelines Using Data Engineering's Core Tenets Such as Delta Tables, Ingestion, ... Security, and Scalability (English Edition)", 'Mayank Malhotra', '37.', '3.8 out of 5 stars')
[2024-08-20T04:42:48.207+0000] {sql.py:518} INFO - Rows affected: 1
[2024-08-20T04:42:48.219+0000] {base.py:84} INFO - Retrieving connection 'books_connection'
[2024-08-20T04:42:48.224+0000] {sql.py:509} INFO - Running statement: 
    INSERT INTO books (title, authors, price, rating)
    VALUES (%s, %s, %s, %s)
    , parameters: ('Machine Learning Engineering with Python - Second Edition: Manage the lifecycle of machine learning models using MLOps with practical examples', 'Andrew McMahon', '32.', '4.7 out of 5 stars')
[2024-08-20T04:42:48.227+0000] {sql.py:518} INFO - Rows affected: 1
[2024-08-20T04:42:48.239+0000] {base.py:84} INFO - Retrieving connection 'books_connection'
[2024-08-20T04:42:48.244+0000] {sql.py:509} INFO - Running statement: 
    INSERT INTO books (title, authors, price, rating)
    VALUES (%s, %s, %s, %s)
    , parameters: ('Fundamentals of Data Engineering: Efficiency, Insight, Impact: Transforming Data into Value through Expert Engineering Practices', 'Joseph Achakji', '0.', '4.6 out of 5 stars')
[2024-08-20T04:42:48.246+0000] {sql.py:518} INFO - Rows affected: 1
[2024-08-20T04:42:48.258+0000] {base.py:84} INFO - Retrieving connection 'books_connection'
[2024-08-20T04:42:48.264+0000] {sql.py:509} INFO - Running statement: 
    INSERT INTO books (title, authors, price, rating)
    VALUES (%s, %s, %s, %s)
    , parameters: ('Database Internals: A Deep Dive into How Distributed Data Systems Work', 'Alex Petrov', '36.', '4.6 out of 5 stars')
[2024-08-20T04:42:48.267+0000] {sql.py:518} INFO - Rows affected: 1
[2024-08-20T04:42:48.279+0000] {base.py:84} INFO - Retrieving connection 'books_connection'
[2024-08-20T04:42:48.284+0000] {sql.py:509} INFO - Running statement: 
    INSERT INTO books (title, authors, price, rating)
    VALUES (%s, %s, %s, %s)
    , parameters: ('How Data Happened: A History from the Age of Reason to the Age of Algorithms', 'Chris Wiggins', '16.', '4.2 out of 5 stars')
[2024-08-20T04:42:48.286+0000] {sql.py:518} INFO - Rows affected: 1
[2024-08-20T04:42:48.297+0000] {base.py:84} INFO - Retrieving connection 'books_connection'
[2024-08-20T04:42:48.303+0000] {sql.py:509} INFO - Running statement: 
    INSERT INTO books (title, authors, price, rating)
    VALUES (%s, %s, %s, %s)
    , parameters: ("Applied Machine Learning and AI for Engineers: Solve Business Problems That Can't Be Solved Algorithmically", 'Jeff Prosise', '55.', '4.5 out of 5 stars')
[2024-08-20T04:42:48.304+0000] {sql.py:518} INFO - Rows affected: 1
[2024-08-20T04:42:48.318+0000] {base.py:84} INFO - Retrieving connection 'books_connection'
[2024-08-20T04:42:48.326+0000] {sql.py:509} INFO - Running statement: 
    INSERT INTO books (title, authors, price, rating)
    VALUES (%s, %s, %s, %s)
    , parameters: ('Data Science (The MIT Press Essential Knowledge series)', 'Paperback', '10.', '4.4 out of 5 stars')
[2024-08-20T04:42:48.329+0000] {sql.py:518} INFO - Rows affected: 1
[2024-08-20T04:42:48.340+0000] {base.py:84} INFO - Retrieving connection 'books_connection'
[2024-08-20T04:42:48.347+0000] {sql.py:509} INFO - Running statement: 
    INSERT INTO books (title, authors, price, rating)
    VALUES (%s, %s, %s, %s)
    , parameters: ('Mastering the Data Paradox: Key to Winning in the AI Age', 'Nitin Seth', '18.', '4.8 out of 5 stars')
[2024-08-20T04:42:48.350+0000] {sql.py:518} INFO - Rows affected: 1
[2024-08-20T04:42:48.363+0000] {base.py:84} INFO - Retrieving connection 'books_connection'
[2024-08-20T04:42:48.370+0000] {sql.py:509} INFO - Running statement: 
    INSERT INTO books (title, authors, price, rating)
    VALUES (%s, %s, %s, %s)
    , parameters: ('Fundamentals of Data Visualization: A Primer on Making Informative and Compelling Figures', 'Claus Wilke', '49.', '4.6 out of 5 stars')
[2024-08-20T04:42:48.372+0000] {sql.py:518} INFO - Rows affected: 1
[2024-08-20T04:42:48.385+0000] {base.py:84} INFO - Retrieving connection 'books_connection'
[2024-08-20T04:42:48.394+0000] {sql.py:509} INFO - Running statement: 
    INSERT INTO books (title, authors, price, rating)
    VALUES (%s, %s, %s, %s)
    , parameters: ('Better Data Visualizations: A Guide for Scholars, Researchers, and Wonks', 'Jonathan Schwabish', '26.', '4.5 out of 5 stars')
[2024-08-20T04:42:48.396+0000] {sql.py:518} INFO - Rows affected: 1
[2024-08-20T04:42:48.408+0000] {base.py:84} INFO - Retrieving connection 'books_connection'
[2024-08-20T04:42:48.415+0000] {sql.py:509} INFO - Running statement: 
    INSERT INTO books (title, authors, price, rating)
    VALUES (%s, %s, %s, %s)
    , parameters: ("System Design Interview – An insider's guide", 'Alex Xu', '37.', '4.6 out of 5 stars')
[2024-08-20T04:42:48.417+0000] {sql.py:518} INFO - Rows affected: 1
[2024-08-20T04:42:48.434+0000] {base.py:84} INFO - Retrieving connection 'books_connection'
[2024-08-20T04:42:48.440+0000] {sql.py:509} INFO - Running statement: 
    INSERT INTO books (title, authors, price, rating)
    VALUES (%s, %s, %s, %s)
    , parameters: ('A Common-Sense Guide to Data Structures and Algorithms, Second Edition: Level Up Your Core Programming Skills', 'Jay Wengrow', '39.', '4.7 out of 5 stars')
[2024-08-20T04:42:48.442+0000] {sql.py:518} INFO - Rows affected: 1
[2024-08-20T04:42:48.454+0000] {base.py:84} INFO - Retrieving connection 'books_connection'
[2024-08-20T04:42:48.462+0000] {sql.py:509} INFO - Running statement: 
    INSERT INTO books (title, authors, price, rating)
    VALUES (%s, %s, %s, %s)
    , parameters: ('Data Science on AWS: Implementing End-to-End, Continuous AI and Machine Learning Pipelines', 'Chris Fregly', '11.', '4.5 out of 5 stars')
[2024-08-20T04:42:48.466+0000] {sql.py:518} INFO - Rows affected: 1
[2024-08-20T04:42:48.478+0000] {base.py:84} INFO - Retrieving connection 'books_connection'
[2024-08-20T04:42:48.485+0000] {sql.py:509} INFO - Running statement: 
    INSERT INTO books (title, authors, price, rating)
    VALUES (%s, %s, %s, %s)
    , parameters: ('Feature Engineering for Machine Learning: Principles and Techniques for Data Scientists', 'Alice Zheng', '41.', '4.4 out of 5 stars')
[2024-08-20T04:42:48.489+0000] {sql.py:518} INFO - Rows affected: 1
[2024-08-20T04:42:48.510+0000] {base.py:84} INFO - Retrieving connection 'books_connection'
[2024-08-20T04:42:48.520+0000] {sql.py:509} INFO - Running statement: 
    INSERT INTO books (title, authors, price, rating)
    VALUES (%s, %s, %s, %s)
    , parameters: ('The Data Governance Guidebook and Playbook: By a Practitioner for Practitioners', 'Paperback', '25.', '4.3 out of 5 stars')
[2024-08-20T04:42:48.526+0000] {sql.py:518} INFO - Rows affected: 1
[2024-08-20T04:42:48.540+0000] {base.py:84} INFO - Retrieving connection 'books_connection'
[2024-08-20T04:42:48.551+0000] {sql.py:509} INFO - Running statement: 
    INSERT INTO books (title, authors, price, rating)
    VALUES (%s, %s, %s, %s)
    , parameters: ('Data Quality Engineering in Financial Services: Applying Manufacturing Techniques to Data', 'Brian Buzzelli', '30.', '4.4 out of 5 stars')
[2024-08-20T04:42:48.555+0000] {sql.py:518} INFO - Rows affected: 1
[2024-08-20T04:42:48.572+0000] {base.py:84} INFO - Retrieving connection 'books_connection'
[2024-08-20T04:42:48.582+0000] {sql.py:509} INFO - Running statement: 
    INSERT INTO books (title, authors, price, rating)
    VALUES (%s, %s, %s, %s)
    , parameters: ('AWS Certified Data Analytics Study Guide: Specialty (DAS-C01) Exam', 'Asif Abbasi', '31.', '4.6 out of 5 stars')
[2024-08-20T04:42:48.585+0000] {sql.py:518} INFO - Rows affected: 1
[2024-08-20T04:42:48.601+0000] {base.py:84} INFO - Retrieving connection 'books_connection'
[2024-08-20T04:42:48.606+0000] {sql.py:509} INFO - Running statement: 
    INSERT INTO books (title, authors, price, rating)
    VALUES (%s, %s, %s, %s)
    , parameters: ('SQL Data Analytics Made Easy: Your Step-by-Step Guide to Unlocking Data’s Hidden Secrets: Demystify complex concepts, and harness the power of data to drive intelligent decision-making effortlessly.', 'L.D. Knowings', '14.', '4.1 out of 5 stars')
[2024-08-20T04:42:48.610+0000] {sql.py:518} INFO - Rows affected: 1
[2024-08-20T04:42:48.622+0000] {base.py:84} INFO - Retrieving connection 'books_connection'
[2024-08-20T04:42:48.630+0000] {sql.py:509} INFO - Running statement: 
    INSERT INTO books (title, authors, price, rating)
    VALUES (%s, %s, %s, %s)
    , parameters: ('Engineers Survival Guide: Advice, tactics, and tricks After a decade of working at Facebook, Snapchat, and Microsoft', 'Merih Taze', '29.', '4.4 out of 5 stars')
[2024-08-20T04:42:48.633+0000] {sql.py:518} INFO - Rows affected: 1
[2024-08-20T04:42:48.645+0000] {base.py:84} INFO - Retrieving connection 'books_connection'
[2024-08-20T04:42:48.650+0000] {sql.py:509} INFO - Running statement: 
    INSERT INTO books (title, authors, price, rating)
    VALUES (%s, %s, %s, %s)
    , parameters: ('Data Science: The Hard Parts: Techniques for Excelling at Data Science', 'Daniel Vaughan', '48.', '5.0 out of 5 stars')
[2024-08-20T04:42:48.652+0000] {sql.py:518} INFO - Rows affected: 1
[2024-08-20T04:42:48.667+0000] {base.py:84} INFO - Retrieving connection 'books_connection'
[2024-08-20T04:42:48.672+0000] {sql.py:509} INFO - Running statement: 
    INSERT INTO books (title, authors, price, rating)
    VALUES (%s, %s, %s, %s)
    , parameters: ('Modeling and Simulation in Python: An Introduction for Scientists and Engineers', 'Allen B. Downey', '32.', '4.5 out of 5 stars')
[2024-08-20T04:42:48.678+0000] {sql.py:518} INFO - Rows affected: 1
[2024-08-20T04:42:48.694+0000] {base.py:84} INFO - Retrieving connection 'books_connection'
[2024-08-20T04:42:48.699+0000] {sql.py:509} INFO - Running statement: 
    INSERT INTO books (title, authors, price, rating)
    VALUES (%s, %s, %s, %s)
    , parameters: ('50 Algorithms Every Programmer Should Know - Second Edition: An unbeatable arsenal of algorithmic solutions for real-world problems', 'Imran Ahmad', '37.', '4.4 out of 5 stars')
[2024-08-20T04:42:48.702+0000] {sql.py:518} INFO - Rows affected: 1
[2024-08-20T04:42:48.717+0000] {base.py:84} INFO - Retrieving connection 'books_connection'
[2024-08-20T04:42:48.723+0000] {sql.py:509} INFO - Running statement: 
    INSERT INTO books (title, authors, price, rating)
    VALUES (%s, %s, %s, %s)
    , parameters: ('Architecting Data and Machine Learning Platforms: Enable Analytics and AI-Driven Innovation in the Cloud', 'Marco Tranquillin', '37.', '4.3 out of 5 stars')
[2024-08-20T04:42:48.728+0000] {sql.py:518} INFO - Rows affected: 1
[2024-08-20T04:42:48.743+0000] {base.py:84} INFO - Retrieving connection 'books_connection'
[2024-08-20T04:42:48.750+0000] {sql.py:509} INFO - Running statement: 
    INSERT INTO books (title, authors, price, rating)
    VALUES (%s, %s, %s, %s)
    , parameters: ('Data Management at Scale: Modern Data Architecture with Data Mesh and Data Fabric', 'Piethein Strengholt', '47.', '4.5 out of 5 stars')
[2024-08-20T04:42:48.752+0000] {sql.py:518} INFO - Rows affected: 1
[2024-08-20T04:42:48.766+0000] {base.py:84} INFO - Retrieving connection 'books_connection'
[2024-08-20T04:42:48.772+0000] {sql.py:509} INFO - Running statement: 
    INSERT INTO books (title, authors, price, rating)
    VALUES (%s, %s, %s, %s)
    , parameters: ('Data-Centric Machine Learning with Python: The ultimate guide to engineering and deploying high-quality models based on good data', 'Jonas Christensen', '49.', '4.6 out of 5 stars')
[2024-08-20T04:42:48.774+0000] {sql.py:518} INFO - Rows affected: 1
[2024-08-20T04:42:48.788+0000] {base.py:84} INFO - Retrieving connection 'books_connection'
[2024-08-20T04:42:48.798+0000] {sql.py:509} INFO - Running statement: 
    INSERT INTO books (title, authors, price, rating)
    VALUES (%s, %s, %s, %s)
    , parameters: ('The Art of Doing Science and Engineering: Learning to Learn', 'Richard W. Hamming', '19.', '4.6 out of 5 stars')
[2024-08-20T04:42:48.800+0000] {sql.py:518} INFO - Rows affected: 1
[2024-08-20T04:42:48.820+0000] {base.py:84} INFO - Retrieving connection 'books_connection'
[2024-08-20T04:42:48.828+0000] {sql.py:509} INFO - Running statement: 
    INSERT INTO books (title, authors, price, rating)
    VALUES (%s, %s, %s, %s)
    , parameters: ('Ultimate Azure Data Engineering: Build Robust Data Engineering Systems on Azure with SQL, ETL, Data Modeling, and Power BI for Business Insights and Crack Azure Certifications (English Edition)', 'Ashish Agarwal', '39.', '5.0 out of 5 stars')
[2024-08-20T04:42:48.830+0000] {sql.py:518} INFO - Rows affected: 1
[2024-08-20T04:42:48.842+0000] {base.py:84} INFO - Retrieving connection 'books_connection'
[2024-08-20T04:42:48.848+0000] {sql.py:509} INFO - Running statement: 
    INSERT INTO books (title, authors, price, rating)
    VALUES (%s, %s, %s, %s)
    , parameters: ('Hypothesis Testing: An Intuitive Guide for Making Data Driven Decisions', 'Jim Frost', '23.', '4.5 out of 5 stars')
[2024-08-20T04:42:48.850+0000] {sql.py:518} INFO - Rows affected: 1
[2024-08-20T04:42:48.865+0000] {base.py:84} INFO - Retrieving connection 'books_connection'
[2024-08-20T04:42:48.871+0000] {sql.py:509} INFO - Running statement: 
    INSERT INTO books (title, authors, price, rating)
    VALUES (%s, %s, %s, %s)
    , parameters: ('Building ETL Pipelines with Python: Create and deploy enterprise-ready ETL pipelines by employing modern methods', 'Brij Kishore Pandey', '17.', '4.2 out of 5 stars')
[2024-08-20T04:42:48.875+0000] {sql.py:518} INFO - Rows affected: 1
[2024-08-20T04:42:48.897+0000] {base.py:84} INFO - Retrieving connection 'books_connection'
[2024-08-20T04:42:48.904+0000] {sql.py:509} INFO - Running statement: 
    INSERT INTO books (title, authors, price, rating)
    VALUES (%s, %s, %s, %s)
    , parameters: ('Designing Cloud Data Platforms', 'Audible Audiobook', '0.', '4.7 out of 5 stars')
[2024-08-20T04:42:48.907+0000] {sql.py:518} INFO - Rows affected: 1
[2024-08-20T04:42:48.936+0000] {base.py:84} INFO - Retrieving connection 'books_connection'
[2024-08-20T04:42:48.943+0000] {sql.py:509} INFO - Running statement: 
    INSERT INTO books (title, authors, price, rating)
    VALUES (%s, %s, %s, %s)
    , parameters: ('Master in 30 Days: AWS Certified Data Engineer Associate Exam', 'Bryant Pollard II', '0.', '5.0 out of 5 stars')
[2024-08-20T04:42:48.947+0000] {sql.py:518} INFO - Rows affected: 1
[2024-08-20T04:42:48.970+0000] {base.py:84} INFO - Retrieving connection 'books_connection'
[2024-08-20T04:42:48.980+0000] {sql.py:509} INFO - Running statement: 
    INSERT INTO books (title, authors, price, rating)
    VALUES (%s, %s, %s, %s)
    , parameters: ('Understanding Cryptography: A Textbook for Students and Practitioners', 'Christof Paar', '29.', '4.6 out of 5 stars')
[2024-08-20T04:42:48.983+0000] {sql.py:518} INFO - Rows affected: 1
[2024-08-20T04:42:48.999+0000] {base.py:84} INFO - Retrieving connection 'books_connection'
[2024-08-20T04:42:49.007+0000] {sql.py:509} INFO - Running statement: 
    INSERT INTO books (title, authors, price, rating)
    VALUES (%s, %s, %s, %s)
    , parameters: ('Observability Engineering: Achieving Production Excellence', 'Charity Majors', '34.', '4.3 out of 5 stars')
[2024-08-20T04:42:49.017+0000] {sql.py:518} INFO - Rows affected: 1
[2024-08-20T04:42:49.032+0000] {base.py:84} INFO - Retrieving connection 'books_connection'
[2024-08-20T04:42:49.039+0000] {sql.py:509} INFO - Running statement: 
    INSERT INTO books (title, authors, price, rating)
    VALUES (%s, %s, %s, %s)
    , parameters: ('Practical Fraud Prevention: Fraud and AML Analytics for Fintech and eCommerce, Using SQL and Python', 'Gilit Saporta', '47.', '4.4 out of 5 stars')
[2024-08-20T04:42:49.046+0000] {sql.py:518} INFO - Rows affected: 1
[2024-08-20T04:42:49.069+0000] {base.py:84} INFO - Retrieving connection 'books_connection'
[2024-08-20T04:42:49.087+0000] {sql.py:509} INFO - Running statement: 
    INSERT INTO books (title, authors, price, rating)
    VALUES (%s, %s, %s, %s)
    , parameters: ('Data Structures and Algorithms: 100 Interview Questions (Advanced Topics in Programming Book 2)', 'Kindle', '9.', '5.0 out of 5 stars')
[2024-08-20T04:42:49.095+0000] {sql.py:518} INFO - Rows affected: 1
[2024-08-20T04:42:49.123+0000] {base.py:84} INFO - Retrieving connection 'books_connection'
[2024-08-20T04:42:49.139+0000] {sql.py:509} INFO - Running statement: 
    INSERT INTO books (title, authors, price, rating)
    VALUES (%s, %s, %s, %s)
    , parameters: ('Practical Reverse Engineering: x86, x64, ARM, Windows Kernel, Reversing Tools, and Obfuscation', 'Bruce Dang', '34.', '4.6 out of 5 stars')
[2024-08-20T04:42:49.146+0000] {sql.py:518} INFO - Rows affected: 1
[2024-08-20T04:42:49.175+0000] {base.py:84} INFO - Retrieving connection 'books_connection'
[2024-08-20T04:42:49.181+0000] {sql.py:509} INFO - Running statement: 
    INSERT INTO books (title, authors, price, rating)
    VALUES (%s, %s, %s, %s)
    , parameters: ('Mastering Databricks Lakehouse Platform: Perform Data Warehousing, Data Engineering, Machine Learning, DevOps, and BI into a Single Platform (English Edition)', 'Sagar Lad', '26.', '3.6 out of 5 stars')
[2024-08-20T04:42:49.185+0000] {sql.py:518} INFO - Rows affected: 1
[2024-08-20T04:42:49.221+0000] {base.py:84} INFO - Retrieving connection 'books_connection'
[2024-08-20T04:42:49.244+0000] {sql.py:509} INFO - Running statement: 
    INSERT INTO books (title, authors, price, rating)
    VALUES (%s, %s, %s, %s)
    , parameters: ("Storytelling with Data: Let's Practice!", 'Cole Nussbaumer Knaflic', '28.', '4.7 out of 5 stars')
[2024-08-20T04:42:49.246+0000] {sql.py:518} INFO - Rows affected: 1
[2024-08-20T04:42:49.300+0000] {base.py:84} INFO - Retrieving connection 'books_connection'
[2024-08-20T04:42:49.306+0000] {sql.py:509} INFO - Running statement: 
    INSERT INTO books (title, authors, price, rating)
    VALUES (%s, %s, %s, %s)
    , parameters: ("The Baofeng Radio Guerrilla's Bible 16 Books in 1: The Guerrilla's Comprehensive Manual: Mastering Your Baofeng Radio for Every Situation - Essential Tactics for Emergencies,Disasters,Covert Oper...", 'Paperback', '34.', '4.5 out of 5 stars')
[2024-08-20T04:42:49.319+0000] {sql.py:518} INFO - Rows affected: 1
[2024-08-20T04:42:49.350+0000] {base.py:84} INFO - Retrieving connection 'books_connection'
[2024-08-20T04:42:49.363+0000] {sql.py:509} INFO - Running statement: 
    INSERT INTO books (title, authors, price, rating)
    VALUES (%s, %s, %s, %s)
    , parameters: ('Learning Tableau 2022 - Fifth Edition: Create effective data visualizations, build interactive visual analytics, and improve your data storytelling capabilities', 'Joshua N Milligan', '57.', '4.5 out of 5 stars')
[2024-08-20T04:42:49.365+0000] {sql.py:518} INFO - Rows affected: 1
[2024-08-20T04:42:49.407+0000] {base.py:84} INFO - Retrieving connection 'books_connection'
[2024-08-20T04:42:49.421+0000] {sql.py:509} INFO - Running statement: 
    INSERT INTO books (title, authors, price, rating)
    VALUES (%s, %s, %s, %s)
    , parameters: ('The Data Model Resource Book, Vol. 1: A Library of Universal Data Models for All Enterprises', 'Len Silverston', '63.', '4.3 out of 5 stars')
[2024-08-20T04:42:49.434+0000] {sql.py:518} INFO - Rows affected: 1
[2024-08-20T04:42:49.457+0000] {base.py:84} INFO - Retrieving connection 'books_connection'
[2024-08-20T04:42:49.477+0000] {sql.py:509} INFO - Running statement: 
    INSERT INTO books (title, authors, price, rating)
    VALUES (%s, %s, %s, %s)
    , parameters: ('Data Grab: The New Colonialism of Big Tech and How to Fight Back', 'Ulises A. Mejias', '21.', '5.0 out of 5 stars')
[2024-08-20T04:42:49.488+0000] {sql.py:518} INFO - Rows affected: 1
[2024-08-20T04:42:49.513+0000] {base.py:84} INFO - Retrieving connection 'books_connection'
[2024-08-20T04:42:49.519+0000] {sql.py:509} INFO - Running statement: 
    INSERT INTO books (title, authors, price, rating)
    VALUES (%s, %s, %s, %s)
    , parameters: ('The Data Model Resource Book, Vol. 2: A Library of Data Models for Specific Industries', 'Len Silverston', '68.', '4.1 out of 5 stars')
[2024-08-20T04:42:49.522+0000] {sql.py:518} INFO - Rows affected: 1
[2024-08-20T04:42:49.553+0000] {base.py:84} INFO - Retrieving connection 'books_connection'
[2024-08-20T04:42:49.579+0000] {sql.py:509} INFO - Running statement: 
    INSERT INTO books (title, authors, price, rating)
    VALUES (%s, %s, %s, %s)
    , parameters: ('Simplifying Data Engineering and Analytics with Delta: Create analytics-ready data that fuels artificial intelligence and business intelligence', 'Anindita Mahapatra', '28.', '4.3 out of 5 stars')
[2024-08-20T04:42:49.586+0000] {sql.py:518} INFO - Rows affected: 1
[2024-08-20T04:42:49.608+0000] {base.py:84} INFO - Retrieving connection 'books_connection'
[2024-08-20T04:42:49.621+0000] {sql.py:509} INFO - Running statement: 
    INSERT INTO books (title, authors, price, rating)
    VALUES (%s, %s, %s, %s)
    , parameters: ('Data Juice: 101 Stories of How Organizations Are Squeezing Value from Available Data Assets', 'Douglas B. Laney', '27.', '4.1 out of 5 stars')
[2024-08-20T04:42:49.627+0000] {sql.py:518} INFO - Rows affected: 1
[2024-08-20T04:42:49.641+0000] {base.py:84} INFO - Retrieving connection 'books_connection'
[2024-08-20T04:42:49.648+0000] {sql.py:509} INFO - Running statement: 
    INSERT INTO books (title, authors, price, rating)
    VALUES (%s, %s, %s, %s)
    , parameters: ('The Definitive Guide to Azure Data Engineering: Modern ELT, DevOps, and Analytics on the Azure Cloud Platform', "Ron C. L'Esteve", '36.', '3.8 out of 5 stars')
[2024-08-20T04:42:49.650+0000] {sql.py:518} INFO - Rows affected: 1
[2024-08-20T04:42:49.666+0000] {base.py:84} INFO - Retrieving connection 'books_connection'
[2024-08-20T04:42:49.677+0000] {sql.py:509} INFO - Running statement: 
    INSERT INTO books (title, authors, price, rating)
    VALUES (%s, %s, %s, %s)
    , parameters: ('Practical Data Quality: Learn practical, real-world strategies to transform the quality of data in your organization', 'Robert Hawker', '17.', '4.8 out of 5 stars')
[2024-08-20T04:42:49.680+0000] {sql.py:518} INFO - Rows affected: 1
[2024-08-20T04:42:49.687+0000] {python.py:240} INFO - Done. Returned value was: None
[2024-08-20T04:42:49.714+0000] {taskinstance.py:340} INFO - ::group::Post task execution logs
[2024-08-20T04:42:49.715+0000] {taskinstance.py:352} INFO - Marking task as SUCCESS. dag_id=fetch_and_store_DE_books, task_id=insert_book_data, run_id=scheduled__2024-07-01T00:00:00+00:00, execution_date=20240701T000000, start_date=20240820T044246, end_date=20240820T044249
[2024-08-20T04:42:49.737+0000] {logging_mixin.py:190} INFO - Task instance in success state
[2024-08-20T04:42:49.738+0000] {logging_mixin.py:190} INFO -  Previous state of the Task instance: running
[2024-08-20T04:42:49.740+0000] {logging_mixin.py:190} INFO - Dag name:fetch_and_store_DE_books queued_at:2024-08-20 04:41:45.049268+00:00
[2024-08-20T04:42:49.741+0000] {logging_mixin.py:190} INFO - Task hostname:668944ed7238 operator:PythonOperator
[2024-08-20T04:42:49.764+0000] {local_task_job_runner.py:261} INFO - Task exited with return code 0
[2024-08-20T04:42:49.797+0000] {taskinstance.py:3891} INFO - 0 downstream tasks scheduled from follow-on schedule check
[2024-08-20T04:42:49.800+0000] {local_task_job_runner.py:240} INFO - ::endgroup::
