[2024-08-20T04:44:12.187+0000] {local_task_job_runner.py:123} INFO - ::group::Pre task execution logs
[2024-08-20T04:44:12.205+0000] {taskinstance.py:2603} INFO - Dependencies all met for dep_context=non-requeueable deps ti=<TaskInstance: fetch_and_store_DE_books.insert_book_data scheduled__2024-07-16T00:00:00+00:00 [queued]>
[2024-08-20T04:44:12.214+0000] {taskinstance.py:2603} INFO - Dependencies all met for dep_context=requeueable deps ti=<TaskInstance: fetch_and_store_DE_books.insert_book_data scheduled__2024-07-16T00:00:00+00:00 [queued]>
[2024-08-20T04:44:12.215+0000] {taskinstance.py:2856} INFO - Starting attempt 1 of 2
[2024-08-20T04:44:12.230+0000] {taskinstance.py:2879} INFO - Executing <Task(PythonOperator): insert_book_data> on 2024-07-16 00:00:00+00:00
[2024-08-20T04:44:12.239+0000] {warnings.py:112} WARNING - /home/***/.local/lib/python3.12/site-packages/***/task/task_runner/standard_task_runner.py:70: DeprecationWarning: This process (pid=925) is multi-threaded, use of fork() may lead to deadlocks in the child.
  pid = os.fork()

[2024-08-20T04:44:12.241+0000] {standard_task_runner.py:72} INFO - Started process 931 to run task
[2024-08-20T04:44:12.242+0000] {standard_task_runner.py:104} INFO - Running: ['***', 'tasks', 'run', 'fetch_and_store_DE_books', 'insert_book_data', 'scheduled__2024-07-16T00:00:00+00:00', '--job-id', '50', '--raw', '--subdir', 'DAGS_FOLDER/app.py', '--cfg-path', '/tmp/tmp854kp1ql']
[2024-08-20T04:44:12.244+0000] {standard_task_runner.py:105} INFO - Job 50: Subtask insert_book_data
[2024-08-20T04:44:12.310+0000] {task_command.py:467} INFO - Running <TaskInstance: fetch_and_store_DE_books.insert_book_data scheduled__2024-07-16T00:00:00+00:00 [running]> on host 668944ed7238
[2024-08-20T04:44:12.427+0000] {taskinstance.py:3122} INFO - Exporting env vars: AIRFLOW_CTX_DAG_OWNER='***' AIRFLOW_CTX_DAG_ID='fetch_and_store_DE_books' AIRFLOW_CTX_TASK_ID='insert_book_data' AIRFLOW_CTX_EXECUTION_DATE='2024-07-16T00:00:00+00:00' AIRFLOW_CTX_TRY_NUMBER='1' AIRFLOW_CTX_DAG_RUN_ID='scheduled__2024-07-16T00:00:00+00:00'
[2024-08-20T04:44:12.429+0000] {logging_mixin.py:190} INFO - Task instance is in running state
[2024-08-20T04:44:12.429+0000] {logging_mixin.py:190} INFO -  Previous state of the Task instance: queued
[2024-08-20T04:44:12.430+0000] {logging_mixin.py:190} INFO - Current task name:insert_book_data state:running start_date:2024-08-20 04:44:12.206411+00:00
[2024-08-20T04:44:12.430+0000] {logging_mixin.py:190} INFO - Dag name:fetch_and_store_DE_books and current dag run status:running
[2024-08-20T04:44:12.431+0000] {taskinstance.py:731} INFO - ::endgroup::
[2024-08-20T04:44:12.454+0000] {base.py:84} INFO - Retrieving connection 'books_connection'
[2024-08-20T04:44:12.458+0000] {sql.py:509} INFO - Running statement: 
    INSERT INTO books (title, authors, price, rating)
    VALUES (%s, %s, %s, %s)
    , parameters: ('Ace the Data Engineering Interview: Questions and Answers for Python, SQL, Data Modeling and More', 'Sean Coyne', '24.', '4.1 out of 5 stars')
[2024-08-20T04:44:12.459+0000] {sql.py:518} INFO - Rows affected: 1
[2024-08-20T04:44:12.468+0000] {base.py:84} INFO - Retrieving connection 'books_connection'
[2024-08-20T04:44:12.473+0000] {sql.py:509} INFO - Running statement: 
    INSERT INTO books (title, authors, price, rating)
    VALUES (%s, %s, %s, %s)
    , parameters: ('Data Engineering with AWS - Second Edition: Acquire the skills to design and build AWS-based data transformation pipelines like a pro', 'Gareth Eagar', '41.', '4.4 out of 5 stars')
[2024-08-20T04:44:12.474+0000] {sql.py:518} INFO - Rows affected: 1
[2024-08-20T04:44:12.483+0000] {base.py:84} INFO - Retrieving connection 'books_connection'
[2024-08-20T04:44:12.488+0000] {sql.py:509} INFO - Running statement: 
    INSERT INTO books (title, authors, price, rating)
    VALUES (%s, %s, %s, %s)
    , parameters: ('Azure Data Engineer Associate Certification Guide: Ace the DP-203 exam with advanced data engineering skills', 'Giacinto Palmieri', '39.', '4.5 out of 5 stars')
[2024-08-20T04:44:12.489+0000] {sql.py:518} INFO - Rows affected: 1
[2024-08-20T04:44:12.498+0000] {base.py:84} INFO - Retrieving connection 'books_connection'
[2024-08-20T04:44:12.502+0000] {sql.py:509} INFO - Running statement: 
    INSERT INTO books (title, authors, price, rating)
    VALUES (%s, %s, %s, %s)
    , parameters: ('Data Engineering 101', 'Paperback', '22.', '5.0 out of 5 stars')
[2024-08-20T04:44:12.504+0000] {sql.py:518} INFO - Rows affected: 1
[2024-08-20T04:44:12.513+0000] {base.py:84} INFO - Retrieving connection 'books_connection'
[2024-08-20T04:44:12.518+0000] {sql.py:509} INFO - Running statement: 
    INSERT INTO books (title, authors, price, rating)
    VALUES (%s, %s, %s, %s)
    , parameters: ('Fundamentals of Data Engineering: Plan and Build Robust Data Systems', 'Joe Reis', '38.', '4.7 out of 5 stars')
[2024-08-20T04:44:12.519+0000] {sql.py:518} INFO - Rows affected: 1
[2024-08-20T04:44:12.528+0000] {base.py:84} INFO - Retrieving connection 'books_connection'
[2024-08-20T04:44:12.533+0000] {sql.py:509} INFO - Running statement: 
    INSERT INTO books (title, authors, price, rating)
    VALUES (%s, %s, %s, %s)
    , parameters: ('Data Pipelines Pocket Reference: Moving and Processing Data for Analytics', 'James Densmore', '17.', '4.5 out of 5 stars')
[2024-08-20T04:44:12.535+0000] {sql.py:518} INFO - Rows affected: 1
[2024-08-20T04:44:12.544+0000] {base.py:84} INFO - Retrieving connection 'books_connection'
[2024-08-20T04:44:12.548+0000] {sql.py:509} INFO - Running statement: 
    INSERT INTO books (title, authors, price, rating)
    VALUES (%s, %s, %s, %s)
    , parameters: ('Designing Data-Intensive Applications: The Big Ideas Behind Reliable, Scalable, and Maintainable Systems', 'Martin Kleppmann', '35.', '4.8 out of 5 stars')
[2024-08-20T04:44:12.550+0000] {sql.py:518} INFO - Rows affected: 1
[2024-08-20T04:44:12.559+0000] {base.py:84} INFO - Retrieving connection 'books_connection'
[2024-08-20T04:44:12.563+0000] {sql.py:509} INFO - Running statement: 
    INSERT INTO books (title, authors, price, rating)
    VALUES (%s, %s, %s, %s)
    , parameters: ('Data Engineering with Python: Work with massive datasets to design data models and automate data pipelines using Python', 'Paul Crickard', '37.', '4.1 out of 5 stars')
[2024-08-20T04:44:12.564+0000] {sql.py:518} INFO - Rows affected: 1
[2024-08-20T04:44:12.573+0000] {base.py:84} INFO - Retrieving connection 'books_connection'
[2024-08-20T04:44:12.576+0000] {sql.py:509} INFO - Running statement: 
    INSERT INTO books (title, authors, price, rating)
    VALUES (%s, %s, %s, %s)
    , parameters: ('Data Engineering with Python cookbook: Learn to build efficient data pipelines using the Modern Cloud Data Stack', 'Adithyan Ramanujakootam', '29.', '5.0 out of 5 stars')
[2024-08-20T04:44:12.578+0000] {sql.py:518} INFO - Rows affected: 1
[2024-08-20T04:44:12.587+0000] {base.py:84} INFO - Retrieving connection 'books_connection'
[2024-08-20T04:44:12.591+0000] {sql.py:509} INFO - Running statement: 
    INSERT INTO books (title, authors, price, rating)
    VALUES (%s, %s, %s, %s)
    , parameters: ('Cracking the Data Engineering Interview: Land your dream job with the help of resume-building tips, over 100 mock questions, and a unique portfolio', 'Kedeisha Bryan', '26.', '4.4 out of 5 stars')
[2024-08-20T04:44:12.592+0000] {sql.py:518} INFO - Rows affected: 1
[2024-08-20T04:44:12.601+0000] {base.py:84} INFO - Retrieving connection 'books_connection'
[2024-08-20T04:44:12.605+0000] {sql.py:509} INFO - Running statement: 
    INSERT INTO books (title, authors, price, rating)
    VALUES (%s, %s, %s, %s)
    , parameters: ('Data Engineering with AWS: Learn how to design and build cloud-based data transformation pipelines using AWS', 'Gareth Eagar', '49.', '4.4 out of 5 stars')
[2024-08-20T04:44:12.607+0000] {sql.py:518} INFO - Rows affected: 1
[2024-08-20T04:44:12.616+0000] {base.py:84} INFO - Retrieving connection 'books_connection'
[2024-08-20T04:44:12.620+0000] {sql.py:509} INFO - Running statement: 
    INSERT INTO books (title, authors, price, rating)
    VALUES (%s, %s, %s, %s)
    , parameters: ('Software Engineering for Data Scientists: From Notebooks to Scalable Systems', 'Catherine Nelson', '52.', '4.5 out of 5 stars')
[2024-08-20T04:44:12.622+0000] {sql.py:518} INFO - Rows affected: 1
[2024-08-20T04:44:12.631+0000] {base.py:84} INFO - Retrieving connection 'books_connection'
[2024-08-20T04:44:12.634+0000] {sql.py:509} INFO - Running statement: 
    INSERT INTO books (title, authors, price, rating)
    VALUES (%s, %s, %s, %s)
    , parameters: ('Data Engineering with Google Cloud Platform: A guide to leveling up as a data engineer by building a scalable data platform with Google Cloud', 'Adi Wijaya', '41.', '5.0 out of 5 stars')
[2024-08-20T04:44:12.636+0000] {sql.py:518} INFO - Rows affected: 1
[2024-08-20T04:44:12.644+0000] {base.py:84} INFO - Retrieving connection 'books_connection'
[2024-08-20T04:44:12.648+0000] {sql.py:509} INFO - Running statement: 
    INSERT INTO books (title, authors, price, rating)
    VALUES (%s, %s, %s, %s)
    , parameters: ('Driving Data Quality with Data Contracts: A comprehensive guide to building reliable, trusted, and effective data platforms', 'Andrew Jones', '28.', '4.6 out of 5 stars')
[2024-08-20T04:44:12.650+0000] {sql.py:518} INFO - Rows affected: 1
[2024-08-20T04:44:12.657+0000] {base.py:84} INFO - Retrieving connection 'books_connection'
[2024-08-20T04:44:12.661+0000] {sql.py:509} INFO - Running statement: 
    INSERT INTO books (title, authors, price, rating)
    VALUES (%s, %s, %s, %s)
    , parameters: ('Mastering Large Datasets with Python: Parallelize and Distribute Your Python Code', 'John T. Wolohan', '49.', '3.9 out of 5 stars')
[2024-08-20T04:44:12.663+0000] {sql.py:518} INFO - Rows affected: 1
[2024-08-20T04:44:12.671+0000] {base.py:84} INFO - Retrieving connection 'books_connection'
[2024-08-20T04:44:12.675+0000] {sql.py:509} INFO - Running statement: 
    INSERT INTO books (title, authors, price, rating)
    VALUES (%s, %s, %s, %s)
    , parameters: ('Data Analysis with Python and PySpark', 'Jonathan Rioux', '55.', '4.4 out of 5 stars')
[2024-08-20T04:44:12.677+0000] {sql.py:518} INFO - Rows affected: 1
[2024-08-20T04:44:12.685+0000] {base.py:84} INFO - Retrieving connection 'books_connection'
[2024-08-20T04:44:12.689+0000] {sql.py:509} INFO - Running statement: 
    INSERT INTO books (title, authors, price, rating)
    VALUES (%s, %s, %s, %s)
    , parameters: ('Data Engineering with Databricks Cookbook: Build effective data and AI solutions using Apache Spark, Databricks, and Delta Lake', 'Pulkit Chadha', '42.', '4.2 out of 5 stars')
[2024-08-20T04:44:12.690+0000] {sql.py:518} INFO - Rows affected: 1
[2024-08-20T04:44:12.698+0000] {base.py:84} INFO - Retrieving connection 'books_connection'
[2024-08-20T04:44:12.701+0000] {sql.py:509} INFO - Running statement: 
    INSERT INTO books (title, authors, price, rating)
    VALUES (%s, %s, %s, %s)
    , parameters: ('Data Engineering with dbt: A practical guide to building a cloud-based, pragmatic, and dependable data platform with SQL', 'Roberto Zagni', '37.', '4.6 out of 5 stars')
[2024-08-20T04:44:12.703+0000] {sql.py:518} INFO - Rows affected: 1
[2024-08-20T04:44:12.711+0000] {base.py:84} INFO - Retrieving connection 'books_connection'
[2024-08-20T04:44:12.715+0000] {sql.py:509} INFO - Running statement: 
    INSERT INTO books (title, authors, price, rating)
    VALUES (%s, %s, %s, %s)
    , parameters: ('Data-Driven Science and Engineering: Machine Learning, Dynamical Systems, and Control', 'Steven L. Brunton', '64.', '4.7 out of 5 stars')
[2024-08-20T04:44:12.716+0000] {sql.py:518} INFO - Rows affected: 1
[2024-08-20T04:44:12.725+0000] {base.py:84} INFO - Retrieving connection 'books_connection'
[2024-08-20T04:44:12.729+0000] {sql.py:509} INFO - Running statement: 
    INSERT INTO books (title, authors, price, rating)
    VALUES (%s, %s, %s, %s)
    , parameters: ('Data Privacy: A runbook for engineers', 'Nishant Bhajaria', '32.', '4.8 out of 5 stars')
[2024-08-20T04:44:12.730+0000] {sql.py:518} INFO - Rows affected: 1
[2024-08-20T04:44:12.740+0000] {base.py:84} INFO - Retrieving connection 'books_connection'
[2024-08-20T04:44:12.744+0000] {sql.py:509} INFO - Running statement: 
    INSERT INTO books (title, authors, price, rating)
    VALUES (%s, %s, %s, %s)
    , parameters: ("Data: Principles To Practice - Volume 1 'Foundations': Essential Foundations: Key Concepts behind Data Architecture, Engineering and Analysis for Professionals", 'Mr Alex Holloway', '11.', '4.7 out of 5 stars')
[2024-08-20T04:44:12.746+0000] {sql.py:518} INFO - Rows affected: 1
[2024-08-20T04:44:12.755+0000] {base.py:84} INFO - Retrieving connection 'books_connection'
[2024-08-20T04:44:12.759+0000] {sql.py:509} INFO - Running statement: 
    INSERT INTO books (title, authors, price, rating)
    VALUES (%s, %s, %s, %s)
    , parameters: ('Python Data Engineering Resources: Boost Your Career With This Python Handbook; Prepare For Python Interview; Python Programming Cookbook For Beginners and Experienced; Python Data Analysis and More', 'Vajo Lukic', '9.', '4.8 out of 5 stars')
[2024-08-20T04:44:12.760+0000] {sql.py:518} INFO - Rows affected: 1
[2024-08-20T04:44:12.769+0000] {base.py:84} INFO - Retrieving connection 'books_connection'
[2024-08-20T04:44:12.773+0000] {sql.py:509} INFO - Running statement: 
    INSERT INTO books (title, authors, price, rating)
    VALUES (%s, %s, %s, %s)
    , parameters: ('Data Engineering Fundamentals for Beginners: Mastering the Art of Building, Managing, and Scaling Data Systems', 'Paperback', '14.', '5.0 out of 5 stars')
[2024-08-20T04:44:12.775+0000] {sql.py:518} INFO - Rows affected: 1
[2024-08-20T04:44:12.784+0000] {base.py:84} INFO - Retrieving connection 'books_connection'
[2024-08-20T04:44:12.788+0000] {sql.py:509} INFO - Running statement: 
    INSERT INTO books (title, authors, price, rating)
    VALUES (%s, %s, %s, %s)
    , parameters: ('DATA ENGINEERING AND AI FOR BEGINNERS: Revolutionizing Data Processing and Analytics by Leveraging Artificial Intelligence for Efficient Input Collection, Storage, and Transformation (World of AI)', 'Paperback', '13.', '4.4 out of 5 stars')
[2024-08-20T04:44:12.790+0000] {sql.py:518} INFO - Rows affected: 1
[2024-08-20T04:44:12.798+0000] {base.py:84} INFO - Retrieving connection 'books_connection'
[2024-08-20T04:44:12.801+0000] {sql.py:509} INFO - Running statement: 
    INSERT INTO books (title, authors, price, rating)
    VALUES (%s, %s, %s, %s)
    , parameters: ('Data Mesh: Delivering Data-Driven Value at Scale', 'Zhamak Dehghani', '43.', '4.5 out of 5 stars')
[2024-08-20T04:44:12.803+0000] {sql.py:518} INFO - Rows affected: 1
[2024-08-20T04:44:12.811+0000] {base.py:84} INFO - Retrieving connection 'books_connection'
[2024-08-20T04:44:12.815+0000] {sql.py:509} INFO - Running statement: 
    INSERT INTO books (title, authors, price, rating)
    VALUES (%s, %s, %s, %s)
    , parameters: ('Data Engineering with Apache Spark, Delta Lake, and Lakehouse: Create scalable pipelines that ingest, curate, and aggregate complex data in a timely and secure way', 'Manoj Kukreja', '29.', '3.9 out of 5 stars')
[2024-08-20T04:44:12.817+0000] {sql.py:518} INFO - Rows affected: 1
[2024-08-20T04:44:12.825+0000] {base.py:84} INFO - Retrieving connection 'books_connection'
[2024-08-20T04:44:12.829+0000] {sql.py:509} INFO - Running statement: 
    INSERT INTO books (title, authors, price, rating)
    VALUES (%s, %s, %s, %s)
    , parameters: ('Machine Learning Engineering', 'Andriy Burkov', '39.', '4.7 out of 5 stars')
[2024-08-20T04:44:12.830+0000] {sql.py:518} INFO - Rows affected: 1
[2024-08-20T04:44:12.839+0000] {base.py:84} INFO - Retrieving connection 'books_connection'
[2024-08-20T04:44:12.843+0000] {sql.py:509} INFO - Running statement: 
    INSERT INTO books (title, authors, price, rating)
    VALUES (%s, %s, %s, %s)
    , parameters: ('The Enterprise Data Catalog: Improve Data Discovery, Ensure Data Governance, and Enable Innovation', 'Ole Olesen-Bagneux', '31.', '4.5 out of 5 stars')
[2024-08-20T04:44:12.845+0000] {sql.py:518} INFO - Rows affected: 1
[2024-08-20T04:44:12.854+0000] {base.py:84} INFO - Retrieving connection 'books_connection'
[2024-08-20T04:44:12.858+0000] {sql.py:509} INFO - Running statement: 
    INSERT INTO books (title, authors, price, rating)
    VALUES (%s, %s, %s, %s)
    , parameters: ('Data Engineering with Databricks', 'Paperback', '25.', '3.4 out of 5 stars')
[2024-08-20T04:44:12.860+0000] {sql.py:518} INFO - Rows affected: 1
[2024-08-20T04:44:12.870+0000] {base.py:84} INFO - Retrieving connection 'books_connection'
[2024-08-20T04:44:12.873+0000] {sql.py:509} INFO - Running statement: 
    INSERT INTO books (title, authors, price, rating)
    VALUES (%s, %s, %s, %s)
    , parameters: ('Ace the Data Science Interview: 201 Real Interview Questions Asked By FAANG, Tech Startups, & Wall Street', 'Nick Singh', '42.', '4.5 out of 5 stars')
[2024-08-20T04:44:12.875+0000] {sql.py:518} INFO - Rows affected: 1
[2024-08-20T04:44:12.884+0000] {base.py:84} INFO - Retrieving connection 'books_connection'
[2024-08-20T04:44:12.887+0000] {sql.py:509} INFO - Running statement: 
    INSERT INTO books (title, authors, price, rating)
    VALUES (%s, %s, %s, %s)
    , parameters: ('Modern Data Engineering with Apache Spark: A Hands-On Guide for Building Mission-Critical Streaming Applications', 'Scott Haines', '30.', '4.1 out of 5 stars')
[2024-08-20T04:44:12.889+0000] {sql.py:518} INFO - Rows affected: 1
[2024-08-20T04:44:12.899+0000] {base.py:84} INFO - Retrieving connection 'books_connection'
[2024-08-20T04:44:12.902+0000] {sql.py:509} INFO - Running statement: 
    INSERT INTO books (title, authors, price, rating)
    VALUES (%s, %s, %s, %s)
    , parameters: ('Data Modeling with Snowflake: A practical guide to accelerating Snowflake development using universal data modeling techniques', 'Serge Gershkovich', '36.', '4.8 out of 5 stars')
[2024-08-20T04:44:12.904+0000] {sql.py:518} INFO - Rows affected: 1
[2024-08-20T04:44:12.912+0000] {base.py:84} INFO - Retrieving connection 'books_connection'
[2024-08-20T04:44:12.916+0000] {sql.py:509} INFO - Running statement: 
    INSERT INTO books (title, authors, price, rating)
    VALUES (%s, %s, %s, %s)
    , parameters: ('Storytelling with Data: A Data Visualization Guide for Business Professionals', 'Cole Nussbaumer Knaflic', '27.', '4.6 out of 5 stars')
[2024-08-20T04:44:12.918+0000] {sql.py:518} INFO - Rows affected: 1
[2024-08-20T04:44:12.927+0000] {base.py:84} INFO - Retrieving connection 'books_connection'
[2024-08-20T04:44:12.931+0000] {sql.py:509} INFO - Running statement: 
    INSERT INTO books (title, authors, price, rating)
    VALUES (%s, %s, %s, %s)
    , parameters: ('97 Things Every Data Engineer Should Know: Collective Wisdom from the Experts', 'Audible Audiobook', '0.', '4.1 out of 5 stars')
[2024-08-20T04:44:12.933+0000] {sql.py:518} INFO - Rows affected: 1
[2024-08-20T04:44:12.942+0000] {base.py:84} INFO - Retrieving connection 'books_connection'
[2024-08-20T04:44:12.946+0000] {sql.py:509} INFO - Running statement: 
    INSERT INTO books (title, authors, price, rating)
    VALUES (%s, %s, %s, %s)
    , parameters: ("Data Quality Fundamentals: A Practitioner's Guide to Building Trustworthy Data Pipelines", 'Paperback', '45.', '4.1 out of 5 stars')
[2024-08-20T04:44:12.948+0000] {sql.py:518} INFO - Rows affected: 1
[2024-08-20T04:44:12.957+0000] {base.py:84} INFO - Retrieving connection 'books_connection'
[2024-08-20T04:44:12.960+0000] {sql.py:509} INFO - Running statement: 
    INSERT INTO books (title, authors, price, rating)
    VALUES (%s, %s, %s, %s)
    , parameters: ('Fundamentals of Data Analytics: Learn Essential Skills, Embrace the Future, and Catapult Your Career in the Data-Driven World—A Comprehensive Guide to Data Literacy for Beginners', 'Russell Dawson', '16.', '4.8 out of 5 stars')
[2024-08-20T04:44:12.962+0000] {sql.py:518} INFO - Rows affected: 1
[2024-08-20T04:44:12.970+0000] {base.py:84} INFO - Retrieving connection 'books_connection'
[2024-08-20T04:44:12.974+0000] {sql.py:509} INFO - Running statement: 
    INSERT INTO books (title, authors, price, rating)
    VALUES (%s, %s, %s, %s)
    , parameters: ('Data Engineering with Google Cloud Platform: A practical guide to operationalizing scalable data analytics systems on GCP', 'Adi Wijaya', '41.', '4.7 out of 5 stars')
[2024-08-20T04:44:12.975+0000] {sql.py:518} INFO - Rows affected: 1
[2024-08-20T04:44:12.983+0000] {base.py:84} INFO - Retrieving connection 'books_connection'
[2024-08-20T04:44:12.987+0000] {sql.py:509} INFO - Running statement: 
    INSERT INTO books (title, authors, price, rating)
    VALUES (%s, %s, %s, %s)
    , parameters: ('Prompt Engineering for Generative AI: Future-Proof Inputs for Reliable AI Outputs', 'James Phoenix', '57.', '4.4 out of 5 stars')
[2024-08-20T04:44:12.989+0000] {sql.py:518} INFO - Rows affected: 1
[2024-08-20T04:44:12.997+0000] {base.py:84} INFO - Retrieving connection 'books_connection'
[2024-08-20T04:44:13.000+0000] {sql.py:509} INFO - Running statement: 
    INSERT INTO books (title, authors, price, rating)
    VALUES (%s, %s, %s, %s)
    , parameters: ('Python Programming and SQL: 5 books in 1 - The #1 Coding Course from Beginner to Advanced. Learn it Well & Fast (2024) (Computer Programming)', 'Paperback', '32.', '4.3 out of 5 stars')
[2024-08-20T04:44:13.002+0000] {sql.py:518} INFO - Rows affected: 1
[2024-08-20T04:44:13.010+0000] {base.py:84} INFO - Retrieving connection 'books_connection'
[2024-08-20T04:44:13.014+0000] {sql.py:509} INFO - Running statement: 
    INSERT INTO books (title, authors, price, rating)
    VALUES (%s, %s, %s, %s)
    , parameters: ('Analytics Engineering with SQL and dbt: Building Meaningful Data Models at Scale', 'Rui Pedro Machado', '41.', '3.8 out of 5 stars')
[2024-08-20T04:44:13.015+0000] {sql.py:518} INFO - Rows affected: 1
[2024-08-20T04:44:13.023+0000] {base.py:84} INFO - Retrieving connection 'books_connection'
[2024-08-20T04:44:13.027+0000] {sql.py:509} INFO - Running statement: 
    INSERT INTO books (title, authors, price, rating)
    VALUES (%s, %s, %s, %s)
    , parameters: ("Azure Data Factory Cookbook - Second Edition: A data engineer's guide to building and managing ETL and ELT pipelines with data integration", 'Dmitry Foshin', '51.', '4.4 out of 5 stars')
[2024-08-20T04:44:13.029+0000] {sql.py:518} INFO - Rows affected: 1
[2024-08-20T04:44:13.037+0000] {base.py:84} INFO - Retrieving connection 'books_connection'
[2024-08-20T04:44:13.041+0000] {sql.py:509} INFO - Running statement: 
    INSERT INTO books (title, authors, price, rating)
    VALUES (%s, %s, %s, %s)
    , parameters: ('Data Observability for Data Engineering: Proactive strategies for ensuring data accuracy and addressing broken data pipelines', 'Michele Pinto', '18.', '3.7 out of 5 stars')
[2024-08-20T04:44:13.043+0000] {sql.py:518} INFO - Rows affected: 1
[2024-08-20T04:44:13.051+0000] {base.py:84} INFO - Retrieving connection 'books_connection'
[2024-08-20T04:44:13.054+0000] {sql.py:509} INFO - Running statement: 
    INSERT INTO books (title, authors, price, rating)
    VALUES (%s, %s, %s, %s)
    , parameters: ("Ultimate Data Engineering with Databricks: Develop Scalable Data Pipelines Using Data Engineering's Core Tenets Such as Delta Tables, Ingestion, ... Security, and Scalability (English Edition)", 'Mayank Malhotra', '37.', '3.8 out of 5 stars')
[2024-08-20T04:44:13.056+0000] {sql.py:518} INFO - Rows affected: 1
[2024-08-20T04:44:13.065+0000] {base.py:84} INFO - Retrieving connection 'books_connection'
[2024-08-20T04:44:13.070+0000] {sql.py:509} INFO - Running statement: 
    INSERT INTO books (title, authors, price, rating)
    VALUES (%s, %s, %s, %s)
    , parameters: ('The Data Warehouse Toolkit: The Definitive Guide to Dimensional Modeling', 'Paperback', '47.', '4.7 out of 5 stars')
[2024-08-20T04:44:13.071+0000] {sql.py:518} INFO - Rows affected: 1
[2024-08-20T04:44:13.081+0000] {base.py:84} INFO - Retrieving connection 'books_connection'
[2024-08-20T04:44:13.085+0000] {sql.py:509} INFO - Running statement: 
    INSERT INTO books (title, authors, price, rating)
    VALUES (%s, %s, %s, %s)
    , parameters: ('Concepts of Generative AI and Data Engineering: Vital Concepts in Data Engineering and the World of Generative AI', 'Kindle', '29.', '5.0 out of 5 stars')
[2024-08-20T04:44:13.087+0000] {sql.py:518} INFO - Rows affected: 1
[2024-08-20T04:44:13.096+0000] {base.py:84} INFO - Retrieving connection 'books_connection'
[2024-08-20T04:44:13.100+0000] {sql.py:509} INFO - Running statement: 
    INSERT INTO books (title, authors, price, rating)
    VALUES (%s, %s, %s, %s)
    , parameters: ('Official Google Cloud Certified Professional Data Engineer Study Guide', 'Dan Sullivan', '33.', '4.5 out of 5 stars')
[2024-08-20T04:44:13.102+0000] {sql.py:518} INFO - Rows affected: 1
[2024-08-20T04:44:13.110+0000] {base.py:84} INFO - Retrieving connection 'books_connection'
[2024-08-20T04:44:13.115+0000] {sql.py:509} INFO - Running statement: 
    INSERT INTO books (title, authors, price, rating)
    VALUES (%s, %s, %s, %s)
    , parameters: ('Data Analytics, Data Visualization & Communicating Data: 3 books in 1: Learn the Processes of Data Analytics and Data Science, Create Engaging Data Visualizations, and Present Data Effectively', 'Audible Audiobook', '0.', '4.5 out of 5 stars')
[2024-08-20T04:44:13.117+0000] {sql.py:518} INFO - Rows affected: 1
[2024-08-20T04:44:13.126+0000] {base.py:84} INFO - Retrieving connection 'books_connection'
[2024-08-20T04:44:13.130+0000] {sql.py:509} INFO - Running statement: 
    INSERT INTO books (title, authors, price, rating)
    VALUES (%s, %s, %s, %s)
    , parameters: ('Data Engineering and Data Science for Babies: Activity Workbook Part 1', 'Paperback', '9.', '4.1 out of 5 stars')
[2024-08-20T04:44:13.131+0000] {sql.py:518} INFO - Rows affected: 1
[2024-08-20T04:44:13.140+0000] {base.py:84} INFO - Retrieving connection 'books_connection'
[2024-08-20T04:44:13.145+0000] {sql.py:509} INFO - Running statement: 
    INSERT INTO books (title, authors, price, rating)
    VALUES (%s, %s, %s, %s)
    , parameters: ('Fundamentals of Data Engineering: Efficiency, Insight, Impact: Transforming Data into Value through Expert Engineering Practices', 'Joseph Achakji', '0.', '4.6 out of 5 stars')
[2024-08-20T04:44:13.148+0000] {sql.py:518} INFO - Rows affected: 1
[2024-08-20T04:44:13.157+0000] {base.py:84} INFO - Retrieving connection 'books_connection'
[2024-08-20T04:44:13.161+0000] {sql.py:509} INFO - Running statement: 
    INSERT INTO books (title, authors, price, rating)
    VALUES (%s, %s, %s, %s)
    , parameters: ('Learning Spark: Lightning-Fast Data Analytics', 'Jules S. Damji', '43.', '4.7 out of 5 stars')
[2024-08-20T04:44:13.164+0000] {sql.py:518} INFO - Rows affected: 1
[2024-08-20T04:44:13.173+0000] {base.py:84} INFO - Retrieving connection 'books_connection'
[2024-08-20T04:44:13.177+0000] {sql.py:509} INFO - Running statement: 
    INSERT INTO books (title, authors, price, rating)
    VALUES (%s, %s, %s, %s)
    , parameters: ("SQL QuickStart Guide: The Simplified Beginner's Guide to Managing, Analyzing, and Manipulating Data With SQL (Coding & Programming - QuickStart Guides)", 'Paperback', '23.', '4.6 out of 5 stars')
[2024-08-20T04:44:13.180+0000] {sql.py:518} INFO - Rows affected: 1
[2024-08-20T04:44:13.190+0000] {base.py:84} INFO - Retrieving connection 'books_connection'
[2024-08-20T04:44:13.194+0000] {sql.py:509} INFO - Running statement: 
    INSERT INTO books (title, authors, price, rating)
    VALUES (%s, %s, %s, %s)
    , parameters: ('Electrical engineering without prior knowledge: Understand the basics within 7 days (Become an Engineer Without Prior Knowledge)', 'Paperback', '17.', '4.4 out of 5 stars')
[2024-08-20T04:44:13.196+0000] {sql.py:518} INFO - Rows affected: 1
[2024-08-20T04:44:13.205+0000] {base.py:84} INFO - Retrieving connection 'books_connection'
[2024-08-20T04:44:13.209+0000] {sql.py:509} INFO - Running statement: 
    INSERT INTO books (title, authors, price, rating)
    VALUES (%s, %s, %s, %s)
    , parameters: ('Azure Data Engineering Cookbook - Second Edition: Get well versed in various data engineering techniques in Azure using this recipe-based guide', 'Nagaraj Venkatesan', '51.', '3.5 out of 5 stars')
[2024-08-20T04:44:13.212+0000] {sql.py:518} INFO - Rows affected: 1
[2024-08-20T04:44:13.222+0000] {base.py:84} INFO - Retrieving connection 'books_connection'
[2024-08-20T04:44:13.226+0000] {sql.py:509} INFO - Running statement: 
    INSERT INTO books (title, authors, price, rating)
    VALUES (%s, %s, %s, %s)
    , parameters: ('Machine Learning Engineering with Python - Second Edition: Manage the lifecycle of machine learning models using MLOps with practical examples', 'Andrew McMahon', '32.', '4.7 out of 5 stars')
[2024-08-20T04:44:13.228+0000] {sql.py:518} INFO - Rows affected: 1
[2024-08-20T04:44:13.237+0000] {base.py:84} INFO - Retrieving connection 'books_connection'
[2024-08-20T04:44:13.241+0000] {sql.py:509} INFO - Running statement: 
    INSERT INTO books (title, authors, price, rating)
    VALUES (%s, %s, %s, %s)
    , parameters: ('Database Internals: A Deep Dive into How Distributed Data Systems Work', 'Alex Petrov', '36.', '4.6 out of 5 stars')
[2024-08-20T04:44:13.243+0000] {sql.py:518} INFO - Rows affected: 1
[2024-08-20T04:44:13.252+0000] {base.py:84} INFO - Retrieving connection 'books_connection'
[2024-08-20T04:44:13.256+0000] {sql.py:509} INFO - Running statement: 
    INSERT INTO books (title, authors, price, rating)
    VALUES (%s, %s, %s, %s)
    , parameters: ('Data Science (The MIT Press Essential Knowledge series)', 'Paperback', '10.', '4.4 out of 5 stars')
[2024-08-20T04:44:13.258+0000] {sql.py:518} INFO - Rows affected: 1
[2024-08-20T04:44:13.268+0000] {base.py:84} INFO - Retrieving connection 'books_connection'
[2024-08-20T04:44:13.272+0000] {sql.py:509} INFO - Running statement: 
    INSERT INTO books (title, authors, price, rating)
    VALUES (%s, %s, %s, %s)
    , parameters: ('Engineers Survival Guide: Advice, tactics, and tricks After a decade of working at Facebook, Snapchat, and Microsoft', 'Merih Taze', '29.', '4.4 out of 5 stars')
[2024-08-20T04:44:13.274+0000] {sql.py:518} INFO - Rows affected: 1
[2024-08-20T04:44:13.284+0000] {base.py:84} INFO - Retrieving connection 'books_connection'
[2024-08-20T04:44:13.288+0000] {sql.py:509} INFO - Running statement: 
    INSERT INTO books (title, authors, price, rating)
    VALUES (%s, %s, %s, %s)
    , parameters: ('How Data Happened: A History from the Age of Reason to the Age of Algorithms', 'Chris Wiggins', '16.', '4.2 out of 5 stars')
[2024-08-20T04:44:13.290+0000] {sql.py:518} INFO - Rows affected: 1
[2024-08-20T04:44:13.300+0000] {base.py:84} INFO - Retrieving connection 'books_connection'
[2024-08-20T04:44:13.303+0000] {sql.py:509} INFO - Running statement: 
    INSERT INTO books (title, authors, price, rating)
    VALUES (%s, %s, %s, %s)
    , parameters: ("System Design Interview – An insider's guide", 'Alex Xu', '37.', '4.6 out of 5 stars')
[2024-08-20T04:44:13.306+0000] {sql.py:518} INFO - Rows affected: 1
[2024-08-20T04:44:13.316+0000] {base.py:84} INFO - Retrieving connection 'books_connection'
[2024-08-20T04:44:13.320+0000] {sql.py:509} INFO - Running statement: 
    INSERT INTO books (title, authors, price, rating)
    VALUES (%s, %s, %s, %s)
    , parameters: ('Data Engineering with Scala and Spark: A practical guide helping you build streaming and batch pipelines that process massive amounts of data using Scala', 'Eric Tome', '36.', '4.3 out of 5 stars')
[2024-08-20T04:44:13.322+0000] {sql.py:518} INFO - Rows affected: 1
[2024-08-20T04:44:13.332+0000] {base.py:84} INFO - Retrieving connection 'books_connection'
[2024-08-20T04:44:13.335+0000] {sql.py:509} INFO - Running statement: 
    INSERT INTO books (title, authors, price, rating)
    VALUES (%s, %s, %s, %s)
    , parameters: ('Azure Data Engineer Associate Certification Guide: A hands-on reference guide to developing your data engineering skills and preparing for the DP-203 exam', 'Newton Alex', '54.', '3.9 out of 5 stars')
[2024-08-20T04:44:13.337+0000] {sql.py:518} INFO - Rows affected: 1
[2024-08-20T04:44:13.346+0000] {base.py:84} INFO - Retrieving connection 'books_connection'
[2024-08-20T04:44:13.350+0000] {sql.py:509} INFO - Running statement: 
    INSERT INTO books (title, authors, price, rating)
    VALUES (%s, %s, %s, %s)
    , parameters: ('Build a Career in Data Science', 'Emily Robinson', '35.', '4.6 out of 5 stars')
[2024-08-20T04:44:13.352+0000] {sql.py:518} INFO - Rows affected: 1
[2024-08-20T04:44:13.361+0000] {base.py:84} INFO - Retrieving connection 'books_connection'
[2024-08-20T04:44:13.364+0000] {sql.py:509} INFO - Running statement: 
    INSERT INTO books (title, authors, price, rating)
    VALUES (%s, %s, %s, %s)
    , parameters: ('Mastering the Data Paradox: Key to Winning in the AI Age', 'Nitin Seth', '18.', '4.8 out of 5 stars')
[2024-08-20T04:44:13.366+0000] {sql.py:518} INFO - Rows affected: 1
[2024-08-20T04:44:13.376+0000] {base.py:84} INFO - Retrieving connection 'books_connection'
[2024-08-20T04:44:13.380+0000] {sql.py:509} INFO - Running statement: 
    INSERT INTO books (title, authors, price, rating)
    VALUES (%s, %s, %s, %s)
    , parameters: ('Data Science on AWS: Implementing End-to-End, Continuous AI and Machine Learning Pipelines', 'Chris Fregly', '11.', '4.5 out of 5 stars')
[2024-08-20T04:44:13.382+0000] {sql.py:518} INFO - Rows affected: 1
[2024-08-20T04:44:13.390+0000] {base.py:84} INFO - Retrieving connection 'books_connection'
[2024-08-20T04:44:13.394+0000] {sql.py:509} INFO - Running statement: 
    INSERT INTO books (title, authors, price, rating)
    VALUES (%s, %s, %s, %s)
    , parameters: ("Applied Machine Learning and AI for Engineers: Solve Business Problems That Can't Be Solved Algorithmically", 'Jeff Prosise', '55.', '4.5 out of 5 stars')
[2024-08-20T04:44:13.396+0000] {sql.py:518} INFO - Rows affected: 1
[2024-08-20T04:44:13.404+0000] {base.py:84} INFO - Retrieving connection 'books_connection'
[2024-08-20T04:44:13.408+0000] {sql.py:509} INFO - Running statement: 
    INSERT INTO books (title, authors, price, rating)
    VALUES (%s, %s, %s, %s)
    , parameters: ('Feature Engineering for Machine Learning: Principles and Techniques for Data Scientists', 'Alice Zheng', '41.', '4.4 out of 5 stars')
[2024-08-20T04:44:13.411+0000] {sql.py:518} INFO - Rows affected: 1
[2024-08-20T04:44:13.419+0000] {base.py:84} INFO - Retrieving connection 'books_connection'
[2024-08-20T04:44:13.423+0000] {sql.py:509} INFO - Running statement: 
    INSERT INTO books (title, authors, price, rating)
    VALUES (%s, %s, %s, %s)
    , parameters: ('Better Data Visualizations: A Guide for Scholars, Researchers, and Wonks', 'Jonathan Schwabish', '26.', '4.5 out of 5 stars')
[2024-08-20T04:44:13.425+0000] {sql.py:518} INFO - Rows affected: 1
[2024-08-20T04:44:13.437+0000] {base.py:84} INFO - Retrieving connection 'books_connection'
[2024-08-20T04:44:13.446+0000] {sql.py:509} INFO - Running statement: 
    INSERT INTO books (title, authors, price, rating)
    VALUES (%s, %s, %s, %s)
    , parameters: ('SQL Data Analytics Made Easy: Your Step-by-Step Guide to Unlocking Data’s Hidden Secrets: Demystify complex concepts, and harness the power of data to drive intelligent decision-making effortlessly.', 'L.D. Knowings', '14.', '4.1 out of 5 stars')
[2024-08-20T04:44:13.447+0000] {sql.py:518} INFO - Rows affected: 1
[2024-08-20T04:44:13.458+0000] {base.py:84} INFO - Retrieving connection 'books_connection'
[2024-08-20T04:44:13.463+0000] {sql.py:509} INFO - Running statement: 
    INSERT INTO books (title, authors, price, rating)
    VALUES (%s, %s, %s, %s)
    , parameters: ('The Art of Doing Science and Engineering: Learning to Learn', 'Richard W. Hamming', '19.', '4.6 out of 5 stars')
[2024-08-20T04:44:13.465+0000] {sql.py:518} INFO - Rows affected: 1
[2024-08-20T04:44:13.473+0000] {base.py:84} INFO - Retrieving connection 'books_connection'
[2024-08-20T04:44:13.478+0000] {sql.py:509} INFO - Running statement: 
    INSERT INTO books (title, authors, price, rating)
    VALUES (%s, %s, %s, %s)
    , parameters: ('A Common-Sense Guide to Data Structures and Algorithms, Second Edition: Level Up Your Core Programming Skills', 'Jay Wengrow', '39.', '4.7 out of 5 stars')
[2024-08-20T04:44:13.480+0000] {sql.py:518} INFO - Rows affected: 1
[2024-08-20T04:44:13.488+0000] {base.py:84} INFO - Retrieving connection 'books_connection'
[2024-08-20T04:44:13.493+0000] {sql.py:509} INFO - Running statement: 
    INSERT INTO books (title, authors, price, rating)
    VALUES (%s, %s, %s, %s)
    , parameters: ('Fundamentals of Data Visualization: A Primer on Making Informative and Compelling Figures', 'Claus Wilke', '49.', '4.6 out of 5 stars')
[2024-08-20T04:44:13.496+0000] {sql.py:518} INFO - Rows affected: 1
[2024-08-20T04:44:13.505+0000] {base.py:84} INFO - Retrieving connection 'books_connection'
[2024-08-20T04:44:13.509+0000] {sql.py:509} INFO - Running statement: 
    INSERT INTO books (title, authors, price, rating)
    VALUES (%s, %s, %s, %s)
    , parameters: ('Hypothesis Testing: An Intuitive Guide for Making Data Driven Decisions', 'Jim Frost', '23.', '4.5 out of 5 stars')
[2024-08-20T04:44:13.511+0000] {sql.py:518} INFO - Rows affected: 1
[2024-08-20T04:44:13.520+0000] {base.py:84} INFO - Retrieving connection 'books_connection'
[2024-08-20T04:44:13.524+0000] {sql.py:509} INFO - Running statement: 
    INSERT INTO books (title, authors, price, rating)
    VALUES (%s, %s, %s, %s)
    , parameters: ('Modeling and Simulation in Python: An Introduction for Scientists and Engineers', 'Allen B. Downey', '32.', '4.5 out of 5 stars')
[2024-08-20T04:44:13.526+0000] {sql.py:518} INFO - Rows affected: 1
[2024-08-20T04:44:13.534+0000] {base.py:84} INFO - Retrieving connection 'books_connection'
[2024-08-20T04:44:13.537+0000] {sql.py:509} INFO - Running statement: 
    INSERT INTO books (title, authors, price, rating)
    VALUES (%s, %s, %s, %s)
    , parameters: ('The Data Governance Guidebook and Playbook: By a Practitioner for Practitioners', 'Paperback', '25.', '4.3 out of 5 stars')
[2024-08-20T04:44:13.539+0000] {sql.py:518} INFO - Rows affected: 1
[2024-08-20T04:44:13.547+0000] {base.py:84} INFO - Retrieving connection 'books_connection'
[2024-08-20T04:44:13.550+0000] {sql.py:509} INFO - Running statement: 
    INSERT INTO books (title, authors, price, rating)
    VALUES (%s, %s, %s, %s)
    , parameters: ('AWS Certified Data Analytics Study Guide: Specialty (DAS-C01) Exam', 'Asif Abbasi', '31.', '4.6 out of 5 stars')
[2024-08-20T04:44:13.552+0000] {sql.py:518} INFO - Rows affected: 1
[2024-08-20T04:44:13.559+0000] {base.py:84} INFO - Retrieving connection 'books_connection'
[2024-08-20T04:44:13.563+0000] {sql.py:509} INFO - Running statement: 
    INSERT INTO books (title, authors, price, rating)
    VALUES (%s, %s, %s, %s)
    , parameters: ('50 Algorithms Every Programmer Should Know - Second Edition: An unbeatable arsenal of algorithmic solutions for real-world problems', 'Imran Ahmad', '37.', '4.4 out of 5 stars')
[2024-08-20T04:44:13.564+0000] {sql.py:518} INFO - Rows affected: 1
[2024-08-20T04:44:13.572+0000] {base.py:84} INFO - Retrieving connection 'books_connection'
[2024-08-20T04:44:13.575+0000] {sql.py:509} INFO - Running statement: 
    INSERT INTO books (title, authors, price, rating)
    VALUES (%s, %s, %s, %s)
    , parameters: ('Technology is Dead', 'Paperback', '23.', '5.0 out of 5 stars')
[2024-08-20T04:44:13.577+0000] {sql.py:518} INFO - Rows affected: 1
[2024-08-20T04:44:13.584+0000] {base.py:84} INFO - Retrieving connection 'books_connection'
[2024-08-20T04:44:13.587+0000] {sql.py:509} INFO - Running statement: 
    INSERT INTO books (title, authors, price, rating)
    VALUES (%s, %s, %s, %s)
    , parameters: ('Designing Cloud Data Platforms', 'Audible Audiobook', '0.', '4.7 out of 5 stars')
[2024-08-20T04:44:13.589+0000] {sql.py:518} INFO - Rows affected: 1
[2024-08-20T04:44:13.596+0000] {base.py:84} INFO - Retrieving connection 'books_connection'
[2024-08-20T04:44:13.601+0000] {sql.py:509} INFO - Running statement: 
    INSERT INTO books (title, authors, price, rating)
    VALUES (%s, %s, %s, %s)
    , parameters: ('Data Science: The Hard Parts: Techniques for Excelling at Data Science', 'Daniel Vaughan', '48.', '5.0 out of 5 stars')
[2024-08-20T04:44:13.602+0000] {sql.py:518} INFO - Rows affected: 1
[2024-08-20T04:44:13.610+0000] {base.py:84} INFO - Retrieving connection 'books_connection'
[2024-08-20T04:44:13.614+0000] {sql.py:509} INFO - Running statement: 
    INSERT INTO books (title, authors, price, rating)
    VALUES (%s, %s, %s, %s)
    , parameters: ('Data Management at Scale: Modern Data Architecture with Data Mesh and Data Fabric', 'Piethein Strengholt', '47.', '4.5 out of 5 stars')
[2024-08-20T04:44:13.615+0000] {sql.py:518} INFO - Rows affected: 1
[2024-08-20T04:44:13.623+0000] {base.py:84} INFO - Retrieving connection 'books_connection'
[2024-08-20T04:44:13.626+0000] {sql.py:509} INFO - Running statement: 
    INSERT INTO books (title, authors, price, rating)
    VALUES (%s, %s, %s, %s)
    , parameters: ('Practical Fraud Prevention: Fraud and AML Analytics for Fintech and eCommerce, Using SQL and Python', 'Gilit Saporta', '47.', '4.4 out of 5 stars')
[2024-08-20T04:44:13.628+0000] {sql.py:518} INFO - Rows affected: 1
[2024-08-20T04:44:13.636+0000] {base.py:84} INFO - Retrieving connection 'books_connection'
[2024-08-20T04:44:13.640+0000] {sql.py:509} INFO - Running statement: 
    INSERT INTO books (title, authors, price, rating)
    VALUES (%s, %s, %s, %s)
    , parameters: ('Data Quality Engineering in Financial Services: Applying Manufacturing Techniques to Data', 'Brian Buzzelli', '30.', '4.4 out of 5 stars')
[2024-08-20T04:44:13.641+0000] {sql.py:518} INFO - Rows affected: 1
[2024-08-20T04:44:13.649+0000] {base.py:84} INFO - Retrieving connection 'books_connection'
[2024-08-20T04:44:13.653+0000] {sql.py:509} INFO - Running statement: 
    INSERT INTO books (title, authors, price, rating)
    VALUES (%s, %s, %s, %s)
    , parameters: ('Ultimate Azure Data Engineering: Build Robust Data Engineering Systems on Azure with SQL, ETL, Data Modeling, and Power BI for Business Insights and Crack Azure Certifications (English Edition)', 'Ashish Agarwal', '39.', '5.0 out of 5 stars')
[2024-08-20T04:44:13.655+0000] {sql.py:518} INFO - Rows affected: 1
[2024-08-20T04:44:13.663+0000] {base.py:84} INFO - Retrieving connection 'books_connection'
[2024-08-20T04:44:13.666+0000] {sql.py:509} INFO - Running statement: 
    INSERT INTO books (title, authors, price, rating)
    VALUES (%s, %s, %s, %s)
    , parameters: ('Data Structures and Algorithms: 100 Interview Questions (Advanced Topics in Programming Book 2)', 'Kindle', '9.', '5.0 out of 5 stars')
[2024-08-20T04:44:13.668+0000] {sql.py:518} INFO - Rows affected: 1
[2024-08-20T04:44:13.676+0000] {base.py:84} INFO - Retrieving connection 'books_connection'
[2024-08-20T04:44:13.680+0000] {sql.py:509} INFO - Running statement: 
    INSERT INTO books (title, authors, price, rating)
    VALUES (%s, %s, %s, %s)
    , parameters: ('Data-Centric Machine Learning with Python: The ultimate guide to engineering and deploying high-quality models based on good data', 'Jonas Christensen', '49.', '4.6 out of 5 stars')
[2024-08-20T04:44:13.682+0000] {sql.py:518} INFO - Rows affected: 1
[2024-08-20T04:44:13.690+0000] {base.py:84} INFO - Retrieving connection 'books_connection'
[2024-08-20T04:44:13.693+0000] {sql.py:509} INFO - Running statement: 
    INSERT INTO books (title, authors, price, rating)
    VALUES (%s, %s, %s, %s)
    , parameters: ('Architecting Data and Machine Learning Platforms: Enable Analytics and AI-Driven Innovation in the Cloud', 'Marco Tranquillin', '37.', '4.3 out of 5 stars')
[2024-08-20T04:44:13.694+0000] {sql.py:518} INFO - Rows affected: 1
[2024-08-20T04:44:13.702+0000] {base.py:84} INFO - Retrieving connection 'books_connection'
[2024-08-20T04:44:13.706+0000] {sql.py:509} INFO - Running statement: 
    INSERT INTO books (title, authors, price, rating)
    VALUES (%s, %s, %s, %s)
    , parameters: ('Killed by a Traffic Engineer: Shattering the Delusion that Science Underlies our Transportation System', 'Wes Marshall', '33.', '4.5 out of 5 stars')
[2024-08-20T04:44:13.708+0000] {sql.py:518} INFO - Rows affected: 1
[2024-08-20T04:44:13.715+0000] {base.py:84} INFO - Retrieving connection 'books_connection'
[2024-08-20T04:44:13.719+0000] {sql.py:509} INFO - Running statement: 
    INSERT INTO books (title, authors, price, rating)
    VALUES (%s, %s, %s, %s)
    , parameters: ('Restricted Data: The History of Nuclear Secrecy in the United States', 'Alex Wellerstein', '2.', '4.7 out of 5 stars')
[2024-08-20T04:44:13.721+0000] {sql.py:518} INFO - Rows affected: 1
[2024-08-20T04:44:13.729+0000] {base.py:84} INFO - Retrieving connection 'books_connection'
[2024-08-20T04:44:13.732+0000] {sql.py:509} INFO - Running statement: 
    INSERT INTO books (title, authors, price, rating)
    VALUES (%s, %s, %s, %s)
    , parameters: ('Data Driven: Truckers, Technology, and the New Workplace Surveillance', 'Karen Levy', '21.', '4.3 out of 5 stars')
[2024-08-20T04:44:13.734+0000] {sql.py:518} INFO - Rows affected: 1
[2024-08-20T04:44:13.742+0000] {base.py:84} INFO - Retrieving connection 'books_connection'
[2024-08-20T04:44:13.750+0000] {sql.py:509} INFO - Running statement: 
    INSERT INTO books (title, authors, price, rating)
    VALUES (%s, %s, %s, %s)
    , parameters: ("Engineers' Practical Databook: A Technical Reference Guide for Students and Professionals", 'Jay Smith', '18.', '4.6 out of 5 stars')
[2024-08-20T04:44:13.752+0000] {sql.py:518} INFO - Rows affected: 1
[2024-08-20T04:44:13.765+0000] {base.py:84} INFO - Retrieving connection 'books_connection'
[2024-08-20T04:44:13.769+0000] {sql.py:509} INFO - Running statement: 
    INSERT INTO books (title, authors, price, rating)
    VALUES (%s, %s, %s, %s)
    , parameters: ('Understanding Cryptography: A Textbook for Students and Practitioners', 'Christof Paar', '29.', '4.6 out of 5 stars')
[2024-08-20T04:44:13.770+0000] {sql.py:518} INFO - Rows affected: 1
[2024-08-20T04:44:13.779+0000] {base.py:84} INFO - Retrieving connection 'books_connection'
[2024-08-20T04:44:13.782+0000] {sql.py:509} INFO - Running statement: 
    INSERT INTO books (title, authors, price, rating)
    VALUES (%s, %s, %s, %s)
    , parameters: ('Grokking Algorithms', 'Audible Audiobook', '0.', '4.6 out of 5 stars')
[2024-08-20T04:44:13.784+0000] {sql.py:518} INFO - Rows affected: 1
[2024-08-20T04:44:13.792+0000] {base.py:84} INFO - Retrieving connection 'books_connection'
[2024-08-20T04:44:13.796+0000] {sql.py:509} INFO - Running statement: 
    INSERT INTO books (title, authors, price, rating)
    VALUES (%s, %s, %s, %s)
    , parameters: ('Observability Engineering: Achieving Production Excellence', 'Charity Majors', '34.', '4.3 out of 5 stars')
[2024-08-20T04:44:13.798+0000] {sql.py:518} INFO - Rows affected: 1
[2024-08-20T04:44:13.807+0000] {base.py:84} INFO - Retrieving connection 'books_connection'
[2024-08-20T04:44:13.812+0000] {sql.py:509} INFO - Running statement: 
    INSERT INTO books (title, authors, price, rating)
    VALUES (%s, %s, %s, %s)
    , parameters: ("The Baofeng Radio Guerrilla's Bible 16 Books in 1: The Guerrilla's Comprehensive Manual: Mastering Your Baofeng Radio for Every Situation - Essential Tactics for Emergencies,Disasters,Covert Oper...", 'Paperback', '34.', '4.5 out of 5 stars')
[2024-08-20T04:44:13.814+0000] {sql.py:518} INFO - Rows affected: 1
[2024-08-20T04:44:13.824+0000] {base.py:84} INFO - Retrieving connection 'books_connection'
[2024-08-20T04:44:13.828+0000] {sql.py:509} INFO - Running statement: 
    INSERT INTO books (title, authors, price, rating)
    VALUES (%s, %s, %s, %s)
    , parameters: ('Systems Engineering Demystified - Second Edition: Apply modern, model-based systems engineering techniques to build complex systems', 'Jon Holt', '45.', '4.7 out of 5 stars')
[2024-08-20T04:44:13.830+0000] {sql.py:518} INFO - Rows affected: 1
[2024-08-20T04:44:13.839+0000] {base.py:84} INFO - Retrieving connection 'books_connection'
[2024-08-20T04:44:13.843+0000] {sql.py:509} INFO - Running statement: 
    INSERT INTO books (title, authors, price, rating)
    VALUES (%s, %s, %s, %s)
    , parameters: ('Python Feature Engineering Cookbook: Over 70 recipes for creating, engineering, and transforming features to build machine learning models, 2nd Edition', 'Soledad Galli', '44.', '4.4 out of 5 stars')
[2024-08-20T04:44:13.846+0000] {sql.py:518} INFO - Rows affected: 1
[2024-08-20T04:44:13.854+0000] {base.py:84} INFO - Retrieving connection 'books_connection'
[2024-08-20T04:44:13.859+0000] {sql.py:509} INFO - Running statement: 
    INSERT INTO books (title, authors, price, rating)
    VALUES (%s, %s, %s, %s)
    , parameters: ('Learning Tableau 2022 - Fifth Edition: Create effective data visualizations, build interactive visual analytics, and improve your data storytelling capabilities', 'Joshua N Milligan', '57.', '4.5 out of 5 stars')
[2024-08-20T04:44:13.861+0000] {sql.py:518} INFO - Rows affected: 1
[2024-08-20T04:44:13.870+0000] {base.py:84} INFO - Retrieving connection 'books_connection'
[2024-08-20T04:44:13.874+0000] {sql.py:509} INFO - Running statement: 
    INSERT INTO books (title, authors, price, rating)
    VALUES (%s, %s, %s, %s)
    , parameters: ('Practical Reverse Engineering: x86, x64, ARM, Windows Kernel, Reversing Tools, and Obfuscation', 'Bruce Dang', '34.', '4.6 out of 5 stars')
[2024-08-20T04:44:13.876+0000] {sql.py:518} INFO - Rows affected: 1
[2024-08-20T04:44:13.888+0000] {base.py:84} INFO - Retrieving connection 'books_connection'
[2024-08-20T04:44:13.895+0000] {sql.py:509} INFO - Running statement: 
    INSERT INTO books (title, authors, price, rating)
    VALUES (%s, %s, %s, %s)
    , parameters: ('Building ETL Pipelines with Python: Create and deploy enterprise-ready ETL pipelines by employing modern methods', 'Brij Kishore Pandey', '17.', '4.2 out of 5 stars')
[2024-08-20T04:44:13.897+0000] {sql.py:518} INFO - Rows affected: 1
[2024-08-20T04:44:13.906+0000] {base.py:84} INFO - Retrieving connection 'books_connection'
[2024-08-20T04:44:13.910+0000] {sql.py:509} INFO - Running statement: 
    INSERT INTO books (title, authors, price, rating)
    VALUES (%s, %s, %s, %s)
    , parameters: ('Mastering Databricks Lakehouse Platform: Perform Data Warehousing, Data Engineering, Machine Learning, DevOps, and BI into a Single Platform (English Edition)', 'Sagar Lad', '26.', '3.6 out of 5 stars')
[2024-08-20T04:44:13.912+0000] {sql.py:518} INFO - Rows affected: 1
[2024-08-20T04:44:13.913+0000] {python.py:240} INFO - Done. Returned value was: None
[2024-08-20T04:44:13.926+0000] {taskinstance.py:340} INFO - ::group::Post task execution logs
[2024-08-20T04:44:13.927+0000] {taskinstance.py:352} INFO - Marking task as SUCCESS. dag_id=fetch_and_store_DE_books, task_id=insert_book_data, run_id=scheduled__2024-07-16T00:00:00+00:00, execution_date=20240716T000000, start_date=20240820T044412, end_date=20240820T044413
[2024-08-20T04:44:14.022+0000] {logging_mixin.py:190} INFO - Task instance in success state
[2024-08-20T04:44:14.023+0000] {logging_mixin.py:190} INFO -  Previous state of the Task instance: running
[2024-08-20T04:44:14.023+0000] {logging_mixin.py:190} INFO - Dag name:fetch_and_store_DE_books queued_at:2024-08-20 04:43:58.231617+00:00
[2024-08-20T04:44:14.024+0000] {logging_mixin.py:190} INFO - Task hostname:668944ed7238 operator:PythonOperator
[2024-08-20T04:44:14.063+0000] {local_task_job_runner.py:261} INFO - Task exited with return code 0
[2024-08-20T04:44:14.080+0000] {taskinstance.py:3891} INFO - 0 downstream tasks scheduled from follow-on schedule check
[2024-08-20T04:44:14.083+0000] {local_task_job_runner.py:240} INFO - ::endgroup::
