[2024-08-20T04:44:47.219+0000] {local_task_job_runner.py:123} INFO - ::group::Pre task execution logs
[2024-08-20T04:44:47.241+0000] {taskinstance.py:2603} INFO - Dependencies all met for dep_context=non-requeueable deps ti=<TaskInstance: fetch_and_store_DE_books.insert_book_data scheduled__2024-07-21T00:00:00+00:00 [queued]>
[2024-08-20T04:44:47.255+0000] {taskinstance.py:2603} INFO - Dependencies all met for dep_context=requeueable deps ti=<TaskInstance: fetch_and_store_DE_books.insert_book_data scheduled__2024-07-21T00:00:00+00:00 [queued]>
[2024-08-20T04:44:47.256+0000] {taskinstance.py:2856} INFO - Starting attempt 1 of 2
[2024-08-20T04:44:47.275+0000] {taskinstance.py:2879} INFO - Executing <Task(PythonOperator): insert_book_data> on 2024-07-21 00:00:00+00:00
[2024-08-20T04:44:47.285+0000] {warnings.py:112} WARNING - /home/***/.local/lib/python3.12/site-packages/***/task/task_runner/standard_task_runner.py:70: DeprecationWarning: This process (pid=1005) is multi-threaded, use of fork() may lead to deadlocks in the child.
  pid = os.fork()

[2024-08-20T04:44:47.287+0000] {standard_task_runner.py:72} INFO - Started process 1007 to run task
[2024-08-20T04:44:47.288+0000] {standard_task_runner.py:104} INFO - Running: ['***', 'tasks', 'run', 'fetch_and_store_DE_books', 'insert_book_data', 'scheduled__2024-07-21T00:00:00+00:00', '--job-id', '67', '--raw', '--subdir', 'DAGS_FOLDER/app.py', '--cfg-path', '/tmp/tmp0uey1749']
[2024-08-20T04:44:47.289+0000] {standard_task_runner.py:105} INFO - Job 67: Subtask insert_book_data
[2024-08-20T04:44:47.349+0000] {task_command.py:467} INFO - Running <TaskInstance: fetch_and_store_DE_books.insert_book_data scheduled__2024-07-21T00:00:00+00:00 [running]> on host 668944ed7238
[2024-08-20T04:44:47.455+0000] {taskinstance.py:3122} INFO - Exporting env vars: AIRFLOW_CTX_DAG_OWNER='***' AIRFLOW_CTX_DAG_ID='fetch_and_store_DE_books' AIRFLOW_CTX_TASK_ID='insert_book_data' AIRFLOW_CTX_EXECUTION_DATE='2024-07-21T00:00:00+00:00' AIRFLOW_CTX_TRY_NUMBER='1' AIRFLOW_CTX_DAG_RUN_ID='scheduled__2024-07-21T00:00:00+00:00'
[2024-08-20T04:44:47.457+0000] {logging_mixin.py:190} INFO - Task instance is in running state
[2024-08-20T04:44:47.458+0000] {logging_mixin.py:190} INFO -  Previous state of the Task instance: queued
[2024-08-20T04:44:47.458+0000] {logging_mixin.py:190} INFO - Current task name:insert_book_data state:running start_date:2024-08-20 04:44:47.243365+00:00
[2024-08-20T04:44:47.459+0000] {logging_mixin.py:190} INFO - Dag name:fetch_and_store_DE_books and current dag run status:running
[2024-08-20T04:44:47.459+0000] {taskinstance.py:731} INFO - ::endgroup::
[2024-08-20T04:44:47.479+0000] {base.py:84} INFO - Retrieving connection 'books_connection'
[2024-08-20T04:44:47.483+0000] {sql.py:509} INFO - Running statement: 
    INSERT INTO books (title, authors, price, rating)
    VALUES (%s, %s, %s, %s)
    , parameters: ('Ace the Data Engineering Interview: Questions and Answers for Python, SQL, Data Modeling and More', 'Sean Coyne', '24.', '4.1 out of 5 stars')
[2024-08-20T04:44:47.485+0000] {sql.py:518} INFO - Rows affected: 1
[2024-08-20T04:44:47.493+0000] {base.py:84} INFO - Retrieving connection 'books_connection'
[2024-08-20T04:44:47.496+0000] {sql.py:509} INFO - Running statement: 
    INSERT INTO books (title, authors, price, rating)
    VALUES (%s, %s, %s, %s)
    , parameters: ('Data Engineering with AWS - Second Edition: Acquire the skills to design and build AWS-based data transformation pipelines like a pro', 'Gareth Eagar', '41.', '4.4 out of 5 stars')
[2024-08-20T04:44:47.498+0000] {sql.py:518} INFO - Rows affected: 1
[2024-08-20T04:44:47.505+0000] {base.py:84} INFO - Retrieving connection 'books_connection'
[2024-08-20T04:44:47.509+0000] {sql.py:509} INFO - Running statement: 
    INSERT INTO books (title, authors, price, rating)
    VALUES (%s, %s, %s, %s)
    , parameters: ('Azure Data Engineer Associate Certification Guide: Ace the DP-203 exam with advanced data engineering skills', 'Giacinto Palmieri', '39.', '4.5 out of 5 stars')
[2024-08-20T04:44:47.510+0000] {sql.py:518} INFO - Rows affected: 1
[2024-08-20T04:44:47.518+0000] {base.py:84} INFO - Retrieving connection 'books_connection'
[2024-08-20T04:44:47.522+0000] {sql.py:509} INFO - Running statement: 
    INSERT INTO books (title, authors, price, rating)
    VALUES (%s, %s, %s, %s)
    , parameters: ('Data Engineering 101', 'Paperback', '22.', '5.0 out of 5 stars')
[2024-08-20T04:44:47.523+0000] {sql.py:518} INFO - Rows affected: 1
[2024-08-20T04:44:47.531+0000] {base.py:84} INFO - Retrieving connection 'books_connection'
[2024-08-20T04:44:47.535+0000] {sql.py:509} INFO - Running statement: 
    INSERT INTO books (title, authors, price, rating)
    VALUES (%s, %s, %s, %s)
    , parameters: ('Fundamentals of Data Engineering: Plan and Build Robust Data Systems', 'Joe Reis', '38.', '4.7 out of 5 stars')
[2024-08-20T04:44:47.536+0000] {sql.py:518} INFO - Rows affected: 1
[2024-08-20T04:44:47.544+0000] {base.py:84} INFO - Retrieving connection 'books_connection'
[2024-08-20T04:44:47.548+0000] {sql.py:509} INFO - Running statement: 
    INSERT INTO books (title, authors, price, rating)
    VALUES (%s, %s, %s, %s)
    , parameters: ('Data Pipelines Pocket Reference: Moving and Processing Data for Analytics', 'James Densmore', '17.', '4.5 out of 5 stars')
[2024-08-20T04:44:47.550+0000] {sql.py:518} INFO - Rows affected: 1
[2024-08-20T04:44:47.558+0000] {base.py:84} INFO - Retrieving connection 'books_connection'
[2024-08-20T04:44:47.561+0000] {sql.py:509} INFO - Running statement: 
    INSERT INTO books (title, authors, price, rating)
    VALUES (%s, %s, %s, %s)
    , parameters: ("Azure Data Factory Cookbook - Second Edition: A data engineer's guide to building and managing ETL and ELT pipelines with data integration", 'Dmitry Foshin', '51.', '4.4 out of 5 stars')
[2024-08-20T04:44:47.563+0000] {sql.py:518} INFO - Rows affected: 1
[2024-08-20T04:44:47.571+0000] {base.py:84} INFO - Retrieving connection 'books_connection'
[2024-08-20T04:44:47.575+0000] {sql.py:509} INFO - Running statement: 
    INSERT INTO books (title, authors, price, rating)
    VALUES (%s, %s, %s, %s)
    , parameters: ('Data Analysis with Python and PySpark', 'Jonathan Rioux', '55.', '4.4 out of 5 stars')
[2024-08-20T04:44:47.577+0000] {sql.py:518} INFO - Rows affected: 1
[2024-08-20T04:44:47.584+0000] {base.py:84} INFO - Retrieving connection 'books_connection'
[2024-08-20T04:44:47.588+0000] {sql.py:509} INFO - Running statement: 
    INSERT INTO books (title, authors, price, rating)
    VALUES (%s, %s, %s, %s)
    , parameters: ('Data Engineering with dbt: A practical guide to building a cloud-based, pragmatic, and dependable data platform with SQL', 'Roberto Zagni', '37.', '4.6 out of 5 stars')
[2024-08-20T04:44:47.589+0000] {sql.py:518} INFO - Rows affected: 1
[2024-08-20T04:44:47.597+0000] {base.py:84} INFO - Retrieving connection 'books_connection'
[2024-08-20T04:44:47.601+0000] {sql.py:509} INFO - Running statement: 
    INSERT INTO books (title, authors, price, rating)
    VALUES (%s, %s, %s, %s)
    , parameters: ('Designing Data-Intensive Applications: The Big Ideas Behind Reliable, Scalable, and Maintainable Systems', 'Martin Kleppmann', '35.', '4.8 out of 5 stars')
[2024-08-20T04:44:47.602+0000] {sql.py:518} INFO - Rows affected: 1
[2024-08-20T04:44:47.610+0000] {base.py:84} INFO - Retrieving connection 'books_connection'
[2024-08-20T04:44:47.614+0000] {sql.py:509} INFO - Running statement: 
    INSERT INTO books (title, authors, price, rating)
    VALUES (%s, %s, %s, %s)
    , parameters: ('Data Engineering with Python: Work with massive datasets to design data models and automate data pipelines using Python', 'Paul Crickard', '37.', '4.1 out of 5 stars')
[2024-08-20T04:44:47.616+0000] {sql.py:518} INFO - Rows affected: 1
[2024-08-20T04:44:47.624+0000] {base.py:84} INFO - Retrieving connection 'books_connection'
[2024-08-20T04:44:47.628+0000] {sql.py:509} INFO - Running statement: 
    INSERT INTO books (title, authors, price, rating)
    VALUES (%s, %s, %s, %s)
    , parameters: ('Data Engineering with Python cookbook: Learn to build efficient data pipelines using the Modern Cloud Data Stack', 'Adithyan Ramanujakootam', '29.', '5.0 out of 5 stars')
[2024-08-20T04:44:47.630+0000] {sql.py:518} INFO - Rows affected: 1
[2024-08-20T04:44:47.639+0000] {base.py:84} INFO - Retrieving connection 'books_connection'
[2024-08-20T04:44:47.643+0000] {sql.py:509} INFO - Running statement: 
    INSERT INTO books (title, authors, price, rating)
    VALUES (%s, %s, %s, %s)
    , parameters: ('Cracking the Data Engineering Interview: Land your dream job with the help of resume-building tips, over 100 mock questions, and a unique portfolio', 'Kedeisha Bryan', '26.', '4.4 out of 5 stars')
[2024-08-20T04:44:47.645+0000] {sql.py:518} INFO - Rows affected: 1
[2024-08-20T04:44:47.654+0000] {base.py:84} INFO - Retrieving connection 'books_connection'
[2024-08-20T04:44:47.658+0000] {sql.py:509} INFO - Running statement: 
    INSERT INTO books (title, authors, price, rating)
    VALUES (%s, %s, %s, %s)
    , parameters: ('Data Engineering with AWS: Learn how to design and build cloud-based data transformation pipelines using AWS', 'Gareth Eagar', '49.', '4.4 out of 5 stars')
[2024-08-20T04:44:47.660+0000] {sql.py:518} INFO - Rows affected: 1
[2024-08-20T04:44:47.668+0000] {base.py:84} INFO - Retrieving connection 'books_connection'
[2024-08-20T04:44:47.672+0000] {sql.py:509} INFO - Running statement: 
    INSERT INTO books (title, authors, price, rating)
    VALUES (%s, %s, %s, %s)
    , parameters: ('Data Engineering with Google Cloud Platform: A guide to leveling up as a data engineer by building a scalable data platform with Google Cloud', 'Adi Wijaya', '41.', '5.0 out of 5 stars')
[2024-08-20T04:44:47.674+0000] {sql.py:518} INFO - Rows affected: 1
[2024-08-20T04:44:47.682+0000] {base.py:84} INFO - Retrieving connection 'books_connection'
[2024-08-20T04:44:47.685+0000] {sql.py:509} INFO - Running statement: 
    INSERT INTO books (title, authors, price, rating)
    VALUES (%s, %s, %s, %s)
    , parameters: ('Driving Data Quality with Data Contracts: A comprehensive guide to building reliable, trusted, and effective data platforms', 'Andrew Jones', '28.', '4.6 out of 5 stars')
[2024-08-20T04:44:47.687+0000] {sql.py:518} INFO - Rows affected: 1
[2024-08-20T04:44:47.695+0000] {base.py:84} INFO - Retrieving connection 'books_connection'
[2024-08-20T04:44:47.699+0000] {sql.py:509} INFO - Running statement: 
    INSERT INTO books (title, authors, price, rating)
    VALUES (%s, %s, %s, %s)
    , parameters: ('Data Engineering Fundamentals for Beginners: Mastering the Art of Building, Managing, and Scaling Data Systems', 'Paperback', '14.', '5.0 out of 5 stars')
[2024-08-20T04:44:47.701+0000] {sql.py:518} INFO - Rows affected: 1
[2024-08-20T04:44:47.709+0000] {base.py:84} INFO - Retrieving connection 'books_connection'
[2024-08-20T04:44:47.713+0000] {sql.py:509} INFO - Running statement: 
    INSERT INTO books (title, authors, price, rating)
    VALUES (%s, %s, %s, %s)
    , parameters: ('Software Engineering for Data Scientists: From Notebooks to Scalable Systems', 'Catherine Nelson', '52.', '4.5 out of 5 stars')
[2024-08-20T04:44:47.714+0000] {sql.py:518} INFO - Rows affected: 1
[2024-08-20T04:44:47.723+0000] {base.py:84} INFO - Retrieving connection 'books_connection'
[2024-08-20T04:44:47.726+0000] {sql.py:509} INFO - Running statement: 
    INSERT INTO books (title, authors, price, rating)
    VALUES (%s, %s, %s, %s)
    , parameters: ('Data Engineering with Databricks Cookbook: Build effective data and AI solutions using Apache Spark, Databricks, and Delta Lake', 'Pulkit Chadha', '42.', '4.2 out of 5 stars')
[2024-08-20T04:44:47.728+0000] {sql.py:518} INFO - Rows affected: 1
[2024-08-20T04:44:47.737+0000] {base.py:84} INFO - Retrieving connection 'books_connection'
[2024-08-20T04:44:47.741+0000] {sql.py:509} INFO - Running statement: 
    INSERT INTO books (title, authors, price, rating)
    VALUES (%s, %s, %s, %s)
    , parameters: ('Data-Driven Science and Engineering: Machine Learning, Dynamical Systems, and Control', 'Steven L. Brunton', '64.', '4.7 out of 5 stars')
[2024-08-20T04:44:47.743+0000] {sql.py:518} INFO - Rows affected: 1
[2024-08-20T04:44:47.751+0000] {base.py:84} INFO - Retrieving connection 'books_connection'
[2024-08-20T04:44:47.755+0000] {sql.py:509} INFO - Running statement: 
    INSERT INTO books (title, authors, price, rating)
    VALUES (%s, %s, %s, %s)
    , parameters: ('Data Engineering with Apache Spark, Delta Lake, and Lakehouse: Create scalable pipelines that ingest, curate, and aggregate complex data in a timely and secure way', 'Manoj Kukreja', '29.', '3.9 out of 5 stars')
[2024-08-20T04:44:47.756+0000] {sql.py:518} INFO - Rows affected: 1
[2024-08-20T04:44:47.765+0000] {base.py:84} INFO - Retrieving connection 'books_connection'
[2024-08-20T04:44:47.769+0000] {sql.py:509} INFO - Running statement: 
    INSERT INTO books (title, authors, price, rating)
    VALUES (%s, %s, %s, %s)
    , parameters: ('Effective Data Science Infrastructure: How to make data scientists productive', 'Ville Tuulos', '47.', '4.5 out of 5 stars')
[2024-08-20T04:44:47.771+0000] {sql.py:518} INFO - Rows affected: 1
[2024-08-20T04:44:47.779+0000] {base.py:84} INFO - Retrieving connection 'books_connection'
[2024-08-20T04:44:47.783+0000] {sql.py:509} INFO - Running statement: 
    INSERT INTO books (title, authors, price, rating)
    VALUES (%s, %s, %s, %s)
    , parameters: ('Mastering Large Datasets with Python: Parallelize and Distribute Your Python Code', 'John T. Wolohan', '49.', '3.9 out of 5 stars')
[2024-08-20T04:44:47.785+0000] {sql.py:518} INFO - Rows affected: 1
[2024-08-20T04:44:47.794+0000] {base.py:84} INFO - Retrieving connection 'books_connection'
[2024-08-20T04:44:47.798+0000] {sql.py:509} INFO - Running statement: 
    INSERT INTO books (title, authors, price, rating)
    VALUES (%s, %s, %s, %s)
    , parameters: ('DATA ENGINEERING AND AI FOR BEGINNERS: Revolutionizing Data Processing and Analytics by Leveraging Artificial Intelligence for Efficient Input Collection, Storage, and Transformation (World of AI)', 'Paperback', '13.', '4.4 out of 5 stars')
[2024-08-20T04:44:47.800+0000] {sql.py:518} INFO - Rows affected: 1
[2024-08-20T04:44:47.809+0000] {base.py:84} INFO - Retrieving connection 'books_connection'
[2024-08-20T04:44:47.813+0000] {sql.py:509} INFO - Running statement: 
    INSERT INTO books (title, authors, price, rating)
    VALUES (%s, %s, %s, %s)
    , parameters: ('Data Mesh: Delivering Data-Driven Value at Scale', 'Zhamak Dehghani', '43.', '4.5 out of 5 stars')
[2024-08-20T04:44:47.815+0000] {sql.py:518} INFO - Rows affected: 1
[2024-08-20T04:44:47.824+0000] {base.py:84} INFO - Retrieving connection 'books_connection'
[2024-08-20T04:44:47.827+0000] {sql.py:509} INFO - Running statement: 
    INSERT INTO books (title, authors, price, rating)
    VALUES (%s, %s, %s, %s)
    , parameters: ('The Enterprise Data Catalog: Improve Data Discovery, Ensure Data Governance, and Enable Innovation', 'Ole Olesen-Bagneux', '31.', '4.5 out of 5 stars')
[2024-08-20T04:44:47.829+0000] {sql.py:518} INFO - Rows affected: 1
[2024-08-20T04:44:47.836+0000] {base.py:84} INFO - Retrieving connection 'books_connection'
[2024-08-20T04:44:47.840+0000] {sql.py:509} INFO - Running statement: 
    INSERT INTO books (title, authors, price, rating)
    VALUES (%s, %s, %s, %s)
    , parameters: ('Expert Data Modeling with Power BI - Second Edition: Enrich and optimize your data models to get the best out of Power BI for reporting and business needs', 'Soheil Bakhshi', '47.', '4.8 out of 5 stars')
[2024-08-20T04:44:47.842+0000] {sql.py:518} INFO - Rows affected: 1
[2024-08-20T04:44:47.851+0000] {base.py:84} INFO - Retrieving connection 'books_connection'
[2024-08-20T04:44:47.854+0000] {sql.py:509} INFO - Running statement: 
    INSERT INTO books (title, authors, price, rating)
    VALUES (%s, %s, %s, %s)
    , parameters: ('Python Data Engineering Resources: Boost Your Career With This Python Handbook; Prepare For Python Interview; Python Programming Cookbook For Beginners and Experienced; Python Data Analysis and More', 'Vajo Lukic', '9.', '4.8 out of 5 stars')
[2024-08-20T04:44:47.856+0000] {sql.py:518} INFO - Rows affected: 1
[2024-08-20T04:44:47.865+0000] {base.py:84} INFO - Retrieving connection 'books_connection'
[2024-08-20T04:44:47.869+0000] {sql.py:509} INFO - Running statement: 
    INSERT INTO books (title, authors, price, rating)
    VALUES (%s, %s, %s, %s)
    , parameters: ('Machine Learning Engineering', 'Andriy Burkov', '39.', '4.7 out of 5 stars')
[2024-08-20T04:44:47.870+0000] {sql.py:518} INFO - Rows affected: 1
[2024-08-20T04:44:47.878+0000] {base.py:84} INFO - Retrieving connection 'books_connection'
[2024-08-20T04:44:47.883+0000] {sql.py:509} INFO - Running statement: 
    INSERT INTO books (title, authors, price, rating)
    VALUES (%s, %s, %s, %s)
    , parameters: ('Data Modeling with Snowflake: A practical guide to accelerating Snowflake development using universal data modeling techniques', 'Serge Gershkovich', '36.', '4.8 out of 5 stars')
[2024-08-20T04:44:47.884+0000] {sql.py:518} INFO - Rows affected: 1
[2024-08-20T04:44:47.893+0000] {base.py:84} INFO - Retrieving connection 'books_connection'
[2024-08-20T04:44:47.896+0000] {sql.py:509} INFO - Running statement: 
    INSERT INTO books (title, authors, price, rating)
    VALUES (%s, %s, %s, %s)
    , parameters: ('Data Engineering with Databricks', 'Paperback', '25.', '3.4 out of 5 stars')
[2024-08-20T04:44:47.898+0000] {sql.py:518} INFO - Rows affected: 1
[2024-08-20T04:44:47.907+0000] {base.py:84} INFO - Retrieving connection 'books_connection'
[2024-08-20T04:44:47.911+0000] {sql.py:509} INFO - Running statement: 
    INSERT INTO books (title, authors, price, rating)
    VALUES (%s, %s, %s, %s)
    , parameters: ('Modern Data Engineering with Apache Spark: A Hands-On Guide for Building Mission-Critical Streaming Applications', 'Scott Haines', '30.', '4.1 out of 5 stars')
[2024-08-20T04:44:47.913+0000] {sql.py:518} INFO - Rows affected: 1
[2024-08-20T04:44:47.921+0000] {base.py:84} INFO - Retrieving connection 'books_connection'
[2024-08-20T04:44:47.924+0000] {sql.py:509} INFO - Running statement: 
    INSERT INTO books (title, authors, price, rating)
    VALUES (%s, %s, %s, %s)
    , parameters: ('Ace the Data Science Interview: 201 Real Interview Questions Asked By FAANG, Tech Startups, & Wall Street', 'Nick Singh', '42.', '4.5 out of 5 stars')
[2024-08-20T04:44:47.926+0000] {sql.py:518} INFO - Rows affected: 1
[2024-08-20T04:44:47.935+0000] {base.py:84} INFO - Retrieving connection 'books_connection'
[2024-08-20T04:44:47.939+0000] {sql.py:509} INFO - Running statement: 
    INSERT INTO books (title, authors, price, rating)
    VALUES (%s, %s, %s, %s)
    , parameters: ("Data Quality Fundamentals: A Practitioner's Guide to Building Trustworthy Data Pipelines", 'Paperback', '45.', '4.1 out of 5 stars')
[2024-08-20T04:44:47.942+0000] {sql.py:518} INFO - Rows affected: 1
[2024-08-20T04:44:47.950+0000] {base.py:84} INFO - Retrieving connection 'books_connection'
[2024-08-20T04:44:47.954+0000] {sql.py:509} INFO - Running statement: 
    INSERT INTO books (title, authors, price, rating)
    VALUES (%s, %s, %s, %s)
    , parameters: ('Storytelling with Data: A Data Visualization Guide for Business Professionals', 'Cole Nussbaumer Knaflic', '27.', '4.6 out of 5 stars')
[2024-08-20T04:44:47.956+0000] {sql.py:518} INFO - Rows affected: 1
[2024-08-20T04:44:47.964+0000] {base.py:84} INFO - Retrieving connection 'books_connection'
[2024-08-20T04:44:47.968+0000] {sql.py:509} INFO - Running statement: 
    INSERT INTO books (title, authors, price, rating)
    VALUES (%s, %s, %s, %s)
    , parameters: ('97 Things Every Data Engineer Should Know: Collective Wisdom from the Experts', 'Audible Audiobook', '0.', '4.1 out of 5 stars')
[2024-08-20T04:44:47.970+0000] {sql.py:518} INFO - Rows affected: 1
[2024-08-20T04:44:47.979+0000] {base.py:84} INFO - Retrieving connection 'books_connection'
[2024-08-20T04:44:47.983+0000] {sql.py:509} INFO - Running statement: 
    INSERT INTO books (title, authors, price, rating)
    VALUES (%s, %s, %s, %s)
    , parameters: ('Data Engineering with Google Cloud Platform: A practical guide to operationalizing scalable data analytics systems on GCP', 'Adi Wijaya', '41.', '4.7 out of 5 stars')
[2024-08-20T04:44:47.985+0000] {sql.py:518} INFO - Rows affected: 1
[2024-08-20T04:44:47.994+0000] {base.py:84} INFO - Retrieving connection 'books_connection'
[2024-08-20T04:44:47.998+0000] {sql.py:509} INFO - Running statement: 
    INSERT INTO books (title, authors, price, rating)
    VALUES (%s, %s, %s, %s)
    , parameters: ('Fundamentals of Data Analytics: Learn Essential Skills, Embrace the Future, and Catapult Your Career in the Data-Driven World—A Comprehensive Guide to Data Literacy for Beginners', 'Russell Dawson', '16.', '4.8 out of 5 stars')
[2024-08-20T04:44:48.000+0000] {sql.py:518} INFO - Rows affected: 1
[2024-08-20T04:44:48.009+0000] {base.py:84} INFO - Retrieving connection 'books_connection'
[2024-08-20T04:44:48.013+0000] {sql.py:509} INFO - Running statement: 
    INSERT INTO books (title, authors, price, rating)
    VALUES (%s, %s, %s, %s)
    , parameters: ('Prompt Engineering for Generative AI: Future-Proof Inputs for Reliable AI Outputs', 'James Phoenix', '57.', '4.4 out of 5 stars')
[2024-08-20T04:44:48.015+0000] {sql.py:518} INFO - Rows affected: 1
[2024-08-20T04:44:48.024+0000] {base.py:84} INFO - Retrieving connection 'books_connection'
[2024-08-20T04:44:48.028+0000] {sql.py:509} INFO - Running statement: 
    INSERT INTO books (title, authors, price, rating)
    VALUES (%s, %s, %s, %s)
    , parameters: ('Analytics Engineering with SQL and dbt: Building Meaningful Data Models at Scale', 'Rui Pedro Machado', '41.', '3.8 out of 5 stars')
[2024-08-20T04:44:48.029+0000] {sql.py:518} INFO - Rows affected: 1
[2024-08-20T04:44:48.038+0000] {base.py:84} INFO - Retrieving connection 'books_connection'
[2024-08-20T04:44:48.042+0000] {sql.py:509} INFO - Running statement: 
    INSERT INTO books (title, authors, price, rating)
    VALUES (%s, %s, %s, %s)
    , parameters: ('Data Observability for Data Engineering: Proactive strategies for ensuring data accuracy and addressing broken data pipelines', 'Michele Pinto', '18.', '3.7 out of 5 stars')
[2024-08-20T04:44:48.044+0000] {sql.py:518} INFO - Rows affected: 1
[2024-08-20T04:44:48.053+0000] {base.py:84} INFO - Retrieving connection 'books_connection'
[2024-08-20T04:44:48.057+0000] {sql.py:509} INFO - Running statement: 
    INSERT INTO books (title, authors, price, rating)
    VALUES (%s, %s, %s, %s)
    , parameters: ('Azure Data Engineering Cookbook - Second Edition: Get well versed in various data engineering techniques in Azure using this recipe-based guide', 'Nagaraj Venkatesan', '51.', '3.5 out of 5 stars')
[2024-08-20T04:44:48.059+0000] {sql.py:518} INFO - Rows affected: 1
[2024-08-20T04:44:48.069+0000] {base.py:84} INFO - Retrieving connection 'books_connection'
[2024-08-20T04:44:48.073+0000] {sql.py:509} INFO - Running statement: 
    INSERT INTO books (title, authors, price, rating)
    VALUES (%s, %s, %s, %s)
    , parameters: ('Python Programming and SQL: 5 books in 1 - The #1 Coding Course from Beginner to Advanced. Learn it Well & Fast (2024) (Computer Programming)', 'Paperback', '32.', '4.3 out of 5 stars')
[2024-08-20T04:44:48.075+0000] {sql.py:518} INFO - Rows affected: 1
[2024-08-20T04:44:48.084+0000] {base.py:84} INFO - Retrieving connection 'books_connection'
[2024-08-20T04:44:48.087+0000] {sql.py:509} INFO - Running statement: 
    INSERT INTO books (title, authors, price, rating)
    VALUES (%s, %s, %s, %s)
    , parameters: ('The Data Warehouse Toolkit: The Definitive Guide to Dimensional Modeling', 'Paperback', '47.', '4.7 out of 5 stars')
[2024-08-20T04:44:48.089+0000] {sql.py:518} INFO - Rows affected: 1
[2024-08-20T04:44:48.098+0000] {base.py:84} INFO - Retrieving connection 'books_connection'
[2024-08-20T04:44:48.102+0000] {sql.py:509} INFO - Running statement: 
    INSERT INTO books (title, authors, price, rating)
    VALUES (%s, %s, %s, %s)
    , parameters: ('Official Google Cloud Certified Professional Data Engineer Study Guide', 'Dan Sullivan', '33.', '4.5 out of 5 stars')
[2024-08-20T04:44:48.104+0000] {sql.py:518} INFO - Rows affected: 1
[2024-08-20T04:44:48.112+0000] {base.py:84} INFO - Retrieving connection 'books_connection'
[2024-08-20T04:44:48.116+0000] {sql.py:509} INFO - Running statement: 
    INSERT INTO books (title, authors, price, rating)
    VALUES (%s, %s, %s, %s)
    , parameters: ('Azure Data Engineer Associate Certification Guide: A hands-on reference guide to developing your data engineering skills and preparing for the DP-203 exam', 'Newton Alex', '54.', '3.9 out of 5 stars')
[2024-08-20T04:44:48.118+0000] {sql.py:518} INFO - Rows affected: 1
[2024-08-20T04:44:48.127+0000] {base.py:84} INFO - Retrieving connection 'books_connection'
[2024-08-20T04:44:48.130+0000] {sql.py:509} INFO - Running statement: 
    INSERT INTO books (title, authors, price, rating)
    VALUES (%s, %s, %s, %s)
    , parameters: ('Data Engineering with Scala and Spark: A practical guide helping you build streaming and batch pipelines that process massive amounts of data using Scala', 'Eric Tome', '36.', '4.3 out of 5 stars')
[2024-08-20T04:44:48.132+0000] {sql.py:518} INFO - Rows affected: 1
[2024-08-20T04:44:48.141+0000] {base.py:84} INFO - Retrieving connection 'books_connection'
[2024-08-20T04:44:48.145+0000] {sql.py:509} INFO - Running statement: 
    INSERT INTO books (title, authors, price, rating)
    VALUES (%s, %s, %s, %s)
    , parameters: ('Learning Spark: Lightning-Fast Data Analytics', 'Jules S. Damji', '43.', '4.7 out of 5 stars')
[2024-08-20T04:44:48.147+0000] {sql.py:518} INFO - Rows affected: 1
[2024-08-20T04:44:48.155+0000] {base.py:84} INFO - Retrieving connection 'books_connection'
[2024-08-20T04:44:48.159+0000] {sql.py:509} INFO - Running statement: 
    INSERT INTO books (title, authors, price, rating)
    VALUES (%s, %s, %s, %s)
    , parameters: ('Data Engineering and Data Science for Babies: Activity Workbook Part 1', 'Paperback', '9.', '4.1 out of 5 stars')
[2024-08-20T04:44:48.161+0000] {sql.py:518} INFO - Rows affected: 1
[2024-08-20T04:44:48.170+0000] {base.py:84} INFO - Retrieving connection 'books_connection'
[2024-08-20T04:44:48.174+0000] {sql.py:509} INFO - Running statement: 
    INSERT INTO books (title, authors, price, rating)
    VALUES (%s, %s, %s, %s)
    , parameters: ('Electrical engineering without prior knowledge: Understand the basics within 7 days (Become an Engineer Without Prior Knowledge)', 'Paperback', '17.', '4.4 out of 5 stars')
[2024-08-20T04:44:48.176+0000] {sql.py:518} INFO - Rows affected: 1
[2024-08-20T04:44:48.185+0000] {base.py:84} INFO - Retrieving connection 'books_connection'
[2024-08-20T04:44:48.189+0000] {sql.py:509} INFO - Running statement: 
    INSERT INTO books (title, authors, price, rating)
    VALUES (%s, %s, %s, %s)
    , parameters: ('Data Privacy: A runbook for engineers', 'Nishant Bhajaria', '32.', '4.8 out of 5 stars')
[2024-08-20T04:44:48.192+0000] {sql.py:518} INFO - Rows affected: 1
[2024-08-20T04:44:48.202+0000] {base.py:84} INFO - Retrieving connection 'books_connection'
[2024-08-20T04:44:48.206+0000] {sql.py:509} INFO - Running statement: 
    INSERT INTO books (title, authors, price, rating)
    VALUES (%s, %s, %s, %s)
    , parameters: ("SQL QuickStart Guide: The Simplified Beginner's Guide to Managing, Analyzing, and Manipulating Data With SQL (Coding & Programming - QuickStart Guides)", 'Paperback', '18.', '4.6 out of 5 stars')
[2024-08-20T04:44:48.208+0000] {sql.py:518} INFO - Rows affected: 1
[2024-08-20T04:44:48.217+0000] {base.py:84} INFO - Retrieving connection 'books_connection'
[2024-08-20T04:44:48.221+0000] {sql.py:509} INFO - Running statement: 
    INSERT INTO books (title, authors, price, rating)
    VALUES (%s, %s, %s, %s)
    , parameters: ('Concepts of Generative AI and Data Engineering: Vital Concepts in Data Engineering and the World of Generative AI', 'Kindle', '29.', '5.0 out of 5 stars')
[2024-08-20T04:44:48.224+0000] {sql.py:518} INFO - Rows affected: 1
[2024-08-20T04:44:48.232+0000] {base.py:84} INFO - Retrieving connection 'books_connection'
[2024-08-20T04:44:48.236+0000] {sql.py:509} INFO - Running statement: 
    INSERT INTO books (title, authors, price, rating)
    VALUES (%s, %s, %s, %s)
    , parameters: ('Data Analytics, Data Visualization & Communicating Data: 3 books in 1: Learn the Processes of Data Analytics and Data Science, Create Engaging Data Visualizations, and Present Data Effectively', 'Audible Audiobook', '0.', '4.5 out of 5 stars')
[2024-08-20T04:44:48.238+0000] {sql.py:518} INFO - Rows affected: 1
[2024-08-20T04:44:48.247+0000] {base.py:84} INFO - Retrieving connection 'books_connection'
[2024-08-20T04:44:48.252+0000] {sql.py:509} INFO - Running statement: 
    INSERT INTO books (title, authors, price, rating)
    VALUES (%s, %s, %s, %s)
    , parameters: ('Machine Learning Engineering with Python - Second Edition: Manage the lifecycle of machine learning models using MLOps with practical examples', 'Andrew McMahon', '32.', '4.7 out of 5 stars')
[2024-08-20T04:44:48.253+0000] {sql.py:518} INFO - Rows affected: 1
[2024-08-20T04:44:48.263+0000] {base.py:84} INFO - Retrieving connection 'books_connection'
[2024-08-20T04:44:48.267+0000] {sql.py:509} INFO - Running statement: 
    INSERT INTO books (title, authors, price, rating)
    VALUES (%s, %s, %s, %s)
    , parameters: ('Salesforce CRM Administration Handbook: A comprehensive guide to administering, configuring, and customizing Salesforce CRM', 'Krzysztof Nowacki', '35.', '5.0 out of 5 stars')
[2024-08-20T04:44:48.269+0000] {sql.py:518} INFO - Rows affected: 1
[2024-08-20T04:44:48.278+0000] {base.py:84} INFO - Retrieving connection 'books_connection'
[2024-08-20T04:44:48.282+0000] {sql.py:509} INFO - Running statement: 
    INSERT INTO books (title, authors, price, rating)
    VALUES (%s, %s, %s, %s)
    , parameters: ('Database Internals: A Deep Dive into How Distributed Data Systems Work', 'Alex Petrov', '36.', '4.6 out of 5 stars')
[2024-08-20T04:44:48.284+0000] {sql.py:518} INFO - Rows affected: 1
[2024-08-20T04:44:48.295+0000] {base.py:84} INFO - Retrieving connection 'books_connection'
[2024-08-20T04:44:48.299+0000] {sql.py:509} INFO - Running statement: 
    INSERT INTO books (title, authors, price, rating)
    VALUES (%s, %s, %s, %s)
    , parameters: ("Ultimate Data Engineering with Databricks: Develop Scalable Data Pipelines Using Data Engineering's Core Tenets Such as Delta Tables, Ingestion, ... Security, and Scalability (English Edition)", 'Mayank Malhotra', '37.', '3.8 out of 5 stars')
[2024-08-20T04:44:48.301+0000] {sql.py:518} INFO - Rows affected: 1
[2024-08-20T04:44:48.310+0000] {base.py:84} INFO - Retrieving connection 'books_connection'
[2024-08-20T04:44:48.315+0000] {sql.py:509} INFO - Running statement: 
    INSERT INTO books (title, authors, price, rating)
    VALUES (%s, %s, %s, %s)
    , parameters: ('Fundamentals of Data Engineering: Efficiency, Insight, Impact: Transforming Data into Value through Expert Engineering Practices', 'Joseph Achakji', '0.', '4.6 out of 5 stars')
[2024-08-20T04:44:48.317+0000] {sql.py:518} INFO - Rows affected: 1
[2024-08-20T04:44:48.326+0000] {base.py:84} INFO - Retrieving connection 'books_connection'
[2024-08-20T04:44:48.331+0000] {sql.py:509} INFO - Running statement: 
    INSERT INTO books (title, authors, price, rating)
    VALUES (%s, %s, %s, %s)
    , parameters: ("Applied Machine Learning and AI for Engineers: Solve Business Problems That Can't Be Solved Algorithmically", 'Jeff Prosise', '55.', '4.5 out of 5 stars')
[2024-08-20T04:44:48.333+0000] {sql.py:518} INFO - Rows affected: 1
[2024-08-20T04:44:48.341+0000] {base.py:84} INFO - Retrieving connection 'books_connection'
[2024-08-20T04:44:48.345+0000] {sql.py:509} INFO - Running statement: 
    INSERT INTO books (title, authors, price, rating)
    VALUES (%s, %s, %s, %s)
    , parameters: ('Fundamentals of Data Visualization: A Primer on Making Informative and Compelling Figures', 'Claus Wilke', '49.', '4.6 out of 5 stars')
[2024-08-20T04:44:48.346+0000] {sql.py:518} INFO - Rows affected: 1
[2024-08-20T04:44:48.354+0000] {base.py:84} INFO - Retrieving connection 'books_connection'
[2024-08-20T04:44:48.358+0000] {sql.py:509} INFO - Running statement: 
    INSERT INTO books (title, authors, price, rating)
    VALUES (%s, %s, %s, %s)
    , parameters: ("Data: Principles To Practice - Volume 1 'Foundations': Essential Foundations: Key Concepts behind Data Architecture, Engineering and Analysis for Professionals", 'Alex Holloway', '0.', '4.7 out of 5 stars')
[2024-08-20T04:44:48.360+0000] {sql.py:518} INFO - Rows affected: 1
[2024-08-20T04:44:48.367+0000] {base.py:84} INFO - Retrieving connection 'books_connection'
[2024-08-20T04:44:48.371+0000] {sql.py:509} INFO - Running statement: 
    INSERT INTO books (title, authors, price, rating)
    VALUES (%s, %s, %s, %s)
    , parameters: ('How Data Happened: A History from the Age of Reason to the Age of Algorithms', 'Chris Wiggins', '16.', '4.2 out of 5 stars')
[2024-08-20T04:44:48.373+0000] {sql.py:518} INFO - Rows affected: 1
[2024-08-20T04:44:48.380+0000] {base.py:84} INFO - Retrieving connection 'books_connection'
[2024-08-20T04:44:48.383+0000] {sql.py:509} INFO - Running statement: 
    INSERT INTO books (title, authors, price, rating)
    VALUES (%s, %s, %s, %s)
    , parameters: ('Data Science (The MIT Press Essential Knowledge series)', 'Paperback', '10.', '4.4 out of 5 stars')
[2024-08-20T04:44:48.385+0000] {sql.py:518} INFO - Rows affected: 1
[2024-08-20T04:44:48.392+0000] {base.py:84} INFO - Retrieving connection 'books_connection'
[2024-08-20T04:44:48.396+0000] {sql.py:509} INFO - Running statement: 
    INSERT INTO books (title, authors, price, rating)
    VALUES (%s, %s, %s, %s)
    , parameters: ('Better Data Visualizations: A Guide for Scholars, Researchers, and Wonks', 'Jonathan Schwabish', '26.', '4.5 out of 5 stars')
[2024-08-20T04:44:48.397+0000] {sql.py:518} INFO - Rows affected: 1
[2024-08-20T04:44:48.404+0000] {base.py:84} INFO - Retrieving connection 'books_connection'
[2024-08-20T04:44:48.408+0000] {sql.py:509} INFO - Running statement: 
    INSERT INTO books (title, authors, price, rating)
    VALUES (%s, %s, %s, %s)
    , parameters: ('Mastering the Data Paradox: Key to Winning in the AI Age', 'Nitin Seth', '18.', '4.8 out of 5 stars')
[2024-08-20T04:44:48.409+0000] {sql.py:518} INFO - Rows affected: 1
[2024-08-20T04:44:48.416+0000] {base.py:84} INFO - Retrieving connection 'books_connection'
[2024-08-20T04:44:48.420+0000] {sql.py:509} INFO - Running statement: 
    INSERT INTO books (title, authors, price, rating)
    VALUES (%s, %s, %s, %s)
    , parameters: ("System Design Interview – An insider's guide", 'Alex Xu', '37.', '4.6 out of 5 stars')
[2024-08-20T04:44:48.421+0000] {sql.py:518} INFO - Rows affected: 1
[2024-08-20T04:44:48.429+0000] {base.py:84} INFO - Retrieving connection 'books_connection'
[2024-08-20T04:44:48.432+0000] {sql.py:509} INFO - Running statement: 
    INSERT INTO books (title, authors, price, rating)
    VALUES (%s, %s, %s, %s)
    , parameters: ('Data Science on AWS: Implementing End-to-End, Continuous AI and Machine Learning Pipelines', 'Chris Fregly', '11.', '4.5 out of 5 stars')
[2024-08-20T04:44:48.433+0000] {sql.py:518} INFO - Rows affected: 1
[2024-08-20T04:44:48.442+0000] {base.py:84} INFO - Retrieving connection 'books_connection'
[2024-08-20T04:44:48.445+0000] {sql.py:509} INFO - Running statement: 
    INSERT INTO books (title, authors, price, rating)
    VALUES (%s, %s, %s, %s)
    , parameters: ('A Common-Sense Guide to Data Structures and Algorithms, Second Edition: Level Up Your Core Programming Skills', 'Jay Wengrow', '39.', '4.7 out of 5 stars')
[2024-08-20T04:44:48.446+0000] {sql.py:518} INFO - Rows affected: 1
[2024-08-20T04:44:48.455+0000] {base.py:84} INFO - Retrieving connection 'books_connection'
[2024-08-20T04:44:48.458+0000] {sql.py:509} INFO - Running statement: 
    INSERT INTO books (title, authors, price, rating)
    VALUES (%s, %s, %s, %s)
    , parameters: ('Build a Career in Data Science', 'Emily Robinson', '35.', '4.6 out of 5 stars')
[2024-08-20T04:44:48.460+0000] {sql.py:518} INFO - Rows affected: 1
[2024-08-20T04:44:48.468+0000] {base.py:84} INFO - Retrieving connection 'books_connection'
[2024-08-20T04:44:48.472+0000] {sql.py:509} INFO - Running statement: 
    INSERT INTO books (title, authors, price, rating)
    VALUES (%s, %s, %s, %s)
    , parameters: ('Feature Engineering for Machine Learning: Principles and Techniques for Data Scientists', 'Alice Zheng', '41.', '4.4 out of 5 stars')
[2024-08-20T04:44:48.474+0000] {sql.py:518} INFO - Rows affected: 1
[2024-08-20T04:44:48.481+0000] {base.py:84} INFO - Retrieving connection 'books_connection'
[2024-08-20T04:44:48.485+0000] {sql.py:509} INFO - Running statement: 
    INSERT INTO books (title, authors, price, rating)
    VALUES (%s, %s, %s, %s)
    , parameters: ('Data Quality Engineering in Financial Services: Applying Manufacturing Techniques to Data', 'Brian Buzzelli', '30.', '4.4 out of 5 stars')
[2024-08-20T04:44:48.486+0000] {sql.py:518} INFO - Rows affected: 1
[2024-08-20T04:44:48.494+0000] {base.py:84} INFO - Retrieving connection 'books_connection'
[2024-08-20T04:44:48.497+0000] {sql.py:509} INFO - Running statement: 
    INSERT INTO books (title, authors, price, rating)
    VALUES (%s, %s, %s, %s)
    , parameters: ('The Data Governance Guidebook and Playbook: By a Practitioner for Practitioners', 'Paperback', '25.', '4.3 out of 5 stars')
[2024-08-20T04:44:48.499+0000] {sql.py:518} INFO - Rows affected: 1
[2024-08-20T04:44:48.506+0000] {base.py:84} INFO - Retrieving connection 'books_connection'
[2024-08-20T04:44:48.510+0000] {sql.py:509} INFO - Running statement: 
    INSERT INTO books (title, authors, price, rating)
    VALUES (%s, %s, %s, %s)
    , parameters: ('Engineers Survival Guide: Advice, tactics, and tricks After a decade of working at Facebook, Snapchat, and Microsoft', 'Merih Taze', '29.', '4.4 out of 5 stars')
[2024-08-20T04:44:48.511+0000] {sql.py:518} INFO - Rows affected: 1
[2024-08-20T04:44:48.519+0000] {base.py:84} INFO - Retrieving connection 'books_connection'
[2024-08-20T04:44:48.522+0000] {sql.py:509} INFO - Running statement: 
    INSERT INTO books (title, authors, price, rating)
    VALUES (%s, %s, %s, %s)
    , parameters: ('SQL Data Analytics Made Easy: Your Step-by-Step Guide to Unlocking Data’s Hidden Secrets: Demystify complex concepts, and harness the power of data to drive intelligent decision-making effortlessly.', 'L.D. Knowings', '14.', '4.1 out of 5 stars')
[2024-08-20T04:44:48.524+0000] {sql.py:518} INFO - Rows affected: 1
[2024-08-20T04:44:48.532+0000] {base.py:84} INFO - Retrieving connection 'books_connection'
[2024-08-20T04:44:48.535+0000] {sql.py:509} INFO - Running statement: 
    INSERT INTO books (title, authors, price, rating)
    VALUES (%s, %s, %s, %s)
    , parameters: ('AWS Certified Data Analytics Study Guide: Specialty (DAS-C01) Exam', 'Asif Abbasi', '31.', '4.6 out of 5 stars')
[2024-08-20T04:44:48.536+0000] {sql.py:518} INFO - Rows affected: 1
[2024-08-20T04:44:48.544+0000] {base.py:84} INFO - Retrieving connection 'books_connection'
[2024-08-20T04:44:48.547+0000] {sql.py:509} INFO - Running statement: 
    INSERT INTO books (title, authors, price, rating)
    VALUES (%s, %s, %s, %s)
    , parameters: ('Modeling and Simulation in Python: An Introduction for Scientists and Engineers', 'Allen B. Downey', '32.', '4.5 out of 5 stars')
[2024-08-20T04:44:48.549+0000] {sql.py:518} INFO - Rows affected: 1
[2024-08-20T04:44:48.557+0000] {base.py:84} INFO - Retrieving connection 'books_connection'
[2024-08-20T04:44:48.562+0000] {sql.py:509} INFO - Running statement: 
    INSERT INTO books (title, authors, price, rating)
    VALUES (%s, %s, %s, %s)
    , parameters: ('50 Algorithms Every Programmer Should Know - Second Edition: An unbeatable arsenal of algorithmic solutions for real-world problems', 'Imran Ahmad', '37.', '4.4 out of 5 stars')
[2024-08-20T04:44:48.564+0000] {sql.py:518} INFO - Rows affected: 1
[2024-08-20T04:44:48.573+0000] {base.py:84} INFO - Retrieving connection 'books_connection'
[2024-08-20T04:44:48.577+0000] {sql.py:509} INFO - Running statement: 
    INSERT INTO books (title, authors, price, rating)
    VALUES (%s, %s, %s, %s)
    , parameters: ('Data Science: The Hard Parts: Techniques for Excelling at Data Science', 'Daniel Vaughan', '48.', '5.0 out of 5 stars')
[2024-08-20T04:44:48.578+0000] {sql.py:518} INFO - Rows affected: 1
[2024-08-20T04:44:48.589+0000] {base.py:84} INFO - Retrieving connection 'books_connection'
[2024-08-20T04:44:48.593+0000] {sql.py:509} INFO - Running statement: 
    INSERT INTO books (title, authors, price, rating)
    VALUES (%s, %s, %s, %s)
    , parameters: ('Data Management at Scale: Modern Data Architecture with Data Mesh and Data Fabric', 'Piethein Strengholt', '47.', '4.5 out of 5 stars')
[2024-08-20T04:44:48.594+0000] {sql.py:518} INFO - Rows affected: 1
[2024-08-20T04:44:48.602+0000] {base.py:84} INFO - Retrieving connection 'books_connection'
[2024-08-20T04:44:48.606+0000] {sql.py:509} INFO - Running statement: 
    INSERT INTO books (title, authors, price, rating)
    VALUES (%s, %s, %s, %s)
    , parameters: ('Architecting Data and Machine Learning Platforms: Enable Analytics and AI-Driven Innovation in the Cloud', 'Marco Tranquillin', '37.', '4.3 out of 5 stars')
[2024-08-20T04:44:48.607+0000] {sql.py:518} INFO - Rows affected: 1
[2024-08-20T04:44:48.615+0000] {base.py:84} INFO - Retrieving connection 'books_connection'
[2024-08-20T04:44:48.619+0000] {sql.py:509} INFO - Running statement: 
    INSERT INTO books (title, authors, price, rating)
    VALUES (%s, %s, %s, %s)
    , parameters: ('Data-Centric Machine Learning with Python: The ultimate guide to engineering and deploying high-quality models based on good data', 'Jonas Christensen', '49.', '4.6 out of 5 stars')
[2024-08-20T04:44:48.620+0000] {sql.py:518} INFO - Rows affected: 1
[2024-08-20T04:44:48.627+0000] {base.py:84} INFO - Retrieving connection 'books_connection'
[2024-08-20T04:44:48.631+0000] {sql.py:509} INFO - Running statement: 
    INSERT INTO books (title, authors, price, rating)
    VALUES (%s, %s, %s, %s)
    , parameters: ('Ultimate Azure Data Engineering: Build Robust Data Engineering Systems on Azure with SQL, ETL, Data Modeling, and Power BI for Business Insights and Crack Azure Certifications (English Edition)', 'Ashish Agarwal', '39.', '5.0 out of 5 stars')
[2024-08-20T04:44:48.632+0000] {sql.py:518} INFO - Rows affected: 1
[2024-08-20T04:44:48.640+0000] {base.py:84} INFO - Retrieving connection 'books_connection'
[2024-08-20T04:44:48.644+0000] {sql.py:509} INFO - Running statement: 
    INSERT INTO books (title, authors, price, rating)
    VALUES (%s, %s, %s, %s)
    , parameters: ('Building ETL Pipelines with Python: Create and deploy enterprise-ready ETL pipelines by employing modern methods', 'Brij Kishore Pandey', '17.', '4.2 out of 5 stars')
[2024-08-20T04:44:48.645+0000] {sql.py:518} INFO - Rows affected: 1
[2024-08-20T04:44:48.653+0000] {base.py:84} INFO - Retrieving connection 'books_connection'
[2024-08-20T04:44:48.657+0000] {sql.py:509} INFO - Running statement: 
    INSERT INTO books (title, authors, price, rating)
    VALUES (%s, %s, %s, %s)
    , parameters: ('Hypothesis Testing: An Intuitive Guide for Making Data Driven Decisions', 'Jim Frost', '23.', '4.5 out of 5 stars')
[2024-08-20T04:44:48.658+0000] {sql.py:518} INFO - Rows affected: 1
[2024-08-20T04:44:48.665+0000] {base.py:84} INFO - Retrieving connection 'books_connection'
[2024-08-20T04:44:48.669+0000] {sql.py:509} INFO - Running statement: 
    INSERT INTO books (title, authors, price, rating)
    VALUES (%s, %s, %s, %s)
    , parameters: ('The Art of Doing Science and Engineering: Learning to Learn', 'Richard W. Hamming', '19.', '4.6 out of 5 stars')
[2024-08-20T04:44:48.670+0000] {sql.py:518} INFO - Rows affected: 1
[2024-08-20T04:44:48.678+0000] {base.py:84} INFO - Retrieving connection 'books_connection'
[2024-08-20T04:44:48.681+0000] {sql.py:509} INFO - Running statement: 
    INSERT INTO books (title, authors, price, rating)
    VALUES (%s, %s, %s, %s)
    , parameters: ('Designing Cloud Data Platforms', 'Audible Audiobook', '0.', '4.7 out of 5 stars')
[2024-08-20T04:44:48.683+0000] {sql.py:518} INFO - Rows affected: 1
[2024-08-20T04:44:48.691+0000] {base.py:84} INFO - Retrieving connection 'books_connection'
[2024-08-20T04:44:48.695+0000] {sql.py:509} INFO - Running statement: 
    INSERT INTO books (title, authors, price, rating)
    VALUES (%s, %s, %s, %s)
    , parameters: ('Practical Reverse Engineering: x86, x64, ARM, Windows Kernel, Reversing Tools, and Obfuscation', 'Bruce Dang', '34.', '4.6 out of 5 stars')
[2024-08-20T04:44:48.697+0000] {sql.py:518} INFO - Rows affected: 1
[2024-08-20T04:44:48.705+0000] {base.py:84} INFO - Retrieving connection 'books_connection'
[2024-08-20T04:44:48.709+0000] {sql.py:509} INFO - Running statement: 
    INSERT INTO books (title, authors, price, rating)
    VALUES (%s, %s, %s, %s)
    , parameters: ('Mastering Databricks Lakehouse Platform: Perform Data Warehousing, Data Engineering, Machine Learning, DevOps, and BI into a Single Platform (English Edition)', 'Sagar Lad', '26.', '3.6 out of 5 stars')
[2024-08-20T04:44:48.710+0000] {sql.py:518} INFO - Rows affected: 1
[2024-08-20T04:44:48.719+0000] {base.py:84} INFO - Retrieving connection 'books_connection'
[2024-08-20T04:44:48.722+0000] {sql.py:509} INFO - Running statement: 
    INSERT INTO books (title, authors, price, rating)
    VALUES (%s, %s, %s, %s)
    , parameters: ('Practical Fraud Prevention: Fraud and AML Analytics for Fintech and eCommerce, Using SQL and Python', 'Gilit Saporta', '47.', '4.4 out of 5 stars')
[2024-08-20T04:44:48.724+0000] {sql.py:518} INFO - Rows affected: 1
[2024-08-20T04:44:48.732+0000] {base.py:84} INFO - Retrieving connection 'books_connection'
[2024-08-20T04:44:48.735+0000] {sql.py:509} INFO - Running statement: 
    INSERT INTO books (title, authors, price, rating)
    VALUES (%s, %s, %s, %s)
    , parameters: ('Observability Engineering: Achieving Production Excellence', 'Charity Majors', '34.', '4.3 out of 5 stars')
[2024-08-20T04:44:48.737+0000] {sql.py:518} INFO - Rows affected: 1
[2024-08-20T04:44:48.746+0000] {base.py:84} INFO - Retrieving connection 'books_connection'
[2024-08-20T04:44:48.750+0000] {sql.py:509} INFO - Running statement: 
    INSERT INTO books (title, authors, price, rating)
    VALUES (%s, %s, %s, %s)
    , parameters: ('Data Structures and Algorithms: 100 Interview Questions (Advanced Topics in Programming Book 2)', 'Kindle', '9.', '5.0 out of 5 stars')
[2024-08-20T04:44:48.752+0000] {sql.py:518} INFO - Rows affected: 1
[2024-08-20T04:44:48.760+0000] {base.py:84} INFO - Retrieving connection 'books_connection'
[2024-08-20T04:44:48.763+0000] {sql.py:509} INFO - Running statement: 
    INSERT INTO books (title, authors, price, rating)
    VALUES (%s, %s, %s, %s)
    , parameters: ('Grokking Algorithms', 'Audible Audiobook', '0.', '4.6 out of 5 stars')
[2024-08-20T04:44:48.765+0000] {sql.py:518} INFO - Rows affected: 1
[2024-08-20T04:44:48.774+0000] {base.py:84} INFO - Retrieving connection 'books_connection'
[2024-08-20T04:44:48.777+0000] {sql.py:509} INFO - Running statement: 
    INSERT INTO books (title, authors, price, rating)
    VALUES (%s, %s, %s, %s)
    , parameters: ("Storytelling with Data: Let's Practice!", 'Cole Nussbaumer Knaflic', '28.', '4.7 out of 5 stars')
[2024-08-20T04:44:48.779+0000] {sql.py:518} INFO - Rows affected: 1
[2024-08-20T04:44:48.787+0000] {base.py:84} INFO - Retrieving connection 'books_connection'
[2024-08-20T04:44:48.791+0000] {sql.py:509} INFO - Running statement: 
    INSERT INTO books (title, authors, price, rating)
    VALUES (%s, %s, %s, %s)
    , parameters: ('Restricted Data: The History of Nuclear Secrecy in the United States', 'Alex Wellerstein', '2.', '4.7 out of 5 stars')
[2024-08-20T04:44:48.793+0000] {sql.py:518} INFO - Rows affected: 1
[2024-08-20T04:44:48.802+0000] {base.py:84} INFO - Retrieving connection 'books_connection'
[2024-08-20T04:44:48.806+0000] {sql.py:509} INFO - Running statement: 
    INSERT INTO books (title, authors, price, rating)
    VALUES (%s, %s, %s, %s)
    , parameters: ('Systems Engineering Demystified - Second Edition: Apply modern, model-based systems engineering techniques to build complex systems', 'Jon Holt', '45.', '4.7 out of 5 stars')
[2024-08-20T04:44:48.807+0000] {sql.py:518} INFO - Rows affected: 1
[2024-08-20T04:44:48.816+0000] {base.py:84} INFO - Retrieving connection 'books_connection'
[2024-08-20T04:44:48.820+0000] {sql.py:509} INFO - Running statement: 
    INSERT INTO books (title, authors, price, rating)
    VALUES (%s, %s, %s, %s)
    , parameters: ('Python Feature Engineering Cookbook: Over 70 recipes for creating, engineering, and transforming features to build machine learning models, 2nd Edition', 'Soledad Galli', '44.', '4.4 out of 5 stars')
[2024-08-20T04:44:48.822+0000] {sql.py:518} INFO - Rows affected: 1
[2024-08-20T04:44:48.830+0000] {base.py:84} INFO - Retrieving connection 'books_connection'
[2024-08-20T04:44:48.834+0000] {sql.py:509} INFO - Running statement: 
    INSERT INTO books (title, authors, price, rating)
    VALUES (%s, %s, %s, %s)
    , parameters: ('Learning Tableau 2022 - Fifth Edition: Create effective data visualizations, build interactive visual analytics, and improve your data storytelling capabilities', 'Joshua N Milligan', '57.', '4.5 out of 5 stars')
[2024-08-20T04:44:48.836+0000] {sql.py:518} INFO - Rows affected: 1
[2024-08-20T04:44:48.845+0000] {base.py:84} INFO - Retrieving connection 'books_connection'
[2024-08-20T04:44:48.848+0000] {sql.py:509} INFO - Running statement: 
    INSERT INTO books (title, authors, price, rating)
    VALUES (%s, %s, %s, %s)
    , parameters: ('The Definitive Guide to Azure Data Engineering: Modern ELT, DevOps, and Analytics on the Azure Cloud Platform', "Ron C. L'Esteve", '36.', '3.8 out of 5 stars')
[2024-08-20T04:44:48.850+0000] {sql.py:518} INFO - Rows affected: 1
[2024-08-20T04:44:48.859+0000] {base.py:84} INFO - Retrieving connection 'books_connection'
[2024-08-20T04:44:48.863+0000] {sql.py:509} INFO - Running statement: 
    INSERT INTO books (title, authors, price, rating)
    VALUES (%s, %s, %s, %s)
    , parameters: ('Understanding Cryptography: A Textbook for Students and Practitioners', 'Christof Paar', '29.', '4.6 out of 5 stars')
[2024-08-20T04:44:48.865+0000] {sql.py:518} INFO - Rows affected: 1
[2024-08-20T04:44:48.867+0000] {python.py:240} INFO - Done. Returned value was: None
[2024-08-20T04:44:48.877+0000] {taskinstance.py:340} INFO - ::group::Post task execution logs
[2024-08-20T04:44:48.878+0000] {taskinstance.py:352} INFO - Marking task as SUCCESS. dag_id=fetch_and_store_DE_books, task_id=insert_book_data, run_id=scheduled__2024-07-21T00:00:00+00:00, execution_date=20240721T000000, start_date=20240820T044447, end_date=20240820T044448
[2024-08-20T04:44:48.889+0000] {logging_mixin.py:190} INFO - Task instance in success state
[2024-08-20T04:44:48.890+0000] {logging_mixin.py:190} INFO -  Previous state of the Task instance: running
[2024-08-20T04:44:48.890+0000] {logging_mixin.py:190} INFO - Dag name:fetch_and_store_DE_books queued_at:2024-08-20 04:44:34.924095+00:00
[2024-08-20T04:44:48.891+0000] {logging_mixin.py:190} INFO - Task hostname:668944ed7238 operator:PythonOperator
[2024-08-20T04:44:48.908+0000] {local_task_job_runner.py:261} INFO - Task exited with return code 0
[2024-08-20T04:44:48.925+0000] {taskinstance.py:3891} INFO - 0 downstream tasks scheduled from follow-on schedule check
[2024-08-20T04:44:48.928+0000] {local_task_job_runner.py:240} INFO - ::endgroup::
