[2024-08-20T04:47:25.443+0000] {local_task_job_runner.py:123} INFO - ::group::Pre task execution logs
[2024-08-20T04:47:25.464+0000] {taskinstance.py:2603} INFO - Dependencies all met for dep_context=non-requeueable deps ti=<TaskInstance: fetch_and_store_DE_books.insert_book_data scheduled__2024-08-16T00:00:00+00:00 [queued]>
[2024-08-20T04:47:25.478+0000] {taskinstance.py:2603} INFO - Dependencies all met for dep_context=requeueable deps ti=<TaskInstance: fetch_and_store_DE_books.insert_book_data scheduled__2024-08-16T00:00:00+00:00 [queued]>
[2024-08-20T04:47:25.479+0000] {taskinstance.py:2856} INFO - Starting attempt 1 of 2
[2024-08-20T04:47:25.502+0000] {taskinstance.py:2879} INFO - Executing <Task(PythonOperator): insert_book_data> on 2024-08-16 00:00:00+00:00
[2024-08-20T04:47:25.516+0000] {warnings.py:112} WARNING - /home/***/.local/lib/python3.12/site-packages/***/task/task_runner/standard_task_runner.py:70: DeprecationWarning: This process (pid=1361) is multi-threaded, use of fork() may lead to deadlocks in the child.
  pid = os.fork()

[2024-08-20T04:47:25.519+0000] {standard_task_runner.py:104} INFO - Running: ['***', 'tasks', 'run', 'fetch_and_store_DE_books', 'insert_book_data', 'scheduled__2024-08-16T00:00:00+00:00', '--job-id', '148', '--raw', '--subdir', 'DAGS_FOLDER/app.py', '--cfg-path', '/tmp/tmpfaash617']
[2024-08-20T04:47:25.521+0000] {standard_task_runner.py:72} INFO - Started process 1367 to run task
[2024-08-20T04:47:25.521+0000] {standard_task_runner.py:105} INFO - Job 148: Subtask insert_book_data
[2024-08-20T04:47:25.605+0000] {task_command.py:467} INFO - Running <TaskInstance: fetch_and_store_DE_books.insert_book_data scheduled__2024-08-16T00:00:00+00:00 [running]> on host 668944ed7238
[2024-08-20T04:47:25.745+0000] {taskinstance.py:3122} INFO - Exporting env vars: AIRFLOW_CTX_DAG_OWNER='***' AIRFLOW_CTX_DAG_ID='fetch_and_store_DE_books' AIRFLOW_CTX_TASK_ID='insert_book_data' AIRFLOW_CTX_EXECUTION_DATE='2024-08-16T00:00:00+00:00' AIRFLOW_CTX_TRY_NUMBER='1' AIRFLOW_CTX_DAG_RUN_ID='scheduled__2024-08-16T00:00:00+00:00'
[2024-08-20T04:47:25.748+0000] {logging_mixin.py:190} INFO - Task instance is in running state
[2024-08-20T04:47:25.749+0000] {logging_mixin.py:190} INFO -  Previous state of the Task instance: queued
[2024-08-20T04:47:25.750+0000] {logging_mixin.py:190} INFO - Current task name:insert_book_data state:running start_date:2024-08-20 04:47:25.465326+00:00
[2024-08-20T04:47:25.750+0000] {logging_mixin.py:190} INFO - Dag name:fetch_and_store_DE_books and current dag run status:running
[2024-08-20T04:47:25.751+0000] {taskinstance.py:731} INFO - ::endgroup::
[2024-08-20T04:47:25.781+0000] {base.py:84} INFO - Retrieving connection 'books_connection'
[2024-08-20T04:47:25.788+0000] {sql.py:509} INFO - Running statement: 
    INSERT INTO books (title, authors, price, rating)
    VALUES (%s, %s, %s, %s)
    , parameters: ('Ace the Data Engineering Interview: Questions and Answers for Python, SQL, Data Modeling and More', 'Sean Coyne', '24.', '4.1 out of 5 stars')
[2024-08-20T04:47:25.790+0000] {sql.py:518} INFO - Rows affected: 1
[2024-08-20T04:47:25.800+0000] {base.py:84} INFO - Retrieving connection 'books_connection'
[2024-08-20T04:47:25.805+0000] {sql.py:509} INFO - Running statement: 
    INSERT INTO books (title, authors, price, rating)
    VALUES (%s, %s, %s, %s)
    , parameters: ('Data Engineering with AWS - Second Edition: Acquire the skills to design and build AWS-based data transformation pipelines like a pro', 'Gareth Eagar', '41.', '4.4 out of 5 stars')
[2024-08-20T04:47:25.813+0000] {sql.py:518} INFO - Rows affected: 1
[2024-08-20T04:47:25.824+0000] {base.py:84} INFO - Retrieving connection 'books_connection'
[2024-08-20T04:47:25.829+0000] {sql.py:509} INFO - Running statement: 
    INSERT INTO books (title, authors, price, rating)
    VALUES (%s, %s, %s, %s)
    , parameters: ('Azure Data Engineer Associate Certification Guide: Ace the DP-203 exam with advanced data engineering skills', 'Giacinto Palmieri', '39.', '4.5 out of 5 stars')
[2024-08-20T04:47:25.831+0000] {sql.py:518} INFO - Rows affected: 1
[2024-08-20T04:47:25.844+0000] {base.py:84} INFO - Retrieving connection 'books_connection'
[2024-08-20T04:47:25.850+0000] {sql.py:509} INFO - Running statement: 
    INSERT INTO books (title, authors, price, rating)
    VALUES (%s, %s, %s, %s)
    , parameters: ('Data Engineering 101', 'Paperback', '22.', '5.0 out of 5 stars')
[2024-08-20T04:47:25.853+0000] {sql.py:518} INFO - Rows affected: 1
[2024-08-20T04:47:25.869+0000] {base.py:84} INFO - Retrieving connection 'books_connection'
[2024-08-20T04:47:25.874+0000] {sql.py:509} INFO - Running statement: 
    INSERT INTO books (title, authors, price, rating)
    VALUES (%s, %s, %s, %s)
    , parameters: ('Fundamentals of Data Engineering: Plan and Build Robust Data Systems', 'Joe Reis', '38.', '4.7 out of 5 stars')
[2024-08-20T04:47:25.878+0000] {sql.py:518} INFO - Rows affected: 1
[2024-08-20T04:47:25.897+0000] {base.py:84} INFO - Retrieving connection 'books_connection'
[2024-08-20T04:47:25.902+0000] {sql.py:509} INFO - Running statement: 
    INSERT INTO books (title, authors, price, rating)
    VALUES (%s, %s, %s, %s)
    , parameters: ('Data Pipelines Pocket Reference: Moving and Processing Data for Analytics', 'James Densmore', '17.', '4.5 out of 5 stars')
[2024-08-20T04:47:25.908+0000] {sql.py:518} INFO - Rows affected: 1
[2024-08-20T04:47:25.924+0000] {base.py:84} INFO - Retrieving connection 'books_connection'
[2024-08-20T04:47:25.930+0000] {sql.py:509} INFO - Running statement: 
    INSERT INTO books (title, authors, price, rating)
    VALUES (%s, %s, %s, %s)
    , parameters: ('Designing Data-Intensive Applications: The Big Ideas Behind Reliable, Scalable, and Maintainable Systems', 'Martin Kleppmann', '35.', '4.8 out of 5 stars')
[2024-08-20T04:47:25.932+0000] {sql.py:518} INFO - Rows affected: 1
[2024-08-20T04:47:25.953+0000] {base.py:84} INFO - Retrieving connection 'books_connection'
[2024-08-20T04:47:25.965+0000] {sql.py:509} INFO - Running statement: 
    INSERT INTO books (title, authors, price, rating)
    VALUES (%s, %s, %s, %s)
    , parameters: ('Data Engineering with Python: Work with massive datasets to design data models and automate data pipelines using Python', 'Paul Crickard', '37.', '4.1 out of 5 stars')
[2024-08-20T04:47:25.969+0000] {sql.py:518} INFO - Rows affected: 1
[2024-08-20T04:47:25.981+0000] {base.py:84} INFO - Retrieving connection 'books_connection'
[2024-08-20T04:47:25.990+0000] {sql.py:509} INFO - Running statement: 
    INSERT INTO books (title, authors, price, rating)
    VALUES (%s, %s, %s, %s)
    , parameters: ('Data Engineering with Python cookbook: Learn to build efficient data pipelines using the Modern Cloud Data Stack', 'Adithyan Ramanujakootam', '29.', '5.0 out of 5 stars')
[2024-08-20T04:47:25.993+0000] {sql.py:518} INFO - Rows affected: 1
[2024-08-20T04:47:26.005+0000] {base.py:84} INFO - Retrieving connection 'books_connection'
[2024-08-20T04:47:26.011+0000] {sql.py:509} INFO - Running statement: 
    INSERT INTO books (title, authors, price, rating)
    VALUES (%s, %s, %s, %s)
    , parameters: ('Data Engineering with AWS: Learn how to design and build cloud-based data transformation pipelines using AWS', 'Gareth Eagar', '49.', '4.4 out of 5 stars')
[2024-08-20T04:47:26.013+0000] {sql.py:518} INFO - Rows affected: 1
[2024-08-20T04:47:26.026+0000] {base.py:84} INFO - Retrieving connection 'books_connection'
[2024-08-20T04:47:26.032+0000] {sql.py:509} INFO - Running statement: 
    INSERT INTO books (title, authors, price, rating)
    VALUES (%s, %s, %s, %s)
    , parameters: ('Cracking the Data Engineering Interview: Land your dream job with the help of resume-building tips, over 100 mock questions, and a unique portfolio', 'Kedeisha Bryan', '26.', '4.4 out of 5 stars')
[2024-08-20T04:47:26.034+0000] {sql.py:518} INFO - Rows affected: 1
[2024-08-20T04:47:26.044+0000] {base.py:84} INFO - Retrieving connection 'books_connection'
[2024-08-20T04:47:26.049+0000] {sql.py:509} INFO - Running statement: 
    INSERT INTO books (title, authors, price, rating)
    VALUES (%s, %s, %s, %s)
    , parameters: ('Software Engineering for Data Scientists: From Notebooks to Scalable Systems', 'Catherine Nelson', '52.', '4.5 out of 5 stars')
[2024-08-20T04:47:26.051+0000] {sql.py:518} INFO - Rows affected: 1
[2024-08-20T04:47:26.063+0000] {base.py:84} INFO - Retrieving connection 'books_connection'
[2024-08-20T04:47:26.068+0000] {sql.py:509} INFO - Running statement: 
    INSERT INTO books (title, authors, price, rating)
    VALUES (%s, %s, %s, %s)
    , parameters: ('Data Engineering with Google Cloud Platform: A guide to leveling up as a data engineer by building a scalable data platform with Google Cloud', 'Adi Wijaya', '41.', '5.0 out of 5 stars')
[2024-08-20T04:47:26.070+0000] {sql.py:518} INFO - Rows affected: 1
[2024-08-20T04:47:26.082+0000] {base.py:84} INFO - Retrieving connection 'books_connection'
[2024-08-20T04:47:26.088+0000] {sql.py:509} INFO - Running statement: 
    INSERT INTO books (title, authors, price, rating)
    VALUES (%s, %s, %s, %s)
    , parameters: ('Data Analysis with Python and PySpark', 'Jonathan Rioux', '55.', '4.4 out of 5 stars')
[2024-08-20T04:47:26.090+0000] {sql.py:518} INFO - Rows affected: 1
[2024-08-20T04:47:26.100+0000] {base.py:84} INFO - Retrieving connection 'books_connection'
[2024-08-20T04:47:26.105+0000] {sql.py:509} INFO - Running statement: 
    INSERT INTO books (title, authors, price, rating)
    VALUES (%s, %s, %s, %s)
    , parameters: ('Driving Data Quality with Data Contracts: A comprehensive guide to building reliable, trusted, and effective data platforms', 'Andrew Jones', '28.', '4.6 out of 5 stars')
[2024-08-20T04:47:26.107+0000] {sql.py:518} INFO - Rows affected: 1
[2024-08-20T04:47:26.117+0000] {base.py:84} INFO - Retrieving connection 'books_connection'
[2024-08-20T04:47:26.122+0000] {sql.py:509} INFO - Running statement: 
    INSERT INTO books (title, authors, price, rating)
    VALUES (%s, %s, %s, %s)
    , parameters: ('Mastering Large Datasets with Python: Parallelize and Distribute Your Python Code', 'John T. Wolohan', '49.', '3.9 out of 5 stars')
[2024-08-20T04:47:26.124+0000] {sql.py:518} INFO - Rows affected: 1
[2024-08-20T04:47:26.135+0000] {base.py:84} INFO - Retrieving connection 'books_connection'
[2024-08-20T04:47:26.141+0000] {sql.py:509} INFO - Running statement: 
    INSERT INTO books (title, authors, price, rating)
    VALUES (%s, %s, %s, %s)
    , parameters: ('Data Engineering Fundamentals for Beginners: Mastering the Art of Building, Managing, and Scaling Data Systems', 'Paperback', '14.', '5.0 out of 5 stars')
[2024-08-20T04:47:26.144+0000] {sql.py:518} INFO - Rows affected: 1
[2024-08-20T04:47:26.154+0000] {base.py:84} INFO - Retrieving connection 'books_connection'
[2024-08-20T04:47:26.160+0000] {sql.py:509} INFO - Running statement: 
    INSERT INTO books (title, authors, price, rating)
    VALUES (%s, %s, %s, %s)
    , parameters: ('Data Engineering with Databricks Cookbook: Build effective data and AI solutions using Apache Spark, Databricks, and Delta Lake', 'Pulkit Chadha', '42.', '4.2 out of 5 stars')
[2024-08-20T04:47:26.162+0000] {sql.py:518} INFO - Rows affected: 1
[2024-08-20T04:47:26.173+0000] {base.py:84} INFO - Retrieving connection 'books_connection'
[2024-08-20T04:47:26.179+0000] {sql.py:509} INFO - Running statement: 
    INSERT INTO books (title, authors, price, rating)
    VALUES (%s, %s, %s, %s)
    , parameters: ('Data Engineering with dbt: A practical guide to building a cloud-based, pragmatic, and dependable data platform with SQL', 'Roberto Zagni', '37.', '4.6 out of 5 stars')
[2024-08-20T04:47:26.181+0000] {sql.py:518} INFO - Rows affected: 1
[2024-08-20T04:47:26.194+0000] {base.py:84} INFO - Retrieving connection 'books_connection'
[2024-08-20T04:47:26.199+0000] {sql.py:509} INFO - Running statement: 
    INSERT INTO books (title, authors, price, rating)
    VALUES (%s, %s, %s, %s)
    , parameters: ('Data-Driven Science and Engineering: Machine Learning, Dynamical Systems, and Control', 'Steven L. Brunton', '64.', '4.7 out of 5 stars')
[2024-08-20T04:47:26.201+0000] {sql.py:518} INFO - Rows affected: 1
[2024-08-20T04:47:26.211+0000] {base.py:84} INFO - Retrieving connection 'books_connection'
[2024-08-20T04:47:26.216+0000] {sql.py:509} INFO - Running statement: 
    INSERT INTO books (title, authors, price, rating)
    VALUES (%s, %s, %s, %s)
    , parameters: ('Effective Data Science Infrastructure: How to make data scientists productive', 'Ville Tuulos', '47.', '4.5 out of 5 stars')
[2024-08-20T04:47:26.218+0000] {sql.py:518} INFO - Rows affected: 1
[2024-08-20T04:47:26.228+0000] {base.py:84} INFO - Retrieving connection 'books_connection'
[2024-08-20T04:47:26.232+0000] {sql.py:509} INFO - Running statement: 
    INSERT INTO books (title, authors, price, rating)
    VALUES (%s, %s, %s, %s)
    , parameters: ('Designing Cloud Data Platforms', 'Danil Zburivsky', '51.', '4.7 out of 5 stars')
[2024-08-20T04:47:26.235+0000] {sql.py:518} INFO - Rows affected: 1
[2024-08-20T04:47:26.246+0000] {base.py:84} INFO - Retrieving connection 'books_connection'
[2024-08-20T04:47:26.250+0000] {sql.py:509} INFO - Running statement: 
    INSERT INTO books (title, authors, price, rating)
    VALUES (%s, %s, %s, %s)
    , parameters: ('Advanced Data Analytics with AWS: Explore Data Analysis Concepts in the Cloud to Gain Meaningful Insights and Build Robust Data Engineering Workflows Across Diverse Data Sources (English Edition)', 'Joseph Conley', '37.', '5.0 out of 5 stars')
[2024-08-20T04:47:26.252+0000] {sql.py:518} INFO - Rows affected: 1
[2024-08-20T04:47:26.262+0000] {base.py:84} INFO - Retrieving connection 'books_connection'
[2024-08-20T04:47:26.267+0000] {sql.py:509} INFO - Running statement: 
    INSERT INTO books (title, authors, price, rating)
    VALUES (%s, %s, %s, %s)
    , parameters: ('DATA ENGINEERING AND AI FOR BEGINNERS: Revolutionizing Data Processing and Analytics by Leveraging Artificial Intelligence for Efficient Input Collection, Storage, and Transformation (World of AI)', 'Paperback', '13.', '4.4 out of 5 stars')
[2024-08-20T04:47:26.268+0000] {sql.py:518} INFO - Rows affected: 1
[2024-08-20T04:47:26.279+0000] {base.py:84} INFO - Retrieving connection 'books_connection'
[2024-08-20T04:47:26.284+0000] {sql.py:509} INFO - Running statement: 
    INSERT INTO books (title, authors, price, rating)
    VALUES (%s, %s, %s, %s)
    , parameters: ('Data Engineering with Apache Spark, Delta Lake, and Lakehouse: Create scalable pipelines that ingest, curate, and aggregate complex data in a timely and secure way', 'Manoj Kukreja', '29.', '3.9 out of 5 stars')
[2024-08-20T04:47:26.286+0000] {sql.py:518} INFO - Rows affected: 1
[2024-08-20T04:47:26.299+0000] {base.py:84} INFO - Retrieving connection 'books_connection'
[2024-08-20T04:47:26.304+0000] {sql.py:509} INFO - Running statement: 
    INSERT INTO books (title, authors, price, rating)
    VALUES (%s, %s, %s, %s)
    , parameters: ('Data Mesh: Delivering Data-Driven Value at Scale', 'Zhamak Dehghani', '43.', '4.5 out of 5 stars')
[2024-08-20T04:47:26.306+0000] {sql.py:518} INFO - Rows affected: 1
[2024-08-20T04:47:26.317+0000] {base.py:84} INFO - Retrieving connection 'books_connection'
[2024-08-20T04:47:26.322+0000] {sql.py:509} INFO - Running statement: 
    INSERT INTO books (title, authors, price, rating)
    VALUES (%s, %s, %s, %s)
    , parameters: ('Machine Learning Engineering', 'Andriy Burkov', '39.', '4.7 out of 5 stars')
[2024-08-20T04:47:26.324+0000] {sql.py:518} INFO - Rows affected: 1
[2024-08-20T04:47:26.333+0000] {base.py:84} INFO - Retrieving connection 'books_connection'
[2024-08-20T04:47:26.339+0000] {sql.py:509} INFO - Running statement: 
    INSERT INTO books (title, authors, price, rating)
    VALUES (%s, %s, %s, %s)
    , parameters: ('The Enterprise Data Catalog: Improve Data Discovery, Ensure Data Governance, and Enable Innovation', 'Ole Olesen-Bagneux', '31.', '4.5 out of 5 stars')
[2024-08-20T04:47:26.340+0000] {sql.py:518} INFO - Rows affected: 1
[2024-08-20T04:47:26.351+0000] {base.py:84} INFO - Retrieving connection 'books_connection'
[2024-08-20T04:47:26.357+0000] {sql.py:509} INFO - Running statement: 
    INSERT INTO books (title, authors, price, rating)
    VALUES (%s, %s, %s, %s)
    , parameters: ('Data Engineering with Databricks', 'Paperback', '25.', '3.4 out of 5 stars')
[2024-08-20T04:47:26.359+0000] {sql.py:518} INFO - Rows affected: 1
[2024-08-20T04:47:26.370+0000] {base.py:84} INFO - Retrieving connection 'books_connection'
[2024-08-20T04:47:26.375+0000] {sql.py:509} INFO - Running statement: 
    INSERT INTO books (title, authors, price, rating)
    VALUES (%s, %s, %s, %s)
    , parameters: ('Ace the Data Science Interview: 201 Real Interview Questions Asked By FAANG, Tech Startups, & Wall Street', 'Nick Singh', '42.', '4.5 out of 5 stars')
[2024-08-20T04:47:26.378+0000] {sql.py:518} INFO - Rows affected: 1
[2024-08-20T04:47:26.387+0000] {base.py:84} INFO - Retrieving connection 'books_connection'
[2024-08-20T04:47:26.392+0000] {sql.py:509} INFO - Running statement: 
    INSERT INTO books (title, authors, price, rating)
    VALUES (%s, %s, %s, %s)
    , parameters: ('Modern Data Engineering with Apache Spark: A Hands-On Guide for Building Mission-Critical Streaming Applications', 'Scott Haines', '30.', '4.1 out of 5 stars')
[2024-08-20T04:47:26.394+0000] {sql.py:518} INFO - Rows affected: 1
[2024-08-20T04:47:26.404+0000] {base.py:84} INFO - Retrieving connection 'books_connection'
[2024-08-20T04:47:26.409+0000] {sql.py:509} INFO - Running statement: 
    INSERT INTO books (title, authors, price, rating)
    VALUES (%s, %s, %s, %s)
    , parameters: ('Data Modeling with Snowflake: A practical guide to accelerating Snowflake development using universal data modeling techniques', 'Serge Gershkovich', '36.', '4.8 out of 5 stars')
[2024-08-20T04:47:26.410+0000] {sql.py:518} INFO - Rows affected: 1
[2024-08-20T04:47:26.420+0000] {base.py:84} INFO - Retrieving connection 'books_connection'
[2024-08-20T04:47:26.426+0000] {sql.py:509} INFO - Running statement: 
    INSERT INTO books (title, authors, price, rating)
    VALUES (%s, %s, %s, %s)
    , parameters: ('Storytelling with Data: A Data Visualization Guide for Business Professionals', 'Cole Nussbaumer Knaflic', '27.', '4.6 out of 5 stars')
[2024-08-20T04:47:26.428+0000] {sql.py:518} INFO - Rows affected: 1
[2024-08-20T04:47:26.441+0000] {base.py:84} INFO - Retrieving connection 'books_connection'
[2024-08-20T04:47:26.446+0000] {sql.py:509} INFO - Running statement: 
    INSERT INTO books (title, authors, price, rating)
    VALUES (%s, %s, %s, %s)
    , parameters: ('97 Things Every Data Engineer Should Know: Collective Wisdom from the Experts', 'Audible Audiobook', '0.', '4.1 out of 5 stars')
[2024-08-20T04:47:26.448+0000] {sql.py:518} INFO - Rows affected: 1
[2024-08-20T04:47:26.459+0000] {base.py:84} INFO - Retrieving connection 'books_connection'
[2024-08-20T04:47:26.469+0000] {sql.py:509} INFO - Running statement: 
    INSERT INTO books (title, authors, price, rating)
    VALUES (%s, %s, %s, %s)
    , parameters: ("Data Quality Fundamentals: A Practitioner's Guide to Building Trustworthy Data Pipelines", 'Paperback', '45.', '4.1 out of 5 stars')
[2024-08-20T04:47:26.473+0000] {sql.py:518} INFO - Rows affected: 1
[2024-08-20T04:47:26.492+0000] {base.py:84} INFO - Retrieving connection 'books_connection'
[2024-08-20T04:47:26.498+0000] {sql.py:509} INFO - Running statement: 
    INSERT INTO books (title, authors, price, rating)
    VALUES (%s, %s, %s, %s)
    , parameters: ('Data Engineering with Google Cloud Platform: A practical guide to operationalizing scalable data analytics systems on GCP', 'Adi Wijaya', '41.', '4.7 out of 5 stars')
[2024-08-20T04:47:26.500+0000] {sql.py:518} INFO - Rows affected: 1
[2024-08-20T04:47:26.513+0000] {base.py:84} INFO - Retrieving connection 'books_connection'
[2024-08-20T04:47:26.518+0000] {sql.py:509} INFO - Running statement: 
    INSERT INTO books (title, authors, price, rating)
    VALUES (%s, %s, %s, %s)
    , parameters: ('Fundamentals of Data Analytics: Learn Essential Skills, Embrace the Future, and Catapult Your Career in the Data-Driven World—A Comprehensive Guide to Data Literacy for Beginners', 'Russell Dawson', '16.', '4.8 out of 5 stars')
[2024-08-20T04:47:26.521+0000] {sql.py:518} INFO - Rows affected: 1
[2024-08-20T04:47:26.533+0000] {base.py:84} INFO - Retrieving connection 'books_connection'
[2024-08-20T04:47:26.538+0000] {sql.py:509} INFO - Running statement: 
    INSERT INTO books (title, authors, price, rating)
    VALUES (%s, %s, %s, %s)
    , parameters: ('Prompt Engineering for Generative AI: Future-Proof Inputs for Reliable AI Outputs', 'James Phoenix', '57.', '4.4 out of 5 stars')
[2024-08-20T04:47:26.540+0000] {sql.py:518} INFO - Rows affected: 1
[2024-08-20T04:47:26.550+0000] {base.py:84} INFO - Retrieving connection 'books_connection'
[2024-08-20T04:47:26.556+0000] {sql.py:509} INFO - Running statement: 
    INSERT INTO books (title, authors, price, rating)
    VALUES (%s, %s, %s, %s)
    , parameters: ('Analytics Engineering with SQL and dbt: Building Meaningful Data Models at Scale', 'Rui Pedro Machado', '41.', '3.8 out of 5 stars')
[2024-08-20T04:47:26.559+0000] {sql.py:518} INFO - Rows affected: 1
[2024-08-20T04:47:26.569+0000] {base.py:84} INFO - Retrieving connection 'books_connection'
[2024-08-20T04:47:26.574+0000] {sql.py:509} INFO - Running statement: 
    INSERT INTO books (title, authors, price, rating)
    VALUES (%s, %s, %s, %s)
    , parameters: ('Python Programming and SQL: 5 books in 1 - The #1 Coding Course from Beginner to Advanced. Learn it Well & Fast (2024) (Computer Programming)', 'Paperback', '32.', '4.3 out of 5 stars')
[2024-08-20T04:47:26.576+0000] {sql.py:518} INFO - Rows affected: 1
[2024-08-20T04:47:26.587+0000] {base.py:84} INFO - Retrieving connection 'books_connection'
[2024-08-20T04:47:26.592+0000] {sql.py:509} INFO - Running statement: 
    INSERT INTO books (title, authors, price, rating)
    VALUES (%s, %s, %s, %s)
    , parameters: ("Azure Data Factory Cookbook - Second Edition: A data engineer's guide to building and managing ETL and ELT pipelines with data integration", 'Dmitry Foshin', '51.', '4.4 out of 5 stars')
[2024-08-20T04:47:26.594+0000] {sql.py:518} INFO - Rows affected: 1
[2024-08-20T04:47:26.607+0000] {base.py:84} INFO - Retrieving connection 'books_connection'
[2024-08-20T04:47:26.614+0000] {sql.py:509} INFO - Running statement: 
    INSERT INTO books (title, authors, price, rating)
    VALUES (%s, %s, %s, %s)
    , parameters: ('Data Observability for Data Engineering: Proactive strategies for ensuring data accuracy and addressing broken data pipelines', 'Michele Pinto', '18.', '3.7 out of 5 stars')
[2024-08-20T04:47:26.616+0000] {sql.py:518} INFO - Rows affected: 1
[2024-08-20T04:47:26.628+0000] {base.py:84} INFO - Retrieving connection 'books_connection'
[2024-08-20T04:47:26.633+0000] {sql.py:509} INFO - Running statement: 
    INSERT INTO books (title, authors, price, rating)
    VALUES (%s, %s, %s, %s)
    , parameters: ("Ultimate Data Engineering with Databricks: Develop Scalable Data Pipelines Using Data Engineering's Core Tenets Such as Delta Tables, Ingestion, ... Security, and Scalability (English Edition)", 'Mayank Malhotra', '37.', '3.8 out of 5 stars')
[2024-08-20T04:47:26.635+0000] {sql.py:518} INFO - Rows affected: 1
[2024-08-20T04:47:26.647+0000] {base.py:84} INFO - Retrieving connection 'books_connection'
[2024-08-20T04:47:26.651+0000] {sql.py:509} INFO - Running statement: 
    INSERT INTO books (title, authors, price, rating)
    VALUES (%s, %s, %s, %s)
    , parameters: ('The Data Warehouse Toolkit: The Definitive Guide to Dimensional Modeling', 'Paperback', '47.', '4.7 out of 5 stars')
[2024-08-20T04:47:26.653+0000] {sql.py:518} INFO - Rows affected: 1
[2024-08-20T04:47:26.664+0000] {base.py:84} INFO - Retrieving connection 'books_connection'
[2024-08-20T04:47:26.669+0000] {sql.py:509} INFO - Running statement: 
    INSERT INTO books (title, authors, price, rating)
    VALUES (%s, %s, %s, %s)
    , parameters: ('Official Google Cloud Certified Professional Data Engineer Study Guide', 'Dan Sullivan', '33.', '4.5 out of 5 stars')
[2024-08-20T04:47:26.671+0000] {sql.py:518} INFO - Rows affected: 1
[2024-08-20T04:47:26.682+0000] {base.py:84} INFO - Retrieving connection 'books_connection'
[2024-08-20T04:47:26.688+0000] {sql.py:509} INFO - Running statement: 
    INSERT INTO books (title, authors, price, rating)
    VALUES (%s, %s, %s, %s)
    , parameters: ('Concepts of Generative AI and Data Engineering: Vital Concepts in Data Engineering and the World of Generative AI', 'Kindle', '29.', '5.0 out of 5 stars')
[2024-08-20T04:47:26.691+0000] {sql.py:518} INFO - Rows affected: 1
[2024-08-20T04:47:26.702+0000] {base.py:84} INFO - Retrieving connection 'books_connection'
[2024-08-20T04:47:26.709+0000] {sql.py:509} INFO - Running statement: 
    INSERT INTO books (title, authors, price, rating)
    VALUES (%s, %s, %s, %s)
    , parameters: ('Data Privacy: A runbook for engineers', 'Nishant Bhajaria', '32.', '4.8 out of 5 stars')
[2024-08-20T04:47:26.711+0000] {sql.py:518} INFO - Rows affected: 1
[2024-08-20T04:47:26.722+0000] {base.py:84} INFO - Retrieving connection 'books_connection'
[2024-08-20T04:47:26.726+0000] {sql.py:509} INFO - Running statement: 
    INSERT INTO books (title, authors, price, rating)
    VALUES (%s, %s, %s, %s)
    , parameters: ('Data Engineering and Data Science for Babies: Activity Workbook Part 1', 'Paperback', '9.', '4.1 out of 5 stars')
[2024-08-20T04:47:26.728+0000] {sql.py:518} INFO - Rows affected: 1
[2024-08-20T04:47:26.741+0000] {base.py:84} INFO - Retrieving connection 'books_connection'
[2024-08-20T04:47:26.745+0000] {sql.py:509} INFO - Running statement: 
    INSERT INTO books (title, authors, price, rating)
    VALUES (%s, %s, %s, %s)
    , parameters: ('Data Analytics, Data Visualization & Communicating Data: 3 books in 1: Learn the Processes of Data Analytics and Data Science, Create Engaging Data Visualizations, and Present Data Effectively', 'Audible Audiobook', '0.', '4.5 out of 5 stars')
[2024-08-20T04:47:26.747+0000] {sql.py:518} INFO - Rows affected: 1
[2024-08-20T04:47:26.759+0000] {base.py:84} INFO - Retrieving connection 'books_connection'
[2024-08-20T04:47:26.764+0000] {sql.py:509} INFO - Running statement: 
    INSERT INTO books (title, authors, price, rating)
    VALUES (%s, %s, %s, %s)
    , parameters: ('Learning Spark: Lightning-Fast Data Analytics', 'Jules S. Damji', '43.', '4.7 out of 5 stars')
[2024-08-20T04:47:26.766+0000] {sql.py:518} INFO - Rows affected: 1
[2024-08-20T04:47:26.776+0000] {base.py:84} INFO - Retrieving connection 'books_connection'
[2024-08-20T04:47:26.782+0000] {sql.py:509} INFO - Running statement: 
    INSERT INTO books (title, authors, price, rating)
    VALUES (%s, %s, %s, %s)
    , parameters: ('Fundamentals of Data Engineering: Efficiency, Insight, Impact: Transforming Data into Value through Expert Engineering Practices', 'Joseph Achakji', '0.', '4.6 out of 5 stars')
[2024-08-20T04:47:26.784+0000] {sql.py:518} INFO - Rows affected: 1
[2024-08-20T04:47:26.794+0000] {base.py:84} INFO - Retrieving connection 'books_connection'
[2024-08-20T04:47:26.799+0000] {sql.py:509} INFO - Running statement: 
    INSERT INTO books (title, authors, price, rating)
    VALUES (%s, %s, %s, %s)
    , parameters: ('Data Stewardship: An Actionable Guide to Effective Data Management and Data Governance', 'Paperback', '46.', '4.7 out of 5 stars')
[2024-08-20T04:47:26.801+0000] {sql.py:518} INFO - Rows affected: 1
[2024-08-20T04:47:26.811+0000] {base.py:84} INFO - Retrieving connection 'books_connection'
[2024-08-20T04:47:26.816+0000] {sql.py:509} INFO - Running statement: 
    INSERT INTO books (title, authors, price, rating)
    VALUES (%s, %s, %s, %s)
    , parameters: ("SQL QuickStart Guide: The Simplified Beginner's Guide to Managing, Analyzing, and Manipulating Data With SQL (Coding & Programming - QuickStart Guides)", 'Paperback', '18.', '4.6 out of 5 stars')
[2024-08-20T04:47:26.818+0000] {sql.py:518} INFO - Rows affected: 1
[2024-08-20T04:47:26.830+0000] {base.py:84} INFO - Retrieving connection 'books_connection'
[2024-08-20T04:47:26.840+0000] {sql.py:509} INFO - Running statement: 
    INSERT INTO books (title, authors, price, rating)
    VALUES (%s, %s, %s, %s)
    , parameters: ('Database Internals: A Deep Dive into How Distributed Data Systems Work', 'Alex Petrov', '36.', '4.6 out of 5 stars')
[2024-08-20T04:47:26.842+0000] {sql.py:518} INFO - Rows affected: 1
[2024-08-20T04:47:26.854+0000] {base.py:84} INFO - Retrieving connection 'books_connection'
[2024-08-20T04:47:26.859+0000] {sql.py:509} INFO - Running statement: 
    INSERT INTO books (title, authors, price, rating)
    VALUES (%s, %s, %s, %s)
    , parameters: ('Electrical engineering without prior knowledge: Understand the basics within 7 days (Become an Engineer Without Prior Knowledge)', 'Paperback', '17.', '4.4 out of 5 stars')
[2024-08-20T04:47:26.861+0000] {sql.py:518} INFO - Rows affected: 1
[2024-08-20T04:47:26.872+0000] {base.py:84} INFO - Retrieving connection 'books_connection'
[2024-08-20T04:47:26.882+0000] {sql.py:509} INFO - Running statement: 
    INSERT INTO books (title, authors, price, rating)
    VALUES (%s, %s, %s, %s)
    , parameters: ('Systems Engineering Demystified - Second Edition: Apply modern, model-based systems engineering techniques to build complex systems', 'Jon Holt', '45.', '4.7 out of 5 stars')
[2024-08-20T04:47:26.884+0000] {sql.py:518} INFO - Rows affected: 1
[2024-08-20T04:47:26.894+0000] {base.py:84} INFO - Retrieving connection 'books_connection'
[2024-08-20T04:47:26.899+0000] {sql.py:509} INFO - Running statement: 
    INSERT INTO books (title, authors, price, rating)
    VALUES (%s, %s, %s, %s)
    , parameters: ('Python Feature Engineering Cookbook: Over 70 recipes for creating, engineering, and transforming features to build machine learning models, 2nd Edition', 'Soledad Galli', '44.', '4.4 out of 5 stars')
[2024-08-20T04:47:26.901+0000] {sql.py:518} INFO - Rows affected: 1
[2024-08-20T04:47:26.912+0000] {base.py:84} INFO - Retrieving connection 'books_connection'
[2024-08-20T04:47:26.916+0000] {sql.py:509} INFO - Running statement: 
    INSERT INTO books (title, authors, price, rating)
    VALUES (%s, %s, %s, %s)
    , parameters: ('Machine Learning Engineering with Python - Second Edition: Manage the lifecycle of machine learning models using MLOps with practical examples', 'Andrew McMahon', '32.', '4.7 out of 5 stars')
[2024-08-20T04:47:26.918+0000] {sql.py:518} INFO - Rows affected: 1
[2024-08-20T04:47:26.929+0000] {base.py:84} INFO - Retrieving connection 'books_connection'
[2024-08-20T04:47:26.933+0000] {sql.py:509} INFO - Running statement: 
    INSERT INTO books (title, authors, price, rating)
    VALUES (%s, %s, %s, %s)
    , parameters: ('Engineers Survival Guide: Advice, tactics, and tricks After a decade of working at Facebook, Snapchat, and Microsoft', 'Merih Taze', '29.', '4.4 out of 5 stars')
[2024-08-20T04:47:26.935+0000] {sql.py:518} INFO - Rows affected: 1
[2024-08-20T04:47:26.946+0000] {base.py:84} INFO - Retrieving connection 'books_connection'
[2024-08-20T04:47:26.951+0000] {sql.py:509} INFO - Running statement: 
    INSERT INTO books (title, authors, price, rating)
    VALUES (%s, %s, %s, %s)
    , parameters: ('Data Science (The MIT Press Essential Knowledge series)', 'Paperback', '10.', '4.4 out of 5 stars')
[2024-08-20T04:47:26.954+0000] {sql.py:518} INFO - Rows affected: 1
[2024-08-20T04:47:26.964+0000] {base.py:84} INFO - Retrieving connection 'books_connection'
[2024-08-20T04:47:26.969+0000] {sql.py:509} INFO - Running statement: 
    INSERT INTO books (title, authors, price, rating)
    VALUES (%s, %s, %s, %s)
    , parameters: ('How Data Happened: A History from the Age of Reason to the Age of Algorithms', 'Chris Wiggins', '16.', '4.2 out of 5 stars')
[2024-08-20T04:47:26.972+0000] {sql.py:518} INFO - Rows affected: 1
[2024-08-20T04:47:26.982+0000] {base.py:84} INFO - Retrieving connection 'books_connection'
[2024-08-20T04:47:26.987+0000] {sql.py:509} INFO - Running statement: 
    INSERT INTO books (title, authors, price, rating)
    VALUES (%s, %s, %s, %s)
    , parameters: ("System Design Interview – An insider's guide", 'Alex Xu', '37.', '4.6 out of 5 stars')
[2024-08-20T04:47:26.989+0000] {sql.py:518} INFO - Rows affected: 1
[2024-08-20T04:47:27.001+0000] {base.py:84} INFO - Retrieving connection 'books_connection'
[2024-08-20T04:47:27.006+0000] {sql.py:509} INFO - Running statement: 
    INSERT INTO books (title, authors, price, rating)
    VALUES (%s, %s, %s, %s)
    , parameters: ('Data Engineering with Scala and Spark: A practical guide helping you build streaming and batch pipelines that process massive amounts of data using Scala', 'Eric Tome', '36.', '4.3 out of 5 stars')
[2024-08-20T04:47:27.008+0000] {sql.py:518} INFO - Rows affected: 1
[2024-08-20T04:47:27.021+0000] {base.py:84} INFO - Retrieving connection 'books_connection'
[2024-08-20T04:47:27.026+0000] {sql.py:509} INFO - Running statement: 
    INSERT INTO books (title, authors, price, rating)
    VALUES (%s, %s, %s, %s)
    , parameters: ('Azure Data Engineer Associate Certification Guide: A hands-on reference guide to developing your data engineering skills and preparing for the DP-203 exam', 'Newton Alex', '54.', '3.9 out of 5 stars')
[2024-08-20T04:47:27.028+0000] {sql.py:518} INFO - Rows affected: 1
[2024-08-20T04:47:27.040+0000] {base.py:84} INFO - Retrieving connection 'books_connection'
[2024-08-20T04:47:27.044+0000] {sql.py:509} INFO - Running statement: 
    INSERT INTO books (title, authors, price, rating)
    VALUES (%s, %s, %s, %s)
    , parameters: ("Data: Principles To Practice - Volume 1 'Foundations': Essential Foundations: Key Concepts behind Data Architecture, Engineering and Analysis for Professionals", 'Alex Holloway', '0.', '4.7 out of 5 stars')
[2024-08-20T04:47:27.046+0000] {sql.py:518} INFO - Rows affected: 1
[2024-08-20T04:47:27.058+0000] {base.py:84} INFO - Retrieving connection 'books_connection'
[2024-08-20T04:47:27.062+0000] {sql.py:509} INFO - Running statement: 
    INSERT INTO books (title, authors, price, rating)
    VALUES (%s, %s, %s, %s)
    , parameters: ('Mastering the Data Paradox: Key to Winning in the AI Age', 'Nitin Seth', '18.', '4.8 out of 5 stars')
[2024-08-20T04:47:27.064+0000] {sql.py:518} INFO - Rows affected: 1
[2024-08-20T04:47:27.076+0000] {base.py:84} INFO - Retrieving connection 'books_connection'
[2024-08-20T04:47:27.080+0000] {sql.py:509} INFO - Running statement: 
    INSERT INTO books (title, authors, price, rating)
    VALUES (%s, %s, %s, %s)
    , parameters: ('Data Science on AWS: Implementing End-to-End, Continuous AI and Machine Learning Pipelines', 'Chris Fregly', '11.', '4.5 out of 5 stars')
[2024-08-20T04:47:27.082+0000] {sql.py:518} INFO - Rows affected: 1
[2024-08-20T04:47:27.093+0000] {base.py:84} INFO - Retrieving connection 'books_connection'
[2024-08-20T04:47:27.097+0000] {sql.py:509} INFO - Running statement: 
    INSERT INTO books (title, authors, price, rating)
    VALUES (%s, %s, %s, %s)
    , parameters: ("Applied Machine Learning and AI for Engineers: Solve Business Problems That Can't Be Solved Algorithmically", 'Jeff Prosise', '55.', '4.5 out of 5 stars')
[2024-08-20T04:47:27.099+0000] {sql.py:518} INFO - Rows affected: 1
[2024-08-20T04:47:27.110+0000] {base.py:84} INFO - Retrieving connection 'books_connection'
[2024-08-20T04:47:27.116+0000] {sql.py:509} INFO - Running statement: 
    INSERT INTO books (title, authors, price, rating)
    VALUES (%s, %s, %s, %s)
    , parameters: ('Feature Engineering for Machine Learning: Principles and Techniques for Data Scientists', 'Alice Zheng', '41.', '4.4 out of 5 stars')
[2024-08-20T04:47:27.118+0000] {sql.py:518} INFO - Rows affected: 1
[2024-08-20T04:47:27.128+0000] {base.py:84} INFO - Retrieving connection 'books_connection'
[2024-08-20T04:47:27.133+0000] {sql.py:509} INFO - Running statement: 
    INSERT INTO books (title, authors, price, rating)
    VALUES (%s, %s, %s, %s)
    , parameters: ('Better Data Visualizations: A Guide for Scholars, Researchers, and Wonks', 'Jonathan Schwabish', '26.', '4.5 out of 5 stars')
[2024-08-20T04:47:27.135+0000] {sql.py:518} INFO - Rows affected: 1
[2024-08-20T04:47:27.147+0000] {base.py:84} INFO - Retrieving connection 'books_connection'
[2024-08-20T04:47:27.152+0000] {sql.py:509} INFO - Running statement: 
    INSERT INTO books (title, authors, price, rating)
    VALUES (%s, %s, %s, %s)
    , parameters: ('SQL Data Analytics Made Easy: Your Step-by-Step Guide to Unlocking Data’s Hidden Secrets: Demystify complex concepts, and harness the power of data to drive intelligent decision-making effortlessly.', 'L.D. Knowings', '14.', '4.1 out of 5 stars')
[2024-08-20T04:47:27.156+0000] {sql.py:518} INFO - Rows affected: 1
[2024-08-20T04:47:27.166+0000] {base.py:84} INFO - Retrieving connection 'books_connection'
[2024-08-20T04:47:27.172+0000] {sql.py:509} INFO - Running statement: 
    INSERT INTO books (title, authors, price, rating)
    VALUES (%s, %s, %s, %s)
    , parameters: ('The Art of Doing Science and Engineering: Learning to Learn', 'Richard W. Hamming', '19.', '4.6 out of 5 stars')
[2024-08-20T04:47:27.174+0000] {sql.py:518} INFO - Rows affected: 1
[2024-08-20T04:47:27.190+0000] {base.py:84} INFO - Retrieving connection 'books_connection'
[2024-08-20T04:47:27.194+0000] {sql.py:509} INFO - Running statement: 
    INSERT INTO books (title, authors, price, rating)
    VALUES (%s, %s, %s, %s)
    , parameters: ('A Common-Sense Guide to Data Structures and Algorithms, Second Edition: Level Up Your Core Programming Skills', 'Jay Wengrow', '39.', '4.7 out of 5 stars')
[2024-08-20T04:47:27.196+0000] {sql.py:518} INFO - Rows affected: 1
[2024-08-20T04:47:27.206+0000] {base.py:84} INFO - Retrieving connection 'books_connection'
[2024-08-20T04:47:27.211+0000] {sql.py:509} INFO - Running statement: 
    INSERT INTO books (title, authors, price, rating)
    VALUES (%s, %s, %s, %s)
    , parameters: ('Fundamentals of Data Visualization: A Primer on Making Informative and Compelling Figures', 'Claus Wilke', '49.', '4.6 out of 5 stars')
[2024-08-20T04:47:27.213+0000] {sql.py:518} INFO - Rows affected: 1
[2024-08-20T04:47:27.222+0000] {base.py:84} INFO - Retrieving connection 'books_connection'
[2024-08-20T04:47:27.226+0000] {sql.py:509} INFO - Running statement: 
    INSERT INTO books (title, authors, price, rating)
    VALUES (%s, %s, %s, %s)
    , parameters: ('Hypothesis Testing: An Intuitive Guide for Making Data Driven Decisions', 'Jim Frost', '23.', '4.5 out of 5 stars')
[2024-08-20T04:47:27.228+0000] {sql.py:518} INFO - Rows affected: 1
[2024-08-20T04:47:27.237+0000] {base.py:84} INFO - Retrieving connection 'books_connection'
[2024-08-20T04:47:27.241+0000] {sql.py:509} INFO - Running statement: 
    INSERT INTO books (title, authors, price, rating)
    VALUES (%s, %s, %s, %s)
    , parameters: ('Modeling and Simulation in Python: An Introduction for Scientists and Engineers', 'Allen B. Downey', '32.', '4.5 out of 5 stars')
[2024-08-20T04:47:27.242+0000] {sql.py:518} INFO - Rows affected: 1
[2024-08-20T04:47:27.252+0000] {base.py:84} INFO - Retrieving connection 'books_connection'
[2024-08-20T04:47:27.256+0000] {sql.py:509} INFO - Running statement: 
    INSERT INTO books (title, authors, price, rating)
    VALUES (%s, %s, %s, %s)
    , parameters: ('The Data Governance Guidebook and Playbook: By a Practitioner for Practitioners', 'Paperback', '25.', '4.3 out of 5 stars')
[2024-08-20T04:47:27.258+0000] {sql.py:518} INFO - Rows affected: 1
[2024-08-20T04:47:27.267+0000] {base.py:84} INFO - Retrieving connection 'books_connection'
[2024-08-20T04:47:27.271+0000] {sql.py:509} INFO - Running statement: 
    INSERT INTO books (title, authors, price, rating)
    VALUES (%s, %s, %s, %s)
    , parameters: ('AWS Certified Data Analytics Study Guide: Specialty (DAS-C01) Exam', 'Asif Abbasi', '31.', '4.6 out of 5 stars')
[2024-08-20T04:47:27.273+0000] {sql.py:518} INFO - Rows affected: 1
[2024-08-20T04:47:27.282+0000] {base.py:84} INFO - Retrieving connection 'books_connection'
[2024-08-20T04:47:27.286+0000] {sql.py:509} INFO - Running statement: 
    INSERT INTO books (title, authors, price, rating)
    VALUES (%s, %s, %s, %s)
    , parameters: ('50 Algorithms Every Programmer Should Know - Second Edition: An unbeatable arsenal of algorithmic solutions for real-world problems', 'Imran Ahmad', '37.', '4.4 out of 5 stars')
[2024-08-20T04:47:27.287+0000] {sql.py:518} INFO - Rows affected: 1
[2024-08-20T04:47:27.297+0000] {base.py:84} INFO - Retrieving connection 'books_connection'
[2024-08-20T04:47:27.301+0000] {sql.py:509} INFO - Running statement: 
    INSERT INTO books (title, authors, price, rating)
    VALUES (%s, %s, %s, %s)
    , parameters: ('Technology is Dead', 'Paperback', '23.', '5.0 out of 5 stars')
[2024-08-20T04:47:27.303+0000] {sql.py:518} INFO - Rows affected: 1
[2024-08-20T04:47:27.312+0000] {base.py:84} INFO - Retrieving connection 'books_connection'
[2024-08-20T04:47:27.315+0000] {sql.py:509} INFO - Running statement: 
    INSERT INTO books (title, authors, price, rating)
    VALUES (%s, %s, %s, %s)
    , parameters: ('Data Science: The Hard Parts: Techniques for Excelling at Data Science', 'Daniel Vaughan', '48.', '5.0 out of 5 stars')
[2024-08-20T04:47:27.317+0000] {sql.py:518} INFO - Rows affected: 1
[2024-08-20T04:47:27.326+0000] {base.py:84} INFO - Retrieving connection 'books_connection'
[2024-08-20T04:47:27.330+0000] {sql.py:509} INFO - Running statement: 
    INSERT INTO books (title, authors, price, rating)
    VALUES (%s, %s, %s, %s)
    , parameters: ('Data Management at Scale: Modern Data Architecture with Data Mesh and Data Fabric', 'Piethein Strengholt', '47.', '4.5 out of 5 stars')
[2024-08-20T04:47:27.332+0000] {sql.py:518} INFO - Rows affected: 1
[2024-08-20T04:47:27.340+0000] {base.py:84} INFO - Retrieving connection 'books_connection'
[2024-08-20T04:47:27.344+0000] {sql.py:509} INFO - Running statement: 
    INSERT INTO books (title, authors, price, rating)
    VALUES (%s, %s, %s, %s)
    , parameters: ('Practical Fraud Prevention: Fraud and AML Analytics for Fintech and eCommerce, Using SQL and Python', 'Gilit Saporta', '47.', '4.4 out of 5 stars')
[2024-08-20T04:47:27.345+0000] {sql.py:518} INFO - Rows affected: 1
[2024-08-20T04:47:27.353+0000] {base.py:84} INFO - Retrieving connection 'books_connection'
[2024-08-20T04:47:27.358+0000] {sql.py:509} INFO - Running statement: 
    INSERT INTO books (title, authors, price, rating)
    VALUES (%s, %s, %s, %s)
    , parameters: ('Data Quality Engineering in Financial Services: Applying Manufacturing Techniques to Data', 'Brian Buzzelli', '30.', '4.4 out of 5 stars')
[2024-08-20T04:47:27.360+0000] {sql.py:518} INFO - Rows affected: 1
[2024-08-20T04:47:27.368+0000] {base.py:84} INFO - Retrieving connection 'books_connection'
[2024-08-20T04:47:27.373+0000] {sql.py:509} INFO - Running statement: 
    INSERT INTO books (title, authors, price, rating)
    VALUES (%s, %s, %s, %s)
    , parameters: ('Ultimate Azure Data Engineering: Build Robust Data Engineering Systems on Azure with SQL, ETL, Data Modeling, and Power BI for Business Insights and Crack Azure Certifications (English Edition)', 'Ashish Agarwal', '39.', '5.0 out of 5 stars')
[2024-08-20T04:47:27.375+0000] {sql.py:518} INFO - Rows affected: 1
[2024-08-20T04:47:27.383+0000] {base.py:84} INFO - Retrieving connection 'books_connection'
[2024-08-20T04:47:27.387+0000] {sql.py:509} INFO - Running statement: 
    INSERT INTO books (title, authors, price, rating)
    VALUES (%s, %s, %s, %s)
    , parameters: ('Data Structures and Algorithms: 100 Interview Questions (Advanced Topics in Programming Book 2)', 'Kindle', '9.', '5.0 out of 5 stars')
[2024-08-20T04:47:27.389+0000] {sql.py:518} INFO - Rows affected: 1
[2024-08-20T04:47:27.398+0000] {base.py:84} INFO - Retrieving connection 'books_connection'
[2024-08-20T04:47:27.402+0000] {sql.py:509} INFO - Running statement: 
    INSERT INTO books (title, authors, price, rating)
    VALUES (%s, %s, %s, %s)
    , parameters: ('Data-Centric Machine Learning with Python: The ultimate guide to engineering and deploying high-quality models based on good data', 'Jonas Christensen', '49.', '4.6 out of 5 stars')
[2024-08-20T04:47:27.404+0000] {sql.py:518} INFO - Rows affected: 1
[2024-08-20T04:47:27.414+0000] {base.py:84} INFO - Retrieving connection 'books_connection'
[2024-08-20T04:47:27.418+0000] {sql.py:509} INFO - Running statement: 
    INSERT INTO books (title, authors, price, rating)
    VALUES (%s, %s, %s, %s)
    , parameters: ('Architecting Data and Machine Learning Platforms: Enable Analytics and AI-Driven Innovation in the Cloud', 'Marco Tranquillin', '37.', '4.3 out of 5 stars')
[2024-08-20T04:47:27.419+0000] {sql.py:518} INFO - Rows affected: 1
[2024-08-20T04:47:27.428+0000] {base.py:84} INFO - Retrieving connection 'books_connection'
[2024-08-20T04:47:27.431+0000] {sql.py:509} INFO - Running statement: 
    INSERT INTO books (title, authors, price, rating)
    VALUES (%s, %s, %s, %s)
    , parameters: ('Killed by a Traffic Engineer: Shattering the Delusion that Science Underlies our Transportation System', 'Wes Marshall', '33.', '4.5 out of 5 stars')
[2024-08-20T04:47:27.433+0000] {sql.py:518} INFO - Rows affected: 1
[2024-08-20T04:47:27.442+0000] {base.py:84} INFO - Retrieving connection 'books_connection'
[2024-08-20T04:47:27.445+0000] {sql.py:509} INFO - Running statement: 
    INSERT INTO books (title, authors, price, rating)
    VALUES (%s, %s, %s, %s)
    , parameters: ('Python Data Engineering Resources: Boost Your Career With This Python Handbook; Prepare For Python Interview; Python Programming Cookbook For Beginners and Experienced; Python Data Analysis and More', 'Vajo Lukic', '9.', '4.8 out of 5 stars')
[2024-08-20T04:47:27.447+0000] {sql.py:518} INFO - Rows affected: 1
[2024-08-20T04:47:27.456+0000] {base.py:84} INFO - Retrieving connection 'books_connection'
[2024-08-20T04:47:27.460+0000] {sql.py:509} INFO - Running statement: 
    INSERT INTO books (title, authors, price, rating)
    VALUES (%s, %s, %s, %s)
    , parameters: ('Restricted Data: The History of Nuclear Secrecy in the United States', 'Alex Wellerstein', '2.', '4.7 out of 5 stars')
[2024-08-20T04:47:27.462+0000] {sql.py:518} INFO - Rows affected: 1
[2024-08-20T04:47:27.471+0000] {base.py:84} INFO - Retrieving connection 'books_connection'
[2024-08-20T04:47:27.476+0000] {sql.py:509} INFO - Running statement: 
    INSERT INTO books (title, authors, price, rating)
    VALUES (%s, %s, %s, %s)
    , parameters: ('Data Driven: Truckers, Technology, and the New Workplace Surveillance', 'Karen Levy', '21.', '4.3 out of 5 stars')
[2024-08-20T04:47:27.478+0000] {sql.py:518} INFO - Rows affected: 1
[2024-08-20T04:47:27.487+0000] {base.py:84} INFO - Retrieving connection 'books_connection'
[2024-08-20T04:47:27.491+0000] {sql.py:509} INFO - Running statement: 
    INSERT INTO books (title, authors, price, rating)
    VALUES (%s, %s, %s, %s)
    , parameters: ("Engineers' Practical Databook: A Technical Reference Guide for Students and Professionals", 'Jay Smith', '18.', '4.6 out of 5 stars')
[2024-08-20T04:47:27.493+0000] {sql.py:518} INFO - Rows affected: 1
[2024-08-20T04:47:27.502+0000] {base.py:84} INFO - Retrieving connection 'books_connection'
[2024-08-20T04:47:27.506+0000] {sql.py:509} INFO - Running statement: 
    INSERT INTO books (title, authors, price, rating)
    VALUES (%s, %s, %s, %s)
    , parameters: ('Grokking Algorithms', 'Audible Audiobook', '0.', '4.6 out of 5 stars')
[2024-08-20T04:47:27.508+0000] {sql.py:518} INFO - Rows affected: 1
[2024-08-20T04:47:27.519+0000] {base.py:84} INFO - Retrieving connection 'books_connection'
[2024-08-20T04:47:27.524+0000] {sql.py:509} INFO - Running statement: 
    INSERT INTO books (title, authors, price, rating)
    VALUES (%s, %s, %s, %s)
    , parameters: ('Understanding Cryptography: A Textbook for Students and Practitioners', 'Christof Paar', '29.', '4.6 out of 5 stars')
[2024-08-20T04:47:27.526+0000] {sql.py:518} INFO - Rows affected: 1
[2024-08-20T04:47:27.535+0000] {base.py:84} INFO - Retrieving connection 'books_connection'
[2024-08-20T04:47:27.539+0000] {sql.py:509} INFO - Running statement: 
    INSERT INTO books (title, authors, price, rating)
    VALUES (%s, %s, %s, %s)
    , parameters: ('Observability Engineering: Achieving Production Excellence', 'Charity Majors', '34.', '4.3 out of 5 stars')
[2024-08-20T04:47:27.541+0000] {sql.py:518} INFO - Rows affected: 1
[2024-08-20T04:47:27.543+0000] {python.py:240} INFO - Done. Returned value was: None
[2024-08-20T04:47:27.555+0000] {taskinstance.py:340} INFO - ::group::Post task execution logs
[2024-08-20T04:47:27.557+0000] {taskinstance.py:352} INFO - Marking task as SUCCESS. dag_id=fetch_and_store_DE_books, task_id=insert_book_data, run_id=scheduled__2024-08-16T00:00:00+00:00, execution_date=20240816T000000, start_date=20240820T044725, end_date=20240820T044727
[2024-08-20T04:47:27.568+0000] {logging_mixin.py:190} INFO - Task instance in success state
[2024-08-20T04:47:27.569+0000] {logging_mixin.py:190} INFO -  Previous state of the Task instance: running
[2024-08-20T04:47:27.570+0000] {logging_mixin.py:190} INFO - Dag name:fetch_and_store_DE_books queued_at:2024-08-20 04:47:12.525031+00:00
[2024-08-20T04:47:27.570+0000] {logging_mixin.py:190} INFO - Task hostname:668944ed7238 operator:PythonOperator
[2024-08-20T04:47:27.586+0000] {local_task_job_runner.py:261} INFO - Task exited with return code 0
[2024-08-20T04:47:27.605+0000] {taskinstance.py:3891} INFO - 0 downstream tasks scheduled from follow-on schedule check
[2024-08-20T04:47:27.608+0000] {local_task_job_runner.py:240} INFO - ::endgroup::
