[2024-08-20T04:44:43.910+0000] {local_task_job_runner.py:123} INFO - ::group::Pre task execution logs
[2024-08-20T04:44:43.939+0000] {taskinstance.py:2603} INFO - Dependencies all met for dep_context=non-requeueable deps ti=<TaskInstance: fetch_and_store_DE_books.insert_book_data scheduled__2024-07-20T00:00:00+00:00 [queued]>
[2024-08-20T04:44:43.958+0000] {taskinstance.py:2603} INFO - Dependencies all met for dep_context=requeueable deps ti=<TaskInstance: fetch_and_store_DE_books.insert_book_data scheduled__2024-07-20T00:00:00+00:00 [queued]>
[2024-08-20T04:44:43.959+0000] {taskinstance.py:2856} INFO - Starting attempt 1 of 2
[2024-08-20T04:44:43.985+0000] {taskinstance.py:2879} INFO - Executing <Task(PythonOperator): insert_book_data> on 2024-07-20 00:00:00+00:00
[2024-08-20T04:44:43.997+0000] {warnings.py:112} WARNING - /home/***/.local/lib/python3.12/site-packages/***/task/task_runner/standard_task_runner.py:70: DeprecationWarning: This process (pid=995) is multi-threaded, use of fork() may lead to deadlocks in the child.
  pid = os.fork()

[2024-08-20T04:44:44.000+0000] {standard_task_runner.py:72} INFO - Started process 1001 to run task
[2024-08-20T04:44:44.000+0000] {standard_task_runner.py:104} INFO - Running: ['***', 'tasks', 'run', 'fetch_and_store_DE_books', 'insert_book_data', 'scheduled__2024-07-20T00:00:00+00:00', '--job-id', '65', '--raw', '--subdir', 'DAGS_FOLDER/app.py', '--cfg-path', '/tmp/tmpa9_v6n98']
[2024-08-20T04:44:44.003+0000] {standard_task_runner.py:105} INFO - Job 65: Subtask insert_book_data
[2024-08-20T04:44:44.077+0000] {task_command.py:467} INFO - Running <TaskInstance: fetch_and_store_DE_books.insert_book_data scheduled__2024-07-20T00:00:00+00:00 [running]> on host 668944ed7238
[2024-08-20T04:44:44.198+0000] {taskinstance.py:3122} INFO - Exporting env vars: AIRFLOW_CTX_DAG_OWNER='***' AIRFLOW_CTX_DAG_ID='fetch_and_store_DE_books' AIRFLOW_CTX_TASK_ID='insert_book_data' AIRFLOW_CTX_EXECUTION_DATE='2024-07-20T00:00:00+00:00' AIRFLOW_CTX_TRY_NUMBER='1' AIRFLOW_CTX_DAG_RUN_ID='scheduled__2024-07-20T00:00:00+00:00'
[2024-08-20T04:44:44.200+0000] {logging_mixin.py:190} INFO - Task instance is in running state
[2024-08-20T04:44:44.201+0000] {logging_mixin.py:190} INFO -  Previous state of the Task instance: queued
[2024-08-20T04:44:44.201+0000] {logging_mixin.py:190} INFO - Current task name:insert_book_data state:running start_date:2024-08-20 04:44:43.940173+00:00
[2024-08-20T04:44:44.202+0000] {logging_mixin.py:190} INFO - Dag name:fetch_and_store_DE_books and current dag run status:running
[2024-08-20T04:44:44.202+0000] {taskinstance.py:731} INFO - ::endgroup::
[2024-08-20T04:44:44.225+0000] {base.py:84} INFO - Retrieving connection 'books_connection'
[2024-08-20T04:44:44.229+0000] {sql.py:509} INFO - Running statement: 
    INSERT INTO books (title, authors, price, rating)
    VALUES (%s, %s, %s, %s)
    , parameters: ('Ace the Data Engineering Interview: Questions and Answers for Python, SQL, Data Modeling and More', 'Sean Coyne', '24.', '4.1 out of 5 stars')
[2024-08-20T04:44:44.231+0000] {sql.py:518} INFO - Rows affected: 1
[2024-08-20T04:44:44.239+0000] {base.py:84} INFO - Retrieving connection 'books_connection'
[2024-08-20T04:44:44.245+0000] {sql.py:509} INFO - Running statement: 
    INSERT INTO books (title, authors, price, rating)
    VALUES (%s, %s, %s, %s)
    , parameters: ('Data Engineering with AWS - Second Edition: Acquire the skills to design and build AWS-based data transformation pipelines like a pro', 'Gareth Eagar', '41.', '4.4 out of 5 stars')
[2024-08-20T04:44:44.248+0000] {sql.py:518} INFO - Rows affected: 1
[2024-08-20T04:44:44.257+0000] {base.py:84} INFO - Retrieving connection 'books_connection'
[2024-08-20T04:44:44.262+0000] {sql.py:509} INFO - Running statement: 
    INSERT INTO books (title, authors, price, rating)
    VALUES (%s, %s, %s, %s)
    , parameters: ('Azure Data Engineer Associate Certification Guide: Ace the DP-203 exam with advanced data engineering skills', 'Giacinto Palmieri', '39.', '4.5 out of 5 stars')
[2024-08-20T04:44:44.263+0000] {sql.py:518} INFO - Rows affected: 1
[2024-08-20T04:44:44.273+0000] {base.py:84} INFO - Retrieving connection 'books_connection'
[2024-08-20T04:44:44.285+0000] {sql.py:509} INFO - Running statement: 
    INSERT INTO books (title, authors, price, rating)
    VALUES (%s, %s, %s, %s)
    , parameters: ('Data Engineering 101', 'Paperback', '22.', '5.0 out of 5 stars')
[2024-08-20T04:44:44.288+0000] {sql.py:518} INFO - Rows affected: 1
[2024-08-20T04:44:44.297+0000] {base.py:84} INFO - Retrieving connection 'books_connection'
[2024-08-20T04:44:44.301+0000] {sql.py:509} INFO - Running statement: 
    INSERT INTO books (title, authors, price, rating)
    VALUES (%s, %s, %s, %s)
    , parameters: ('Fundamentals of Data Engineering: Plan and Build Robust Data Systems', 'Joe Reis', '38.', '4.7 out of 5 stars')
[2024-08-20T04:44:44.302+0000] {sql.py:518} INFO - Rows affected: 1
[2024-08-20T04:44:44.312+0000] {base.py:84} INFO - Retrieving connection 'books_connection'
[2024-08-20T04:44:44.318+0000] {sql.py:509} INFO - Running statement: 
    INSERT INTO books (title, authors, price, rating)
    VALUES (%s, %s, %s, %s)
    , parameters: ('Data Pipelines Pocket Reference: Moving and Processing Data for Analytics', 'James Densmore', '17.', '4.5 out of 5 stars')
[2024-08-20T04:44:44.321+0000] {sql.py:518} INFO - Rows affected: 1
[2024-08-20T04:44:44.331+0000] {base.py:84} INFO - Retrieving connection 'books_connection'
[2024-08-20T04:44:44.335+0000] {sql.py:509} INFO - Running statement: 
    INSERT INTO books (title, authors, price, rating)
    VALUES (%s, %s, %s, %s)
    , parameters: ('Designing Data-Intensive Applications: The Big Ideas Behind Reliable, Scalable, and Maintainable Systems', 'Martin Kleppmann', '35.', '4.8 out of 5 stars')
[2024-08-20T04:44:44.337+0000] {sql.py:518} INFO - Rows affected: 1
[2024-08-20T04:44:44.348+0000] {base.py:84} INFO - Retrieving connection 'books_connection'
[2024-08-20T04:44:44.353+0000] {sql.py:509} INFO - Running statement: 
    INSERT INTO books (title, authors, price, rating)
    VALUES (%s, %s, %s, %s)
    , parameters: ('Data Engineering with Python: Work with massive datasets to design data models and automate data pipelines using Python', 'Paul Crickard', '37.', '4.1 out of 5 stars')
[2024-08-20T04:44:44.355+0000] {sql.py:518} INFO - Rows affected: 1
[2024-08-20T04:44:44.365+0000] {base.py:84} INFO - Retrieving connection 'books_connection'
[2024-08-20T04:44:44.370+0000] {sql.py:509} INFO - Running statement: 
    INSERT INTO books (title, authors, price, rating)
    VALUES (%s, %s, %s, %s)
    , parameters: ('Data Engineering with Python cookbook: Learn to build efficient data pipelines using the Modern Cloud Data Stack', 'Adithyan Ramanujakootam', '29.', '5.0 out of 5 stars')
[2024-08-20T04:44:44.372+0000] {sql.py:518} INFO - Rows affected: 1
[2024-08-20T04:44:44.380+0000] {base.py:84} INFO - Retrieving connection 'books_connection'
[2024-08-20T04:44:44.384+0000] {sql.py:509} INFO - Running statement: 
    INSERT INTO books (title, authors, price, rating)
    VALUES (%s, %s, %s, %s)
    , parameters: ('Cracking the Data Engineering Interview: Land your dream job with the help of resume-building tips, over 100 mock questions, and a unique portfolio', 'Kedeisha Bryan', '26.', '4.4 out of 5 stars')
[2024-08-20T04:44:44.386+0000] {sql.py:518} INFO - Rows affected: 1
[2024-08-20T04:44:44.398+0000] {base.py:84} INFO - Retrieving connection 'books_connection'
[2024-08-20T04:44:44.403+0000] {sql.py:509} INFO - Running statement: 
    INSERT INTO books (title, authors, price, rating)
    VALUES (%s, %s, %s, %s)
    , parameters: ('Data Engineering with AWS: Learn how to design and build cloud-based data transformation pipelines using AWS', 'Gareth Eagar', '49.', '4.4 out of 5 stars')
[2024-08-20T04:44:44.405+0000] {sql.py:518} INFO - Rows affected: 1
[2024-08-20T04:44:44.414+0000] {base.py:84} INFO - Retrieving connection 'books_connection'
[2024-08-20T04:44:44.418+0000] {sql.py:509} INFO - Running statement: 
    INSERT INTO books (title, authors, price, rating)
    VALUES (%s, %s, %s, %s)
    , parameters: ('Data Engineering with Google Cloud Platform: A guide to leveling up as a data engineer by building a scalable data platform with Google Cloud', 'Adi Wijaya', '41.', '5.0 out of 5 stars')
[2024-08-20T04:44:44.420+0000] {sql.py:518} INFO - Rows affected: 1
[2024-08-20T04:44:44.430+0000] {base.py:84} INFO - Retrieving connection 'books_connection'
[2024-08-20T04:44:44.435+0000] {sql.py:509} INFO - Running statement: 
    INSERT INTO books (title, authors, price, rating)
    VALUES (%s, %s, %s, %s)
    , parameters: ('Data Engineering with dbt: A practical guide to building a cloud-based, pragmatic, and dependable data platform with SQL', 'Roberto Zagni', '37.', '4.6 out of 5 stars')
[2024-08-20T04:44:44.437+0000] {sql.py:518} INFO - Rows affected: 1
[2024-08-20T04:44:44.447+0000] {base.py:84} INFO - Retrieving connection 'books_connection'
[2024-08-20T04:44:44.450+0000] {sql.py:509} INFO - Running statement: 
    INSERT INTO books (title, authors, price, rating)
    VALUES (%s, %s, %s, %s)
    , parameters: ('Data Analysis with Python and PySpark', 'Jonathan Rioux', '55.', '4.4 out of 5 stars')
[2024-08-20T04:44:44.452+0000] {sql.py:518} INFO - Rows affected: 1
[2024-08-20T04:44:44.463+0000] {base.py:84} INFO - Retrieving connection 'books_connection'
[2024-08-20T04:44:44.467+0000] {sql.py:509} INFO - Running statement: 
    INSERT INTO books (title, authors, price, rating)
    VALUES (%s, %s, %s, %s)
    , parameters: ('Driving Data Quality with Data Contracts: A comprehensive guide to building reliable, trusted, and effective data platforms', 'Andrew Jones', '28.', '4.6 out of 5 stars')
[2024-08-20T04:44:44.469+0000] {sql.py:518} INFO - Rows affected: 1
[2024-08-20T04:44:44.479+0000] {base.py:84} INFO - Retrieving connection 'books_connection'
[2024-08-20T04:44:44.483+0000] {sql.py:509} INFO - Running statement: 
    INSERT INTO books (title, authors, price, rating)
    VALUES (%s, %s, %s, %s)
    , parameters: ('Data Privacy: A runbook for engineers', 'Nishant Bhajaria', '34.', '4.8 out of 5 stars')
[2024-08-20T04:44:44.485+0000] {sql.py:518} INFO - Rows affected: 1
[2024-08-20T04:44:44.494+0000] {base.py:84} INFO - Retrieving connection 'books_connection'
[2024-08-20T04:44:44.498+0000] {sql.py:509} INFO - Running statement: 
    INSERT INTO books (title, authors, price, rating)
    VALUES (%s, %s, %s, %s)
    , parameters: ('Expert Data Modeling with Power BI - Second Edition: Enrich and optimize your data models to get the best out of Power BI for reporting and business needs', 'Soheil Bakhshi', '47.', '4.8 out of 5 stars')
[2024-08-20T04:44:44.500+0000] {sql.py:518} INFO - Rows affected: 1
[2024-08-20T04:44:44.510+0000] {base.py:84} INFO - Retrieving connection 'books_connection'
[2024-08-20T04:44:44.514+0000] {sql.py:509} INFO - Running statement: 
    INSERT INTO books (title, authors, price, rating)
    VALUES (%s, %s, %s, %s)
    , parameters: ('Software Engineering for Data Scientists: From Notebooks to Scalable Systems', 'Catherine Nelson', '52.', '4.5 out of 5 stars')
[2024-08-20T04:44:44.516+0000] {sql.py:518} INFO - Rows affected: 1
[2024-08-20T04:44:44.525+0000] {base.py:84} INFO - Retrieving connection 'books_connection'
[2024-08-20T04:44:44.529+0000] {sql.py:509} INFO - Running statement: 
    INSERT INTO books (title, authors, price, rating)
    VALUES (%s, %s, %s, %s)
    , parameters: ('Data Engineering with Databricks Cookbook: Build effective data and AI solutions using Apache Spark, Databricks, and Delta Lake', 'Pulkit Chadha', '42.', '4.2 out of 5 stars')
[2024-08-20T04:44:44.531+0000] {sql.py:518} INFO - Rows affected: 1
[2024-08-20T04:44:44.540+0000] {base.py:84} INFO - Retrieving connection 'books_connection'
[2024-08-20T04:44:44.544+0000] {sql.py:509} INFO - Running statement: 
    INSERT INTO books (title, authors, price, rating)
    VALUES (%s, %s, %s, %s)
    , parameters: ('Data-Driven Science and Engineering: Machine Learning, Dynamical Systems, and Control', 'Steven L. Brunton', '64.', '4.7 out of 5 stars')
[2024-08-20T04:44:44.546+0000] {sql.py:518} INFO - Rows affected: 1
[2024-08-20T04:44:44.555+0000] {base.py:84} INFO - Retrieving connection 'books_connection'
[2024-08-20T04:44:44.560+0000] {sql.py:509} INFO - Running statement: 
    INSERT INTO books (title, authors, price, rating)
    VALUES (%s, %s, %s, %s)
    , parameters: ('Data Engineering with Apache Spark, Delta Lake, and Lakehouse: Create scalable pipelines that ingest, curate, and aggregate complex data in a timely and secure way', 'Manoj Kukreja', '29.', '3.9 out of 5 stars')
[2024-08-20T04:44:44.562+0000] {sql.py:518} INFO - Rows affected: 1
[2024-08-20T04:44:44.580+0000] {base.py:84} INFO - Retrieving connection 'books_connection'
[2024-08-20T04:44:44.594+0000] {sql.py:509} INFO - Running statement: 
    INSERT INTO books (title, authors, price, rating)
    VALUES (%s, %s, %s, %s)
    , parameters: ('Data Engineering Fundamentals for Beginners: Mastering the Art of Building, Managing, and Scaling Data Systems', 'Paperback', '14.', '5.0 out of 5 stars')
[2024-08-20T04:44:44.596+0000] {sql.py:518} INFO - Rows affected: 1
[2024-08-20T04:44:44.608+0000] {base.py:84} INFO - Retrieving connection 'books_connection'
[2024-08-20T04:44:44.613+0000] {sql.py:509} INFO - Running statement: 
    INSERT INTO books (title, authors, price, rating)
    VALUES (%s, %s, %s, %s)
    , parameters: ("Data: Principles To Practice - Volume 1 'Foundations': Essential Foundations: Key Concepts behind Data Architecture, Engineering and Analysis for Professionals", 'Mr Alex Holloway', '11.', '4.7 out of 5 stars')
[2024-08-20T04:44:44.614+0000] {sql.py:518} INFO - Rows affected: 1
[2024-08-20T04:44:44.626+0000] {base.py:84} INFO - Retrieving connection 'books_connection'
[2024-08-20T04:44:44.632+0000] {sql.py:509} INFO - Running statement: 
    INSERT INTO books (title, authors, price, rating)
    VALUES (%s, %s, %s, %s)
    , parameters: ("Azure Data Factory Cookbook - Second Edition: A data engineer's guide to building and managing ETL and ELT pipelines with data integration", 'Dmitry Foshin', '51.', '4.4 out of 5 stars')
[2024-08-20T04:44:44.633+0000] {sql.py:518} INFO - Rows affected: 1
[2024-08-20T04:44:44.641+0000] {base.py:84} INFO - Retrieving connection 'books_connection'
[2024-08-20T04:44:44.645+0000] {sql.py:509} INFO - Running statement: 
    INSERT INTO books (title, authors, price, rating)
    VALUES (%s, %s, %s, %s)
    , parameters: ('Mastering Large Datasets with Python: Parallelize and Distribute Your Python Code', 'John T. Wolohan', '49.', '3.9 out of 5 stars')
[2024-08-20T04:44:44.647+0000] {sql.py:518} INFO - Rows affected: 1
[2024-08-20T04:44:44.655+0000] {base.py:84} INFO - Retrieving connection 'books_connection'
[2024-08-20T04:44:44.659+0000] {sql.py:509} INFO - Running statement: 
    INSERT INTO books (title, authors, price, rating)
    VALUES (%s, %s, %s, %s)
    , parameters: ('DATA ENGINEERING AND AI FOR BEGINNERS: Revolutionizing Data Processing and Analytics by Leveraging Artificial Intelligence for Efficient Input Collection, Storage, and Transformation (World of AI)', 'Paperback', '13.', '4.4 out of 5 stars')
[2024-08-20T04:44:44.661+0000] {sql.py:518} INFO - Rows affected: 1
[2024-08-20T04:44:44.670+0000] {base.py:84} INFO - Retrieving connection 'books_connection'
[2024-08-20T04:44:44.674+0000] {sql.py:509} INFO - Running statement: 
    INSERT INTO books (title, authors, price, rating)
    VALUES (%s, %s, %s, %s)
    , parameters: ('Data Mesh: Delivering Data-Driven Value at Scale', 'Zhamak Dehghani', '43.', '4.5 out of 5 stars')
[2024-08-20T04:44:44.676+0000] {sql.py:518} INFO - Rows affected: 1
[2024-08-20T04:44:44.685+0000] {base.py:84} INFO - Retrieving connection 'books_connection'
[2024-08-20T04:44:44.688+0000] {sql.py:509} INFO - Running statement: 
    INSERT INTO books (title, authors, price, rating)
    VALUES (%s, %s, %s, %s)
    , parameters: ('The Enterprise Data Catalog: Improve Data Discovery, Ensure Data Governance, and Enable Innovation', 'Ole Olesen-Bagneux', '31.', '4.5 out of 5 stars')
[2024-08-20T04:44:44.690+0000] {sql.py:518} INFO - Rows affected: 1
[2024-08-20T04:44:44.700+0000] {base.py:84} INFO - Retrieving connection 'books_connection'
[2024-08-20T04:44:44.704+0000] {sql.py:509} INFO - Running statement: 
    INSERT INTO books (title, authors, price, rating)
    VALUES (%s, %s, %s, %s)
    , parameters: ('Machine Learning Engineering', 'Andriy Burkov', '39.', '4.7 out of 5 stars')
[2024-08-20T04:44:44.705+0000] {sql.py:518} INFO - Rows affected: 1
[2024-08-20T04:44:44.715+0000] {base.py:84} INFO - Retrieving connection 'books_connection'
[2024-08-20T04:44:44.719+0000] {sql.py:509} INFO - Running statement: 
    INSERT INTO books (title, authors, price, rating)
    VALUES (%s, %s, %s, %s)
    , parameters: ('Data Modeling with Snowflake: A practical guide to accelerating Snowflake development using universal data modeling techniques', 'Serge Gershkovich', '36.', '4.8 out of 5 stars')
[2024-08-20T04:44:44.721+0000] {sql.py:518} INFO - Rows affected: 1
[2024-08-20T04:44:44.730+0000] {base.py:84} INFO - Retrieving connection 'books_connection'
[2024-08-20T04:44:44.734+0000] {sql.py:509} INFO - Running statement: 
    INSERT INTO books (title, authors, price, rating)
    VALUES (%s, %s, %s, %s)
    , parameters: ('Data Engineering with Databricks', 'Paperback', '25.', '3.4 out of 5 stars')
[2024-08-20T04:44:44.735+0000] {sql.py:518} INFO - Rows affected: 1
[2024-08-20T04:44:44.744+0000] {base.py:84} INFO - Retrieving connection 'books_connection'
[2024-08-20T04:44:44.749+0000] {sql.py:509} INFO - Running statement: 
    INSERT INTO books (title, authors, price, rating)
    VALUES (%s, %s, %s, %s)
    , parameters: ('Modern Data Engineering with Apache Spark: A Hands-On Guide for Building Mission-Critical Streaming Applications', 'Scott Haines', '30.', '4.1 out of 5 stars')
[2024-08-20T04:44:44.751+0000] {sql.py:518} INFO - Rows affected: 1
[2024-08-20T04:44:44.759+0000] {base.py:84} INFO - Retrieving connection 'books_connection'
[2024-08-20T04:44:44.763+0000] {sql.py:509} INFO - Running statement: 
    INSERT INTO books (title, authors, price, rating)
    VALUES (%s, %s, %s, %s)
    , parameters: ('Ace the Data Science Interview: 201 Real Interview Questions Asked By FAANG, Tech Startups, & Wall Street', 'Nick Singh', '42.', '4.5 out of 5 stars')
[2024-08-20T04:44:44.764+0000] {sql.py:518} INFO - Rows affected: 1
[2024-08-20T04:44:44.772+0000] {base.py:84} INFO - Retrieving connection 'books_connection'
[2024-08-20T04:44:44.776+0000] {sql.py:509} INFO - Running statement: 
    INSERT INTO books (title, authors, price, rating)
    VALUES (%s, %s, %s, %s)
    , parameters: ("Data Quality Fundamentals: A Practitioner's Guide to Building Trustworthy Data Pipelines", 'Paperback', '45.', '4.1 out of 5 stars')
[2024-08-20T04:44:44.778+0000] {sql.py:518} INFO - Rows affected: 1
[2024-08-20T04:44:44.787+0000] {base.py:84} INFO - Retrieving connection 'books_connection'
[2024-08-20T04:44:44.790+0000] {sql.py:509} INFO - Running statement: 
    INSERT INTO books (title, authors, price, rating)
    VALUES (%s, %s, %s, %s)
    , parameters: ('Storytelling with Data: A Data Visualization Guide for Business Professionals', 'Cole Nussbaumer Knaflic', '27.', '4.6 out of 5 stars')
[2024-08-20T04:44:44.792+0000] {sql.py:518} INFO - Rows affected: 1
[2024-08-20T04:44:44.800+0000] {base.py:84} INFO - Retrieving connection 'books_connection'
[2024-08-20T04:44:44.804+0000] {sql.py:509} INFO - Running statement: 
    INSERT INTO books (title, authors, price, rating)
    VALUES (%s, %s, %s, %s)
    , parameters: ('97 Things Every Data Engineer Should Know: Collective Wisdom from the Experts', 'Audible Audiobook', '0.', '4.1 out of 5 stars')
[2024-08-20T04:44:44.805+0000] {sql.py:518} INFO - Rows affected: 1
[2024-08-20T04:44:44.813+0000] {base.py:84} INFO - Retrieving connection 'books_connection'
[2024-08-20T04:44:44.817+0000] {sql.py:509} INFO - Running statement: 
    INSERT INTO books (title, authors, price, rating)
    VALUES (%s, %s, %s, %s)
    , parameters: ('Data Engineering with Google Cloud Platform: A practical guide to operationalizing scalable data analytics systems on GCP', 'Adi Wijaya', '41.', '4.7 out of 5 stars')
[2024-08-20T04:44:44.819+0000] {sql.py:518} INFO - Rows affected: 1
[2024-08-20T04:44:44.827+0000] {base.py:84} INFO - Retrieving connection 'books_connection'
[2024-08-20T04:44:44.830+0000] {sql.py:509} INFO - Running statement: 
    INSERT INTO books (title, authors, price, rating)
    VALUES (%s, %s, %s, %s)
    , parameters: ('Fundamentals of Data Analytics: Learn Essential Skills, Embrace the Future, and Catapult Your Career in the Data-Driven World—A Comprehensive Guide to Data Literacy for Beginners', 'Russell Dawson', '16.', '4.8 out of 5 stars')
[2024-08-20T04:44:44.832+0000] {sql.py:518} INFO - Rows affected: 1
[2024-08-20T04:44:44.841+0000] {base.py:84} INFO - Retrieving connection 'books_connection'
[2024-08-20T04:44:44.845+0000] {sql.py:509} INFO - Running statement: 
    INSERT INTO books (title, authors, price, rating)
    VALUES (%s, %s, %s, %s)
    , parameters: ('Prompt Engineering for Generative AI: Future-Proof Inputs for Reliable AI Outputs', 'James Phoenix', '57.', '4.4 out of 5 stars')
[2024-08-20T04:44:44.847+0000] {sql.py:518} INFO - Rows affected: 1
[2024-08-20T04:44:44.855+0000] {base.py:84} INFO - Retrieving connection 'books_connection'
[2024-08-20T04:44:44.859+0000] {sql.py:509} INFO - Running statement: 
    INSERT INTO books (title, authors, price, rating)
    VALUES (%s, %s, %s, %s)
    , parameters: ('Analytics Engineering with SQL and dbt: Building Meaningful Data Models at Scale', 'Rui Pedro Machado', '41.', '3.8 out of 5 stars')
[2024-08-20T04:44:44.860+0000] {sql.py:518} INFO - Rows affected: 1
[2024-08-20T04:44:44.869+0000] {base.py:84} INFO - Retrieving connection 'books_connection'
[2024-08-20T04:44:44.873+0000] {sql.py:509} INFO - Running statement: 
    INSERT INTO books (title, authors, price, rating)
    VALUES (%s, %s, %s, %s)
    , parameters: ('Data Observability for Data Engineering: Proactive strategies for ensuring data accuracy and addressing broken data pipelines', 'Michele Pinto', '18.', '3.7 out of 5 stars')
[2024-08-20T04:44:44.875+0000] {sql.py:518} INFO - Rows affected: 1
[2024-08-20T04:44:44.883+0000] {base.py:84} INFO - Retrieving connection 'books_connection'
[2024-08-20T04:44:44.887+0000] {sql.py:509} INFO - Running statement: 
    INSERT INTO books (title, authors, price, rating)
    VALUES (%s, %s, %s, %s)
    , parameters: ('Azure Data Engineering Cookbook - Second Edition: Get well versed in various data engineering techniques in Azure using this recipe-based guide', 'Nagaraj Venkatesan', '51.', '3.5 out of 5 stars')
[2024-08-20T04:44:44.889+0000] {sql.py:518} INFO - Rows affected: 1
[2024-08-20T04:44:44.898+0000] {base.py:84} INFO - Retrieving connection 'books_connection'
[2024-08-20T04:44:44.902+0000] {sql.py:509} INFO - Running statement: 
    INSERT INTO books (title, authors, price, rating)
    VALUES (%s, %s, %s, %s)
    , parameters: ('The Data Warehouse Toolkit: The Definitive Guide to Dimensional Modeling', 'Paperback', '47.', '4.7 out of 5 stars')
[2024-08-20T04:44:44.903+0000] {sql.py:518} INFO - Rows affected: 1
[2024-08-20T04:44:44.911+0000] {base.py:84} INFO - Retrieving connection 'books_connection'
[2024-08-20T04:44:44.915+0000] {sql.py:509} INFO - Running statement: 
    INSERT INTO books (title, authors, price, rating)
    VALUES (%s, %s, %s, %s)
    , parameters: ('Python Programming and SQL: 5 books in 1 - The #1 Coding Course from Beginner to Advanced. Learn it Well & Fast (2024) (Computer Programming)', 'Paperback', '32.', '4.3 out of 5 stars')
[2024-08-20T04:44:44.916+0000] {sql.py:518} INFO - Rows affected: 1
[2024-08-20T04:44:44.925+0000] {base.py:84} INFO - Retrieving connection 'books_connection'
[2024-08-20T04:44:44.929+0000] {sql.py:509} INFO - Running statement: 
    INSERT INTO books (title, authors, price, rating)
    VALUES (%s, %s, %s, %s)
    , parameters: ('Official Google Cloud Certified Professional Data Engineer Study Guide', 'Dan Sullivan', '33.', '4.5 out of 5 stars')
[2024-08-20T04:44:44.931+0000] {sql.py:518} INFO - Rows affected: 1
[2024-08-20T04:44:44.945+0000] {base.py:84} INFO - Retrieving connection 'books_connection'
[2024-08-20T04:44:44.949+0000] {sql.py:509} INFO - Running statement: 
    INSERT INTO books (title, authors, price, rating)
    VALUES (%s, %s, %s, %s)
    , parameters: ('Azure Data Engineer Associate Certification Guide: A hands-on reference guide to developing your data engineering skills and preparing for the DP-203 exam', 'Newton Alex', '54.', '3.9 out of 5 stars')
[2024-08-20T04:44:44.951+0000] {sql.py:518} INFO - Rows affected: 1
[2024-08-20T04:44:44.960+0000] {base.py:84} INFO - Retrieving connection 'books_connection'
[2024-08-20T04:44:44.964+0000] {sql.py:509} INFO - Running statement: 
    INSERT INTO books (title, authors, price, rating)
    VALUES (%s, %s, %s, %s)
    , parameters: ('Data Engineering with Scala and Spark: A practical guide helping you build streaming and batch pipelines that process massive amounts of data using Scala', 'Eric Tome', '36.', '4.3 out of 5 stars')
[2024-08-20T04:44:44.966+0000] {sql.py:518} INFO - Rows affected: 1
[2024-08-20T04:44:44.974+0000] {base.py:84} INFO - Retrieving connection 'books_connection'
[2024-08-20T04:44:44.979+0000] {sql.py:509} INFO - Running statement: 
    INSERT INTO books (title, authors, price, rating)
    VALUES (%s, %s, %s, %s)
    , parameters: ('Learning Spark: Lightning-Fast Data Analytics', 'Jules S. Damji', '43.', '4.7 out of 5 stars')
[2024-08-20T04:44:44.981+0000] {sql.py:518} INFO - Rows affected: 1
[2024-08-20T04:44:44.989+0000] {base.py:84} INFO - Retrieving connection 'books_connection'
[2024-08-20T04:44:44.994+0000] {sql.py:509} INFO - Running statement: 
    INSERT INTO books (title, authors, price, rating)
    VALUES (%s, %s, %s, %s)
    , parameters: ('Data Engineering and Data Science for Babies: Activity Workbook Part 1', 'Paperback', '9.', '4.1 out of 5 stars')
[2024-08-20T04:44:44.995+0000] {sql.py:518} INFO - Rows affected: 1
[2024-08-20T04:44:45.005+0000] {base.py:84} INFO - Retrieving connection 'books_connection'
[2024-08-20T04:44:45.010+0000] {sql.py:509} INFO - Running statement: 
    INSERT INTO books (title, authors, price, rating)
    VALUES (%s, %s, %s, %s)
    , parameters: ('Electrical engineering without prior knowledge: Understand the basics within 7 days (Become an Engineer Without Prior Knowledge)', 'Paperback', '17.', '4.4 out of 5 stars')
[2024-08-20T04:44:45.012+0000] {sql.py:518} INFO - Rows affected: 1
[2024-08-20T04:44:45.021+0000] {base.py:84} INFO - Retrieving connection 'books_connection'
[2024-08-20T04:44:45.024+0000] {sql.py:509} INFO - Running statement: 
    INSERT INTO books (title, authors, price, rating)
    VALUES (%s, %s, %s, %s)
    , parameters: ("SQL QuickStart Guide: The Simplified Beginner's Guide to Managing, Analyzing, and Manipulating Data With SQL (Coding & Programming - QuickStart Guides)", 'Paperback', '23.', '4.6 out of 5 stars')
[2024-08-20T04:44:45.026+0000] {sql.py:518} INFO - Rows affected: 1
[2024-08-20T04:44:45.035+0000] {base.py:84} INFO - Retrieving connection 'books_connection'
[2024-08-20T04:44:45.040+0000] {sql.py:509} INFO - Running statement: 
    INSERT INTO books (title, authors, price, rating)
    VALUES (%s, %s, %s, %s)
    , parameters: ('Concepts of Generative AI and Data Engineering: Vital Concepts in Data Engineering and the World of Generative AI', 'Kindle', '29.', '5.0 out of 5 stars')
[2024-08-20T04:44:45.041+0000] {sql.py:518} INFO - Rows affected: 1
[2024-08-20T04:44:45.051+0000] {base.py:84} INFO - Retrieving connection 'books_connection'
[2024-08-20T04:44:45.055+0000] {sql.py:509} INFO - Running statement: 
    INSERT INTO books (title, authors, price, rating)
    VALUES (%s, %s, %s, %s)
    , parameters: ('Data Analytics, Data Visualization & Communicating Data: 3 books in 1: Learn the Processes of Data Analytics and Data Science, Create Engaging Data Visualizations, and Present Data Effectively', 'Audible Audiobook', '0.', '4.5 out of 5 stars')
[2024-08-20T04:44:45.057+0000] {sql.py:518} INFO - Rows affected: 1
[2024-08-20T04:44:45.065+0000] {base.py:84} INFO - Retrieving connection 'books_connection'
[2024-08-20T04:44:45.069+0000] {sql.py:509} INFO - Running statement: 
    INSERT INTO books (title, authors, price, rating)
    VALUES (%s, %s, %s, %s)
    , parameters: ('Machine Learning Engineering with Python - Second Edition: Manage the lifecycle of machine learning models using MLOps with practical examples', 'Andrew McMahon', '32.', '4.7 out of 5 stars')
[2024-08-20T04:44:45.070+0000] {sql.py:518} INFO - Rows affected: 1
[2024-08-20T04:44:45.080+0000] {base.py:84} INFO - Retrieving connection 'books_connection'
[2024-08-20T04:44:45.083+0000] {sql.py:509} INFO - Running statement: 
    INSERT INTO books (title, authors, price, rating)
    VALUES (%s, %s, %s, %s)
    , parameters: ('Systems Engineering Demystified - Second Edition: Apply modern, model-based systems engineering techniques to build complex systems', 'Jon Holt', '45.', '4.7 out of 5 stars')
[2024-08-20T04:44:45.085+0000] {sql.py:518} INFO - Rows affected: 1
[2024-08-20T04:44:45.095+0000] {base.py:84} INFO - Retrieving connection 'books_connection'
[2024-08-20T04:44:45.099+0000] {sql.py:509} INFO - Running statement: 
    INSERT INTO books (title, authors, price, rating)
    VALUES (%s, %s, %s, %s)
    , parameters: ('Modern Java in Action: Lambdas, streams, functional and reactive programming', 'Paperback', '52.', '4.5 out of 5 stars')
[2024-08-20T04:44:45.100+0000] {sql.py:518} INFO - Rows affected: 1
[2024-08-20T04:44:45.110+0000] {base.py:84} INFO - Retrieving connection 'books_connection'
[2024-08-20T04:44:45.114+0000] {sql.py:509} INFO - Running statement: 
    INSERT INTO books (title, authors, price, rating)
    VALUES (%s, %s, %s, %s)
    , parameters: ('Database Internals: A Deep Dive into How Distributed Data Systems Work', 'Alex Petrov', '36.', '4.6 out of 5 stars')
[2024-08-20T04:44:45.116+0000] {sql.py:518} INFO - Rows affected: 1
[2024-08-20T04:44:45.126+0000] {base.py:84} INFO - Retrieving connection 'books_connection'
[2024-08-20T04:44:45.131+0000] {sql.py:509} INFO - Running statement: 
    INSERT INTO books (title, authors, price, rating)
    VALUES (%s, %s, %s, %s)
    , parameters: ('Data Science (The MIT Press Essential Knowledge series)', 'Paperback', '10.', '4.4 out of 5 stars')
[2024-08-20T04:44:45.133+0000] {sql.py:518} INFO - Rows affected: 1
[2024-08-20T04:44:45.142+0000] {base.py:84} INFO - Retrieving connection 'books_connection'
[2024-08-20T04:44:45.146+0000] {sql.py:509} INFO - Running statement: 
    INSERT INTO books (title, authors, price, rating)
    VALUES (%s, %s, %s, %s)
    , parameters: ('Engineers Survival Guide: Advice, tactics, and tricks After a decade of working at Facebook, Snapchat, and Microsoft', 'Merih Taze', '29.', '4.4 out of 5 stars')
[2024-08-20T04:44:45.148+0000] {sql.py:518} INFO - Rows affected: 1
[2024-08-20T04:44:45.158+0000] {base.py:84} INFO - Retrieving connection 'books_connection'
[2024-08-20T04:44:45.162+0000] {sql.py:509} INFO - Running statement: 
    INSERT INTO books (title, authors, price, rating)
    VALUES (%s, %s, %s, %s)
    , parameters: ('How Data Happened: A History from the Age of Reason to the Age of Algorithms', 'Chris Wiggins', '16.', '4.2 out of 5 stars')
[2024-08-20T04:44:45.164+0000] {sql.py:518} INFO - Rows affected: 1
[2024-08-20T04:44:45.176+0000] {base.py:84} INFO - Retrieving connection 'books_connection'
[2024-08-20T04:44:45.180+0000] {sql.py:509} INFO - Running statement: 
    INSERT INTO books (title, authors, price, rating)
    VALUES (%s, %s, %s, %s)
    , parameters: ("System Design Interview – An insider's guide", 'Alex Xu', '37.', '4.6 out of 5 stars')
[2024-08-20T04:44:45.182+0000] {sql.py:518} INFO - Rows affected: 1
[2024-08-20T04:44:45.192+0000] {base.py:84} INFO - Retrieving connection 'books_connection'
[2024-08-20T04:44:45.196+0000] {sql.py:509} INFO - Running statement: 
    INSERT INTO books (title, authors, price, rating)
    VALUES (%s, %s, %s, %s)
    , parameters: ('Mastering the Data Paradox: Key to Winning in the AI Age', 'Nitin Seth', '18.', '4.8 out of 5 stars')
[2024-08-20T04:44:45.198+0000] {sql.py:518} INFO - Rows affected: 1
[2024-08-20T04:44:45.208+0000] {base.py:84} INFO - Retrieving connection 'books_connection'
[2024-08-20T04:44:45.213+0000] {sql.py:509} INFO - Running statement: 
    INSERT INTO books (title, authors, price, rating)
    VALUES (%s, %s, %s, %s)
    , parameters: ('Data Science on AWS: Implementing End-to-End, Continuous AI and Machine Learning Pipelines', 'Chris Fregly', '11.', '4.5 out of 5 stars')
[2024-08-20T04:44:45.215+0000] {sql.py:518} INFO - Rows affected: 1
[2024-08-20T04:44:45.225+0000] {base.py:84} INFO - Retrieving connection 'books_connection'
[2024-08-20T04:44:45.229+0000] {sql.py:509} INFO - Running statement: 
    INSERT INTO books (title, authors, price, rating)
    VALUES (%s, %s, %s, %s)
    , parameters: ("Applied Machine Learning and AI for Engineers: Solve Business Problems That Can't Be Solved Algorithmically", 'Jeff Prosise', '55.', '4.5 out of 5 stars')
[2024-08-20T04:44:45.231+0000] {sql.py:518} INFO - Rows affected: 1
[2024-08-20T04:44:45.240+0000] {base.py:84} INFO - Retrieving connection 'books_connection'
[2024-08-20T04:44:45.245+0000] {sql.py:509} INFO - Running statement: 
    INSERT INTO books (title, authors, price, rating)
    VALUES (%s, %s, %s, %s)
    , parameters: ("Engineers' Practical Databook: A Technical Reference Guide for Students and Professionals", 'Jay Smith', '18.', '4.6 out of 5 stars')
[2024-08-20T04:44:45.247+0000] {sql.py:518} INFO - Rows affected: 1
[2024-08-20T04:44:45.255+0000] {base.py:84} INFO - Retrieving connection 'books_connection'
[2024-08-20T04:44:45.259+0000] {sql.py:509} INFO - Running statement: 
    INSERT INTO books (title, authors, price, rating)
    VALUES (%s, %s, %s, %s)
    , parameters: ('Feature Engineering for Machine Learning: Principles and Techniques for Data Scientists', 'Alice Zheng', '41.', '4.4 out of 5 stars')
[2024-08-20T04:44:45.260+0000] {sql.py:518} INFO - Rows affected: 1
[2024-08-20T04:44:45.269+0000] {base.py:84} INFO - Retrieving connection 'books_connection'
[2024-08-20T04:44:45.273+0000] {sql.py:509} INFO - Running statement: 
    INSERT INTO books (title, authors, price, rating)
    VALUES (%s, %s, %s, %s)
    , parameters: ('Better Data Visualizations: A Guide for Scholars, Researchers, and Wonks', 'Jonathan Schwabish', '26.', '4.5 out of 5 stars')
[2024-08-20T04:44:45.274+0000] {sql.py:518} INFO - Rows affected: 1
[2024-08-20T04:44:45.282+0000] {base.py:84} INFO - Retrieving connection 'books_connection'
[2024-08-20T04:44:45.286+0000] {sql.py:509} INFO - Running statement: 
    INSERT INTO books (title, authors, price, rating)
    VALUES (%s, %s, %s, %s)
    , parameters: ('SQL Data Analytics Made Easy: Your Step-by-Step Guide to Unlocking Data’s Hidden Secrets: Demystify complex concepts, and harness the power of data to drive intelligent decision-making effortlessly.', 'L.D. Knowings', '14.', '4.1 out of 5 stars')
[2024-08-20T04:44:45.288+0000] {sql.py:518} INFO - Rows affected: 1
[2024-08-20T04:44:45.296+0000] {base.py:84} INFO - Retrieving connection 'books_connection'
[2024-08-20T04:44:45.300+0000] {sql.py:509} INFO - Running statement: 
    INSERT INTO books (title, authors, price, rating)
    VALUES (%s, %s, %s, %s)
    , parameters: ('The Art of Doing Science and Engineering: Learning to Learn', 'Richard W. Hamming', '19.', '4.6 out of 5 stars')
[2024-08-20T04:44:45.301+0000] {sql.py:518} INFO - Rows affected: 1
[2024-08-20T04:44:45.311+0000] {base.py:84} INFO - Retrieving connection 'books_connection'
[2024-08-20T04:44:45.314+0000] {sql.py:509} INFO - Running statement: 
    INSERT INTO books (title, authors, price, rating)
    VALUES (%s, %s, %s, %s)
    , parameters: ('A Common-Sense Guide to Data Structures and Algorithms, Second Edition: Level Up Your Core Programming Skills', 'Jay Wengrow', '39.', '4.7 out of 5 stars')
[2024-08-20T04:44:45.316+0000] {sql.py:518} INFO - Rows affected: 1
[2024-08-20T04:44:45.324+0000] {base.py:84} INFO - Retrieving connection 'books_connection'
[2024-08-20T04:44:45.328+0000] {sql.py:509} INFO - Running statement: 
    INSERT INTO books (title, authors, price, rating)
    VALUES (%s, %s, %s, %s)
    , parameters: ('Fundamentals of Data Visualization: A Primer on Making Informative and Compelling Figures', 'Claus Wilke', '49.', '4.6 out of 5 stars')
[2024-08-20T04:44:45.330+0000] {sql.py:518} INFO - Rows affected: 1
[2024-08-20T04:44:45.338+0000] {base.py:84} INFO - Retrieving connection 'books_connection'
[2024-08-20T04:44:45.342+0000] {sql.py:509} INFO - Running statement: 
    INSERT INTO books (title, authors, price, rating)
    VALUES (%s, %s, %s, %s)
    , parameters: ('Hypothesis Testing: An Intuitive Guide for Making Data Driven Decisions', 'Jim Frost', '23.', '4.5 out of 5 stars')
[2024-08-20T04:44:45.344+0000] {sql.py:518} INFO - Rows affected: 1
[2024-08-20T04:44:45.352+0000] {base.py:84} INFO - Retrieving connection 'books_connection'
[2024-08-20T04:44:45.356+0000] {sql.py:509} INFO - Running statement: 
    INSERT INTO books (title, authors, price, rating)
    VALUES (%s, %s, %s, %s)
    , parameters: ('Modeling and Simulation in Python: An Introduction for Scientists and Engineers', 'Allen B. Downey', '32.', '4.5 out of 5 stars')
[2024-08-20T04:44:45.358+0000] {sql.py:518} INFO - Rows affected: 1
[2024-08-20T04:44:45.366+0000] {base.py:84} INFO - Retrieving connection 'books_connection'
[2024-08-20T04:44:45.370+0000] {sql.py:509} INFO - Running statement: 
    INSERT INTO books (title, authors, price, rating)
    VALUES (%s, %s, %s, %s)
    , parameters: ('The Data Governance Guidebook and Playbook: By a Practitioner for Practitioners', 'Paperback', '25.', '4.3 out of 5 stars')
[2024-08-20T04:44:45.371+0000] {sql.py:518} INFO - Rows affected: 1
[2024-08-20T04:44:45.381+0000] {base.py:84} INFO - Retrieving connection 'books_connection'
[2024-08-20T04:44:45.384+0000] {sql.py:509} INFO - Running statement: 
    INSERT INTO books (title, authors, price, rating)
    VALUES (%s, %s, %s, %s)
    , parameters: ('AWS Certified Data Analytics Study Guide: Specialty (DAS-C01) Exam', 'Asif Abbasi', '31.', '4.6 out of 5 stars')
[2024-08-20T04:44:45.386+0000] {sql.py:518} INFO - Rows affected: 1
[2024-08-20T04:44:45.394+0000] {base.py:84} INFO - Retrieving connection 'books_connection'
[2024-08-20T04:44:45.397+0000] {sql.py:509} INFO - Running statement: 
    INSERT INTO books (title, authors, price, rating)
    VALUES (%s, %s, %s, %s)
    , parameters: ('50 Algorithms Every Programmer Should Know - Second Edition: An unbeatable arsenal of algorithmic solutions for real-world problems', 'Imran Ahmad', '37.', '4.4 out of 5 stars')
[2024-08-20T04:44:45.399+0000] {sql.py:518} INFO - Rows affected: 1
[2024-08-20T04:44:45.408+0000] {base.py:84} INFO - Retrieving connection 'books_connection'
[2024-08-20T04:44:45.412+0000] {sql.py:509} INFO - Running statement: 
    INSERT INTO books (title, authors, price, rating)
    VALUES (%s, %s, %s, %s)
    , parameters: ('Technology is Dead', 'Paperback', '23.', '5.0 out of 5 stars')
[2024-08-20T04:44:45.414+0000] {sql.py:518} INFO - Rows affected: 1
[2024-08-20T04:44:45.422+0000] {base.py:84} INFO - Retrieving connection 'books_connection'
[2024-08-20T04:44:45.426+0000] {sql.py:509} INFO - Running statement: 
    INSERT INTO books (title, authors, price, rating)
    VALUES (%s, %s, %s, %s)
    , parameters: ('Designing Cloud Data Platforms', 'Audible Audiobook', '0.', '4.7 out of 5 stars')
[2024-08-20T04:44:45.427+0000] {sql.py:518} INFO - Rows affected: 1
[2024-08-20T04:44:45.435+0000] {base.py:84} INFO - Retrieving connection 'books_connection'
[2024-08-20T04:44:45.439+0000] {sql.py:509} INFO - Running statement: 
    INSERT INTO books (title, authors, price, rating)
    VALUES (%s, %s, %s, %s)
    , parameters: ('Data Science: The Hard Parts: Techniques for Excelling at Data Science', 'Daniel Vaughan', '48.', '5.0 out of 5 stars')
[2024-08-20T04:44:45.440+0000] {sql.py:518} INFO - Rows affected: 1
[2024-08-20T04:44:45.448+0000] {base.py:84} INFO - Retrieving connection 'books_connection'
[2024-08-20T04:44:45.452+0000] {sql.py:509} INFO - Running statement: 
    INSERT INTO books (title, authors, price, rating)
    VALUES (%s, %s, %s, %s)
    , parameters: ('Data Management at Scale: Modern Data Architecture with Data Mesh and Data Fabric', 'Piethein Strengholt', '47.', '4.5 out of 5 stars')
[2024-08-20T04:44:45.453+0000] {sql.py:518} INFO - Rows affected: 1
[2024-08-20T04:44:45.461+0000] {base.py:84} INFO - Retrieving connection 'books_connection'
[2024-08-20T04:44:45.464+0000] {sql.py:509} INFO - Running statement: 
    INSERT INTO books (title, authors, price, rating)
    VALUES (%s, %s, %s, %s)
    , parameters: ('Practical Fraud Prevention: Fraud and AML Analytics for Fintech and eCommerce, Using SQL and Python', 'Gilit Saporta', '47.', '4.4 out of 5 stars')
[2024-08-20T04:44:45.466+0000] {sql.py:518} INFO - Rows affected: 1
[2024-08-20T04:44:45.474+0000] {base.py:84} INFO - Retrieving connection 'books_connection'
[2024-08-20T04:44:45.477+0000] {sql.py:509} INFO - Running statement: 
    INSERT INTO books (title, authors, price, rating)
    VALUES (%s, %s, %s, %s)
    , parameters: ('Data Quality Engineering in Financial Services: Applying Manufacturing Techniques to Data', 'Brian Buzzelli', '30.', '4.4 out of 5 stars')
[2024-08-20T04:44:45.479+0000] {sql.py:518} INFO - Rows affected: 1
[2024-08-20T04:44:45.487+0000] {base.py:84} INFO - Retrieving connection 'books_connection'
[2024-08-20T04:44:45.491+0000] {sql.py:509} INFO - Running statement: 
    INSERT INTO books (title, authors, price, rating)
    VALUES (%s, %s, %s, %s)
    , parameters: ('Ultimate Azure Data Engineering: Build Robust Data Engineering Systems on Azure with SQL, ETL, Data Modeling, and Power BI for Business Insights and Crack Azure Certifications (English Edition)', 'Ashish Agarwal', '39.', '5.0 out of 5 stars')
[2024-08-20T04:44:45.492+0000] {sql.py:518} INFO - Rows affected: 1
[2024-08-20T04:44:45.500+0000] {base.py:84} INFO - Retrieving connection 'books_connection'
[2024-08-20T04:44:45.504+0000] {sql.py:509} INFO - Running statement: 
    INSERT INTO books (title, authors, price, rating)
    VALUES (%s, %s, %s, %s)
    , parameters: ('Data Structures and Algorithms: 100 Interview Questions (Advanced Topics in Programming Book 2)', 'Kindle', '9.', '5.0 out of 5 stars')
[2024-08-20T04:44:45.506+0000] {sql.py:518} INFO - Rows affected: 1
[2024-08-20T04:44:45.513+0000] {base.py:84} INFO - Retrieving connection 'books_connection'
[2024-08-20T04:44:45.517+0000] {sql.py:509} INFO - Running statement: 
    INSERT INTO books (title, authors, price, rating)
    VALUES (%s, %s, %s, %s)
    , parameters: ('Data-Centric Machine Learning with Python: The ultimate guide to engineering and deploying high-quality models based on good data', 'Jonas Christensen', '49.', '4.6 out of 5 stars')
[2024-08-20T04:44:45.518+0000] {sql.py:518} INFO - Rows affected: 1
[2024-08-20T04:44:45.527+0000] {base.py:84} INFO - Retrieving connection 'books_connection'
[2024-08-20T04:44:45.530+0000] {sql.py:509} INFO - Running statement: 
    INSERT INTO books (title, authors, price, rating)
    VALUES (%s, %s, %s, %s)
    , parameters: ('Architecting Data and Machine Learning Platforms: Enable Analytics and AI-Driven Innovation in the Cloud', 'Marco Tranquillin', '37.', '4.3 out of 5 stars')
[2024-08-20T04:44:45.532+0000] {sql.py:518} INFO - Rows affected: 1
[2024-08-20T04:44:45.540+0000] {base.py:84} INFO - Retrieving connection 'books_connection'
[2024-08-20T04:44:45.543+0000] {sql.py:509} INFO - Running statement: 
    INSERT INTO books (title, authors, price, rating)
    VALUES (%s, %s, %s, %s)
    , parameters: ('Killed by a Traffic Engineer: Shattering the Delusion that Science Underlies our Transportation System', 'Wes Marshall', '33.', '4.5 out of 5 stars')
[2024-08-20T04:44:45.545+0000] {sql.py:518} INFO - Rows affected: 1
[2024-08-20T04:44:45.553+0000] {base.py:84} INFO - Retrieving connection 'books_connection'
[2024-08-20T04:44:45.556+0000] {sql.py:509} INFO - Running statement: 
    INSERT INTO books (title, authors, price, rating)
    VALUES (%s, %s, %s, %s)
    , parameters: ('Python Data Engineering Resources: Boost Your Career With This Python Handbook; Prepare For Python Interview; Python Programming Cookbook For Beginners and Experienced; Python Data Analysis and More', 'Vajo Lukic', '9.', '4.8 out of 5 stars')
[2024-08-20T04:44:45.558+0000] {sql.py:518} INFO - Rows affected: 1
[2024-08-20T04:44:45.566+0000] {base.py:84} INFO - Retrieving connection 'books_connection'
[2024-08-20T04:44:45.570+0000] {sql.py:509} INFO - Running statement: 
    INSERT INTO books (title, authors, price, rating)
    VALUES (%s, %s, %s, %s)
    , parameters: ('Restricted Data: The History of Nuclear Secrecy in the United States', 'Alex Wellerstein', '2.', '4.7 out of 5 stars')
[2024-08-20T04:44:45.571+0000] {sql.py:518} INFO - Rows affected: 1
[2024-08-20T04:44:45.579+0000] {base.py:84} INFO - Retrieving connection 'books_connection'
[2024-08-20T04:44:45.583+0000] {sql.py:509} INFO - Running statement: 
    INSERT INTO books (title, authors, price, rating)
    VALUES (%s, %s, %s, %s)
    , parameters: ('Data Driven: Truckers, Technology, and the New Workplace Surveillance', 'Karen Levy', '21.', '4.3 out of 5 stars')
[2024-08-20T04:44:45.584+0000] {sql.py:518} INFO - Rows affected: 1
[2024-08-20T04:44:45.593+0000] {base.py:84} INFO - Retrieving connection 'books_connection'
[2024-08-20T04:44:45.596+0000] {sql.py:509} INFO - Running statement: 
    INSERT INTO books (title, authors, price, rating)
    VALUES (%s, %s, %s, %s)
    , parameters: ('Understanding Cryptography: A Textbook for Students and Practitioners', 'Christof Paar', '29.', '4.6 out of 5 stars')
[2024-08-20T04:44:45.598+0000] {sql.py:518} INFO - Rows affected: 1
[2024-08-20T04:44:45.606+0000] {base.py:84} INFO - Retrieving connection 'books_connection'
[2024-08-20T04:44:45.611+0000] {sql.py:509} INFO - Running statement: 
    INSERT INTO books (title, authors, price, rating)
    VALUES (%s, %s, %s, %s)
    , parameters: ('Grokking Algorithms', 'Audible Audiobook', '0.', '4.6 out of 5 stars')
[2024-08-20T04:44:45.613+0000] {sql.py:518} INFO - Rows affected: 1
[2024-08-20T04:44:45.622+0000] {base.py:84} INFO - Retrieving connection 'books_connection'
[2024-08-20T04:44:45.626+0000] {sql.py:509} INFO - Running statement: 
    INSERT INTO books (title, authors, price, rating)
    VALUES (%s, %s, %s, %s)
    , parameters: ('Observability Engineering: Achieving Production Excellence', 'Charity Majors', '34.', '4.3 out of 5 stars')
[2024-08-20T04:44:45.628+0000] {sql.py:518} INFO - Rows affected: 1
[2024-08-20T04:44:45.636+0000] {base.py:84} INFO - Retrieving connection 'books_connection'
[2024-08-20T04:44:45.640+0000] {sql.py:509} INFO - Running statement: 
    INSERT INTO books (title, authors, price, rating)
    VALUES (%s, %s, %s, %s)
    , parameters: ("Storytelling with Data: Let's Practice!", 'Cole Nussbaumer Knaflic', '28.', '4.7 out of 5 stars')
[2024-08-20T04:44:45.641+0000] {sql.py:518} INFO - Rows affected: 1
[2024-08-20T04:44:45.649+0000] {base.py:84} INFO - Retrieving connection 'books_connection'
[2024-08-20T04:44:45.653+0000] {sql.py:509} INFO - Running statement: 
    INSERT INTO books (title, authors, price, rating)
    VALUES (%s, %s, %s, %s)
    , parameters: ('Practical Reverse Engineering: x86, x64, ARM, Windows Kernel, Reversing Tools, and Obfuscation', 'Bruce Dang', '34.', '4.6 out of 5 stars')
[2024-08-20T04:44:45.656+0000] {sql.py:518} INFO - Rows affected: 1
[2024-08-20T04:44:45.665+0000] {base.py:84} INFO - Retrieving connection 'books_connection'
[2024-08-20T04:44:45.670+0000] {sql.py:509} INFO - Running statement: 
    INSERT INTO books (title, authors, price, rating)
    VALUES (%s, %s, %s, %s)
    , parameters: ('Building ETL Pipelines with Python: Create and deploy enterprise-ready ETL pipelines by employing modern methods', 'Brij Kishore Pandey', '17.', '4.2 out of 5 stars')
[2024-08-20T04:44:45.672+0000] {sql.py:518} INFO - Rows affected: 1
[2024-08-20T04:44:45.682+0000] {base.py:84} INFO - Retrieving connection 'books_connection'
[2024-08-20T04:44:45.686+0000] {sql.py:509} INFO - Running statement: 
    INSERT INTO books (title, authors, price, rating)
    VALUES (%s, %s, %s, %s)
    , parameters: ('Mastering Databricks Lakehouse Platform: Perform Data Warehousing, Data Engineering, Machine Learning, DevOps, and BI into a Single Platform (English Edition)', 'Sagar Lad', '26.', '3.6 out of 5 stars')
[2024-08-20T04:44:45.688+0000] {sql.py:518} INFO - Rows affected: 1
[2024-08-20T04:44:45.698+0000] {base.py:84} INFO - Retrieving connection 'books_connection'
[2024-08-20T04:44:45.702+0000] {sql.py:509} INFO - Running statement: 
    INSERT INTO books (title, authors, price, rating)
    VALUES (%s, %s, %s, %s)
    , parameters: ('The Data Model Resource Book, Vol. 1: A Library of Universal Data Models for All Enterprises', 'Len Silverston', '63.', '4.3 out of 5 stars')
[2024-08-20T04:44:45.704+0000] {sql.py:518} INFO - Rows affected: 1
[2024-08-20T04:44:45.713+0000] {base.py:84} INFO - Retrieving connection 'books_connection'
[2024-08-20T04:44:45.717+0000] {sql.py:509} INFO - Running statement: 
    INSERT INTO books (title, authors, price, rating)
    VALUES (%s, %s, %s, %s)
    , parameters: ('Simplifying Data Engineering and Analytics with Delta: Create analytics-ready data that fuels artificial intelligence and business intelligence', 'Anindita Mahapatra', '28.', '4.3 out of 5 stars')
[2024-08-20T04:44:45.719+0000] {sql.py:518} INFO - Rows affected: 1
[2024-08-20T04:44:45.729+0000] {base.py:84} INFO - Retrieving connection 'books_connection'
[2024-08-20T04:44:45.733+0000] {sql.py:509} INFO - Running statement: 
    INSERT INTO books (title, authors, price, rating)
    VALUES (%s, %s, %s, %s)
    , parameters: ('The Data Model Resource Book, Vol. 2: A Library of Data Models for Specific Industries', 'Len Silverston', '68.', '4.1 out of 5 stars')
[2024-08-20T04:44:45.735+0000] {sql.py:518} INFO - Rows affected: 1
[2024-08-20T04:44:45.738+0000] {python.py:240} INFO - Done. Returned value was: None
[2024-08-20T04:44:45.749+0000] {taskinstance.py:340} INFO - ::group::Post task execution logs
[2024-08-20T04:44:45.750+0000] {taskinstance.py:352} INFO - Marking task as SUCCESS. dag_id=fetch_and_store_DE_books, task_id=insert_book_data, run_id=scheduled__2024-07-20T00:00:00+00:00, execution_date=20240720T000000, start_date=20240820T044443, end_date=20240820T044445
[2024-08-20T04:44:45.888+0000] {logging_mixin.py:190} INFO - Task instance in success state
[2024-08-20T04:44:45.889+0000] {logging_mixin.py:190} INFO -  Previous state of the Task instance: running
[2024-08-20T04:44:45.890+0000] {logging_mixin.py:190} INFO - Dag name:fetch_and_store_DE_books queued_at:2024-08-20 04:44:30.921407+00:00
[2024-08-20T04:44:45.891+0000] {logging_mixin.py:190} INFO - Task hostname:668944ed7238 operator:PythonOperator
[2024-08-20T04:44:45.910+0000] {local_task_job_runner.py:261} INFO - Task exited with return code 0
[2024-08-20T04:44:45.932+0000] {taskinstance.py:3891} INFO - 0 downstream tasks scheduled from follow-on schedule check
[2024-08-20T04:44:45.935+0000] {local_task_job_runner.py:240} INFO - ::endgroup::
