[2024-08-20T04:43:52.943+0000] {local_task_job_runner.py:123} INFO - ::group::Pre task execution logs
[2024-08-20T04:43:52.963+0000] {taskinstance.py:2603} INFO - Dependencies all met for dep_context=non-requeueable deps ti=<TaskInstance: fetch_and_store_DE_books.insert_book_data scheduled__2024-07-12T00:00:00+00:00 [queued]>
[2024-08-20T04:43:52.975+0000] {taskinstance.py:2603} INFO - Dependencies all met for dep_context=requeueable deps ti=<TaskInstance: fetch_and_store_DE_books.insert_book_data scheduled__2024-07-12T00:00:00+00:00 [queued]>
[2024-08-20T04:43:52.975+0000] {taskinstance.py:2856} INFO - Starting attempt 1 of 2
[2024-08-20T04:43:52.990+0000] {taskinstance.py:2879} INFO - Executing <Task(PythonOperator): insert_book_data> on 2024-07-12 00:00:00+00:00
[2024-08-20T04:43:53.000+0000] {warnings.py:112} WARNING - /home/***/.local/lib/python3.12/site-packages/***/task/task_runner/standard_task_runner.py:70: DeprecationWarning: This process (pid=887) is multi-threaded, use of fork() may lead to deadlocks in the child.
  pid = os.fork()

[2024-08-20T04:43:53.002+0000] {standard_task_runner.py:72} INFO - Started process 890 to run task
[2024-08-20T04:43:53.003+0000] {standard_task_runner.py:104} INFO - Running: ['***', 'tasks', 'run', 'fetch_and_store_DE_books', 'insert_book_data', 'scheduled__2024-07-12T00:00:00+00:00', '--job-id', '41', '--raw', '--subdir', 'DAGS_FOLDER/app.py', '--cfg-path', '/tmp/tmp2qxt2vv0']
[2024-08-20T04:43:53.005+0000] {standard_task_runner.py:105} INFO - Job 41: Subtask insert_book_data
[2024-08-20T04:43:53.056+0000] {task_command.py:467} INFO - Running <TaskInstance: fetch_and_store_DE_books.insert_book_data scheduled__2024-07-12T00:00:00+00:00 [running]> on host 668944ed7238
[2024-08-20T04:43:53.189+0000] {taskinstance.py:3122} INFO - Exporting env vars: AIRFLOW_CTX_DAG_OWNER='***' AIRFLOW_CTX_DAG_ID='fetch_and_store_DE_books' AIRFLOW_CTX_TASK_ID='insert_book_data' AIRFLOW_CTX_EXECUTION_DATE='2024-07-12T00:00:00+00:00' AIRFLOW_CTX_TRY_NUMBER='1' AIRFLOW_CTX_DAG_RUN_ID='scheduled__2024-07-12T00:00:00+00:00'
[2024-08-20T04:43:53.192+0000] {logging_mixin.py:190} INFO - Task instance is in running state
[2024-08-20T04:43:53.193+0000] {logging_mixin.py:190} INFO -  Previous state of the Task instance: queued
[2024-08-20T04:43:53.193+0000] {logging_mixin.py:190} INFO - Current task name:insert_book_data state:running start_date:2024-08-20 04:43:52.964402+00:00
[2024-08-20T04:43:53.194+0000] {logging_mixin.py:190} INFO - Dag name:fetch_and_store_DE_books and current dag run status:running
[2024-08-20T04:43:53.195+0000] {taskinstance.py:731} INFO - ::endgroup::
[2024-08-20T04:43:53.233+0000] {base.py:84} INFO - Retrieving connection 'books_connection'
[2024-08-20T04:43:53.240+0000] {sql.py:509} INFO - Running statement: 
    INSERT INTO books (title, authors, price, rating)
    VALUES (%s, %s, %s, %s)
    , parameters: ('Ace the Data Engineering Interview: Questions and Answers for Python, SQL, Data Modeling and More', 'Sean Coyne', '24.', '4.1 out of 5 stars')
[2024-08-20T04:43:53.244+0000] {sql.py:518} INFO - Rows affected: 1
[2024-08-20T04:43:53.258+0000] {base.py:84} INFO - Retrieving connection 'books_connection'
[2024-08-20T04:43:53.262+0000] {sql.py:509} INFO - Running statement: 
    INSERT INTO books (title, authors, price, rating)
    VALUES (%s, %s, %s, %s)
    , parameters: ('Data Engineering with AWS - Second Edition: Acquire the skills to design and build AWS-based data transformation pipelines like a pro', 'Gareth Eagar', '41.', '4.4 out of 5 stars')
[2024-08-20T04:43:53.264+0000] {sql.py:518} INFO - Rows affected: 1
[2024-08-20T04:43:53.277+0000] {base.py:84} INFO - Retrieving connection 'books_connection'
[2024-08-20T04:43:53.283+0000] {sql.py:509} INFO - Running statement: 
    INSERT INTO books (title, authors, price, rating)
    VALUES (%s, %s, %s, %s)
    , parameters: ('Azure Data Engineer Associate Certification Guide: Ace the DP-203 exam with advanced data engineering skills', 'Giacinto Palmieri', '39.', '4.5 out of 5 stars')
[2024-08-20T04:43:53.285+0000] {sql.py:518} INFO - Rows affected: 1
[2024-08-20T04:43:53.295+0000] {base.py:84} INFO - Retrieving connection 'books_connection'
[2024-08-20T04:43:53.299+0000] {sql.py:509} INFO - Running statement: 
    INSERT INTO books (title, authors, price, rating)
    VALUES (%s, %s, %s, %s)
    , parameters: ('Data Engineering 101', 'Paperback', '22.', '5.0 out of 5 stars')
[2024-08-20T04:43:53.301+0000] {sql.py:518} INFO - Rows affected: 1
[2024-08-20T04:43:53.313+0000] {base.py:84} INFO - Retrieving connection 'books_connection'
[2024-08-20T04:43:53.318+0000] {sql.py:509} INFO - Running statement: 
    INSERT INTO books (title, authors, price, rating)
    VALUES (%s, %s, %s, %s)
    , parameters: ('Fundamentals of Data Engineering: Plan and Build Robust Data Systems', 'Joe Reis', '38.', '4.7 out of 5 stars')
[2024-08-20T04:43:53.319+0000] {sql.py:518} INFO - Rows affected: 1
[2024-08-20T04:43:53.329+0000] {base.py:84} INFO - Retrieving connection 'books_connection'
[2024-08-20T04:43:53.333+0000] {sql.py:509} INFO - Running statement: 
    INSERT INTO books (title, authors, price, rating)
    VALUES (%s, %s, %s, %s)
    , parameters: ('Data Pipelines Pocket Reference: Moving and Processing Data for Analytics', 'James Densmore', '17.', '4.5 out of 5 stars')
[2024-08-20T04:43:53.335+0000] {sql.py:518} INFO - Rows affected: 1
[2024-08-20T04:43:53.343+0000] {base.py:84} INFO - Retrieving connection 'books_connection'
[2024-08-20T04:43:53.347+0000] {sql.py:509} INFO - Running statement: 
    INSERT INTO books (title, authors, price, rating)
    VALUES (%s, %s, %s, %s)
    , parameters: ('Designing Data-Intensive Applications: The Big Ideas Behind Reliable, Scalable, and Maintainable Systems', 'Martin Kleppmann', '35.', '4.8 out of 5 stars')
[2024-08-20T04:43:53.349+0000] {sql.py:518} INFO - Rows affected: 1
[2024-08-20T04:43:53.359+0000] {base.py:84} INFO - Retrieving connection 'books_connection'
[2024-08-20T04:43:53.363+0000] {sql.py:509} INFO - Running statement: 
    INSERT INTO books (title, authors, price, rating)
    VALUES (%s, %s, %s, %s)
    , parameters: ('Data Engineering with Python: Work with massive datasets to design data models and automate data pipelines using Python', 'Paul Crickard', '37.', '4.1 out of 5 stars')
[2024-08-20T04:43:53.365+0000] {sql.py:518} INFO - Rows affected: 1
[2024-08-20T04:43:53.374+0000] {base.py:84} INFO - Retrieving connection 'books_connection'
[2024-08-20T04:43:53.378+0000] {sql.py:509} INFO - Running statement: 
    INSERT INTO books (title, authors, price, rating)
    VALUES (%s, %s, %s, %s)
    , parameters: ('Data Engineering with Python cookbook: Learn to build efficient data pipelines using the Modern Cloud Data Stack', 'Adithyan Ramanujakootam', '29.', '5.0 out of 5 stars')
[2024-08-20T04:43:53.380+0000] {sql.py:518} INFO - Rows affected: 1
[2024-08-20T04:43:53.389+0000] {base.py:84} INFO - Retrieving connection 'books_connection'
[2024-08-20T04:43:53.394+0000] {sql.py:509} INFO - Running statement: 
    INSERT INTO books (title, authors, price, rating)
    VALUES (%s, %s, %s, %s)
    , parameters: ('Cracking the Data Engineering Interview: Land your dream job with the help of resume-building tips, over 100 mock questions, and a unique portfolio', 'Kedeisha Bryan', '26.', '4.4 out of 5 stars')
[2024-08-20T04:43:53.395+0000] {sql.py:518} INFO - Rows affected: 1
[2024-08-20T04:43:53.403+0000] {base.py:84} INFO - Retrieving connection 'books_connection'
[2024-08-20T04:43:53.408+0000] {sql.py:509} INFO - Running statement: 
    INSERT INTO books (title, authors, price, rating)
    VALUES (%s, %s, %s, %s)
    , parameters: ('Data Engineering with AWS: Learn how to design and build cloud-based data transformation pipelines using AWS', 'Gareth Eagar', '49.', '4.4 out of 5 stars')
[2024-08-20T04:43:53.409+0000] {sql.py:518} INFO - Rows affected: 1
[2024-08-20T04:43:53.419+0000] {base.py:84} INFO - Retrieving connection 'books_connection'
[2024-08-20T04:43:53.423+0000] {sql.py:509} INFO - Running statement: 
    INSERT INTO books (title, authors, price, rating)
    VALUES (%s, %s, %s, %s)
    , parameters: ('Driving Data Quality with Data Contracts: A comprehensive guide to building reliable, trusted, and effective data platforms', 'Andrew Jones', '28.', '4.6 out of 5 stars')
[2024-08-20T04:43:53.425+0000] {sql.py:518} INFO - Rows affected: 1
[2024-08-20T04:43:53.433+0000] {base.py:84} INFO - Retrieving connection 'books_connection'
[2024-08-20T04:43:53.437+0000] {sql.py:509} INFO - Running statement: 
    INSERT INTO books (title, authors, price, rating)
    VALUES (%s, %s, %s, %s)
    , parameters: ('Software Engineering for Data Scientists: From Notebooks to Scalable Systems', 'Catherine Nelson', '52.', '4.5 out of 5 stars')
[2024-08-20T04:43:53.440+0000] {sql.py:518} INFO - Rows affected: 1
[2024-08-20T04:43:53.448+0000] {base.py:84} INFO - Retrieving connection 'books_connection'
[2024-08-20T04:43:53.452+0000] {sql.py:509} INFO - Running statement: 
    INSERT INTO books (title, authors, price, rating)
    VALUES (%s, %s, %s, %s)
    , parameters: ('Data Engineering with Google Cloud Platform: A guide to leveling up as a data engineer by building a scalable data platform with Google Cloud', 'Adi Wijaya', '41.', '5.0 out of 5 stars')
[2024-08-20T04:43:53.453+0000] {sql.py:518} INFO - Rows affected: 1
[2024-08-20T04:43:53.462+0000] {base.py:84} INFO - Retrieving connection 'books_connection'
[2024-08-20T04:43:53.467+0000] {sql.py:509} INFO - Running statement: 
    INSERT INTO books (title, authors, price, rating)
    VALUES (%s, %s, %s, %s)
    , parameters: ('Data Engineering with Databricks Cookbook: Build effective data and AI solutions using Apache Spark, Databricks, and Delta Lake', 'Pulkit Chadha', '42.', '4.2 out of 5 stars')
[2024-08-20T04:43:53.469+0000] {sql.py:518} INFO - Rows affected: 1
[2024-08-20T04:43:53.480+0000] {base.py:84} INFO - Retrieving connection 'books_connection'
[2024-08-20T04:43:53.485+0000] {sql.py:509} INFO - Running statement: 
    INSERT INTO books (title, authors, price, rating)
    VALUES (%s, %s, %s, %s)
    , parameters: ('Mastering Large Datasets with Python: Parallelize and Distribute Your Python Code', 'John T. Wolohan', '49.', '3.9 out of 5 stars')
[2024-08-20T04:43:53.487+0000] {sql.py:518} INFO - Rows affected: 1
[2024-08-20T04:43:53.500+0000] {base.py:84} INFO - Retrieving connection 'books_connection'
[2024-08-20T04:43:53.510+0000] {sql.py:509} INFO - Running statement: 
    INSERT INTO books (title, authors, price, rating)
    VALUES (%s, %s, %s, %s)
    , parameters: ('Build a Career in Data Science', 'Emily Robinson', '35.', '4.6 out of 5 stars')
[2024-08-20T04:43:53.513+0000] {sql.py:518} INFO - Rows affected: 1
[2024-08-20T04:43:53.532+0000] {base.py:84} INFO - Retrieving connection 'books_connection'
[2024-08-20T04:43:53.551+0000] {sql.py:509} INFO - Running statement: 
    INSERT INTO books (title, authors, price, rating)
    VALUES (%s, %s, %s, %s)
    , parameters: ('Data Analysis with Python and PySpark', 'Jonathan Rioux', '55.', '4.4 out of 5 stars')
[2024-08-20T04:43:53.555+0000] {sql.py:518} INFO - Rows affected: 1
[2024-08-20T04:43:53.567+0000] {base.py:84} INFO - Retrieving connection 'books_connection'
[2024-08-20T04:43:53.573+0000] {sql.py:509} INFO - Running statement: 
    INSERT INTO books (title, authors, price, rating)
    VALUES (%s, %s, %s, %s)
    , parameters: ('Data Engineering with dbt: A practical guide to building a cloud-based, pragmatic, and dependable data platform with SQL', 'Roberto Zagni', '37.', '4.6 out of 5 stars')
[2024-08-20T04:43:53.576+0000] {sql.py:518} INFO - Rows affected: 1
[2024-08-20T04:43:53.587+0000] {base.py:84} INFO - Retrieving connection 'books_connection'
[2024-08-20T04:43:53.592+0000] {sql.py:509} INFO - Running statement: 
    INSERT INTO books (title, authors, price, rating)
    VALUES (%s, %s, %s, %s)
    , parameters: ('Data-Driven Science and Engineering: Machine Learning, Dynamical Systems, and Control', 'Steven L. Brunton', '64.', '4.7 out of 5 stars')
[2024-08-20T04:43:53.595+0000] {sql.py:518} INFO - Rows affected: 1
[2024-08-20T04:43:53.608+0000] {base.py:84} INFO - Retrieving connection 'books_connection'
[2024-08-20T04:43:53.614+0000] {sql.py:509} INFO - Running statement: 
    INSERT INTO books (title, authors, price, rating)
    VALUES (%s, %s, %s, %s)
    , parameters: ('DATA ENGINEERING AND AI FOR BEGINNERS: Revolutionizing Data Processing and Analytics by Leveraging Artificial Intelligence for Efficient Input Collection, Storage, and Transformation (World of AI)', 'Paperback', '13.', '4.4 out of 5 stars')
[2024-08-20T04:43:53.616+0000] {sql.py:518} INFO - Rows affected: 1
[2024-08-20T04:43:53.625+0000] {base.py:84} INFO - Retrieving connection 'books_connection'
[2024-08-20T04:43:53.630+0000] {sql.py:509} INFO - Running statement: 
    INSERT INTO books (title, authors, price, rating)
    VALUES (%s, %s, %s, %s)
    , parameters: ("Data: Principles To Practice - Volume 1 'Foundations': Essential Foundations: Key Concepts behind Data Architecture, Engineering and Analysis for Professionals", 'Mr Alex Holloway', '11.', '4.7 out of 5 stars')
[2024-08-20T04:43:53.632+0000] {sql.py:518} INFO - Rows affected: 1
[2024-08-20T04:43:53.642+0000] {base.py:84} INFO - Retrieving connection 'books_connection'
[2024-08-20T04:43:53.647+0000] {sql.py:509} INFO - Running statement: 
    INSERT INTO books (title, authors, price, rating)
    VALUES (%s, %s, %s, %s)
    , parameters: ('Data Privacy: A runbook for engineers', 'Nishant Bhajaria', '32.', '4.8 out of 5 stars')
[2024-08-20T04:43:53.649+0000] {sql.py:518} INFO - Rows affected: 1
[2024-08-20T04:43:53.661+0000] {base.py:84} INFO - Retrieving connection 'books_connection'
[2024-08-20T04:43:53.666+0000] {sql.py:509} INFO - Running statement: 
    INSERT INTO books (title, authors, price, rating)
    VALUES (%s, %s, %s, %s)
    , parameters: ('Practical Data Science with R, Second Edition', 'Nina Zumel', '38.', '4.5 out of 5 stars')
[2024-08-20T04:43:53.668+0000] {sql.py:518} INFO - Rows affected: 1
[2024-08-20T04:43:53.679+0000] {base.py:84} INFO - Retrieving connection 'books_connection'
[2024-08-20T04:43:53.684+0000] {sql.py:509} INFO - Running statement: 
    INSERT INTO books (title, authors, price, rating)
    VALUES (%s, %s, %s, %s)
    , parameters: ('Data Mesh: Delivering Data-Driven Value at Scale', 'Zhamak Dehghani', '43.', '4.5 out of 5 stars')
[2024-08-20T04:43:53.686+0000] {sql.py:518} INFO - Rows affected: 1
[2024-08-20T04:43:53.698+0000] {base.py:84} INFO - Retrieving connection 'books_connection'
[2024-08-20T04:43:53.702+0000] {sql.py:509} INFO - Running statement: 
    INSERT INTO books (title, authors, price, rating)
    VALUES (%s, %s, %s, %s)
    , parameters: ('Data Engineering with Apache Spark, Delta Lake, and Lakehouse: Create scalable pipelines that ingest, curate, and aggregate complex data in a timely and secure way', 'Manoj Kukreja', '29.', '3.9 out of 5 stars')
[2024-08-20T04:43:53.705+0000] {sql.py:518} INFO - Rows affected: 1
[2024-08-20T04:43:53.717+0000] {base.py:84} INFO - Retrieving connection 'books_connection'
[2024-08-20T04:43:53.721+0000] {sql.py:509} INFO - Running statement: 
    INSERT INTO books (title, authors, price, rating)
    VALUES (%s, %s, %s, %s)
    , parameters: ('Machine Learning Engineering', 'Andriy Burkov', '39.', '4.7 out of 5 stars')
[2024-08-20T04:43:53.723+0000] {sql.py:518} INFO - Rows affected: 1
[2024-08-20T04:43:53.734+0000] {base.py:84} INFO - Retrieving connection 'books_connection'
[2024-08-20T04:43:53.739+0000] {sql.py:509} INFO - Running statement: 
    INSERT INTO books (title, authors, price, rating)
    VALUES (%s, %s, %s, %s)
    , parameters: ('The Enterprise Data Catalog: Improve Data Discovery, Ensure Data Governance, and Enable Innovation', 'Ole Olesen-Bagneux', '31.', '4.5 out of 5 stars')
[2024-08-20T04:43:53.740+0000] {sql.py:518} INFO - Rows affected: 1
[2024-08-20T04:43:53.754+0000] {base.py:84} INFO - Retrieving connection 'books_connection'
[2024-08-20T04:43:53.758+0000] {sql.py:509} INFO - Running statement: 
    INSERT INTO books (title, authors, price, rating)
    VALUES (%s, %s, %s, %s)
    , parameters: ('Data Engineering with Databricks', 'Paperback', '25.', '3.4 out of 5 stars')
[2024-08-20T04:43:53.760+0000] {sql.py:518} INFO - Rows affected: 1
[2024-08-20T04:43:53.771+0000] {base.py:84} INFO - Retrieving connection 'books_connection'
[2024-08-20T04:43:53.784+0000] {sql.py:509} INFO - Running statement: 
    INSERT INTO books (title, authors, price, rating)
    VALUES (%s, %s, %s, %s)
    , parameters: ('Ace the Data Science Interview: 201 Real Interview Questions Asked By FAANG, Tech Startups, & Wall Street', 'Nick Singh', '42.', '4.5 out of 5 stars')
[2024-08-20T04:43:53.788+0000] {sql.py:518} INFO - Rows affected: 1
[2024-08-20T04:43:53.799+0000] {base.py:84} INFO - Retrieving connection 'books_connection'
[2024-08-20T04:43:53.804+0000] {sql.py:509} INFO - Running statement: 
    INSERT INTO books (title, authors, price, rating)
    VALUES (%s, %s, %s, %s)
    , parameters: ('Modern Data Engineering with Apache Spark: A Hands-On Guide for Building Mission-Critical Streaming Applications', 'Scott Haines', '30.', '4.1 out of 5 stars')
[2024-08-20T04:43:53.807+0000] {sql.py:518} INFO - Rows affected: 1
[2024-08-20T04:43:53.819+0000] {base.py:84} INFO - Retrieving connection 'books_connection'
[2024-08-20T04:43:53.824+0000] {sql.py:509} INFO - Running statement: 
    INSERT INTO books (title, authors, price, rating)
    VALUES (%s, %s, %s, %s)
    , parameters: ('Data Modeling with Snowflake: A practical guide to accelerating Snowflake development using universal data modeling techniques', 'Serge Gershkovich', '36.', '4.8 out of 5 stars')
[2024-08-20T04:43:53.826+0000] {sql.py:518} INFO - Rows affected: 1
[2024-08-20T04:43:53.837+0000] {base.py:84} INFO - Retrieving connection 'books_connection'
[2024-08-20T04:43:53.842+0000] {sql.py:509} INFO - Running statement: 
    INSERT INTO books (title, authors, price, rating)
    VALUES (%s, %s, %s, %s)
    , parameters: ('Storytelling with Data: A Data Visualization Guide for Business Professionals', 'Cole Nussbaumer Knaflic', '27.', '4.6 out of 5 stars')
[2024-08-20T04:43:53.845+0000] {sql.py:518} INFO - Rows affected: 1
[2024-08-20T04:43:53.856+0000] {base.py:84} INFO - Retrieving connection 'books_connection'
[2024-08-20T04:43:53.860+0000] {sql.py:509} INFO - Running statement: 
    INSERT INTO books (title, authors, price, rating)
    VALUES (%s, %s, %s, %s)
    , parameters: ('97 Things Every Data Engineer Should Know: Collective Wisdom from the Experts', 'Audible Audiobook', '0.', '4.1 out of 5 stars')
[2024-08-20T04:43:53.863+0000] {sql.py:518} INFO - Rows affected: 1
[2024-08-20T04:43:53.874+0000] {base.py:84} INFO - Retrieving connection 'books_connection'
[2024-08-20T04:43:53.879+0000] {sql.py:509} INFO - Running statement: 
    INSERT INTO books (title, authors, price, rating)
    VALUES (%s, %s, %s, %s)
    , parameters: ("Data Quality Fundamentals: A Practitioner's Guide to Building Trustworthy Data Pipelines", 'Paperback', '45.', '4.1 out of 5 stars')
[2024-08-20T04:43:53.881+0000] {sql.py:518} INFO - Rows affected: 1
[2024-08-20T04:43:53.892+0000] {base.py:84} INFO - Retrieving connection 'books_connection'
[2024-08-20T04:43:53.897+0000] {sql.py:509} INFO - Running statement: 
    INSERT INTO books (title, authors, price, rating)
    VALUES (%s, %s, %s, %s)
    , parameters: ('Fundamentals of Data Analytics: Learn Essential Skills, Embrace the Future, and Catapult Your Career in the Data-Driven World—A Comprehensive Guide to Data Literacy for Beginners', 'Russell Dawson', '16.', '4.8 out of 5 stars')
[2024-08-20T04:43:53.899+0000] {sql.py:518} INFO - Rows affected: 1
[2024-08-20T04:43:53.910+0000] {base.py:84} INFO - Retrieving connection 'books_connection'
[2024-08-20T04:43:53.917+0000] {sql.py:509} INFO - Running statement: 
    INSERT INTO books (title, authors, price, rating)
    VALUES (%s, %s, %s, %s)
    , parameters: ('Data Engineering with Google Cloud Platform: A practical guide to operationalizing scalable data analytics systems on GCP', 'Adi Wijaya', '41.', '4.7 out of 5 stars')
[2024-08-20T04:43:53.919+0000] {sql.py:518} INFO - Rows affected: 1
[2024-08-20T04:43:53.930+0000] {base.py:84} INFO - Retrieving connection 'books_connection'
[2024-08-20T04:43:53.935+0000] {sql.py:509} INFO - Running statement: 
    INSERT INTO books (title, authors, price, rating)
    VALUES (%s, %s, %s, %s)
    , parameters: ('Prompt Engineering for Generative AI: Future-Proof Inputs for Reliable AI Outputs', 'James Phoenix', '57.', '4.4 out of 5 stars')
[2024-08-20T04:43:53.937+0000] {sql.py:518} INFO - Rows affected: 1
[2024-08-20T04:43:53.950+0000] {base.py:84} INFO - Retrieving connection 'books_connection'
[2024-08-20T04:43:53.956+0000] {sql.py:509} INFO - Running statement: 
    INSERT INTO books (title, authors, price, rating)
    VALUES (%s, %s, %s, %s)
    , parameters: ('Python Programming and SQL: 5 books in 1 - The #1 Coding Course from Beginner to Advanced. Learn it Well & Fast (2024) (Computer Programming)', 'Paperback', '32.', '4.3 out of 5 stars')
[2024-08-20T04:43:53.959+0000] {sql.py:518} INFO - Rows affected: 1
[2024-08-20T04:43:53.973+0000] {base.py:84} INFO - Retrieving connection 'books_connection'
[2024-08-20T04:43:53.979+0000] {sql.py:509} INFO - Running statement: 
    INSERT INTO books (title, authors, price, rating)
    VALUES (%s, %s, %s, %s)
    , parameters: ('Analytics Engineering with SQL and dbt: Building Meaningful Data Models at Scale', 'Rui Pedro Machado', '41.', '3.8 out of 5 stars')
[2024-08-20T04:43:53.982+0000] {sql.py:518} INFO - Rows affected: 1
[2024-08-20T04:43:53.995+0000] {base.py:84} INFO - Retrieving connection 'books_connection'
[2024-08-20T04:43:54.000+0000] {sql.py:509} INFO - Running statement: 
    INSERT INTO books (title, authors, price, rating)
    VALUES (%s, %s, %s, %s)
    , parameters: ("Azure Data Factory Cookbook - Second Edition: A data engineer's guide to building and managing ETL and ELT pipelines with data integration", 'Dmitry Foshin', '51.', '4.4 out of 5 stars')
[2024-08-20T04:43:54.001+0000] {sql.py:518} INFO - Rows affected: 1
[2024-08-20T04:43:54.015+0000] {base.py:84} INFO - Retrieving connection 'books_connection'
[2024-08-20T04:43:54.021+0000] {sql.py:509} INFO - Running statement: 
    INSERT INTO books (title, authors, price, rating)
    VALUES (%s, %s, %s, %s)
    , parameters: ('Data Observability for Data Engineering: Proactive strategies for ensuring data accuracy and addressing broken data pipelines', 'Michele Pinto', '18.', '3.7 out of 5 stars')
[2024-08-20T04:43:54.025+0000] {sql.py:518} INFO - Rows affected: 1
[2024-08-20T04:43:54.036+0000] {base.py:84} INFO - Retrieving connection 'books_connection'
[2024-08-20T04:43:54.042+0000] {sql.py:509} INFO - Running statement: 
    INSERT INTO books (title, authors, price, rating)
    VALUES (%s, %s, %s, %s)
    , parameters: ("Ultimate Data Engineering with Databricks: Develop Scalable Data Pipelines Using Data Engineering's Core Tenets Such as Delta Tables, Ingestion, ... Security, and Scalability (English Edition)", 'Mayank Malhotra', '37.', '3.8 out of 5 stars')
[2024-08-20T04:43:54.045+0000] {sql.py:518} INFO - Rows affected: 1
[2024-08-20T04:43:54.055+0000] {base.py:84} INFO - Retrieving connection 'books_connection'
[2024-08-20T04:43:54.061+0000] {sql.py:509} INFO - Running statement: 
    INSERT INTO books (title, authors, price, rating)
    VALUES (%s, %s, %s, %s)
    , parameters: ('The Data Warehouse Toolkit: The Definitive Guide to Dimensional Modeling', 'Paperback', '47.', '4.7 out of 5 stars')
[2024-08-20T04:43:54.062+0000] {sql.py:518} INFO - Rows affected: 1
[2024-08-20T04:43:54.073+0000] {base.py:84} INFO - Retrieving connection 'books_connection'
[2024-08-20T04:43:54.079+0000] {sql.py:509} INFO - Running statement: 
    INSERT INTO books (title, authors, price, rating)
    VALUES (%s, %s, %s, %s)
    , parameters: ('Concepts of Generative AI and Data Engineering: Vital Concepts in Data Engineering and the World of Generative AI', 'Kindle', '29.', '5.0 out of 5 stars')
[2024-08-20T04:43:54.080+0000] {sql.py:518} INFO - Rows affected: 1
[2024-08-20T04:43:54.091+0000] {base.py:84} INFO - Retrieving connection 'books_connection'
[2024-08-20T04:43:54.096+0000] {sql.py:509} INFO - Running statement: 
    INSERT INTO books (title, authors, price, rating)
    VALUES (%s, %s, %s, %s)
    , parameters: ('Official Google Cloud Certified Professional Data Engineer Study Guide', 'Dan Sullivan', '33.', '4.5 out of 5 stars')
[2024-08-20T04:43:54.098+0000] {sql.py:518} INFO - Rows affected: 1
[2024-08-20T04:43:54.109+0000] {base.py:84} INFO - Retrieving connection 'books_connection'
[2024-08-20T04:43:54.113+0000] {sql.py:509} INFO - Running statement: 
    INSERT INTO books (title, authors, price, rating)
    VALUES (%s, %s, %s, %s)
    , parameters: ('Data Analytics, Data Visualization & Communicating Data: 3 books in 1: Learn the Processes of Data Analytics and Data Science, Create Engaging Data Visualizations, and Present Data Effectively', 'Audible Audiobook', '0.', '4.5 out of 5 stars')
[2024-08-20T04:43:54.116+0000] {sql.py:518} INFO - Rows affected: 1
[2024-08-20T04:43:54.126+0000] {base.py:84} INFO - Retrieving connection 'books_connection'
[2024-08-20T04:43:54.130+0000] {sql.py:509} INFO - Running statement: 
    INSERT INTO books (title, authors, price, rating)
    VALUES (%s, %s, %s, %s)
    , parameters: ('Data Engineering and Data Science for Babies: Activity Workbook Part 1', 'Paperback', '9.', '4.1 out of 5 stars')
[2024-08-20T04:43:54.132+0000] {sql.py:518} INFO - Rows affected: 1
[2024-08-20T04:43:54.142+0000] {base.py:84} INFO - Retrieving connection 'books_connection'
[2024-08-20T04:43:54.146+0000] {sql.py:509} INFO - Running statement: 
    INSERT INTO books (title, authors, price, rating)
    VALUES (%s, %s, %s, %s)
    , parameters: ('Fundamentals of Data Engineering: Efficiency, Insight, Impact: Transforming Data into Value through Expert Engineering Practices', 'Joseph Achakji', '0.', '4.6 out of 5 stars')
[2024-08-20T04:43:54.148+0000] {sql.py:518} INFO - Rows affected: 1
[2024-08-20T04:43:54.158+0000] {base.py:84} INFO - Retrieving connection 'books_connection'
[2024-08-20T04:43:54.162+0000] {sql.py:509} INFO - Running statement: 
    INSERT INTO books (title, authors, price, rating)
    VALUES (%s, %s, %s, %s)
    , parameters: ('Learning Spark: Lightning-Fast Data Analytics', 'Jules S. Damji', '43.', '4.7 out of 5 stars')
[2024-08-20T04:43:54.164+0000] {sql.py:518} INFO - Rows affected: 1
[2024-08-20T04:43:54.174+0000] {base.py:84} INFO - Retrieving connection 'books_connection'
[2024-08-20T04:43:54.179+0000] {sql.py:509} INFO - Running statement: 
    INSERT INTO books (title, authors, price, rating)
    VALUES (%s, %s, %s, %s)
    , parameters: ("SQL QuickStart Guide: The Simplified Beginner's Guide to Managing, Analyzing, and Manipulating Data With SQL (Coding & Programming - QuickStart Guides)", 'Paperback', '23.', '4.6 out of 5 stars')
[2024-08-20T04:43:54.180+0000] {sql.py:518} INFO - Rows affected: 1
[2024-08-20T04:43:54.190+0000] {base.py:84} INFO - Retrieving connection 'books_connection'
[2024-08-20T04:43:54.195+0000] {sql.py:509} INFO - Running statement: 
    INSERT INTO books (title, authors, price, rating)
    VALUES (%s, %s, %s, %s)
    , parameters: ('Electrical engineering without prior knowledge: Understand the basics within 7 days (Become an Engineer Without Prior Knowledge)', 'Paperback', '17.', '4.4 out of 5 stars')
[2024-08-20T04:43:54.196+0000] {sql.py:518} INFO - Rows affected: 1
[2024-08-20T04:43:54.205+0000] {base.py:84} INFO - Retrieving connection 'books_connection'
[2024-08-20T04:43:54.210+0000] {sql.py:509} INFO - Running statement: 
    INSERT INTO books (title, authors, price, rating)
    VALUES (%s, %s, %s, %s)
    , parameters: ('Azure Data Engineering Cookbook - Second Edition: Get well versed in various data engineering techniques in Azure using this recipe-based guide', 'Nagaraj Venkatesan', '51.', '3.5 out of 5 stars')
[2024-08-20T04:43:54.212+0000] {sql.py:518} INFO - Rows affected: 1
[2024-08-20T04:43:54.221+0000] {base.py:84} INFO - Retrieving connection 'books_connection'
[2024-08-20T04:43:54.226+0000] {sql.py:509} INFO - Running statement: 
    INSERT INTO books (title, authors, price, rating)
    VALUES (%s, %s, %s, %s)
    , parameters: ('Machine Learning Engineering with Python - Second Edition: Manage the lifecycle of machine learning models using MLOps with practical examples', 'Andrew McMahon', '32.', '4.7 out of 5 stars')
[2024-08-20T04:43:54.228+0000] {sql.py:518} INFO - Rows affected: 1
[2024-08-20T04:43:54.236+0000] {base.py:84} INFO - Retrieving connection 'books_connection'
[2024-08-20T04:43:54.241+0000] {sql.py:509} INFO - Running statement: 
    INSERT INTO books (title, authors, price, rating)
    VALUES (%s, %s, %s, %s)
    , parameters: ('Database Internals: A Deep Dive into How Distributed Data Systems Work', 'Alex Petrov', '36.', '4.6 out of 5 stars')
[2024-08-20T04:43:54.242+0000] {sql.py:518} INFO - Rows affected: 1
[2024-08-20T04:43:54.252+0000] {base.py:84} INFO - Retrieving connection 'books_connection'
[2024-08-20T04:43:54.256+0000] {sql.py:509} INFO - Running statement: 
    INSERT INTO books (title, authors, price, rating)
    VALUES (%s, %s, %s, %s)
    , parameters: ('Data Science (The MIT Press Essential Knowledge series)', 'Paperback', '10.', '4.4 out of 5 stars')
[2024-08-20T04:43:54.258+0000] {sql.py:518} INFO - Rows affected: 1
[2024-08-20T04:43:54.267+0000] {base.py:84} INFO - Retrieving connection 'books_connection'
[2024-08-20T04:43:54.271+0000] {sql.py:509} INFO - Running statement: 
    INSERT INTO books (title, authors, price, rating)
    VALUES (%s, %s, %s, %s)
    , parameters: ('Engineers Survival Guide: Advice, tactics, and tricks After a decade of working at Facebook, Snapchat, and Microsoft', 'Merih Taze', '29.', '4.4 out of 5 stars')
[2024-08-20T04:43:54.273+0000] {sql.py:518} INFO - Rows affected: 1
[2024-08-20T04:43:54.281+0000] {base.py:84} INFO - Retrieving connection 'books_connection'
[2024-08-20T04:43:54.286+0000] {sql.py:509} INFO - Running statement: 
    INSERT INTO books (title, authors, price, rating)
    VALUES (%s, %s, %s, %s)
    , parameters: ('How Data Happened: A History from the Age of Reason to the Age of Algorithms', 'Chris Wiggins', '16.', '4.2 out of 5 stars')
[2024-08-20T04:43:54.287+0000] {sql.py:518} INFO - Rows affected: 1
[2024-08-20T04:43:54.297+0000] {base.py:84} INFO - Retrieving connection 'books_connection'
[2024-08-20T04:43:54.301+0000] {sql.py:509} INFO - Running statement: 
    INSERT INTO books (title, authors, price, rating)
    VALUES (%s, %s, %s, %s)
    , parameters: ("System Design Interview – An insider's guide", 'Alex Xu', '37.', '4.6 out of 5 stars')
[2024-08-20T04:43:54.303+0000] {sql.py:518} INFO - Rows affected: 1
[2024-08-20T04:43:54.315+0000] {base.py:84} INFO - Retrieving connection 'books_connection'
[2024-08-20T04:43:54.320+0000] {sql.py:509} INFO - Running statement: 
    INSERT INTO books (title, authors, price, rating)
    VALUES (%s, %s, %s, %s)
    , parameters: ('Data Engineering with Scala and Spark: A practical guide helping you build streaming and batch pipelines that process massive amounts of data using Scala', 'Eric Tome', '36.', '4.3 out of 5 stars')
[2024-08-20T04:43:54.322+0000] {sql.py:518} INFO - Rows affected: 1
[2024-08-20T04:43:54.332+0000] {base.py:84} INFO - Retrieving connection 'books_connection'
[2024-08-20T04:43:54.337+0000] {sql.py:509} INFO - Running statement: 
    INSERT INTO books (title, authors, price, rating)
    VALUES (%s, %s, %s, %s)
    , parameters: ('Azure Data Engineer Associate Certification Guide: A hands-on reference guide to developing your data engineering skills and preparing for the DP-203 exam', 'Newton Alex', '54.', '3.9 out of 5 stars')
[2024-08-20T04:43:54.338+0000] {sql.py:518} INFO - Rows affected: 1
[2024-08-20T04:43:54.348+0000] {base.py:84} INFO - Retrieving connection 'books_connection'
[2024-08-20T04:43:54.353+0000] {sql.py:509} INFO - Running statement: 
    INSERT INTO books (title, authors, price, rating)
    VALUES (%s, %s, %s, %s)
    , parameters: ('Mastering the Data Paradox: Key to Winning in the AI Age', 'Nitin Seth', '18.', '4.8 out of 5 stars')
[2024-08-20T04:43:54.355+0000] {sql.py:518} INFO - Rows affected: 1
[2024-08-20T04:43:54.364+0000] {base.py:84} INFO - Retrieving connection 'books_connection'
[2024-08-20T04:43:54.369+0000] {sql.py:509} INFO - Running statement: 
    INSERT INTO books (title, authors, price, rating)
    VALUES (%s, %s, %s, %s)
    , parameters: ('Data Science on AWS: Implementing End-to-End, Continuous AI and Machine Learning Pipelines', 'Chris Fregly', '11.', '4.5 out of 5 stars')
[2024-08-20T04:43:54.371+0000] {sql.py:518} INFO - Rows affected: 1
[2024-08-20T04:43:54.382+0000] {base.py:84} INFO - Retrieving connection 'books_connection'
[2024-08-20T04:43:54.387+0000] {sql.py:509} INFO - Running statement: 
    INSERT INTO books (title, authors, price, rating)
    VALUES (%s, %s, %s, %s)
    , parameters: ("Applied Machine Learning and AI for Engineers: Solve Business Problems That Can't Be Solved Algorithmically", 'Jeff Prosise', '55.', '4.5 out of 5 stars')
[2024-08-20T04:43:54.389+0000] {sql.py:518} INFO - Rows affected: 1
[2024-08-20T04:43:54.399+0000] {base.py:84} INFO - Retrieving connection 'books_connection'
[2024-08-20T04:43:54.404+0000] {sql.py:509} INFO - Running statement: 
    INSERT INTO books (title, authors, price, rating)
    VALUES (%s, %s, %s, %s)
    , parameters: ('Data Engineering with Alteryx: Helping data engineers apply DataOps practices with Alteryx', 'Paul Houghton', '44.', '4.3 out of 5 stars')
[2024-08-20T04:43:54.406+0000] {sql.py:518} INFO - Rows affected: 1
[2024-08-20T04:43:54.418+0000] {base.py:84} INFO - Retrieving connection 'books_connection'
[2024-08-20T04:43:54.422+0000] {sql.py:509} INFO - Running statement: 
    INSERT INTO books (title, authors, price, rating)
    VALUES (%s, %s, %s, %s)
    , parameters: ('Python Data Engineering Resources: Boost Your Career With This Python Handbook; Prepare For Python Interview; Python Programming Cookbook For Beginners and Experienced; Python Data Analysis and More', 'Vajo Lukic', '9.', '4.8 out of 5 stars')
[2024-08-20T04:43:54.424+0000] {sql.py:518} INFO - Rows affected: 1
[2024-08-20T04:43:54.435+0000] {base.py:84} INFO - Retrieving connection 'books_connection'
[2024-08-20T04:43:54.441+0000] {sql.py:509} INFO - Running statement: 
    INSERT INTO books (title, authors, price, rating)
    VALUES (%s, %s, %s, %s)
    , parameters: ('Feature Engineering for Machine Learning: Principles and Techniques for Data Scientists', 'Alice Zheng', '41.', '4.4 out of 5 stars')
[2024-08-20T04:43:54.443+0000] {sql.py:518} INFO - Rows affected: 1
[2024-08-20T04:43:54.454+0000] {base.py:84} INFO - Retrieving connection 'books_connection'
[2024-08-20T04:43:54.459+0000] {sql.py:509} INFO - Running statement: 
    INSERT INTO books (title, authors, price, rating)
    VALUES (%s, %s, %s, %s)
    , parameters: ('Better Data Visualizations: A Guide for Scholars, Researchers, and Wonks', 'Jonathan Schwabish', '26.', '4.5 out of 5 stars')
[2024-08-20T04:43:54.461+0000] {sql.py:518} INFO - Rows affected: 1
[2024-08-20T04:43:54.472+0000] {base.py:84} INFO - Retrieving connection 'books_connection'
[2024-08-20T04:43:54.477+0000] {sql.py:509} INFO - Running statement: 
    INSERT INTO books (title, authors, price, rating)
    VALUES (%s, %s, %s, %s)
    , parameters: ('SQL Data Analytics Made Easy: Your Step-by-Step Guide to Unlocking Data’s Hidden Secrets: Demystify complex concepts, and harness the power of data to drive intelligent decision-making effortlessly.', 'L.D. Knowings', '14.', '4.1 out of 5 stars')
[2024-08-20T04:43:54.479+0000] {sql.py:518} INFO - Rows affected: 1
[2024-08-20T04:43:54.490+0000] {base.py:84} INFO - Retrieving connection 'books_connection'
[2024-08-20T04:43:54.495+0000] {sql.py:509} INFO - Running statement: 
    INSERT INTO books (title, authors, price, rating)
    VALUES (%s, %s, %s, %s)
    , parameters: ('The Art of Doing Science and Engineering: Learning to Learn', 'Richard W. Hamming', '19.', '4.6 out of 5 stars')
[2024-08-20T04:43:54.496+0000] {sql.py:518} INFO - Rows affected: 1
[2024-08-20T04:43:54.507+0000] {base.py:84} INFO - Retrieving connection 'books_connection'
[2024-08-20T04:43:54.516+0000] {sql.py:509} INFO - Running statement: 
    INSERT INTO books (title, authors, price, rating)
    VALUES (%s, %s, %s, %s)
    , parameters: ('A Common-Sense Guide to Data Structures and Algorithms, Second Edition: Level Up Your Core Programming Skills', 'Jay Wengrow', '39.', '4.7 out of 5 stars')
[2024-08-20T04:43:54.531+0000] {sql.py:518} INFO - Rows affected: 1
[2024-08-20T04:43:54.559+0000] {base.py:84} INFO - Retrieving connection 'books_connection'
[2024-08-20T04:43:54.563+0000] {sql.py:509} INFO - Running statement: 
    INSERT INTO books (title, authors, price, rating)
    VALUES (%s, %s, %s, %s)
    , parameters: ('Fundamentals of Data Visualization: A Primer on Making Informative and Compelling Figures', 'Claus Wilke', '49.', '4.6 out of 5 stars')
[2024-08-20T04:43:54.566+0000] {sql.py:518} INFO - Rows affected: 1
[2024-08-20T04:43:54.581+0000] {base.py:84} INFO - Retrieving connection 'books_connection'
[2024-08-20T04:43:54.586+0000] {sql.py:509} INFO - Running statement: 
    INSERT INTO books (title, authors, price, rating)
    VALUES (%s, %s, %s, %s)
    , parameters: ('Hypothesis Testing: An Intuitive Guide for Making Data Driven Decisions', 'Jim Frost', '23.', '4.5 out of 5 stars')
[2024-08-20T04:43:54.590+0000] {sql.py:518} INFO - Rows affected: 1
[2024-08-20T04:43:54.601+0000] {base.py:84} INFO - Retrieving connection 'books_connection'
[2024-08-20T04:43:54.605+0000] {sql.py:509} INFO - Running statement: 
    INSERT INTO books (title, authors, price, rating)
    VALUES (%s, %s, %s, %s)
    , parameters: ('Modeling and Simulation in Python: An Introduction for Scientists and Engineers', 'Allen B. Downey', '32.', '4.5 out of 5 stars')
[2024-08-20T04:43:54.607+0000] {sql.py:518} INFO - Rows affected: 1
[2024-08-20T04:43:54.618+0000] {base.py:84} INFO - Retrieving connection 'books_connection'
[2024-08-20T04:43:54.623+0000] {sql.py:509} INFO - Running statement: 
    INSERT INTO books (title, authors, price, rating)
    VALUES (%s, %s, %s, %s)
    , parameters: ('The Data Governance Guidebook and Playbook: By a Practitioner for Practitioners', 'Paperback', '25.', '4.3 out of 5 stars')
[2024-08-20T04:43:54.625+0000] {sql.py:518} INFO - Rows affected: 1
[2024-08-20T04:43:54.637+0000] {base.py:84} INFO - Retrieving connection 'books_connection'
[2024-08-20T04:43:54.641+0000] {sql.py:509} INFO - Running statement: 
    INSERT INTO books (title, authors, price, rating)
    VALUES (%s, %s, %s, %s)
    , parameters: ('AWS Certified Data Analytics Study Guide: Specialty (DAS-C01) Exam', 'Asif Abbasi', '31.', '4.6 out of 5 stars')
[2024-08-20T04:43:54.643+0000] {sql.py:518} INFO - Rows affected: 1
[2024-08-20T04:43:54.656+0000] {base.py:84} INFO - Retrieving connection 'books_connection'
[2024-08-20T04:43:54.661+0000] {sql.py:509} INFO - Running statement: 
    INSERT INTO books (title, authors, price, rating)
    VALUES (%s, %s, %s, %s)
    , parameters: ('50 Algorithms Every Programmer Should Know - Second Edition: An unbeatable arsenal of algorithmic solutions for real-world problems', 'Imran Ahmad', '37.', '4.4 out of 5 stars')
[2024-08-20T04:43:54.663+0000] {sql.py:518} INFO - Rows affected: 1
[2024-08-20T04:43:54.675+0000] {base.py:84} INFO - Retrieving connection 'books_connection'
[2024-08-20T04:43:54.680+0000] {sql.py:509} INFO - Running statement: 
    INSERT INTO books (title, authors, price, rating)
    VALUES (%s, %s, %s, %s)
    , parameters: ('Technology is Dead', 'Paperback', '23.', '5.0 out of 5 stars')
[2024-08-20T04:43:54.682+0000] {sql.py:518} INFO - Rows affected: 1
[2024-08-20T04:43:54.695+0000] {base.py:84} INFO - Retrieving connection 'books_connection'
[2024-08-20T04:43:54.700+0000] {sql.py:509} INFO - Running statement: 
    INSERT INTO books (title, authors, price, rating)
    VALUES (%s, %s, %s, %s)
    , parameters: ('Designing Cloud Data Platforms', 'Audible Audiobook', '0.', '4.7 out of 5 stars')
[2024-08-20T04:43:54.702+0000] {sql.py:518} INFO - Rows affected: 1
[2024-08-20T04:43:54.712+0000] {base.py:84} INFO - Retrieving connection 'books_connection'
[2024-08-20T04:43:54.718+0000] {sql.py:509} INFO - Running statement: 
    INSERT INTO books (title, authors, price, rating)
    VALUES (%s, %s, %s, %s)
    , parameters: ('Data Science: The Hard Parts: Techniques for Excelling at Data Science', 'Daniel Vaughan', '48.', '5.0 out of 5 stars')
[2024-08-20T04:43:54.721+0000] {sql.py:518} INFO - Rows affected: 1
[2024-08-20T04:43:54.730+0000] {base.py:84} INFO - Retrieving connection 'books_connection'
[2024-08-20T04:43:54.735+0000] {sql.py:509} INFO - Running statement: 
    INSERT INTO books (title, authors, price, rating)
    VALUES (%s, %s, %s, %s)
    , parameters: ('Data Management at Scale: Modern Data Architecture with Data Mesh and Data Fabric', 'Piethein Strengholt', '47.', '4.5 out of 5 stars')
[2024-08-20T04:43:54.736+0000] {sql.py:518} INFO - Rows affected: 1
[2024-08-20T04:43:54.747+0000] {base.py:84} INFO - Retrieving connection 'books_connection'
[2024-08-20T04:43:54.751+0000] {sql.py:509} INFO - Running statement: 
    INSERT INTO books (title, authors, price, rating)
    VALUES (%s, %s, %s, %s)
    , parameters: ('Practical Fraud Prevention: Fraud and AML Analytics for Fintech and eCommerce, Using SQL and Python', 'Gilit Saporta', '47.', '4.4 out of 5 stars')
[2024-08-20T04:43:54.753+0000] {sql.py:518} INFO - Rows affected: 1
[2024-08-20T04:43:54.763+0000] {base.py:84} INFO - Retrieving connection 'books_connection'
[2024-08-20T04:43:54.768+0000] {sql.py:509} INFO - Running statement: 
    INSERT INTO books (title, authors, price, rating)
    VALUES (%s, %s, %s, %s)
    , parameters: ('Data Quality Engineering in Financial Services: Applying Manufacturing Techniques to Data', 'Brian Buzzelli', '30.', '4.4 out of 5 stars')
[2024-08-20T04:43:54.770+0000] {sql.py:518} INFO - Rows affected: 1
[2024-08-20T04:43:54.780+0000] {base.py:84} INFO - Retrieving connection 'books_connection'
[2024-08-20T04:43:54.785+0000] {sql.py:509} INFO - Running statement: 
    INSERT INTO books (title, authors, price, rating)
    VALUES (%s, %s, %s, %s)
    , parameters: ('Ultimate Azure Data Engineering: Build Robust Data Engineering Systems on Azure with SQL, ETL, Data Modeling, and Power BI for Business Insights and Crack Azure Certifications (English Edition)', 'Ashish Agarwal', '39.', '5.0 out of 5 stars')
[2024-08-20T04:43:54.787+0000] {sql.py:518} INFO - Rows affected: 1
[2024-08-20T04:43:54.796+0000] {base.py:84} INFO - Retrieving connection 'books_connection'
[2024-08-20T04:43:54.800+0000] {sql.py:509} INFO - Running statement: 
    INSERT INTO books (title, authors, price, rating)
    VALUES (%s, %s, %s, %s)
    , parameters: ('Data Structures and Algorithms: 100 Interview Questions (Advanced Topics in Programming Book 2)', 'Kindle', '9.', '5.0 out of 5 stars')
[2024-08-20T04:43:54.802+0000] {sql.py:518} INFO - Rows affected: 1
[2024-08-20T04:43:54.813+0000] {base.py:84} INFO - Retrieving connection 'books_connection'
[2024-08-20T04:43:54.818+0000] {sql.py:509} INFO - Running statement: 
    INSERT INTO books (title, authors, price, rating)
    VALUES (%s, %s, %s, %s)
    , parameters: ('Data-Centric Machine Learning with Python: The ultimate guide to engineering and deploying high-quality models based on good data', 'Jonas Christensen', '49.', '4.6 out of 5 stars')
[2024-08-20T04:43:54.820+0000] {sql.py:518} INFO - Rows affected: 1
[2024-08-20T04:43:54.830+0000] {base.py:84} INFO - Retrieving connection 'books_connection'
[2024-08-20T04:43:54.835+0000] {sql.py:509} INFO - Running statement: 
    INSERT INTO books (title, authors, price, rating)
    VALUES (%s, %s, %s, %s)
    , parameters: ('Architecting Data and Machine Learning Platforms: Enable Analytics and AI-Driven Innovation in the Cloud', 'Marco Tranquillin', '37.', '4.3 out of 5 stars')
[2024-08-20T04:43:54.837+0000] {sql.py:518} INFO - Rows affected: 1
[2024-08-20T04:43:54.847+0000] {base.py:84} INFO - Retrieving connection 'books_connection'
[2024-08-20T04:43:54.852+0000] {sql.py:509} INFO - Running statement: 
    INSERT INTO books (title, authors, price, rating)
    VALUES (%s, %s, %s, %s)
    , parameters: ('Killed by a Traffic Engineer: Shattering the Delusion that Science Underlies our Transportation System', 'Wes Marshall', '33.', '4.5 out of 5 stars')
[2024-08-20T04:43:54.853+0000] {sql.py:518} INFO - Rows affected: 1
[2024-08-20T04:43:54.864+0000] {base.py:84} INFO - Retrieving connection 'books_connection'
[2024-08-20T04:43:54.868+0000] {sql.py:509} INFO - Running statement: 
    INSERT INTO books (title, authors, price, rating)
    VALUES (%s, %s, %s, %s)
    , parameters: ('Restricted Data: The History of Nuclear Secrecy in the United States', 'Alex Wellerstein', '2.', '4.7 out of 5 stars')
[2024-08-20T04:43:54.870+0000] {sql.py:518} INFO - Rows affected: 1
[2024-08-20T04:43:54.880+0000] {base.py:84} INFO - Retrieving connection 'books_connection'
[2024-08-20T04:43:54.885+0000] {sql.py:509} INFO - Running statement: 
    INSERT INTO books (title, authors, price, rating)
    VALUES (%s, %s, %s, %s)
    , parameters: ('Data Driven: Truckers, Technology, and the New Workplace Surveillance', 'Karen Levy', '21.', '4.3 out of 5 stars')
[2024-08-20T04:43:54.887+0000] {sql.py:518} INFO - Rows affected: 1
[2024-08-20T04:43:54.903+0000] {base.py:84} INFO - Retrieving connection 'books_connection'
[2024-08-20T04:43:54.912+0000] {sql.py:509} INFO - Running statement: 
    INSERT INTO books (title, authors, price, rating)
    VALUES (%s, %s, %s, %s)
    , parameters: ("Engineers' Practical Databook: A Technical Reference Guide for Students and Professionals", 'Jay Smith', '18.', '4.6 out of 5 stars')
[2024-08-20T04:43:54.914+0000] {sql.py:518} INFO - Rows affected: 1
[2024-08-20T04:43:54.924+0000] {base.py:84} INFO - Retrieving connection 'books_connection'
[2024-08-20T04:43:54.929+0000] {sql.py:509} INFO - Running statement: 
    INSERT INTO books (title, authors, price, rating)
    VALUES (%s, %s, %s, %s)
    , parameters: ('Understanding Cryptography: A Textbook for Students and Practitioners', 'Christof Paar', '29.', '4.6 out of 5 stars')
[2024-08-20T04:43:54.931+0000] {sql.py:518} INFO - Rows affected: 1
[2024-08-20T04:43:54.942+0000] {base.py:84} INFO - Retrieving connection 'books_connection'
[2024-08-20T04:43:54.946+0000] {sql.py:509} INFO - Running statement: 
    INSERT INTO books (title, authors, price, rating)
    VALUES (%s, %s, %s, %s)
    , parameters: ('Grokking Algorithms', 'Audible Audiobook', '0.', '4.6 out of 5 stars')
[2024-08-20T04:43:54.948+0000] {sql.py:518} INFO - Rows affected: 1
[2024-08-20T04:43:54.958+0000] {base.py:84} INFO - Retrieving connection 'books_connection'
[2024-08-20T04:43:54.963+0000] {sql.py:509} INFO - Running statement: 
    INSERT INTO books (title, authors, price, rating)
    VALUES (%s, %s, %s, %s)
    , parameters: ('Observability Engineering: Achieving Production Excellence', 'Charity Majors', '34.', '4.3 out of 5 stars')
[2024-08-20T04:43:54.964+0000] {sql.py:518} INFO - Rows affected: 1
[2024-08-20T04:43:54.974+0000] {base.py:84} INFO - Retrieving connection 'books_connection'
[2024-08-20T04:43:54.978+0000] {sql.py:509} INFO - Running statement: 
    INSERT INTO books (title, authors, price, rating)
    VALUES (%s, %s, %s, %s)
    , parameters: ('Systems Engineering Demystified - Second Edition: Apply modern, model-based systems engineering techniques to build complex systems', 'Jon Holt', '45.', '4.7 out of 5 stars')
[2024-08-20T04:43:54.980+0000] {sql.py:518} INFO - Rows affected: 1
[2024-08-20T04:43:54.989+0000] {base.py:84} INFO - Retrieving connection 'books_connection'
[2024-08-20T04:43:54.994+0000] {sql.py:509} INFO - Running statement: 
    INSERT INTO books (title, authors, price, rating)
    VALUES (%s, %s, %s, %s)
    , parameters: ('Modern Data Architecture on AWS: A Practical Guide for Building Next-Gen Data Platforms on AWS', 'Behram Irani', '44.', '4.8 out of 5 stars')
[2024-08-20T04:43:54.996+0000] {sql.py:518} INFO - Rows affected: 1
[2024-08-20T04:43:55.005+0000] {base.py:84} INFO - Retrieving connection 'books_connection'
[2024-08-20T04:43:55.009+0000] {sql.py:509} INFO - Running statement: 
    INSERT INTO books (title, authors, price, rating)
    VALUES (%s, %s, %s, %s)
    , parameters: ('Learning Tableau 2022 - Fifth Edition: Create effective data visualizations, build interactive visual analytics, and improve your data storytelling capabilities', 'Joshua N Milligan', '57.', '4.5 out of 5 stars')
[2024-08-20T04:43:55.011+0000] {sql.py:518} INFO - Rows affected: 1
[2024-08-20T04:43:55.021+0000] {base.py:84} INFO - Retrieving connection 'books_connection'
[2024-08-20T04:43:55.025+0000] {sql.py:509} INFO - Running statement: 
    INSERT INTO books (title, authors, price, rating)
    VALUES (%s, %s, %s, %s)
    , parameters: ('Practical Reverse Engineering: x86, x64, ARM, Windows Kernel, Reversing Tools, and Obfuscation', 'Bruce Dang', '34.', '4.6 out of 5 stars')
[2024-08-20T04:43:55.027+0000] {sql.py:518} INFO - Rows affected: 1
[2024-08-20T04:43:55.037+0000] {base.py:84} INFO - Retrieving connection 'books_connection'
[2024-08-20T04:43:55.041+0000] {sql.py:509} INFO - Running statement: 
    INSERT INTO books (title, authors, price, rating)
    VALUES (%s, %s, %s, %s)
    , parameters: ('The Data Model Resource Book, Vol. 1: A Library of Universal Data Models for All Enterprises', 'Len Silverston', '63.', '4.3 out of 5 stars')
[2024-08-20T04:43:55.043+0000] {sql.py:518} INFO - Rows affected: 1
[2024-08-20T04:43:55.054+0000] {base.py:84} INFO - Retrieving connection 'books_connection'
[2024-08-20T04:43:55.060+0000] {sql.py:509} INFO - Running statement: 
    INSERT INTO books (title, authors, price, rating)
    VALUES (%s, %s, %s, %s)
    , parameters: ('Microsoft Azure Data Engineering: The Big Reference Guide (The Data Engineering Series)', 'Kindle', '0.', '4.6 out of 5 stars')
[2024-08-20T04:43:55.062+0000] {sql.py:518} INFO - Rows affected: 1
[2024-08-20T04:43:55.065+0000] {python.py:240} INFO - Done. Returned value was: None
[2024-08-20T04:43:55.082+0000] {taskinstance.py:340} INFO - ::group::Post task execution logs
[2024-08-20T04:43:55.083+0000] {taskinstance.py:352} INFO - Marking task as SUCCESS. dag_id=fetch_and_store_DE_books, task_id=insert_book_data, run_id=scheduled__2024-07-12T00:00:00+00:00, execution_date=20240712T000000, start_date=20240820T044352, end_date=20240820T044355
[2024-08-20T04:43:55.100+0000] {logging_mixin.py:190} INFO - Task instance in success state
[2024-08-20T04:43:55.101+0000] {logging_mixin.py:190} INFO -  Previous state of the Task instance: running
[2024-08-20T04:43:55.101+0000] {logging_mixin.py:190} INFO - Dag name:fetch_and_store_DE_books queued_at:2024-08-20 04:43:37.605725+00:00
[2024-08-20T04:43:55.102+0000] {logging_mixin.py:190} INFO - Task hostname:668944ed7238 operator:PythonOperator
[2024-08-20T04:43:55.147+0000] {local_task_job_runner.py:261} INFO - Task exited with return code 0
[2024-08-20T04:43:55.176+0000] {taskinstance.py:3891} INFO - 0 downstream tasks scheduled from follow-on schedule check
[2024-08-20T04:43:55.180+0000] {local_task_job_runner.py:240} INFO - ::endgroup::
