[2024-08-20T04:44:49.754+0000] {local_task_job_runner.py:123} INFO - ::group::Pre task execution logs
[2024-08-20T04:44:49.775+0000] {taskinstance.py:2603} INFO - Dependencies all met for dep_context=non-requeueable deps ti=<TaskInstance: fetch_and_store_DE_books.create_table scheduled__2024-07-22T00:00:00+00:00 [queued]>
[2024-08-20T04:44:49.786+0000] {taskinstance.py:2603} INFO - Dependencies all met for dep_context=requeueable deps ti=<TaskInstance: fetch_and_store_DE_books.create_table scheduled__2024-07-22T00:00:00+00:00 [queued]>
[2024-08-20T04:44:49.787+0000] {taskinstance.py:2856} INFO - Starting attempt 1 of 2
[2024-08-20T04:44:49.879+0000] {taskinstance.py:2879} INFO - Executing <Task(PostgresOperator): create_table> on 2024-07-22 00:00:00+00:00
[2024-08-20T04:44:49.892+0000] {warnings.py:112} WARNING - /home/***/.local/lib/python3.12/site-packages/***/task/task_runner/standard_task_runner.py:70: DeprecationWarning: This process (pid=1009) is multi-threaded, use of fork() may lead to deadlocks in the child.
  pid = os.fork()

[2024-08-20T04:44:49.894+0000] {standard_task_runner.py:72} INFO - Started process 1013 to run task
[2024-08-20T04:44:49.895+0000] {standard_task_runner.py:104} INFO - Running: ['***', 'tasks', 'run', 'fetch_and_store_DE_books', 'create_table', 'scheduled__2024-07-22T00:00:00+00:00', '--job-id', '68', '--raw', '--subdir', 'DAGS_FOLDER/app.py', '--cfg-path', '/tmp/tmp9pnr2ki3']
[2024-08-20T04:44:49.896+0000] {standard_task_runner.py:105} INFO - Job 68: Subtask create_table
[2024-08-20T04:44:49.950+0000] {task_command.py:467} INFO - Running <TaskInstance: fetch_and_store_DE_books.create_table scheduled__2024-07-22T00:00:00+00:00 [running]> on host 668944ed7238
[2024-08-20T04:44:50.039+0000] {taskinstance.py:3122} INFO - Exporting env vars: AIRFLOW_CTX_DAG_OWNER='***' AIRFLOW_CTX_DAG_ID='fetch_and_store_DE_books' AIRFLOW_CTX_TASK_ID='create_table' AIRFLOW_CTX_EXECUTION_DATE='2024-07-22T00:00:00+00:00' AIRFLOW_CTX_TRY_NUMBER='1' AIRFLOW_CTX_DAG_RUN_ID='scheduled__2024-07-22T00:00:00+00:00'
[2024-08-20T04:44:50.041+0000] {logging_mixin.py:190} INFO - Task instance is in running state
[2024-08-20T04:44:50.041+0000] {logging_mixin.py:190} INFO -  Previous state of the Task instance: queued
[2024-08-20T04:44:50.042+0000] {logging_mixin.py:190} INFO - Current task name:create_table state:running start_date:2024-08-20 04:44:49.775852+00:00
[2024-08-20T04:44:50.042+0000] {logging_mixin.py:190} INFO - Dag name:fetch_and_store_DE_books and current dag run status:running
[2024-08-20T04:44:50.043+0000] {taskinstance.py:731} INFO - ::endgroup::
[2024-08-20T04:44:50.043+0000] {sql.py:282} INFO - Executing: 
    CREATE TABLE IF NOT EXISTS books (
        id SERIAL PRIMARY KEY,
        title TEXT NOT NULL,
        authors TEXT,
        price TEXT,
        rating TEXT
    );
    
[2024-08-20T04:44:50.052+0000] {base.py:84} INFO - Retrieving connection 'books_connection'
[2024-08-20T04:44:50.061+0000] {base.py:84} INFO - Retrieving connection 'books_connection'
[2024-08-20T04:44:50.065+0000] {sql.py:509} INFO - Running statement: 
    CREATE TABLE IF NOT EXISTS books (
        id SERIAL PRIMARY KEY,
        title TEXT NOT NULL,
        authors TEXT,
        price TEXT,
        rating TEXT
    );
    , parameters: None
[2024-08-20T04:44:50.077+0000] {taskinstance.py:340} INFO - ::group::Post task execution logs
[2024-08-20T04:44:50.077+0000] {taskinstance.py:352} INFO - Marking task as SUCCESS. dag_id=fetch_and_store_DE_books, task_id=create_table, run_id=scheduled__2024-07-22T00:00:00+00:00, execution_date=20240722T000000, start_date=20240820T044449, end_date=20240820T044450
[2024-08-20T04:44:50.087+0000] {logging_mixin.py:190} INFO - Task instance in success state
[2024-08-20T04:44:50.088+0000] {logging_mixin.py:190} INFO -  Previous state of the Task instance: running
[2024-08-20T04:44:50.089+0000] {logging_mixin.py:190} INFO - Dag name:fetch_and_store_DE_books queued_at:2024-08-20 04:44:40.274282+00:00
[2024-08-20T04:44:50.089+0000] {logging_mixin.py:190} INFO - Task hostname:668944ed7238 operator:PostgresOperator
[2024-08-20T04:44:50.109+0000] {local_task_job_runner.py:261} INFO - Task exited with return code 0
[2024-08-20T04:44:50.121+0000] {warnings.py:112} WARNING - /home/***/.local/lib/python3.12/site-packages/***/models/baseoperator.py:1378: AirflowProviderDeprecationWarning: Call to deprecated class PostgresOperator. (Please use `***.providers.common.sql.operators.sql.SQLExecuteQueryOperator`.Also, you can provide `hook_params={'schema': <database>}`.)
  result = cls.__new__(cls)

[2024-08-20T04:44:50.134+0000] {taskinstance.py:3891} INFO - 1 downstream tasks scheduled from follow-on schedule check
[2024-08-20T04:44:50.136+0000] {local_task_job_runner.py:240} INFO - ::endgroup::
