[2024-08-20T04:45:30.728+0000] {local_task_job_runner.py:123} INFO - ::group::Pre task execution logs
[2024-08-20T04:45:30.748+0000] {taskinstance.py:2603} INFO - Dependencies all met for dep_context=non-requeueable deps ti=<TaskInstance: fetch_and_store_DE_books.insert_book_data scheduled__2024-07-28T00:00:00+00:00 [queued]>
[2024-08-20T04:45:30.760+0000] {taskinstance.py:2603} INFO - Dependencies all met for dep_context=requeueable deps ti=<TaskInstance: fetch_and_store_DE_books.insert_book_data scheduled__2024-07-28T00:00:00+00:00 [queued]>
[2024-08-20T04:45:30.761+0000] {taskinstance.py:2856} INFO - Starting attempt 1 of 2
[2024-08-20T04:45:30.778+0000] {taskinstance.py:2879} INFO - Executing <Task(PythonOperator): insert_book_data> on 2024-07-28 00:00:00+00:00
[2024-08-20T04:45:30.787+0000] {warnings.py:112} WARNING - /home/***/.local/lib/python3.12/site-packages/***/task/task_runner/standard_task_runner.py:70: DeprecationWarning: This process (pid=1098) is multi-threaded, use of fork() may lead to deadlocks in the child.
  pid = os.fork()

[2024-08-20T04:45:30.789+0000] {standard_task_runner.py:72} INFO - Started process 1102 to run task
[2024-08-20T04:45:30.790+0000] {standard_task_runner.py:104} INFO - Running: ['***', 'tasks', 'run', 'fetch_and_store_DE_books', 'insert_book_data', 'scheduled__2024-07-28T00:00:00+00:00', '--job-id', '89', '--raw', '--subdir', 'DAGS_FOLDER/app.py', '--cfg-path', '/tmp/tmpyowx6k31']
[2024-08-20T04:45:30.792+0000] {standard_task_runner.py:105} INFO - Job 89: Subtask insert_book_data
[2024-08-20T04:45:30.846+0000] {task_command.py:467} INFO - Running <TaskInstance: fetch_and_store_DE_books.insert_book_data scheduled__2024-07-28T00:00:00+00:00 [running]> on host 668944ed7238
[2024-08-20T04:45:30.953+0000] {taskinstance.py:3122} INFO - Exporting env vars: AIRFLOW_CTX_DAG_OWNER='***' AIRFLOW_CTX_DAG_ID='fetch_and_store_DE_books' AIRFLOW_CTX_TASK_ID='insert_book_data' AIRFLOW_CTX_EXECUTION_DATE='2024-07-28T00:00:00+00:00' AIRFLOW_CTX_TRY_NUMBER='1' AIRFLOW_CTX_DAG_RUN_ID='scheduled__2024-07-28T00:00:00+00:00'
[2024-08-20T04:45:30.955+0000] {logging_mixin.py:190} INFO - Task instance is in running state
[2024-08-20T04:45:30.956+0000] {logging_mixin.py:190} INFO -  Previous state of the Task instance: queued
[2024-08-20T04:45:30.957+0000] {logging_mixin.py:190} INFO - Current task name:insert_book_data state:running start_date:2024-08-20 04:45:30.749142+00:00
[2024-08-20T04:45:30.958+0000] {logging_mixin.py:190} INFO - Dag name:fetch_and_store_DE_books and current dag run status:running
[2024-08-20T04:45:30.958+0000] {taskinstance.py:731} INFO - ::endgroup::
[2024-08-20T04:45:30.981+0000] {base.py:84} INFO - Retrieving connection 'books_connection'
[2024-08-20T04:45:30.985+0000] {sql.py:509} INFO - Running statement: 
    INSERT INTO books (title, authors, price, rating)
    VALUES (%s, %s, %s, %s)
    , parameters: ('Ace the Data Engineering Interview: Questions and Answers for Python, SQL, Data Modeling and More', 'Sean Coyne', '24.', '4.1 out of 5 stars')
[2024-08-20T04:45:30.987+0000] {sql.py:518} INFO - Rows affected: 1
[2024-08-20T04:45:30.996+0000] {base.py:84} INFO - Retrieving connection 'books_connection'
[2024-08-20T04:45:31.000+0000] {sql.py:509} INFO - Running statement: 
    INSERT INTO books (title, authors, price, rating)
    VALUES (%s, %s, %s, %s)
    , parameters: ('Data Engineering with AWS - Second Edition: Acquire the skills to design and build AWS-based data transformation pipelines like a pro', 'Gareth Eagar', '41.', '4.4 out of 5 stars')
[2024-08-20T04:45:31.002+0000] {sql.py:518} INFO - Rows affected: 1
[2024-08-20T04:45:31.011+0000] {base.py:84} INFO - Retrieving connection 'books_connection'
[2024-08-20T04:45:31.015+0000] {sql.py:509} INFO - Running statement: 
    INSERT INTO books (title, authors, price, rating)
    VALUES (%s, %s, %s, %s)
    , parameters: ('Data Engineering 101', 'Paperback', '22.', '5.0 out of 5 stars')
[2024-08-20T04:45:31.016+0000] {sql.py:518} INFO - Rows affected: 1
[2024-08-20T04:45:31.026+0000] {base.py:84} INFO - Retrieving connection 'books_connection'
[2024-08-20T04:45:31.031+0000] {sql.py:509} INFO - Running statement: 
    INSERT INTO books (title, authors, price, rating)
    VALUES (%s, %s, %s, %s)
    , parameters: ('Azure Data Engineer Associate Certification Guide: Ace the DP-203 exam with advanced data engineering skills', 'Giacinto Palmieri', '39.', '4.5 out of 5 stars')
[2024-08-20T04:45:31.033+0000] {sql.py:518} INFO - Rows affected: 1
[2024-08-20T04:45:31.043+0000] {base.py:84} INFO - Retrieving connection 'books_connection'
[2024-08-20T04:45:31.047+0000] {sql.py:509} INFO - Running statement: 
    INSERT INTO books (title, authors, price, rating)
    VALUES (%s, %s, %s, %s)
    , parameters: ('Fundamentals of Data Engineering: Plan and Build Robust Data Systems', 'Joe Reis', '38.', '4.7 out of 5 stars')
[2024-08-20T04:45:31.049+0000] {sql.py:518} INFO - Rows affected: 1
[2024-08-20T04:45:31.059+0000] {base.py:84} INFO - Retrieving connection 'books_connection'
[2024-08-20T04:45:31.063+0000] {sql.py:509} INFO - Running statement: 
    INSERT INTO books (title, authors, price, rating)
    VALUES (%s, %s, %s, %s)
    , parameters: ('Data Pipelines Pocket Reference: Moving and Processing Data for Analytics', 'James Densmore', '17.', '4.5 out of 5 stars')
[2024-08-20T04:45:31.065+0000] {sql.py:518} INFO - Rows affected: 1
[2024-08-20T04:45:31.074+0000] {base.py:84} INFO - Retrieving connection 'books_connection'
[2024-08-20T04:45:31.078+0000] {sql.py:509} INFO - Running statement: 
    INSERT INTO books (title, authors, price, rating)
    VALUES (%s, %s, %s, %s)
    , parameters: ('Designing Data-Intensive Applications: The Big Ideas Behind Reliable, Scalable, and Maintainable Systems', 'Martin Kleppmann', '35.', '4.8 out of 5 stars')
[2024-08-20T04:45:31.080+0000] {sql.py:518} INFO - Rows affected: 1
[2024-08-20T04:45:31.089+0000] {base.py:84} INFO - Retrieving connection 'books_connection'
[2024-08-20T04:45:31.093+0000] {sql.py:509} INFO - Running statement: 
    INSERT INTO books (title, authors, price, rating)
    VALUES (%s, %s, %s, %s)
    , parameters: ('Data Analysis with Python and PySpark', 'Jonathan Rioux', '55.', '4.4 out of 5 stars')
[2024-08-20T04:45:31.095+0000] {sql.py:518} INFO - Rows affected: 1
[2024-08-20T04:45:31.105+0000] {base.py:84} INFO - Retrieving connection 'books_connection'
[2024-08-20T04:45:31.109+0000] {sql.py:509} INFO - Running statement: 
    INSERT INTO books (title, authors, price, rating)
    VALUES (%s, %s, %s, %s)
    , parameters: ("Azure Data Factory Cookbook - Second Edition: A data engineer's guide to building and managing ETL and ELT pipelines with data integration", 'Dmitry Foshin', '51.', '4.4 out of 5 stars')
[2024-08-20T04:45:31.111+0000] {sql.py:518} INFO - Rows affected: 1
[2024-08-20T04:45:31.119+0000] {base.py:84} INFO - Retrieving connection 'books_connection'
[2024-08-20T04:45:31.123+0000] {sql.py:509} INFO - Running statement: 
    INSERT INTO books (title, authors, price, rating)
    VALUES (%s, %s, %s, %s)
    , parameters: ('Data Engineering with dbt: A practical guide to building a cloud-based, pragmatic, and dependable data platform with SQL', 'Roberto Zagni', '37.', '4.6 out of 5 stars')
[2024-08-20T04:45:31.125+0000] {sql.py:518} INFO - Rows affected: 1
[2024-08-20T04:45:31.133+0000] {base.py:84} INFO - Retrieving connection 'books_connection'
[2024-08-20T04:45:31.137+0000] {sql.py:509} INFO - Running statement: 
    INSERT INTO books (title, authors, price, rating)
    VALUES (%s, %s, %s, %s)
    , parameters: ('Data Engineering with Python: Work with massive datasets to design data models and automate data pipelines using Python', 'Paul Crickard', '37.', '4.1 out of 5 stars')
[2024-08-20T04:45:31.139+0000] {sql.py:518} INFO - Rows affected: 1
[2024-08-20T04:45:31.147+0000] {base.py:84} INFO - Retrieving connection 'books_connection'
[2024-08-20T04:45:31.151+0000] {sql.py:509} INFO - Running statement: 
    INSERT INTO books (title, authors, price, rating)
    VALUES (%s, %s, %s, %s)
    , parameters: ('Data Engineering with Python cookbook: Learn to build efficient data pipelines using the Modern Cloud Data Stack', 'Adithyan Ramanujakootam', '29.', '5.0 out of 5 stars')
[2024-08-20T04:45:31.152+0000] {sql.py:518} INFO - Rows affected: 1
[2024-08-20T04:45:31.160+0000] {base.py:84} INFO - Retrieving connection 'books_connection'
[2024-08-20T04:45:31.164+0000] {sql.py:509} INFO - Running statement: 
    INSERT INTO books (title, authors, price, rating)
    VALUES (%s, %s, %s, %s)
    , parameters: ('Data Engineering with AWS: Learn how to design and build cloud-based data transformation pipelines using AWS', 'Gareth Eagar', '49.', '4.4 out of 5 stars')
[2024-08-20T04:45:31.166+0000] {sql.py:518} INFO - Rows affected: 1
[2024-08-20T04:45:31.175+0000] {base.py:84} INFO - Retrieving connection 'books_connection'
[2024-08-20T04:45:31.178+0000] {sql.py:509} INFO - Running statement: 
    INSERT INTO books (title, authors, price, rating)
    VALUES (%s, %s, %s, %s)
    , parameters: ('Cracking the Data Engineering Interview: Land your dream job with the help of resume-building tips, over 100 mock questions, and a unique portfolio', 'Kedeisha Bryan', '26.', '4.4 out of 5 stars')
[2024-08-20T04:45:31.180+0000] {sql.py:518} INFO - Rows affected: 1
[2024-08-20T04:45:31.189+0000] {base.py:84} INFO - Retrieving connection 'books_connection'
[2024-08-20T04:45:31.193+0000] {sql.py:509} INFO - Running statement: 
    INSERT INTO books (title, authors, price, rating)
    VALUES (%s, %s, %s, %s)
    , parameters: ('Software Engineering for Data Scientists: From Notebooks to Scalable Systems', 'Catherine Nelson', '52.', '4.5 out of 5 stars')
[2024-08-20T04:45:31.195+0000] {sql.py:518} INFO - Rows affected: 1
[2024-08-20T04:45:31.204+0000] {base.py:84} INFO - Retrieving connection 'books_connection'
[2024-08-20T04:45:31.208+0000] {sql.py:509} INFO - Running statement: 
    INSERT INTO books (title, authors, price, rating)
    VALUES (%s, %s, %s, %s)
    , parameters: ('Data Engineering with Google Cloud Platform: A guide to leveling up as a data engineer by building a scalable data platform with Google Cloud', 'Adi Wijaya', '41.', '5.0 out of 5 stars')
[2024-08-20T04:45:31.210+0000] {sql.py:518} INFO - Rows affected: 1
[2024-08-20T04:45:31.219+0000] {base.py:84} INFO - Retrieving connection 'books_connection'
[2024-08-20T04:45:31.223+0000] {sql.py:509} INFO - Running statement: 
    INSERT INTO books (title, authors, price, rating)
    VALUES (%s, %s, %s, %s)
    , parameters: ('Driving Data Quality with Data Contracts: A comprehensive guide to building reliable, trusted, and effective data platforms', 'Andrew Jones', '28.', '4.6 out of 5 stars')
[2024-08-20T04:45:31.225+0000] {sql.py:518} INFO - Rows affected: 1
[2024-08-20T04:45:31.234+0000] {base.py:84} INFO - Retrieving connection 'books_connection'
[2024-08-20T04:45:31.238+0000] {sql.py:509} INFO - Running statement: 
    INSERT INTO books (title, authors, price, rating)
    VALUES (%s, %s, %s, %s)
    , parameters: ('Data Privacy: A runbook for engineers', 'Nishant Bhajaria', '32.', '4.8 out of 5 stars')
[2024-08-20T04:45:31.240+0000] {sql.py:518} INFO - Rows affected: 1
[2024-08-20T04:45:31.247+0000] {base.py:84} INFO - Retrieving connection 'books_connection'
[2024-08-20T04:45:31.252+0000] {sql.py:509} INFO - Running statement: 
    INSERT INTO books (title, authors, price, rating)
    VALUES (%s, %s, %s, %s)
    , parameters: ('Mastering Large Datasets with Python: Parallelize and Distribute Your Python Code', 'John T. Wolohan', '49.', '3.9 out of 5 stars')
[2024-08-20T04:45:31.254+0000] {sql.py:518} INFO - Rows affected: 1
[2024-08-20T04:45:31.262+0000] {base.py:84} INFO - Retrieving connection 'books_connection'
[2024-08-20T04:45:31.266+0000] {sql.py:509} INFO - Running statement: 
    INSERT INTO books (title, authors, price, rating)
    VALUES (%s, %s, %s, %s)
    , parameters: ('Build a Career in Data Science', 'Emily Robinson', '35.', '4.6 out of 5 stars')
[2024-08-20T04:45:31.268+0000] {sql.py:518} INFO - Rows affected: 1
[2024-08-20T04:45:31.277+0000] {base.py:84} INFO - Retrieving connection 'books_connection'
[2024-08-20T04:45:31.280+0000] {sql.py:509} INFO - Running statement: 
    INSERT INTO books (title, authors, price, rating)
    VALUES (%s, %s, %s, %s)
    , parameters: ('Data Engineering with Databricks Cookbook: Build effective data and AI solutions using Apache Spark, Databricks, and Delta Lake', 'Pulkit Chadha', '42.', '4.2 out of 5 stars')
[2024-08-20T04:45:31.282+0000] {sql.py:518} INFO - Rows affected: 1
[2024-08-20T04:45:31.291+0000] {base.py:84} INFO - Retrieving connection 'books_connection'
[2024-08-20T04:45:31.295+0000] {sql.py:509} INFO - Running statement: 
    INSERT INTO books (title, authors, price, rating)
    VALUES (%s, %s, %s, %s)
    , parameters: ('Data-Driven Science and Engineering: Machine Learning, Dynamical Systems, and Control', 'Steven L. Brunton', '64.', '4.7 out of 5 stars')
[2024-08-20T04:45:31.297+0000] {sql.py:518} INFO - Rows affected: 1
[2024-08-20T04:45:31.305+0000] {base.py:84} INFO - Retrieving connection 'books_connection'
[2024-08-20T04:45:31.309+0000] {sql.py:509} INFO - Running statement: 
    INSERT INTO books (title, authors, price, rating)
    VALUES (%s, %s, %s, %s)
    , parameters: ("Data: Principles To Practice - Volume 1 'Foundations': Essential Foundations: Key Concepts behind Data Architecture, Engineering and Analysis for Professionals", 'Mr Alex Holloway', '11.', '4.7 out of 5 stars')
[2024-08-20T04:45:31.311+0000] {sql.py:518} INFO - Rows affected: 1
[2024-08-20T04:45:31.320+0000] {base.py:84} INFO - Retrieving connection 'books_connection'
[2024-08-20T04:45:31.324+0000] {sql.py:509} INFO - Running statement: 
    INSERT INTO books (title, authors, price, rating)
    VALUES (%s, %s, %s, %s)
    , parameters: ('Expert Data Modeling with Power BI - Second Edition: Enrich and optimize your data models to get the best out of Power BI for reporting and business needs', 'Soheil Bakhshi', '47.', '4.8 out of 5 stars')
[2024-08-20T04:45:31.325+0000] {sql.py:518} INFO - Rows affected: 1
[2024-08-20T04:45:31.333+0000] {base.py:84} INFO - Retrieving connection 'books_connection'
[2024-08-20T04:45:31.337+0000] {sql.py:509} INFO - Running statement: 
    INSERT INTO books (title, authors, price, rating)
    VALUES (%s, %s, %s, %s)
    , parameters: ('Python Data Engineering Resources: Boost Your Career With This Python Handbook; Prepare For Python Interview; Python Programming Cookbook For Beginners and Experienced; Python Data Analysis and More', 'Vajo Lukic', '9.', '4.8 out of 5 stars')
[2024-08-20T04:45:31.340+0000] {sql.py:518} INFO - Rows affected: 1
[2024-08-20T04:45:31.349+0000] {base.py:84} INFO - Retrieving connection 'books_connection'
[2024-08-20T04:45:31.353+0000] {sql.py:509} INFO - Running statement: 
    INSERT INTO books (title, authors, price, rating)
    VALUES (%s, %s, %s, %s)
    , parameters: ('DATA ENGINEERING AND AI FOR BEGINNERS: Revolutionizing Data Processing and Analytics by Leveraging Artificial Intelligence for Efficient Input Collection, Storage, and Transformation (World of AI)', 'Paperback', '13.', '4.4 out of 5 stars')
[2024-08-20T04:45:31.356+0000] {sql.py:518} INFO - Rows affected: 1
[2024-08-20T04:45:31.365+0000] {base.py:84} INFO - Retrieving connection 'books_connection'
[2024-08-20T04:45:31.369+0000] {sql.py:509} INFO - Running statement: 
    INSERT INTO books (title, authors, price, rating)
    VALUES (%s, %s, %s, %s)
    , parameters: ('Data Engineering with Apache Spark, Delta Lake, and Lakehouse: Create scalable pipelines that ingest, curate, and aggregate complex data in a timely and secure way', 'Manoj Kukreja', '29.', '3.9 out of 5 stars')
[2024-08-20T04:45:31.371+0000] {sql.py:518} INFO - Rows affected: 1
[2024-08-20T04:45:31.380+0000] {base.py:84} INFO - Retrieving connection 'books_connection'
[2024-08-20T04:45:31.384+0000] {sql.py:509} INFO - Running statement: 
    INSERT INTO books (title, authors, price, rating)
    VALUES (%s, %s, %s, %s)
    , parameters: ('Data Mesh: Delivering Data-Driven Value at Scale', 'Zhamak Dehghani', '43.', '4.5 out of 5 stars')
[2024-08-20T04:45:31.386+0000] {sql.py:518} INFO - Rows affected: 1
[2024-08-20T04:45:31.396+0000] {base.py:84} INFO - Retrieving connection 'books_connection'
[2024-08-20T04:45:31.400+0000] {sql.py:509} INFO - Running statement: 
    INSERT INTO books (title, authors, price, rating)
    VALUES (%s, %s, %s, %s)
    , parameters: ('Machine Learning Engineering', 'Andriy Burkov', '39.', '4.7 out of 5 stars')
[2024-08-20T04:45:31.402+0000] {sql.py:518} INFO - Rows affected: 1
[2024-08-20T04:45:31.412+0000] {base.py:84} INFO - Retrieving connection 'books_connection'
[2024-08-20T04:45:31.416+0000] {sql.py:509} INFO - Running statement: 
    INSERT INTO books (title, authors, price, rating)
    VALUES (%s, %s, %s, %s)
    , parameters: ('The Enterprise Data Catalog: Improve Data Discovery, Ensure Data Governance, and Enable Innovation', 'Ole Olesen-Bagneux', '31.', '4.5 out of 5 stars')
[2024-08-20T04:45:31.418+0000] {sql.py:518} INFO - Rows affected: 1
[2024-08-20T04:45:31.427+0000] {base.py:84} INFO - Retrieving connection 'books_connection'
[2024-08-20T04:45:31.432+0000] {sql.py:509} INFO - Running statement: 
    INSERT INTO books (title, authors, price, rating)
    VALUES (%s, %s, %s, %s)
    , parameters: ('Data Engineering with Databricks', 'Paperback', '25.', '3.4 out of 5 stars')
[2024-08-20T04:45:31.433+0000] {sql.py:518} INFO - Rows affected: 1
[2024-08-20T04:45:31.443+0000] {base.py:84} INFO - Retrieving connection 'books_connection'
[2024-08-20T04:45:31.447+0000] {sql.py:509} INFO - Running statement: 
    INSERT INTO books (title, authors, price, rating)
    VALUES (%s, %s, %s, %s)
    , parameters: ('Ace the Data Science Interview: 201 Real Interview Questions Asked By FAANG, Tech Startups, & Wall Street', 'Nick Singh', '42.', '4.5 out of 5 stars')
[2024-08-20T04:45:31.449+0000] {sql.py:518} INFO - Rows affected: 1
[2024-08-20T04:45:31.459+0000] {base.py:84} INFO - Retrieving connection 'books_connection'
[2024-08-20T04:45:31.463+0000] {sql.py:509} INFO - Running statement: 
    INSERT INTO books (title, authors, price, rating)
    VALUES (%s, %s, %s, %s)
    , parameters: ('Modern Data Engineering with Apache Spark: A Hands-On Guide for Building Mission-Critical Streaming Applications', 'Scott Haines', '30.', '4.1 out of 5 stars')
[2024-08-20T04:45:31.465+0000] {sql.py:518} INFO - Rows affected: 1
[2024-08-20T04:45:31.475+0000] {base.py:84} INFO - Retrieving connection 'books_connection'
[2024-08-20T04:45:31.479+0000] {sql.py:509} INFO - Running statement: 
    INSERT INTO books (title, authors, price, rating)
    VALUES (%s, %s, %s, %s)
    , parameters: ('Data Modeling with Snowflake: A practical guide to accelerating Snowflake development using universal data modeling techniques', 'Serge Gershkovich', '36.', '4.8 out of 5 stars')
[2024-08-20T04:45:31.481+0000] {sql.py:518} INFO - Rows affected: 1
[2024-08-20T04:45:31.490+0000] {base.py:84} INFO - Retrieving connection 'books_connection'
[2024-08-20T04:45:31.494+0000] {sql.py:509} INFO - Running statement: 
    INSERT INTO books (title, authors, price, rating)
    VALUES (%s, %s, %s, %s)
    , parameters: ('Storytelling with Data: A Data Visualization Guide for Business Professionals', 'Cole Nussbaumer Knaflic', '27.', '4.6 out of 5 stars')
[2024-08-20T04:45:31.496+0000] {sql.py:518} INFO - Rows affected: 1
[2024-08-20T04:45:31.506+0000] {base.py:84} INFO - Retrieving connection 'books_connection'
[2024-08-20T04:45:31.510+0000] {sql.py:509} INFO - Running statement: 
    INSERT INTO books (title, authors, price, rating)
    VALUES (%s, %s, %s, %s)
    , parameters: ('97 Things Every Data Engineer Should Know: Collective Wisdom from the Experts', 'Audible Audiobook', '0.', '4.1 out of 5 stars')
[2024-08-20T04:45:31.512+0000] {sql.py:518} INFO - Rows affected: 1
[2024-08-20T04:45:31.522+0000] {base.py:84} INFO - Retrieving connection 'books_connection'
[2024-08-20T04:45:31.526+0000] {sql.py:509} INFO - Running statement: 
    INSERT INTO books (title, authors, price, rating)
    VALUES (%s, %s, %s, %s)
    , parameters: ("Data Quality Fundamentals: A Practitioner's Guide to Building Trustworthy Data Pipelines", 'Paperback', '45.', '4.1 out of 5 stars')
[2024-08-20T04:45:31.528+0000] {sql.py:518} INFO - Rows affected: 1
[2024-08-20T04:45:31.538+0000] {base.py:84} INFO - Retrieving connection 'books_connection'
[2024-08-20T04:45:31.542+0000] {sql.py:509} INFO - Running statement: 
    INSERT INTO books (title, authors, price, rating)
    VALUES (%s, %s, %s, %s)
    , parameters: ('Data Engineering with Google Cloud Platform: A practical guide to operationalizing scalable data analytics systems on GCP', 'Adi Wijaya', '41.', '4.7 out of 5 stars')
[2024-08-20T04:45:31.544+0000] {sql.py:518} INFO - Rows affected: 1
[2024-08-20T04:45:31.553+0000] {base.py:84} INFO - Retrieving connection 'books_connection'
[2024-08-20T04:45:31.557+0000] {sql.py:509} INFO - Running statement: 
    INSERT INTO books (title, authors, price, rating)
    VALUES (%s, %s, %s, %s)
    , parameters: ('Fundamentals of Data Analytics: Learn Essential Skills, Embrace the Future, and Catapult Your Career in the Data-Driven World—A Comprehensive Guide to Data Literacy for Beginners', 'Russell Dawson', '16.', '4.8 out of 5 stars')
[2024-08-20T04:45:31.559+0000] {sql.py:518} INFO - Rows affected: 1
[2024-08-20T04:45:31.568+0000] {base.py:84} INFO - Retrieving connection 'books_connection'
[2024-08-20T04:45:31.572+0000] {sql.py:509} INFO - Running statement: 
    INSERT INTO books (title, authors, price, rating)
    VALUES (%s, %s, %s, %s)
    , parameters: ('Prompt Engineering for Generative AI: Future-Proof Inputs for Reliable AI Outputs', 'James Phoenix', '57.', '4.4 out of 5 stars')
[2024-08-20T04:45:31.574+0000] {sql.py:518} INFO - Rows affected: 1
[2024-08-20T04:45:31.583+0000] {base.py:84} INFO - Retrieving connection 'books_connection'
[2024-08-20T04:45:31.587+0000] {sql.py:509} INFO - Running statement: 
    INSERT INTO books (title, authors, price, rating)
    VALUES (%s, %s, %s, %s)
    , parameters: ('Analytics Engineering with SQL and dbt: Building Meaningful Data Models at Scale', 'Rui Pedro Machado', '41.', '3.8 out of 5 stars')
[2024-08-20T04:45:31.589+0000] {sql.py:518} INFO - Rows affected: 1
[2024-08-20T04:45:31.599+0000] {base.py:84} INFO - Retrieving connection 'books_connection'
[2024-08-20T04:45:31.603+0000] {sql.py:509} INFO - Running statement: 
    INSERT INTO books (title, authors, price, rating)
    VALUES (%s, %s, %s, %s)
    , parameters: ('Python Programming and SQL: 5 books in 1 - The #1 Coding Course from Beginner to Advanced. Learn it Well & Fast (2024) (Computer Programming)', 'Paperback', '32.', '4.3 out of 5 stars')
[2024-08-20T04:45:31.605+0000] {sql.py:518} INFO - Rows affected: 1
[2024-08-20T04:45:31.614+0000] {base.py:84} INFO - Retrieving connection 'books_connection'
[2024-08-20T04:45:31.618+0000] {sql.py:509} INFO - Running statement: 
    INSERT INTO books (title, authors, price, rating)
    VALUES (%s, %s, %s, %s)
    , parameters: ('Data Observability for Data Engineering: Proactive strategies for ensuring data accuracy and addressing broken data pipelines', 'Michele Pinto', '18.', '3.7 out of 5 stars')
[2024-08-20T04:45:31.620+0000] {sql.py:518} INFO - Rows affected: 1
[2024-08-20T04:45:31.629+0000] {base.py:84} INFO - Retrieving connection 'books_connection'
[2024-08-20T04:45:31.633+0000] {sql.py:509} INFO - Running statement: 
    INSERT INTO books (title, authors, price, rating)
    VALUES (%s, %s, %s, %s)
    , parameters: ("Ultimate Data Engineering with Databricks: Develop Scalable Data Pipelines Using Data Engineering's Core Tenets Such as Delta Tables, Ingestion, ... Security, and Scalability (English Edition)", 'Mayank Malhotra', '37.', '3.8 out of 5 stars')
[2024-08-20T04:45:31.635+0000] {sql.py:518} INFO - Rows affected: 1
[2024-08-20T04:45:31.644+0000] {base.py:84} INFO - Retrieving connection 'books_connection'
[2024-08-20T04:45:31.648+0000] {sql.py:509} INFO - Running statement: 
    INSERT INTO books (title, authors, price, rating)
    VALUES (%s, %s, %s, %s)
    , parameters: ('The Data Warehouse Toolkit: The Definitive Guide to Dimensional Modeling', 'Paperback', '47.', '4.7 out of 5 stars')
[2024-08-20T04:45:31.650+0000] {sql.py:518} INFO - Rows affected: 1
[2024-08-20T04:45:31.660+0000] {base.py:84} INFO - Retrieving connection 'books_connection'
[2024-08-20T04:45:31.664+0000] {sql.py:509} INFO - Running statement: 
    INSERT INTO books (title, authors, price, rating)
    VALUES (%s, %s, %s, %s)
    , parameters: ('Official Google Cloud Certified Professional Data Engineer Study Guide', 'Dan Sullivan', '33.', '4.5 out of 5 stars')
[2024-08-20T04:45:31.666+0000] {sql.py:518} INFO - Rows affected: 1
[2024-08-20T04:45:31.675+0000] {base.py:84} INFO - Retrieving connection 'books_connection'
[2024-08-20T04:45:31.679+0000] {sql.py:509} INFO - Running statement: 
    INSERT INTO books (title, authors, price, rating)
    VALUES (%s, %s, %s, %s)
    , parameters: ('Concepts of Generative AI and Data Engineering: Vital Concepts in Data Engineering and the World of Generative AI', 'Kindle', '29.', '5.0 out of 5 stars')
[2024-08-20T04:45:31.682+0000] {sql.py:518} INFO - Rows affected: 1
[2024-08-20T04:45:31.692+0000] {base.py:84} INFO - Retrieving connection 'books_connection'
[2024-08-20T04:45:31.696+0000] {sql.py:509} INFO - Running statement: 
    INSERT INTO books (title, authors, price, rating)
    VALUES (%s, %s, %s, %s)
    , parameters: ('Data Engineering and Data Science for Babies: Activity Workbook Part 1', 'Paperback', '9.', '4.1 out of 5 stars')
[2024-08-20T04:45:31.698+0000] {sql.py:518} INFO - Rows affected: 1
[2024-08-20T04:45:31.707+0000] {base.py:84} INFO - Retrieving connection 'books_connection'
[2024-08-20T04:45:31.711+0000] {sql.py:509} INFO - Running statement: 
    INSERT INTO books (title, authors, price, rating)
    VALUES (%s, %s, %s, %s)
    , parameters: ('Data Analytics, Data Visualization & Communicating Data: 3 books in 1: Learn the Processes of Data Analytics and Data Science, Create Engaging Data Visualizations, and Present Data Effectively', 'Audible Audiobook', '0.', '4.5 out of 5 stars')
[2024-08-20T04:45:31.713+0000] {sql.py:518} INFO - Rows affected: 1
[2024-08-20T04:45:31.723+0000] {base.py:84} INFO - Retrieving connection 'books_connection'
[2024-08-20T04:45:31.726+0000] {sql.py:509} INFO - Running statement: 
    INSERT INTO books (title, authors, price, rating)
    VALUES (%s, %s, %s, %s)
    , parameters: ('Learning Spark: Lightning-Fast Data Analytics', 'Jules S. Damji', '43.', '4.7 out of 5 stars')
[2024-08-20T04:45:31.728+0000] {sql.py:518} INFO - Rows affected: 1
[2024-08-20T04:45:31.737+0000] {base.py:84} INFO - Retrieving connection 'books_connection'
[2024-08-20T04:45:31.742+0000] {sql.py:509} INFO - Running statement: 
    INSERT INTO books (title, authors, price, rating)
    VALUES (%s, %s, %s, %s)
    , parameters: ('Fundamentals of Data Engineering: Efficiency, Insight, Impact: Transforming Data into Value through Expert Engineering Practices', 'Joseph Achakji', '0.', '4.6 out of 5 stars')
[2024-08-20T04:45:31.744+0000] {sql.py:518} INFO - Rows affected: 1
[2024-08-20T04:45:31.753+0000] {base.py:84} INFO - Retrieving connection 'books_connection'
[2024-08-20T04:45:31.757+0000] {sql.py:509} INFO - Running statement: 
    INSERT INTO books (title, authors, price, rating)
    VALUES (%s, %s, %s, %s)
    , parameters: ('Data Stewardship: An Actionable Guide to Effective Data Management and Data Governance', 'Paperback', '46.', '4.7 out of 5 stars')
[2024-08-20T04:45:31.759+0000] {sql.py:518} INFO - Rows affected: 1
[2024-08-20T04:45:31.768+0000] {base.py:84} INFO - Retrieving connection 'books_connection'
[2024-08-20T04:45:31.773+0000] {sql.py:509} INFO - Running statement: 
    INSERT INTO books (title, authors, price, rating)
    VALUES (%s, %s, %s, %s)
    , parameters: ("SQL QuickStart Guide: The Simplified Beginner's Guide to Managing, Analyzing, and Manipulating Data With SQL (Coding & Programming - QuickStart Guides)", 'Paperback', '18.', '4.6 out of 5 stars')
[2024-08-20T04:45:31.775+0000] {sql.py:518} INFO - Rows affected: 1
[2024-08-20T04:45:31.784+0000] {base.py:84} INFO - Retrieving connection 'books_connection'
[2024-08-20T04:45:31.789+0000] {sql.py:509} INFO - Running statement: 
    INSERT INTO books (title, authors, price, rating)
    VALUES (%s, %s, %s, %s)
    , parameters: ('Database Internals: A Deep Dive into How Distributed Data Systems Work', 'Alex Petrov', '36.', '4.6 out of 5 stars')
[2024-08-20T04:45:31.791+0000] {sql.py:518} INFO - Rows affected: 1
[2024-08-20T04:45:31.804+0000] {base.py:84} INFO - Retrieving connection 'books_connection'
[2024-08-20T04:45:31.808+0000] {sql.py:509} INFO - Running statement: 
    INSERT INTO books (title, authors, price, rating)
    VALUES (%s, %s, %s, %s)
    , parameters: ('Electrical engineering without prior knowledge: Understand the basics within 7 days (Become an Engineer Without Prior Knowledge)', 'Paperback', '17.', '4.4 out of 5 stars')
[2024-08-20T04:45:31.810+0000] {sql.py:518} INFO - Rows affected: 1
[2024-08-20T04:45:31.820+0000] {base.py:84} INFO - Retrieving connection 'books_connection'
[2024-08-20T04:45:31.824+0000] {sql.py:509} INFO - Running statement: 
    INSERT INTO books (title, authors, price, rating)
    VALUES (%s, %s, %s, %s)
    , parameters: ('Salesforce CRM Administration Handbook: A comprehensive guide to administering, configuring, and customizing Salesforce CRM', 'Krzysztof Nowacki', '35.', '5.0 out of 5 stars')
[2024-08-20T04:45:31.826+0000] {sql.py:518} INFO - Rows affected: 1
[2024-08-20T04:45:31.835+0000] {base.py:84} INFO - Retrieving connection 'books_connection'
[2024-08-20T04:45:31.839+0000] {sql.py:509} INFO - Running statement: 
    INSERT INTO books (title, authors, price, rating)
    VALUES (%s, %s, %s, %s)
    , parameters: ('Systems Engineering Demystified - Second Edition: Apply modern, model-based systems engineering techniques to build complex systems', 'Jon Holt', '45.', '4.7 out of 5 stars')
[2024-08-20T04:45:31.840+0000] {sql.py:518} INFO - Rows affected: 1
[2024-08-20T04:45:31.849+0000] {base.py:84} INFO - Retrieving connection 'books_connection'
[2024-08-20T04:45:31.853+0000] {sql.py:509} INFO - Running statement: 
    INSERT INTO books (title, authors, price, rating)
    VALUES (%s, %s, %s, %s)
    , parameters: ('Machine Learning Engineering with Python - Second Edition: Manage the lifecycle of machine learning models using MLOps with practical examples', 'Andrew McMahon', '32.', '4.7 out of 5 stars')
[2024-08-20T04:45:31.855+0000] {sql.py:518} INFO - Rows affected: 1
[2024-08-20T04:45:31.863+0000] {base.py:84} INFO - Retrieving connection 'books_connection'
[2024-08-20T04:45:31.867+0000] {sql.py:509} INFO - Running statement: 
    INSERT INTO books (title, authors, price, rating)
    VALUES (%s, %s, %s, %s)
    , parameters: ('Python Feature Engineering Cookbook: Over 70 recipes for creating, engineering, and transforming features to build machine learning models, 2nd Edition', 'Soledad Galli', '44.', '4.4 out of 5 stars')
[2024-08-20T04:45:31.869+0000] {sql.py:518} INFO - Rows affected: 1
[2024-08-20T04:45:31.878+0000] {base.py:84} INFO - Retrieving connection 'books_connection'
[2024-08-20T04:45:31.881+0000] {sql.py:509} INFO - Running statement: 
    INSERT INTO books (title, authors, price, rating)
    VALUES (%s, %s, %s, %s)
    , parameters: ('Engineers Survival Guide: Advice, tactics, and tricks After a decade of working at Facebook, Snapchat, and Microsoft', 'Merih Taze', '29.', '4.4 out of 5 stars')
[2024-08-20T04:45:31.883+0000] {sql.py:518} INFO - Rows affected: 1
[2024-08-20T04:45:31.891+0000] {base.py:84} INFO - Retrieving connection 'books_connection'
[2024-08-20T04:45:31.896+0000] {sql.py:509} INFO - Running statement: 
    INSERT INTO books (title, authors, price, rating)
    VALUES (%s, %s, %s, %s)
    , parameters: ('Data Science (The MIT Press Essential Knowledge series)', 'Paperback', '10.', '4.4 out of 5 stars')
[2024-08-20T04:45:31.897+0000] {sql.py:518} INFO - Rows affected: 1
[2024-08-20T04:45:31.905+0000] {base.py:84} INFO - Retrieving connection 'books_connection'
[2024-08-20T04:45:31.909+0000] {sql.py:509} INFO - Running statement: 
    INSERT INTO books (title, authors, price, rating)
    VALUES (%s, %s, %s, %s)
    , parameters: ('How Data Happened: A History from the Age of Reason to the Age of Algorithms', 'Chris Wiggins', '16.', '4.2 out of 5 stars')
[2024-08-20T04:45:31.911+0000] {sql.py:518} INFO - Rows affected: 1
[2024-08-20T04:45:31.918+0000] {base.py:84} INFO - Retrieving connection 'books_connection'
[2024-08-20T04:45:31.923+0000] {sql.py:509} INFO - Running statement: 
    INSERT INTO books (title, authors, price, rating)
    VALUES (%s, %s, %s, %s)
    , parameters: ("System Design Interview – An insider's guide", 'Alex Xu', '37.', '4.6 out of 5 stars')
[2024-08-20T04:45:31.925+0000] {sql.py:518} INFO - Rows affected: 1
[2024-08-20T04:45:31.933+0000] {base.py:84} INFO - Retrieving connection 'books_connection'
[2024-08-20T04:45:31.936+0000] {sql.py:509} INFO - Running statement: 
    INSERT INTO books (title, authors, price, rating)
    VALUES (%s, %s, %s, %s)
    , parameters: ('Data Engineering with Scala and Spark: A practical guide helping you build streaming and batch pipelines that process massive amounts of data using Scala', 'Eric Tome', '36.', '4.3 out of 5 stars')
[2024-08-20T04:45:31.939+0000] {sql.py:518} INFO - Rows affected: 1
[2024-08-20T04:45:31.946+0000] {base.py:84} INFO - Retrieving connection 'books_connection'
[2024-08-20T04:45:31.949+0000] {sql.py:509} INFO - Running statement: 
    INSERT INTO books (title, authors, price, rating)
    VALUES (%s, %s, %s, %s)
    , parameters: ('Azure Data Engineer Associate Certification Guide: A hands-on reference guide to developing your data engineering skills and preparing for the DP-203 exam', 'Newton Alex', '54.', '3.9 out of 5 stars')
[2024-08-20T04:45:31.951+0000] {sql.py:518} INFO - Rows affected: 1
[2024-08-20T04:45:31.959+0000] {base.py:84} INFO - Retrieving connection 'books_connection'
[2024-08-20T04:45:31.963+0000] {sql.py:509} INFO - Running statement: 
    INSERT INTO books (title, authors, price, rating)
    VALUES (%s, %s, %s, %s)
    , parameters: ('Mastering the Data Paradox: Key to Winning in the AI Age', 'Nitin Seth', '18.', '4.8 out of 5 stars')
[2024-08-20T04:45:31.964+0000] {sql.py:518} INFO - Rows affected: 1
[2024-08-20T04:45:31.972+0000] {base.py:84} INFO - Retrieving connection 'books_connection'
[2024-08-20T04:45:31.975+0000] {sql.py:509} INFO - Running statement: 
    INSERT INTO books (title, authors, price, rating)
    VALUES (%s, %s, %s, %s)
    , parameters: ('Data Science on AWS: Implementing End-to-End, Continuous AI and Machine Learning Pipelines', 'Chris Fregly', '11.', '4.5 out of 5 stars')
[2024-08-20T04:45:31.976+0000] {sql.py:518} INFO - Rows affected: 1
[2024-08-20T04:45:31.984+0000] {base.py:84} INFO - Retrieving connection 'books_connection'
[2024-08-20T04:45:31.987+0000] {sql.py:509} INFO - Running statement: 
    INSERT INTO books (title, authors, price, rating)
    VALUES (%s, %s, %s, %s)
    , parameters: ("Applied Machine Learning and AI for Engineers: Solve Business Problems That Can't Be Solved Algorithmically", 'Jeff Prosise', '55.', '4.5 out of 5 stars')
[2024-08-20T04:45:31.989+0000] {sql.py:518} INFO - Rows affected: 1
[2024-08-20T04:45:31.997+0000] {base.py:84} INFO - Retrieving connection 'books_connection'
[2024-08-20T04:45:32.001+0000] {sql.py:509} INFO - Running statement: 
    INSERT INTO books (title, authors, price, rating)
    VALUES (%s, %s, %s, %s)
    , parameters: ('Data Engineering Fundamentals for Beginners: Mastering the Art of Building, Managing, and Scaling Data Systems', 'Paperback', '14.', '5.0 out of 5 stars')
[2024-08-20T04:45:32.003+0000] {sql.py:518} INFO - Rows affected: 1
[2024-08-20T04:45:32.012+0000] {base.py:84} INFO - Retrieving connection 'books_connection'
[2024-08-20T04:45:32.016+0000] {sql.py:509} INFO - Running statement: 
    INSERT INTO books (title, authors, price, rating)
    VALUES (%s, %s, %s, %s)
    , parameters: ('Feature Engineering for Machine Learning: Principles and Techniques for Data Scientists', 'Alice Zheng', '41.', '4.4 out of 5 stars')
[2024-08-20T04:45:32.018+0000] {sql.py:518} INFO - Rows affected: 1
[2024-08-20T04:45:32.027+0000] {base.py:84} INFO - Retrieving connection 'books_connection'
[2024-08-20T04:45:32.031+0000] {sql.py:509} INFO - Running statement: 
    INSERT INTO books (title, authors, price, rating)
    VALUES (%s, %s, %s, %s)
    , parameters: ('Better Data Visualizations: A Guide for Scholars, Researchers, and Wonks', 'Jonathan Schwabish', '26.', '4.5 out of 5 stars')
[2024-08-20T04:45:32.033+0000] {sql.py:518} INFO - Rows affected: 1
[2024-08-20T04:45:32.043+0000] {base.py:84} INFO - Retrieving connection 'books_connection'
[2024-08-20T04:45:32.047+0000] {sql.py:509} INFO - Running statement: 
    INSERT INTO books (title, authors, price, rating)
    VALUES (%s, %s, %s, %s)
    , parameters: ('SQL Data Analytics Made Easy: Your Step-by-Step Guide to Unlocking Data’s Hidden Secrets: Demystify complex concepts, and harness the power of data to drive intelligent decision-making effortlessly.', 'L.D. Knowings', '14.', '4.1 out of 5 stars')
[2024-08-20T04:45:32.049+0000] {sql.py:518} INFO - Rows affected: 1
[2024-08-20T04:45:32.059+0000] {base.py:84} INFO - Retrieving connection 'books_connection'
[2024-08-20T04:45:32.064+0000] {sql.py:509} INFO - Running statement: 
    INSERT INTO books (title, authors, price, rating)
    VALUES (%s, %s, %s, %s)
    , parameters: ('The Art of Doing Science and Engineering: Learning to Learn', 'Richard W. Hamming', '19.', '4.6 out of 5 stars')
[2024-08-20T04:45:32.065+0000] {sql.py:518} INFO - Rows affected: 1
[2024-08-20T04:45:32.075+0000] {base.py:84} INFO - Retrieving connection 'books_connection'
[2024-08-20T04:45:32.078+0000] {sql.py:509} INFO - Running statement: 
    INSERT INTO books (title, authors, price, rating)
    VALUES (%s, %s, %s, %s)
    , parameters: ('A Common-Sense Guide to Data Structures and Algorithms, Second Edition: Level Up Your Core Programming Skills', 'Jay Wengrow', '39.', '4.7 out of 5 stars')
[2024-08-20T04:45:32.080+0000] {sql.py:518} INFO - Rows affected: 1
[2024-08-20T04:45:32.090+0000] {base.py:84} INFO - Retrieving connection 'books_connection'
[2024-08-20T04:45:32.094+0000] {sql.py:509} INFO - Running statement: 
    INSERT INTO books (title, authors, price, rating)
    VALUES (%s, %s, %s, %s)
    , parameters: ('Fundamentals of Data Visualization: A Primer on Making Informative and Compelling Figures', 'Claus Wilke', '49.', '4.6 out of 5 stars')
[2024-08-20T04:45:32.096+0000] {sql.py:518} INFO - Rows affected: 1
[2024-08-20T04:45:32.106+0000] {base.py:84} INFO - Retrieving connection 'books_connection'
[2024-08-20T04:45:32.111+0000] {sql.py:509} INFO - Running statement: 
    INSERT INTO books (title, authors, price, rating)
    VALUES (%s, %s, %s, %s)
    , parameters: ('Hypothesis Testing: An Intuitive Guide for Making Data Driven Decisions', 'Jim Frost', '23.', '4.5 out of 5 stars')
[2024-08-20T04:45:32.112+0000] {sql.py:518} INFO - Rows affected: 1
[2024-08-20T04:45:32.123+0000] {base.py:84} INFO - Retrieving connection 'books_connection'
[2024-08-20T04:45:32.128+0000] {sql.py:509} INFO - Running statement: 
    INSERT INTO books (title, authors, price, rating)
    VALUES (%s, %s, %s, %s)
    , parameters: ('Modeling and Simulation in Python: An Introduction for Scientists and Engineers', 'Allen B. Downey', '32.', '4.5 out of 5 stars')
[2024-08-20T04:45:32.129+0000] {sql.py:518} INFO - Rows affected: 1
[2024-08-20T04:45:32.138+0000] {base.py:84} INFO - Retrieving connection 'books_connection'
[2024-08-20T04:45:32.142+0000] {sql.py:509} INFO - Running statement: 
    INSERT INTO books (title, authors, price, rating)
    VALUES (%s, %s, %s, %s)
    , parameters: ('The Data Governance Guidebook and Playbook: By a Practitioner for Practitioners', 'Paperback', '25.', '4.3 out of 5 stars')
[2024-08-20T04:45:32.144+0000] {sql.py:518} INFO - Rows affected: 1
[2024-08-20T04:45:32.152+0000] {base.py:84} INFO - Retrieving connection 'books_connection'
[2024-08-20T04:45:32.156+0000] {sql.py:509} INFO - Running statement: 
    INSERT INTO books (title, authors, price, rating)
    VALUES (%s, %s, %s, %s)
    , parameters: ('AWS Certified Data Analytics Study Guide: Specialty (DAS-C01) Exam', 'Asif Abbasi', '31.', '4.6 out of 5 stars')
[2024-08-20T04:45:32.157+0000] {sql.py:518} INFO - Rows affected: 1
[2024-08-20T04:45:32.166+0000] {base.py:84} INFO - Retrieving connection 'books_connection'
[2024-08-20T04:45:32.169+0000] {sql.py:509} INFO - Running statement: 
    INSERT INTO books (title, authors, price, rating)
    VALUES (%s, %s, %s, %s)
    , parameters: ('50 Algorithms Every Programmer Should Know - Second Edition: An unbeatable arsenal of algorithmic solutions for real-world problems', 'Imran Ahmad', '37.', '4.4 out of 5 stars')
[2024-08-20T04:45:32.171+0000] {sql.py:518} INFO - Rows affected: 1
[2024-08-20T04:45:32.180+0000] {base.py:84} INFO - Retrieving connection 'books_connection'
[2024-08-20T04:45:32.184+0000] {sql.py:509} INFO - Running statement: 
    INSERT INTO books (title, authors, price, rating)
    VALUES (%s, %s, %s, %s)
    , parameters: ('Technology is Dead', 'Paperback', '23.', '5.0 out of 5 stars')
[2024-08-20T04:45:32.186+0000] {sql.py:518} INFO - Rows affected: 1
[2024-08-20T04:45:32.195+0000] {base.py:84} INFO - Retrieving connection 'books_connection'
[2024-08-20T04:45:32.199+0000] {sql.py:509} INFO - Running statement: 
    INSERT INTO books (title, authors, price, rating)
    VALUES (%s, %s, %s, %s)
    , parameters: ('Designing Cloud Data Platforms', 'Audible Audiobook', '0.', '4.7 out of 5 stars')
[2024-08-20T04:45:32.201+0000] {sql.py:518} INFO - Rows affected: 1
[2024-08-20T04:45:32.210+0000] {base.py:84} INFO - Retrieving connection 'books_connection'
[2024-08-20T04:45:32.215+0000] {sql.py:509} INFO - Running statement: 
    INSERT INTO books (title, authors, price, rating)
    VALUES (%s, %s, %s, %s)
    , parameters: ('Data Science: The Hard Parts: Techniques for Excelling at Data Science', 'Daniel Vaughan', '48.', '5.0 out of 5 stars')
[2024-08-20T04:45:32.217+0000] {sql.py:518} INFO - Rows affected: 1
[2024-08-20T04:45:32.229+0000] {base.py:84} INFO - Retrieving connection 'books_connection'
[2024-08-20T04:45:32.233+0000] {sql.py:509} INFO - Running statement: 
    INSERT INTO books (title, authors, price, rating)
    VALUES (%s, %s, %s, %s)
    , parameters: ('Data Management at Scale: Modern Data Architecture with Data Mesh and Data Fabric', 'Piethein Strengholt', '47.', '4.5 out of 5 stars')
[2024-08-20T04:45:32.235+0000] {sql.py:518} INFO - Rows affected: 1
[2024-08-20T04:45:32.248+0000] {base.py:84} INFO - Retrieving connection 'books_connection'
[2024-08-20T04:45:32.252+0000] {sql.py:509} INFO - Running statement: 
    INSERT INTO books (title, authors, price, rating)
    VALUES (%s, %s, %s, %s)
    , parameters: ('Practical Fraud Prevention: Fraud and AML Analytics for Fintech and eCommerce, Using SQL and Python', 'Gilit Saporta', '47.', '4.4 out of 5 stars')
[2024-08-20T04:45:32.256+0000] {sql.py:518} INFO - Rows affected: 1
[2024-08-20T04:45:32.265+0000] {base.py:84} INFO - Retrieving connection 'books_connection'
[2024-08-20T04:45:32.269+0000] {sql.py:509} INFO - Running statement: 
    INSERT INTO books (title, authors, price, rating)
    VALUES (%s, %s, %s, %s)
    , parameters: ('Data Quality Engineering in Financial Services: Applying Manufacturing Techniques to Data', 'Brian Buzzelli', '30.', '4.4 out of 5 stars')
[2024-08-20T04:45:32.273+0000] {sql.py:518} INFO - Rows affected: 1
[2024-08-20T04:45:32.283+0000] {base.py:84} INFO - Retrieving connection 'books_connection'
[2024-08-20T04:45:32.288+0000] {sql.py:509} INFO - Running statement: 
    INSERT INTO books (title, authors, price, rating)
    VALUES (%s, %s, %s, %s)
    , parameters: ('Ultimate Azure Data Engineering: Build Robust Data Engineering Systems on Azure with SQL, ETL, Data Modeling, and Power BI for Business Insights and Crack Azure Certifications (English Edition)', 'Ashish Agarwal', '39.', '5.0 out of 5 stars')
[2024-08-20T04:45:32.290+0000] {sql.py:518} INFO - Rows affected: 1
[2024-08-20T04:45:32.300+0000] {base.py:84} INFO - Retrieving connection 'books_connection'
[2024-08-20T04:45:32.305+0000] {sql.py:509} INFO - Running statement: 
    INSERT INTO books (title, authors, price, rating)
    VALUES (%s, %s, %s, %s)
    , parameters: ('Data Structures and Algorithms: 100 Interview Questions (Advanced Topics in Programming Book 2)', 'Kindle', '9.', '5.0 out of 5 stars')
[2024-08-20T04:45:32.307+0000] {sql.py:518} INFO - Rows affected: 1
[2024-08-20T04:45:32.317+0000] {base.py:84} INFO - Retrieving connection 'books_connection'
[2024-08-20T04:45:32.322+0000] {sql.py:509} INFO - Running statement: 
    INSERT INTO books (title, authors, price, rating)
    VALUES (%s, %s, %s, %s)
    , parameters: ('Data-Centric Machine Learning with Python: The ultimate guide to engineering and deploying high-quality models based on good data', 'Jonas Christensen', '49.', '4.6 out of 5 stars')
[2024-08-20T04:45:32.324+0000] {sql.py:518} INFO - Rows affected: 1
[2024-08-20T04:45:32.333+0000] {base.py:84} INFO - Retrieving connection 'books_connection'
[2024-08-20T04:45:32.338+0000] {sql.py:509} INFO - Running statement: 
    INSERT INTO books (title, authors, price, rating)
    VALUES (%s, %s, %s, %s)
    , parameters: ('Architecting Data and Machine Learning Platforms: Enable Analytics and AI-Driven Innovation in the Cloud', 'Marco Tranquillin', '37.', '4.3 out of 5 stars')
[2024-08-20T04:45:32.340+0000] {sql.py:518} INFO - Rows affected: 1
[2024-08-20T04:45:32.352+0000] {base.py:84} INFO - Retrieving connection 'books_connection'
[2024-08-20T04:45:32.357+0000] {sql.py:509} INFO - Running statement: 
    INSERT INTO books (title, authors, price, rating)
    VALUES (%s, %s, %s, %s)
    , parameters: ('Killed by a Traffic Engineer: Shattering the Delusion that Science Underlies our Transportation System', 'Wes Marshall', '33.', '4.5 out of 5 stars')
[2024-08-20T04:45:32.358+0000] {sql.py:518} INFO - Rows affected: 1
[2024-08-20T04:45:32.369+0000] {base.py:84} INFO - Retrieving connection 'books_connection'
[2024-08-20T04:45:32.375+0000] {sql.py:509} INFO - Running statement: 
    INSERT INTO books (title, authors, price, rating)
    VALUES (%s, %s, %s, %s)
    , parameters: ('Restricted Data: The History of Nuclear Secrecy in the United States', 'Alex Wellerstein', '2.', '4.7 out of 5 stars')
[2024-08-20T04:45:32.378+0000] {sql.py:518} INFO - Rows affected: 1
[2024-08-20T04:45:32.389+0000] {base.py:84} INFO - Retrieving connection 'books_connection'
[2024-08-20T04:45:32.394+0000] {sql.py:509} INFO - Running statement: 
    INSERT INTO books (title, authors, price, rating)
    VALUES (%s, %s, %s, %s)
    , parameters: ('Data Driven: Truckers, Technology, and the New Workplace Surveillance', 'Karen Levy', '21.', '4.3 out of 5 stars')
[2024-08-20T04:45:32.397+0000] {sql.py:518} INFO - Rows affected: 1
[2024-08-20T04:45:32.409+0000] {base.py:84} INFO - Retrieving connection 'books_connection'
[2024-08-20T04:45:32.414+0000] {sql.py:509} INFO - Running statement: 
    INSERT INTO books (title, authors, price, rating)
    VALUES (%s, %s, %s, %s)
    , parameters: ("Engineers' Practical Databook: A Technical Reference Guide for Students and Professionals", 'Jay Smith', '18.', '4.6 out of 5 stars')
[2024-08-20T04:45:32.416+0000] {sql.py:518} INFO - Rows affected: 1
[2024-08-20T04:45:32.429+0000] {base.py:84} INFO - Retrieving connection 'books_connection'
[2024-08-20T04:45:32.435+0000] {sql.py:509} INFO - Running statement: 
    INSERT INTO books (title, authors, price, rating)
    VALUES (%s, %s, %s, %s)
    , parameters: ('Grokking Algorithms', 'Audible Audiobook', '0.', '4.6 out of 5 stars')
[2024-08-20T04:45:32.440+0000] {sql.py:518} INFO - Rows affected: 1
[2024-08-20T04:45:32.452+0000] {base.py:84} INFO - Retrieving connection 'books_connection'
[2024-08-20T04:45:32.457+0000] {sql.py:509} INFO - Running statement: 
    INSERT INTO books (title, authors, price, rating)
    VALUES (%s, %s, %s, %s)
    , parameters: ('Understanding Cryptography: A Textbook for Students and Practitioners', 'Christof Paar', '29.', '4.6 out of 5 stars')
[2024-08-20T04:45:32.460+0000] {sql.py:518} INFO - Rows affected: 1
[2024-08-20T04:45:32.472+0000] {base.py:84} INFO - Retrieving connection 'books_connection'
[2024-08-20T04:45:32.477+0000] {sql.py:509} INFO - Running statement: 
    INSERT INTO books (title, authors, price, rating)
    VALUES (%s, %s, %s, %s)
    , parameters: ('Observability Engineering: Achieving Production Excellence', 'Charity Majors', '34.', '4.3 out of 5 stars')
[2024-08-20T04:45:32.479+0000] {sql.py:518} INFO - Rows affected: 1
[2024-08-20T04:45:32.491+0000] {base.py:84} INFO - Retrieving connection 'books_connection'
[2024-08-20T04:45:32.497+0000] {sql.py:509} INFO - Running statement: 
    INSERT INTO books (title, authors, price, rating)
    VALUES (%s, %s, %s, %s)
    , parameters: ('Learning Tableau 2022 - Fifth Edition: Create effective data visualizations, build interactive visual analytics, and improve your data storytelling capabilities', 'Joshua N Milligan', '57.', '4.5 out of 5 stars')
[2024-08-20T04:45:32.499+0000] {sql.py:518} INFO - Rows affected: 1
[2024-08-20T04:45:32.512+0000] {base.py:84} INFO - Retrieving connection 'books_connection'
[2024-08-20T04:45:32.519+0000] {sql.py:509} INFO - Running statement: 
    INSERT INTO books (title, authors, price, rating)
    VALUES (%s, %s, %s, %s)
    , parameters: ('Practical Reverse Engineering: x86, x64, ARM, Windows Kernel, Reversing Tools, and Obfuscation', 'Bruce Dang', '34.', '4.6 out of 5 stars')
[2024-08-20T04:45:32.524+0000] {sql.py:518} INFO - Rows affected: 1
[2024-08-20T04:45:32.538+0000] {base.py:84} INFO - Retrieving connection 'books_connection'
[2024-08-20T04:45:32.544+0000] {sql.py:509} INFO - Running statement: 
    INSERT INTO books (title, authors, price, rating)
    VALUES (%s, %s, %s, %s)
    , parameters: ('Building ETL Pipelines with Python: Create and deploy enterprise-ready ETL pipelines by employing modern methods', 'Brij Kishore Pandey', '17.', '4.2 out of 5 stars')
[2024-08-20T04:45:32.547+0000] {sql.py:518} INFO - Rows affected: 1
[2024-08-20T04:45:32.550+0000] {python.py:240} INFO - Done. Returned value was: None
[2024-08-20T04:45:32.567+0000] {taskinstance.py:340} INFO - ::group::Post task execution logs
[2024-08-20T04:45:32.567+0000] {taskinstance.py:352} INFO - Marking task as SUCCESS. dag_id=fetch_and_store_DE_books, task_id=insert_book_data, run_id=scheduled__2024-07-28T00:00:00+00:00, execution_date=20240728T000000, start_date=20240820T044530, end_date=20240820T044532
[2024-08-20T04:45:32.660+0000] {logging_mixin.py:190} INFO - Task instance in success state
[2024-08-20T04:45:32.661+0000] {logging_mixin.py:190} INFO -  Previous state of the Task instance: running
[2024-08-20T04:45:32.662+0000] {logging_mixin.py:190} INFO - Dag name:fetch_and_store_DE_books queued_at:2024-08-20 04:45:16.254704+00:00
[2024-08-20T04:45:32.662+0000] {logging_mixin.py:190} INFO - Task hostname:668944ed7238 operator:PythonOperator
[2024-08-20T04:45:32.691+0000] {local_task_job_runner.py:261} INFO - Task exited with return code 0
[2024-08-20T04:45:32.719+0000] {taskinstance.py:3891} INFO - 0 downstream tasks scheduled from follow-on schedule check
[2024-08-20T04:45:32.721+0000] {local_task_job_runner.py:240} INFO - ::endgroup::
