[2024-08-20T04:42:43.221+0000] {local_task_job_runner.py:123} INFO - ::group::Pre task execution logs
[2024-08-20T04:42:43.249+0000] {taskinstance.py:2603} INFO - Dependencies all met for dep_context=non-requeueable deps ti=<TaskInstance: fetch_and_store_DE_books.insert_book_data scheduled__2024-07-03T00:00:00+00:00 [queued]>
[2024-08-20T04:42:43.263+0000] {taskinstance.py:2603} INFO - Dependencies all met for dep_context=requeueable deps ti=<TaskInstance: fetch_and_store_DE_books.insert_book_data scheduled__2024-07-03T00:00:00+00:00 [queued]>
[2024-08-20T04:42:43.264+0000] {taskinstance.py:2856} INFO - Starting attempt 1 of 2
[2024-08-20T04:42:43.285+0000] {taskinstance.py:2879} INFO - Executing <Task(PythonOperator): insert_book_data> on 2024-07-03 00:00:00+00:00
[2024-08-20T04:42:43.297+0000] {warnings.py:112} WARNING - /home/***/.local/lib/python3.12/site-packages/***/task/task_runner/standard_task_runner.py:70: DeprecationWarning: This process (pid=756) is multi-threaded, use of fork() may lead to deadlocks in the child.
  pid = os.fork()

[2024-08-20T04:42:43.299+0000] {standard_task_runner.py:72} INFO - Started process 762 to run task
[2024-08-20T04:42:43.300+0000] {standard_task_runner.py:104} INFO - Running: ['***', 'tasks', 'run', 'fetch_and_store_DE_books', 'insert_book_data', 'scheduled__2024-07-03T00:00:00+00:00', '--job-id', '13', '--raw', '--subdir', 'DAGS_FOLDER/app.py', '--cfg-path', '/tmp/tmpc3673nex']
[2024-08-20T04:42:43.302+0000] {standard_task_runner.py:105} INFO - Job 13: Subtask insert_book_data
[2024-08-20T04:42:43.368+0000] {task_command.py:467} INFO - Running <TaskInstance: fetch_and_store_DE_books.insert_book_data scheduled__2024-07-03T00:00:00+00:00 [running]> on host 668944ed7238
[2024-08-20T04:42:43.463+0000] {taskinstance.py:3122} INFO - Exporting env vars: AIRFLOW_CTX_DAG_OWNER='***' AIRFLOW_CTX_DAG_ID='fetch_and_store_DE_books' AIRFLOW_CTX_TASK_ID='insert_book_data' AIRFLOW_CTX_EXECUTION_DATE='2024-07-03T00:00:00+00:00' AIRFLOW_CTX_TRY_NUMBER='1' AIRFLOW_CTX_DAG_RUN_ID='scheduled__2024-07-03T00:00:00+00:00'
[2024-08-20T04:42:43.465+0000] {logging_mixin.py:190} INFO - Task instance is in running state
[2024-08-20T04:42:43.465+0000] {logging_mixin.py:190} INFO -  Previous state of the Task instance: queued
[2024-08-20T04:42:43.466+0000] {logging_mixin.py:190} INFO - Current task name:insert_book_data state:running start_date:2024-08-20 04:42:43.250252+00:00
[2024-08-20T04:42:43.466+0000] {logging_mixin.py:190} INFO - Dag name:fetch_and_store_DE_books and current dag run status:running
[2024-08-20T04:42:43.467+0000] {taskinstance.py:731} INFO - ::endgroup::
[2024-08-20T04:42:43.490+0000] {base.py:84} INFO - Retrieving connection 'books_connection'
[2024-08-20T04:42:43.495+0000] {sql.py:509} INFO - Running statement: 
    INSERT INTO books (title, authors, price, rating)
    VALUES (%s, %s, %s, %s)
    , parameters: ('Ace the Data Engineering Interview: Questions and Answers for Python, SQL, Data Modeling and More', 'Sean Coyne', '24.', '4.1 out of 5 stars')
[2024-08-20T04:42:43.497+0000] {sql.py:518} INFO - Rows affected: 1
[2024-08-20T04:42:43.506+0000] {base.py:84} INFO - Retrieving connection 'books_connection'
[2024-08-20T04:42:43.510+0000] {sql.py:509} INFO - Running statement: 
    INSERT INTO books (title, authors, price, rating)
    VALUES (%s, %s, %s, %s)
    , parameters: ('Data Engineering with AWS - Second Edition: Acquire the skills to design and build AWS-based data transformation pipelines like a pro', 'Gareth Eagar', '41.', '4.4 out of 5 stars')
[2024-08-20T04:42:43.512+0000] {sql.py:518} INFO - Rows affected: 1
[2024-08-20T04:42:43.521+0000] {base.py:84} INFO - Retrieving connection 'books_connection'
[2024-08-20T04:42:43.526+0000] {sql.py:509} INFO - Running statement: 
    INSERT INTO books (title, authors, price, rating)
    VALUES (%s, %s, %s, %s)
    , parameters: ('Azure Data Engineer Associate Certification Guide: Ace the DP-203 exam with advanced data engineering skills', 'Giacinto Palmieri', '39.', '4.5 out of 5 stars')
[2024-08-20T04:42:43.528+0000] {sql.py:518} INFO - Rows affected: 1
[2024-08-20T04:42:43.537+0000] {base.py:84} INFO - Retrieving connection 'books_connection'
[2024-08-20T04:42:43.542+0000] {sql.py:509} INFO - Running statement: 
    INSERT INTO books (title, authors, price, rating)
    VALUES (%s, %s, %s, %s)
    , parameters: ('Data Engineering 101', 'Paperback', '22.', '5.0 out of 5 stars')
[2024-08-20T04:42:43.545+0000] {sql.py:518} INFO - Rows affected: 1
[2024-08-20T04:42:43.554+0000] {base.py:84} INFO - Retrieving connection 'books_connection'
[2024-08-20T04:42:43.559+0000] {sql.py:509} INFO - Running statement: 
    INSERT INTO books (title, authors, price, rating)
    VALUES (%s, %s, %s, %s)
    , parameters: ('Fundamentals of Data Engineering: Plan and Build Robust Data Systems', 'Joe Reis', '38.', '4.7 out of 5 stars')
[2024-08-20T04:42:43.561+0000] {sql.py:518} INFO - Rows affected: 1
[2024-08-20T04:42:43.571+0000] {base.py:84} INFO - Retrieving connection 'books_connection'
[2024-08-20T04:42:43.575+0000] {sql.py:509} INFO - Running statement: 
    INSERT INTO books (title, authors, price, rating)
    VALUES (%s, %s, %s, %s)
    , parameters: ('Data Pipelines Pocket Reference: Moving and Processing Data for Analytics', 'James Densmore', '17.', '4.5 out of 5 stars')
[2024-08-20T04:42:43.578+0000] {sql.py:518} INFO - Rows affected: 1
[2024-08-20T04:42:43.588+0000] {base.py:84} INFO - Retrieving connection 'books_connection'
[2024-08-20T04:42:43.592+0000] {sql.py:509} INFO - Running statement: 
    INSERT INTO books (title, authors, price, rating)
    VALUES (%s, %s, %s, %s)
    , parameters: ('Designing Data-Intensive Applications: The Big Ideas Behind Reliable, Scalable, and Maintainable Systems', 'Martin Kleppmann', '35.', '4.8 out of 5 stars')
[2024-08-20T04:42:43.594+0000] {sql.py:518} INFO - Rows affected: 1
[2024-08-20T04:42:43.605+0000] {base.py:84} INFO - Retrieving connection 'books_connection'
[2024-08-20T04:42:43.609+0000] {sql.py:509} INFO - Running statement: 
    INSERT INTO books (title, authors, price, rating)
    VALUES (%s, %s, %s, %s)
    , parameters: ("Azure Data Factory Cookbook - Second Edition: A data engineer's guide to building and managing ETL and ELT pipelines with data integration", 'Dmitry Foshin', '51.', '4.4 out of 5 stars')
[2024-08-20T04:42:43.611+0000] {sql.py:518} INFO - Rows affected: 1
[2024-08-20T04:42:43.621+0000] {base.py:84} INFO - Retrieving connection 'books_connection'
[2024-08-20T04:42:43.626+0000] {sql.py:509} INFO - Running statement: 
    INSERT INTO books (title, authors, price, rating)
    VALUES (%s, %s, %s, %s)
    , parameters: ('Data Analysis with Python and PySpark', 'Jonathan Rioux', '55.', '4.4 out of 5 stars')
[2024-08-20T04:42:43.628+0000] {sql.py:518} INFO - Rows affected: 1
[2024-08-20T04:42:43.638+0000] {base.py:84} INFO - Retrieving connection 'books_connection'
[2024-08-20T04:42:43.642+0000] {sql.py:509} INFO - Running statement: 
    INSERT INTO books (title, authors, price, rating)
    VALUES (%s, %s, %s, %s)
    , parameters: ('Data Engineering with dbt: A practical guide to building a cloud-based, pragmatic, and dependable data platform with SQL', 'Roberto Zagni', '37.', '4.6 out of 5 stars')
[2024-08-20T04:42:43.644+0000] {sql.py:518} INFO - Rows affected: 1
[2024-08-20T04:42:43.653+0000] {base.py:84} INFO - Retrieving connection 'books_connection'
[2024-08-20T04:42:43.657+0000] {sql.py:509} INFO - Running statement: 
    INSERT INTO books (title, authors, price, rating)
    VALUES (%s, %s, %s, %s)
    , parameters: ('Data Engineering with Python: Work with massive datasets to design data models and automate data pipelines using Python', 'Paul Crickard', '37.', '4.1 out of 5 stars')
[2024-08-20T04:42:43.659+0000] {sql.py:518} INFO - Rows affected: 1
[2024-08-20T04:42:43.668+0000] {base.py:84} INFO - Retrieving connection 'books_connection'
[2024-08-20T04:42:43.672+0000] {sql.py:509} INFO - Running statement: 
    INSERT INTO books (title, authors, price, rating)
    VALUES (%s, %s, %s, %s)
    , parameters: ('Data Engineering with Python cookbook: Learn to build efficient data pipelines using the Modern Cloud Data Stack', 'Adithyan Ramanujakootam', '29.', '5.0 out of 5 stars')
[2024-08-20T04:42:43.674+0000] {sql.py:518} INFO - Rows affected: 1
[2024-08-20T04:42:43.684+0000] {base.py:84} INFO - Retrieving connection 'books_connection'
[2024-08-20T04:42:43.688+0000] {sql.py:509} INFO - Running statement: 
    INSERT INTO books (title, authors, price, rating)
    VALUES (%s, %s, %s, %s)
    , parameters: ('Cracking the Data Engineering Interview: Land your dream job with the help of resume-building tips, over 100 mock questions, and a unique portfolio', 'Kedeisha Bryan', '26.', '4.4 out of 5 stars')
[2024-08-20T04:42:43.690+0000] {sql.py:518} INFO - Rows affected: 1
[2024-08-20T04:42:43.701+0000] {base.py:84} INFO - Retrieving connection 'books_connection'
[2024-08-20T04:42:43.705+0000] {sql.py:509} INFO - Running statement: 
    INSERT INTO books (title, authors, price, rating)
    VALUES (%s, %s, %s, %s)
    , parameters: ('Data Engineering with AWS: Learn how to design and build cloud-based data transformation pipelines using AWS', 'Gareth Eagar', '49.', '4.4 out of 5 stars')
[2024-08-20T04:42:43.707+0000] {sql.py:518} INFO - Rows affected: 1
[2024-08-20T04:42:43.717+0000] {base.py:84} INFO - Retrieving connection 'books_connection'
[2024-08-20T04:42:43.722+0000] {sql.py:509} INFO - Running statement: 
    INSERT INTO books (title, authors, price, rating)
    VALUES (%s, %s, %s, %s)
    , parameters: ('Software Engineering for Data Scientists: From Notebooks to Scalable Systems', 'Catherine Nelson', '52.', '4.5 out of 5 stars')
[2024-08-20T04:42:43.724+0000] {sql.py:518} INFO - Rows affected: 1
[2024-08-20T04:42:43.734+0000] {base.py:84} INFO - Retrieving connection 'books_connection'
[2024-08-20T04:42:43.738+0000] {sql.py:509} INFO - Running statement: 
    INSERT INTO books (title, authors, price, rating)
    VALUES (%s, %s, %s, %s)
    , parameters: ('Data Engineering with Google Cloud Platform: A guide to leveling up as a data engineer by building a scalable data platform with Google Cloud', 'Adi Wijaya', '41.', '5.0 out of 5 stars')
[2024-08-20T04:42:43.741+0000] {sql.py:518} INFO - Rows affected: 1
[2024-08-20T04:42:43.754+0000] {base.py:84} INFO - Retrieving connection 'books_connection'
[2024-08-20T04:42:43.761+0000] {sql.py:509} INFO - Running statement: 
    INSERT INTO books (title, authors, price, rating)
    VALUES (%s, %s, %s, %s)
    , parameters: ('Data Engineering with Alteryx: Helping data engineers apply DataOps practices with Alteryx', 'Paul Houghton', '44.', '4.3 out of 5 stars')
[2024-08-20T04:42:43.765+0000] {sql.py:518} INFO - Rows affected: 1
[2024-08-20T04:42:43.799+0000] {base.py:84} INFO - Retrieving connection 'books_connection'
[2024-08-20T04:42:43.806+0000] {sql.py:509} INFO - Running statement: 
    INSERT INTO books (title, authors, price, rating)
    VALUES (%s, %s, %s, %s)
    , parameters: ('Mastering Large Datasets with Python: Parallelize and Distribute Your Python Code', 'John T. Wolohan', '49.', '3.9 out of 5 stars')
[2024-08-20T04:42:43.808+0000] {sql.py:518} INFO - Rows affected: 1
[2024-08-20T04:42:43.820+0000] {base.py:84} INFO - Retrieving connection 'books_connection'
[2024-08-20T04:42:43.827+0000] {sql.py:509} INFO - Running statement: 
    INSERT INTO books (title, authors, price, rating)
    VALUES (%s, %s, %s, %s)
    , parameters: ('Build a Career in Data Science', 'Emily Robinson', '35.', '4.6 out of 5 stars')
[2024-08-20T04:42:43.829+0000] {sql.py:518} INFO - Rows affected: 1
[2024-08-20T04:42:43.840+0000] {base.py:84} INFO - Retrieving connection 'books_connection'
[2024-08-20T04:42:43.846+0000] {sql.py:509} INFO - Running statement: 
    INSERT INTO books (title, authors, price, rating)
    VALUES (%s, %s, %s, %s)
    , parameters: ('Data Engineering with Databricks Cookbook: Build effective data and AI solutions using Apache Spark, Databricks, and Delta Lake', 'Pulkit Chadha', '42.', '4.2 out of 5 stars')
[2024-08-20T04:42:43.848+0000] {sql.py:518} INFO - Rows affected: 1
[2024-08-20T04:42:43.860+0000] {base.py:84} INFO - Retrieving connection 'books_connection'
[2024-08-20T04:42:43.865+0000] {sql.py:509} INFO - Running statement: 
    INSERT INTO books (title, authors, price, rating)
    VALUES (%s, %s, %s, %s)
    , parameters: ('Data-Driven Science and Engineering: Machine Learning, Dynamical Systems, and Control', 'Steven L. Brunton', '64.', '4.7 out of 5 stars')
[2024-08-20T04:42:43.868+0000] {sql.py:518} INFO - Rows affected: 1
[2024-08-20T04:42:43.879+0000] {base.py:84} INFO - Retrieving connection 'books_connection'
[2024-08-20T04:42:43.885+0000] {sql.py:509} INFO - Running statement: 
    INSERT INTO books (title, authors, price, rating)
    VALUES (%s, %s, %s, %s)
    , parameters: ('Expert Data Modeling with Power BI - Second Edition: Enrich and optimize your data models to get the best out of Power BI for reporting and business needs', 'Soheil Bakhshi', '47.', '4.8 out of 5 stars')
[2024-08-20T04:42:43.887+0000] {sql.py:518} INFO - Rows affected: 1
[2024-08-20T04:42:43.898+0000] {base.py:84} INFO - Retrieving connection 'books_connection'
[2024-08-20T04:42:43.903+0000] {sql.py:509} INFO - Running statement: 
    INSERT INTO books (title, authors, price, rating)
    VALUES (%s, %s, %s, %s)
    , parameters: ("Data: Principles To Practice - Volume 1 'Foundations': Essential Foundations: Key Concepts behind Data Architecture, Engineering and Analysis for Professionals", 'Mr Alex Holloway', '11.', '4.7 out of 5 stars')
[2024-08-20T04:42:43.905+0000] {sql.py:518} INFO - Rows affected: 1
[2024-08-20T04:42:43.916+0000] {base.py:84} INFO - Retrieving connection 'books_connection'
[2024-08-20T04:42:43.921+0000] {sql.py:509} INFO - Running statement: 
    INSERT INTO books (title, authors, price, rating)
    VALUES (%s, %s, %s, %s)
    , parameters: ('DATA ENGINEERING AND AI FOR BEGINNERS: Revolutionizing Data Processing and Analytics by Leveraging Artificial Intelligence for Efficient Input Collection, Storage, and Transformation (World of AI)', 'Paperback', '13.', '4.4 out of 5 stars')
[2024-08-20T04:42:43.923+0000] {sql.py:518} INFO - Rows affected: 1
[2024-08-20T04:42:43.932+0000] {base.py:84} INFO - Retrieving connection 'books_connection'
[2024-08-20T04:42:43.936+0000] {sql.py:509} INFO - Running statement: 
    INSERT INTO books (title, authors, price, rating)
    VALUES (%s, %s, %s, %s)
    , parameters: ('Data Mesh: Delivering Data-Driven Value at Scale', 'Zhamak Dehghani', '43.', '4.5 out of 5 stars')
[2024-08-20T04:42:43.938+0000] {sql.py:518} INFO - Rows affected: 1
[2024-08-20T04:42:43.948+0000] {base.py:84} INFO - Retrieving connection 'books_connection'
[2024-08-20T04:42:43.952+0000] {sql.py:509} INFO - Running statement: 
    INSERT INTO books (title, authors, price, rating)
    VALUES (%s, %s, %s, %s)
    , parameters: ('Data Engineering with Apache Spark, Delta Lake, and Lakehouse: Create scalable pipelines that ingest, curate, and aggregate complex data in a timely and secure way', 'Manoj Kukreja', '29.', '3.9 out of 5 stars')
[2024-08-20T04:42:43.953+0000] {sql.py:518} INFO - Rows affected: 1
[2024-08-20T04:42:43.963+0000] {base.py:84} INFO - Retrieving connection 'books_connection'
[2024-08-20T04:42:43.967+0000] {sql.py:509} INFO - Running statement: 
    INSERT INTO books (title, authors, price, rating)
    VALUES (%s, %s, %s, %s)
    , parameters: ('Machine Learning Engineering', 'Andriy Burkov', '39.', '4.7 out of 5 stars')
[2024-08-20T04:42:43.969+0000] {sql.py:518} INFO - Rows affected: 1
[2024-08-20T04:42:43.981+0000] {base.py:84} INFO - Retrieving connection 'books_connection'
[2024-08-20T04:42:43.985+0000] {sql.py:509} INFO - Running statement: 
    INSERT INTO books (title, authors, price, rating)
    VALUES (%s, %s, %s, %s)
    , parameters: ('The Enterprise Data Catalog: Improve Data Discovery, Ensure Data Governance, and Enable Innovation', 'Ole Olesen-Bagneux', '31.', '4.5 out of 5 stars')
[2024-08-20T04:42:43.987+0000] {sql.py:518} INFO - Rows affected: 1
[2024-08-20T04:42:43.998+0000] {base.py:84} INFO - Retrieving connection 'books_connection'
[2024-08-20T04:42:44.002+0000] {sql.py:509} INFO - Running statement: 
    INSERT INTO books (title, authors, price, rating)
    VALUES (%s, %s, %s, %s)
    , parameters: ('Data Engineering with Databricks', 'Paperback', '25.', '3.4 out of 5 stars')
[2024-08-20T04:42:44.004+0000] {sql.py:518} INFO - Rows affected: 1
[2024-08-20T04:42:44.014+0000] {base.py:84} INFO - Retrieving connection 'books_connection'
[2024-08-20T04:42:44.018+0000] {sql.py:509} INFO - Running statement: 
    INSERT INTO books (title, authors, price, rating)
    VALUES (%s, %s, %s, %s)
    , parameters: ('Ace the Data Science Interview: 201 Real Interview Questions Asked By FAANG, Tech Startups, & Wall Street', 'Nick Singh', '42.', '4.5 out of 5 stars')
[2024-08-20T04:42:44.019+0000] {sql.py:518} INFO - Rows affected: 1
[2024-08-20T04:42:44.029+0000] {base.py:84} INFO - Retrieving connection 'books_connection'
[2024-08-20T04:42:44.033+0000] {sql.py:509} INFO - Running statement: 
    INSERT INTO books (title, authors, price, rating)
    VALUES (%s, %s, %s, %s)
    , parameters: ('Modern Data Engineering with Apache Spark: A Hands-On Guide for Building Mission-Critical Streaming Applications', 'Scott Haines', '30.', '4.1 out of 5 stars')
[2024-08-20T04:42:44.035+0000] {sql.py:518} INFO - Rows affected: 1
[2024-08-20T04:42:44.043+0000] {base.py:84} INFO - Retrieving connection 'books_connection'
[2024-08-20T04:42:44.047+0000] {sql.py:509} INFO - Running statement: 
    INSERT INTO books (title, authors, price, rating)
    VALUES (%s, %s, %s, %s)
    , parameters: ('Data Modeling with Snowflake: A practical guide to accelerating Snowflake development using universal data modeling techniques', 'Serge Gershkovich', '36.', '4.8 out of 5 stars')
[2024-08-20T04:42:44.048+0000] {sql.py:518} INFO - Rows affected: 1
[2024-08-20T04:42:44.057+0000] {base.py:84} INFO - Retrieving connection 'books_connection'
[2024-08-20T04:42:44.062+0000] {sql.py:509} INFO - Running statement: 
    INSERT INTO books (title, authors, price, rating)
    VALUES (%s, %s, %s, %s)
    , parameters: ('Storytelling with Data: A Data Visualization Guide for Business Professionals', 'Cole Nussbaumer Knaflic', '27.', '4.6 out of 5 stars')
[2024-08-20T04:42:44.063+0000] {sql.py:518} INFO - Rows affected: 1
[2024-08-20T04:42:44.072+0000] {base.py:84} INFO - Retrieving connection 'books_connection'
[2024-08-20T04:42:44.078+0000] {sql.py:509} INFO - Running statement: 
    INSERT INTO books (title, authors, price, rating)
    VALUES (%s, %s, %s, %s)
    , parameters: ('97 Things Every Data Engineer Should Know: Collective Wisdom from the Experts', 'Audible Audiobook', '0.', '4.1 out of 5 stars')
[2024-08-20T04:42:44.080+0000] {sql.py:518} INFO - Rows affected: 1
[2024-08-20T04:42:44.092+0000] {base.py:84} INFO - Retrieving connection 'books_connection'
[2024-08-20T04:42:44.096+0000] {sql.py:509} INFO - Running statement: 
    INSERT INTO books (title, authors, price, rating)
    VALUES (%s, %s, %s, %s)
    , parameters: ("Data Quality Fundamentals: A Practitioner's Guide to Building Trustworthy Data Pipelines", 'Paperback', '45.', '4.1 out of 5 stars')
[2024-08-20T04:42:44.098+0000] {sql.py:518} INFO - Rows affected: 1
[2024-08-20T04:42:44.108+0000] {base.py:84} INFO - Retrieving connection 'books_connection'
[2024-08-20T04:42:44.112+0000] {sql.py:509} INFO - Running statement: 
    INSERT INTO books (title, authors, price, rating)
    VALUES (%s, %s, %s, %s)
    , parameters: ('Fundamentals of Data Analytics: Learn Essential Skills, Embrace the Future, and Catapult Your Career in the Data-Driven World—A Comprehensive Guide to Data Literacy for Beginners', 'Russell Dawson', '16.', '4.8 out of 5 stars')
[2024-08-20T04:42:44.114+0000] {sql.py:518} INFO - Rows affected: 1
[2024-08-20T04:42:44.124+0000] {base.py:84} INFO - Retrieving connection 'books_connection'
[2024-08-20T04:42:44.128+0000] {sql.py:509} INFO - Running statement: 
    INSERT INTO books (title, authors, price, rating)
    VALUES (%s, %s, %s, %s)
    , parameters: ('Data Engineering with Google Cloud Platform: A practical guide to operationalizing scalable data analytics systems on GCP', 'Adi Wijaya', '41.', '4.7 out of 5 stars')
[2024-08-20T04:42:44.130+0000] {sql.py:518} INFO - Rows affected: 1
[2024-08-20T04:42:44.138+0000] {base.py:84} INFO - Retrieving connection 'books_connection'
[2024-08-20T04:42:44.142+0000] {sql.py:509} INFO - Running statement: 
    INSERT INTO books (title, authors, price, rating)
    VALUES (%s, %s, %s, %s)
    , parameters: ('Prompt Engineering for Generative AI: Future-Proof Inputs for Reliable AI Outputs', 'James Phoenix', '57.', '4.4 out of 5 stars')
[2024-08-20T04:42:44.145+0000] {sql.py:518} INFO - Rows affected: 1
[2024-08-20T04:42:44.154+0000] {base.py:84} INFO - Retrieving connection 'books_connection'
[2024-08-20T04:42:44.159+0000] {sql.py:509} INFO - Running statement: 
    INSERT INTO books (title, authors, price, rating)
    VALUES (%s, %s, %s, %s)
    , parameters: ('Python Programming and SQL: 5 books in 1 - The #1 Coding Course from Beginner to Advanced. Learn it Well & Fast (2024) (Computer Programming)', 'Paperback', '32.', '4.3 out of 5 stars')
[2024-08-20T04:42:44.160+0000] {sql.py:518} INFO - Rows affected: 1
[2024-08-20T04:42:44.169+0000] {base.py:84} INFO - Retrieving connection 'books_connection'
[2024-08-20T04:42:44.174+0000] {sql.py:509} INFO - Running statement: 
    INSERT INTO books (title, authors, price, rating)
    VALUES (%s, %s, %s, %s)
    , parameters: ('Analytics Engineering with SQL and dbt: Building Meaningful Data Models at Scale', 'Rui Pedro Machado', '41.', '3.8 out of 5 stars')
[2024-08-20T04:42:44.176+0000] {sql.py:518} INFO - Rows affected: 1
[2024-08-20T04:42:44.185+0000] {base.py:84} INFO - Retrieving connection 'books_connection'
[2024-08-20T04:42:44.189+0000] {sql.py:509} INFO - Running statement: 
    INSERT INTO books (title, authors, price, rating)
    VALUES (%s, %s, %s, %s)
    , parameters: ('Data Observability for Data Engineering: Proactive strategies for ensuring data accuracy and addressing broken data pipelines', 'Michele Pinto', '18.', '3.7 out of 5 stars')
[2024-08-20T04:42:44.191+0000] {sql.py:518} INFO - Rows affected: 1
[2024-08-20T04:42:44.199+0000] {base.py:84} INFO - Retrieving connection 'books_connection'
[2024-08-20T04:42:44.203+0000] {sql.py:509} INFO - Running statement: 
    INSERT INTO books (title, authors, price, rating)
    VALUES (%s, %s, %s, %s)
    , parameters: ("Ultimate Data Engineering with Databricks: Develop Scalable Data Pipelines Using Data Engineering's Core Tenets Such as Delta Tables, Ingestion, ... Security, and Scalability (English Edition)", 'Mayank Malhotra', '37.', '3.8 out of 5 stars')
[2024-08-20T04:42:44.205+0000] {sql.py:518} INFO - Rows affected: 1
[2024-08-20T04:42:44.214+0000] {base.py:84} INFO - Retrieving connection 'books_connection'
[2024-08-20T04:42:44.218+0000] {sql.py:509} INFO - Running statement: 
    INSERT INTO books (title, authors, price, rating)
    VALUES (%s, %s, %s, %s)
    , parameters: ('The Data Warehouse Toolkit: The Definitive Guide to Dimensional Modeling', 'Paperback', '47.', '4.7 out of 5 stars')
[2024-08-20T04:42:44.220+0000] {sql.py:518} INFO - Rows affected: 1
[2024-08-20T04:42:44.229+0000] {base.py:84} INFO - Retrieving connection 'books_connection'
[2024-08-20T04:42:44.233+0000] {sql.py:509} INFO - Running statement: 
    INSERT INTO books (title, authors, price, rating)
    VALUES (%s, %s, %s, %s)
    , parameters: ('Concepts of Generative AI and Data Engineering: Vital Concepts in Data Engineering and the World of Generative AI', 'Kindle', '29.', '5.0 out of 5 stars')
[2024-08-20T04:42:44.235+0000] {sql.py:518} INFO - Rows affected: 1
[2024-08-20T04:42:44.244+0000] {base.py:84} INFO - Retrieving connection 'books_connection'
[2024-08-20T04:42:44.248+0000] {sql.py:509} INFO - Running statement: 
    INSERT INTO books (title, authors, price, rating)
    VALUES (%s, %s, %s, %s)
    , parameters: ('Official Google Cloud Certified Professional Data Engineer Study Guide', 'Dan Sullivan', '33.', '4.5 out of 5 stars')
[2024-08-20T04:42:44.250+0000] {sql.py:518} INFO - Rows affected: 1
[2024-08-20T04:42:44.259+0000] {base.py:84} INFO - Retrieving connection 'books_connection'
[2024-08-20T04:42:44.263+0000] {sql.py:509} INFO - Running statement: 
    INSERT INTO books (title, authors, price, rating)
    VALUES (%s, %s, %s, %s)
    , parameters: ('Data Privacy: A runbook for engineers', 'Nishant Bhajaria', '32.', '4.8 out of 5 stars')
[2024-08-20T04:42:44.265+0000] {sql.py:518} INFO - Rows affected: 1
[2024-08-20T04:42:44.274+0000] {base.py:84} INFO - Retrieving connection 'books_connection'
[2024-08-20T04:42:44.278+0000] {sql.py:509} INFO - Running statement: 
    INSERT INTO books (title, authors, price, rating)
    VALUES (%s, %s, %s, %s)
    , parameters: ('Data Analytics, Data Visualization & Communicating Data: 3 books in 1: Learn the Processes of Data Analytics and Data Science, Create Engaging Data Visualizations, and Present Data Effectively', 'Audible Audiobook', '0.', '4.5 out of 5 stars')
[2024-08-20T04:42:44.279+0000] {sql.py:518} INFO - Rows affected: 1
[2024-08-20T04:42:44.289+0000] {base.py:84} INFO - Retrieving connection 'books_connection'
[2024-08-20T04:42:44.294+0000] {sql.py:509} INFO - Running statement: 
    INSERT INTO books (title, authors, price, rating)
    VALUES (%s, %s, %s, %s)
    , parameters: ('Data Engineering and Data Science for Babies: Activity Workbook Part 1', 'Paperback', '9.', '4.1 out of 5 stars')
[2024-08-20T04:42:44.295+0000] {sql.py:518} INFO - Rows affected: 1
[2024-08-20T04:42:44.304+0000] {base.py:84} INFO - Retrieving connection 'books_connection'
[2024-08-20T04:42:44.311+0000] {sql.py:509} INFO - Running statement: 
    INSERT INTO books (title, authors, price, rating)
    VALUES (%s, %s, %s, %s)
    , parameters: ('Fundamentals of Data Engineering: Efficiency, Insight, Impact: Transforming Data into Value through Expert Engineering Practices', 'Joseph Achakji', '0.', '4.6 out of 5 stars')
[2024-08-20T04:42:44.314+0000] {sql.py:518} INFO - Rows affected: 1
[2024-08-20T04:42:44.325+0000] {base.py:84} INFO - Retrieving connection 'books_connection'
[2024-08-20T04:42:44.329+0000] {sql.py:509} INFO - Running statement: 
    INSERT INTO books (title, authors, price, rating)
    VALUES (%s, %s, %s, %s)
    , parameters: ('Learning Spark: Lightning-Fast Data Analytics', 'Jules S. Damji', '43.', '4.7 out of 5 stars')
[2024-08-20T04:42:44.330+0000] {sql.py:518} INFO - Rows affected: 1
[2024-08-20T04:42:44.339+0000] {base.py:84} INFO - Retrieving connection 'books_connection'
[2024-08-20T04:42:44.344+0000] {sql.py:509} INFO - Running statement: 
    INSERT INTO books (title, authors, price, rating)
    VALUES (%s, %s, %s, %s)
    , parameters: ("SQL QuickStart Guide: The Simplified Beginner's Guide to Managing, Analyzing, and Manipulating Data With SQL (Coding & Programming - QuickStart Guides)", 'Paperback', '23.', '4.6 out of 5 stars')
[2024-08-20T04:42:44.346+0000] {sql.py:518} INFO - Rows affected: 1
[2024-08-20T04:42:44.357+0000] {base.py:84} INFO - Retrieving connection 'books_connection'
[2024-08-20T04:42:44.361+0000] {sql.py:509} INFO - Running statement: 
    INSERT INTO books (title, authors, price, rating)
    VALUES (%s, %s, %s, %s)
    , parameters: ('Electrical engineering without prior knowledge: Understand the basics within 7 days (Become an Engineer Without Prior Knowledge)', 'Paperback', '17.', '4.4 out of 5 stars')
[2024-08-20T04:42:44.363+0000] {sql.py:518} INFO - Rows affected: 1
[2024-08-20T04:42:44.374+0000] {base.py:84} INFO - Retrieving connection 'books_connection'
[2024-08-20T04:42:44.378+0000] {sql.py:509} INFO - Running statement: 
    INSERT INTO books (title, authors, price, rating)
    VALUES (%s, %s, %s, %s)
    , parameters: ('Azure Data Engineering Cookbook - Second Edition: Get well versed in various data engineering techniques in Azure using this recipe-based guide', 'Nagaraj Venkatesan', '51.', '3.5 out of 5 stars')
[2024-08-20T04:42:44.380+0000] {sql.py:518} INFO - Rows affected: 1
[2024-08-20T04:42:44.391+0000] {base.py:84} INFO - Retrieving connection 'books_connection'
[2024-08-20T04:42:44.396+0000] {sql.py:509} INFO - Running statement: 
    INSERT INTO books (title, authors, price, rating)
    VALUES (%s, %s, %s, %s)
    , parameters: ('Machine Learning Engineering with Python - Second Edition: Manage the lifecycle of machine learning models using MLOps with practical examples', 'Andrew McMahon', '32.', '4.7 out of 5 stars')
[2024-08-20T04:42:44.397+0000] {sql.py:518} INFO - Rows affected: 1
[2024-08-20T04:42:44.407+0000] {base.py:84} INFO - Retrieving connection 'books_connection'
[2024-08-20T04:42:44.411+0000] {sql.py:509} INFO - Running statement: 
    INSERT INTO books (title, authors, price, rating)
    VALUES (%s, %s, %s, %s)
    , parameters: ('Automated Stock Trading Systems: A Systematic Approach for Traders to Make Money in Bull, Bear and Sideways Markets', 'Laurens Bensdorp', '19.', '4.4 out of 5 stars')
[2024-08-20T04:42:44.413+0000] {sql.py:518} INFO - Rows affected: 1
[2024-08-20T04:42:44.422+0000] {base.py:84} INFO - Retrieving connection 'books_connection'
[2024-08-20T04:42:44.430+0000] {sql.py:509} INFO - Running statement: 
    INSERT INTO books (title, authors, price, rating)
    VALUES (%s, %s, %s, %s)
    , parameters: ('Systems Engineering Demystified - Second Edition: Apply modern, model-based systems engineering techniques to build complex systems', 'Jon Holt', '45.', '4.7 out of 5 stars')
[2024-08-20T04:42:44.432+0000] {sql.py:518} INFO - Rows affected: 1
[2024-08-20T04:42:44.443+0000] {base.py:84} INFO - Retrieving connection 'books_connection'
[2024-08-20T04:42:44.447+0000] {sql.py:509} INFO - Running statement: 
    INSERT INTO books (title, authors, price, rating)
    VALUES (%s, %s, %s, %s)
    , parameters: ('Database Internals: A Deep Dive into How Distributed Data Systems Work', 'Alex Petrov', '36.', '4.6 out of 5 stars')
[2024-08-20T04:42:44.449+0000] {sql.py:518} INFO - Rows affected: 1
[2024-08-20T04:42:44.460+0000] {base.py:84} INFO - Retrieving connection 'books_connection'
[2024-08-20T04:42:44.465+0000] {sql.py:509} INFO - Running statement: 
    INSERT INTO books (title, authors, price, rating)
    VALUES (%s, %s, %s, %s)
    , parameters: ('Data Science (The MIT Press Essential Knowledge series)', 'Paperback', '10.', '4.4 out of 5 stars')
[2024-08-20T04:42:44.467+0000] {sql.py:518} INFO - Rows affected: 1
[2024-08-20T04:42:44.477+0000] {base.py:84} INFO - Retrieving connection 'books_connection'
[2024-08-20T04:42:44.482+0000] {sql.py:509} INFO - Running statement: 
    INSERT INTO books (title, authors, price, rating)
    VALUES (%s, %s, %s, %s)
    , parameters: ('Engineers Survival Guide: Advice, tactics, and tricks After a decade of working at Facebook, Snapchat, and Microsoft', 'Merih Taze', '29.', '4.4 out of 5 stars')
[2024-08-20T04:42:44.484+0000] {sql.py:518} INFO - Rows affected: 1
[2024-08-20T04:42:44.505+0000] {base.py:84} INFO - Retrieving connection 'books_connection'
[2024-08-20T04:42:44.514+0000] {sql.py:509} INFO - Running statement: 
    INSERT INTO books (title, authors, price, rating)
    VALUES (%s, %s, %s, %s)
    , parameters: ('How Data Happened: A History from the Age of Reason to the Age of Algorithms', 'Chris Wiggins', '16.', '4.2 out of 5 stars')
[2024-08-20T04:42:44.517+0000] {sql.py:518} INFO - Rows affected: 1
[2024-08-20T04:42:44.545+0000] {base.py:84} INFO - Retrieving connection 'books_connection'
[2024-08-20T04:42:44.558+0000] {sql.py:509} INFO - Running statement: 
    INSERT INTO books (title, authors, price, rating)
    VALUES (%s, %s, %s, %s)
    , parameters: ("System Design Interview – An insider's guide", 'Alex Xu', '37.', '4.6 out of 5 stars')
[2024-08-20T04:42:44.560+0000] {sql.py:518} INFO - Rows affected: 1
[2024-08-20T04:42:44.585+0000] {base.py:84} INFO - Retrieving connection 'books_connection'
[2024-08-20T04:42:44.621+0000] {sql.py:509} INFO - Running statement: 
    INSERT INTO books (title, authors, price, rating)
    VALUES (%s, %s, %s, %s)
    , parameters: ('Data Engineering with Scala and Spark: A practical guide helping you build streaming and batch pipelines that process massive amounts of data using Scala', 'Eric Tome', '36.', '4.3 out of 5 stars')
[2024-08-20T04:42:44.632+0000] {sql.py:518} INFO - Rows affected: 1
[2024-08-20T04:42:44.661+0000] {base.py:84} INFO - Retrieving connection 'books_connection'
[2024-08-20T04:42:44.666+0000] {sql.py:509} INFO - Running statement: 
    INSERT INTO books (title, authors, price, rating)
    VALUES (%s, %s, %s, %s)
    , parameters: ('Azure Data Engineer Associate Certification Guide: A hands-on reference guide to developing your data engineering skills and preparing for the DP-203 exam', 'Newton Alex', '54.', '3.9 out of 5 stars')
[2024-08-20T04:42:44.668+0000] {sql.py:518} INFO - Rows affected: 1
[2024-08-20T04:42:44.679+0000] {base.py:84} INFO - Retrieving connection 'books_connection'
[2024-08-20T04:42:44.685+0000] {sql.py:509} INFO - Running statement: 
    INSERT INTO books (title, authors, price, rating)
    VALUES (%s, %s, %s, %s)
    , parameters: ('Driving Data Quality with Data Contracts: A comprehensive guide to building reliable, trusted, and effective data platforms', 'Andrew Jones', '28.', '4.6 out of 5 stars')
[2024-08-20T04:42:44.688+0000] {sql.py:518} INFO - Rows affected: 1
[2024-08-20T04:42:44.703+0000] {base.py:84} INFO - Retrieving connection 'books_connection'
[2024-08-20T04:42:44.709+0000] {sql.py:509} INFO - Running statement: 
    INSERT INTO books (title, authors, price, rating)
    VALUES (%s, %s, %s, %s)
    , parameters: ('Mastering the Data Paradox: Key to Winning in the AI Age', 'Nitin Seth', '18.', '4.8 out of 5 stars')
[2024-08-20T04:42:44.711+0000] {sql.py:518} INFO - Rows affected: 1
[2024-08-20T04:42:44.726+0000] {base.py:84} INFO - Retrieving connection 'books_connection'
[2024-08-20T04:42:44.733+0000] {sql.py:509} INFO - Running statement: 
    INSERT INTO books (title, authors, price, rating)
    VALUES (%s, %s, %s, %s)
    , parameters: ('Data Science on AWS: Implementing End-to-End, Continuous AI and Machine Learning Pipelines', 'Chris Fregly', '11.', '4.5 out of 5 stars')
[2024-08-20T04:42:44.736+0000] {sql.py:518} INFO - Rows affected: 1
[2024-08-20T04:42:44.748+0000] {base.py:84} INFO - Retrieving connection 'books_connection'
[2024-08-20T04:42:44.755+0000] {sql.py:509} INFO - Running statement: 
    INSERT INTO books (title, authors, price, rating)
    VALUES (%s, %s, %s, %s)
    , parameters: ("Applied Machine Learning and AI for Engineers: Solve Business Problems That Can't Be Solved Algorithmically", 'Jeff Prosise', '55.', '4.5 out of 5 stars')
[2024-08-20T04:42:44.758+0000] {sql.py:518} INFO - Rows affected: 1
[2024-08-20T04:42:44.770+0000] {base.py:84} INFO - Retrieving connection 'books_connection'
[2024-08-20T04:42:44.775+0000] {sql.py:509} INFO - Running statement: 
    INSERT INTO books (title, authors, price, rating)
    VALUES (%s, %s, %s, %s)
    , parameters: ('Feature Engineering for Machine Learning: Principles and Techniques for Data Scientists', 'Alice Zheng', '41.', '4.4 out of 5 stars')
[2024-08-20T04:42:44.777+0000] {sql.py:518} INFO - Rows affected: 1
[2024-08-20T04:42:44.786+0000] {base.py:84} INFO - Retrieving connection 'books_connection'
[2024-08-20T04:42:44.791+0000] {sql.py:509} INFO - Running statement: 
    INSERT INTO books (title, authors, price, rating)
    VALUES (%s, %s, %s, %s)
    , parameters: ('Better Data Visualizations: A Guide for Scholars, Researchers, and Wonks', 'Jonathan Schwabish', '26.', '4.5 out of 5 stars')
[2024-08-20T04:42:44.793+0000] {sql.py:518} INFO - Rows affected: 1
[2024-08-20T04:42:44.803+0000] {base.py:84} INFO - Retrieving connection 'books_connection'
[2024-08-20T04:42:44.808+0000] {sql.py:509} INFO - Running statement: 
    INSERT INTO books (title, authors, price, rating)
    VALUES (%s, %s, %s, %s)
    , parameters: ('SQL Data Analytics Made Easy: Your Step-by-Step Guide to Unlocking Data’s Hidden Secrets: Demystify complex concepts, and harness the power of data to drive intelligent decision-making effortlessly.', 'L.D. Knowings', '14.', '4.1 out of 5 stars')
[2024-08-20T04:42:44.810+0000] {sql.py:518} INFO - Rows affected: 1
[2024-08-20T04:42:44.822+0000] {base.py:84} INFO - Retrieving connection 'books_connection'
[2024-08-20T04:42:44.828+0000] {sql.py:509} INFO - Running statement: 
    INSERT INTO books (title, authors, price, rating)
    VALUES (%s, %s, %s, %s)
    , parameters: ('The Art of Doing Science and Engineering: Learning to Learn', 'Richard W. Hamming', '19.', '4.6 out of 5 stars')
[2024-08-20T04:42:44.830+0000] {sql.py:518} INFO - Rows affected: 1
[2024-08-20T04:42:44.840+0000] {base.py:84} INFO - Retrieving connection 'books_connection'
[2024-08-20T04:42:44.845+0000] {sql.py:509} INFO - Running statement: 
    INSERT INTO books (title, authors, price, rating)
    VALUES (%s, %s, %s, %s)
    , parameters: ('A Common-Sense Guide to Data Structures and Algorithms, Second Edition: Level Up Your Core Programming Skills', 'Jay Wengrow', '39.', '4.7 out of 5 stars')
[2024-08-20T04:42:44.847+0000] {sql.py:518} INFO - Rows affected: 1
[2024-08-20T04:42:44.858+0000] {base.py:84} INFO - Retrieving connection 'books_connection'
[2024-08-20T04:42:44.862+0000] {sql.py:509} INFO - Running statement: 
    INSERT INTO books (title, authors, price, rating)
    VALUES (%s, %s, %s, %s)
    , parameters: ('Fundamentals of Data Visualization: A Primer on Making Informative and Compelling Figures', 'Claus Wilke', '49.', '4.6 out of 5 stars')
[2024-08-20T04:42:44.864+0000] {sql.py:518} INFO - Rows affected: 1
[2024-08-20T04:42:44.875+0000] {base.py:84} INFO - Retrieving connection 'books_connection'
[2024-08-20T04:42:44.880+0000] {sql.py:509} INFO - Running statement: 
    INSERT INTO books (title, authors, price, rating)
    VALUES (%s, %s, %s, %s)
    , parameters: ('Hypothesis Testing: An Intuitive Guide for Making Data Driven Decisions', 'Jim Frost', '23.', '4.5 out of 5 stars')
[2024-08-20T04:42:44.882+0000] {sql.py:518} INFO - Rows affected: 1
[2024-08-20T04:42:44.893+0000] {base.py:84} INFO - Retrieving connection 'books_connection'
[2024-08-20T04:42:44.897+0000] {sql.py:509} INFO - Running statement: 
    INSERT INTO books (title, authors, price, rating)
    VALUES (%s, %s, %s, %s)
    , parameters: ('Modeling and Simulation in Python: An Introduction for Scientists and Engineers', 'Allen B. Downey', '32.', '4.5 out of 5 stars')
[2024-08-20T04:42:44.899+0000] {sql.py:518} INFO - Rows affected: 1
[2024-08-20T04:42:44.909+0000] {base.py:84} INFO - Retrieving connection 'books_connection'
[2024-08-20T04:42:44.915+0000] {sql.py:509} INFO - Running statement: 
    INSERT INTO books (title, authors, price, rating)
    VALUES (%s, %s, %s, %s)
    , parameters: ('The Data Governance Guidebook and Playbook: By a Practitioner for Practitioners', 'Paperback', '25.', '4.3 out of 5 stars')
[2024-08-20T04:42:44.918+0000] {sql.py:518} INFO - Rows affected: 1
[2024-08-20T04:42:44.934+0000] {base.py:84} INFO - Retrieving connection 'books_connection'
[2024-08-20T04:42:44.940+0000] {sql.py:509} INFO - Running statement: 
    INSERT INTO books (title, authors, price, rating)
    VALUES (%s, %s, %s, %s)
    , parameters: ('AWS Certified Data Analytics Study Guide: Specialty (DAS-C01) Exam', 'Asif Abbasi', '31.', '4.6 out of 5 stars')
[2024-08-20T04:42:44.942+0000] {sql.py:518} INFO - Rows affected: 1
[2024-08-20T04:42:44.955+0000] {base.py:84} INFO - Retrieving connection 'books_connection'
[2024-08-20T04:42:44.961+0000] {sql.py:509} INFO - Running statement: 
    INSERT INTO books (title, authors, price, rating)
    VALUES (%s, %s, %s, %s)
    , parameters: ('50 Algorithms Every Programmer Should Know - Second Edition: An unbeatable arsenal of algorithmic solutions for real-world problems', 'Imran Ahmad', '37.', '4.4 out of 5 stars')
[2024-08-20T04:42:44.963+0000] {sql.py:518} INFO - Rows affected: 1
[2024-08-20T04:42:44.975+0000] {base.py:84} INFO - Retrieving connection 'books_connection'
[2024-08-20T04:42:44.980+0000] {sql.py:509} INFO - Running statement: 
    INSERT INTO books (title, authors, price, rating)
    VALUES (%s, %s, %s, %s)
    , parameters: ('Technology is Dead', 'Paperback', '23.', '5.0 out of 5 stars')
[2024-08-20T04:42:44.982+0000] {sql.py:518} INFO - Rows affected: 1
[2024-08-20T04:42:44.992+0000] {base.py:84} INFO - Retrieving connection 'books_connection'
[2024-08-20T04:42:44.996+0000] {sql.py:509} INFO - Running statement: 
    INSERT INTO books (title, authors, price, rating)
    VALUES (%s, %s, %s, %s)
    , parameters: ('Designing Cloud Data Platforms', 'Audible Audiobook', '0.', '4.7 out of 5 stars')
[2024-08-20T04:42:44.997+0000] {sql.py:518} INFO - Rows affected: 1
[2024-08-20T04:42:45.009+0000] {base.py:84} INFO - Retrieving connection 'books_connection'
[2024-08-20T04:42:45.014+0000] {sql.py:509} INFO - Running statement: 
    INSERT INTO books (title, authors, price, rating)
    VALUES (%s, %s, %s, %s)
    , parameters: ('Data Science: The Hard Parts: Techniques for Excelling at Data Science', 'Daniel Vaughan', '48.', '5.0 out of 5 stars')
[2024-08-20T04:42:45.016+0000] {sql.py:518} INFO - Rows affected: 1
[2024-08-20T04:42:45.028+0000] {base.py:84} INFO - Retrieving connection 'books_connection'
[2024-08-20T04:42:45.033+0000] {sql.py:509} INFO - Running statement: 
    INSERT INTO books (title, authors, price, rating)
    VALUES (%s, %s, %s, %s)
    , parameters: ('Data Management at Scale: Modern Data Architecture with Data Mesh and Data Fabric', 'Piethein Strengholt', '47.', '4.5 out of 5 stars')
[2024-08-20T04:42:45.036+0000] {sql.py:518} INFO - Rows affected: 1
[2024-08-20T04:42:45.045+0000] {base.py:84} INFO - Retrieving connection 'books_connection'
[2024-08-20T04:42:45.050+0000] {sql.py:509} INFO - Running statement: 
    INSERT INTO books (title, authors, price, rating)
    VALUES (%s, %s, %s, %s)
    , parameters: ('Practical Fraud Prevention: Fraud and AML Analytics for Fintech and eCommerce, Using SQL and Python', 'Gilit Saporta', '47.', '4.4 out of 5 stars')
[2024-08-20T04:42:45.052+0000] {sql.py:518} INFO - Rows affected: 1
[2024-08-20T04:42:45.062+0000] {base.py:84} INFO - Retrieving connection 'books_connection'
[2024-08-20T04:42:45.067+0000] {sql.py:509} INFO - Running statement: 
    INSERT INTO books (title, authors, price, rating)
    VALUES (%s, %s, %s, %s)
    , parameters: ('Data Quality Engineering in Financial Services: Applying Manufacturing Techniques to Data', 'Brian Buzzelli', '30.', '4.4 out of 5 stars')
[2024-08-20T04:42:45.069+0000] {sql.py:518} INFO - Rows affected: 1
[2024-08-20T04:42:45.080+0000] {base.py:84} INFO - Retrieving connection 'books_connection'
[2024-08-20T04:42:45.086+0000] {sql.py:509} INFO - Running statement: 
    INSERT INTO books (title, authors, price, rating)
    VALUES (%s, %s, %s, %s)
    , parameters: ('Ultimate Azure Data Engineering: Build Robust Data Engineering Systems on Azure with SQL, ETL, Data Modeling, and Power BI for Business Insights and Crack Azure Certifications (English Edition)', 'Ashish Agarwal', '39.', '5.0 out of 5 stars')
[2024-08-20T04:42:45.088+0000] {sql.py:518} INFO - Rows affected: 1
[2024-08-20T04:42:45.100+0000] {base.py:84} INFO - Retrieving connection 'books_connection'
[2024-08-20T04:42:45.106+0000] {sql.py:509} INFO - Running statement: 
    INSERT INTO books (title, authors, price, rating)
    VALUES (%s, %s, %s, %s)
    , parameters: ('Data Structures and Algorithms: 100 Interview Questions (Advanced Topics in Programming Book 2)', 'Kindle', '9.', '5.0 out of 5 stars')
[2024-08-20T04:42:45.108+0000] {sql.py:518} INFO - Rows affected: 1
[2024-08-20T04:42:45.118+0000] {base.py:84} INFO - Retrieving connection 'books_connection'
[2024-08-20T04:42:45.122+0000] {sql.py:509} INFO - Running statement: 
    INSERT INTO books (title, authors, price, rating)
    VALUES (%s, %s, %s, %s)
    , parameters: ('Data-Centric Machine Learning with Python: The ultimate guide to engineering and deploying high-quality models based on good data', 'Jonas Christensen', '49.', '4.6 out of 5 stars')
[2024-08-20T04:42:45.125+0000] {sql.py:518} INFO - Rows affected: 1
[2024-08-20T04:42:45.136+0000] {base.py:84} INFO - Retrieving connection 'books_connection'
[2024-08-20T04:42:45.140+0000] {sql.py:509} INFO - Running statement: 
    INSERT INTO books (title, authors, price, rating)
    VALUES (%s, %s, %s, %s)
    , parameters: ('Architecting Data and Machine Learning Platforms: Enable Analytics and AI-Driven Innovation in the Cloud', 'Marco Tranquillin', '37.', '4.3 out of 5 stars')
[2024-08-20T04:42:45.142+0000] {sql.py:518} INFO - Rows affected: 1
[2024-08-20T04:42:45.151+0000] {base.py:84} INFO - Retrieving connection 'books_connection'
[2024-08-20T04:42:45.156+0000] {sql.py:509} INFO - Running statement: 
    INSERT INTO books (title, authors, price, rating)
    VALUES (%s, %s, %s, %s)
    , parameters: ('Killed by a Traffic Engineer: Shattering the Delusion that Science Underlies our Transportation System', 'Wes Marshall', '33.', '4.5 out of 5 stars')
[2024-08-20T04:42:45.158+0000] {sql.py:518} INFO - Rows affected: 1
[2024-08-20T04:42:45.167+0000] {base.py:84} INFO - Retrieving connection 'books_connection'
[2024-08-20T04:42:45.171+0000] {sql.py:509} INFO - Running statement: 
    INSERT INTO books (title, authors, price, rating)
    VALUES (%s, %s, %s, %s)
    , parameters: ('Python Data Engineering Resources: Boost Your Career With This Python Handbook; Prepare For Python Interview; Python Programming Cookbook For Beginners and Experienced; Python Data Analysis and More', 'Vajo Lukic', '9.', '4.8 out of 5 stars')
[2024-08-20T04:42:45.173+0000] {sql.py:518} INFO - Rows affected: 1
[2024-08-20T04:42:45.184+0000] {base.py:84} INFO - Retrieving connection 'books_connection'
[2024-08-20T04:42:45.189+0000] {sql.py:509} INFO - Running statement: 
    INSERT INTO books (title, authors, price, rating)
    VALUES (%s, %s, %s, %s)
    , parameters: ('Restricted Data: The History of Nuclear Secrecy in the United States', 'Alex Wellerstein', '2.', '4.7 out of 5 stars')
[2024-08-20T04:42:45.192+0000] {sql.py:518} INFO - Rows affected: 1
[2024-08-20T04:42:45.202+0000] {base.py:84} INFO - Retrieving connection 'books_connection'
[2024-08-20T04:42:45.207+0000] {sql.py:509} INFO - Running statement: 
    INSERT INTO books (title, authors, price, rating)
    VALUES (%s, %s, %s, %s)
    , parameters: ('Data Driven: Truckers, Technology, and the New Workplace Surveillance', 'Karen Levy', '21.', '4.3 out of 5 stars')
[2024-08-20T04:42:45.209+0000] {sql.py:518} INFO - Rows affected: 1
[2024-08-20T04:42:45.220+0000] {base.py:84} INFO - Retrieving connection 'books_connection'
[2024-08-20T04:42:45.226+0000] {sql.py:509} INFO - Running statement: 
    INSERT INTO books (title, authors, price, rating)
    VALUES (%s, %s, %s, %s)
    , parameters: ("Engineers' Practical Databook: A Technical Reference Guide for Students and Professionals", 'Jay Smith', '18.', '4.6 out of 5 stars')
[2024-08-20T04:42:45.228+0000] {sql.py:518} INFO - Rows affected: 1
[2024-08-20T04:42:45.239+0000] {base.py:84} INFO - Retrieving connection 'books_connection'
[2024-08-20T04:42:45.244+0000] {sql.py:509} INFO - Running statement: 
    INSERT INTO books (title, authors, price, rating)
    VALUES (%s, %s, %s, %s)
    , parameters: ('Understanding Cryptography: A Textbook for Students and Practitioners', 'Christof Paar', '29.', '4.6 out of 5 stars')
[2024-08-20T04:42:45.246+0000] {sql.py:518} INFO - Rows affected: 1
[2024-08-20T04:42:45.258+0000] {base.py:84} INFO - Retrieving connection 'books_connection'
[2024-08-20T04:42:45.263+0000] {sql.py:509} INFO - Running statement: 
    INSERT INTO books (title, authors, price, rating)
    VALUES (%s, %s, %s, %s)
    , parameters: ('Grokking Algorithms', 'Audible Audiobook', '0.', '4.6 out of 5 stars')
[2024-08-20T04:42:45.265+0000] {sql.py:518} INFO - Rows affected: 1
[2024-08-20T04:42:45.277+0000] {base.py:84} INFO - Retrieving connection 'books_connection'
[2024-08-20T04:42:45.282+0000] {sql.py:509} INFO - Running statement: 
    INSERT INTO books (title, authors, price, rating)
    VALUES (%s, %s, %s, %s)
    , parameters: ('Observability Engineering: Achieving Production Excellence', 'Charity Majors', '34.', '4.3 out of 5 stars')
[2024-08-20T04:42:45.284+0000] {sql.py:518} INFO - Rows affected: 1
[2024-08-20T04:42:45.295+0000] {base.py:84} INFO - Retrieving connection 'books_connection'
[2024-08-20T04:42:45.300+0000] {sql.py:509} INFO - Running statement: 
    INSERT INTO books (title, authors, price, rating)
    VALUES (%s, %s, %s, %s)
    , parameters: ('Learning Tableau 2022 - Fifth Edition: Create effective data visualizations, build interactive visual analytics, and improve your data storytelling capabilities', 'Joshua N Milligan', '57.', '4.5 out of 5 stars')
[2024-08-20T04:42:45.303+0000] {sql.py:518} INFO - Rows affected: 1
[2024-08-20T04:42:45.315+0000] {base.py:84} INFO - Retrieving connection 'books_connection'
[2024-08-20T04:42:45.321+0000] {sql.py:509} INFO - Running statement: 
    INSERT INTO books (title, authors, price, rating)
    VALUES (%s, %s, %s, %s)
    , parameters: ('Practical Reverse Engineering: x86, x64, ARM, Windows Kernel, Reversing Tools, and Obfuscation', 'Bruce Dang', '34.', '4.6 out of 5 stars')
[2024-08-20T04:42:45.324+0000] {sql.py:518} INFO - Rows affected: 1
[2024-08-20T04:42:45.335+0000] {base.py:84} INFO - Retrieving connection 'books_connection'
[2024-08-20T04:42:45.342+0000] {sql.py:509} INFO - Running statement: 
    INSERT INTO books (title, authors, price, rating)
    VALUES (%s, %s, %s, %s)
    , parameters: ('The Data Model Resource Book, Vol. 1: A Library of Universal Data Models for All Enterprises', 'Len Silverston', '63.', '4.3 out of 5 stars')
[2024-08-20T04:42:45.344+0000] {sql.py:518} INFO - Rows affected: 1
[2024-08-20T04:42:45.357+0000] {base.py:84} INFO - Retrieving connection 'books_connection'
[2024-08-20T04:42:45.366+0000] {sql.py:509} INFO - Running statement: 
    INSERT INTO books (title, authors, price, rating)
    VALUES (%s, %s, %s, %s)
    , parameters: ('Microsoft Azure Data Engineering: The Big Reference Guide (The Data Engineering Series)', 'Kindle', '0.', '4.6 out of 5 stars')
[2024-08-20T04:42:45.369+0000] {sql.py:518} INFO - Rows affected: 1
[2024-08-20T04:42:45.372+0000] {python.py:240} INFO - Done. Returned value was: None
[2024-08-20T04:42:45.392+0000] {taskinstance.py:340} INFO - ::group::Post task execution logs
[2024-08-20T04:42:45.393+0000] {taskinstance.py:352} INFO - Marking task as SUCCESS. dag_id=fetch_and_store_DE_books, task_id=insert_book_data, run_id=scheduled__2024-07-03T00:00:00+00:00, execution_date=20240703T000000, start_date=20240820T044243, end_date=20240820T044245
[2024-08-20T04:42:45.414+0000] {logging_mixin.py:190} INFO - Task instance in success state
[2024-08-20T04:42:45.415+0000] {logging_mixin.py:190} INFO -  Previous state of the Task instance: running
[2024-08-20T04:42:45.415+0000] {logging_mixin.py:190} INFO - Dag name:fetch_and_store_DE_books queued_at:2024-08-20 04:41:46.033550+00:00
[2024-08-20T04:42:45.416+0000] {logging_mixin.py:190} INFO - Task hostname:668944ed7238 operator:PythonOperator
[2024-08-20T04:42:45.446+0000] {local_task_job_runner.py:261} INFO - Task exited with return code 0
[2024-08-20T04:42:45.478+0000] {taskinstance.py:3891} INFO - 0 downstream tasks scheduled from follow-on schedule check
[2024-08-20T04:42:45.481+0000] {local_task_job_runner.py:240} INFO - ::endgroup::
