[2024-08-20T04:48:17.412+0000] {local_task_job_runner.py:123} INFO - ::group::Pre task execution logs
[2024-08-20T04:48:17.439+0000] {taskinstance.py:2603} INFO - Dependencies all met for dep_context=non-requeueable deps ti=<TaskInstance: fetch_and_store_DE_books.insert_book_data scheduled__2024-06-25T00:00:00+00:00 [queued]>
[2024-08-20T04:48:17.455+0000] {taskinstance.py:2603} INFO - Dependencies all met for dep_context=requeueable deps ti=<TaskInstance: fetch_and_store_DE_books.insert_book_data scheduled__2024-06-25T00:00:00+00:00 [queued]>
[2024-08-20T04:48:17.456+0000] {taskinstance.py:2856} INFO - Starting attempt 1 of 2
[2024-08-20T04:48:17.477+0000] {taskinstance.py:2879} INFO - Executing <Task(PythonOperator): insert_book_data> on 2024-06-25 00:00:00+00:00
[2024-08-20T04:48:17.492+0000] {warnings.py:112} WARNING - /home/***/.local/lib/python3.12/site-packages/***/task/task_runner/standard_task_runner.py:70: DeprecationWarning: This process (pid=1537) is multi-threaded, use of fork() may lead to deadlocks in the child.
  pid = os.fork()

[2024-08-20T04:48:17.495+0000] {standard_task_runner.py:72} INFO - Started process 1543 to run task
[2024-08-20T04:48:17.497+0000] {standard_task_runner.py:104} INFO - Running: ['***', 'tasks', 'run', 'fetch_and_store_DE_books', 'insert_book_data', 'scheduled__2024-06-25T00:00:00+00:00', '--job-id', '191', '--raw', '--subdir', 'DAGS_FOLDER/app.py', '--cfg-path', '/tmp/tmp_dunpskt']
[2024-08-20T04:48:17.504+0000] {standard_task_runner.py:105} INFO - Job 191: Subtask insert_book_data
[2024-08-20T04:48:17.610+0000] {task_command.py:467} INFO - Running <TaskInstance: fetch_and_store_DE_books.insert_book_data scheduled__2024-06-25T00:00:00+00:00 [running]> on host 668944ed7238
[2024-08-20T04:48:17.745+0000] {taskinstance.py:3122} INFO - Exporting env vars: AIRFLOW_CTX_DAG_OWNER='***' AIRFLOW_CTX_DAG_ID='fetch_and_store_DE_books' AIRFLOW_CTX_TASK_ID='insert_book_data' AIRFLOW_CTX_EXECUTION_DATE='2024-06-25T00:00:00+00:00' AIRFLOW_CTX_TRY_NUMBER='1' AIRFLOW_CTX_DAG_RUN_ID='scheduled__2024-06-25T00:00:00+00:00'
[2024-08-20T04:48:17.747+0000] {logging_mixin.py:190} INFO - Task instance is in running state
[2024-08-20T04:48:17.748+0000] {logging_mixin.py:190} INFO -  Previous state of the Task instance: queued
[2024-08-20T04:48:17.749+0000] {logging_mixin.py:190} INFO - Current task name:insert_book_data state:running start_date:2024-08-20 04:48:17.440206+00:00
[2024-08-20T04:48:17.750+0000] {logging_mixin.py:190} INFO - Dag name:fetch_and_store_DE_books and current dag run status:running
[2024-08-20T04:48:17.750+0000] {taskinstance.py:731} INFO - ::endgroup::
[2024-08-20T04:48:17.782+0000] {base.py:84} INFO - Retrieving connection 'books_connection'
[2024-08-20T04:48:17.787+0000] {sql.py:509} INFO - Running statement: 
    INSERT INTO books (title, authors, price, rating)
    VALUES (%s, %s, %s, %s)
    , parameters: ('Ace the Data Engineering Interview: Questions and Answers for Python, SQL, Data Modeling and More', 'Sean Coyne', '24.', '4.1 out of 5 stars')
[2024-08-20T04:48:17.790+0000] {sql.py:518} INFO - Rows affected: 1
[2024-08-20T04:48:17.800+0000] {base.py:84} INFO - Retrieving connection 'books_connection'
[2024-08-20T04:48:17.806+0000] {sql.py:509} INFO - Running statement: 
    INSERT INTO books (title, authors, price, rating)
    VALUES (%s, %s, %s, %s)
    , parameters: ('Data Engineering with AWS - Second Edition: Acquire the skills to design and build AWS-based data transformation pipelines like a pro', 'Gareth Eagar', '41.', '4.4 out of 5 stars')
[2024-08-20T04:48:17.808+0000] {sql.py:518} INFO - Rows affected: 1
[2024-08-20T04:48:17.818+0000] {base.py:84} INFO - Retrieving connection 'books_connection'
[2024-08-20T04:48:17.824+0000] {sql.py:509} INFO - Running statement: 
    INSERT INTO books (title, authors, price, rating)
    VALUES (%s, %s, %s, %s)
    , parameters: ('Azure Data Engineer Associate Certification Guide: Ace the DP-203 exam with advanced data engineering skills', 'Giacinto Palmieri', '39.', '4.5 out of 5 stars')
[2024-08-20T04:48:17.826+0000] {sql.py:518} INFO - Rows affected: 1
[2024-08-20T04:48:17.838+0000] {base.py:84} INFO - Retrieving connection 'books_connection'
[2024-08-20T04:48:17.843+0000] {sql.py:509} INFO - Running statement: 
    INSERT INTO books (title, authors, price, rating)
    VALUES (%s, %s, %s, %s)
    , parameters: ('Data Engineering 101', 'Paperback', '22.', '5.0 out of 5 stars')
[2024-08-20T04:48:17.845+0000] {sql.py:518} INFO - Rows affected: 1
[2024-08-20T04:48:17.858+0000] {base.py:84} INFO - Retrieving connection 'books_connection'
[2024-08-20T04:48:17.863+0000] {sql.py:509} INFO - Running statement: 
    INSERT INTO books (title, authors, price, rating)
    VALUES (%s, %s, %s, %s)
    , parameters: ('Fundamentals of Data Engineering: Plan and Build Robust Data Systems', 'Joe Reis', '38.', '4.7 out of 5 stars')
[2024-08-20T04:48:17.865+0000] {sql.py:518} INFO - Rows affected: 1
[2024-08-20T04:48:17.876+0000] {base.py:84} INFO - Retrieving connection 'books_connection'
[2024-08-20T04:48:17.882+0000] {sql.py:509} INFO - Running statement: 
    INSERT INTO books (title, authors, price, rating)
    VALUES (%s, %s, %s, %s)
    , parameters: ('Data Pipelines Pocket Reference: Moving and Processing Data for Analytics', 'James Densmore', '17.', '4.5 out of 5 stars')
[2024-08-20T04:48:17.884+0000] {sql.py:518} INFO - Rows affected: 1
[2024-08-20T04:48:17.899+0000] {base.py:84} INFO - Retrieving connection 'books_connection'
[2024-08-20T04:48:17.904+0000] {sql.py:509} INFO - Running statement: 
    INSERT INTO books (title, authors, price, rating)
    VALUES (%s, %s, %s, %s)
    , parameters: ('Designing Data-Intensive Applications: The Big Ideas Behind Reliable, Scalable, and Maintainable Systems', 'Martin Kleppmann', '35.', '4.8 out of 5 stars')
[2024-08-20T04:48:17.906+0000] {sql.py:518} INFO - Rows affected: 1
[2024-08-20T04:48:17.917+0000] {base.py:84} INFO - Retrieving connection 'books_connection'
[2024-08-20T04:48:17.923+0000] {sql.py:509} INFO - Running statement: 
    INSERT INTO books (title, authors, price, rating)
    VALUES (%s, %s, %s, %s)
    , parameters: ('Data Engineering with Python: Work with massive datasets to design data models and automate data pipelines using Python', 'Paul Crickard', '37.', '4.1 out of 5 stars')
[2024-08-20T04:48:17.925+0000] {sql.py:518} INFO - Rows affected: 1
[2024-08-20T04:48:17.934+0000] {base.py:84} INFO - Retrieving connection 'books_connection'
[2024-08-20T04:48:17.938+0000] {sql.py:509} INFO - Running statement: 
    INSERT INTO books (title, authors, price, rating)
    VALUES (%s, %s, %s, %s)
    , parameters: ('Data Engineering with Python cookbook: Learn to build efficient data pipelines using the Modern Cloud Data Stack', 'Adithyan Ramanujakootam', '29.', '5.0 out of 5 stars')
[2024-08-20T04:48:17.940+0000] {sql.py:518} INFO - Rows affected: 1
[2024-08-20T04:48:17.949+0000] {base.py:84} INFO - Retrieving connection 'books_connection'
[2024-08-20T04:48:17.953+0000] {sql.py:509} INFO - Running statement: 
    INSERT INTO books (title, authors, price, rating)
    VALUES (%s, %s, %s, %s)
    , parameters: ('Data Engineering with AWS: Learn how to design and build cloud-based data transformation pipelines using AWS', 'Gareth Eagar', '49.', '4.4 out of 5 stars')
[2024-08-20T04:48:17.955+0000] {sql.py:518} INFO - Rows affected: 1
[2024-08-20T04:48:17.965+0000] {base.py:84} INFO - Retrieving connection 'books_connection'
[2024-08-20T04:48:17.969+0000] {sql.py:509} INFO - Running statement: 
    INSERT INTO books (title, authors, price, rating)
    VALUES (%s, %s, %s, %s)
    , parameters: ('Cracking the Data Engineering Interview: Land your dream job with the help of resume-building tips, over 100 mock questions, and a unique portfolio', 'Kedeisha Bryan', '26.', '4.4 out of 5 stars')
[2024-08-20T04:48:17.971+0000] {sql.py:518} INFO - Rows affected: 1
[2024-08-20T04:48:17.980+0000] {base.py:84} INFO - Retrieving connection 'books_connection'
[2024-08-20T04:48:17.984+0000] {sql.py:509} INFO - Running statement: 
    INSERT INTO books (title, authors, price, rating)
    VALUES (%s, %s, %s, %s)
    , parameters: ('Software Engineering for Data Scientists: From Notebooks to Scalable Systems', 'Catherine Nelson', '52.', '4.5 out of 5 stars')
[2024-08-20T04:48:17.986+0000] {sql.py:518} INFO - Rows affected: 1
[2024-08-20T04:48:17.996+0000] {base.py:84} INFO - Retrieving connection 'books_connection'
[2024-08-20T04:48:18.000+0000] {sql.py:509} INFO - Running statement: 
    INSERT INTO books (title, authors, price, rating)
    VALUES (%s, %s, %s, %s)
    , parameters: ('Data Engineering with Google Cloud Platform: A guide to leveling up as a data engineer by building a scalable data platform with Google Cloud', 'Adi Wijaya', '41.', '5.0 out of 5 stars')
[2024-08-20T04:48:18.002+0000] {sql.py:518} INFO - Rows affected: 1
[2024-08-20T04:48:18.011+0000] {base.py:84} INFO - Retrieving connection 'books_connection'
[2024-08-20T04:48:18.015+0000] {sql.py:509} INFO - Running statement: 
    INSERT INTO books (title, authors, price, rating)
    VALUES (%s, %s, %s, %s)
    , parameters: ('Driving Data Quality with Data Contracts: A comprehensive guide to building reliable, trusted, and effective data platforms', 'Andrew Jones', '28.', '4.6 out of 5 stars')
[2024-08-20T04:48:18.017+0000] {sql.py:518} INFO - Rows affected: 1
[2024-08-20T04:48:18.026+0000] {base.py:84} INFO - Retrieving connection 'books_connection'
[2024-08-20T04:48:18.031+0000] {sql.py:509} INFO - Running statement: 
    INSERT INTO books (title, authors, price, rating)
    VALUES (%s, %s, %s, %s)
    , parameters: ('Expert Data Modeling with Power BI - Second Edition: Enrich and optimize your data models to get the best out of Power BI for reporting and business needs', 'Soheil Bakhshi', '47.', '4.8 out of 5 stars')
[2024-08-20T04:48:18.032+0000] {sql.py:518} INFO - Rows affected: 1
[2024-08-20T04:48:18.042+0000] {base.py:84} INFO - Retrieving connection 'books_connection'
[2024-08-20T04:48:18.046+0000] {sql.py:509} INFO - Running statement: 
    INSERT INTO books (title, authors, price, rating)
    VALUES (%s, %s, %s, %s)
    , parameters: ('Data Engineering Fundamentals for Beginners: Mastering the Art of Building, Managing, and Scaling Data Systems', 'Paperback', '14.', '5.0 out of 5 stars')
[2024-08-20T04:48:18.048+0000] {sql.py:518} INFO - Rows affected: 1
[2024-08-20T04:48:18.057+0000] {base.py:84} INFO - Retrieving connection 'books_connection'
[2024-08-20T04:48:18.061+0000] {sql.py:509} INFO - Running statement: 
    INSERT INTO books (title, authors, price, rating)
    VALUES (%s, %s, %s, %s)
    , parameters: ('Data Engineering with Databricks Cookbook: Build effective data and AI solutions using Apache Spark, Databricks, and Delta Lake', 'Pulkit Chadha', '42.', '4.2 out of 5 stars')
[2024-08-20T04:48:18.064+0000] {sql.py:518} INFO - Rows affected: 1
[2024-08-20T04:48:18.073+0000] {base.py:84} INFO - Retrieving connection 'books_connection'
[2024-08-20T04:48:18.077+0000] {sql.py:509} INFO - Running statement: 
    INSERT INTO books (title, authors, price, rating)
    VALUES (%s, %s, %s, %s)
    , parameters: ('Data Engineering with dbt: A practical guide to building a cloud-based, pragmatic, and dependable data platform with SQL', 'Roberto Zagni', '37.', '4.6 out of 5 stars')
[2024-08-20T04:48:18.079+0000] {sql.py:518} INFO - Rows affected: 1
[2024-08-20T04:48:18.090+0000] {base.py:84} INFO - Retrieving connection 'books_connection'
[2024-08-20T04:48:18.094+0000] {sql.py:509} INFO - Running statement: 
    INSERT INTO books (title, authors, price, rating)
    VALUES (%s, %s, %s, %s)
    , parameters: ('Data-Driven Science and Engineering: Machine Learning, Dynamical Systems, and Control', 'Steven L. Brunton', '64.', '4.7 out of 5 stars')
[2024-08-20T04:48:18.096+0000] {sql.py:518} INFO - Rows affected: 1
[2024-08-20T04:48:18.108+0000] {base.py:84} INFO - Retrieving connection 'books_connection'
[2024-08-20T04:48:18.113+0000] {sql.py:509} INFO - Running statement: 
    INSERT INTO books (title, authors, price, rating)
    VALUES (%s, %s, %s, %s)
    , parameters: ('Build a Career in Data Science', 'Emily Robinson', '35.', '4.6 out of 5 stars')
[2024-08-20T04:48:18.116+0000] {sql.py:518} INFO - Rows affected: 1
[2024-08-20T04:48:18.127+0000] {base.py:84} INFO - Retrieving connection 'books_connection'
[2024-08-20T04:48:18.133+0000] {sql.py:509} INFO - Running statement: 
    INSERT INTO books (title, authors, price, rating)
    VALUES (%s, %s, %s, %s)
    , parameters: ("Azure Data Factory Cookbook - Second Edition: A data engineer's guide to building and managing ETL and ELT pipelines with data integration", 'Dmitry Foshin', '51.', '4.4 out of 5 stars')
[2024-08-20T04:48:18.135+0000] {sql.py:518} INFO - Rows affected: 1
[2024-08-20T04:48:18.152+0000] {base.py:84} INFO - Retrieving connection 'books_connection'
[2024-08-20T04:48:18.159+0000] {sql.py:509} INFO - Running statement: 
    INSERT INTO books (title, authors, price, rating)
    VALUES (%s, %s, %s, %s)
    , parameters: ('Mastering Large Datasets with Python: Parallelize and Distribute Your Python Code', 'John T. Wolohan', '49.', '3.9 out of 5 stars')
[2024-08-20T04:48:18.162+0000] {sql.py:518} INFO - Rows affected: 1
[2024-08-20T04:48:18.172+0000] {base.py:84} INFO - Retrieving connection 'books_connection'
[2024-08-20T04:48:18.177+0000] {sql.py:509} INFO - Running statement: 
    INSERT INTO books (title, authors, price, rating)
    VALUES (%s, %s, %s, %s)
    , parameters: ('DATA ENGINEERING AND AI FOR BEGINNERS: Revolutionizing Data Processing and Analytics by Leveraging Artificial Intelligence for Efficient Input Collection, Storage, and Transformation (World of AI)', 'Paperback', '13.', '4.4 out of 5 stars')
[2024-08-20T04:48:18.179+0000] {sql.py:518} INFO - Rows affected: 1
[2024-08-20T04:48:18.190+0000] {base.py:84} INFO - Retrieving connection 'books_connection'
[2024-08-20T04:48:18.194+0000] {sql.py:509} INFO - Running statement: 
    INSERT INTO books (title, authors, price, rating)
    VALUES (%s, %s, %s, %s)
    , parameters: ('Data Engineering with Apache Spark, Delta Lake, and Lakehouse: Create scalable pipelines that ingest, curate, and aggregate complex data in a timely and secure way', 'Manoj Kukreja', '29.', '3.9 out of 5 stars')
[2024-08-20T04:48:18.196+0000] {sql.py:518} INFO - Rows affected: 1
[2024-08-20T04:48:18.206+0000] {base.py:84} INFO - Retrieving connection 'books_connection'
[2024-08-20T04:48:18.211+0000] {sql.py:509} INFO - Running statement: 
    INSERT INTO books (title, authors, price, rating)
    VALUES (%s, %s, %s, %s)
    , parameters: ('Data Mesh: Delivering Data-Driven Value at Scale', 'Zhamak Dehghani', '43.', '4.5 out of 5 stars')
[2024-08-20T04:48:18.212+0000] {sql.py:518} INFO - Rows affected: 1
[2024-08-20T04:48:18.222+0000] {base.py:84} INFO - Retrieving connection 'books_connection'
[2024-08-20T04:48:18.226+0000] {sql.py:509} INFO - Running statement: 
    INSERT INTO books (title, authors, price, rating)
    VALUES (%s, %s, %s, %s)
    , parameters: ('Machine Learning Engineering', 'Andriy Burkov', '39.', '4.7 out of 5 stars')
[2024-08-20T04:48:18.229+0000] {sql.py:518} INFO - Rows affected: 1
[2024-08-20T04:48:18.239+0000] {base.py:84} INFO - Retrieving connection 'books_connection'
[2024-08-20T04:48:18.245+0000] {sql.py:509} INFO - Running statement: 
    INSERT INTO books (title, authors, price, rating)
    VALUES (%s, %s, %s, %s)
    , parameters: ('Data Engineering with Alteryx: Helping data engineers apply DataOps practices with Alteryx', 'Paul Houghton', '44.', '4.3 out of 5 stars')
[2024-08-20T04:48:18.247+0000] {sql.py:518} INFO - Rows affected: 1
[2024-08-20T04:48:18.256+0000] {base.py:84} INFO - Retrieving connection 'books_connection'
[2024-08-20T04:48:18.261+0000] {sql.py:509} INFO - Running statement: 
    INSERT INTO books (title, authors, price, rating)
    VALUES (%s, %s, %s, %s)
    , parameters: ('The Enterprise Data Catalog: Improve Data Discovery, Ensure Data Governance, and Enable Innovation', 'Ole Olesen-Bagneux', '31.', '4.5 out of 5 stars')
[2024-08-20T04:48:18.262+0000] {sql.py:518} INFO - Rows affected: 1
[2024-08-20T04:48:18.271+0000] {base.py:84} INFO - Retrieving connection 'books_connection'
[2024-08-20T04:48:18.275+0000] {sql.py:509} INFO - Running statement: 
    INSERT INTO books (title, authors, price, rating)
    VALUES (%s, %s, %s, %s)
    , parameters: ('Data Engineering with Databricks', 'Paperback', '25.', '3.4 out of 5 stars')
[2024-08-20T04:48:18.277+0000] {sql.py:518} INFO - Rows affected: 1
[2024-08-20T04:48:18.286+0000] {base.py:84} INFO - Retrieving connection 'books_connection'
[2024-08-20T04:48:18.290+0000] {sql.py:509} INFO - Running statement: 
    INSERT INTO books (title, authors, price, rating)
    VALUES (%s, %s, %s, %s)
    , parameters: ('Ace the Data Science Interview: 201 Real Interview Questions Asked By FAANG, Tech Startups, & Wall Street', 'Nick Singh', '42.', '4.5 out of 5 stars')
[2024-08-20T04:48:18.292+0000] {sql.py:518} INFO - Rows affected: 1
[2024-08-20T04:48:18.302+0000] {base.py:84} INFO - Retrieving connection 'books_connection'
[2024-08-20T04:48:18.306+0000] {sql.py:509} INFO - Running statement: 
    INSERT INTO books (title, authors, price, rating)
    VALUES (%s, %s, %s, %s)
    , parameters: ('Modern Data Engineering with Apache Spark: A Hands-On Guide for Building Mission-Critical Streaming Applications', 'Scott Haines', '30.', '4.1 out of 5 stars')
[2024-08-20T04:48:18.307+0000] {sql.py:518} INFO - Rows affected: 1
[2024-08-20T04:48:18.316+0000] {base.py:84} INFO - Retrieving connection 'books_connection'
[2024-08-20T04:48:18.320+0000] {sql.py:509} INFO - Running statement: 
    INSERT INTO books (title, authors, price, rating)
    VALUES (%s, %s, %s, %s)
    , parameters: ('Data Modeling with Snowflake: A practical guide to accelerating Snowflake development using universal data modeling techniques', 'Serge Gershkovich', '36.', '4.8 out of 5 stars')
[2024-08-20T04:48:18.322+0000] {sql.py:518} INFO - Rows affected: 1
[2024-08-20T04:48:18.330+0000] {base.py:84} INFO - Retrieving connection 'books_connection'
[2024-08-20T04:48:18.334+0000] {sql.py:509} INFO - Running statement: 
    INSERT INTO books (title, authors, price, rating)
    VALUES (%s, %s, %s, %s)
    , parameters: ('Storytelling with Data: A Data Visualization Guide for Business Professionals', 'Cole Nussbaumer Knaflic', '27.', '4.6 out of 5 stars')
[2024-08-20T04:48:18.335+0000] {sql.py:518} INFO - Rows affected: 1
[2024-08-20T04:48:18.344+0000] {base.py:84} INFO - Retrieving connection 'books_connection'
[2024-08-20T04:48:18.349+0000] {sql.py:509} INFO - Running statement: 
    INSERT INTO books (title, authors, price, rating)
    VALUES (%s, %s, %s, %s)
    , parameters: ('97 Things Every Data Engineer Should Know: Collective Wisdom from the Experts', 'Audible Audiobook', '0.', '4.1 out of 5 stars')
[2024-08-20T04:48:18.350+0000] {sql.py:518} INFO - Rows affected: 1
[2024-08-20T04:48:18.359+0000] {base.py:84} INFO - Retrieving connection 'books_connection'
[2024-08-20T04:48:18.364+0000] {sql.py:509} INFO - Running statement: 
    INSERT INTO books (title, authors, price, rating)
    VALUES (%s, %s, %s, %s)
    , parameters: ("Data Quality Fundamentals: A Practitioner's Guide to Building Trustworthy Data Pipelines", 'Paperback', '45.', '4.1 out of 5 stars')
[2024-08-20T04:48:18.365+0000] {sql.py:518} INFO - Rows affected: 1
[2024-08-20T04:48:18.376+0000] {base.py:84} INFO - Retrieving connection 'books_connection'
[2024-08-20T04:48:18.380+0000] {sql.py:509} INFO - Running statement: 
    INSERT INTO books (title, authors, price, rating)
    VALUES (%s, %s, %s, %s)
    , parameters: ('Data Engineering with Google Cloud Platform: A practical guide to operationalizing scalable data analytics systems on GCP', 'Adi Wijaya', '41.', '4.7 out of 5 stars')
[2024-08-20T04:48:18.382+0000] {sql.py:518} INFO - Rows affected: 1
[2024-08-20T04:48:18.391+0000] {base.py:84} INFO - Retrieving connection 'books_connection'
[2024-08-20T04:48:18.395+0000] {sql.py:509} INFO - Running statement: 
    INSERT INTO books (title, authors, price, rating)
    VALUES (%s, %s, %s, %s)
    , parameters: ('Fundamentals of Data Analytics: Learn Essential Skills, Embrace the Future, and Catapult Your Career in the Data-Driven World—A Comprehensive Guide to Data Literacy for Beginners', 'Russell Dawson', '16.', '4.8 out of 5 stars')
[2024-08-20T04:48:18.396+0000] {sql.py:518} INFO - Rows affected: 1
[2024-08-20T04:48:18.405+0000] {base.py:84} INFO - Retrieving connection 'books_connection'
[2024-08-20T04:48:18.409+0000] {sql.py:509} INFO - Running statement: 
    INSERT INTO books (title, authors, price, rating)
    VALUES (%s, %s, %s, %s)
    , parameters: ('Prompt Engineering for Generative AI: Future-Proof Inputs for Reliable AI Outputs', 'James Phoenix', '57.', '4.4 out of 5 stars')
[2024-08-20T04:48:18.411+0000] {sql.py:518} INFO - Rows affected: 1
[2024-08-20T04:48:18.420+0000] {base.py:84} INFO - Retrieving connection 'books_connection'
[2024-08-20T04:48:18.424+0000] {sql.py:509} INFO - Running statement: 
    INSERT INTO books (title, authors, price, rating)
    VALUES (%s, %s, %s, %s)
    , parameters: ('Analytics Engineering with SQL and dbt: Building Meaningful Data Models at Scale', 'Rui Pedro Machado', '41.', '3.8 out of 5 stars')
[2024-08-20T04:48:18.426+0000] {sql.py:518} INFO - Rows affected: 1
[2024-08-20T04:48:18.435+0000] {base.py:84} INFO - Retrieving connection 'books_connection'
[2024-08-20T04:48:18.441+0000] {sql.py:509} INFO - Running statement: 
    INSERT INTO books (title, authors, price, rating)
    VALUES (%s, %s, %s, %s)
    , parameters: ('Python Programming and SQL: 5 books in 1 - The #1 Coding Course from Beginner to Advanced. Learn it Well & Fast (2024) (Computer Programming)', 'Paperback', '32.', '4.3 out of 5 stars')
[2024-08-20T04:48:18.443+0000] {sql.py:518} INFO - Rows affected: 1
[2024-08-20T04:48:18.453+0000] {base.py:84} INFO - Retrieving connection 'books_connection'
[2024-08-20T04:48:18.458+0000] {sql.py:509} INFO - Running statement: 
    INSERT INTO books (title, authors, price, rating)
    VALUES (%s, %s, %s, %s)
    , parameters: ('Data Observability for Data Engineering: Proactive strategies for ensuring data accuracy and addressing broken data pipelines', 'Michele Pinto', '18.', '3.7 out of 5 stars')
[2024-08-20T04:48:18.460+0000] {sql.py:518} INFO - Rows affected: 1
[2024-08-20T04:48:18.469+0000] {base.py:84} INFO - Retrieving connection 'books_connection'
[2024-08-20T04:48:18.473+0000] {sql.py:509} INFO - Running statement: 
    INSERT INTO books (title, authors, price, rating)
    VALUES (%s, %s, %s, %s)
    , parameters: ("Ultimate Data Engineering with Databricks: Develop Scalable Data Pipelines Using Data Engineering's Core Tenets Such as Delta Tables, Ingestion, ... Security, and Scalability (English Edition)", 'Mayank Malhotra', '37.', '3.8 out of 5 stars')
[2024-08-20T04:48:18.475+0000] {sql.py:518} INFO - Rows affected: 1
[2024-08-20T04:48:18.484+0000] {base.py:84} INFO - Retrieving connection 'books_connection'
[2024-08-20T04:48:18.488+0000] {sql.py:509} INFO - Running statement: 
    INSERT INTO books (title, authors, price, rating)
    VALUES (%s, %s, %s, %s)
    , parameters: ('The Data Warehouse Toolkit: The Definitive Guide to Dimensional Modeling', 'Paperback', '47.', '4.7 out of 5 stars')
[2024-08-20T04:48:18.490+0000] {sql.py:518} INFO - Rows affected: 1
[2024-08-20T04:48:18.498+0000] {base.py:84} INFO - Retrieving connection 'books_connection'
[2024-08-20T04:48:18.503+0000] {sql.py:509} INFO - Running statement: 
    INSERT INTO books (title, authors, price, rating)
    VALUES (%s, %s, %s, %s)
    , parameters: ('Official Google Cloud Certified Professional Data Engineer Study Guide', 'Dan Sullivan', '33.', '4.5 out of 5 stars')
[2024-08-20T04:48:18.504+0000] {sql.py:518} INFO - Rows affected: 1
[2024-08-20T04:48:18.513+0000] {base.py:84} INFO - Retrieving connection 'books_connection'
[2024-08-20T04:48:18.517+0000] {sql.py:509} INFO - Running statement: 
    INSERT INTO books (title, authors, price, rating)
    VALUES (%s, %s, %s, %s)
    , parameters: ('Concepts of Generative AI and Data Engineering: Vital Concepts in Data Engineering and the World of Generative AI', 'Kindle', '29.', '5.0 out of 5 stars')
[2024-08-20T04:48:18.519+0000] {sql.py:518} INFO - Rows affected: 1
[2024-08-20T04:48:18.533+0000] {base.py:84} INFO - Retrieving connection 'books_connection'
[2024-08-20T04:48:18.538+0000] {sql.py:509} INFO - Running statement: 
    INSERT INTO books (title, authors, price, rating)
    VALUES (%s, %s, %s, %s)
    , parameters: ('Data Privacy: A runbook for engineers', 'Nishant Bhajaria', '32.', '4.8 out of 5 stars')
[2024-08-20T04:48:18.540+0000] {sql.py:518} INFO - Rows affected: 1
[2024-08-20T04:48:18.549+0000] {base.py:84} INFO - Retrieving connection 'books_connection'
[2024-08-20T04:48:18.554+0000] {sql.py:509} INFO - Running statement: 
    INSERT INTO books (title, authors, price, rating)
    VALUES (%s, %s, %s, %s)
    , parameters: ('Data Engineering and Data Science for Babies: Activity Workbook Part 1', 'Paperback', '9.', '4.1 out of 5 stars')
[2024-08-20T04:48:18.556+0000] {sql.py:518} INFO - Rows affected: 1
[2024-08-20T04:48:18.564+0000] {base.py:84} INFO - Retrieving connection 'books_connection'
[2024-08-20T04:48:18.568+0000] {sql.py:509} INFO - Running statement: 
    INSERT INTO books (title, authors, price, rating)
    VALUES (%s, %s, %s, %s)
    , parameters: ('Data Analytics, Data Visualization & Communicating Data: 3 books in 1: Learn the Processes of Data Analytics and Data Science, Create Engaging Data Visualizations, and Present Data Effectively', 'Audible Audiobook', '0.', '4.5 out of 5 stars')
[2024-08-20T04:48:18.570+0000] {sql.py:518} INFO - Rows affected: 1
[2024-08-20T04:48:18.580+0000] {base.py:84} INFO - Retrieving connection 'books_connection'
[2024-08-20T04:48:18.584+0000] {sql.py:509} INFO - Running statement: 
    INSERT INTO books (title, authors, price, rating)
    VALUES (%s, %s, %s, %s)
    , parameters: ('Learning Spark: Lightning-Fast Data Analytics', 'Jules S. Damji', '43.', '4.7 out of 5 stars')
[2024-08-20T04:48:18.586+0000] {sql.py:518} INFO - Rows affected: 1
[2024-08-20T04:48:18.595+0000] {base.py:84} INFO - Retrieving connection 'books_connection'
[2024-08-20T04:48:18.599+0000] {sql.py:509} INFO - Running statement: 
    INSERT INTO books (title, authors, price, rating)
    VALUES (%s, %s, %s, %s)
    , parameters: ('Fundamentals of Data Engineering: Efficiency, Insight, Impact: Transforming Data into Value through Expert Engineering Practices', 'Joseph Achakji', '0.', '4.6 out of 5 stars')
[2024-08-20T04:48:18.600+0000] {sql.py:518} INFO - Rows affected: 1
[2024-08-20T04:48:18.608+0000] {base.py:84} INFO - Retrieving connection 'books_connection'
[2024-08-20T04:48:18.612+0000] {sql.py:509} INFO - Running statement: 
    INSERT INTO books (title, authors, price, rating)
    VALUES (%s, %s, %s, %s)
    , parameters: ('Data Stewardship: An Actionable Guide to Effective Data Management and Data Governance', 'Paperback', '46.', '4.7 out of 5 stars')
[2024-08-20T04:48:18.614+0000] {sql.py:518} INFO - Rows affected: 1
[2024-08-20T04:48:18.622+0000] {base.py:84} INFO - Retrieving connection 'books_connection'
[2024-08-20T04:48:18.625+0000] {sql.py:509} INFO - Running statement: 
    INSERT INTO books (title, authors, price, rating)
    VALUES (%s, %s, %s, %s)
    , parameters: ("SQL QuickStart Guide: The Simplified Beginner's Guide to Managing, Analyzing, and Manipulating Data With SQL (Coding & Programming - QuickStart Guides)", 'Paperback', '18.', '4.6 out of 5 stars')
[2024-08-20T04:48:18.628+0000] {sql.py:518} INFO - Rows affected: 1
[2024-08-20T04:48:18.636+0000] {base.py:84} INFO - Retrieving connection 'books_connection'
[2024-08-20T04:48:18.640+0000] {sql.py:509} INFO - Running statement: 
    INSERT INTO books (title, authors, price, rating)
    VALUES (%s, %s, %s, %s)
    , parameters: ('Database Internals: A Deep Dive into How Distributed Data Systems Work', 'Alex Petrov', '36.', '4.6 out of 5 stars')
[2024-08-20T04:48:18.641+0000] {sql.py:518} INFO - Rows affected: 1
[2024-08-20T04:48:18.650+0000] {base.py:84} INFO - Retrieving connection 'books_connection'
[2024-08-20T04:48:18.654+0000] {sql.py:509} INFO - Running statement: 
    INSERT INTO books (title, authors, price, rating)
    VALUES (%s, %s, %s, %s)
    , parameters: ('Electrical engineering without prior knowledge: Understand the basics within 7 days (Become an Engineer Without Prior Knowledge)', 'Paperback', '17.', '4.4 out of 5 stars')
[2024-08-20T04:48:18.656+0000] {sql.py:518} INFO - Rows affected: 1
[2024-08-20T04:48:18.657+0000] {python.py:240} INFO - Done. Returned value was: None
[2024-08-20T04:48:18.670+0000] {taskinstance.py:340} INFO - ::group::Post task execution logs
[2024-08-20T04:48:18.671+0000] {taskinstance.py:352} INFO - Marking task as SUCCESS. dag_id=fetch_and_store_DE_books, task_id=insert_book_data, run_id=scheduled__2024-06-25T00:00:00+00:00, execution_date=20240625T000000, start_date=20240820T044817, end_date=20240820T044818
[2024-08-20T04:48:18.685+0000] {logging_mixin.py:190} INFO - Task instance in success state
[2024-08-20T04:48:18.686+0000] {logging_mixin.py:190} INFO -  Previous state of the Task instance: running
[2024-08-20T04:48:18.686+0000] {logging_mixin.py:190} INFO - Dag name:fetch_and_store_DE_books queued_at:2024-08-20 04:41:43.228675+00:00
[2024-08-20T04:48:18.687+0000] {logging_mixin.py:190} INFO - Task hostname:668944ed7238 operator:PythonOperator
[2024-08-20T04:48:18.720+0000] {local_task_job_runner.py:261} INFO - Task exited with return code 0
[2024-08-20T04:48:18.737+0000] {taskinstance.py:3891} INFO - 0 downstream tasks scheduled from follow-on schedule check
[2024-08-20T04:48:18.741+0000] {local_task_job_runner.py:240} INFO - ::endgroup::
