[2024-08-20T04:45:48.667+0000] {local_task_job_runner.py:123} INFO - ::group::Pre task execution logs
[2024-08-20T04:45:48.689+0000] {taskinstance.py:2603} INFO - Dependencies all met for dep_context=non-requeueable deps ti=<TaskInstance: fetch_and_store_DE_books.insert_book_data scheduled__2024-07-31T00:00:00+00:00 [queued]>
[2024-08-20T04:45:48.699+0000] {taskinstance.py:2603} INFO - Dependencies all met for dep_context=requeueable deps ti=<TaskInstance: fetch_and_store_DE_books.insert_book_data scheduled__2024-07-31T00:00:00+00:00 [queued]>
[2024-08-20T04:45:48.700+0000] {taskinstance.py:2856} INFO - Starting attempt 1 of 2
[2024-08-20T04:45:48.718+0000] {taskinstance.py:2879} INFO - Executing <Task(PythonOperator): insert_book_data> on 2024-07-31 00:00:00+00:00
[2024-08-20T04:45:48.728+0000] {warnings.py:112} WARNING - /home/***/.local/lib/python3.12/site-packages/***/task/task_runner/standard_task_runner.py:70: DeprecationWarning: This process (pid=1139) is multi-threaded, use of fork() may lead to deadlocks in the child.
  pid = os.fork()

[2024-08-20T04:45:48.730+0000] {standard_task_runner.py:72} INFO - Started process 1143 to run task
[2024-08-20T04:45:48.730+0000] {standard_task_runner.py:104} INFO - Running: ['***', 'tasks', 'run', 'fetch_and_store_DE_books', 'insert_book_data', 'scheduled__2024-07-31T00:00:00+00:00', '--job-id', '97', '--raw', '--subdir', 'DAGS_FOLDER/app.py', '--cfg-path', '/tmp/tmpdy4me9el']
[2024-08-20T04:45:48.731+0000] {standard_task_runner.py:105} INFO - Job 97: Subtask insert_book_data
[2024-08-20T04:45:48.817+0000] {task_command.py:467} INFO - Running <TaskInstance: fetch_and_store_DE_books.insert_book_data scheduled__2024-07-31T00:00:00+00:00 [running]> on host 668944ed7238
[2024-08-20T04:45:48.940+0000] {taskinstance.py:3122} INFO - Exporting env vars: AIRFLOW_CTX_DAG_OWNER='***' AIRFLOW_CTX_DAG_ID='fetch_and_store_DE_books' AIRFLOW_CTX_TASK_ID='insert_book_data' AIRFLOW_CTX_EXECUTION_DATE='2024-07-31T00:00:00+00:00' AIRFLOW_CTX_TRY_NUMBER='1' AIRFLOW_CTX_DAG_RUN_ID='scheduled__2024-07-31T00:00:00+00:00'
[2024-08-20T04:45:48.942+0000] {logging_mixin.py:190} INFO - Task instance is in running state
[2024-08-20T04:45:48.942+0000] {logging_mixin.py:190} INFO -  Previous state of the Task instance: queued
[2024-08-20T04:45:48.943+0000] {logging_mixin.py:190} INFO - Current task name:insert_book_data state:running start_date:2024-08-20 04:45:48.690523+00:00
[2024-08-20T04:45:48.943+0000] {logging_mixin.py:190} INFO - Dag name:fetch_and_store_DE_books and current dag run status:running
[2024-08-20T04:45:48.944+0000] {taskinstance.py:731} INFO - ::endgroup::
[2024-08-20T04:45:48.967+0000] {base.py:84} INFO - Retrieving connection 'books_connection'
[2024-08-20T04:45:48.972+0000] {sql.py:509} INFO - Running statement: 
    INSERT INTO books (title, authors, price, rating)
    VALUES (%s, %s, %s, %s)
    , parameters: ('Ace the Data Engineering Interview: Questions and Answers for Python, SQL, Data Modeling and More', 'Sean Coyne', '24.', '4.1 out of 5 stars')
[2024-08-20T04:45:48.974+0000] {sql.py:518} INFO - Rows affected: 1
[2024-08-20T04:45:48.982+0000] {base.py:84} INFO - Retrieving connection 'books_connection'
[2024-08-20T04:45:48.986+0000] {sql.py:509} INFO - Running statement: 
    INSERT INTO books (title, authors, price, rating)
    VALUES (%s, %s, %s, %s)
    , parameters: ('Data Engineering with AWS - Second Edition: Acquire the skills to design and build AWS-based data transformation pipelines like a pro', 'Gareth Eagar', '41.', '4.4 out of 5 stars')
[2024-08-20T04:45:48.988+0000] {sql.py:518} INFO - Rows affected: 1
[2024-08-20T04:45:48.997+0000] {base.py:84} INFO - Retrieving connection 'books_connection'
[2024-08-20T04:45:49.002+0000] {sql.py:509} INFO - Running statement: 
    INSERT INTO books (title, authors, price, rating)
    VALUES (%s, %s, %s, %s)
    , parameters: ('Data Engineering 101', 'Paperback', '22.', '5.0 out of 5 stars')
[2024-08-20T04:45:49.007+0000] {sql.py:518} INFO - Rows affected: 1
[2024-08-20T04:45:49.016+0000] {base.py:84} INFO - Retrieving connection 'books_connection'
[2024-08-20T04:45:49.021+0000] {sql.py:509} INFO - Running statement: 
    INSERT INTO books (title, authors, price, rating)
    VALUES (%s, %s, %s, %s)
    , parameters: ('Azure Data Engineer Associate Certification Guide: Ace the DP-203 exam with advanced data engineering skills', 'Giacinto Palmieri', '39.', '4.5 out of 5 stars')
[2024-08-20T04:45:49.023+0000] {sql.py:518} INFO - Rows affected: 1
[2024-08-20T04:45:49.031+0000] {base.py:84} INFO - Retrieving connection 'books_connection'
[2024-08-20T04:45:49.034+0000] {sql.py:509} INFO - Running statement: 
    INSERT INTO books (title, authors, price, rating)
    VALUES (%s, %s, %s, %s)
    , parameters: ('Fundamentals of Data Engineering: Plan and Build Robust Data Systems', 'Joe Reis', '38.', '4.7 out of 5 stars')
[2024-08-20T04:45:49.036+0000] {sql.py:518} INFO - Rows affected: 1
[2024-08-20T04:45:49.045+0000] {base.py:84} INFO - Retrieving connection 'books_connection'
[2024-08-20T04:45:49.050+0000] {sql.py:509} INFO - Running statement: 
    INSERT INTO books (title, authors, price, rating)
    VALUES (%s, %s, %s, %s)
    , parameters: ('Data Pipelines Pocket Reference: Moving and Processing Data for Analytics', 'James Densmore', '17.', '4.5 out of 5 stars')
[2024-08-20T04:45:49.051+0000] {sql.py:518} INFO - Rows affected: 1
[2024-08-20T04:45:49.060+0000] {base.py:84} INFO - Retrieving connection 'books_connection'
[2024-08-20T04:45:49.064+0000] {sql.py:509} INFO - Running statement: 
    INSERT INTO books (title, authors, price, rating)
    VALUES (%s, %s, %s, %s)
    , parameters: ('Designing Data-Intensive Applications: The Big Ideas Behind Reliable, Scalable, and Maintainable Systems', 'Martin Kleppmann', '35.', '4.8 out of 5 stars')
[2024-08-20T04:45:49.066+0000] {sql.py:518} INFO - Rows affected: 1
[2024-08-20T04:45:49.075+0000] {base.py:84} INFO - Retrieving connection 'books_connection'
[2024-08-20T04:45:49.078+0000] {sql.py:509} INFO - Running statement: 
    INSERT INTO books (title, authors, price, rating)
    VALUES (%s, %s, %s, %s)
    , parameters: ("Azure Data Factory Cookbook - Second Edition: A data engineer's guide to building and managing ETL and ELT pipelines with data integration", 'Dmitry Foshin', '51.', '4.4 out of 5 stars')
[2024-08-20T04:45:49.080+0000] {sql.py:518} INFO - Rows affected: 1
[2024-08-20T04:45:49.089+0000] {base.py:84} INFO - Retrieving connection 'books_connection'
[2024-08-20T04:45:49.093+0000] {sql.py:509} INFO - Running statement: 
    INSERT INTO books (title, authors, price, rating)
    VALUES (%s, %s, %s, %s)
    , parameters: ('Data Analysis with Python and PySpark', 'Jonathan Rioux', '55.', '4.4 out of 5 stars')
[2024-08-20T04:45:49.095+0000] {sql.py:518} INFO - Rows affected: 1
[2024-08-20T04:45:49.103+0000] {base.py:84} INFO - Retrieving connection 'books_connection'
[2024-08-20T04:45:49.107+0000] {sql.py:509} INFO - Running statement: 
    INSERT INTO books (title, authors, price, rating)
    VALUES (%s, %s, %s, %s)
    , parameters: ('Data Engineering with dbt: A practical guide to building a cloud-based, pragmatic, and dependable data platform with SQL', 'Roberto Zagni', '37.', '4.6 out of 5 stars')
[2024-08-20T04:45:49.109+0000] {sql.py:518} INFO - Rows affected: 1
[2024-08-20T04:45:49.117+0000] {base.py:84} INFO - Retrieving connection 'books_connection'
[2024-08-20T04:45:49.122+0000] {sql.py:509} INFO - Running statement: 
    INSERT INTO books (title, authors, price, rating)
    VALUES (%s, %s, %s, %s)
    , parameters: ('Data Engineering with Python: Work with massive datasets to design data models and automate data pipelines using Python', 'Paul Crickard', '37.', '4.1 out of 5 stars')
[2024-08-20T04:45:49.123+0000] {sql.py:518} INFO - Rows affected: 1
[2024-08-20T04:45:49.132+0000] {base.py:84} INFO - Retrieving connection 'books_connection'
[2024-08-20T04:45:49.136+0000] {sql.py:509} INFO - Running statement: 
    INSERT INTO books (title, authors, price, rating)
    VALUES (%s, %s, %s, %s)
    , parameters: ('Data Engineering with Python cookbook: Learn to build efficient data pipelines using the Modern Cloud Data Stack', 'Adithyan Ramanujakootam', '29.', '5.0 out of 5 stars')
[2024-08-20T04:45:49.138+0000] {sql.py:518} INFO - Rows affected: 1
[2024-08-20T04:45:49.146+0000] {base.py:84} INFO - Retrieving connection 'books_connection'
[2024-08-20T04:45:49.150+0000] {sql.py:509} INFO - Running statement: 
    INSERT INTO books (title, authors, price, rating)
    VALUES (%s, %s, %s, %s)
    , parameters: ('Cracking the Data Engineering Interview: Land your dream job with the help of resume-building tips, over 100 mock questions, and a unique portfolio', 'Kedeisha Bryan', '26.', '4.4 out of 5 stars')
[2024-08-20T04:45:49.152+0000] {sql.py:518} INFO - Rows affected: 1
[2024-08-20T04:45:49.162+0000] {base.py:84} INFO - Retrieving connection 'books_connection'
[2024-08-20T04:45:49.165+0000] {sql.py:509} INFO - Running statement: 
    INSERT INTO books (title, authors, price, rating)
    VALUES (%s, %s, %s, %s)
    , parameters: ('Data Engineering with AWS: Learn how to design and build cloud-based data transformation pipelines using AWS', 'Gareth Eagar', '49.', '4.4 out of 5 stars')
[2024-08-20T04:45:49.167+0000] {sql.py:518} INFO - Rows affected: 1
[2024-08-20T04:45:49.175+0000] {base.py:84} INFO - Retrieving connection 'books_connection'
[2024-08-20T04:45:49.179+0000] {sql.py:509} INFO - Running statement: 
    INSERT INTO books (title, authors, price, rating)
    VALUES (%s, %s, %s, %s)
    , parameters: ("Data: Principles To Practice - Volume 1 'Foundations': Essential Foundations: Key Concepts behind Data Architecture, Engineering and Analysis for Professionals", 'Mr Alex Holloway', '11.', '4.7 out of 5 stars')
[2024-08-20T04:45:49.181+0000] {sql.py:518} INFO - Rows affected: 1
[2024-08-20T04:45:49.190+0000] {base.py:84} INFO - Retrieving connection 'books_connection'
[2024-08-20T04:45:49.194+0000] {sql.py:509} INFO - Running statement: 
    INSERT INTO books (title, authors, price, rating)
    VALUES (%s, %s, %s, %s)
    , parameters: ('Software Engineering for Data Scientists: From Notebooks to Scalable Systems', 'Catherine Nelson', '52.', '4.5 out of 5 stars')
[2024-08-20T04:45:49.195+0000] {sql.py:518} INFO - Rows affected: 1
[2024-08-20T04:45:49.204+0000] {base.py:84} INFO - Retrieving connection 'books_connection'
[2024-08-20T04:45:49.208+0000] {sql.py:509} INFO - Running statement: 
    INSERT INTO books (title, authors, price, rating)
    VALUES (%s, %s, %s, %s)
    , parameters: ('Data Engineering with Google Cloud Platform: A guide to leveling up as a data engineer by building a scalable data platform with Google Cloud', 'Adi Wijaya', '41.', '5.0 out of 5 stars')
[2024-08-20T04:45:49.210+0000] {sql.py:518} INFO - Rows affected: 1
[2024-08-20T04:45:49.218+0000] {base.py:84} INFO - Retrieving connection 'books_connection'
[2024-08-20T04:45:49.222+0000] {sql.py:509} INFO - Running statement: 
    INSERT INTO books (title, authors, price, rating)
    VALUES (%s, %s, %s, %s)
    , parameters: ('Data Engineering with Databricks Cookbook: Build effective data and AI solutions using Apache Spark, Databricks, and Delta Lake', 'Pulkit Chadha', '42.', '4.2 out of 5 stars')
[2024-08-20T04:45:49.224+0000] {sql.py:518} INFO - Rows affected: 1
[2024-08-20T04:45:49.233+0000] {base.py:84} INFO - Retrieving connection 'books_connection'
[2024-08-20T04:45:49.238+0000] {sql.py:509} INFO - Running statement: 
    INSERT INTO books (title, authors, price, rating)
    VALUES (%s, %s, %s, %s)
    , parameters: ('Driving Data Quality with Data Contracts: A comprehensive guide to building reliable, trusted, and effective data platforms', 'Andrew Jones', '28.', '4.6 out of 5 stars')
[2024-08-20T04:45:49.240+0000] {sql.py:518} INFO - Rows affected: 1
[2024-08-20T04:45:49.248+0000] {base.py:84} INFO - Retrieving connection 'books_connection'
[2024-08-20T04:45:49.252+0000] {sql.py:509} INFO - Running statement: 
    INSERT INTO books (title, authors, price, rating)
    VALUES (%s, %s, %s, %s)
    , parameters: ('Data Engineering Fundamentals for Beginners: Mastering the Art of Building, Managing, and Scaling Data Systems', 'Paperback', '14.', '5.0 out of 5 stars')
[2024-08-20T04:45:49.254+0000] {sql.py:518} INFO - Rows affected: 1
[2024-08-20T04:45:49.262+0000] {base.py:84} INFO - Retrieving connection 'books_connection'
[2024-08-20T04:45:49.266+0000] {sql.py:509} INFO - Running statement: 
    INSERT INTO books (title, authors, price, rating)
    VALUES (%s, %s, %s, %s)
    , parameters: ('Expert Data Modeling with Power BI - Second Edition: Enrich and optimize your data models to get the best out of Power BI for reporting and business needs', 'Soheil Bakhshi', '47.', '4.8 out of 5 stars')
[2024-08-20T04:45:49.268+0000] {sql.py:518} INFO - Rows affected: 1
[2024-08-20T04:45:49.278+0000] {base.py:84} INFO - Retrieving connection 'books_connection'
[2024-08-20T04:45:49.281+0000] {sql.py:509} INFO - Running statement: 
    INSERT INTO books (title, authors, price, rating)
    VALUES (%s, %s, %s, %s)
    , parameters: ('Data-Driven Science and Engineering: Machine Learning, Dynamical Systems, and Control', 'Steven L. Brunton', '64.', '4.7 out of 5 stars')
[2024-08-20T04:45:49.283+0000] {sql.py:518} INFO - Rows affected: 1
[2024-08-20T04:45:49.291+0000] {base.py:84} INFO - Retrieving connection 'books_connection'
[2024-08-20T04:45:49.295+0000] {sql.py:509} INFO - Running statement: 
    INSERT INTO books (title, authors, price, rating)
    VALUES (%s, %s, %s, %s)
    , parameters: ('DATA ENGINEERING AND AI FOR BEGINNERS: Revolutionizing Data Processing and Analytics by Leveraging Artificial Intelligence for Efficient Input Collection, Storage, and Transformation (World of AI)', 'Paperback', '13.', '4.4 out of 5 stars')
[2024-08-20T04:45:49.297+0000] {sql.py:518} INFO - Rows affected: 1
[2024-08-20T04:45:49.305+0000] {base.py:84} INFO - Retrieving connection 'books_connection'
[2024-08-20T04:45:49.308+0000] {sql.py:509} INFO - Running statement: 
    INSERT INTO books (title, authors, price, rating)
    VALUES (%s, %s, %s, %s)
    , parameters: ("Ultimate Data Engineering with Databricks: Develop Scalable Data Pipelines Using Data Engineering's Core Tenets Such as Delta Tables, Ingestion, ... Security, and Scalability (English Edition)", 'Mayank Malhotra', '37.', '3.8 out of 5 stars')
[2024-08-20T04:45:49.310+0000] {sql.py:518} INFO - Rows affected: 1
[2024-08-20T04:45:49.318+0000] {base.py:84} INFO - Retrieving connection 'books_connection'
[2024-08-20T04:45:49.322+0000] {sql.py:509} INFO - Running statement: 
    INSERT INTO books (title, authors, price, rating)
    VALUES (%s, %s, %s, %s)
    , parameters: ('Designing Cloud Data Platforms', 'Danil Zburivsky', '51.', '4.7 out of 5 stars')
[2024-08-20T04:45:49.324+0000] {sql.py:518} INFO - Rows affected: 1
[2024-08-20T04:45:49.332+0000] {base.py:84} INFO - Retrieving connection 'books_connection'
[2024-08-20T04:45:49.336+0000] {sql.py:509} INFO - Running statement: 
    INSERT INTO books (title, authors, price, rating)
    VALUES (%s, %s, %s, %s)
    , parameters: ('Data Mesh: Delivering Data-Driven Value at Scale', 'Zhamak Dehghani', '43.', '4.5 out of 5 stars')
[2024-08-20T04:45:49.338+0000] {sql.py:518} INFO - Rows affected: 1
[2024-08-20T04:45:49.347+0000] {base.py:84} INFO - Retrieving connection 'books_connection'
[2024-08-20T04:45:49.351+0000] {sql.py:509} INFO - Running statement: 
    INSERT INTO books (title, authors, price, rating)
    VALUES (%s, %s, %s, %s)
    , parameters: ('Data Engineering with Apache Spark, Delta Lake, and Lakehouse: Create scalable pipelines that ingest, curate, and aggregate complex data in a timely and secure way', 'Manoj Kukreja', '29.', '3.9 out of 5 stars')
[2024-08-20T04:45:49.353+0000] {sql.py:518} INFO - Rows affected: 1
[2024-08-20T04:45:49.361+0000] {base.py:84} INFO - Retrieving connection 'books_connection'
[2024-08-20T04:45:49.365+0000] {sql.py:509} INFO - Running statement: 
    INSERT INTO books (title, authors, price, rating)
    VALUES (%s, %s, %s, %s)
    , parameters: ('Machine Learning Engineering', 'Andriy Burkov', '39.', '4.7 out of 5 stars')
[2024-08-20T04:45:49.367+0000] {sql.py:518} INFO - Rows affected: 1
[2024-08-20T04:45:49.377+0000] {base.py:84} INFO - Retrieving connection 'books_connection'
[2024-08-20T04:45:49.381+0000] {sql.py:509} INFO - Running statement: 
    INSERT INTO books (title, authors, price, rating)
    VALUES (%s, %s, %s, %s)
    , parameters: ('The Enterprise Data Catalog: Improve Data Discovery, Ensure Data Governance, and Enable Innovation', 'Ole Olesen-Bagneux', '31.', '4.5 out of 5 stars')
[2024-08-20T04:45:49.382+0000] {sql.py:518} INFO - Rows affected: 1
[2024-08-20T04:45:49.396+0000] {base.py:84} INFO - Retrieving connection 'books_connection'
[2024-08-20T04:45:49.400+0000] {sql.py:509} INFO - Running statement: 
    INSERT INTO books (title, authors, price, rating)
    VALUES (%s, %s, %s, %s)
    , parameters: ('Data Engineering with Databricks', 'Paperback', '25.', '3.4 out of 5 stars')
[2024-08-20T04:45:49.402+0000] {sql.py:518} INFO - Rows affected: 1
[2024-08-20T04:45:49.410+0000] {base.py:84} INFO - Retrieving connection 'books_connection'
[2024-08-20T04:45:49.414+0000] {sql.py:509} INFO - Running statement: 
    INSERT INTO books (title, authors, price, rating)
    VALUES (%s, %s, %s, %s)
    , parameters: ('Ace the Data Science Interview: 201 Real Interview Questions Asked By FAANG, Tech Startups, & Wall Street', 'Nick Singh', '42.', '4.5 out of 5 stars')
[2024-08-20T04:45:49.416+0000] {sql.py:518} INFO - Rows affected: 1
[2024-08-20T04:45:49.424+0000] {base.py:84} INFO - Retrieving connection 'books_connection'
[2024-08-20T04:45:49.428+0000] {sql.py:509} INFO - Running statement: 
    INSERT INTO books (title, authors, price, rating)
    VALUES (%s, %s, %s, %s)
    , parameters: ('Modern Data Engineering with Apache Spark: A Hands-On Guide for Building Mission-Critical Streaming Applications', 'Scott Haines', '30.', '4.1 out of 5 stars')
[2024-08-20T04:45:49.429+0000] {sql.py:518} INFO - Rows affected: 1
[2024-08-20T04:45:49.438+0000] {base.py:84} INFO - Retrieving connection 'books_connection'
[2024-08-20T04:45:49.442+0000] {sql.py:509} INFO - Running statement: 
    INSERT INTO books (title, authors, price, rating)
    VALUES (%s, %s, %s, %s)
    , parameters: ('Data Modeling with Snowflake: A practical guide to accelerating Snowflake development using universal data modeling techniques', 'Serge Gershkovich', '36.', '4.8 out of 5 stars')
[2024-08-20T04:45:49.444+0000] {sql.py:518} INFO - Rows affected: 1
[2024-08-20T04:45:49.452+0000] {base.py:84} INFO - Retrieving connection 'books_connection'
[2024-08-20T04:45:49.456+0000] {sql.py:509} INFO - Running statement: 
    INSERT INTO books (title, authors, price, rating)
    VALUES (%s, %s, %s, %s)
    , parameters: ('Storytelling with Data: A Data Visualization Guide for Business Professionals', 'Cole Nussbaumer Knaflic', '27.', '4.6 out of 5 stars')
[2024-08-20T04:45:49.458+0000] {sql.py:518} INFO - Rows affected: 1
[2024-08-20T04:45:49.466+0000] {base.py:84} INFO - Retrieving connection 'books_connection'
[2024-08-20T04:45:49.470+0000] {sql.py:509} INFO - Running statement: 
    INSERT INTO books (title, authors, price, rating)
    VALUES (%s, %s, %s, %s)
    , parameters: ('97 Things Every Data Engineer Should Know: Collective Wisdom from the Experts', 'Audible Audiobook', '0.', '4.1 out of 5 stars')
[2024-08-20T04:45:49.472+0000] {sql.py:518} INFO - Rows affected: 1
[2024-08-20T04:45:49.481+0000] {base.py:84} INFO - Retrieving connection 'books_connection'
[2024-08-20T04:45:49.485+0000] {sql.py:509} INFO - Running statement: 
    INSERT INTO books (title, authors, price, rating)
    VALUES (%s, %s, %s, %s)
    , parameters: ("Data Quality Fundamentals: A Practitioner's Guide to Building Trustworthy Data Pipelines", 'Paperback', '45.', '4.1 out of 5 stars')
[2024-08-20T04:45:49.487+0000] {sql.py:518} INFO - Rows affected: 1
[2024-08-20T04:45:49.495+0000] {base.py:84} INFO - Retrieving connection 'books_connection'
[2024-08-20T04:45:49.498+0000] {sql.py:509} INFO - Running statement: 
    INSERT INTO books (title, authors, price, rating)
    VALUES (%s, %s, %s, %s)
    , parameters: ('Fundamentals of Data Analytics: Learn Essential Skills, Embrace the Future, and Catapult Your Career in the Data-Driven World—A Comprehensive Guide to Data Literacy for Beginners', 'Russell Dawson', '16.', '4.8 out of 5 stars')
[2024-08-20T04:45:49.500+0000] {sql.py:518} INFO - Rows affected: 1
[2024-08-20T04:45:49.508+0000] {base.py:84} INFO - Retrieving connection 'books_connection'
[2024-08-20T04:45:49.512+0000] {sql.py:509} INFO - Running statement: 
    INSERT INTO books (title, authors, price, rating)
    VALUES (%s, %s, %s, %s)
    , parameters: ('Data Engineering with Google Cloud Platform: A practical guide to operationalizing scalable data analytics systems on GCP', 'Adi Wijaya', '41.', '4.7 out of 5 stars')
[2024-08-20T04:45:49.514+0000] {sql.py:518} INFO - Rows affected: 1
[2024-08-20T04:45:49.523+0000] {base.py:84} INFO - Retrieving connection 'books_connection'
[2024-08-20T04:45:49.528+0000] {sql.py:509} INFO - Running statement: 
    INSERT INTO books (title, authors, price, rating)
    VALUES (%s, %s, %s, %s)
    , parameters: ('Prompt Engineering for Generative AI: Future-Proof Inputs for Reliable AI Outputs', 'James Phoenix', '57.', '4.4 out of 5 stars')
[2024-08-20T04:45:49.529+0000] {sql.py:518} INFO - Rows affected: 1
[2024-08-20T04:45:49.538+0000] {base.py:84} INFO - Retrieving connection 'books_connection'
[2024-08-20T04:45:49.542+0000] {sql.py:509} INFO - Running statement: 
    INSERT INTO books (title, authors, price, rating)
    VALUES (%s, %s, %s, %s)
    , parameters: ('Python Programming and SQL: 5 books in 1 - The #1 Coding Course from Beginner to Advanced. Learn it Well & Fast (2024) (Computer Programming)', 'Paperback', '32.', '4.3 out of 5 stars')
[2024-08-20T04:45:49.544+0000] {sql.py:518} INFO - Rows affected: 1
[2024-08-20T04:45:49.552+0000] {base.py:84} INFO - Retrieving connection 'books_connection'
[2024-08-20T04:45:49.556+0000] {sql.py:509} INFO - Running statement: 
    INSERT INTO books (title, authors, price, rating)
    VALUES (%s, %s, %s, %s)
    , parameters: ('Analytics Engineering with SQL and dbt: Building Meaningful Data Models at Scale', 'Rui Pedro Machado', '41.', '3.8 out of 5 stars')
[2024-08-20T04:45:49.558+0000] {sql.py:518} INFO - Rows affected: 1
[2024-08-20T04:45:49.566+0000] {base.py:84} INFO - Retrieving connection 'books_connection'
[2024-08-20T04:45:49.569+0000] {sql.py:509} INFO - Running statement: 
    INSERT INTO books (title, authors, price, rating)
    VALUES (%s, %s, %s, %s)
    , parameters: ('Data Observability for Data Engineering: Proactive strategies for ensuring data accuracy and addressing broken data pipelines', 'Michele Pinto', '18.', '3.7 out of 5 stars')
[2024-08-20T04:45:49.572+0000] {sql.py:518} INFO - Rows affected: 1
[2024-08-20T04:45:49.580+0000] {base.py:84} INFO - Retrieving connection 'books_connection'
[2024-08-20T04:45:49.584+0000] {sql.py:509} INFO - Running statement: 
    INSERT INTO books (title, authors, price, rating)
    VALUES (%s, %s, %s, %s)
    , parameters: ('The Data Warehouse Toolkit: The Definitive Guide to Dimensional Modeling', 'Paperback', '47.', '4.7 out of 5 stars')
[2024-08-20T04:45:49.586+0000] {sql.py:518} INFO - Rows affected: 1
[2024-08-20T04:45:49.595+0000] {base.py:84} INFO - Retrieving connection 'books_connection'
[2024-08-20T04:45:49.599+0000] {sql.py:509} INFO - Running statement: 
    INSERT INTO books (title, authors, price, rating)
    VALUES (%s, %s, %s, %s)
    , parameters: ('Concepts of Generative AI and Data Engineering: Vital Concepts in Data Engineering and the World of Generative AI', 'Kindle', '29.', '5.0 out of 5 stars')
[2024-08-20T04:45:49.600+0000] {sql.py:518} INFO - Rows affected: 1
[2024-08-20T04:45:49.609+0000] {base.py:84} INFO - Retrieving connection 'books_connection'
[2024-08-20T04:45:49.613+0000] {sql.py:509} INFO - Running statement: 
    INSERT INTO books (title, authors, price, rating)
    VALUES (%s, %s, %s, %s)
    , parameters: ('Official Google Cloud Certified Professional Data Engineer Study Guide', 'Dan Sullivan', '33.', '4.5 out of 5 stars')
[2024-08-20T04:45:49.614+0000] {sql.py:518} INFO - Rows affected: 1
[2024-08-20T04:45:49.623+0000] {base.py:84} INFO - Retrieving connection 'books_connection'
[2024-08-20T04:45:49.626+0000] {sql.py:509} INFO - Running statement: 
    INSERT INTO books (title, authors, price, rating)
    VALUES (%s, %s, %s, %s)
    , parameters: ('Data Privacy: A runbook for engineers', 'Nishant Bhajaria', '32.', '4.8 out of 5 stars')
[2024-08-20T04:45:49.628+0000] {sql.py:518} INFO - Rows affected: 1
[2024-08-20T04:45:49.635+0000] {base.py:84} INFO - Retrieving connection 'books_connection'
[2024-08-20T04:45:49.639+0000] {sql.py:509} INFO - Running statement: 
    INSERT INTO books (title, authors, price, rating)
    VALUES (%s, %s, %s, %s)
    , parameters: ('Data Analytics, Data Visualization & Communicating Data: 3 books in 1: Learn the Processes of Data Analytics and Data Science, Create Engaging Data Visualizations, and Present Data Effectively', 'Audible Audiobook', '0.', '4.5 out of 5 stars')
[2024-08-20T04:45:49.641+0000] {sql.py:518} INFO - Rows affected: 1
[2024-08-20T04:45:49.650+0000] {base.py:84} INFO - Retrieving connection 'books_connection'
[2024-08-20T04:45:49.654+0000] {sql.py:509} INFO - Running statement: 
    INSERT INTO books (title, authors, price, rating)
    VALUES (%s, %s, %s, %s)
    , parameters: ('Data Engineering and Data Science for Babies: Activity Workbook Part 1', 'Paperback', '9.', '4.1 out of 5 stars')
[2024-08-20T04:45:49.656+0000] {sql.py:518} INFO - Rows affected: 1
[2024-08-20T04:45:49.664+0000] {base.py:84} INFO - Retrieving connection 'books_connection'
[2024-08-20T04:45:49.668+0000] {sql.py:509} INFO - Running statement: 
    INSERT INTO books (title, authors, price, rating)
    VALUES (%s, %s, %s, %s)
    , parameters: ('Fundamentals of Data Engineering: Efficiency, Insight, Impact: Transforming Data into Value through Expert Engineering Practices', 'Joseph Achakji', '0.', '4.6 out of 5 stars')
[2024-08-20T04:45:49.670+0000] {sql.py:518} INFO - Rows affected: 1
[2024-08-20T04:45:49.678+0000] {base.py:84} INFO - Retrieving connection 'books_connection'
[2024-08-20T04:45:49.683+0000] {sql.py:509} INFO - Running statement: 
    INSERT INTO books (title, authors, price, rating)
    VALUES (%s, %s, %s, %s)
    , parameters: ('Learning Spark: Lightning-Fast Data Analytics', 'Jules S. Damji', '43.', '4.7 out of 5 stars')
[2024-08-20T04:45:49.684+0000] {sql.py:518} INFO - Rows affected: 1
[2024-08-20T04:45:49.692+0000] {base.py:84} INFO - Retrieving connection 'books_connection'
[2024-08-20T04:45:49.696+0000] {sql.py:509} INFO - Running statement: 
    INSERT INTO books (title, authors, price, rating)
    VALUES (%s, %s, %s, %s)
    , parameters: ("SQL QuickStart Guide: The Simplified Beginner's Guide to Managing, Analyzing, and Manipulating Data With SQL (Coding & Programming - QuickStart Guides)", 'Paperback', '18.', '4.6 out of 5 stars')
[2024-08-20T04:45:49.698+0000] {sql.py:518} INFO - Rows affected: 1
[2024-08-20T04:45:49.705+0000] {base.py:84} INFO - Retrieving connection 'books_connection'
[2024-08-20T04:45:49.709+0000] {sql.py:509} INFO - Running statement: 
    INSERT INTO books (title, authors, price, rating)
    VALUES (%s, %s, %s, %s)
    , parameters: ('Electrical engineering without prior knowledge: Understand the basics within 7 days (Become an Engineer Without Prior Knowledge)', 'Paperback', '17.', '4.4 out of 5 stars')
[2024-08-20T04:45:49.711+0000] {sql.py:518} INFO - Rows affected: 1
[2024-08-20T04:45:49.719+0000] {base.py:84} INFO - Retrieving connection 'books_connection'
[2024-08-20T04:45:49.723+0000] {sql.py:509} INFO - Running statement: 
    INSERT INTO books (title, authors, price, rating)
    VALUES (%s, %s, %s, %s)
    , parameters: ('Azure Data Engineering Cookbook - Second Edition: Get well versed in various data engineering techniques in Azure using this recipe-based guide', 'Nagaraj Venkatesan', '51.', '3.5 out of 5 stars')
[2024-08-20T04:45:49.725+0000] {sql.py:518} INFO - Rows affected: 1
[2024-08-20T04:45:49.735+0000] {base.py:84} INFO - Retrieving connection 'books_connection'
[2024-08-20T04:45:49.739+0000] {sql.py:509} INFO - Running statement: 
    INSERT INTO books (title, authors, price, rating)
    VALUES (%s, %s, %s, %s)
    , parameters: ('Systems Engineering Demystified - Second Edition: Apply modern, model-based systems engineering techniques to build complex systems', 'Jon Holt', '45.', '4.7 out of 5 stars')
[2024-08-20T04:45:49.741+0000] {sql.py:518} INFO - Rows affected: 1
[2024-08-20T04:45:49.751+0000] {base.py:84} INFO - Retrieving connection 'books_connection'
[2024-08-20T04:45:49.756+0000] {sql.py:509} INFO - Running statement: 
    INSERT INTO books (title, authors, price, rating)
    VALUES (%s, %s, %s, %s)
    , parameters: ('Modern Java in Action: Lambdas, streams, functional and reactive programming', 'Paperback', '52.', '4.5 out of 5 stars')
[2024-08-20T04:45:49.758+0000] {sql.py:518} INFO - Rows affected: 1
[2024-08-20T04:45:49.767+0000] {base.py:84} INFO - Retrieving connection 'books_connection'
[2024-08-20T04:45:49.771+0000] {sql.py:509} INFO - Running statement: 
    INSERT INTO books (title, authors, price, rating)
    VALUES (%s, %s, %s, %s)
    , parameters: ('Python Feature Engineering Cookbook: Over 70 recipes for creating, engineering, and transforming features to build machine learning models, 2nd Edition', 'Soledad Galli', '44.', '4.4 out of 5 stars')
[2024-08-20T04:45:49.773+0000] {sql.py:518} INFO - Rows affected: 1
[2024-08-20T04:45:49.784+0000] {base.py:84} INFO - Retrieving connection 'books_connection'
[2024-08-20T04:45:49.788+0000] {sql.py:509} INFO - Running statement: 
    INSERT INTO books (title, authors, price, rating)
    VALUES (%s, %s, %s, %s)
    , parameters: ('Database Internals: A Deep Dive into How Distributed Data Systems Work', 'Alex Petrov', '36.', '4.6 out of 5 stars')
[2024-08-20T04:45:49.790+0000] {sql.py:518} INFO - Rows affected: 1
[2024-08-20T04:45:49.800+0000] {base.py:84} INFO - Retrieving connection 'books_connection'
[2024-08-20T04:45:49.805+0000] {sql.py:509} INFO - Running statement: 
    INSERT INTO books (title, authors, price, rating)
    VALUES (%s, %s, %s, %s)
    , parameters: ('Machine Learning Engineering with Python - Second Edition: Manage the lifecycle of machine learning models using MLOps with practical examples', 'Andrew McMahon', '32.', '4.7 out of 5 stars')
[2024-08-20T04:45:49.807+0000] {sql.py:518} INFO - Rows affected: 1
[2024-08-20T04:45:49.816+0000] {base.py:84} INFO - Retrieving connection 'books_connection'
[2024-08-20T04:45:49.821+0000] {sql.py:509} INFO - Running statement: 
    INSERT INTO books (title, authors, price, rating)
    VALUES (%s, %s, %s, %s)
    , parameters: ('Engineers Survival Guide: Advice, tactics, and tricks After a decade of working at Facebook, Snapchat, and Microsoft', 'Merih Taze', '29.', '4.4 out of 5 stars')
[2024-08-20T04:45:49.824+0000] {sql.py:518} INFO - Rows affected: 1
[2024-08-20T04:45:49.833+0000] {base.py:84} INFO - Retrieving connection 'books_connection'
[2024-08-20T04:45:49.837+0000] {sql.py:509} INFO - Running statement: 
    INSERT INTO books (title, authors, price, rating)
    VALUES (%s, %s, %s, %s)
    , parameters: ('Data Science (The MIT Press Essential Knowledge series)', 'Paperback', '10.', '4.4 out of 5 stars')
[2024-08-20T04:45:49.840+0000] {sql.py:518} INFO - Rows affected: 1
[2024-08-20T04:45:49.849+0000] {base.py:84} INFO - Retrieving connection 'books_connection'
[2024-08-20T04:45:49.854+0000] {sql.py:509} INFO - Running statement: 
    INSERT INTO books (title, authors, price, rating)
    VALUES (%s, %s, %s, %s)
    , parameters: ('How Data Happened: A History from the Age of Reason to the Age of Algorithms', 'Chris Wiggins', '16.', '4.2 out of 5 stars')
[2024-08-20T04:45:49.856+0000] {sql.py:518} INFO - Rows affected: 1
[2024-08-20T04:45:49.865+0000] {base.py:84} INFO - Retrieving connection 'books_connection'
[2024-08-20T04:45:49.869+0000] {sql.py:509} INFO - Running statement: 
    INSERT INTO books (title, authors, price, rating)
    VALUES (%s, %s, %s, %s)
    , parameters: ("System Design Interview – An insider's guide", 'Alex Xu', '37.', '4.6 out of 5 stars')
[2024-08-20T04:45:49.871+0000] {sql.py:518} INFO - Rows affected: 1
[2024-08-20T04:45:49.881+0000] {base.py:84} INFO - Retrieving connection 'books_connection'
[2024-08-20T04:45:49.886+0000] {sql.py:509} INFO - Running statement: 
    INSERT INTO books (title, authors, price, rating)
    VALUES (%s, %s, %s, %s)
    , parameters: ('Data Engineering with Scala and Spark: A practical guide helping you build streaming and batch pipelines that process massive amounts of data using Scala', 'Eric Tome', '36.', '4.3 out of 5 stars')
[2024-08-20T04:45:49.889+0000] {sql.py:518} INFO - Rows affected: 1
[2024-08-20T04:45:49.897+0000] {base.py:84} INFO - Retrieving connection 'books_connection'
[2024-08-20T04:45:49.902+0000] {sql.py:509} INFO - Running statement: 
    INSERT INTO books (title, authors, price, rating)
    VALUES (%s, %s, %s, %s)
    , parameters: ('Azure Data Engineer Associate Certification Guide: A hands-on reference guide to developing your data engineering skills and preparing for the DP-203 exam', 'Newton Alex', '54.', '3.9 out of 5 stars')
[2024-08-20T04:45:49.903+0000] {sql.py:518} INFO - Rows affected: 1
[2024-08-20T04:45:49.914+0000] {base.py:84} INFO - Retrieving connection 'books_connection'
[2024-08-20T04:45:49.918+0000] {sql.py:509} INFO - Running statement: 
    INSERT INTO books (title, authors, price, rating)
    VALUES (%s, %s, %s, %s)
    , parameters: ('Mastering the Data Paradox: Key to Winning in the AI Age', 'Nitin Seth', '18.', '4.8 out of 5 stars')
[2024-08-20T04:45:49.920+0000] {sql.py:518} INFO - Rows affected: 1
[2024-08-20T04:45:49.932+0000] {base.py:84} INFO - Retrieving connection 'books_connection'
[2024-08-20T04:45:49.936+0000] {sql.py:509} INFO - Running statement: 
    INSERT INTO books (title, authors, price, rating)
    VALUES (%s, %s, %s, %s)
    , parameters: ('Data Science on AWS: Implementing End-to-End, Continuous AI and Machine Learning Pipelines', 'Chris Fregly', '11.', '4.5 out of 5 stars')
[2024-08-20T04:45:49.939+0000] {sql.py:518} INFO - Rows affected: 1
[2024-08-20T04:45:49.967+0000] {base.py:84} INFO - Retrieving connection 'books_connection'
[2024-08-20T04:45:49.975+0000] {sql.py:509} INFO - Running statement: 
    INSERT INTO books (title, authors, price, rating)
    VALUES (%s, %s, %s, %s)
    , parameters: ("Applied Machine Learning and AI for Engineers: Solve Business Problems That Can't Be Solved Algorithmically", 'Jeff Prosise', '55.', '4.5 out of 5 stars')
[2024-08-20T04:45:49.976+0000] {sql.py:518} INFO - Rows affected: 1
[2024-08-20T04:45:49.985+0000] {base.py:84} INFO - Retrieving connection 'books_connection'
[2024-08-20T04:45:49.990+0000] {sql.py:509} INFO - Running statement: 
    INSERT INTO books (title, authors, price, rating)
    VALUES (%s, %s, %s, %s)
    , parameters: ('Feature Engineering for Machine Learning: Principles and Techniques for Data Scientists', 'Alice Zheng', '41.', '4.4 out of 5 stars')
[2024-08-20T04:45:49.992+0000] {sql.py:518} INFO - Rows affected: 1
[2024-08-20T04:45:50.003+0000] {base.py:84} INFO - Retrieving connection 'books_connection'
[2024-08-20T04:45:50.006+0000] {sql.py:509} INFO - Running statement: 
    INSERT INTO books (title, authors, price, rating)
    VALUES (%s, %s, %s, %s)
    , parameters: ('Better Data Visualizations: A Guide for Scholars, Researchers, and Wonks', 'Jonathan Schwabish', '26.', '4.5 out of 5 stars')
[2024-08-20T04:45:50.008+0000] {sql.py:518} INFO - Rows affected: 1
[2024-08-20T04:45:50.016+0000] {base.py:84} INFO - Retrieving connection 'books_connection'
[2024-08-20T04:45:50.020+0000] {sql.py:509} INFO - Running statement: 
    INSERT INTO books (title, authors, price, rating)
    VALUES (%s, %s, %s, %s)
    , parameters: ('SQL Data Analytics Made Easy: Your Step-by-Step Guide to Unlocking Data’s Hidden Secrets: Demystify complex concepts, and harness the power of data to drive intelligent decision-making effortlessly.', 'L.D. Knowings', '14.', '4.1 out of 5 stars')
[2024-08-20T04:45:50.022+0000] {sql.py:518} INFO - Rows affected: 1
[2024-08-20T04:45:50.029+0000] {base.py:84} INFO - Retrieving connection 'books_connection'
[2024-08-20T04:45:50.033+0000] {sql.py:509} INFO - Running statement: 
    INSERT INTO books (title, authors, price, rating)
    VALUES (%s, %s, %s, %s)
    , parameters: ('The Art of Doing Science and Engineering: Learning to Learn', 'Richard W. Hamming', '19.', '4.6 out of 5 stars')
[2024-08-20T04:45:50.034+0000] {sql.py:518} INFO - Rows affected: 1
[2024-08-20T04:45:50.043+0000] {base.py:84} INFO - Retrieving connection 'books_connection'
[2024-08-20T04:45:50.046+0000] {sql.py:509} INFO - Running statement: 
    INSERT INTO books (title, authors, price, rating)
    VALUES (%s, %s, %s, %s)
    , parameters: ('A Common-Sense Guide to Data Structures and Algorithms, Second Edition: Level Up Your Core Programming Skills', 'Jay Wengrow', '39.', '4.7 out of 5 stars')
[2024-08-20T04:45:50.048+0000] {sql.py:518} INFO - Rows affected: 1
[2024-08-20T04:45:50.056+0000] {base.py:84} INFO - Retrieving connection 'books_connection'
[2024-08-20T04:45:50.059+0000] {sql.py:509} INFO - Running statement: 
    INSERT INTO books (title, authors, price, rating)
    VALUES (%s, %s, %s, %s)
    , parameters: ('Fundamentals of Data Visualization: A Primer on Making Informative and Compelling Figures', 'Claus Wilke', '49.', '4.6 out of 5 stars')
[2024-08-20T04:45:50.061+0000] {sql.py:518} INFO - Rows affected: 1
[2024-08-20T04:45:50.069+0000] {base.py:84} INFO - Retrieving connection 'books_connection'
[2024-08-20T04:45:50.074+0000] {sql.py:509} INFO - Running statement: 
    INSERT INTO books (title, authors, price, rating)
    VALUES (%s, %s, %s, %s)
    , parameters: ('Hypothesis Testing: An Intuitive Guide for Making Data Driven Decisions', 'Jim Frost', '23.', '4.5 out of 5 stars')
[2024-08-20T04:45:50.075+0000] {sql.py:518} INFO - Rows affected: 1
[2024-08-20T04:45:50.083+0000] {base.py:84} INFO - Retrieving connection 'books_connection'
[2024-08-20T04:45:50.087+0000] {sql.py:509} INFO - Running statement: 
    INSERT INTO books (title, authors, price, rating)
    VALUES (%s, %s, %s, %s)
    , parameters: ('Modeling and Simulation in Python: An Introduction for Scientists and Engineers', 'Allen B. Downey', '32.', '4.5 out of 5 stars')
[2024-08-20T04:45:50.088+0000] {sql.py:518} INFO - Rows affected: 1
[2024-08-20T04:45:50.096+0000] {base.py:84} INFO - Retrieving connection 'books_connection'
[2024-08-20T04:45:50.100+0000] {sql.py:509} INFO - Running statement: 
    INSERT INTO books (title, authors, price, rating)
    VALUES (%s, %s, %s, %s)
    , parameters: ('The Data Governance Guidebook and Playbook: By a Practitioner for Practitioners', 'Paperback', '25.', '4.3 out of 5 stars')
[2024-08-20T04:45:50.101+0000] {sql.py:518} INFO - Rows affected: 1
[2024-08-20T04:45:50.110+0000] {base.py:84} INFO - Retrieving connection 'books_connection'
[2024-08-20T04:45:50.114+0000] {sql.py:509} INFO - Running statement: 
    INSERT INTO books (title, authors, price, rating)
    VALUES (%s, %s, %s, %s)
    , parameters: ('AWS Certified Data Analytics Study Guide: Specialty (DAS-C01) Exam', 'Asif Abbasi', '31.', '4.6 out of 5 stars')
[2024-08-20T04:45:50.116+0000] {sql.py:518} INFO - Rows affected: 1
[2024-08-20T04:45:50.124+0000] {base.py:84} INFO - Retrieving connection 'books_connection'
[2024-08-20T04:45:50.128+0000] {sql.py:509} INFO - Running statement: 
    INSERT INTO books (title, authors, price, rating)
    VALUES (%s, %s, %s, %s)
    , parameters: ('50 Algorithms Every Programmer Should Know - Second Edition: An unbeatable arsenal of algorithmic solutions for real-world problems', 'Imran Ahmad', '37.', '4.4 out of 5 stars')
[2024-08-20T04:45:50.129+0000] {sql.py:518} INFO - Rows affected: 1
[2024-08-20T04:45:50.138+0000] {base.py:84} INFO - Retrieving connection 'books_connection'
[2024-08-20T04:45:50.142+0000] {sql.py:509} INFO - Running statement: 
    INSERT INTO books (title, authors, price, rating)
    VALUES (%s, %s, %s, %s)
    , parameters: ('Technology is Dead', 'Paperback', '23.', '5.0 out of 5 stars')
[2024-08-20T04:45:50.143+0000] {sql.py:518} INFO - Rows affected: 1
[2024-08-20T04:45:50.151+0000] {base.py:84} INFO - Retrieving connection 'books_connection'
[2024-08-20T04:45:50.155+0000] {sql.py:509} INFO - Running statement: 
    INSERT INTO books (title, authors, price, rating)
    VALUES (%s, %s, %s, %s)
    , parameters: ('Data Science: The Hard Parts: Techniques for Excelling at Data Science', 'Daniel Vaughan', '48.', '5.0 out of 5 stars')
[2024-08-20T04:45:50.157+0000] {sql.py:518} INFO - Rows affected: 1
[2024-08-20T04:45:50.165+0000] {base.py:84} INFO - Retrieving connection 'books_connection'
[2024-08-20T04:45:50.168+0000] {sql.py:509} INFO - Running statement: 
    INSERT INTO books (title, authors, price, rating)
    VALUES (%s, %s, %s, %s)
    , parameters: ('Data Management at Scale: Modern Data Architecture with Data Mesh and Data Fabric', 'Piethein Strengholt', '47.', '4.5 out of 5 stars')
[2024-08-20T04:45:50.170+0000] {sql.py:518} INFO - Rows affected: 1
[2024-08-20T04:45:50.177+0000] {base.py:84} INFO - Retrieving connection 'books_connection'
[2024-08-20T04:45:50.181+0000] {sql.py:509} INFO - Running statement: 
    INSERT INTO books (title, authors, price, rating)
    VALUES (%s, %s, %s, %s)
    , parameters: ('Practical Fraud Prevention: Fraud and AML Analytics for Fintech and eCommerce, Using SQL and Python', 'Gilit Saporta', '47.', '4.4 out of 5 stars')
[2024-08-20T04:45:50.182+0000] {sql.py:518} INFO - Rows affected: 1
[2024-08-20T04:45:50.191+0000] {base.py:84} INFO - Retrieving connection 'books_connection'
[2024-08-20T04:45:50.195+0000] {sql.py:509} INFO - Running statement: 
    INSERT INTO books (title, authors, price, rating)
    VALUES (%s, %s, %s, %s)
    , parameters: ('Data Quality Engineering in Financial Services: Applying Manufacturing Techniques to Data', 'Brian Buzzelli', '30.', '4.4 out of 5 stars')
[2024-08-20T04:45:50.197+0000] {sql.py:518} INFO - Rows affected: 1
[2024-08-20T04:45:50.206+0000] {base.py:84} INFO - Retrieving connection 'books_connection'
[2024-08-20T04:45:50.209+0000] {sql.py:509} INFO - Running statement: 
    INSERT INTO books (title, authors, price, rating)
    VALUES (%s, %s, %s, %s)
    , parameters: ('Ultimate Azure Data Engineering: Build Robust Data Engineering Systems on Azure with SQL, ETL, Data Modeling, and Power BI for Business Insights and Crack Azure Certifications (English Edition)', 'Ashish Agarwal', '39.', '5.0 out of 5 stars')
[2024-08-20T04:45:50.211+0000] {sql.py:518} INFO - Rows affected: 1
[2024-08-20T04:45:50.220+0000] {base.py:84} INFO - Retrieving connection 'books_connection'
[2024-08-20T04:45:50.224+0000] {sql.py:509} INFO - Running statement: 
    INSERT INTO books (title, authors, price, rating)
    VALUES (%s, %s, %s, %s)
    , parameters: ('Data Structures and Algorithms: 100 Interview Questions (Advanced Topics in Programming Book 2)', 'Kindle', '9.', '5.0 out of 5 stars')
[2024-08-20T04:45:50.226+0000] {sql.py:518} INFO - Rows affected: 1
[2024-08-20T04:45:50.236+0000] {base.py:84} INFO - Retrieving connection 'books_connection'
[2024-08-20T04:45:50.240+0000] {sql.py:509} INFO - Running statement: 
    INSERT INTO books (title, authors, price, rating)
    VALUES (%s, %s, %s, %s)
    , parameters: ('Data-Centric Machine Learning with Python: The ultimate guide to engineering and deploying high-quality models based on good data', 'Jonas Christensen', '49.', '4.6 out of 5 stars')
[2024-08-20T04:45:50.242+0000] {sql.py:518} INFO - Rows affected: 1
[2024-08-20T04:45:50.250+0000] {base.py:84} INFO - Retrieving connection 'books_connection'
[2024-08-20T04:45:50.254+0000] {sql.py:509} INFO - Running statement: 
    INSERT INTO books (title, authors, price, rating)
    VALUES (%s, %s, %s, %s)
    , parameters: ('Architecting Data and Machine Learning Platforms: Enable Analytics and AI-Driven Innovation in the Cloud', 'Marco Tranquillin', '37.', '4.3 out of 5 stars')
[2024-08-20T04:45:50.255+0000] {sql.py:518} INFO - Rows affected: 1
[2024-08-20T04:45:50.263+0000] {base.py:84} INFO - Retrieving connection 'books_connection'
[2024-08-20T04:45:50.267+0000] {sql.py:509} INFO - Running statement: 
    INSERT INTO books (title, authors, price, rating)
    VALUES (%s, %s, %s, %s)
    , parameters: ('Killed by a Traffic Engineer: Shattering the Delusion that Science Underlies our Transportation System', 'Wes Marshall', '33.', '4.5 out of 5 stars')
[2024-08-20T04:45:50.269+0000] {sql.py:518} INFO - Rows affected: 1
[2024-08-20T04:45:50.277+0000] {base.py:84} INFO - Retrieving connection 'books_connection'
[2024-08-20T04:45:50.280+0000] {sql.py:509} INFO - Running statement: 
    INSERT INTO books (title, authors, price, rating)
    VALUES (%s, %s, %s, %s)
    , parameters: ('Python Data Engineering Resources: Boost Your Career With This Python Handbook; Prepare For Python Interview; Python Programming Cookbook For Beginners and Experienced; Python Data Analysis and More', 'Vajo Lukic', '9.', '4.8 out of 5 stars')
[2024-08-20T04:45:50.282+0000] {sql.py:518} INFO - Rows affected: 1
[2024-08-20T04:45:50.290+0000] {base.py:84} INFO - Retrieving connection 'books_connection'
[2024-08-20T04:45:50.294+0000] {sql.py:509} INFO - Running statement: 
    INSERT INTO books (title, authors, price, rating)
    VALUES (%s, %s, %s, %s)
    , parameters: ('Restricted Data: The History of Nuclear Secrecy in the United States', 'Alex Wellerstein', '2.', '4.7 out of 5 stars')
[2024-08-20T04:45:50.296+0000] {sql.py:518} INFO - Rows affected: 1
[2024-08-20T04:45:50.303+0000] {base.py:84} INFO - Retrieving connection 'books_connection'
[2024-08-20T04:45:50.307+0000] {sql.py:509} INFO - Running statement: 
    INSERT INTO books (title, authors, price, rating)
    VALUES (%s, %s, %s, %s)
    , parameters: ('Data Driven: Truckers, Technology, and the New Workplace Surveillance', 'Karen Levy', '21.', '4.3 out of 5 stars')
[2024-08-20T04:45:50.308+0000] {sql.py:518} INFO - Rows affected: 1
[2024-08-20T04:45:50.317+0000] {base.py:84} INFO - Retrieving connection 'books_connection'
[2024-08-20T04:45:50.321+0000] {sql.py:509} INFO - Running statement: 
    INSERT INTO books (title, authors, price, rating)
    VALUES (%s, %s, %s, %s)
    , parameters: ("Engineers' Practical Databook: A Technical Reference Guide for Students and Professionals", 'Jay Smith', '18.', '4.6 out of 5 stars')
[2024-08-20T04:45:50.323+0000] {sql.py:518} INFO - Rows affected: 1
[2024-08-20T04:45:50.330+0000] {base.py:84} INFO - Retrieving connection 'books_connection'
[2024-08-20T04:45:50.334+0000] {sql.py:509} INFO - Running statement: 
    INSERT INTO books (title, authors, price, rating)
    VALUES (%s, %s, %s, %s)
    , parameters: ('Grokking Algorithms', 'Audible Audiobook', '0.', '4.6 out of 5 stars')
[2024-08-20T04:45:50.336+0000] {sql.py:518} INFO - Rows affected: 1
[2024-08-20T04:45:50.344+0000] {base.py:84} INFO - Retrieving connection 'books_connection'
[2024-08-20T04:45:50.348+0000] {sql.py:509} INFO - Running statement: 
    INSERT INTO books (title, authors, price, rating)
    VALUES (%s, %s, %s, %s)
    , parameters: ('Understanding Cryptography: A Textbook for Students and Practitioners', 'Christof Paar', '29.', '4.6 out of 5 stars')
[2024-08-20T04:45:50.350+0000] {sql.py:518} INFO - Rows affected: 1
[2024-08-20T04:45:50.358+0000] {base.py:84} INFO - Retrieving connection 'books_connection'
[2024-08-20T04:45:50.362+0000] {sql.py:509} INFO - Running statement: 
    INSERT INTO books (title, authors, price, rating)
    VALUES (%s, %s, %s, %s)
    , parameters: ('Observability Engineering: Achieving Production Excellence', 'Charity Majors', '34.', '4.3 out of 5 stars')
[2024-08-20T04:45:50.364+0000] {sql.py:518} INFO - Rows affected: 1
[2024-08-20T04:45:50.372+0000] {base.py:84} INFO - Retrieving connection 'books_connection'
[2024-08-20T04:45:50.376+0000] {sql.py:509} INFO - Running statement: 
    INSERT INTO books (title, authors, price, rating)
    VALUES (%s, %s, %s, %s)
    , parameters: ('The Definitive Guide to Power Query (M): Mastering complex data transformation with Power Query', 'Gregory Deckler', '41.', '4.8 out of 5 stars')
[2024-08-20T04:45:50.377+0000] {sql.py:518} INFO - Rows affected: 1
[2024-08-20T04:45:50.385+0000] {base.py:84} INFO - Retrieving connection 'books_connection'
[2024-08-20T04:45:50.389+0000] {sql.py:509} INFO - Running statement: 
    INSERT INTO books (title, authors, price, rating)
    VALUES (%s, %s, %s, %s)
    , parameters: ('Practical Reverse Engineering: x86, x64, ARM, Windows Kernel, Reversing Tools, and Obfuscation', 'Bruce Dang', '34.', '4.6 out of 5 stars')
[2024-08-20T04:45:50.391+0000] {sql.py:518} INFO - Rows affected: 1
[2024-08-20T04:45:50.400+0000] {base.py:84} INFO - Retrieving connection 'books_connection'
[2024-08-20T04:45:50.403+0000] {sql.py:509} INFO - Running statement: 
    INSERT INTO books (title, authors, price, rating)
    VALUES (%s, %s, %s, %s)
    , parameters: ('Building ETL Pipelines with Python: Create and deploy enterprise-ready ETL pipelines by employing modern methods', 'Brij Kishore Pandey', '17.', '4.2 out of 5 stars')
[2024-08-20T04:45:50.405+0000] {sql.py:518} INFO - Rows affected: 1
[2024-08-20T04:45:50.414+0000] {base.py:84} INFO - Retrieving connection 'books_connection'
[2024-08-20T04:45:50.417+0000] {sql.py:509} INFO - Running statement: 
    INSERT INTO books (title, authors, price, rating)
    VALUES (%s, %s, %s, %s)
    , parameters: ('Mastering Databricks Lakehouse Platform: Perform Data Warehousing, Data Engineering, Machine Learning, DevOps, and BI into a Single Platform (English Edition)', 'Sagar Lad', '26.', '3.6 out of 5 stars')
[2024-08-20T04:45:50.419+0000] {sql.py:518} INFO - Rows affected: 1
[2024-08-20T04:45:50.427+0000] {base.py:84} INFO - Retrieving connection 'books_connection'
[2024-08-20T04:45:50.431+0000] {sql.py:509} INFO - Running statement: 
    INSERT INTO books (title, authors, price, rating)
    VALUES (%s, %s, %s, %s)
    , parameters: ('The Data Model Resource Book, Vol. 1: A Library of Universal Data Models for All Enterprises', 'Len Silverston', '63.', '4.3 out of 5 stars')
[2024-08-20T04:45:50.432+0000] {sql.py:518} INFO - Rows affected: 1
[2024-08-20T04:45:50.434+0000] {python.py:240} INFO - Done. Returned value was: None
[2024-08-20T04:45:50.444+0000] {taskinstance.py:340} INFO - ::group::Post task execution logs
[2024-08-20T04:45:50.445+0000] {taskinstance.py:352} INFO - Marking task as SUCCESS. dag_id=fetch_and_store_DE_books, task_id=insert_book_data, run_id=scheduled__2024-07-31T00:00:00+00:00, execution_date=20240731T000000, start_date=20240820T044548, end_date=20240820T044550
[2024-08-20T04:45:50.459+0000] {logging_mixin.py:190} INFO - Task instance in success state
[2024-08-20T04:45:50.460+0000] {logging_mixin.py:190} INFO -  Previous state of the Task instance: running
[2024-08-20T04:45:50.460+0000] {logging_mixin.py:190} INFO - Dag name:fetch_and_store_DE_books queued_at:2024-08-20 04:45:35.451604+00:00
[2024-08-20T04:45:50.461+0000] {logging_mixin.py:190} INFO - Task hostname:668944ed7238 operator:PythonOperator
[2024-08-20T04:45:50.471+0000] {local_task_job_runner.py:261} INFO - Task exited with return code 0
[2024-08-20T04:45:50.489+0000] {taskinstance.py:3891} INFO - 0 downstream tasks scheduled from follow-on schedule check
[2024-08-20T04:45:50.491+0000] {local_task_job_runner.py:240} INFO - ::endgroup::
