[2024-08-20T04:46:57.949+0000] {local_task_job_runner.py:123} INFO - ::group::Pre task execution logs
[2024-08-20T04:46:57.968+0000] {taskinstance.py:2603} INFO - Dependencies all met for dep_context=non-requeueable deps ti=<TaskInstance: fetch_and_store_DE_books.insert_book_data scheduled__2024-08-11T00:00:00+00:00 [queued]>
[2024-08-20T04:46:57.979+0000] {taskinstance.py:2603} INFO - Dependencies all met for dep_context=requeueable deps ti=<TaskInstance: fetch_and_store_DE_books.insert_book_data scheduled__2024-08-11T00:00:00+00:00 [queued]>
[2024-08-20T04:46:57.980+0000] {taskinstance.py:2856} INFO - Starting attempt 1 of 2
[2024-08-20T04:46:57.996+0000] {taskinstance.py:2879} INFO - Executing <Task(PythonOperator): insert_book_data> on 2024-08-11 00:00:00+00:00
[2024-08-20T04:46:58.005+0000] {warnings.py:112} WARNING - /home/***/.local/lib/python3.12/site-packages/***/task/task_runner/standard_task_runner.py:70: DeprecationWarning: This process (pid=1289) is multi-threaded, use of fork() may lead to deadlocks in the child.
  pid = os.fork()

[2024-08-20T04:46:58.007+0000] {standard_task_runner.py:72} INFO - Started process 1295 to run task
[2024-08-20T04:46:58.007+0000] {standard_task_runner.py:104} INFO - Running: ['***', 'tasks', 'run', 'fetch_and_store_DE_books', 'insert_book_data', 'scheduled__2024-08-11T00:00:00+00:00', '--job-id', '132', '--raw', '--subdir', 'DAGS_FOLDER/app.py', '--cfg-path', '/tmp/tmp45be52p7']
[2024-08-20T04:46:58.009+0000] {standard_task_runner.py:105} INFO - Job 132: Subtask insert_book_data
[2024-08-20T04:46:58.066+0000] {task_command.py:467} INFO - Running <TaskInstance: fetch_and_store_DE_books.insert_book_data scheduled__2024-08-11T00:00:00+00:00 [running]> on host 668944ed7238
[2024-08-20T04:46:58.170+0000] {taskinstance.py:3122} INFO - Exporting env vars: AIRFLOW_CTX_DAG_OWNER='***' AIRFLOW_CTX_DAG_ID='fetch_and_store_DE_books' AIRFLOW_CTX_TASK_ID='insert_book_data' AIRFLOW_CTX_EXECUTION_DATE='2024-08-11T00:00:00+00:00' AIRFLOW_CTX_TRY_NUMBER='1' AIRFLOW_CTX_DAG_RUN_ID='scheduled__2024-08-11T00:00:00+00:00'
[2024-08-20T04:46:58.173+0000] {logging_mixin.py:190} INFO - Task instance is in running state
[2024-08-20T04:46:58.174+0000] {logging_mixin.py:190} INFO -  Previous state of the Task instance: queued
[2024-08-20T04:46:58.174+0000] {logging_mixin.py:190} INFO - Current task name:insert_book_data state:running start_date:2024-08-20 04:46:57.969283+00:00
[2024-08-20T04:46:58.175+0000] {logging_mixin.py:190} INFO - Dag name:fetch_and_store_DE_books and current dag run status:running
[2024-08-20T04:46:58.176+0000] {taskinstance.py:731} INFO - ::endgroup::
[2024-08-20T04:46:58.199+0000] {base.py:84} INFO - Retrieving connection 'books_connection'
[2024-08-20T04:46:58.204+0000] {sql.py:509} INFO - Running statement: 
    INSERT INTO books (title, authors, price, rating)
    VALUES (%s, %s, %s, %s)
    , parameters: ('Ace the Data Engineering Interview: Questions and Answers for Python, SQL, Data Modeling and More', 'Sean Coyne', '24.', '4.1 out of 5 stars')
[2024-08-20T04:46:58.206+0000] {sql.py:518} INFO - Rows affected: 1
[2024-08-20T04:46:58.215+0000] {base.py:84} INFO - Retrieving connection 'books_connection'
[2024-08-20T04:46:58.220+0000] {sql.py:509} INFO - Running statement: 
    INSERT INTO books (title, authors, price, rating)
    VALUES (%s, %s, %s, %s)
    , parameters: ('Data Engineering with AWS - Second Edition: Acquire the skills to design and build AWS-based data transformation pipelines like a pro', 'Gareth Eagar', '41.', '4.4 out of 5 stars')
[2024-08-20T04:46:58.222+0000] {sql.py:518} INFO - Rows affected: 1
[2024-08-20T04:46:58.232+0000] {base.py:84} INFO - Retrieving connection 'books_connection'
[2024-08-20T04:46:58.236+0000] {sql.py:509} INFO - Running statement: 
    INSERT INTO books (title, authors, price, rating)
    VALUES (%s, %s, %s, %s)
    , parameters: ('Azure Data Engineer Associate Certification Guide: Ace the DP-203 exam with advanced data engineering skills', 'Giacinto Palmieri', '39.', '4.5 out of 5 stars')
[2024-08-20T04:46:58.238+0000] {sql.py:518} INFO - Rows affected: 1
[2024-08-20T04:46:58.247+0000] {base.py:84} INFO - Retrieving connection 'books_connection'
[2024-08-20T04:46:58.251+0000] {sql.py:509} INFO - Running statement: 
    INSERT INTO books (title, authors, price, rating)
    VALUES (%s, %s, %s, %s)
    , parameters: ('Data Engineering 101', 'Paperback', '22.', '5.0 out of 5 stars')
[2024-08-20T04:46:58.253+0000] {sql.py:518} INFO - Rows affected: 1
[2024-08-20T04:46:58.263+0000] {base.py:84} INFO - Retrieving connection 'books_connection'
[2024-08-20T04:46:58.267+0000] {sql.py:509} INFO - Running statement: 
    INSERT INTO books (title, authors, price, rating)
    VALUES (%s, %s, %s, %s)
    , parameters: ('Fundamentals of Data Engineering: Plan and Build Robust Data Systems', 'Joe Reis', '38.', '4.7 out of 5 stars')
[2024-08-20T04:46:58.269+0000] {sql.py:518} INFO - Rows affected: 1
[2024-08-20T04:46:58.278+0000] {base.py:84} INFO - Retrieving connection 'books_connection'
[2024-08-20T04:46:58.283+0000] {sql.py:509} INFO - Running statement: 
    INSERT INTO books (title, authors, price, rating)
    VALUES (%s, %s, %s, %s)
    , parameters: ('Data Pipelines Pocket Reference: Moving and Processing Data for Analytics', 'James Densmore', '17.', '4.5 out of 5 stars')
[2024-08-20T04:46:58.285+0000] {sql.py:518} INFO - Rows affected: 1
[2024-08-20T04:46:58.295+0000] {base.py:84} INFO - Retrieving connection 'books_connection'
[2024-08-20T04:46:58.299+0000] {sql.py:509} INFO - Running statement: 
    INSERT INTO books (title, authors, price, rating)
    VALUES (%s, %s, %s, %s)
    , parameters: ('Designing Data-Intensive Applications: The Big Ideas Behind Reliable, Scalable, and Maintainable Systems', 'Martin Kleppmann', '35.', '4.8 out of 5 stars')
[2024-08-20T04:46:58.301+0000] {sql.py:518} INFO - Rows affected: 1
[2024-08-20T04:46:58.310+0000] {base.py:84} INFO - Retrieving connection 'books_connection'
[2024-08-20T04:46:58.314+0000] {sql.py:509} INFO - Running statement: 
    INSERT INTO books (title, authors, price, rating)
    VALUES (%s, %s, %s, %s)
    , parameters: ('Data Engineering with Python: Work with massive datasets to design data models and automate data pipelines using Python', 'Paul Crickard', '37.', '4.1 out of 5 stars')
[2024-08-20T04:46:58.317+0000] {sql.py:518} INFO - Rows affected: 1
[2024-08-20T04:46:58.327+0000] {base.py:84} INFO - Retrieving connection 'books_connection'
[2024-08-20T04:46:58.331+0000] {sql.py:509} INFO - Running statement: 
    INSERT INTO books (title, authors, price, rating)
    VALUES (%s, %s, %s, %s)
    , parameters: ('Data Engineering with Python cookbook: Learn to build efficient data pipelines using the Modern Cloud Data Stack', 'Adithyan Ramanujakootam', '29.', '5.0 out of 5 stars')
[2024-08-20T04:46:58.333+0000] {sql.py:518} INFO - Rows affected: 1
[2024-08-20T04:46:58.343+0000] {base.py:84} INFO - Retrieving connection 'books_connection'
[2024-08-20T04:46:58.347+0000] {sql.py:509} INFO - Running statement: 
    INSERT INTO books (title, authors, price, rating)
    VALUES (%s, %s, %s, %s)
    , parameters: ('Data Engineering with AWS: Learn how to design and build cloud-based data transformation pipelines using AWS', 'Gareth Eagar', '49.', '4.4 out of 5 stars')
[2024-08-20T04:46:58.349+0000] {sql.py:518} INFO - Rows affected: 1
[2024-08-20T04:46:58.359+0000] {base.py:84} INFO - Retrieving connection 'books_connection'
[2024-08-20T04:46:58.363+0000] {sql.py:509} INFO - Running statement: 
    INSERT INTO books (title, authors, price, rating)
    VALUES (%s, %s, %s, %s)
    , parameters: ('Cracking the Data Engineering Interview: Land your dream job with the help of resume-building tips, over 100 mock questions, and a unique portfolio', 'Kedeisha Bryan', '26.', '4.4 out of 5 stars')
[2024-08-20T04:46:58.365+0000] {sql.py:518} INFO - Rows affected: 1
[2024-08-20T04:46:58.375+0000] {base.py:84} INFO - Retrieving connection 'books_connection'
[2024-08-20T04:46:58.379+0000] {sql.py:509} INFO - Running statement: 
    INSERT INTO books (title, authors, price, rating)
    VALUES (%s, %s, %s, %s)
    , parameters: ('Software Engineering for Data Scientists: From Notebooks to Scalable Systems', 'Catherine Nelson', '52.', '4.5 out of 5 stars')
[2024-08-20T04:46:58.381+0000] {sql.py:518} INFO - Rows affected: 1
[2024-08-20T04:46:58.391+0000] {base.py:84} INFO - Retrieving connection 'books_connection'
[2024-08-20T04:46:58.395+0000] {sql.py:509} INFO - Running statement: 
    INSERT INTO books (title, authors, price, rating)
    VALUES (%s, %s, %s, %s)
    , parameters: ('Data Engineering with Google Cloud Platform: A guide to leveling up as a data engineer by building a scalable data platform with Google Cloud', 'Adi Wijaya', '41.', '5.0 out of 5 stars')
[2024-08-20T04:46:58.397+0000] {sql.py:518} INFO - Rows affected: 1
[2024-08-20T04:46:58.407+0000] {base.py:84} INFO - Retrieving connection 'books_connection'
[2024-08-20T04:46:58.411+0000] {sql.py:509} INFO - Running statement: 
    INSERT INTO books (title, authors, price, rating)
    VALUES (%s, %s, %s, %s)
    , parameters: ('Driving Data Quality with Data Contracts: A comprehensive guide to building reliable, trusted, and effective data platforms', 'Andrew Jones', '28.', '4.6 out of 5 stars')
[2024-08-20T04:46:58.413+0000] {sql.py:518} INFO - Rows affected: 1
[2024-08-20T04:46:58.423+0000] {base.py:84} INFO - Retrieving connection 'books_connection'
[2024-08-20T04:46:58.427+0000] {sql.py:509} INFO - Running statement: 
    INSERT INTO books (title, authors, price, rating)
    VALUES (%s, %s, %s, %s)
    , parameters: ('Expert Data Modeling with Power BI - Second Edition: Enrich and optimize your data models to get the best out of Power BI for reporting and business needs', 'Soheil Bakhshi', '47.', '4.8 out of 5 stars')
[2024-08-20T04:46:58.429+0000] {sql.py:518} INFO - Rows affected: 1
[2024-08-20T04:46:58.439+0000] {base.py:84} INFO - Retrieving connection 'books_connection'
[2024-08-20T04:46:58.444+0000] {sql.py:509} INFO - Running statement: 
    INSERT INTO books (title, authors, price, rating)
    VALUES (%s, %s, %s, %s)
    , parameters: ('Data Engineering Fundamentals for Beginners: Mastering the Art of Building, Managing, and Scaling Data Systems', 'Paperback', '14.', '5.0 out of 5 stars')
[2024-08-20T04:46:58.446+0000] {sql.py:518} INFO - Rows affected: 1
[2024-08-20T04:46:58.460+0000] {base.py:84} INFO - Retrieving connection 'books_connection'
[2024-08-20T04:46:58.465+0000] {sql.py:509} INFO - Running statement: 
    INSERT INTO books (title, authors, price, rating)
    VALUES (%s, %s, %s, %s)
    , parameters: ('Data Privacy: A runbook for engineers', 'Nishant Bhajaria', '32.', '4.8 out of 5 stars')
[2024-08-20T04:46:58.467+0000] {sql.py:518} INFO - Rows affected: 1
[2024-08-20T04:46:58.476+0000] {base.py:84} INFO - Retrieving connection 'books_connection'
[2024-08-20T04:46:58.480+0000] {sql.py:509} INFO - Running statement: 
    INSERT INTO books (title, authors, price, rating)
    VALUES (%s, %s, %s, %s)
    , parameters: ('Data Engineering with Databricks Cookbook: Build effective data and AI solutions using Apache Spark, Databricks, and Delta Lake', 'Pulkit Chadha', '42.', '4.2 out of 5 stars')
[2024-08-20T04:46:58.482+0000] {sql.py:518} INFO - Rows affected: 1
[2024-08-20T04:46:58.491+0000] {base.py:84} INFO - Retrieving connection 'books_connection'
[2024-08-20T04:46:58.496+0000] {sql.py:509} INFO - Running statement: 
    INSERT INTO books (title, authors, price, rating)
    VALUES (%s, %s, %s, %s)
    , parameters: ('Data Engineering with dbt: A practical guide to building a cloud-based, pragmatic, and dependable data platform with SQL', 'Roberto Zagni', '37.', '4.6 out of 5 stars')
[2024-08-20T04:46:58.498+0000] {sql.py:518} INFO - Rows affected: 1
[2024-08-20T04:46:58.507+0000] {base.py:84} INFO - Retrieving connection 'books_connection'
[2024-08-20T04:46:58.511+0000] {sql.py:509} INFO - Running statement: 
    INSERT INTO books (title, authors, price, rating)
    VALUES (%s, %s, %s, %s)
    , parameters: ('Data-Driven Science and Engineering: Machine Learning, Dynamical Systems, and Control', 'Steven L. Brunton', '64.', '4.7 out of 5 stars')
[2024-08-20T04:46:58.513+0000] {sql.py:518} INFO - Rows affected: 1
[2024-08-20T04:46:58.523+0000] {base.py:84} INFO - Retrieving connection 'books_connection'
[2024-08-20T04:46:58.527+0000] {sql.py:509} INFO - Running statement: 
    INSERT INTO books (title, authors, price, rating)
    VALUES (%s, %s, %s, %s)
    , parameters: ("Azure Data Factory Cookbook - Second Edition: A data engineer's guide to building and managing ETL and ELT pipelines with data integration", 'Dmitry Foshin', '51.', '4.4 out of 5 stars')
[2024-08-20T04:46:58.528+0000] {sql.py:518} INFO - Rows affected: 1
[2024-08-20T04:46:58.537+0000] {base.py:84} INFO - Retrieving connection 'books_connection'
[2024-08-20T04:46:58.541+0000] {sql.py:509} INFO - Running statement: 
    INSERT INTO books (title, authors, price, rating)
    VALUES (%s, %s, %s, %s)
    , parameters: ('Getting Started with DuckDB: A practical guide for accelerating your data science, data analytics, and data engineering workflows', 'Simon Aubury', '42.', '5.0 out of 5 stars')
[2024-08-20T04:46:58.543+0000] {sql.py:518} INFO - Rows affected: 1
[2024-08-20T04:46:58.552+0000] {base.py:84} INFO - Retrieving connection 'books_connection'
[2024-08-20T04:46:58.557+0000] {sql.py:509} INFO - Running statement: 
    INSERT INTO books (title, authors, price, rating)
    VALUES (%s, %s, %s, %s)
    , parameters: ('Mastering Large Datasets with Python: Parallelize and Distribute Your Python Code', 'John T. Wolohan', '49.', '3.9 out of 5 stars')
[2024-08-20T04:46:58.559+0000] {sql.py:518} INFO - Rows affected: 1
[2024-08-20T04:46:58.567+0000] {base.py:84} INFO - Retrieving connection 'books_connection'
[2024-08-20T04:46:58.571+0000] {sql.py:509} INFO - Running statement: 
    INSERT INTO books (title, authors, price, rating)
    VALUES (%s, %s, %s, %s)
    , parameters: ('Data Engineering with Alteryx: Helping data engineers apply DataOps practices with Alteryx', 'Paul Houghton', '44.', '4.3 out of 5 stars')
[2024-08-20T04:46:58.573+0000] {sql.py:518} INFO - Rows affected: 1
[2024-08-20T04:46:58.582+0000] {base.py:84} INFO - Retrieving connection 'books_connection'
[2024-08-20T04:46:58.586+0000] {sql.py:509} INFO - Running statement: 
    INSERT INTO books (title, authors, price, rating)
    VALUES (%s, %s, %s, %s)
    , parameters: ('DATA ENGINEERING AND AI FOR BEGINNERS: Revolutionizing Data Processing and Analytics by Leveraging Artificial Intelligence for Efficient Input Collection, Storage, and Transformation (World of AI)', 'Paperback', '13.', '4.4 out of 5 stars')
[2024-08-20T04:46:58.588+0000] {sql.py:518} INFO - Rows affected: 1
[2024-08-20T04:46:58.597+0000] {base.py:84} INFO - Retrieving connection 'books_connection'
[2024-08-20T04:46:58.601+0000] {sql.py:509} INFO - Running statement: 
    INSERT INTO books (title, authors, price, rating)
    VALUES (%s, %s, %s, %s)
    , parameters: ('Data Engineering with Apache Spark, Delta Lake, and Lakehouse: Create scalable pipelines that ingest, curate, and aggregate complex data in a timely and secure way', 'Manoj Kukreja', '29.', '3.9 out of 5 stars')
[2024-08-20T04:46:58.603+0000] {sql.py:518} INFO - Rows affected: 1
[2024-08-20T04:46:58.613+0000] {base.py:84} INFO - Retrieving connection 'books_connection'
[2024-08-20T04:46:58.618+0000] {sql.py:509} INFO - Running statement: 
    INSERT INTO books (title, authors, price, rating)
    VALUES (%s, %s, %s, %s)
    , parameters: ('Data Mesh: Delivering Data-Driven Value at Scale', 'Zhamak Dehghani', '43.', '4.5 out of 5 stars')
[2024-08-20T04:46:58.620+0000] {sql.py:518} INFO - Rows affected: 1
[2024-08-20T04:46:58.630+0000] {base.py:84} INFO - Retrieving connection 'books_connection'
[2024-08-20T04:46:58.633+0000] {sql.py:509} INFO - Running statement: 
    INSERT INTO books (title, authors, price, rating)
    VALUES (%s, %s, %s, %s)
    , parameters: ('Machine Learning Engineering', 'Andriy Burkov', '39.', '4.7 out of 5 stars')
[2024-08-20T04:46:58.635+0000] {sql.py:518} INFO - Rows affected: 1
[2024-08-20T04:46:58.646+0000] {base.py:84} INFO - Retrieving connection 'books_connection'
[2024-08-20T04:46:58.650+0000] {sql.py:509} INFO - Running statement: 
    INSERT INTO books (title, authors, price, rating)
    VALUES (%s, %s, %s, %s)
    , parameters: ('The Enterprise Data Catalog: Improve Data Discovery, Ensure Data Governance, and Enable Innovation', 'Ole Olesen-Bagneux', '31.', '4.5 out of 5 stars')
[2024-08-20T04:46:58.652+0000] {sql.py:518} INFO - Rows affected: 1
[2024-08-20T04:46:58.662+0000] {base.py:84} INFO - Retrieving connection 'books_connection'
[2024-08-20T04:46:58.666+0000] {sql.py:509} INFO - Running statement: 
    INSERT INTO books (title, authors, price, rating)
    VALUES (%s, %s, %s, %s)
    , parameters: ('Data Engineering with Databricks', 'Paperback', '25.', '3.4 out of 5 stars')
[2024-08-20T04:46:58.668+0000] {sql.py:518} INFO - Rows affected: 1
[2024-08-20T04:46:58.678+0000] {base.py:84} INFO - Retrieving connection 'books_connection'
[2024-08-20T04:46:58.682+0000] {sql.py:509} INFO - Running statement: 
    INSERT INTO books (title, authors, price, rating)
    VALUES (%s, %s, %s, %s)
    , parameters: ('Ace the Data Science Interview: 201 Real Interview Questions Asked By FAANG, Tech Startups, & Wall Street', 'Nick Singh', '42.', '4.5 out of 5 stars')
[2024-08-20T04:46:58.684+0000] {sql.py:518} INFO - Rows affected: 1
[2024-08-20T04:46:58.693+0000] {base.py:84} INFO - Retrieving connection 'books_connection'
[2024-08-20T04:46:58.697+0000] {sql.py:509} INFO - Running statement: 
    INSERT INTO books (title, authors, price, rating)
    VALUES (%s, %s, %s, %s)
    , parameters: ('Modern Data Engineering with Apache Spark: A Hands-On Guide for Building Mission-Critical Streaming Applications', 'Scott Haines', '30.', '4.1 out of 5 stars')
[2024-08-20T04:46:58.699+0000] {sql.py:518} INFO - Rows affected: 1
[2024-08-20T04:46:58.708+0000] {base.py:84} INFO - Retrieving connection 'books_connection'
[2024-08-20T04:46:58.712+0000] {sql.py:509} INFO - Running statement: 
    INSERT INTO books (title, authors, price, rating)
    VALUES (%s, %s, %s, %s)
    , parameters: ('Data Modeling with Snowflake: A practical guide to accelerating Snowflake development using universal data modeling techniques', 'Serge Gershkovich', '36.', '4.8 out of 5 stars')
[2024-08-20T04:46:58.714+0000] {sql.py:518} INFO - Rows affected: 1
[2024-08-20T04:46:58.724+0000] {base.py:84} INFO - Retrieving connection 'books_connection'
[2024-08-20T04:46:58.728+0000] {sql.py:509} INFO - Running statement: 
    INSERT INTO books (title, authors, price, rating)
    VALUES (%s, %s, %s, %s)
    , parameters: ('Storytelling with Data: A Data Visualization Guide for Business Professionals', 'Cole Nussbaumer Knaflic', '27.', '4.6 out of 5 stars')
[2024-08-20T04:46:58.730+0000] {sql.py:518} INFO - Rows affected: 1
[2024-08-20T04:46:58.739+0000] {base.py:84} INFO - Retrieving connection 'books_connection'
[2024-08-20T04:46:58.744+0000] {sql.py:509} INFO - Running statement: 
    INSERT INTO books (title, authors, price, rating)
    VALUES (%s, %s, %s, %s)
    , parameters: ('97 Things Every Data Engineer Should Know: Collective Wisdom from the Experts', 'Audible Audiobook', '0.', '4.1 out of 5 stars')
[2024-08-20T04:46:58.746+0000] {sql.py:518} INFO - Rows affected: 1
[2024-08-20T04:46:58.755+0000] {base.py:84} INFO - Retrieving connection 'books_connection'
[2024-08-20T04:46:58.760+0000] {sql.py:509} INFO - Running statement: 
    INSERT INTO books (title, authors, price, rating)
    VALUES (%s, %s, %s, %s)
    , parameters: ("Data Quality Fundamentals: A Practitioner's Guide to Building Trustworthy Data Pipelines", 'Paperback', '45.', '4.1 out of 5 stars')
[2024-08-20T04:46:58.762+0000] {sql.py:518} INFO - Rows affected: 1
[2024-08-20T04:46:58.778+0000] {base.py:84} INFO - Retrieving connection 'books_connection'
[2024-08-20T04:46:58.782+0000] {sql.py:509} INFO - Running statement: 
    INSERT INTO books (title, authors, price, rating)
    VALUES (%s, %s, %s, %s)
    , parameters: ('Data Engineering with Google Cloud Platform: A practical guide to operationalizing scalable data analytics systems on GCP', 'Adi Wijaya', '41.', '4.7 out of 5 stars')
[2024-08-20T04:46:58.784+0000] {sql.py:518} INFO - Rows affected: 1
[2024-08-20T04:46:58.796+0000] {base.py:84} INFO - Retrieving connection 'books_connection'
[2024-08-20T04:46:58.801+0000] {sql.py:509} INFO - Running statement: 
    INSERT INTO books (title, authors, price, rating)
    VALUES (%s, %s, %s, %s)
    , parameters: ('Fundamentals of Data Analytics: Learn Essential Skills, Embrace the Future, and Catapult Your Career in the Data-Driven World—A Comprehensive Guide to Data Literacy for Beginners', 'Russell Dawson', '16.', '4.8 out of 5 stars')
[2024-08-20T04:46:58.802+0000] {sql.py:518} INFO - Rows affected: 1
[2024-08-20T04:46:58.816+0000] {base.py:84} INFO - Retrieving connection 'books_connection'
[2024-08-20T04:46:58.822+0000] {sql.py:509} INFO - Running statement: 
    INSERT INTO books (title, authors, price, rating)
    VALUES (%s, %s, %s, %s)
    , parameters: ('Prompt Engineering for Generative AI: Future-Proof Inputs for Reliable AI Outputs', 'James Phoenix', '57.', '4.4 out of 5 stars')
[2024-08-20T04:46:58.824+0000] {sql.py:518} INFO - Rows affected: 1
[2024-08-20T04:46:58.833+0000] {base.py:84} INFO - Retrieving connection 'books_connection'
[2024-08-20T04:46:58.839+0000] {sql.py:509} INFO - Running statement: 
    INSERT INTO books (title, authors, price, rating)
    VALUES (%s, %s, %s, %s)
    , parameters: ('Analytics Engineering with SQL and dbt: Building Meaningful Data Models at Scale', 'Rui Pedro Machado', '41.', '3.8 out of 5 stars')
[2024-08-20T04:46:58.841+0000] {sql.py:518} INFO - Rows affected: 1
[2024-08-20T04:46:58.853+0000] {base.py:84} INFO - Retrieving connection 'books_connection'
[2024-08-20T04:46:58.862+0000] {sql.py:509} INFO - Running statement: 
    INSERT INTO books (title, authors, price, rating)
    VALUES (%s, %s, %s, %s)
    , parameters: ('Python Programming and SQL: 5 books in 1 - The #1 Coding Course from Beginner to Advanced. Learn it Well & Fast (2024) (Computer Programming)', 'Paperback', '32.', '4.3 out of 5 stars')
[2024-08-20T04:46:58.864+0000] {sql.py:518} INFO - Rows affected: 1
[2024-08-20T04:46:58.874+0000] {base.py:84} INFO - Retrieving connection 'books_connection'
[2024-08-20T04:46:58.881+0000] {sql.py:509} INFO - Running statement: 
    INSERT INTO books (title, authors, price, rating)
    VALUES (%s, %s, %s, %s)
    , parameters: ('Data Observability for Data Engineering: Proactive strategies for ensuring data accuracy and addressing broken data pipelines', 'Michele Pinto', '18.', '3.7 out of 5 stars')
[2024-08-20T04:46:58.882+0000] {sql.py:518} INFO - Rows affected: 1
[2024-08-20T04:46:58.892+0000] {base.py:84} INFO - Retrieving connection 'books_connection'
[2024-08-20T04:46:58.896+0000] {sql.py:509} INFO - Running statement: 
    INSERT INTO books (title, authors, price, rating)
    VALUES (%s, %s, %s, %s)
    , parameters: ("Ultimate Data Engineering with Databricks: Develop Scalable Data Pipelines Using Data Engineering's Core Tenets Such as Delta Tables, Ingestion, ... Security, and Scalability (English Edition)", 'Mayank Malhotra', '37.', '3.8 out of 5 stars')
[2024-08-20T04:46:58.898+0000] {sql.py:518} INFO - Rows affected: 1
[2024-08-20T04:46:58.907+0000] {base.py:84} INFO - Retrieving connection 'books_connection'
[2024-08-20T04:46:58.911+0000] {sql.py:509} INFO - Running statement: 
    INSERT INTO books (title, authors, price, rating)
    VALUES (%s, %s, %s, %s)
    , parameters: ('The Data Warehouse Toolkit: The Definitive Guide to Dimensional Modeling', 'Paperback', '47.', '4.7 out of 5 stars')
[2024-08-20T04:46:58.912+0000] {sql.py:518} INFO - Rows affected: 1
[2024-08-20T04:46:58.922+0000] {base.py:84} INFO - Retrieving connection 'books_connection'
[2024-08-20T04:46:58.926+0000] {sql.py:509} INFO - Running statement: 
    INSERT INTO books (title, authors, price, rating)
    VALUES (%s, %s, %s, %s)
    , parameters: ('Official Google Cloud Certified Professional Data Engineer Study Guide', 'Dan Sullivan', '33.', '4.5 out of 5 stars')
[2024-08-20T04:46:58.927+0000] {sql.py:518} INFO - Rows affected: 1
[2024-08-20T04:46:58.936+0000] {base.py:84} INFO - Retrieving connection 'books_connection'
[2024-08-20T04:46:58.940+0000] {sql.py:509} INFO - Running statement: 
    INSERT INTO books (title, authors, price, rating)
    VALUES (%s, %s, %s, %s)
    , parameters: ('Concepts of Generative AI and Data Engineering: Vital Concepts in Data Engineering and the World of Generative AI', 'Kindle', '29.', '5.0 out of 5 stars')
[2024-08-20T04:46:58.942+0000] {sql.py:518} INFO - Rows affected: 1
[2024-08-20T04:46:58.950+0000] {base.py:84} INFO - Retrieving connection 'books_connection'
[2024-08-20T04:46:58.954+0000] {sql.py:509} INFO - Running statement: 
    INSERT INTO books (title, authors, price, rating)
    VALUES (%s, %s, %s, %s)
    , parameters: ('Data Engineering and Data Science for Babies: Activity Workbook Part 1', 'Paperback', '9.', '4.1 out of 5 stars')
[2024-08-20T04:46:58.956+0000] {sql.py:518} INFO - Rows affected: 1
[2024-08-20T04:46:58.964+0000] {base.py:84} INFO - Retrieving connection 'books_connection'
[2024-08-20T04:46:58.968+0000] {sql.py:509} INFO - Running statement: 
    INSERT INTO books (title, authors, price, rating)
    VALUES (%s, %s, %s, %s)
    , parameters: ('Data Analytics, Data Visualization & Communicating Data: 3 books in 1: Learn the Processes of Data Analytics and Data Science, Create Engaging Data Visualizations, and Present Data Effectively', 'Audible Audiobook', '0.', '4.5 out of 5 stars')
[2024-08-20T04:46:58.970+0000] {sql.py:518} INFO - Rows affected: 1
[2024-08-20T04:46:58.980+0000] {base.py:84} INFO - Retrieving connection 'books_connection'
[2024-08-20T04:46:58.984+0000] {sql.py:509} INFO - Running statement: 
    INSERT INTO books (title, authors, price, rating)
    VALUES (%s, %s, %s, %s)
    , parameters: ('Learning Spark: Lightning-Fast Data Analytics', 'Jules S. Damji', '43.', '4.7 out of 5 stars')
[2024-08-20T04:46:58.986+0000] {sql.py:518} INFO - Rows affected: 1
[2024-08-20T04:46:58.998+0000] {base.py:84} INFO - Retrieving connection 'books_connection'
[2024-08-20T04:46:59.003+0000] {sql.py:509} INFO - Running statement: 
    INSERT INTO books (title, authors, price, rating)
    VALUES (%s, %s, %s, %s)
    , parameters: ('Fundamentals of Data Engineering: Efficiency, Insight, Impact: Transforming Data into Value through Expert Engineering Practices', 'Joseph Achakji', '0.', '4.6 out of 5 stars')
[2024-08-20T04:46:59.005+0000] {sql.py:518} INFO - Rows affected: 1
[2024-08-20T04:46:59.014+0000] {base.py:84} INFO - Retrieving connection 'books_connection'
[2024-08-20T04:46:59.020+0000] {sql.py:509} INFO - Running statement: 
    INSERT INTO books (title, authors, price, rating)
    VALUES (%s, %s, %s, %s)
    , parameters: ('Data Stewardship: An Actionable Guide to Effective Data Management and Data Governance', 'Paperback', '46.', '4.7 out of 5 stars')
[2024-08-20T04:46:59.022+0000] {sql.py:518} INFO - Rows affected: 1
[2024-08-20T04:46:59.032+0000] {base.py:84} INFO - Retrieving connection 'books_connection'
[2024-08-20T04:46:59.036+0000] {sql.py:509} INFO - Running statement: 
    INSERT INTO books (title, authors, price, rating)
    VALUES (%s, %s, %s, %s)
    , parameters: ("SQL QuickStart Guide: The Simplified Beginner's Guide to Managing, Analyzing, and Manipulating Data With SQL (Coding & Programming - QuickStart Guides)", 'Paperback', '18.', '4.6 out of 5 stars')
[2024-08-20T04:46:59.038+0000] {sql.py:518} INFO - Rows affected: 1
[2024-08-20T04:46:59.047+0000] {base.py:84} INFO - Retrieving connection 'books_connection'
[2024-08-20T04:46:59.050+0000] {sql.py:509} INFO - Running statement: 
    INSERT INTO books (title, authors, price, rating)
    VALUES (%s, %s, %s, %s)
    , parameters: ('Database Internals: A Deep Dive into How Distributed Data Systems Work', 'Alex Petrov', '36.', '4.6 out of 5 stars')
[2024-08-20T04:46:59.052+0000] {sql.py:518} INFO - Rows affected: 1
[2024-08-20T04:46:59.061+0000] {base.py:84} INFO - Retrieving connection 'books_connection'
[2024-08-20T04:46:59.065+0000] {sql.py:509} INFO - Running statement: 
    INSERT INTO books (title, authors, price, rating)
    VALUES (%s, %s, %s, %s)
    , parameters: ('Electrical engineering without prior knowledge: Understand the basics within 7 days (Become an Engineer Without Prior Knowledge)', 'Paperback', '17.', '4.4 out of 5 stars')
[2024-08-20T04:46:59.066+0000] {sql.py:518} INFO - Rows affected: 1
[2024-08-20T04:46:59.075+0000] {base.py:84} INFO - Retrieving connection 'books_connection'
[2024-08-20T04:46:59.079+0000] {sql.py:509} INFO - Running statement: 
    INSERT INTO books (title, authors, price, rating)
    VALUES (%s, %s, %s, %s)
    , parameters: ('Salesforce CRM Administration Handbook: A comprehensive guide to administering, configuring, and customizing Salesforce CRM', 'Krzysztof Nowacki', '35.', '5.0 out of 5 stars')
[2024-08-20T04:46:59.080+0000] {sql.py:518} INFO - Rows affected: 1
[2024-08-20T04:46:59.090+0000] {base.py:84} INFO - Retrieving connection 'books_connection'
[2024-08-20T04:46:59.093+0000] {sql.py:509} INFO - Running statement: 
    INSERT INTO books (title, authors, price, rating)
    VALUES (%s, %s, %s, %s)
    , parameters: ('Systems Engineering Demystified - Second Edition: Apply modern, model-based systems engineering techniques to build complex systems', 'Jon Holt', '45.', '4.7 out of 5 stars')
[2024-08-20T04:46:59.095+0000] {sql.py:518} INFO - Rows affected: 1
[2024-08-20T04:46:59.106+0000] {base.py:84} INFO - Retrieving connection 'books_connection'
[2024-08-20T04:46:59.110+0000] {sql.py:509} INFO - Running statement: 
    INSERT INTO books (title, authors, price, rating)
    VALUES (%s, %s, %s, %s)
    , parameters: ('Machine Learning Engineering with Python - Second Edition: Manage the lifecycle of machine learning models using MLOps with practical examples', 'Andrew McMahon', '32.', '4.7 out of 5 stars')
[2024-08-20T04:46:59.112+0000] {sql.py:518} INFO - Rows affected: 1
[2024-08-20T04:46:59.120+0000] {base.py:84} INFO - Retrieving connection 'books_connection'
[2024-08-20T04:46:59.124+0000] {sql.py:509} INFO - Running statement: 
    INSERT INTO books (title, authors, price, rating)
    VALUES (%s, %s, %s, %s)
    , parameters: ('Engineers Survival Guide: Advice, tactics, and tricks After a decade of working at Facebook, Snapchat, and Microsoft', 'Merih Taze', '29.', '4.4 out of 5 stars')
[2024-08-20T04:46:59.125+0000] {sql.py:518} INFO - Rows affected: 1
[2024-08-20T04:46:59.134+0000] {base.py:84} INFO - Retrieving connection 'books_connection'
[2024-08-20T04:46:59.138+0000] {sql.py:509} INFO - Running statement: 
    INSERT INTO books (title, authors, price, rating)
    VALUES (%s, %s, %s, %s)
    , parameters: ('Data Science (The MIT Press Essential Knowledge series)', 'Paperback', '10.', '4.4 out of 5 stars')
[2024-08-20T04:46:59.140+0000] {sql.py:518} INFO - Rows affected: 1
[2024-08-20T04:46:59.148+0000] {base.py:84} INFO - Retrieving connection 'books_connection'
[2024-08-20T04:46:59.151+0000] {sql.py:509} INFO - Running statement: 
    INSERT INTO books (title, authors, price, rating)
    VALUES (%s, %s, %s, %s)
    , parameters: ('How Data Happened: A History from the Age of Reason to the Age of Algorithms', 'Chris Wiggins', '16.', '4.2 out of 5 stars')
[2024-08-20T04:46:59.153+0000] {sql.py:518} INFO - Rows affected: 1
[2024-08-20T04:46:59.162+0000] {base.py:84} INFO - Retrieving connection 'books_connection'
[2024-08-20T04:46:59.166+0000] {sql.py:509} INFO - Running statement: 
    INSERT INTO books (title, authors, price, rating)
    VALUES (%s, %s, %s, %s)
    , parameters: ("System Design Interview – An insider's guide", 'Alex Xu', '37.', '4.6 out of 5 stars')
[2024-08-20T04:46:59.168+0000] {sql.py:518} INFO - Rows affected: 1
[2024-08-20T04:46:59.176+0000] {base.py:84} INFO - Retrieving connection 'books_connection'
[2024-08-20T04:46:59.180+0000] {sql.py:509} INFO - Running statement: 
    INSERT INTO books (title, authors, price, rating)
    VALUES (%s, %s, %s, %s)
    , parameters: ('Data Engineering with Scala and Spark: A practical guide helping you build streaming and batch pipelines that process massive amounts of data using Scala', 'Eric Tome', '36.', '4.3 out of 5 stars')
[2024-08-20T04:46:59.182+0000] {sql.py:518} INFO - Rows affected: 1
[2024-08-20T04:46:59.191+0000] {base.py:84} INFO - Retrieving connection 'books_connection'
[2024-08-20T04:46:59.194+0000] {sql.py:509} INFO - Running statement: 
    INSERT INTO books (title, authors, price, rating)
    VALUES (%s, %s, %s, %s)
    , parameters: ('Azure Data Engineer Associate Certification Guide: A hands-on reference guide to developing your data engineering skills and preparing for the DP-203 exam', 'Newton Alex', '54.', '3.9 out of 5 stars')
[2024-08-20T04:46:59.196+0000] {sql.py:518} INFO - Rows affected: 1
[2024-08-20T04:46:59.206+0000] {base.py:84} INFO - Retrieving connection 'books_connection'
[2024-08-20T04:46:59.209+0000] {sql.py:509} INFO - Running statement: 
    INSERT INTO books (title, authors, price, rating)
    VALUES (%s, %s, %s, %s)
    , parameters: ("Data: Principles To Practice - Volume 1 'Foundations': Essential Foundations: Key Concepts behind Data Architecture, Engineering and Analysis for Professionals", 'Alex Holloway', '0.', '4.7 out of 5 stars')
[2024-08-20T04:46:59.211+0000] {sql.py:518} INFO - Rows affected: 1
[2024-08-20T04:46:59.219+0000] {base.py:84} INFO - Retrieving connection 'books_connection'
[2024-08-20T04:46:59.224+0000] {sql.py:509} INFO - Running statement: 
    INSERT INTO books (title, authors, price, rating)
    VALUES (%s, %s, %s, %s)
    , parameters: ('Mastering the Data Paradox: Key to Winning in the AI Age', 'Nitin Seth', '18.', '4.8 out of 5 stars')
[2024-08-20T04:46:59.225+0000] {sql.py:518} INFO - Rows affected: 1
[2024-08-20T04:46:59.235+0000] {base.py:84} INFO - Retrieving connection 'books_connection'
[2024-08-20T04:46:59.239+0000] {sql.py:509} INFO - Running statement: 
    INSERT INTO books (title, authors, price, rating)
    VALUES (%s, %s, %s, %s)
    , parameters: ('Data Science on AWS: Implementing End-to-End, Continuous AI and Machine Learning Pipelines', 'Chris Fregly', '11.', '4.5 out of 5 stars')
[2024-08-20T04:46:59.241+0000] {sql.py:518} INFO - Rows affected: 1
[2024-08-20T04:46:59.256+0000] {base.py:84} INFO - Retrieving connection 'books_connection'
[2024-08-20T04:46:59.270+0000] {sql.py:509} INFO - Running statement: 
    INSERT INTO books (title, authors, price, rating)
    VALUES (%s, %s, %s, %s)
    , parameters: ("Applied Machine Learning and AI for Engineers: Solve Business Problems That Can't Be Solved Algorithmically", 'Jeff Prosise', '55.', '4.5 out of 5 stars')
[2024-08-20T04:46:59.272+0000] {sql.py:518} INFO - Rows affected: 1
[2024-08-20T04:46:59.287+0000] {base.py:84} INFO - Retrieving connection 'books_connection'
[2024-08-20T04:46:59.294+0000] {sql.py:509} INFO - Running statement: 
    INSERT INTO books (title, authors, price, rating)
    VALUES (%s, %s, %s, %s)
    , parameters: ('Build a Career in Data Science', 'Emily Robinson', '35.', '4.6 out of 5 stars')
[2024-08-20T04:46:59.296+0000] {sql.py:518} INFO - Rows affected: 1
[2024-08-20T04:46:59.305+0000] {base.py:84} INFO - Retrieving connection 'books_connection'
[2024-08-20T04:46:59.310+0000] {sql.py:509} INFO - Running statement: 
    INSERT INTO books (title, authors, price, rating)
    VALUES (%s, %s, %s, %s)
    , parameters: ('Feature Engineering for Machine Learning: Principles and Techniques for Data Scientists', 'Alice Zheng', '41.', '4.4 out of 5 stars')
[2024-08-20T04:46:59.312+0000] {sql.py:518} INFO - Rows affected: 1
[2024-08-20T04:46:59.323+0000] {base.py:84} INFO - Retrieving connection 'books_connection'
[2024-08-20T04:46:59.327+0000] {sql.py:509} INFO - Running statement: 
    INSERT INTO books (title, authors, price, rating)
    VALUES (%s, %s, %s, %s)
    , parameters: ('Better Data Visualizations: A Guide for Scholars, Researchers, and Wonks', 'Jonathan Schwabish', '26.', '4.5 out of 5 stars')
[2024-08-20T04:46:59.329+0000] {sql.py:518} INFO - Rows affected: 1
[2024-08-20T04:46:59.339+0000] {base.py:84} INFO - Retrieving connection 'books_connection'
[2024-08-20T04:46:59.343+0000] {sql.py:509} INFO - Running statement: 
    INSERT INTO books (title, authors, price, rating)
    VALUES (%s, %s, %s, %s)
    , parameters: ('SQL Data Analytics Made Easy: Your Step-by-Step Guide to Unlocking Data’s Hidden Secrets: Demystify complex concepts, and harness the power of data to drive intelligent decision-making effortlessly.', 'L.D. Knowings', '14.', '4.1 out of 5 stars')
[2024-08-20T04:46:59.345+0000] {sql.py:518} INFO - Rows affected: 1
[2024-08-20T04:46:59.355+0000] {base.py:84} INFO - Retrieving connection 'books_connection'
[2024-08-20T04:46:59.360+0000] {sql.py:509} INFO - Running statement: 
    INSERT INTO books (title, authors, price, rating)
    VALUES (%s, %s, %s, %s)
    , parameters: ('The Art of Doing Science and Engineering: Learning to Learn', 'Richard W. Hamming', '19.', '4.6 out of 5 stars')
[2024-08-20T04:46:59.362+0000] {sql.py:518} INFO - Rows affected: 1
[2024-08-20T04:46:59.371+0000] {base.py:84} INFO - Retrieving connection 'books_connection'
[2024-08-20T04:46:59.375+0000] {sql.py:509} INFO - Running statement: 
    INSERT INTO books (title, authors, price, rating)
    VALUES (%s, %s, %s, %s)
    , parameters: ('A Common-Sense Guide to Data Structures and Algorithms, Second Edition: Level Up Your Core Programming Skills', 'Jay Wengrow', '39.', '4.7 out of 5 stars')
[2024-08-20T04:46:59.377+0000] {sql.py:518} INFO - Rows affected: 1
[2024-08-20T04:46:59.386+0000] {base.py:84} INFO - Retrieving connection 'books_connection'
[2024-08-20T04:46:59.390+0000] {sql.py:509} INFO - Running statement: 
    INSERT INTO books (title, authors, price, rating)
    VALUES (%s, %s, %s, %s)
    , parameters: ('Fundamentals of Data Visualization: A Primer on Making Informative and Compelling Figures', 'Claus Wilke', '49.', '4.6 out of 5 stars')
[2024-08-20T04:46:59.392+0000] {sql.py:518} INFO - Rows affected: 1
[2024-08-20T04:46:59.402+0000] {base.py:84} INFO - Retrieving connection 'books_connection'
[2024-08-20T04:46:59.407+0000] {sql.py:509} INFO - Running statement: 
    INSERT INTO books (title, authors, price, rating)
    VALUES (%s, %s, %s, %s)
    , parameters: ('Hypothesis Testing: An Intuitive Guide for Making Data Driven Decisions', 'Jim Frost', '23.', '4.5 out of 5 stars')
[2024-08-20T04:46:59.409+0000] {sql.py:518} INFO - Rows affected: 1
[2024-08-20T04:46:59.418+0000] {base.py:84} INFO - Retrieving connection 'books_connection'
[2024-08-20T04:46:59.423+0000] {sql.py:509} INFO - Running statement: 
    INSERT INTO books (title, authors, price, rating)
    VALUES (%s, %s, %s, %s)
    , parameters: ('Modeling and Simulation in Python: An Introduction for Scientists and Engineers', 'Allen B. Downey', '32.', '4.5 out of 5 stars')
[2024-08-20T04:46:59.425+0000] {sql.py:518} INFO - Rows affected: 1
[2024-08-20T04:46:59.434+0000] {base.py:84} INFO - Retrieving connection 'books_connection'
[2024-08-20T04:46:59.439+0000] {sql.py:509} INFO - Running statement: 
    INSERT INTO books (title, authors, price, rating)
    VALUES (%s, %s, %s, %s)
    , parameters: ('The Data Governance Guidebook and Playbook: By a Practitioner for Practitioners', 'Paperback', '25.', '4.3 out of 5 stars')
[2024-08-20T04:46:59.441+0000] {sql.py:518} INFO - Rows affected: 1
[2024-08-20T04:46:59.449+0000] {base.py:84} INFO - Retrieving connection 'books_connection'
[2024-08-20T04:46:59.453+0000] {sql.py:509} INFO - Running statement: 
    INSERT INTO books (title, authors, price, rating)
    VALUES (%s, %s, %s, %s)
    , parameters: ('AWS Certified Data Analytics Study Guide: Specialty (DAS-C01) Exam', 'Asif Abbasi', '31.', '4.6 out of 5 stars')
[2024-08-20T04:46:59.456+0000] {sql.py:518} INFO - Rows affected: 1
[2024-08-20T04:46:59.466+0000] {base.py:84} INFO - Retrieving connection 'books_connection'
[2024-08-20T04:46:59.471+0000] {sql.py:509} INFO - Running statement: 
    INSERT INTO books (title, authors, price, rating)
    VALUES (%s, %s, %s, %s)
    , parameters: ('50 Algorithms Every Programmer Should Know - Second Edition: An unbeatable arsenal of algorithmic solutions for real-world problems', 'Imran Ahmad', '37.', '4.4 out of 5 stars')
[2024-08-20T04:46:59.473+0000] {sql.py:518} INFO - Rows affected: 1
[2024-08-20T04:46:59.483+0000] {base.py:84} INFO - Retrieving connection 'books_connection'
[2024-08-20T04:46:59.487+0000] {sql.py:509} INFO - Running statement: 
    INSERT INTO books (title, authors, price, rating)
    VALUES (%s, %s, %s, %s)
    , parameters: ('Technology is Dead', 'Paperback', '23.', '5.0 out of 5 stars')
[2024-08-20T04:46:59.489+0000] {sql.py:518} INFO - Rows affected: 1
[2024-08-20T04:46:59.497+0000] {base.py:84} INFO - Retrieving connection 'books_connection'
[2024-08-20T04:46:59.500+0000] {sql.py:509} INFO - Running statement: 
    INSERT INTO books (title, authors, price, rating)
    VALUES (%s, %s, %s, %s)
    , parameters: ('Designing Cloud Data Platforms', 'Audible Audiobook', '0.', '4.7 out of 5 stars')
[2024-08-20T04:46:59.502+0000] {sql.py:518} INFO - Rows affected: 1
[2024-08-20T04:46:59.511+0000] {base.py:84} INFO - Retrieving connection 'books_connection'
[2024-08-20T04:46:59.514+0000] {sql.py:509} INFO - Running statement: 
    INSERT INTO books (title, authors, price, rating)
    VALUES (%s, %s, %s, %s)
    , parameters: ('Data Science: The Hard Parts: Techniques for Excelling at Data Science', 'Daniel Vaughan', '48.', '5.0 out of 5 stars')
[2024-08-20T04:46:59.516+0000] {sql.py:518} INFO - Rows affected: 1
[2024-08-20T04:46:59.524+0000] {base.py:84} INFO - Retrieving connection 'books_connection'
[2024-08-20T04:46:59.528+0000] {sql.py:509} INFO - Running statement: 
    INSERT INTO books (title, authors, price, rating)
    VALUES (%s, %s, %s, %s)
    , parameters: ('Data Management at Scale: Modern Data Architecture with Data Mesh and Data Fabric', 'Piethein Strengholt', '47.', '4.5 out of 5 stars')
[2024-08-20T04:46:59.530+0000] {sql.py:518} INFO - Rows affected: 1
[2024-08-20T04:46:59.538+0000] {base.py:84} INFO - Retrieving connection 'books_connection'
[2024-08-20T04:46:59.542+0000] {sql.py:509} INFO - Running statement: 
    INSERT INTO books (title, authors, price, rating)
    VALUES (%s, %s, %s, %s)
    , parameters: ('Practical Fraud Prevention: Fraud and AML Analytics for Fintech and eCommerce, Using SQL and Python', 'Gilit Saporta', '47.', '4.4 out of 5 stars')
[2024-08-20T04:46:59.543+0000] {sql.py:518} INFO - Rows affected: 1
[2024-08-20T04:46:59.551+0000] {base.py:84} INFO - Retrieving connection 'books_connection'
[2024-08-20T04:46:59.555+0000] {sql.py:509} INFO - Running statement: 
    INSERT INTO books (title, authors, price, rating)
    VALUES (%s, %s, %s, %s)
    , parameters: ('Data Quality Engineering in Financial Services: Applying Manufacturing Techniques to Data', 'Brian Buzzelli', '30.', '4.4 out of 5 stars')
[2024-08-20T04:46:59.557+0000] {sql.py:518} INFO - Rows affected: 1
[2024-08-20T04:46:59.565+0000] {base.py:84} INFO - Retrieving connection 'books_connection'
[2024-08-20T04:46:59.569+0000] {sql.py:509} INFO - Running statement: 
    INSERT INTO books (title, authors, price, rating)
    VALUES (%s, %s, %s, %s)
    , parameters: ('Ultimate Azure Data Engineering: Build Robust Data Engineering Systems on Azure with SQL, ETL, Data Modeling, and Power BI for Business Insights and Crack Azure Certifications (English Edition)', 'Ashish Agarwal', '39.', '5.0 out of 5 stars')
[2024-08-20T04:46:59.571+0000] {sql.py:518} INFO - Rows affected: 1
[2024-08-20T04:46:59.580+0000] {base.py:84} INFO - Retrieving connection 'books_connection'
[2024-08-20T04:46:59.583+0000] {sql.py:509} INFO - Running statement: 
    INSERT INTO books (title, authors, price, rating)
    VALUES (%s, %s, %s, %s)
    , parameters: ('Data Structures and Algorithms: 100 Interview Questions (Advanced Topics in Programming Book 2)', 'Kindle', '9.', '5.0 out of 5 stars')
[2024-08-20T04:46:59.585+0000] {sql.py:518} INFO - Rows affected: 1
[2024-08-20T04:46:59.593+0000] {base.py:84} INFO - Retrieving connection 'books_connection'
[2024-08-20T04:46:59.597+0000] {sql.py:509} INFO - Running statement: 
    INSERT INTO books (title, authors, price, rating)
    VALUES (%s, %s, %s, %s)
    , parameters: ('Data-Centric Machine Learning with Python: The ultimate guide to engineering and deploying high-quality models based on good data', 'Jonas Christensen', '49.', '4.6 out of 5 stars')
[2024-08-20T04:46:59.598+0000] {sql.py:518} INFO - Rows affected: 1
[2024-08-20T04:46:59.607+0000] {base.py:84} INFO - Retrieving connection 'books_connection'
[2024-08-20T04:46:59.611+0000] {sql.py:509} INFO - Running statement: 
    INSERT INTO books (title, authors, price, rating)
    VALUES (%s, %s, %s, %s)
    , parameters: ('Architecting Data and Machine Learning Platforms: Enable Analytics and AI-Driven Innovation in the Cloud', 'Marco Tranquillin', '37.', '4.3 out of 5 stars')
[2024-08-20T04:46:59.613+0000] {sql.py:518} INFO - Rows affected: 1
[2024-08-20T04:46:59.621+0000] {base.py:84} INFO - Retrieving connection 'books_connection'
[2024-08-20T04:46:59.625+0000] {sql.py:509} INFO - Running statement: 
    INSERT INTO books (title, authors, price, rating)
    VALUES (%s, %s, %s, %s)
    , parameters: ('Killed by a Traffic Engineer: Shattering the Delusion that Science Underlies our Transportation System', 'Wes Marshall', '33.', '4.5 out of 5 stars')
[2024-08-20T04:46:59.627+0000] {sql.py:518} INFO - Rows affected: 1
[2024-08-20T04:46:59.635+0000] {base.py:84} INFO - Retrieving connection 'books_connection'
[2024-08-20T04:46:59.639+0000] {sql.py:509} INFO - Running statement: 
    INSERT INTO books (title, authors, price, rating)
    VALUES (%s, %s, %s, %s)
    , parameters: ('Python Data Engineering Resources: Boost Your Career With This Python Handbook; Prepare For Python Interview; Python Programming Cookbook For Beginners and Experienced; Python Data Analysis and More', 'Vajo Lukic', '9.', '4.8 out of 5 stars')
[2024-08-20T04:46:59.640+0000] {sql.py:518} INFO - Rows affected: 1
[2024-08-20T04:46:59.649+0000] {base.py:84} INFO - Retrieving connection 'books_connection'
[2024-08-20T04:46:59.652+0000] {sql.py:509} INFO - Running statement: 
    INSERT INTO books (title, authors, price, rating)
    VALUES (%s, %s, %s, %s)
    , parameters: ('Restricted Data: The History of Nuclear Secrecy in the United States', 'Alex Wellerstein', '2.', '4.7 out of 5 stars')
[2024-08-20T04:46:59.654+0000] {sql.py:518} INFO - Rows affected: 1
[2024-08-20T04:46:59.662+0000] {base.py:84} INFO - Retrieving connection 'books_connection'
[2024-08-20T04:46:59.666+0000] {sql.py:509} INFO - Running statement: 
    INSERT INTO books (title, authors, price, rating)
    VALUES (%s, %s, %s, %s)
    , parameters: ('Data Driven: Truckers, Technology, and the New Workplace Surveillance', 'Karen Levy', '21.', '4.3 out of 5 stars')
[2024-08-20T04:46:59.667+0000] {sql.py:518} INFO - Rows affected: 1
[2024-08-20T04:46:59.676+0000] {base.py:84} INFO - Retrieving connection 'books_connection'
[2024-08-20T04:46:59.679+0000] {sql.py:509} INFO - Running statement: 
    INSERT INTO books (title, authors, price, rating)
    VALUES (%s, %s, %s, %s)
    , parameters: ("Engineers' Practical Databook: A Technical Reference Guide for Students and Professionals", 'Jay Smith', '18.', '4.6 out of 5 stars')
[2024-08-20T04:46:59.681+0000] {sql.py:518} INFO - Rows affected: 1
[2024-08-20T04:46:59.689+0000] {base.py:84} INFO - Retrieving connection 'books_connection'
[2024-08-20T04:46:59.693+0000] {sql.py:509} INFO - Running statement: 
    INSERT INTO books (title, authors, price, rating)
    VALUES (%s, %s, %s, %s)
    , parameters: ('Grokking Algorithms', 'Audible Audiobook', '0.', '4.6 out of 5 stars')
[2024-08-20T04:46:59.695+0000] {sql.py:518} INFO - Rows affected: 1
[2024-08-20T04:46:59.704+0000] {base.py:84} INFO - Retrieving connection 'books_connection'
[2024-08-20T04:46:59.709+0000] {sql.py:509} INFO - Running statement: 
    INSERT INTO books (title, authors, price, rating)
    VALUES (%s, %s, %s, %s)
    , parameters: ('Understanding Cryptography: A Textbook for Students and Practitioners', 'Christof Paar', '29.', '4.6 out of 5 stars')
[2024-08-20T04:46:59.711+0000] {sql.py:518} INFO - Rows affected: 1
[2024-08-20T04:46:59.719+0000] {base.py:84} INFO - Retrieving connection 'books_connection'
[2024-08-20T04:46:59.723+0000] {sql.py:509} INFO - Running statement: 
    INSERT INTO books (title, authors, price, rating)
    VALUES (%s, %s, %s, %s)
    , parameters: ('Observability Engineering: Achieving Production Excellence', 'Charity Majors', '34.', '4.3 out of 5 stars')
[2024-08-20T04:46:59.725+0000] {sql.py:518} INFO - Rows affected: 1
[2024-08-20T04:46:59.733+0000] {base.py:84} INFO - Retrieving connection 'books_connection'
[2024-08-20T04:46:59.738+0000] {sql.py:509} INFO - Running statement: 
    INSERT INTO books (title, authors, price, rating)
    VALUES (%s, %s, %s, %s)
    , parameters: ('Python Feature Engineering Cookbook: Over 70 recipes for creating, engineering, and transforming features to build machine learning models, 2nd Edition', 'Soledad Galli', '44.', '4.4 out of 5 stars')
[2024-08-20T04:46:59.739+0000] {sql.py:518} INFO - Rows affected: 1
[2024-08-20T04:46:59.748+0000] {base.py:84} INFO - Retrieving connection 'books_connection'
[2024-08-20T04:46:59.752+0000] {sql.py:509} INFO - Running statement: 
    INSERT INTO books (title, authors, price, rating)
    VALUES (%s, %s, %s, %s)
    , parameters: ('Learning Tableau 2022 - Fifth Edition: Create effective data visualizations, build interactive visual analytics, and improve your data storytelling capabilities', 'Joshua N Milligan', '57.', '4.5 out of 5 stars')
[2024-08-20T04:46:59.753+0000] {sql.py:518} INFO - Rows affected: 1
[2024-08-20T04:46:59.761+0000] {base.py:84} INFO - Retrieving connection 'books_connection'
[2024-08-20T04:46:59.765+0000] {sql.py:509} INFO - Running statement: 
    INSERT INTO books (title, authors, price, rating)
    VALUES (%s, %s, %s, %s)
    , parameters: ('Practical Reverse Engineering: x86, x64, ARM, Windows Kernel, Reversing Tools, and Obfuscation', 'Bruce Dang', '34.', '4.6 out of 5 stars')
[2024-08-20T04:46:59.766+0000] {sql.py:518} INFO - Rows affected: 1
[2024-08-20T04:46:59.768+0000] {python.py:240} INFO - Done. Returned value was: None
[2024-08-20T04:46:59.779+0000] {taskinstance.py:340} INFO - ::group::Post task execution logs
[2024-08-20T04:46:59.780+0000] {taskinstance.py:352} INFO - Marking task as SUCCESS. dag_id=fetch_and_store_DE_books, task_id=insert_book_data, run_id=scheduled__2024-08-11T00:00:00+00:00, execution_date=20240811T000000, start_date=20240820T044657, end_date=20240820T044659
[2024-08-20T04:46:59.792+0000] {logging_mixin.py:190} INFO - Task instance in success state
[2024-08-20T04:46:59.793+0000] {logging_mixin.py:190} INFO -  Previous state of the Task instance: running
[2024-08-20T04:46:59.793+0000] {logging_mixin.py:190} INFO - Dag name:fetch_and_store_DE_books queued_at:2024-08-20 04:46:45.020055+00:00
[2024-08-20T04:46:59.794+0000] {logging_mixin.py:190} INFO - Task hostname:668944ed7238 operator:PythonOperator
[2024-08-20T04:46:59.832+0000] {local_task_job_runner.py:261} INFO - Task exited with return code 0
[2024-08-20T04:46:59.851+0000] {taskinstance.py:3891} INFO - 0 downstream tasks scheduled from follow-on schedule check
[2024-08-20T04:46:59.854+0000] {local_task_job_runner.py:240} INFO - ::endgroup::
