[2024-08-20T04:44:07.556+0000] {local_task_job_runner.py:123} INFO - ::group::Pre task execution logs
[2024-08-20T04:44:07.574+0000] {taskinstance.py:2603} INFO - Dependencies all met for dep_context=non-requeueable deps ti=<TaskInstance: fetch_and_store_DE_books.insert_book_data scheduled__2024-07-14T00:00:00+00:00 [queued]>
[2024-08-20T04:44:07.583+0000] {taskinstance.py:2603} INFO - Dependencies all met for dep_context=requeueable deps ti=<TaskInstance: fetch_and_store_DE_books.insert_book_data scheduled__2024-07-14T00:00:00+00:00 [queued]>
[2024-08-20T04:44:07.584+0000] {taskinstance.py:2856} INFO - Starting attempt 1 of 2
[2024-08-20T04:44:07.599+0000] {taskinstance.py:2879} INFO - Executing <Task(PythonOperator): insert_book_data> on 2024-07-14 00:00:00+00:00
[2024-08-20T04:44:07.610+0000] {warnings.py:112} WARNING - /home/***/.local/lib/python3.12/site-packages/***/task/task_runner/standard_task_runner.py:70: DeprecationWarning: This process (pid=917) is multi-threaded, use of fork() may lead to deadlocks in the child.
  pid = os.fork()

[2024-08-20T04:44:07.612+0000] {standard_task_runner.py:72} INFO - Started process 921 to run task
[2024-08-20T04:44:07.613+0000] {standard_task_runner.py:104} INFO - Running: ['***', 'tasks', 'run', 'fetch_and_store_DE_books', 'insert_book_data', 'scheduled__2024-07-14T00:00:00+00:00', '--job-id', '47', '--raw', '--subdir', 'DAGS_FOLDER/app.py', '--cfg-path', '/tmp/tmprlxmfly7']
[2024-08-20T04:44:07.615+0000] {standard_task_runner.py:105} INFO - Job 47: Subtask insert_book_data
[2024-08-20T04:44:07.669+0000] {task_command.py:467} INFO - Running <TaskInstance: fetch_and_store_DE_books.insert_book_data scheduled__2024-07-14T00:00:00+00:00 [running]> on host 668944ed7238
[2024-08-20T04:44:07.769+0000] {taskinstance.py:3122} INFO - Exporting env vars: AIRFLOW_CTX_DAG_OWNER='***' AIRFLOW_CTX_DAG_ID='fetch_and_store_DE_books' AIRFLOW_CTX_TASK_ID='insert_book_data' AIRFLOW_CTX_EXECUTION_DATE='2024-07-14T00:00:00+00:00' AIRFLOW_CTX_TRY_NUMBER='1' AIRFLOW_CTX_DAG_RUN_ID='scheduled__2024-07-14T00:00:00+00:00'
[2024-08-20T04:44:07.772+0000] {logging_mixin.py:190} INFO - Task instance is in running state
[2024-08-20T04:44:07.773+0000] {logging_mixin.py:190} INFO -  Previous state of the Task instance: queued
[2024-08-20T04:44:07.774+0000] {logging_mixin.py:190} INFO - Current task name:insert_book_data state:running start_date:2024-08-20 04:44:07.575570+00:00
[2024-08-20T04:44:07.774+0000] {logging_mixin.py:190} INFO - Dag name:fetch_and_store_DE_books and current dag run status:running
[2024-08-20T04:44:07.775+0000] {taskinstance.py:731} INFO - ::endgroup::
[2024-08-20T04:44:07.798+0000] {base.py:84} INFO - Retrieving connection 'books_connection'
[2024-08-20T04:44:07.803+0000] {sql.py:509} INFO - Running statement: 
    INSERT INTO books (title, authors, price, rating)
    VALUES (%s, %s, %s, %s)
    , parameters: ('Ace the Data Engineering Interview: Questions and Answers for Python, SQL, Data Modeling and More', 'Sean Coyne', '24.', '4.1 out of 5 stars')
[2024-08-20T04:44:07.805+0000] {sql.py:518} INFO - Rows affected: 1
[2024-08-20T04:44:07.815+0000] {base.py:84} INFO - Retrieving connection 'books_connection'
[2024-08-20T04:44:07.820+0000] {sql.py:509} INFO - Running statement: 
    INSERT INTO books (title, authors, price, rating)
    VALUES (%s, %s, %s, %s)
    , parameters: ('Data Engineering with AWS - Second Edition: Acquire the skills to design and build AWS-based data transformation pipelines like a pro', 'Gareth Eagar', '41.', '4.4 out of 5 stars')
[2024-08-20T04:44:07.822+0000] {sql.py:518} INFO - Rows affected: 1
[2024-08-20T04:44:07.833+0000] {base.py:84} INFO - Retrieving connection 'books_connection'
[2024-08-20T04:44:07.837+0000] {sql.py:509} INFO - Running statement: 
    INSERT INTO books (title, authors, price, rating)
    VALUES (%s, %s, %s, %s)
    , parameters: ('Azure Data Engineer Associate Certification Guide: Ace the DP-203 exam with advanced data engineering skills', 'Giacinto Palmieri', '39.', '4.5 out of 5 stars')
[2024-08-20T04:44:07.840+0000] {sql.py:518} INFO - Rows affected: 1
[2024-08-20T04:44:07.849+0000] {base.py:84} INFO - Retrieving connection 'books_connection'
[2024-08-20T04:44:07.853+0000] {sql.py:509} INFO - Running statement: 
    INSERT INTO books (title, authors, price, rating)
    VALUES (%s, %s, %s, %s)
    , parameters: ('Data Engineering 101', 'Paperback', '22.', '5.0 out of 5 stars')
[2024-08-20T04:44:07.856+0000] {sql.py:518} INFO - Rows affected: 1
[2024-08-20T04:44:07.866+0000] {base.py:84} INFO - Retrieving connection 'books_connection'
[2024-08-20T04:44:07.871+0000] {sql.py:509} INFO - Running statement: 
    INSERT INTO books (title, authors, price, rating)
    VALUES (%s, %s, %s, %s)
    , parameters: ('Fundamentals of Data Engineering: Plan and Build Robust Data Systems', 'Joe Reis', '38.', '4.7 out of 5 stars')
[2024-08-20T04:44:07.872+0000] {sql.py:518} INFO - Rows affected: 1
[2024-08-20T04:44:07.882+0000] {base.py:84} INFO - Retrieving connection 'books_connection'
[2024-08-20T04:44:07.885+0000] {sql.py:509} INFO - Running statement: 
    INSERT INTO books (title, authors, price, rating)
    VALUES (%s, %s, %s, %s)
    , parameters: ('Data Pipelines Pocket Reference: Moving and Processing Data for Analytics', 'James Densmore', '17.', '4.5 out of 5 stars')
[2024-08-20T04:44:07.887+0000] {sql.py:518} INFO - Rows affected: 1
[2024-08-20T04:44:07.896+0000] {base.py:84} INFO - Retrieving connection 'books_connection'
[2024-08-20T04:44:07.900+0000] {sql.py:509} INFO - Running statement: 
    INSERT INTO books (title, authors, price, rating)
    VALUES (%s, %s, %s, %s)
    , parameters: ('Designing Data-Intensive Applications: The Big Ideas Behind Reliable, Scalable, and Maintainable Systems', 'Martin Kleppmann', '35.', '4.8 out of 5 stars')
[2024-08-20T04:44:07.901+0000] {sql.py:518} INFO - Rows affected: 1
[2024-08-20T04:44:07.909+0000] {base.py:84} INFO - Retrieving connection 'books_connection'
[2024-08-20T04:44:07.913+0000] {sql.py:509} INFO - Running statement: 
    INSERT INTO books (title, authors, price, rating)
    VALUES (%s, %s, %s, %s)
    , parameters: ('Data Engineering with Python: Work with massive datasets to design data models and automate data pipelines using Python', 'Paul Crickard', '37.', '4.1 out of 5 stars')
[2024-08-20T04:44:07.915+0000] {sql.py:518} INFO - Rows affected: 1
[2024-08-20T04:44:07.923+0000] {base.py:84} INFO - Retrieving connection 'books_connection'
[2024-08-20T04:44:07.927+0000] {sql.py:509} INFO - Running statement: 
    INSERT INTO books (title, authors, price, rating)
    VALUES (%s, %s, %s, %s)
    , parameters: ('Data Engineering with Python cookbook: Learn to build efficient data pipelines using the Modern Cloud Data Stack', 'Adithyan Ramanujakootam', '29.', '5.0 out of 5 stars')
[2024-08-20T04:44:07.928+0000] {sql.py:518} INFO - Rows affected: 1
[2024-08-20T04:44:07.936+0000] {base.py:84} INFO - Retrieving connection 'books_connection'
[2024-08-20T04:44:07.939+0000] {sql.py:509} INFO - Running statement: 
    INSERT INTO books (title, authors, price, rating)
    VALUES (%s, %s, %s, %s)
    , parameters: ('Cracking the Data Engineering Interview: Land your dream job with the help of resume-building tips, over 100 mock questions, and a unique portfolio', 'Kedeisha Bryan', '26.', '4.4 out of 5 stars')
[2024-08-20T04:44:07.941+0000] {sql.py:518} INFO - Rows affected: 1
[2024-08-20T04:44:07.949+0000] {base.py:84} INFO - Retrieving connection 'books_connection'
[2024-08-20T04:44:07.953+0000] {sql.py:509} INFO - Running statement: 
    INSERT INTO books (title, authors, price, rating)
    VALUES (%s, %s, %s, %s)
    , parameters: ('Data Engineering with AWS: Learn how to design and build cloud-based data transformation pipelines using AWS', 'Gareth Eagar', '49.', '4.4 out of 5 stars')
[2024-08-20T04:44:07.954+0000] {sql.py:518} INFO - Rows affected: 1
[2024-08-20T04:44:07.962+0000] {base.py:84} INFO - Retrieving connection 'books_connection'
[2024-08-20T04:44:07.966+0000] {sql.py:509} INFO - Running statement: 
    INSERT INTO books (title, authors, price, rating)
    VALUES (%s, %s, %s, %s)
    , parameters: ('Software Engineering for Data Scientists: From Notebooks to Scalable Systems', 'Catherine Nelson', '52.', '4.5 out of 5 stars')
[2024-08-20T04:44:07.968+0000] {sql.py:518} INFO - Rows affected: 1
[2024-08-20T04:44:07.976+0000] {base.py:84} INFO - Retrieving connection 'books_connection'
[2024-08-20T04:44:07.980+0000] {sql.py:509} INFO - Running statement: 
    INSERT INTO books (title, authors, price, rating)
    VALUES (%s, %s, %s, %s)
    , parameters: ('Data Engineering with Google Cloud Platform: A guide to leveling up as a data engineer by building a scalable data platform with Google Cloud', 'Adi Wijaya', '41.', '5.0 out of 5 stars')
[2024-08-20T04:44:07.982+0000] {sql.py:518} INFO - Rows affected: 1
[2024-08-20T04:44:07.991+0000] {base.py:84} INFO - Retrieving connection 'books_connection'
[2024-08-20T04:44:07.995+0000] {sql.py:509} INFO - Running statement: 
    INSERT INTO books (title, authors, price, rating)
    VALUES (%s, %s, %s, %s)
    , parameters: ('Driving Data Quality with Data Contracts: A comprehensive guide to building reliable, trusted, and effective data platforms', 'Andrew Jones', '28.', '4.6 out of 5 stars')
[2024-08-20T04:44:07.997+0000] {sql.py:518} INFO - Rows affected: 1
[2024-08-20T04:44:08.007+0000] {base.py:84} INFO - Retrieving connection 'books_connection'
[2024-08-20T04:44:08.011+0000] {sql.py:509} INFO - Running statement: 
    INSERT INTO books (title, authors, price, rating)
    VALUES (%s, %s, %s, %s)
    , parameters: ('Mastering Large Datasets with Python: Parallelize and Distribute Your Python Code', 'John T. Wolohan', '49.', '3.9 out of 5 stars')
[2024-08-20T04:44:08.014+0000] {sql.py:518} INFO - Rows affected: 1
[2024-08-20T04:44:08.022+0000] {base.py:84} INFO - Retrieving connection 'books_connection'
[2024-08-20T04:44:08.026+0000] {sql.py:509} INFO - Running statement: 
    INSERT INTO books (title, authors, price, rating)
    VALUES (%s, %s, %s, %s)
    , parameters: ('Build a Career in Data Science', 'Emily Robinson', '35.', '4.6 out of 5 stars')
[2024-08-20T04:44:08.028+0000] {sql.py:518} INFO - Rows affected: 1
[2024-08-20T04:44:08.038+0000] {base.py:84} INFO - Retrieving connection 'books_connection'
[2024-08-20T04:44:08.042+0000] {sql.py:509} INFO - Running statement: 
    INSERT INTO books (title, authors, price, rating)
    VALUES (%s, %s, %s, %s)
    , parameters: ('Data Engineering with Databricks Cookbook: Build effective data and AI solutions using Apache Spark, Databricks, and Delta Lake', 'Pulkit Chadha', '42.', '4.2 out of 5 stars')
[2024-08-20T04:44:08.044+0000] {sql.py:518} INFO - Rows affected: 1
[2024-08-20T04:44:08.053+0000] {base.py:84} INFO - Retrieving connection 'books_connection'
[2024-08-20T04:44:08.057+0000] {sql.py:509} INFO - Running statement: 
    INSERT INTO books (title, authors, price, rating)
    VALUES (%s, %s, %s, %s)
    , parameters: ('Data Engineering with dbt: A practical guide to building a cloud-based, pragmatic, and dependable data platform with SQL', 'Roberto Zagni', '37.', '4.6 out of 5 stars')
[2024-08-20T04:44:08.058+0000] {sql.py:518} INFO - Rows affected: 1
[2024-08-20T04:44:08.069+0000] {base.py:84} INFO - Retrieving connection 'books_connection'
[2024-08-20T04:44:08.073+0000] {sql.py:509} INFO - Running statement: 
    INSERT INTO books (title, authors, price, rating)
    VALUES (%s, %s, %s, %s)
    , parameters: ('Data-Driven Science and Engineering: Machine Learning, Dynamical Systems, and Control', 'Steven L. Brunton', '64.', '4.7 out of 5 stars')
[2024-08-20T04:44:08.076+0000] {sql.py:518} INFO - Rows affected: 1
[2024-08-20T04:44:08.085+0000] {base.py:84} INFO - Retrieving connection 'books_connection'
[2024-08-20T04:44:08.089+0000] {sql.py:509} INFO - Running statement: 
    INSERT INTO books (title, authors, price, rating)
    VALUES (%s, %s, %s, %s)
    , parameters: ('Data Analysis with Python and PySpark', 'Jonathan Rioux', '55.', '4.4 out of 5 stars')
[2024-08-20T04:44:08.091+0000] {sql.py:518} INFO - Rows affected: 1
[2024-08-20T04:44:08.103+0000] {base.py:84} INFO - Retrieving connection 'books_connection'
[2024-08-20T04:44:08.107+0000] {sql.py:509} INFO - Running statement: 
    INSERT INTO books (title, authors, price, rating)
    VALUES (%s, %s, %s, %s)
    , parameters: ('Data Privacy: A runbook for engineers', 'Nishant Bhajaria', '32.', '4.8 out of 5 stars')
[2024-08-20T04:44:08.109+0000] {sql.py:518} INFO - Rows affected: 1
[2024-08-20T04:44:08.117+0000] {base.py:84} INFO - Retrieving connection 'books_connection'
[2024-08-20T04:44:08.123+0000] {sql.py:509} INFO - Running statement: 
    INSERT INTO books (title, authors, price, rating)
    VALUES (%s, %s, %s, %s)
    , parameters: ('Expert Data Modeling with Power BI - Second Edition: Enrich and optimize your data models to get the best out of Power BI for reporting and business needs', 'Soheil Bakhshi', '47.', '4.8 out of 5 stars')
[2024-08-20T04:44:08.125+0000] {sql.py:518} INFO - Rows affected: 1
[2024-08-20T04:44:08.134+0000] {base.py:84} INFO - Retrieving connection 'books_connection'
[2024-08-20T04:44:08.138+0000] {sql.py:509} INFO - Running statement: 
    INSERT INTO books (title, authors, price, rating)
    VALUES (%s, %s, %s, %s)
    , parameters: ("Data: Principles To Practice - Volume 1 'Foundations': Essential Foundations: Key Concepts behind Data Architecture, Engineering and Analysis for Professionals", 'Mr Alex Holloway', '11.', '4.7 out of 5 stars')
[2024-08-20T04:44:08.140+0000] {sql.py:518} INFO - Rows affected: 1
[2024-08-20T04:44:08.149+0000] {base.py:84} INFO - Retrieving connection 'books_connection'
[2024-08-20T04:44:08.154+0000] {sql.py:509} INFO - Running statement: 
    INSERT INTO books (title, authors, price, rating)
    VALUES (%s, %s, %s, %s)
    , parameters: ('DATA ENGINEERING AND AI FOR BEGINNERS: Revolutionizing Data Processing and Analytics by Leveraging Artificial Intelligence for Efficient Input Collection, Storage, and Transformation (World of AI)', 'Paperback', '13.', '4.4 out of 5 stars')
[2024-08-20T04:44:08.156+0000] {sql.py:518} INFO - Rows affected: 1
[2024-08-20T04:44:08.165+0000] {base.py:84} INFO - Retrieving connection 'books_connection'
[2024-08-20T04:44:08.169+0000] {sql.py:509} INFO - Running statement: 
    INSERT INTO books (title, authors, price, rating)
    VALUES (%s, %s, %s, %s)
    , parameters: ('Data Mesh: Delivering Data-Driven Value at Scale', 'Zhamak Dehghani', '43.', '4.5 out of 5 stars')
[2024-08-20T04:44:08.171+0000] {sql.py:518} INFO - Rows affected: 1
[2024-08-20T04:44:08.179+0000] {base.py:84} INFO - Retrieving connection 'books_connection'
[2024-08-20T04:44:08.184+0000] {sql.py:509} INFO - Running statement: 
    INSERT INTO books (title, authors, price, rating)
    VALUES (%s, %s, %s, %s)
    , parameters: ('Data Engineering with Apache Spark, Delta Lake, and Lakehouse: Create scalable pipelines that ingest, curate, and aggregate complex data in a timely and secure way', 'Manoj Kukreja', '29.', '3.9 out of 5 stars')
[2024-08-20T04:44:08.185+0000] {sql.py:518} INFO - Rows affected: 1
[2024-08-20T04:44:08.195+0000] {base.py:84} INFO - Retrieving connection 'books_connection'
[2024-08-20T04:44:08.199+0000] {sql.py:509} INFO - Running statement: 
    INSERT INTO books (title, authors, price, rating)
    VALUES (%s, %s, %s, %s)
    , parameters: ('Machine Learning Engineering', 'Andriy Burkov', '39.', '4.7 out of 5 stars')
[2024-08-20T04:44:08.201+0000] {sql.py:518} INFO - Rows affected: 1
[2024-08-20T04:44:08.211+0000] {base.py:84} INFO - Retrieving connection 'books_connection'
[2024-08-20T04:44:08.216+0000] {sql.py:509} INFO - Running statement: 
    INSERT INTO books (title, authors, price, rating)
    VALUES (%s, %s, %s, %s)
    , parameters: ('The Enterprise Data Catalog: Improve Data Discovery, Ensure Data Governance, and Enable Innovation', 'Ole Olesen-Bagneux', '31.', '4.5 out of 5 stars')
[2024-08-20T04:44:08.218+0000] {sql.py:518} INFO - Rows affected: 1
[2024-08-20T04:44:08.229+0000] {base.py:84} INFO - Retrieving connection 'books_connection'
[2024-08-20T04:44:08.233+0000] {sql.py:509} INFO - Running statement: 
    INSERT INTO books (title, authors, price, rating)
    VALUES (%s, %s, %s, %s)
    , parameters: ('Data Engineering with Databricks', 'Paperback', '25.', '3.4 out of 5 stars')
[2024-08-20T04:44:08.235+0000] {sql.py:518} INFO - Rows affected: 1
[2024-08-20T04:44:08.247+0000] {base.py:84} INFO - Retrieving connection 'books_connection'
[2024-08-20T04:44:08.251+0000] {sql.py:509} INFO - Running statement: 
    INSERT INTO books (title, authors, price, rating)
    VALUES (%s, %s, %s, %s)
    , parameters: ('Ace the Data Science Interview: 201 Real Interview Questions Asked By FAANG, Tech Startups, & Wall Street', 'Nick Singh', '42.', '4.5 out of 5 stars')
[2024-08-20T04:44:08.253+0000] {sql.py:518} INFO - Rows affected: 1
[2024-08-20T04:44:08.264+0000] {base.py:84} INFO - Retrieving connection 'books_connection'
[2024-08-20T04:44:08.269+0000] {sql.py:509} INFO - Running statement: 
    INSERT INTO books (title, authors, price, rating)
    VALUES (%s, %s, %s, %s)
    , parameters: ('Modern Data Engineering with Apache Spark: A Hands-On Guide for Building Mission-Critical Streaming Applications', 'Scott Haines', '30.', '4.1 out of 5 stars')
[2024-08-20T04:44:08.270+0000] {sql.py:518} INFO - Rows affected: 1
[2024-08-20T04:44:08.280+0000] {base.py:84} INFO - Retrieving connection 'books_connection'
[2024-08-20T04:44:08.284+0000] {sql.py:509} INFO - Running statement: 
    INSERT INTO books (title, authors, price, rating)
    VALUES (%s, %s, %s, %s)
    , parameters: ('Data Modeling with Snowflake: A practical guide to accelerating Snowflake development using universal data modeling techniques', 'Serge Gershkovich', '36.', '4.8 out of 5 stars')
[2024-08-20T04:44:08.287+0000] {sql.py:518} INFO - Rows affected: 1
[2024-08-20T04:44:08.298+0000] {base.py:84} INFO - Retrieving connection 'books_connection'
[2024-08-20T04:44:08.302+0000] {sql.py:509} INFO - Running statement: 
    INSERT INTO books (title, authors, price, rating)
    VALUES (%s, %s, %s, %s)
    , parameters: ('Storytelling with Data: A Data Visualization Guide for Business Professionals', 'Cole Nussbaumer Knaflic', '27.', '4.6 out of 5 stars')
[2024-08-20T04:44:08.304+0000] {sql.py:518} INFO - Rows affected: 1
[2024-08-20T04:44:08.314+0000] {base.py:84} INFO - Retrieving connection 'books_connection'
[2024-08-20T04:44:08.319+0000] {sql.py:509} INFO - Running statement: 
    INSERT INTO books (title, authors, price, rating)
    VALUES (%s, %s, %s, %s)
    , parameters: ('97 Things Every Data Engineer Should Know: Collective Wisdom from the Experts', 'Audible Audiobook', '0.', '4.1 out of 5 stars')
[2024-08-20T04:44:08.321+0000] {sql.py:518} INFO - Rows affected: 1
[2024-08-20T04:44:08.332+0000] {base.py:84} INFO - Retrieving connection 'books_connection'
[2024-08-20T04:44:08.337+0000] {sql.py:509} INFO - Running statement: 
    INSERT INTO books (title, authors, price, rating)
    VALUES (%s, %s, %s, %s)
    , parameters: ("Data Quality Fundamentals: A Practitioner's Guide to Building Trustworthy Data Pipelines", 'Paperback', '45.', '4.1 out of 5 stars')
[2024-08-20T04:44:08.339+0000] {sql.py:518} INFO - Rows affected: 1
[2024-08-20T04:44:08.349+0000] {base.py:84} INFO - Retrieving connection 'books_connection'
[2024-08-20T04:44:08.354+0000] {sql.py:509} INFO - Running statement: 
    INSERT INTO books (title, authors, price, rating)
    VALUES (%s, %s, %s, %s)
    , parameters: ('Fundamentals of Data Analytics: Learn Essential Skills, Embrace the Future, and Catapult Your Career in the Data-Driven World—A Comprehensive Guide to Data Literacy for Beginners', 'Russell Dawson', '16.', '4.8 out of 5 stars')
[2024-08-20T04:44:08.357+0000] {sql.py:518} INFO - Rows affected: 1
[2024-08-20T04:44:08.368+0000] {base.py:84} INFO - Retrieving connection 'books_connection'
[2024-08-20T04:44:08.382+0000] {sql.py:509} INFO - Running statement: 
    INSERT INTO books (title, authors, price, rating)
    VALUES (%s, %s, %s, %s)
    , parameters: ('Data Engineering with Google Cloud Platform: A practical guide to operationalizing scalable data analytics systems on GCP', 'Adi Wijaya', '41.', '4.7 out of 5 stars')
[2024-08-20T04:44:08.395+0000] {sql.py:518} INFO - Rows affected: 1
[2024-08-20T04:44:08.431+0000] {base.py:84} INFO - Retrieving connection 'books_connection'
[2024-08-20T04:44:08.468+0000] {sql.py:509} INFO - Running statement: 
    INSERT INTO books (title, authors, price, rating)
    VALUES (%s, %s, %s, %s)
    , parameters: ('Prompt Engineering for Generative AI: Future-Proof Inputs for Reliable AI Outputs', 'James Phoenix', '57.', '4.4 out of 5 stars')
[2024-08-20T04:44:08.475+0000] {sql.py:518} INFO - Rows affected: 1
[2024-08-20T04:44:08.496+0000] {base.py:84} INFO - Retrieving connection 'books_connection'
[2024-08-20T04:44:08.502+0000] {sql.py:509} INFO - Running statement: 
    INSERT INTO books (title, authors, price, rating)
    VALUES (%s, %s, %s, %s)
    , parameters: ('Python Programming and SQL: 5 books in 1 - The #1 Coding Course from Beginner to Advanced. Learn it Well & Fast (2024) (Computer Programming)', 'Paperback', '32.', '4.3 out of 5 stars')
[2024-08-20T04:44:08.504+0000] {sql.py:518} INFO - Rows affected: 1
[2024-08-20T04:44:08.521+0000] {base.py:84} INFO - Retrieving connection 'books_connection'
[2024-08-20T04:44:08.528+0000] {sql.py:509} INFO - Running statement: 
    INSERT INTO books (title, authors, price, rating)
    VALUES (%s, %s, %s, %s)
    , parameters: ('Analytics Engineering with SQL and dbt: Building Meaningful Data Models at Scale', 'Rui Pedro Machado', '41.', '3.8 out of 5 stars')
[2024-08-20T04:44:08.530+0000] {sql.py:518} INFO - Rows affected: 1
[2024-08-20T04:44:08.550+0000] {base.py:84} INFO - Retrieving connection 'books_connection'
[2024-08-20T04:44:08.557+0000] {sql.py:509} INFO - Running statement: 
    INSERT INTO books (title, authors, price, rating)
    VALUES (%s, %s, %s, %s)
    , parameters: ("Azure Data Factory Cookbook - Second Edition: A data engineer's guide to building and managing ETL and ELT pipelines with data integration", 'Dmitry Foshin', '51.', '4.4 out of 5 stars')
[2024-08-20T04:44:08.559+0000] {sql.py:518} INFO - Rows affected: 1
[2024-08-20T04:44:08.571+0000] {base.py:84} INFO - Retrieving connection 'books_connection'
[2024-08-20T04:44:08.576+0000] {sql.py:509} INFO - Running statement: 
    INSERT INTO books (title, authors, price, rating)
    VALUES (%s, %s, %s, %s)
    , parameters: ('Data Observability for Data Engineering: Proactive strategies for ensuring data accuracy and addressing broken data pipelines', 'Michele Pinto', '18.', '3.7 out of 5 stars')
[2024-08-20T04:44:08.579+0000] {sql.py:518} INFO - Rows affected: 1
[2024-08-20T04:44:08.597+0000] {base.py:84} INFO - Retrieving connection 'books_connection'
[2024-08-20T04:44:08.603+0000] {sql.py:509} INFO - Running statement: 
    INSERT INTO books (title, authors, price, rating)
    VALUES (%s, %s, %s, %s)
    , parameters: ("Ultimate Data Engineering with Databricks: Develop Scalable Data Pipelines Using Data Engineering's Core Tenets Such as Delta Tables, Ingestion, ... Security, and Scalability (English Edition)", 'Mayank Malhotra', '37.', '3.8 out of 5 stars')
[2024-08-20T04:44:08.605+0000] {sql.py:518} INFO - Rows affected: 1
[2024-08-20T04:44:08.621+0000] {base.py:84} INFO - Retrieving connection 'books_connection'
[2024-08-20T04:44:08.628+0000] {sql.py:509} INFO - Running statement: 
    INSERT INTO books (title, authors, price, rating)
    VALUES (%s, %s, %s, %s)
    , parameters: ('The Data Warehouse Toolkit: The Definitive Guide to Dimensional Modeling', 'Paperback', '47.', '4.7 out of 5 stars')
[2024-08-20T04:44:08.631+0000] {sql.py:518} INFO - Rows affected: 1
[2024-08-20T04:44:08.641+0000] {base.py:84} INFO - Retrieving connection 'books_connection'
[2024-08-20T04:44:08.647+0000] {sql.py:509} INFO - Running statement: 
    INSERT INTO books (title, authors, price, rating)
    VALUES (%s, %s, %s, %s)
    , parameters: ('Concepts of Generative AI and Data Engineering: Vital Concepts in Data Engineering and the World of Generative AI', 'Kindle', '29.', '5.0 out of 5 stars')
[2024-08-20T04:44:08.649+0000] {sql.py:518} INFO - Rows affected: 1
[2024-08-20T04:44:08.661+0000] {base.py:84} INFO - Retrieving connection 'books_connection'
[2024-08-20T04:44:08.666+0000] {sql.py:509} INFO - Running statement: 
    INSERT INTO books (title, authors, price, rating)
    VALUES (%s, %s, %s, %s)
    , parameters: ('Official Google Cloud Certified Professional Data Engineer Study Guide', 'Dan Sullivan', '33.', '4.5 out of 5 stars')
[2024-08-20T04:44:08.670+0000] {sql.py:518} INFO - Rows affected: 1
[2024-08-20T04:44:08.684+0000] {base.py:84} INFO - Retrieving connection 'books_connection'
[2024-08-20T04:44:08.692+0000] {sql.py:509} INFO - Running statement: 
    INSERT INTO books (title, authors, price, rating)
    VALUES (%s, %s, %s, %s)
    , parameters: ('Data Analytics, Data Visualization & Communicating Data: 3 books in 1: Learn the Processes of Data Analytics and Data Science, Create Engaging Data Visualizations, and Present Data Effectively', 'Audible Audiobook', '0.', '4.5 out of 5 stars')
[2024-08-20T04:44:08.694+0000] {sql.py:518} INFO - Rows affected: 1
[2024-08-20T04:44:08.710+0000] {base.py:84} INFO - Retrieving connection 'books_connection'
[2024-08-20T04:44:08.715+0000] {sql.py:509} INFO - Running statement: 
    INSERT INTO books (title, authors, price, rating)
    VALUES (%s, %s, %s, %s)
    , parameters: ('Data Engineering and Data Science for Babies: Activity Workbook Part 1', 'Paperback', '9.', '4.1 out of 5 stars')
[2024-08-20T04:44:08.717+0000] {sql.py:518} INFO - Rows affected: 1
[2024-08-20T04:44:08.732+0000] {base.py:84} INFO - Retrieving connection 'books_connection'
[2024-08-20T04:44:08.742+0000] {sql.py:509} INFO - Running statement: 
    INSERT INTO books (title, authors, price, rating)
    VALUES (%s, %s, %s, %s)
    , parameters: ('Fundamentals of Data Engineering: Efficiency, Insight, Impact: Transforming Data into Value through Expert Engineering Practices', 'Joseph Achakji', '0.', '4.6 out of 5 stars')
[2024-08-20T04:44:08.745+0000] {sql.py:518} INFO - Rows affected: 1
[2024-08-20T04:44:08.765+0000] {base.py:84} INFO - Retrieving connection 'books_connection'
[2024-08-20T04:44:08.776+0000] {sql.py:509} INFO - Running statement: 
    INSERT INTO books (title, authors, price, rating)
    VALUES (%s, %s, %s, %s)
    , parameters: ('Learning Spark: Lightning-Fast Data Analytics', 'Jules S. Damji', '43.', '4.7 out of 5 stars')
[2024-08-20T04:44:08.778+0000] {sql.py:518} INFO - Rows affected: 1
[2024-08-20T04:44:08.790+0000] {base.py:84} INFO - Retrieving connection 'books_connection'
[2024-08-20T04:44:08.798+0000] {sql.py:509} INFO - Running statement: 
    INSERT INTO books (title, authors, price, rating)
    VALUES (%s, %s, %s, %s)
    , parameters: ("SQL QuickStart Guide: The Simplified Beginner's Guide to Managing, Analyzing, and Manipulating Data With SQL (Coding & Programming - QuickStart Guides)", 'Paperback', '23.', '4.6 out of 5 stars')
[2024-08-20T04:44:08.806+0000] {sql.py:518} INFO - Rows affected: 1
[2024-08-20T04:44:08.821+0000] {base.py:84} INFO - Retrieving connection 'books_connection'
[2024-08-20T04:44:08.828+0000] {sql.py:509} INFO - Running statement: 
    INSERT INTO books (title, authors, price, rating)
    VALUES (%s, %s, %s, %s)
    , parameters: ('Electrical engineering without prior knowledge: Understand the basics within 7 days (Become an Engineer Without Prior Knowledge)', 'Paperback', '17.', '4.4 out of 5 stars')
[2024-08-20T04:44:08.830+0000] {sql.py:518} INFO - Rows affected: 1
[2024-08-20T04:44:08.846+0000] {base.py:84} INFO - Retrieving connection 'books_connection'
[2024-08-20T04:44:08.851+0000] {sql.py:509} INFO - Running statement: 
    INSERT INTO books (title, authors, price, rating)
    VALUES (%s, %s, %s, %s)
    , parameters: ('Azure Data Engineering Cookbook - Second Edition: Get well versed in various data engineering techniques in Azure using this recipe-based guide', 'Nagaraj Venkatesan', '51.', '3.5 out of 5 stars')
[2024-08-20T04:44:08.853+0000] {sql.py:518} INFO - Rows affected: 1
[2024-08-20T04:44:08.866+0000] {base.py:84} INFO - Retrieving connection 'books_connection'
[2024-08-20T04:44:08.872+0000] {sql.py:509} INFO - Running statement: 
    INSERT INTO books (title, authors, price, rating)
    VALUES (%s, %s, %s, %s)
    , parameters: ('Machine Learning Engineering with Python - Second Edition: Manage the lifecycle of machine learning models using MLOps with practical examples', 'Andrew McMahon', '32.', '4.7 out of 5 stars')
[2024-08-20T04:44:08.875+0000] {sql.py:518} INFO - Rows affected: 1
[2024-08-20T04:44:08.887+0000] {base.py:84} INFO - Retrieving connection 'books_connection'
[2024-08-20T04:44:08.892+0000] {sql.py:509} INFO - Running statement: 
    INSERT INTO books (title, authors, price, rating)
    VALUES (%s, %s, %s, %s)
    , parameters: ('Database Internals: A Deep Dive into How Distributed Data Systems Work', 'Alex Petrov', '36.', '4.6 out of 5 stars')
[2024-08-20T04:44:08.894+0000] {sql.py:518} INFO - Rows affected: 1
[2024-08-20T04:44:08.906+0000] {base.py:84} INFO - Retrieving connection 'books_connection'
[2024-08-20T04:44:08.911+0000] {sql.py:509} INFO - Running statement: 
    INSERT INTO books (title, authors, price, rating)
    VALUES (%s, %s, %s, %s)
    , parameters: ('Data Science (The MIT Press Essential Knowledge series)', 'Paperback', '10.', '4.4 out of 5 stars')
[2024-08-20T04:44:08.913+0000] {sql.py:518} INFO - Rows affected: 1
[2024-08-20T04:44:08.923+0000] {base.py:84} INFO - Retrieving connection 'books_connection'
[2024-08-20T04:44:08.929+0000] {sql.py:509} INFO - Running statement: 
    INSERT INTO books (title, authors, price, rating)
    VALUES (%s, %s, %s, %s)
    , parameters: ('Engineers Survival Guide: Advice, tactics, and tricks After a decade of working at Facebook, Snapchat, and Microsoft', 'Merih Taze', '29.', '4.4 out of 5 stars')
[2024-08-20T04:44:08.931+0000] {sql.py:518} INFO - Rows affected: 1
[2024-08-20T04:44:08.942+0000] {base.py:84} INFO - Retrieving connection 'books_connection'
[2024-08-20T04:44:08.947+0000] {sql.py:509} INFO - Running statement: 
    INSERT INTO books (title, authors, price, rating)
    VALUES (%s, %s, %s, %s)
    , parameters: ('How Data Happened: A History from the Age of Reason to the Age of Algorithms', 'Chris Wiggins', '16.', '4.2 out of 5 stars')
[2024-08-20T04:44:08.948+0000] {sql.py:518} INFO - Rows affected: 1
[2024-08-20T04:44:08.958+0000] {base.py:84} INFO - Retrieving connection 'books_connection'
[2024-08-20T04:44:08.963+0000] {sql.py:509} INFO - Running statement: 
    INSERT INTO books (title, authors, price, rating)
    VALUES (%s, %s, %s, %s)
    , parameters: ("System Design Interview – An insider's guide", 'Alex Xu', '37.', '4.6 out of 5 stars')
[2024-08-20T04:44:08.965+0000] {sql.py:518} INFO - Rows affected: 1
[2024-08-20T04:44:08.975+0000] {base.py:84} INFO - Retrieving connection 'books_connection'
[2024-08-20T04:44:08.981+0000] {sql.py:509} INFO - Running statement: 
    INSERT INTO books (title, authors, price, rating)
    VALUES (%s, %s, %s, %s)
    , parameters: ('Data Engineering with Scala and Spark: A practical guide helping you build streaming and batch pipelines that process massive amounts of data using Scala', 'Eric Tome', '36.', '4.3 out of 5 stars')
[2024-08-20T04:44:08.984+0000] {sql.py:518} INFO - Rows affected: 1
[2024-08-20T04:44:08.995+0000] {base.py:84} INFO - Retrieving connection 'books_connection'
[2024-08-20T04:44:09.002+0000] {sql.py:509} INFO - Running statement: 
    INSERT INTO books (title, authors, price, rating)
    VALUES (%s, %s, %s, %s)
    , parameters: ('Azure Data Engineer Associate Certification Guide: A hands-on reference guide to developing your data engineering skills and preparing for the DP-203 exam', 'Newton Alex', '54.', '3.9 out of 5 stars')
[2024-08-20T04:44:09.004+0000] {sql.py:518} INFO - Rows affected: 1
[2024-08-20T04:44:09.014+0000] {base.py:84} INFO - Retrieving connection 'books_connection'
[2024-08-20T04:44:09.019+0000] {sql.py:509} INFO - Running statement: 
    INSERT INTO books (title, authors, price, rating)
    VALUES (%s, %s, %s, %s)
    , parameters: ('Mastering the Data Paradox: Key to Winning in the AI Age', 'Nitin Seth', '18.', '4.8 out of 5 stars')
[2024-08-20T04:44:09.021+0000] {sql.py:518} INFO - Rows affected: 1
[2024-08-20T04:44:09.032+0000] {base.py:84} INFO - Retrieving connection 'books_connection'
[2024-08-20T04:44:09.037+0000] {sql.py:509} INFO - Running statement: 
    INSERT INTO books (title, authors, price, rating)
    VALUES (%s, %s, %s, %s)
    , parameters: ('Data Science on AWS: Implementing End-to-End, Continuous AI and Machine Learning Pipelines', 'Chris Fregly', '11.', '4.5 out of 5 stars')
[2024-08-20T04:44:09.038+0000] {sql.py:518} INFO - Rows affected: 1
[2024-08-20T04:44:09.048+0000] {base.py:84} INFO - Retrieving connection 'books_connection'
[2024-08-20T04:44:09.053+0000] {sql.py:509} INFO - Running statement: 
    INSERT INTO books (title, authors, price, rating)
    VALUES (%s, %s, %s, %s)
    , parameters: ("Applied Machine Learning and AI for Engineers: Solve Business Problems That Can't Be Solved Algorithmically", 'Jeff Prosise', '55.', '4.5 out of 5 stars')
[2024-08-20T04:44:09.055+0000] {sql.py:518} INFO - Rows affected: 1
[2024-08-20T04:44:09.065+0000] {base.py:84} INFO - Retrieving connection 'books_connection'
[2024-08-20T04:44:09.070+0000] {sql.py:509} INFO - Running statement: 
    INSERT INTO books (title, authors, price, rating)
    VALUES (%s, %s, %s, %s)
    , parameters: ('Feature Engineering for Machine Learning: Principles and Techniques for Data Scientists', 'Alice Zheng', '41.', '4.4 out of 5 stars')
[2024-08-20T04:44:09.073+0000] {sql.py:518} INFO - Rows affected: 1
[2024-08-20T04:44:09.084+0000] {base.py:84} INFO - Retrieving connection 'books_connection'
[2024-08-20T04:44:09.089+0000] {sql.py:509} INFO - Running statement: 
    INSERT INTO books (title, authors, price, rating)
    VALUES (%s, %s, %s, %s)
    , parameters: ('Better Data Visualizations: A Guide for Scholars, Researchers, and Wonks', 'Jonathan Schwabish', '26.', '4.5 out of 5 stars')
[2024-08-20T04:44:09.091+0000] {sql.py:518} INFO - Rows affected: 1
[2024-08-20T04:44:09.101+0000] {base.py:84} INFO - Retrieving connection 'books_connection'
[2024-08-20T04:44:09.106+0000] {sql.py:509} INFO - Running statement: 
    INSERT INTO books (title, authors, price, rating)
    VALUES (%s, %s, %s, %s)
    , parameters: ('SQL Data Analytics Made Easy: Your Step-by-Step Guide to Unlocking Data’s Hidden Secrets: Demystify complex concepts, and harness the power of data to drive intelligent decision-making effortlessly.', 'L.D. Knowings', '14.', '4.1 out of 5 stars')
[2024-08-20T04:44:09.108+0000] {sql.py:518} INFO - Rows affected: 1
[2024-08-20T04:44:09.120+0000] {base.py:84} INFO - Retrieving connection 'books_connection'
[2024-08-20T04:44:09.125+0000] {sql.py:509} INFO - Running statement: 
    INSERT INTO books (title, authors, price, rating)
    VALUES (%s, %s, %s, %s)
    , parameters: ('The Art of Doing Science and Engineering: Learning to Learn', 'Richard W. Hamming', '19.', '4.6 out of 5 stars')
[2024-08-20T04:44:09.127+0000] {sql.py:518} INFO - Rows affected: 1
[2024-08-20T04:44:09.138+0000] {base.py:84} INFO - Retrieving connection 'books_connection'
[2024-08-20T04:44:09.143+0000] {sql.py:509} INFO - Running statement: 
    INSERT INTO books (title, authors, price, rating)
    VALUES (%s, %s, %s, %s)
    , parameters: ('A Common-Sense Guide to Data Structures and Algorithms, Second Edition: Level Up Your Core Programming Skills', 'Jay Wengrow', '39.', '4.7 out of 5 stars')
[2024-08-20T04:44:09.144+0000] {sql.py:518} INFO - Rows affected: 1
[2024-08-20T04:44:09.155+0000] {base.py:84} INFO - Retrieving connection 'books_connection'
[2024-08-20T04:44:09.160+0000] {sql.py:509} INFO - Running statement: 
    INSERT INTO books (title, authors, price, rating)
    VALUES (%s, %s, %s, %s)
    , parameters: ('Fundamentals of Data Visualization: A Primer on Making Informative and Compelling Figures', 'Claus Wilke', '49.', '4.6 out of 5 stars')
[2024-08-20T04:44:09.162+0000] {sql.py:518} INFO - Rows affected: 1
[2024-08-20T04:44:09.173+0000] {base.py:84} INFO - Retrieving connection 'books_connection'
[2024-08-20T04:44:09.178+0000] {sql.py:509} INFO - Running statement: 
    INSERT INTO books (title, authors, price, rating)
    VALUES (%s, %s, %s, %s)
    , parameters: ('Hypothesis Testing: An Intuitive Guide for Making Data Driven Decisions', 'Jim Frost', '23.', '4.5 out of 5 stars')
[2024-08-20T04:44:09.180+0000] {sql.py:518} INFO - Rows affected: 1
[2024-08-20T04:44:09.193+0000] {base.py:84} INFO - Retrieving connection 'books_connection'
[2024-08-20T04:44:09.200+0000] {sql.py:509} INFO - Running statement: 
    INSERT INTO books (title, authors, price, rating)
    VALUES (%s, %s, %s, %s)
    , parameters: ('Modeling and Simulation in Python: An Introduction for Scientists and Engineers', 'Allen B. Downey', '32.', '4.5 out of 5 stars')
[2024-08-20T04:44:09.202+0000] {sql.py:518} INFO - Rows affected: 1
[2024-08-20T04:44:09.220+0000] {base.py:84} INFO - Retrieving connection 'books_connection'
[2024-08-20T04:44:09.225+0000] {sql.py:509} INFO - Running statement: 
    INSERT INTO books (title, authors, price, rating)
    VALUES (%s, %s, %s, %s)
    , parameters: ('The Data Governance Guidebook and Playbook: By a Practitioner for Practitioners', 'Paperback', '25.', '4.3 out of 5 stars')
[2024-08-20T04:44:09.227+0000] {sql.py:518} INFO - Rows affected: 1
[2024-08-20T04:44:09.241+0000] {base.py:84} INFO - Retrieving connection 'books_connection'
[2024-08-20T04:44:09.245+0000] {sql.py:509} INFO - Running statement: 
    INSERT INTO books (title, authors, price, rating)
    VALUES (%s, %s, %s, %s)
    , parameters: ('AWS Certified Data Analytics Study Guide: Specialty (DAS-C01) Exam', 'Asif Abbasi', '31.', '4.6 out of 5 stars')
[2024-08-20T04:44:09.247+0000] {sql.py:518} INFO - Rows affected: 1
[2024-08-20T04:44:09.260+0000] {base.py:84} INFO - Retrieving connection 'books_connection'
[2024-08-20T04:44:09.266+0000] {sql.py:509} INFO - Running statement: 
    INSERT INTO books (title, authors, price, rating)
    VALUES (%s, %s, %s, %s)
    , parameters: ('50 Algorithms Every Programmer Should Know - Second Edition: An unbeatable arsenal of algorithmic solutions for real-world problems', 'Imran Ahmad', '37.', '4.4 out of 5 stars')
[2024-08-20T04:44:09.268+0000] {sql.py:518} INFO - Rows affected: 1
[2024-08-20T04:44:09.279+0000] {base.py:84} INFO - Retrieving connection 'books_connection'
[2024-08-20T04:44:09.285+0000] {sql.py:509} INFO - Running statement: 
    INSERT INTO books (title, authors, price, rating)
    VALUES (%s, %s, %s, %s)
    , parameters: ('Technology is Dead', 'Paperback', '23.', '5.0 out of 5 stars')
[2024-08-20T04:44:09.287+0000] {sql.py:518} INFO - Rows affected: 1
[2024-08-20T04:44:09.299+0000] {base.py:84} INFO - Retrieving connection 'books_connection'
[2024-08-20T04:44:09.304+0000] {sql.py:509} INFO - Running statement: 
    INSERT INTO books (title, authors, price, rating)
    VALUES (%s, %s, %s, %s)
    , parameters: ('Designing Cloud Data Platforms', 'Audible Audiobook', '0.', '4.7 out of 5 stars')
[2024-08-20T04:44:09.307+0000] {sql.py:518} INFO - Rows affected: 1
[2024-08-20T04:44:09.317+0000] {base.py:84} INFO - Retrieving connection 'books_connection'
[2024-08-20T04:44:09.322+0000] {sql.py:509} INFO - Running statement: 
    INSERT INTO books (title, authors, price, rating)
    VALUES (%s, %s, %s, %s)
    , parameters: ('Data Science: The Hard Parts: Techniques for Excelling at Data Science', 'Daniel Vaughan', '48.', '5.0 out of 5 stars')
[2024-08-20T04:44:09.325+0000] {sql.py:518} INFO - Rows affected: 1
[2024-08-20T04:44:09.337+0000] {base.py:84} INFO - Retrieving connection 'books_connection'
[2024-08-20T04:44:09.342+0000] {sql.py:509} INFO - Running statement: 
    INSERT INTO books (title, authors, price, rating)
    VALUES (%s, %s, %s, %s)
    , parameters: ('Data Management at Scale: Modern Data Architecture with Data Mesh and Data Fabric', 'Piethein Strengholt', '47.', '4.5 out of 5 stars')
[2024-08-20T04:44:09.344+0000] {sql.py:518} INFO - Rows affected: 1
[2024-08-20T04:44:09.354+0000] {base.py:84} INFO - Retrieving connection 'books_connection'
[2024-08-20T04:44:09.359+0000] {sql.py:509} INFO - Running statement: 
    INSERT INTO books (title, authors, price, rating)
    VALUES (%s, %s, %s, %s)
    , parameters: ('Practical Fraud Prevention: Fraud and AML Analytics for Fintech and eCommerce, Using SQL and Python', 'Gilit Saporta', '47.', '4.4 out of 5 stars')
[2024-08-20T04:44:09.361+0000] {sql.py:518} INFO - Rows affected: 1
[2024-08-20T04:44:09.372+0000] {base.py:84} INFO - Retrieving connection 'books_connection'
[2024-08-20T04:44:09.377+0000] {sql.py:509} INFO - Running statement: 
    INSERT INTO books (title, authors, price, rating)
    VALUES (%s, %s, %s, %s)
    , parameters: ('Data Quality Engineering in Financial Services: Applying Manufacturing Techniques to Data', 'Brian Buzzelli', '30.', '4.4 out of 5 stars')
[2024-08-20T04:44:09.378+0000] {sql.py:518} INFO - Rows affected: 1
[2024-08-20T04:44:09.387+0000] {base.py:84} INFO - Retrieving connection 'books_connection'
[2024-08-20T04:44:09.392+0000] {sql.py:509} INFO - Running statement: 
    INSERT INTO books (title, authors, price, rating)
    VALUES (%s, %s, %s, %s)
    , parameters: ('Ultimate Azure Data Engineering: Build Robust Data Engineering Systems on Azure with SQL, ETL, Data Modeling, and Power BI for Business Insights and Crack Azure Certifications (English Edition)', 'Ashish Agarwal', '39.', '5.0 out of 5 stars')
[2024-08-20T04:44:09.393+0000] {sql.py:518} INFO - Rows affected: 1
[2024-08-20T04:44:09.402+0000] {base.py:84} INFO - Retrieving connection 'books_connection'
[2024-08-20T04:44:09.407+0000] {sql.py:509} INFO - Running statement: 
    INSERT INTO books (title, authors, price, rating)
    VALUES (%s, %s, %s, %s)
    , parameters: ('Data Structures and Algorithms: 100 Interview Questions (Advanced Topics in Programming Book 2)', 'Kindle', '9.', '5.0 out of 5 stars')
[2024-08-20T04:44:09.409+0000] {sql.py:518} INFO - Rows affected: 1
[2024-08-20T04:44:09.418+0000] {base.py:84} INFO - Retrieving connection 'books_connection'
[2024-08-20T04:44:09.422+0000] {sql.py:509} INFO - Running statement: 
    INSERT INTO books (title, authors, price, rating)
    VALUES (%s, %s, %s, %s)
    , parameters: ('Data-Centric Machine Learning with Python: The ultimate guide to engineering and deploying high-quality models based on good data', 'Jonas Christensen', '49.', '4.6 out of 5 stars')
[2024-08-20T04:44:09.424+0000] {sql.py:518} INFO - Rows affected: 1
[2024-08-20T04:44:09.434+0000] {base.py:84} INFO - Retrieving connection 'books_connection'
[2024-08-20T04:44:09.439+0000] {sql.py:509} INFO - Running statement: 
    INSERT INTO books (title, authors, price, rating)
    VALUES (%s, %s, %s, %s)
    , parameters: ('Architecting Data and Machine Learning Platforms: Enable Analytics and AI-Driven Innovation in the Cloud', 'Marco Tranquillin', '37.', '4.3 out of 5 stars')
[2024-08-20T04:44:09.441+0000] {sql.py:518} INFO - Rows affected: 1
[2024-08-20T04:44:09.450+0000] {base.py:84} INFO - Retrieving connection 'books_connection'
[2024-08-20T04:44:09.454+0000] {sql.py:509} INFO - Running statement: 
    INSERT INTO books (title, authors, price, rating)
    VALUES (%s, %s, %s, %s)
    , parameters: ('Killed by a Traffic Engineer: Shattering the Delusion that Science Underlies our Transportation System', 'Wes Marshall', '33.', '4.5 out of 5 stars')
[2024-08-20T04:44:09.457+0000] {sql.py:518} INFO - Rows affected: 1
[2024-08-20T04:44:09.466+0000] {base.py:84} INFO - Retrieving connection 'books_connection'
[2024-08-20T04:44:09.469+0000] {sql.py:509} INFO - Running statement: 
    INSERT INTO books (title, authors, price, rating)
    VALUES (%s, %s, %s, %s)
    , parameters: ('Python Data Engineering Resources: Boost Your Career With This Python Handbook; Prepare For Python Interview; Python Programming Cookbook For Beginners and Experienced; Python Data Analysis and More', 'Vajo Lukic', '9.', '4.8 out of 5 stars')
[2024-08-20T04:44:09.471+0000] {sql.py:518} INFO - Rows affected: 1
[2024-08-20T04:44:09.479+0000] {base.py:84} INFO - Retrieving connection 'books_connection'
[2024-08-20T04:44:09.484+0000] {sql.py:509} INFO - Running statement: 
    INSERT INTO books (title, authors, price, rating)
    VALUES (%s, %s, %s, %s)
    , parameters: ('Restricted Data: The History of Nuclear Secrecy in the United States', 'Alex Wellerstein', '2.', '4.7 out of 5 stars')
[2024-08-20T04:44:09.486+0000] {sql.py:518} INFO - Rows affected: 1
[2024-08-20T04:44:09.496+0000] {base.py:84} INFO - Retrieving connection 'books_connection'
[2024-08-20T04:44:09.501+0000] {sql.py:509} INFO - Running statement: 
    INSERT INTO books (title, authors, price, rating)
    VALUES (%s, %s, %s, %s)
    , parameters: ('Data Driven: Truckers, Technology, and the New Workplace Surveillance', 'Karen Levy', '21.', '4.3 out of 5 stars')
[2024-08-20T04:44:09.503+0000] {sql.py:518} INFO - Rows affected: 1
[2024-08-20T04:44:09.513+0000] {base.py:84} INFO - Retrieving connection 'books_connection'
[2024-08-20T04:44:09.518+0000] {sql.py:509} INFO - Running statement: 
    INSERT INTO books (title, authors, price, rating)
    VALUES (%s, %s, %s, %s)
    , parameters: ("Engineers' Practical Databook: A Technical Reference Guide for Students and Professionals", 'Jay Smith', '18.', '4.6 out of 5 stars')
[2024-08-20T04:44:09.520+0000] {sql.py:518} INFO - Rows affected: 1
[2024-08-20T04:44:09.529+0000] {base.py:84} INFO - Retrieving connection 'books_connection'
[2024-08-20T04:44:09.533+0000] {sql.py:509} INFO - Running statement: 
    INSERT INTO books (title, authors, price, rating)
    VALUES (%s, %s, %s, %s)
    , parameters: ('Understanding Cryptography: A Textbook for Students and Practitioners', 'Christof Paar', '29.', '4.6 out of 5 stars')
[2024-08-20T04:44:09.535+0000] {sql.py:518} INFO - Rows affected: 1
[2024-08-20T04:44:09.544+0000] {base.py:84} INFO - Retrieving connection 'books_connection'
[2024-08-20T04:44:09.549+0000] {sql.py:509} INFO - Running statement: 
    INSERT INTO books (title, authors, price, rating)
    VALUES (%s, %s, %s, %s)
    , parameters: ('Grokking Algorithms', 'Audible Audiobook', '0.', '4.6 out of 5 stars')
[2024-08-20T04:44:09.551+0000] {sql.py:518} INFO - Rows affected: 1
[2024-08-20T04:44:09.561+0000] {base.py:84} INFO - Retrieving connection 'books_connection'
[2024-08-20T04:44:09.565+0000] {sql.py:509} INFO - Running statement: 
    INSERT INTO books (title, authors, price, rating)
    VALUES (%s, %s, %s, %s)
    , parameters: ('Observability Engineering: Achieving Production Excellence', 'Charity Majors', '34.', '4.3 out of 5 stars')
[2024-08-20T04:44:09.568+0000] {sql.py:518} INFO - Rows affected: 1
[2024-08-20T04:44:09.576+0000] {base.py:84} INFO - Retrieving connection 'books_connection'
[2024-08-20T04:44:09.580+0000] {sql.py:509} INFO - Running statement: 
    INSERT INTO books (title, authors, price, rating)
    VALUES (%s, %s, %s, %s)
    , parameters: ("The Baofeng Radio Guerrilla's Bible 16 Books in 1: The Guerrilla's Comprehensive Manual: Mastering Your Baofeng Radio for Every Situation - Essential Tactics for Emergencies,Disasters,Covert Oper...", 'Paperback', '34.', '4.5 out of 5 stars')
[2024-08-20T04:44:09.582+0000] {sql.py:518} INFO - Rows affected: 1
[2024-08-20T04:44:09.591+0000] {base.py:84} INFO - Retrieving connection 'books_connection'
[2024-08-20T04:44:09.594+0000] {sql.py:509} INFO - Running statement: 
    INSERT INTO books (title, authors, price, rating)
    VALUES (%s, %s, %s, %s)
    , parameters: ('Systems Engineering Demystified - Second Edition: Apply modern, model-based systems engineering techniques to build complex systems', 'Jon Holt', '45.', '4.7 out of 5 stars')
[2024-08-20T04:44:09.596+0000] {sql.py:518} INFO - Rows affected: 1
[2024-08-20T04:44:09.605+0000] {base.py:84} INFO - Retrieving connection 'books_connection'
[2024-08-20T04:44:09.610+0000] {sql.py:509} INFO - Running statement: 
    INSERT INTO books (title, authors, price, rating)
    VALUES (%s, %s, %s, %s)
    , parameters: ('GANs in Action: Deep learning with Generative Adversarial Networks', 'Jakub Langr', '49.', '4.3 out of 5 stars')
[2024-08-20T04:44:09.611+0000] {sql.py:518} INFO - Rows affected: 1
[2024-08-20T04:44:09.620+0000] {base.py:84} INFO - Retrieving connection 'books_connection'
[2024-08-20T04:44:09.624+0000] {sql.py:509} INFO - Running statement: 
    INSERT INTO books (title, authors, price, rating)
    VALUES (%s, %s, %s, %s)
    , parameters: ('Practical Reverse Engineering: x86, x64, ARM, Windows Kernel, Reversing Tools, and Obfuscation', 'Bruce Dang', '34.', '4.6 out of 5 stars')
[2024-08-20T04:44:09.625+0000] {sql.py:518} INFO - Rows affected: 1
[2024-08-20T04:44:09.634+0000] {base.py:84} INFO - Retrieving connection 'books_connection'
[2024-08-20T04:44:09.638+0000] {sql.py:509} INFO - Running statement: 
    INSERT INTO books (title, authors, price, rating)
    VALUES (%s, %s, %s, %s)
    , parameters: ('Building ETL Pipelines with Python: Create and deploy enterprise-ready ETL pipelines by employing modern methods', 'Brij Kishore Pandey', '17.', '4.2 out of 5 stars')
[2024-08-20T04:44:09.640+0000] {sql.py:518} INFO - Rows affected: 1
[2024-08-20T04:44:09.649+0000] {base.py:84} INFO - Retrieving connection 'books_connection'
[2024-08-20T04:44:09.653+0000] {sql.py:509} INFO - Running statement: 
    INSERT INTO books (title, authors, price, rating)
    VALUES (%s, %s, %s, %s)
    , parameters: ('Mastering Databricks Lakehouse Platform: Perform Data Warehousing, Data Engineering, Machine Learning, DevOps, and BI into a Single Platform (English Edition)', 'Sagar Lad', '26.', '3.6 out of 5 stars')
[2024-08-20T04:44:09.654+0000] {sql.py:518} INFO - Rows affected: 1
[2024-08-20T04:44:09.663+0000] {base.py:84} INFO - Retrieving connection 'books_connection'
[2024-08-20T04:44:09.667+0000] {sql.py:509} INFO - Running statement: 
    INSERT INTO books (title, authors, price, rating)
    VALUES (%s, %s, %s, %s)
    , parameters: ('The Data Model Resource Book, Vol. 1: A Library of Universal Data Models for All Enterprises', 'Len Silverston', '63.', '4.3 out of 5 stars')
[2024-08-20T04:44:09.668+0000] {sql.py:518} INFO - Rows affected: 1
[2024-08-20T04:44:09.670+0000] {python.py:240} INFO - Done. Returned value was: None
[2024-08-20T04:44:09.682+0000] {taskinstance.py:340} INFO - ::group::Post task execution logs
[2024-08-20T04:44:09.683+0000] {taskinstance.py:352} INFO - Marking task as SUCCESS. dag_id=fetch_and_store_DE_books, task_id=insert_book_data, run_id=scheduled__2024-07-14T00:00:00+00:00, execution_date=20240714T000000, start_date=20240820T044407, end_date=20240820T044409
[2024-08-20T04:44:09.695+0000] {logging_mixin.py:190} INFO - Task instance in success state
[2024-08-20T04:44:09.695+0000] {logging_mixin.py:190} INFO -  Previous state of the Task instance: running
[2024-08-20T04:44:09.696+0000] {logging_mixin.py:190} INFO - Dag name:fetch_and_store_DE_books queued_at:2024-08-20 04:43:52.900528+00:00
[2024-08-20T04:44:09.696+0000] {logging_mixin.py:190} INFO - Task hostname:668944ed7238 operator:PythonOperator
[2024-08-20T04:44:09.724+0000] {local_task_job_runner.py:261} INFO - Task exited with return code 0
[2024-08-20T04:44:09.747+0000] {taskinstance.py:3891} INFO - 0 downstream tasks scheduled from follow-on schedule check
[2024-08-20T04:44:09.751+0000] {local_task_job_runner.py:240} INFO - ::endgroup::
