[2024-08-20T04:46:28.724+0000] {local_task_job_runner.py:123} INFO - ::group::Pre task execution logs
[2024-08-20T04:46:28.743+0000] {taskinstance.py:2603} INFO - Dependencies all met for dep_context=non-requeueable deps ti=<TaskInstance: fetch_and_store_DE_books.fetch_book_data scheduled__2024-08-08T00:00:00+00:00 [queued]>
[2024-08-20T04:46:28.753+0000] {taskinstance.py:2603} INFO - Dependencies all met for dep_context=requeueable deps ti=<TaskInstance: fetch_and_store_DE_books.fetch_book_data scheduled__2024-08-08T00:00:00+00:00 [queued]>
[2024-08-20T04:46:28.754+0000] {taskinstance.py:2856} INFO - Starting attempt 1 of 2
[2024-08-20T04:46:28.770+0000] {taskinstance.py:2879} INFO - Executing <Task(PythonOperator): fetch_book_data> on 2024-08-08 00:00:00+00:00
[2024-08-20T04:46:28.780+0000] {warnings.py:112} WARNING - /home/***/.local/lib/python3.12/site-packages/***/task/task_runner/standard_task_runner.py:70: DeprecationWarning: This process (pid=1223) is multi-threaded, use of fork() may lead to deadlocks in the child.
  pid = os.fork()

[2024-08-20T04:46:28.781+0000] {standard_task_runner.py:72} INFO - Started process 1228 to run task
[2024-08-20T04:46:28.783+0000] {standard_task_runner.py:104} INFO - Running: ['***', 'tasks', 'run', 'fetch_and_store_DE_books', 'fetch_book_data', 'scheduled__2024-08-08T00:00:00+00:00', '--job-id', '116', '--raw', '--subdir', 'DAGS_FOLDER/app.py', '--cfg-path', '/tmp/tmpk7mcp45z']
[2024-08-20T04:46:28.784+0000] {standard_task_runner.py:105} INFO - Job 116: Subtask fetch_book_data
[2024-08-20T04:46:28.842+0000] {task_command.py:467} INFO - Running <TaskInstance: fetch_and_store_DE_books.fetch_book_data scheduled__2024-08-08T00:00:00+00:00 [running]> on host 668944ed7238
[2024-08-20T04:46:29.001+0000] {taskinstance.py:3122} INFO - Exporting env vars: AIRFLOW_CTX_DAG_OWNER='***' AIRFLOW_CTX_DAG_ID='fetch_and_store_DE_books' AIRFLOW_CTX_TASK_ID='fetch_book_data' AIRFLOW_CTX_EXECUTION_DATE='2024-08-08T00:00:00+00:00' AIRFLOW_CTX_TRY_NUMBER='1' AIRFLOW_CTX_DAG_RUN_ID='scheduled__2024-08-08T00:00:00+00:00'
[2024-08-20T04:46:29.003+0000] {logging_mixin.py:190} INFO - Task instance is in running state
[2024-08-20T04:46:29.004+0000] {logging_mixin.py:190} INFO -  Previous state of the Task instance: queued
[2024-08-20T04:46:29.005+0000] {logging_mixin.py:190} INFO - Current task name:fetch_book_data state:running start_date:2024-08-20 04:46:28.744153+00:00
[2024-08-20T04:46:29.005+0000] {logging_mixin.py:190} INFO - Dag name:fetch_and_store_DE_books and current dag run status:running
[2024-08-20T04:46:29.006+0000] {taskinstance.py:731} INFO - ::endgroup::
[2024-08-20T04:46:33.915+0000] {python.py:240} INFO - Done. Returned value was: None
[2024-08-20T04:46:33.927+0000] {taskinstance.py:340} INFO - ::group::Post task execution logs
[2024-08-20T04:46:33.928+0000] {taskinstance.py:352} INFO - Marking task as SUCCESS. dag_id=fetch_and_store_DE_books, task_id=fetch_book_data, run_id=scheduled__2024-08-08T00:00:00+00:00, execution_date=20240808T000000, start_date=20240820T044628, end_date=20240820T044633
[2024-08-20T04:46:33.940+0000] {logging_mixin.py:190} INFO - Task instance in success state
[2024-08-20T04:46:33.941+0000] {logging_mixin.py:190} INFO -  Previous state of the Task instance: running
[2024-08-20T04:46:33.942+0000] {logging_mixin.py:190} INFO - Dag name:fetch_and_store_DE_books queued_at:2024-08-20 04:46:26.427945+00:00
[2024-08-20T04:46:33.942+0000] {logging_mixin.py:190} INFO - Task hostname:668944ed7238 operator:PythonOperator
[2024-08-20T04:46:33.978+0000] {local_task_job_runner.py:261} INFO - Task exited with return code 0
[2024-08-20T04:46:33.988+0000] {warnings.py:112} WARNING - /home/***/.local/lib/python3.12/site-packages/***/models/baseoperator.py:1378: AirflowProviderDeprecationWarning: Call to deprecated class PostgresOperator. (Please use `***.providers.common.sql.operators.sql.SQLExecuteQueryOperator`.Also, you can provide `hook_params={'schema': <database>}`.)
  result = cls.__new__(cls)

[2024-08-20T04:46:34.006+0000] {taskinstance.py:3891} INFO - 1 downstream tasks scheduled from follow-on schedule check
[2024-08-20T04:46:34.008+0000] {local_task_job_runner.py:240} INFO - ::endgroup::
