[2024-08-20T04:44:52.581+0000] {local_task_job_runner.py:123} INFO - ::group::Pre task execution logs
[2024-08-20T04:44:52.599+0000] {taskinstance.py:2603} INFO - Dependencies all met for dep_context=non-requeueable deps ti=<TaskInstance: fetch_and_store_DE_books.insert_book_data scheduled__2024-07-22T00:00:00+00:00 [queued]>
[2024-08-20T04:44:52.611+0000] {taskinstance.py:2603} INFO - Dependencies all met for dep_context=requeueable deps ti=<TaskInstance: fetch_and_store_DE_books.insert_book_data scheduled__2024-07-22T00:00:00+00:00 [queued]>
[2024-08-20T04:44:52.612+0000] {taskinstance.py:2856} INFO - Starting attempt 1 of 2
[2024-08-20T04:44:52.627+0000] {taskinstance.py:2879} INFO - Executing <Task(PythonOperator): insert_book_data> on 2024-07-22 00:00:00+00:00
[2024-08-20T04:44:52.636+0000] {warnings.py:112} WARNING - /home/***/.local/lib/python3.12/site-packages/***/task/task_runner/standard_task_runner.py:70: DeprecationWarning: This process (pid=1015) is multi-threaded, use of fork() may lead to deadlocks in the child.
  pid = os.fork()

[2024-08-20T04:44:52.638+0000] {standard_task_runner.py:72} INFO - Started process 1021 to run task
[2024-08-20T04:44:52.639+0000] {standard_task_runner.py:104} INFO - Running: ['***', 'tasks', 'run', 'fetch_and_store_DE_books', 'insert_book_data', 'scheduled__2024-07-22T00:00:00+00:00', '--job-id', '70', '--raw', '--subdir', 'DAGS_FOLDER/app.py', '--cfg-path', '/tmp/tmph0usz2oi']
[2024-08-20T04:44:52.640+0000] {standard_task_runner.py:105} INFO - Job 70: Subtask insert_book_data
[2024-08-20T04:44:52.689+0000] {task_command.py:467} INFO - Running <TaskInstance: fetch_and_store_DE_books.insert_book_data scheduled__2024-07-22T00:00:00+00:00 [running]> on host 668944ed7238
[2024-08-20T04:44:52.786+0000] {taskinstance.py:3122} INFO - Exporting env vars: AIRFLOW_CTX_DAG_OWNER='***' AIRFLOW_CTX_DAG_ID='fetch_and_store_DE_books' AIRFLOW_CTX_TASK_ID='insert_book_data' AIRFLOW_CTX_EXECUTION_DATE='2024-07-22T00:00:00+00:00' AIRFLOW_CTX_TRY_NUMBER='1' AIRFLOW_CTX_DAG_RUN_ID='scheduled__2024-07-22T00:00:00+00:00'
[2024-08-20T04:44:52.790+0000] {logging_mixin.py:190} INFO - Task instance is in running state
[2024-08-20T04:44:52.791+0000] {logging_mixin.py:190} INFO -  Previous state of the Task instance: queued
[2024-08-20T04:44:52.791+0000] {logging_mixin.py:190} INFO - Current task name:insert_book_data state:running start_date:2024-08-20 04:44:52.600420+00:00
[2024-08-20T04:44:52.792+0000] {logging_mixin.py:190} INFO - Dag name:fetch_and_store_DE_books and current dag run status:running
[2024-08-20T04:44:52.792+0000] {taskinstance.py:731} INFO - ::endgroup::
[2024-08-20T04:44:52.814+0000] {base.py:84} INFO - Retrieving connection 'books_connection'
[2024-08-20T04:44:52.819+0000] {sql.py:509} INFO - Running statement: 
    INSERT INTO books (title, authors, price, rating)
    VALUES (%s, %s, %s, %s)
    , parameters: ('Ace the Data Engineering Interview: Questions and Answers for Python, SQL, Data Modeling and More', 'Sean Coyne', '24.', '4.1 out of 5 stars')
[2024-08-20T04:44:52.820+0000] {sql.py:518} INFO - Rows affected: 1
[2024-08-20T04:44:52.829+0000] {base.py:84} INFO - Retrieving connection 'books_connection'
[2024-08-20T04:44:52.832+0000] {sql.py:509} INFO - Running statement: 
    INSERT INTO books (title, authors, price, rating)
    VALUES (%s, %s, %s, %s)
    , parameters: ('Data Engineering with AWS - Second Edition: Acquire the skills to design and build AWS-based data transformation pipelines like a pro', 'Gareth Eagar', '41.', '4.4 out of 5 stars')
[2024-08-20T04:44:52.834+0000] {sql.py:518} INFO - Rows affected: 1
[2024-08-20T04:44:52.842+0000] {base.py:84} INFO - Retrieving connection 'books_connection'
[2024-08-20T04:44:52.846+0000] {sql.py:509} INFO - Running statement: 
    INSERT INTO books (title, authors, price, rating)
    VALUES (%s, %s, %s, %s)
    , parameters: ('Azure Data Engineer Associate Certification Guide: Ace the DP-203 exam with advanced data engineering skills', 'Giacinto Palmieri', '39.', '4.5 out of 5 stars')
[2024-08-20T04:44:52.847+0000] {sql.py:518} INFO - Rows affected: 1
[2024-08-20T04:44:52.855+0000] {base.py:84} INFO - Retrieving connection 'books_connection'
[2024-08-20T04:44:52.859+0000] {sql.py:509} INFO - Running statement: 
    INSERT INTO books (title, authors, price, rating)
    VALUES (%s, %s, %s, %s)
    , parameters: ('Data Engineering 101', 'Paperback', '22.', '5.0 out of 5 stars')
[2024-08-20T04:44:52.861+0000] {sql.py:518} INFO - Rows affected: 1
[2024-08-20T04:44:52.869+0000] {base.py:84} INFO - Retrieving connection 'books_connection'
[2024-08-20T04:44:52.873+0000] {sql.py:509} INFO - Running statement: 
    INSERT INTO books (title, authors, price, rating)
    VALUES (%s, %s, %s, %s)
    , parameters: ('Fundamentals of Data Engineering: Plan and Build Robust Data Systems', 'Joe Reis', '38.', '4.7 out of 5 stars')
[2024-08-20T04:44:52.874+0000] {sql.py:518} INFO - Rows affected: 1
[2024-08-20T04:44:52.882+0000] {base.py:84} INFO - Retrieving connection 'books_connection'
[2024-08-20T04:44:52.885+0000] {sql.py:509} INFO - Running statement: 
    INSERT INTO books (title, authors, price, rating)
    VALUES (%s, %s, %s, %s)
    , parameters: ('Data Pipelines Pocket Reference: Moving and Processing Data for Analytics', 'James Densmore', '17.', '4.5 out of 5 stars')
[2024-08-20T04:44:52.887+0000] {sql.py:518} INFO - Rows affected: 1
[2024-08-20T04:44:52.895+0000] {base.py:84} INFO - Retrieving connection 'books_connection'
[2024-08-20T04:44:52.899+0000] {sql.py:509} INFO - Running statement: 
    INSERT INTO books (title, authors, price, rating)
    VALUES (%s, %s, %s, %s)
    , parameters: ('Designing Data-Intensive Applications: The Big Ideas Behind Reliable, Scalable, and Maintainable Systems', 'Martin Kleppmann', '35.', '4.8 out of 5 stars')
[2024-08-20T04:44:52.900+0000] {sql.py:518} INFO - Rows affected: 1
[2024-08-20T04:44:52.910+0000] {base.py:84} INFO - Retrieving connection 'books_connection'
[2024-08-20T04:44:52.914+0000] {sql.py:509} INFO - Running statement: 
    INSERT INTO books (title, authors, price, rating)
    VALUES (%s, %s, %s, %s)
    , parameters: ('Data Engineering with Python: Work with massive datasets to design data models and automate data pipelines using Python', 'Paul Crickard', '37.', '4.1 out of 5 stars')
[2024-08-20T04:44:52.915+0000] {sql.py:518} INFO - Rows affected: 1
[2024-08-20T04:44:52.930+0000] {base.py:84} INFO - Retrieving connection 'books_connection'
[2024-08-20T04:44:52.935+0000] {sql.py:509} INFO - Running statement: 
    INSERT INTO books (title, authors, price, rating)
    VALUES (%s, %s, %s, %s)
    , parameters: ('Data Engineering with Python cookbook: Learn to build efficient data pipelines using the Modern Cloud Data Stack', 'Adithyan Ramanujakootam', '29.', '5.0 out of 5 stars')
[2024-08-20T04:44:52.946+0000] {sql.py:518} INFO - Rows affected: 1
[2024-08-20T04:44:52.980+0000] {base.py:84} INFO - Retrieving connection 'books_connection'
[2024-08-20T04:44:52.994+0000] {sql.py:509} INFO - Running statement: 
    INSERT INTO books (title, authors, price, rating)
    VALUES (%s, %s, %s, %s)
    , parameters: ('Cracking the Data Engineering Interview: Land your dream job with the help of resume-building tips, over 100 mock questions, and a unique portfolio', 'Kedeisha Bryan', '26.', '4.4 out of 5 stars')
[2024-08-20T04:44:52.996+0000] {sql.py:518} INFO - Rows affected: 1
[2024-08-20T04:44:53.008+0000] {base.py:84} INFO - Retrieving connection 'books_connection'
[2024-08-20T04:44:53.013+0000] {sql.py:509} INFO - Running statement: 
    INSERT INTO books (title, authors, price, rating)
    VALUES (%s, %s, %s, %s)
    , parameters: ('Data Engineering with AWS: Learn how to design and build cloud-based data transformation pipelines using AWS', 'Gareth Eagar', '49.', '4.4 out of 5 stars')
[2024-08-20T04:44:53.014+0000] {sql.py:518} INFO - Rows affected: 1
[2024-08-20T04:44:53.023+0000] {base.py:84} INFO - Retrieving connection 'books_connection'
[2024-08-20T04:44:53.029+0000] {sql.py:509} INFO - Running statement: 
    INSERT INTO books (title, authors, price, rating)
    VALUES (%s, %s, %s, %s)
    , parameters: ('Data Engineering with Google Cloud Platform: A guide to leveling up as a data engineer by building a scalable data platform with Google Cloud', 'Adi Wijaya', '41.', '5.0 out of 5 stars')
[2024-08-20T04:44:53.031+0000] {sql.py:518} INFO - Rows affected: 1
[2024-08-20T04:44:53.051+0000] {base.py:84} INFO - Retrieving connection 'books_connection'
[2024-08-20T04:44:53.055+0000] {sql.py:509} INFO - Running statement: 
    INSERT INTO books (title, authors, price, rating)
    VALUES (%s, %s, %s, %s)
    , parameters: ('Software Engineering for Data Scientists: From Notebooks to Scalable Systems', 'Catherine Nelson', '52.', '4.5 out of 5 stars')
[2024-08-20T04:44:53.057+0000] {sql.py:518} INFO - Rows affected: 1
[2024-08-20T04:44:53.065+0000] {base.py:84} INFO - Retrieving connection 'books_connection'
[2024-08-20T04:44:53.069+0000] {sql.py:509} INFO - Running statement: 
    INSERT INTO books (title, authors, price, rating)
    VALUES (%s, %s, %s, %s)
    , parameters: ('Driving Data Quality with Data Contracts: A comprehensive guide to building reliable, trusted, and effective data platforms', 'Andrew Jones', '28.', '4.6 out of 5 stars')
[2024-08-20T04:44:53.071+0000] {sql.py:518} INFO - Rows affected: 1
[2024-08-20T04:44:53.080+0000] {base.py:84} INFO - Retrieving connection 'books_connection'
[2024-08-20T04:44:53.083+0000] {sql.py:509} INFO - Running statement: 
    INSERT INTO books (title, authors, price, rating)
    VALUES (%s, %s, %s, %s)
    , parameters: ('Build a Career in Data Science', 'Emily Robinson', '35.', '4.6 out of 5 stars')
[2024-08-20T04:44:53.085+0000] {sql.py:518} INFO - Rows affected: 1
[2024-08-20T04:44:53.095+0000] {base.py:84} INFO - Retrieving connection 'books_connection'
[2024-08-20T04:44:53.099+0000] {sql.py:509} INFO - Running statement: 
    INSERT INTO books (title, authors, price, rating)
    VALUES (%s, %s, %s, %s)
    , parameters: ("Ultimate Data Engineering with Databricks: Develop Scalable Data Pipelines Using Data Engineering's Core Tenets Such as Delta Tables, Ingestion, ... Security, and Scalability (English Edition)", 'Mayank Malhotra', '37.', '3.8 out of 5 stars')
[2024-08-20T04:44:53.100+0000] {sql.py:518} INFO - Rows affected: 1
[2024-08-20T04:44:53.108+0000] {base.py:84} INFO - Retrieving connection 'books_connection'
[2024-08-20T04:44:53.112+0000] {sql.py:509} INFO - Running statement: 
    INSERT INTO books (title, authors, price, rating)
    VALUES (%s, %s, %s, %s)
    , parameters: ('Data Engineering with dbt: A practical guide to building a cloud-based, pragmatic, and dependable data platform with SQL', 'Roberto Zagni', '37.', '4.6 out of 5 stars')
[2024-08-20T04:44:53.114+0000] {sql.py:518} INFO - Rows affected: 1
[2024-08-20T04:44:53.123+0000] {base.py:84} INFO - Retrieving connection 'books_connection'
[2024-08-20T04:44:53.127+0000] {sql.py:509} INFO - Running statement: 
    INSERT INTO books (title, authors, price, rating)
    VALUES (%s, %s, %s, %s)
    , parameters: ('Data Engineering with Databricks Cookbook: Build effective data and AI solutions using Apache Spark, Databricks, and Delta Lake', 'Pulkit Chadha', '42.', '4.2 out of 5 stars')
[2024-08-20T04:44:53.129+0000] {sql.py:518} INFO - Rows affected: 1
[2024-08-20T04:44:53.137+0000] {base.py:84} INFO - Retrieving connection 'books_connection'
[2024-08-20T04:44:53.143+0000] {sql.py:509} INFO - Running statement: 
    INSERT INTO books (title, authors, price, rating)
    VALUES (%s, %s, %s, %s)
    , parameters: ('Data-Driven Science and Engineering: Machine Learning, Dynamical Systems, and Control', 'Steven L. Brunton', '64.', '4.7 out of 5 stars')
[2024-08-20T04:44:53.145+0000] {sql.py:518} INFO - Rows affected: 1
[2024-08-20T04:44:53.154+0000] {base.py:84} INFO - Retrieving connection 'books_connection'
[2024-08-20T04:44:53.158+0000] {sql.py:509} INFO - Running statement: 
    INSERT INTO books (title, authors, price, rating)
    VALUES (%s, %s, %s, %s)
    , parameters: ('Data Engineering Fundamentals for Beginners: Mastering the Art of Building, Managing, and Scaling Data Systems', 'Paperback', '14.', '5.0 out of 5 stars')
[2024-08-20T04:44:53.160+0000] {sql.py:518} INFO - Rows affected: 1
[2024-08-20T04:44:53.168+0000] {base.py:84} INFO - Retrieving connection 'books_connection'
[2024-08-20T04:44:53.172+0000] {sql.py:509} INFO - Running statement: 
    INSERT INTO books (title, authors, price, rating)
    VALUES (%s, %s, %s, %s)
    , parameters: ('Effective Data Science Infrastructure: How to make data scientists productive', 'Ville Tuulos', '47.', '4.5 out of 5 stars')
[2024-08-20T04:44:53.174+0000] {sql.py:518} INFO - Rows affected: 1
[2024-08-20T04:44:53.184+0000] {base.py:84} INFO - Retrieving connection 'books_connection'
[2024-08-20T04:44:53.188+0000] {sql.py:509} INFO - Running statement: 
    INSERT INTO books (title, authors, price, rating)
    VALUES (%s, %s, %s, %s)
    , parameters: ("Azure Data Factory Cookbook - Second Edition: A data engineer's guide to building and managing ETL and ELT pipelines with data integration", 'Dmitry Foshin', '51.', '4.4 out of 5 stars')
[2024-08-20T04:44:53.190+0000] {sql.py:518} INFO - Rows affected: 1
[2024-08-20T04:44:53.198+0000] {base.py:84} INFO - Retrieving connection 'books_connection'
[2024-08-20T04:44:53.201+0000] {sql.py:509} INFO - Running statement: 
    INSERT INTO books (title, authors, price, rating)
    VALUES (%s, %s, %s, %s)
    , parameters: ('Mastering Large Datasets with Python: Parallelize and Distribute Your Python Code', 'John T. Wolohan', '49.', '3.9 out of 5 stars')
[2024-08-20T04:44:53.203+0000] {sql.py:518} INFO - Rows affected: 1
[2024-08-20T04:44:53.211+0000] {base.py:84} INFO - Retrieving connection 'books_connection'
[2024-08-20T04:44:53.215+0000] {sql.py:509} INFO - Running statement: 
    INSERT INTO books (title, authors, price, rating)
    VALUES (%s, %s, %s, %s)
    , parameters: ('Data Engineering with Apache Spark, Delta Lake, and Lakehouse: Create scalable pipelines that ingest, curate, and aggregate complex data in a timely and secure way', 'Manoj Kukreja', '29.', '3.9 out of 5 stars')
[2024-08-20T04:44:53.217+0000] {sql.py:518} INFO - Rows affected: 1
[2024-08-20T04:44:53.225+0000] {base.py:84} INFO - Retrieving connection 'books_connection'
[2024-08-20T04:44:53.229+0000] {sql.py:509} INFO - Running statement: 
    INSERT INTO books (title, authors, price, rating)
    VALUES (%s, %s, %s, %s)
    , parameters: ('DATA ENGINEERING AND AI FOR BEGINNERS: Revolutionizing Data Processing and Analytics by Leveraging Artificial Intelligence for Efficient Input Collection, Storage, and Transformation (World of AI)', 'Paperback', '13.', '4.4 out of 5 stars')
[2024-08-20T04:44:53.231+0000] {sql.py:518} INFO - Rows affected: 1
[2024-08-20T04:44:53.239+0000] {base.py:84} INFO - Retrieving connection 'books_connection'
[2024-08-20T04:44:53.242+0000] {sql.py:509} INFO - Running statement: 
    INSERT INTO books (title, authors, price, rating)
    VALUES (%s, %s, %s, %s)
    , parameters: ('Data Mesh: Delivering Data-Driven Value at Scale', 'Zhamak Dehghani', '43.', '4.5 out of 5 stars')
[2024-08-20T04:44:53.244+0000] {sql.py:518} INFO - Rows affected: 1
[2024-08-20T04:44:53.251+0000] {base.py:84} INFO - Retrieving connection 'books_connection'
[2024-08-20T04:44:53.255+0000] {sql.py:509} INFO - Running statement: 
    INSERT INTO books (title, authors, price, rating)
    VALUES (%s, %s, %s, %s)
    , parameters: ('The Enterprise Data Catalog: Improve Data Discovery, Ensure Data Governance, and Enable Innovation', 'Ole Olesen-Bagneux', '31.', '4.5 out of 5 stars')
[2024-08-20T04:44:53.256+0000] {sql.py:518} INFO - Rows affected: 1
[2024-08-20T04:44:53.264+0000] {base.py:84} INFO - Retrieving connection 'books_connection'
[2024-08-20T04:44:53.268+0000] {sql.py:509} INFO - Running statement: 
    INSERT INTO books (title, authors, price, rating)
    VALUES (%s, %s, %s, %s)
    , parameters: ('Machine Learning Engineering', 'Andriy Burkov', '39.', '4.7 out of 5 stars')
[2024-08-20T04:44:53.270+0000] {sql.py:518} INFO - Rows affected: 1
[2024-08-20T04:44:53.278+0000] {base.py:84} INFO - Retrieving connection 'books_connection'
[2024-08-20T04:44:53.282+0000] {sql.py:509} INFO - Running statement: 
    INSERT INTO books (title, authors, price, rating)
    VALUES (%s, %s, %s, %s)
    , parameters: ('Data Engineering with Databricks', 'Paperback', '25.', '3.4 out of 5 stars')
[2024-08-20T04:44:53.283+0000] {sql.py:518} INFO - Rows affected: 1
[2024-08-20T04:44:53.291+0000] {base.py:84} INFO - Retrieving connection 'books_connection'
[2024-08-20T04:44:53.295+0000] {sql.py:509} INFO - Running statement: 
    INSERT INTO books (title, authors, price, rating)
    VALUES (%s, %s, %s, %s)
    , parameters: ('Modern Data Engineering with Apache Spark: A Hands-On Guide for Building Mission-Critical Streaming Applications', 'Scott Haines', '30.', '4.1 out of 5 stars')
[2024-08-20T04:44:53.297+0000] {sql.py:518} INFO - Rows affected: 1
[2024-08-20T04:44:53.306+0000] {base.py:84} INFO - Retrieving connection 'books_connection'
[2024-08-20T04:44:53.311+0000] {sql.py:509} INFO - Running statement: 
    INSERT INTO books (title, authors, price, rating)
    VALUES (%s, %s, %s, %s)
    , parameters: ('Data Modeling with Snowflake: A practical guide to accelerating Snowflake development using universal data modeling techniques', 'Serge Gershkovich', '36.', '4.8 out of 5 stars')
[2024-08-20T04:44:53.313+0000] {sql.py:518} INFO - Rows affected: 1
[2024-08-20T04:44:53.322+0000] {base.py:84} INFO - Retrieving connection 'books_connection'
[2024-08-20T04:44:53.326+0000] {sql.py:509} INFO - Running statement: 
    INSERT INTO books (title, authors, price, rating)
    VALUES (%s, %s, %s, %s)
    , parameters: ('Ace the Data Science Interview: 201 Real Interview Questions Asked By FAANG, Tech Startups, & Wall Street', 'Nick Singh', '42.', '4.5 out of 5 stars')
[2024-08-20T04:44:53.328+0000] {sql.py:518} INFO - Rows affected: 1
[2024-08-20T04:44:53.335+0000] {base.py:84} INFO - Retrieving connection 'books_connection'
[2024-08-20T04:44:53.339+0000] {sql.py:509} INFO - Running statement: 
    INSERT INTO books (title, authors, price, rating)
    VALUES (%s, %s, %s, %s)
    , parameters: ('Storytelling with Data: A Data Visualization Guide for Business Professionals', 'Cole Nussbaumer Knaflic', '27.', '4.6 out of 5 stars')
[2024-08-20T04:44:53.341+0000] {sql.py:518} INFO - Rows affected: 1
[2024-08-20T04:44:53.350+0000] {base.py:84} INFO - Retrieving connection 'books_connection'
[2024-08-20T04:44:53.354+0000] {sql.py:509} INFO - Running statement: 
    INSERT INTO books (title, authors, price, rating)
    VALUES (%s, %s, %s, %s)
    , parameters: ('Data Engineering with Google Cloud Platform: A practical guide to operationalizing scalable data analytics systems on GCP', 'Adi Wijaya', '41.', '4.7 out of 5 stars')
[2024-08-20T04:44:53.355+0000] {sql.py:518} INFO - Rows affected: 1
[2024-08-20T04:44:53.364+0000] {base.py:84} INFO - Retrieving connection 'books_connection'
[2024-08-20T04:44:53.368+0000] {sql.py:509} INFO - Running statement: 
    INSERT INTO books (title, authors, price, rating)
    VALUES (%s, %s, %s, %s)
    , parameters: ('Fundamentals of Data Analytics: Learn Essential Skills, Embrace the Future, and Catapult Your Career in the Data-Driven World—A Comprehensive Guide to Data Literacy for Beginners', 'Russell Dawson', '16.', '4.8 out of 5 stars')
[2024-08-20T04:44:53.370+0000] {sql.py:518} INFO - Rows affected: 1
[2024-08-20T04:44:53.379+0000] {base.py:84} INFO - Retrieving connection 'books_connection'
[2024-08-20T04:44:53.383+0000] {sql.py:509} INFO - Running statement: 
    INSERT INTO books (title, authors, price, rating)
    VALUES (%s, %s, %s, %s)
    , parameters: ("Data Quality Fundamentals: A Practitioner's Guide to Building Trustworthy Data Pipelines", 'Paperback', '45.', '4.1 out of 5 stars')
[2024-08-20T04:44:53.384+0000] {sql.py:518} INFO - Rows affected: 1
[2024-08-20T04:44:53.393+0000] {base.py:84} INFO - Retrieving connection 'books_connection'
[2024-08-20T04:44:53.397+0000] {sql.py:509} INFO - Running statement: 
    INSERT INTO books (title, authors, price, rating)
    VALUES (%s, %s, %s, %s)
    , parameters: ('97 Things Every Data Engineer Should Know: Collective Wisdom from the Experts', 'Audible Audiobook', '0.', '4.1 out of 5 stars')
[2024-08-20T04:44:53.398+0000] {sql.py:518} INFO - Rows affected: 1
[2024-08-20T04:44:53.407+0000] {base.py:84} INFO - Retrieving connection 'books_connection'
[2024-08-20T04:44:53.411+0000] {sql.py:509} INFO - Running statement: 
    INSERT INTO books (title, authors, price, rating)
    VALUES (%s, %s, %s, %s)
    , parameters: ('Data Observability for Data Engineering: Proactive strategies for ensuring data accuracy and addressing broken data pipelines', 'Michele Pinto', '18.', '3.7 out of 5 stars')
[2024-08-20T04:44:53.412+0000] {sql.py:518} INFO - Rows affected: 1
[2024-08-20T04:44:53.423+0000] {base.py:84} INFO - Retrieving connection 'books_connection'
[2024-08-20T04:44:53.427+0000] {sql.py:509} INFO - Running statement: 
    INSERT INTO books (title, authors, price, rating)
    VALUES (%s, %s, %s, %s)
    , parameters: ('Analytics Engineering with SQL and dbt: Building Meaningful Data Models at Scale', 'Rui Pedro Machado', '41.', '3.8 out of 5 stars')
[2024-08-20T04:44:53.429+0000] {sql.py:518} INFO - Rows affected: 1
[2024-08-20T04:44:53.440+0000] {base.py:84} INFO - Retrieving connection 'books_connection'
[2024-08-20T04:44:53.444+0000] {sql.py:509} INFO - Running statement: 
    INSERT INTO books (title, authors, price, rating)
    VALUES (%s, %s, %s, %s)
    , parameters: ('Data Engineering and Data Science for Babies: Activity Workbook Part 1', 'Paperback', '9.', '4.1 out of 5 stars')
[2024-08-20T04:44:53.446+0000] {sql.py:518} INFO - Rows affected: 1
[2024-08-20T04:44:53.456+0000] {base.py:84} INFO - Retrieving connection 'books_connection'
[2024-08-20T04:44:53.460+0000] {sql.py:509} INFO - Running statement: 
    INSERT INTO books (title, authors, price, rating)
    VALUES (%s, %s, %s, %s)
    , parameters: ('Prompt Engineering for Generative AI: Future-Proof Inputs for Reliable AI Outputs', 'James Phoenix', '57.', '4.4 out of 5 stars')
[2024-08-20T04:44:53.462+0000] {sql.py:518} INFO - Rows affected: 1
[2024-08-20T04:44:53.471+0000] {base.py:84} INFO - Retrieving connection 'books_connection'
[2024-08-20T04:44:53.476+0000] {sql.py:509} INFO - Running statement: 
    INSERT INTO books (title, authors, price, rating)
    VALUES (%s, %s, %s, %s)
    , parameters: ('Azure Data Engineering Cookbook - Second Edition: Get well versed in various data engineering techniques in Azure using this recipe-based guide', 'Nagaraj Venkatesan', '51.', '3.5 out of 5 stars')
[2024-08-20T04:44:53.477+0000] {sql.py:518} INFO - Rows affected: 1
[2024-08-20T04:44:53.487+0000] {base.py:84} INFO - Retrieving connection 'books_connection'
[2024-08-20T04:44:53.491+0000] {sql.py:509} INFO - Running statement: 
    INSERT INTO books (title, authors, price, rating)
    VALUES (%s, %s, %s, %s)
    , parameters: ('The Data Warehouse Toolkit: The Definitive Guide to Dimensional Modeling', 'Paperback', '47.', '4.7 out of 5 stars')
[2024-08-20T04:44:53.493+0000] {sql.py:518} INFO - Rows affected: 1
[2024-08-20T04:44:53.505+0000] {base.py:84} INFO - Retrieving connection 'books_connection'
[2024-08-20T04:44:53.509+0000] {sql.py:509} INFO - Running statement: 
    INSERT INTO books (title, authors, price, rating)
    VALUES (%s, %s, %s, %s)
    , parameters: ('Official Google Cloud Certified Professional Data Engineer Study Guide', 'Dan Sullivan', '33.', '4.5 out of 5 stars')
[2024-08-20T04:44:53.510+0000] {sql.py:518} INFO - Rows affected: 1
[2024-08-20T04:44:53.519+0000] {base.py:84} INFO - Retrieving connection 'books_connection'
[2024-08-20T04:44:53.523+0000] {sql.py:509} INFO - Running statement: 
    INSERT INTO books (title, authors, price, rating)
    VALUES (%s, %s, %s, %s)
    , parameters: ('Python Programming and SQL: 5 books in 1 - The #1 Coding Course from Beginner to Advanced. Learn it Well & Fast (2024) (Computer Programming)', 'Paperback', '32.', '4.3 out of 5 stars')
[2024-08-20T04:44:53.524+0000] {sql.py:518} INFO - Rows affected: 1
[2024-08-20T04:44:53.538+0000] {base.py:84} INFO - Retrieving connection 'books_connection'
[2024-08-20T04:44:53.541+0000] {sql.py:509} INFO - Running statement: 
    INSERT INTO books (title, authors, price, rating)
    VALUES (%s, %s, %s, %s)
    , parameters: ('Data Engineering with Scala and Spark: A practical guide helping you build streaming and batch pipelines that process massive amounts of data using Scala', 'Eric Tome', '36.', '4.3 out of 5 stars')
[2024-08-20T04:44:53.543+0000] {sql.py:518} INFO - Rows affected: 1
[2024-08-20T04:44:53.552+0000] {base.py:84} INFO - Retrieving connection 'books_connection'
[2024-08-20T04:44:53.556+0000] {sql.py:509} INFO - Running statement: 
    INSERT INTO books (title, authors, price, rating)
    VALUES (%s, %s, %s, %s)
    , parameters: ('Data Privacy: A runbook for engineers', 'Nishant Bhajaria', '32.', '4.8 out of 5 stars')
[2024-08-20T04:44:53.557+0000] {sql.py:518} INFO - Rows affected: 1
[2024-08-20T04:44:53.565+0000] {base.py:84} INFO - Retrieving connection 'books_connection'
[2024-08-20T04:44:53.569+0000] {sql.py:509} INFO - Running statement: 
    INSERT INTO books (title, authors, price, rating)
    VALUES (%s, %s, %s, %s)
    , parameters: ('Azure Data Engineer Associate Certification Guide: A hands-on reference guide to developing your data engineering skills and preparing for the DP-203 exam', 'Newton Alex', '54.', '3.9 out of 5 stars')
[2024-08-20T04:44:53.570+0000] {sql.py:518} INFO - Rows affected: 1
[2024-08-20T04:44:53.579+0000] {base.py:84} INFO - Retrieving connection 'books_connection'
[2024-08-20T04:44:53.584+0000] {sql.py:509} INFO - Running statement: 
    INSERT INTO books (title, authors, price, rating)
    VALUES (%s, %s, %s, %s)
    , parameters: ("SQL QuickStart Guide: The Simplified Beginner's Guide to Managing, Analyzing, and Manipulating Data With SQL (Coding & Programming - QuickStart Guides)", 'Paperback', '18.', '4.6 out of 5 stars')
[2024-08-20T04:44:53.586+0000] {sql.py:518} INFO - Rows affected: 1
[2024-08-20T04:44:53.595+0000] {base.py:84} INFO - Retrieving connection 'books_connection'
[2024-08-20T04:44:53.600+0000] {sql.py:509} INFO - Running statement: 
    INSERT INTO books (title, authors, price, rating)
    VALUES (%s, %s, %s, %s)
    , parameters: ('Concepts of Generative AI and Data Engineering: Vital Concepts in Data Engineering and the World of Generative AI', 'Kindle', '29.', '5.0 out of 5 stars')
[2024-08-20T04:44:53.602+0000] {sql.py:518} INFO - Rows affected: 1
[2024-08-20T04:44:53.612+0000] {base.py:84} INFO - Retrieving connection 'books_connection'
[2024-08-20T04:44:53.616+0000] {sql.py:509} INFO - Running statement: 
    INSERT INTO books (title, authors, price, rating)
    VALUES (%s, %s, %s, %s)
    , parameters: ('Electrical engineering without prior knowledge: Understand the basics within 7 days (Become an Engineer Without Prior Knowledge)', 'Paperback', '17.', '4.4 out of 5 stars')
[2024-08-20T04:44:53.618+0000] {sql.py:518} INFO - Rows affected: 1
[2024-08-20T04:44:53.627+0000] {base.py:84} INFO - Retrieving connection 'books_connection'
[2024-08-20T04:44:53.632+0000] {sql.py:509} INFO - Running statement: 
    INSERT INTO books (title, authors, price, rating)
    VALUES (%s, %s, %s, %s)
    , parameters: ('Data Analytics, Data Visualization & Communicating Data: 3 books in 1: Learn the Processes of Data Analytics and Data Science, Create Engaging Data Visualizations, and Present Data Effectively', 'Audible Audiobook', '0.', '4.5 out of 5 stars')
[2024-08-20T04:44:53.634+0000] {sql.py:518} INFO - Rows affected: 1
[2024-08-20T04:44:53.645+0000] {base.py:84} INFO - Retrieving connection 'books_connection'
[2024-08-20T04:44:53.650+0000] {sql.py:509} INFO - Running statement: 
    INSERT INTO books (title, authors, price, rating)
    VALUES (%s, %s, %s, %s)
    , parameters: ('Systems Engineering Demystified - Second Edition: Apply modern, model-based systems engineering techniques to build complex systems', 'Jon Holt', '45.', '4.7 out of 5 stars')
[2024-08-20T04:44:53.652+0000] {sql.py:518} INFO - Rows affected: 1
[2024-08-20T04:44:53.663+0000] {base.py:84} INFO - Retrieving connection 'books_connection'
[2024-08-20T04:44:53.667+0000] {sql.py:509} INFO - Running statement: 
    INSERT INTO books (title, authors, price, rating)
    VALUES (%s, %s, %s, %s)
    , parameters: ('Machine Learning Engineering with Python - Second Edition: Manage the lifecycle of machine learning models using MLOps with practical examples', 'Andrew McMahon', '32.', '4.7 out of 5 stars')
[2024-08-20T04:44:53.669+0000] {sql.py:518} INFO - Rows affected: 1
[2024-08-20T04:44:53.677+0000] {base.py:84} INFO - Retrieving connection 'books_connection'
[2024-08-20T04:44:53.683+0000] {sql.py:509} INFO - Running statement: 
    INSERT INTO books (title, authors, price, rating)
    VALUES (%s, %s, %s, %s)
    , parameters: ('Database Internals: A Deep Dive into How Distributed Data Systems Work', 'Alex Petrov', '36.', '4.6 out of 5 stars')
[2024-08-20T04:44:53.684+0000] {sql.py:518} INFO - Rows affected: 1
[2024-08-20T04:44:53.695+0000] {base.py:84} INFO - Retrieving connection 'books_connection'
[2024-08-20T04:44:53.700+0000] {sql.py:509} INFO - Running statement: 
    INSERT INTO books (title, authors, price, rating)
    VALUES (%s, %s, %s, %s)
    , parameters: ('Engineers Survival Guide: Advice, tactics, and tricks After a decade of working at Facebook, Snapchat, and Microsoft', 'Merih Taze', '29.', '4.4 out of 5 stars')
[2024-08-20T04:44:53.703+0000] {sql.py:518} INFO - Rows affected: 1
[2024-08-20T04:44:53.714+0000] {base.py:84} INFO - Retrieving connection 'books_connection'
[2024-08-20T04:44:53.721+0000] {sql.py:509} INFO - Running statement: 
    INSERT INTO books (title, authors, price, rating)
    VALUES (%s, %s, %s, %s)
    , parameters: ('Data Science (The MIT Press Essential Knowledge series)', 'Paperback', '10.', '4.4 out of 5 stars')
[2024-08-20T04:44:53.723+0000] {sql.py:518} INFO - Rows affected: 1
[2024-08-20T04:44:53.734+0000] {base.py:84} INFO - Retrieving connection 'books_connection'
[2024-08-20T04:44:53.742+0000] {sql.py:509} INFO - Running statement: 
    INSERT INTO books (title, authors, price, rating)
    VALUES (%s, %s, %s, %s)
    , parameters: ('How Data Happened: A History from the Age of Reason to the Age of Algorithms', 'Chris Wiggins', '16.', '4.2 out of 5 stars')
[2024-08-20T04:44:53.744+0000] {sql.py:518} INFO - Rows affected: 1
[2024-08-20T04:44:53.756+0000] {base.py:84} INFO - Retrieving connection 'books_connection'
[2024-08-20T04:44:53.760+0000] {sql.py:509} INFO - Running statement: 
    INSERT INTO books (title, authors, price, rating)
    VALUES (%s, %s, %s, %s)
    , parameters: ("System Design Interview – An insider's guide", 'Alex Xu', '37.', '4.6 out of 5 stars')
[2024-08-20T04:44:53.762+0000] {sql.py:518} INFO - Rows affected: 1
[2024-08-20T04:44:53.773+0000] {base.py:84} INFO - Retrieving connection 'books_connection'
[2024-08-20T04:44:53.777+0000] {sql.py:509} INFO - Running statement: 
    INSERT INTO books (title, authors, price, rating)
    VALUES (%s, %s, %s, %s)
    , parameters: ("Data: Principles To Practice - Volume 1 'Foundations': Essential Foundations: Key Concepts behind Data Architecture, Engineering and Analysis for Professionals", 'Alex Holloway', '0.', '4.7 out of 5 stars')
[2024-08-20T04:44:53.779+0000] {sql.py:518} INFO - Rows affected: 1
[2024-08-20T04:44:53.789+0000] {base.py:84} INFO - Retrieving connection 'books_connection'
[2024-08-20T04:44:53.796+0000] {sql.py:509} INFO - Running statement: 
    INSERT INTO books (title, authors, price, rating)
    VALUES (%s, %s, %s, %s)
    , parameters: ('Mastering the Data Paradox: Key to Winning in the AI Age', 'Nitin Seth', '18.', '4.8 out of 5 stars')
[2024-08-20T04:44:53.800+0000] {sql.py:518} INFO - Rows affected: 1
[2024-08-20T04:44:53.825+0000] {base.py:84} INFO - Retrieving connection 'books_connection'
[2024-08-20T04:44:53.829+0000] {sql.py:509} INFO - Running statement: 
    INSERT INTO books (title, authors, price, rating)
    VALUES (%s, %s, %s, %s)
    , parameters: ('Data Science on AWS: Implementing End-to-End, Continuous AI and Machine Learning Pipelines', 'Chris Fregly', '11.', '4.5 out of 5 stars')
[2024-08-20T04:44:53.832+0000] {sql.py:518} INFO - Rows affected: 1
[2024-08-20T04:44:53.840+0000] {base.py:84} INFO - Retrieving connection 'books_connection'
[2024-08-20T04:44:53.844+0000] {sql.py:509} INFO - Running statement: 
    INSERT INTO books (title, authors, price, rating)
    VALUES (%s, %s, %s, %s)
    , parameters: ("Applied Machine Learning and AI for Engineers: Solve Business Problems That Can't Be Solved Algorithmically", 'Jeff Prosise', '55.', '4.5 out of 5 stars')
[2024-08-20T04:44:53.846+0000] {sql.py:518} INFO - Rows affected: 1
[2024-08-20T04:44:53.856+0000] {base.py:84} INFO - Retrieving connection 'books_connection'
[2024-08-20T04:44:53.862+0000] {sql.py:509} INFO - Running statement: 
    INSERT INTO books (title, authors, price, rating)
    VALUES (%s, %s, %s, %s)
    , parameters: ('Feature Engineering for Machine Learning: Principles and Techniques for Data Scientists', 'Alice Zheng', '41.', '4.4 out of 5 stars')
[2024-08-20T04:44:53.864+0000] {sql.py:518} INFO - Rows affected: 1
[2024-08-20T04:44:53.873+0000] {base.py:84} INFO - Retrieving connection 'books_connection'
[2024-08-20T04:44:53.878+0000] {sql.py:509} INFO - Running statement: 
    INSERT INTO books (title, authors, price, rating)
    VALUES (%s, %s, %s, %s)
    , parameters: ('Better Data Visualizations: A Guide for Scholars, Researchers, and Wonks', 'Jonathan Schwabish', '26.', '4.5 out of 5 stars')
[2024-08-20T04:44:53.880+0000] {sql.py:518} INFO - Rows affected: 1
[2024-08-20T04:44:53.890+0000] {base.py:84} INFO - Retrieving connection 'books_connection'
[2024-08-20T04:44:53.895+0000] {sql.py:509} INFO - Running statement: 
    INSERT INTO books (title, authors, price, rating)
    VALUES (%s, %s, %s, %s)
    , parameters: ('SQL Data Analytics Made Easy: Your Step-by-Step Guide to Unlocking Data’s Hidden Secrets: Demystify complex concepts, and harness the power of data to drive intelligent decision-making effortlessly.', 'L.D. Knowings', '14.', '4.1 out of 5 stars')
[2024-08-20T04:44:53.897+0000] {sql.py:518} INFO - Rows affected: 1
[2024-08-20T04:44:53.906+0000] {base.py:84} INFO - Retrieving connection 'books_connection'
[2024-08-20T04:44:53.911+0000] {sql.py:509} INFO - Running statement: 
    INSERT INTO books (title, authors, price, rating)
    VALUES (%s, %s, %s, %s)
    , parameters: ('The Art of Doing Science and Engineering: Learning to Learn', 'Richard W. Hamming', '19.', '4.6 out of 5 stars')
[2024-08-20T04:44:53.914+0000] {sql.py:518} INFO - Rows affected: 1
[2024-08-20T04:44:53.923+0000] {base.py:84} INFO - Retrieving connection 'books_connection'
[2024-08-20T04:44:53.928+0000] {sql.py:509} INFO - Running statement: 
    INSERT INTO books (title, authors, price, rating)
    VALUES (%s, %s, %s, %s)
    , parameters: ('A Common-Sense Guide to Data Structures and Algorithms, Second Edition: Level Up Your Core Programming Skills', 'Jay Wengrow', '39.', '4.7 out of 5 stars')
[2024-08-20T04:44:53.930+0000] {sql.py:518} INFO - Rows affected: 1
[2024-08-20T04:44:53.939+0000] {base.py:84} INFO - Retrieving connection 'books_connection'
[2024-08-20T04:44:53.944+0000] {sql.py:509} INFO - Running statement: 
    INSERT INTO books (title, authors, price, rating)
    VALUES (%s, %s, %s, %s)
    , parameters: ('Fundamentals of Data Visualization: A Primer on Making Informative and Compelling Figures', 'Claus Wilke', '49.', '4.6 out of 5 stars')
[2024-08-20T04:44:53.946+0000] {sql.py:518} INFO - Rows affected: 1
[2024-08-20T04:44:53.955+0000] {base.py:84} INFO - Retrieving connection 'books_connection'
[2024-08-20T04:44:53.959+0000] {sql.py:509} INFO - Running statement: 
    INSERT INTO books (title, authors, price, rating)
    VALUES (%s, %s, %s, %s)
    , parameters: ('Hypothesis Testing: An Intuitive Guide for Making Data Driven Decisions', 'Jim Frost', '23.', '4.5 out of 5 stars')
[2024-08-20T04:44:53.962+0000] {sql.py:518} INFO - Rows affected: 1
[2024-08-20T04:44:53.970+0000] {base.py:84} INFO - Retrieving connection 'books_connection'
[2024-08-20T04:44:53.975+0000] {sql.py:509} INFO - Running statement: 
    INSERT INTO books (title, authors, price, rating)
    VALUES (%s, %s, %s, %s)
    , parameters: ('Modeling and Simulation in Python: An Introduction for Scientists and Engineers', 'Allen B. Downey', '32.', '4.5 out of 5 stars')
[2024-08-20T04:44:53.977+0000] {sql.py:518} INFO - Rows affected: 1
[2024-08-20T04:44:53.988+0000] {base.py:84} INFO - Retrieving connection 'books_connection'
[2024-08-20T04:44:53.992+0000] {sql.py:509} INFO - Running statement: 
    INSERT INTO books (title, authors, price, rating)
    VALUES (%s, %s, %s, %s)
    , parameters: ('The Data Governance Guidebook and Playbook: By a Practitioner for Practitioners', 'Paperback', '25.', '4.3 out of 5 stars')
[2024-08-20T04:44:53.994+0000] {sql.py:518} INFO - Rows affected: 1
[2024-08-20T04:44:54.004+0000] {base.py:84} INFO - Retrieving connection 'books_connection'
[2024-08-20T04:44:54.008+0000] {sql.py:509} INFO - Running statement: 
    INSERT INTO books (title, authors, price, rating)
    VALUES (%s, %s, %s, %s)
    , parameters: ('AWS Certified Data Analytics Study Guide: Specialty (DAS-C01) Exam', 'Asif Abbasi', '31.', '4.6 out of 5 stars')
[2024-08-20T04:44:54.010+0000] {sql.py:518} INFO - Rows affected: 1
[2024-08-20T04:44:54.018+0000] {base.py:84} INFO - Retrieving connection 'books_connection'
[2024-08-20T04:44:54.023+0000] {sql.py:509} INFO - Running statement: 
    INSERT INTO books (title, authors, price, rating)
    VALUES (%s, %s, %s, %s)
    , parameters: ('50 Algorithms Every Programmer Should Know - Second Edition: An unbeatable arsenal of algorithmic solutions for real-world problems', 'Imran Ahmad', '37.', '4.4 out of 5 stars')
[2024-08-20T04:44:54.025+0000] {sql.py:518} INFO - Rows affected: 1
[2024-08-20T04:44:54.033+0000] {base.py:84} INFO - Retrieving connection 'books_connection'
[2024-08-20T04:44:54.037+0000] {sql.py:509} INFO - Running statement: 
    INSERT INTO books (title, authors, price, rating)
    VALUES (%s, %s, %s, %s)
    , parameters: ('Technology is Dead', 'Paperback', '23.', '5.0 out of 5 stars')
[2024-08-20T04:44:54.039+0000] {sql.py:518} INFO - Rows affected: 1
[2024-08-20T04:44:54.048+0000] {base.py:84} INFO - Retrieving connection 'books_connection'
[2024-08-20T04:44:54.053+0000] {sql.py:509} INFO - Running statement: 
    INSERT INTO books (title, authors, price, rating)
    VALUES (%s, %s, %s, %s)
    , parameters: ('Designing Cloud Data Platforms', 'Audible Audiobook', '0.', '4.7 out of 5 stars')
[2024-08-20T04:44:54.054+0000] {sql.py:518} INFO - Rows affected: 1
[2024-08-20T04:44:54.064+0000] {base.py:84} INFO - Retrieving connection 'books_connection'
[2024-08-20T04:44:54.068+0000] {sql.py:509} INFO - Running statement: 
    INSERT INTO books (title, authors, price, rating)
    VALUES (%s, %s, %s, %s)
    , parameters: ('Data Science: The Hard Parts: Techniques for Excelling at Data Science', 'Daniel Vaughan', '48.', '5.0 out of 5 stars')
[2024-08-20T04:44:54.069+0000] {sql.py:518} INFO - Rows affected: 1
[2024-08-20T04:44:54.077+0000] {base.py:84} INFO - Retrieving connection 'books_connection'
[2024-08-20T04:44:54.080+0000] {sql.py:509} INFO - Running statement: 
    INSERT INTO books (title, authors, price, rating)
    VALUES (%s, %s, %s, %s)
    , parameters: ('Data Management at Scale: Modern Data Architecture with Data Mesh and Data Fabric', 'Piethein Strengholt', '47.', '4.5 out of 5 stars')
[2024-08-20T04:44:54.082+0000] {sql.py:518} INFO - Rows affected: 1
[2024-08-20T04:44:54.090+0000] {base.py:84} INFO - Retrieving connection 'books_connection'
[2024-08-20T04:44:54.094+0000] {sql.py:509} INFO - Running statement: 
    INSERT INTO books (title, authors, price, rating)
    VALUES (%s, %s, %s, %s)
    , parameters: ('Practical Fraud Prevention: Fraud and AML Analytics for Fintech and eCommerce, Using SQL and Python', 'Gilit Saporta', '47.', '4.4 out of 5 stars')
[2024-08-20T04:44:54.095+0000] {sql.py:518} INFO - Rows affected: 1
[2024-08-20T04:44:54.103+0000] {base.py:84} INFO - Retrieving connection 'books_connection'
[2024-08-20T04:44:54.107+0000] {sql.py:509} INFO - Running statement: 
    INSERT INTO books (title, authors, price, rating)
    VALUES (%s, %s, %s, %s)
    , parameters: ('Data Quality Engineering in Financial Services: Applying Manufacturing Techniques to Data', 'Brian Buzzelli', '30.', '4.4 out of 5 stars')
[2024-08-20T04:44:54.109+0000] {sql.py:518} INFO - Rows affected: 1
[2024-08-20T04:44:54.117+0000] {base.py:84} INFO - Retrieving connection 'books_connection'
[2024-08-20T04:44:54.122+0000] {sql.py:509} INFO - Running statement: 
    INSERT INTO books (title, authors, price, rating)
    VALUES (%s, %s, %s, %s)
    , parameters: ('Ultimate Azure Data Engineering: Build Robust Data Engineering Systems on Azure with SQL, ETL, Data Modeling, and Power BI for Business Insights and Crack Azure Certifications (English Edition)', 'Ashish Agarwal', '39.', '5.0 out of 5 stars')
[2024-08-20T04:44:54.123+0000] {sql.py:518} INFO - Rows affected: 1
[2024-08-20T04:44:54.133+0000] {base.py:84} INFO - Retrieving connection 'books_connection'
[2024-08-20T04:44:54.136+0000] {sql.py:509} INFO - Running statement: 
    INSERT INTO books (title, authors, price, rating)
    VALUES (%s, %s, %s, %s)
    , parameters: ('Data Structures and Algorithms: 100 Interview Questions (Advanced Topics in Programming Book 2)', 'Kindle', '9.', '5.0 out of 5 stars')
[2024-08-20T04:44:54.138+0000] {sql.py:518} INFO - Rows affected: 1
[2024-08-20T04:44:54.146+0000] {base.py:84} INFO - Retrieving connection 'books_connection'
[2024-08-20T04:44:54.149+0000] {sql.py:509} INFO - Running statement: 
    INSERT INTO books (title, authors, price, rating)
    VALUES (%s, %s, %s, %s)
    , parameters: ('Data-Centric Machine Learning with Python: The ultimate guide to engineering and deploying high-quality models based on good data', 'Jonas Christensen', '49.', '4.6 out of 5 stars')
[2024-08-20T04:44:54.151+0000] {sql.py:518} INFO - Rows affected: 1
[2024-08-20T04:44:54.159+0000] {base.py:84} INFO - Retrieving connection 'books_connection'
[2024-08-20T04:44:54.163+0000] {sql.py:509} INFO - Running statement: 
    INSERT INTO books (title, authors, price, rating)
    VALUES (%s, %s, %s, %s)
    , parameters: ('Architecting Data and Machine Learning Platforms: Enable Analytics and AI-Driven Innovation in the Cloud', 'Marco Tranquillin', '37.', '4.3 out of 5 stars')
[2024-08-20T04:44:54.164+0000] {sql.py:518} INFO - Rows affected: 1
[2024-08-20T04:44:54.173+0000] {base.py:84} INFO - Retrieving connection 'books_connection'
[2024-08-20T04:44:54.176+0000] {sql.py:509} INFO - Running statement: 
    INSERT INTO books (title, authors, price, rating)
    VALUES (%s, %s, %s, %s)
    , parameters: ('Killed by a Traffic Engineer: Shattering the Delusion that Science Underlies our Transportation System', 'Wes Marshall', '33.', '4.5 out of 5 stars')
[2024-08-20T04:44:54.178+0000] {sql.py:518} INFO - Rows affected: 1
[2024-08-20T04:44:54.186+0000] {base.py:84} INFO - Retrieving connection 'books_connection'
[2024-08-20T04:44:54.190+0000] {sql.py:509} INFO - Running statement: 
    INSERT INTO books (title, authors, price, rating)
    VALUES (%s, %s, %s, %s)
    , parameters: ('Restricted Data: The History of Nuclear Secrecy in the United States', 'Alex Wellerstein', '2.', '4.7 out of 5 stars')
[2024-08-20T04:44:54.191+0000] {sql.py:518} INFO - Rows affected: 1
[2024-08-20T04:44:54.199+0000] {base.py:84} INFO - Retrieving connection 'books_connection'
[2024-08-20T04:44:54.203+0000] {sql.py:509} INFO - Running statement: 
    INSERT INTO books (title, authors, price, rating)
    VALUES (%s, %s, %s, %s)
    , parameters: ('Python Data Engineering Resources: Boost Your Career With This Python Handbook; Prepare For Python Interview; Python Programming Cookbook For Beginners and Experienced; Python Data Analysis and More', 'Vajo Lukic', '9.', '4.8 out of 5 stars')
[2024-08-20T04:44:54.205+0000] {sql.py:518} INFO - Rows affected: 1
[2024-08-20T04:44:54.212+0000] {base.py:84} INFO - Retrieving connection 'books_connection'
[2024-08-20T04:44:54.217+0000] {sql.py:509} INFO - Running statement: 
    INSERT INTO books (title, authors, price, rating)
    VALUES (%s, %s, %s, %s)
    , parameters: ('Data Driven: Truckers, Technology, and the New Workplace Surveillance', 'Karen Levy', '21.', '4.3 out of 5 stars')
[2024-08-20T04:44:54.218+0000] {sql.py:518} INFO - Rows affected: 1
[2024-08-20T04:44:54.225+0000] {base.py:84} INFO - Retrieving connection 'books_connection'
[2024-08-20T04:44:54.230+0000] {sql.py:509} INFO - Running statement: 
    INSERT INTO books (title, authors, price, rating)
    VALUES (%s, %s, %s, %s)
    , parameters: ("Engineers' Practical Databook: A Technical Reference Guide for Students and Professionals", 'Jay Smith', '18.', '4.6 out of 5 stars')
[2024-08-20T04:44:54.232+0000] {sql.py:518} INFO - Rows affected: 1
[2024-08-20T04:44:54.241+0000] {base.py:84} INFO - Retrieving connection 'books_connection'
[2024-08-20T04:44:54.245+0000] {sql.py:509} INFO - Running statement: 
    INSERT INTO books (title, authors, price, rating)
    VALUES (%s, %s, %s, %s)
    , parameters: ('Grokking Algorithms', 'Audible Audiobook', '0.', '4.6 out of 5 stars')
[2024-08-20T04:44:54.247+0000] {sql.py:518} INFO - Rows affected: 1
[2024-08-20T04:44:54.256+0000] {base.py:84} INFO - Retrieving connection 'books_connection'
[2024-08-20T04:44:54.261+0000] {sql.py:509} INFO - Running statement: 
    INSERT INTO books (title, authors, price, rating)
    VALUES (%s, %s, %s, %s)
    , parameters: ('Understanding Cryptography: A Textbook for Students and Practitioners', 'Christof Paar', '29.', '4.6 out of 5 stars')
[2024-08-20T04:44:54.263+0000] {sql.py:518} INFO - Rows affected: 1
[2024-08-20T04:44:54.271+0000] {base.py:84} INFO - Retrieving connection 'books_connection'
[2024-08-20T04:44:54.275+0000] {sql.py:509} INFO - Running statement: 
    INSERT INTO books (title, authors, price, rating)
    VALUES (%s, %s, %s, %s)
    , parameters: ('Observability Engineering: Achieving Production Excellence', 'Charity Majors', '34.', '4.3 out of 5 stars')
[2024-08-20T04:44:54.277+0000] {sql.py:518} INFO - Rows affected: 1
[2024-08-20T04:44:54.286+0000] {base.py:84} INFO - Retrieving connection 'books_connection'
[2024-08-20T04:44:54.291+0000] {sql.py:509} INFO - Running statement: 
    INSERT INTO books (title, authors, price, rating)
    VALUES (%s, %s, %s, %s)
    , parameters: ('The Definitive Guide to Power Query (M): Mastering complex data transformation with Power Query', 'Gregory Deckler', '41.', '4.8 out of 5 stars')
[2024-08-20T04:44:54.293+0000] {sql.py:518} INFO - Rows affected: 1
[2024-08-20T04:44:54.302+0000] {base.py:84} INFO - Retrieving connection 'books_connection'
[2024-08-20T04:44:54.306+0000] {sql.py:509} INFO - Running statement: 
    INSERT INTO books (title, authors, price, rating)
    VALUES (%s, %s, %s, %s)
    , parameters: ('Learning Tableau 2022 - Fifth Edition: Create effective data visualizations, build interactive visual analytics, and improve your data storytelling capabilities', 'Joshua N Milligan', '57.', '4.5 out of 5 stars')
[2024-08-20T04:44:54.308+0000] {sql.py:518} INFO - Rows affected: 1
[2024-08-20T04:44:54.316+0000] {base.py:84} INFO - Retrieving connection 'books_connection'
[2024-08-20T04:44:54.321+0000] {sql.py:509} INFO - Running statement: 
    INSERT INTO books (title, authors, price, rating)
    VALUES (%s, %s, %s, %s)
    , parameters: ("Storytelling with Data: Let's Practice!", 'Cole Nussbaumer Knaflic', '28.', '4.7 out of 5 stars')
[2024-08-20T04:44:54.323+0000] {sql.py:518} INFO - Rows affected: 1
[2024-08-20T04:44:54.332+0000] {base.py:84} INFO - Retrieving connection 'books_connection'
[2024-08-20T04:44:54.336+0000] {sql.py:509} INFO - Running statement: 
    INSERT INTO books (title, authors, price, rating)
    VALUES (%s, %s, %s, %s)
    , parameters: ('Practical Reverse Engineering: x86, x64, ARM, Windows Kernel, Reversing Tools, and Obfuscation', 'Bruce Dang', '34.', '4.6 out of 5 stars')
[2024-08-20T04:44:54.338+0000] {sql.py:518} INFO - Rows affected: 1
[2024-08-20T04:44:54.347+0000] {base.py:84} INFO - Retrieving connection 'books_connection'
[2024-08-20T04:44:54.352+0000] {sql.py:509} INFO - Running statement: 
    INSERT INTO books (title, authors, price, rating)
    VALUES (%s, %s, %s, %s)
    , parameters: ('Building ETL Pipelines with Python: Create and deploy enterprise-ready ETL pipelines by employing modern methods', 'Brij Kishore Pandey', '17.', '4.2 out of 5 stars')
[2024-08-20T04:44:54.354+0000] {sql.py:518} INFO - Rows affected: 1
[2024-08-20T04:44:54.364+0000] {base.py:84} INFO - Retrieving connection 'books_connection'
[2024-08-20T04:44:54.368+0000] {sql.py:509} INFO - Running statement: 
    INSERT INTO books (title, authors, price, rating)
    VALUES (%s, %s, %s, %s)
    , parameters: ('Mastering Databricks Lakehouse Platform: Perform Data Warehousing, Data Engineering, Machine Learning, DevOps, and BI into a Single Platform (English Edition)', 'Sagar Lad', '26.', '3.6 out of 5 stars')
[2024-08-20T04:44:54.370+0000] {sql.py:518} INFO - Rows affected: 1
[2024-08-20T04:44:54.379+0000] {base.py:84} INFO - Retrieving connection 'books_connection'
[2024-08-20T04:44:54.383+0000] {sql.py:509} INFO - Running statement: 
    INSERT INTO books (title, authors, price, rating)
    VALUES (%s, %s, %s, %s)
    , parameters: ('The Data Model Resource Book, Vol. 1: A Library of Universal Data Models for All Enterprises', 'Len Silverston', '63.', '4.3 out of 5 stars')
[2024-08-20T04:44:54.386+0000] {sql.py:518} INFO - Rows affected: 1
[2024-08-20T04:44:54.395+0000] {base.py:84} INFO - Retrieving connection 'books_connection'
[2024-08-20T04:44:54.399+0000] {sql.py:509} INFO - Running statement: 
    INSERT INTO books (title, authors, price, rating)
    VALUES (%s, %s, %s, %s)
    , parameters: ('Simplifying Data Engineering and Analytics with Delta: Create analytics-ready data that fuels artificial intelligence and business intelligence', 'Anindita Mahapatra', '28.', '4.3 out of 5 stars')
[2024-08-20T04:44:54.401+0000] {sql.py:518} INFO - Rows affected: 1
[2024-08-20T04:44:54.404+0000] {python.py:240} INFO - Done. Returned value was: None
[2024-08-20T04:44:54.414+0000] {taskinstance.py:340} INFO - ::group::Post task execution logs
[2024-08-20T04:44:54.415+0000] {taskinstance.py:352} INFO - Marking task as SUCCESS. dag_id=fetch_and_store_DE_books, task_id=insert_book_data, run_id=scheduled__2024-07-22T00:00:00+00:00, execution_date=20240722T000000, start_date=20240820T044452, end_date=20240820T044454
[2024-08-20T04:44:54.427+0000] {logging_mixin.py:190} INFO - Task instance in success state
[2024-08-20T04:44:54.428+0000] {logging_mixin.py:190} INFO -  Previous state of the Task instance: running
[2024-08-20T04:44:54.429+0000] {logging_mixin.py:190} INFO - Dag name:fetch_and_store_DE_books queued_at:2024-08-20 04:44:40.274282+00:00
[2024-08-20T04:44:54.429+0000] {logging_mixin.py:190} INFO - Task hostname:668944ed7238 operator:PythonOperator
[2024-08-20T04:44:54.469+0000] {local_task_job_runner.py:261} INFO - Task exited with return code 0
[2024-08-20T04:44:54.487+0000] {taskinstance.py:3891} INFO - 0 downstream tasks scheduled from follow-on schedule check
[2024-08-20T04:44:54.490+0000] {local_task_job_runner.py:240} INFO - ::endgroup::
