[2024-08-20T04:46:47.097+0000] {local_task_job_runner.py:123} INFO - ::group::Pre task execution logs
[2024-08-20T04:46:47.118+0000] {taskinstance.py:2603} INFO - Dependencies all met for dep_context=non-requeueable deps ti=<TaskInstance: fetch_and_store_DE_books.fetch_book_data scheduled__2024-08-12T00:00:00+00:00 [queued]>
[2024-08-20T04:46:47.131+0000] {taskinstance.py:2603} INFO - Dependencies all met for dep_context=requeueable deps ti=<TaskInstance: fetch_and_store_DE_books.fetch_book_data scheduled__2024-08-12T00:00:00+00:00 [queued]>
[2024-08-20T04:46:47.132+0000] {taskinstance.py:2856} INFO - Starting attempt 1 of 2
[2024-08-20T04:46:47.151+0000] {taskinstance.py:2879} INFO - Executing <Task(PythonOperator): fetch_book_data> on 2024-08-12 00:00:00+00:00
[2024-08-20T04:46:47.162+0000] {warnings.py:112} WARNING - /home/***/.local/lib/python3.12/site-packages/***/task/task_runner/standard_task_runner.py:70: DeprecationWarning: This process (pid=1264) is multi-threaded, use of fork() may lead to deadlocks in the child.
  pid = os.fork()

[2024-08-20T04:46:47.164+0000] {standard_task_runner.py:72} INFO - Started process 1270 to run task
[2024-08-20T04:46:47.165+0000] {standard_task_runner.py:104} INFO - Running: ['***', 'tasks', 'run', 'fetch_and_store_DE_books', 'fetch_book_data', 'scheduled__2024-08-12T00:00:00+00:00', '--job-id', '127', '--raw', '--subdir', 'DAGS_FOLDER/app.py', '--cfg-path', '/tmp/tmp22iuz2cf']
[2024-08-20T04:46:47.166+0000] {standard_task_runner.py:105} INFO - Job 127: Subtask fetch_book_data
[2024-08-20T04:46:47.222+0000] {task_command.py:467} INFO - Running <TaskInstance: fetch_and_store_DE_books.fetch_book_data scheduled__2024-08-12T00:00:00+00:00 [running]> on host 668944ed7238
[2024-08-20T04:46:47.327+0000] {taskinstance.py:3122} INFO - Exporting env vars: AIRFLOW_CTX_DAG_OWNER='***' AIRFLOW_CTX_DAG_ID='fetch_and_store_DE_books' AIRFLOW_CTX_TASK_ID='fetch_book_data' AIRFLOW_CTX_EXECUTION_DATE='2024-08-12T00:00:00+00:00' AIRFLOW_CTX_TRY_NUMBER='1' AIRFLOW_CTX_DAG_RUN_ID='scheduled__2024-08-12T00:00:00+00:00'
[2024-08-20T04:46:47.329+0000] {logging_mixin.py:190} INFO - Task instance is in running state
[2024-08-20T04:46:47.329+0000] {logging_mixin.py:190} INFO -  Previous state of the Task instance: queued
[2024-08-20T04:46:47.330+0000] {logging_mixin.py:190} INFO - Current task name:fetch_book_data state:running start_date:2024-08-20 04:46:47.119047+00:00
[2024-08-20T04:46:47.330+0000] {logging_mixin.py:190} INFO - Dag name:fetch_and_store_DE_books and current dag run status:running
[2024-08-20T04:46:47.331+0000] {taskinstance.py:731} INFO - ::endgroup::
[2024-08-20T04:46:54.098+0000] {python.py:240} INFO - Done. Returned value was: None
[2024-08-20T04:46:54.111+0000] {taskinstance.py:340} INFO - ::group::Post task execution logs
[2024-08-20T04:46:54.112+0000] {taskinstance.py:352} INFO - Marking task as SUCCESS. dag_id=fetch_and_store_DE_books, task_id=fetch_book_data, run_id=scheduled__2024-08-12T00:00:00+00:00, execution_date=20240812T000000, start_date=20240820T044647, end_date=20240820T044654
[2024-08-20T04:46:54.125+0000] {logging_mixin.py:190} INFO - Task instance in success state
[2024-08-20T04:46:54.126+0000] {logging_mixin.py:190} INFO -  Previous state of the Task instance: running
[2024-08-20T04:46:54.126+0000] {logging_mixin.py:190} INFO - Dag name:fetch_and_store_DE_books queued_at:2024-08-20 04:46:45.250238+00:00
[2024-08-20T04:46:54.126+0000] {logging_mixin.py:190} INFO - Task hostname:668944ed7238 operator:PythonOperator
[2024-08-20T04:46:54.176+0000] {local_task_job_runner.py:261} INFO - Task exited with return code 0
[2024-08-20T04:46:54.187+0000] {local_task_job_runner.py:240} INFO - ::endgroup::
