[2024-08-20T04:43:32.759+0000] {local_task_job_runner.py:123} INFO - ::group::Pre task execution logs
[2024-08-20T04:43:32.794+0000] {taskinstance.py:2603} INFO - Dependencies all met for dep_context=non-requeueable deps ti=<TaskInstance: fetch_and_store_DE_books.insert_book_data scheduled__2024-07-09T00:00:00+00:00 [queued]>
[2024-08-20T04:43:32.814+0000] {taskinstance.py:2603} INFO - Dependencies all met for dep_context=requeueable deps ti=<TaskInstance: fetch_and_store_DE_books.insert_book_data scheduled__2024-07-09T00:00:00+00:00 [queued]>
[2024-08-20T04:43:32.815+0000] {taskinstance.py:2856} INFO - Starting attempt 1 of 2
[2024-08-20T04:43:32.844+0000] {taskinstance.py:2879} INFO - Executing <Task(PythonOperator): insert_book_data> on 2024-07-09 00:00:00+00:00
[2024-08-20T04:43:32.863+0000] {warnings.py:112} WARNING - /home/***/.local/lib/python3.12/site-packages/***/task/task_runner/standard_task_runner.py:70: DeprecationWarning: This process (pid=852) is multi-threaded, use of fork() may lead to deadlocks in the child.
  pid = os.fork()

[2024-08-20T04:43:32.867+0000] {standard_task_runner.py:72} INFO - Started process 860 to run task
[2024-08-20T04:43:32.869+0000] {standard_task_runner.py:104} INFO - Running: ['***', 'tasks', 'run', 'fetch_and_store_DE_books', 'insert_book_data', 'scheduled__2024-07-09T00:00:00+00:00', '--job-id', '34', '--raw', '--subdir', 'DAGS_FOLDER/app.py', '--cfg-path', '/tmp/tmpnwdr0uy0']
[2024-08-20T04:43:32.871+0000] {standard_task_runner.py:105} INFO - Job 34: Subtask insert_book_data
[2024-08-20T04:43:32.958+0000] {task_command.py:467} INFO - Running <TaskInstance: fetch_and_store_DE_books.insert_book_data scheduled__2024-07-09T00:00:00+00:00 [running]> on host 668944ed7238
[2024-08-20T04:43:33.112+0000] {taskinstance.py:3122} INFO - Exporting env vars: AIRFLOW_CTX_DAG_OWNER='***' AIRFLOW_CTX_DAG_ID='fetch_and_store_DE_books' AIRFLOW_CTX_TASK_ID='insert_book_data' AIRFLOW_CTX_EXECUTION_DATE='2024-07-09T00:00:00+00:00' AIRFLOW_CTX_TRY_NUMBER='1' AIRFLOW_CTX_DAG_RUN_ID='scheduled__2024-07-09T00:00:00+00:00'
[2024-08-20T04:43:33.115+0000] {logging_mixin.py:190} INFO - Task instance is in running state
[2024-08-20T04:43:33.115+0000] {logging_mixin.py:190} INFO -  Previous state of the Task instance: queued
[2024-08-20T04:43:33.116+0000] {logging_mixin.py:190} INFO - Current task name:insert_book_data state:running start_date:2024-08-20 04:43:32.796158+00:00
[2024-08-20T04:43:33.116+0000] {logging_mixin.py:190} INFO - Dag name:fetch_and_store_DE_books and current dag run status:running
[2024-08-20T04:43:33.117+0000] {taskinstance.py:731} INFO - ::endgroup::
[2024-08-20T04:43:33.146+0000] {base.py:84} INFO - Retrieving connection 'books_connection'
[2024-08-20T04:43:33.150+0000] {sql.py:509} INFO - Running statement: 
    INSERT INTO books (title, authors, price, rating)
    VALUES (%s, %s, %s, %s)
    , parameters: ('Ace the Data Engineering Interview: Questions and Answers for Python, SQL, Data Modeling and More', 'Sean Coyne', '24.', '4.1 out of 5 stars')
[2024-08-20T04:43:33.152+0000] {sql.py:518} INFO - Rows affected: 1
[2024-08-20T04:43:33.161+0000] {base.py:84} INFO - Retrieving connection 'books_connection'
[2024-08-20T04:43:33.166+0000] {sql.py:509} INFO - Running statement: 
    INSERT INTO books (title, authors, price, rating)
    VALUES (%s, %s, %s, %s)
    , parameters: ('Data Engineering with AWS - Second Edition: Acquire the skills to design and build AWS-based data transformation pipelines like a pro', 'Gareth Eagar', '41.', '4.4 out of 5 stars')
[2024-08-20T04:43:33.168+0000] {sql.py:518} INFO - Rows affected: 1
[2024-08-20T04:43:33.179+0000] {base.py:84} INFO - Retrieving connection 'books_connection'
[2024-08-20T04:43:33.183+0000] {sql.py:509} INFO - Running statement: 
    INSERT INTO books (title, authors, price, rating)
    VALUES (%s, %s, %s, %s)
    , parameters: ('Data Engineering with Databricks Cookbook: Build effective data and AI solutions using Apache Spark, Databricks, and Delta Lake', 'Pulkit Chadha', '42.', '4.2 out of 5 stars')
[2024-08-20T04:43:33.184+0000] {sql.py:518} INFO - Rows affected: 1
[2024-08-20T04:43:33.194+0000] {base.py:84} INFO - Retrieving connection 'books_connection'
[2024-08-20T04:43:33.198+0000] {sql.py:509} INFO - Running statement: 
    INSERT INTO books (title, authors, price, rating)
    VALUES (%s, %s, %s, %s)
    , parameters: ('Azure Data Engineer Associate Certification Guide: Ace the DP-203 exam with advanced data engineering skills', 'Giacinto Palmieri', '39.', '4.5 out of 5 stars')
[2024-08-20T04:43:33.200+0000] {sql.py:518} INFO - Rows affected: 1
[2024-08-20T04:43:33.210+0000] {base.py:84} INFO - Retrieving connection 'books_connection'
[2024-08-20T04:43:33.214+0000] {sql.py:509} INFO - Running statement: 
    INSERT INTO books (title, authors, price, rating)
    VALUES (%s, %s, %s, %s)
    , parameters: ('Fundamentals of Data Engineering: Plan and Build Robust Data Systems', 'Joe Reis', '38.', '4.7 out of 5 stars')
[2024-08-20T04:43:33.215+0000] {sql.py:518} INFO - Rows affected: 1
[2024-08-20T04:43:33.224+0000] {base.py:84} INFO - Retrieving connection 'books_connection'
[2024-08-20T04:43:33.229+0000] {sql.py:509} INFO - Running statement: 
    INSERT INTO books (title, authors, price, rating)
    VALUES (%s, %s, %s, %s)
    , parameters: ('Data Pipelines Pocket Reference: Moving and Processing Data for Analytics', 'James Densmore', '17.', '4.5 out of 5 stars')
[2024-08-20T04:43:33.230+0000] {sql.py:518} INFO - Rows affected: 1
[2024-08-20T04:43:33.241+0000] {base.py:84} INFO - Retrieving connection 'books_connection'
[2024-08-20T04:43:33.245+0000] {sql.py:509} INFO - Running statement: 
    INSERT INTO books (title, authors, price, rating)
    VALUES (%s, %s, %s, %s)
    , parameters: ('Designing Data-Intensive Applications: The Big Ideas Behind Reliable, Scalable, and Maintainable Systems', 'Martin Kleppmann', '35.', '4.8 out of 5 stars')
[2024-08-20T04:43:33.247+0000] {sql.py:518} INFO - Rows affected: 1
[2024-08-20T04:43:33.257+0000] {base.py:84} INFO - Retrieving connection 'books_connection'
[2024-08-20T04:43:33.263+0000] {sql.py:509} INFO - Running statement: 
    INSERT INTO books (title, authors, price, rating)
    VALUES (%s, %s, %s, %s)
    , parameters: ('Data Engineering with Python: Work with massive datasets to design data models and automate data pipelines using Python', 'Paul Crickard', '37.', '4.1 out of 5 stars')
[2024-08-20T04:43:33.265+0000] {sql.py:518} INFO - Rows affected: 1
[2024-08-20T04:43:33.275+0000] {base.py:84} INFO - Retrieving connection 'books_connection'
[2024-08-20T04:43:33.279+0000] {sql.py:509} INFO - Running statement: 
    INSERT INTO books (title, authors, price, rating)
    VALUES (%s, %s, %s, %s)
    , parameters: ('Data Engineering with Python cookbook: Learn to build efficient data pipelines using the Modern Cloud Data Stack', 'Adithyan Ramanujakootam', '29.', '5.0 out of 5 stars')
[2024-08-20T04:43:33.281+0000] {sql.py:518} INFO - Rows affected: 1
[2024-08-20T04:43:33.291+0000] {base.py:84} INFO - Retrieving connection 'books_connection'
[2024-08-20T04:43:33.296+0000] {sql.py:509} INFO - Running statement: 
    INSERT INTO books (title, authors, price, rating)
    VALUES (%s, %s, %s, %s)
    , parameters: ('Cracking the Data Engineering Interview: Land your dream job with the help of resume-building tips, over 100 mock questions, and a unique portfolio', 'Kedeisha Bryan', '26.', '4.4 out of 5 stars')
[2024-08-20T04:43:33.298+0000] {sql.py:518} INFO - Rows affected: 1
[2024-08-20T04:43:33.308+0000] {base.py:84} INFO - Retrieving connection 'books_connection'
[2024-08-20T04:43:33.313+0000] {sql.py:509} INFO - Running statement: 
    INSERT INTO books (title, authors, price, rating)
    VALUES (%s, %s, %s, %s)
    , parameters: ('Data Engineering with AWS: Learn how to design and build cloud-based data transformation pipelines using AWS', 'Gareth Eagar', '49.', '4.4 out of 5 stars')
[2024-08-20T04:43:33.315+0000] {sql.py:518} INFO - Rows affected: 1
[2024-08-20T04:43:33.324+0000] {base.py:84} INFO - Retrieving connection 'books_connection'
[2024-08-20T04:43:33.328+0000] {sql.py:509} INFO - Running statement: 
    INSERT INTO books (title, authors, price, rating)
    VALUES (%s, %s, %s, %s)
    , parameters: ('Data Engineering with Alteryx: Helping data engineers apply DataOps practices with Alteryx', 'Paul Houghton', '44.', '4.3 out of 5 stars')
[2024-08-20T04:43:33.330+0000] {sql.py:518} INFO - Rows affected: 1
[2024-08-20T04:43:33.340+0000] {base.py:84} INFO - Retrieving connection 'books_connection'
[2024-08-20T04:43:33.345+0000] {sql.py:509} INFO - Running statement: 
    INSERT INTO books (title, authors, price, rating)
    VALUES (%s, %s, %s, %s)
    , parameters: ('Software Engineering for Data Scientists: From Notebooks to Scalable Systems', 'Catherine Nelson', '52.', '4.5 out of 5 stars')
[2024-08-20T04:43:33.347+0000] {sql.py:518} INFO - Rows affected: 1
[2024-08-20T04:43:33.360+0000] {base.py:84} INFO - Retrieving connection 'books_connection'
[2024-08-20T04:43:33.365+0000] {sql.py:509} INFO - Running statement: 
    INSERT INTO books (title, authors, price, rating)
    VALUES (%s, %s, %s, %s)
    , parameters: ('Data Engineering with Google Cloud Platform: A guide to leveling up as a data engineer by building a scalable data platform with Google Cloud', 'Adi Wijaya', '41.', '5.0 out of 5 stars')
[2024-08-20T04:43:33.367+0000] {sql.py:518} INFO - Rows affected: 1
[2024-08-20T04:43:33.380+0000] {base.py:84} INFO - Retrieving connection 'books_connection'
[2024-08-20T04:43:33.389+0000] {sql.py:509} INFO - Running statement: 
    INSERT INTO books (title, authors, price, rating)
    VALUES (%s, %s, %s, %s)
    , parameters: ('Driving Data Quality with Data Contracts: A comprehensive guide to building reliable, trusted, and effective data platforms', 'Andrew Jones', '28.', '4.6 out of 5 stars')
[2024-08-20T04:43:33.392+0000] {sql.py:518} INFO - Rows affected: 1
[2024-08-20T04:43:33.403+0000] {base.py:84} INFO - Retrieving connection 'books_connection'
[2024-08-20T04:43:33.409+0000] {sql.py:509} INFO - Running statement: 
    INSERT INTO books (title, authors, price, rating)
    VALUES (%s, %s, %s, %s)
    , parameters: ('Mastering Large Datasets with Python: Parallelize and Distribute Your Python Code', 'John T. Wolohan', '49.', '3.9 out of 5 stars')
[2024-08-20T04:43:33.412+0000] {sql.py:518} INFO - Rows affected: 1
[2024-08-20T04:43:33.423+0000] {base.py:84} INFO - Retrieving connection 'books_connection'
[2024-08-20T04:43:33.428+0000] {sql.py:509} INFO - Running statement: 
    INSERT INTO books (title, authors, price, rating)
    VALUES (%s, %s, %s, %s)
    , parameters: ('Build a Career in Data Science', 'Emily Robinson', '35.', '4.6 out of 5 stars')
[2024-08-20T04:43:33.429+0000] {sql.py:518} INFO - Rows affected: 1
[2024-08-20T04:43:33.438+0000] {base.py:84} INFO - Retrieving connection 'books_connection'
[2024-08-20T04:43:33.444+0000] {sql.py:509} INFO - Running statement: 
    INSERT INTO books (title, authors, price, rating)
    VALUES (%s, %s, %s, %s)
    , parameters: ("Data: Principles To Practice - Volume 1 'Foundations': Essential Foundations: Key Concepts behind Data Architecture, Engineering and Analysis for Professionals", 'Mr Alex Holloway', '11.', '4.7 out of 5 stars')
[2024-08-20T04:43:33.446+0000] {sql.py:518} INFO - Rows affected: 1
[2024-08-20T04:43:33.455+0000] {base.py:84} INFO - Retrieving connection 'books_connection'
[2024-08-20T04:43:33.460+0000] {sql.py:509} INFO - Running statement: 
    INSERT INTO books (title, authors, price, rating)
    VALUES (%s, %s, %s, %s)
    , parameters: ('Data Engineering with dbt: A practical guide to building a cloud-based, pragmatic, and dependable data platform with SQL', 'Roberto Zagni', '37.', '4.6 out of 5 stars')
[2024-08-20T04:43:33.462+0000] {sql.py:518} INFO - Rows affected: 1
[2024-08-20T04:43:33.472+0000] {base.py:84} INFO - Retrieving connection 'books_connection'
[2024-08-20T04:43:33.477+0000] {sql.py:509} INFO - Running statement: 
    INSERT INTO books (title, authors, price, rating)
    VALUES (%s, %s, %s, %s)
    , parameters: ('Data-Driven Science and Engineering: Machine Learning, Dynamical Systems, and Control', 'Steven L. Brunton', '64.', '4.7 out of 5 stars')
[2024-08-20T04:43:33.479+0000] {sql.py:518} INFO - Rows affected: 1
[2024-08-20T04:43:33.489+0000] {base.py:84} INFO - Retrieving connection 'books_connection'
[2024-08-20T04:43:33.494+0000] {sql.py:509} INFO - Running statement: 
    INSERT INTO books (title, authors, price, rating)
    VALUES (%s, %s, %s, %s)
    , parameters: ('DATA ENGINEERING AND AI FOR BEGINNERS: Revolutionizing Data Processing and Analytics by Leveraging Artificial Intelligence for Efficient Input Collection, Storage, and Transformation (World of AI)', 'Paperback', '13.', '4.4 out of 5 stars')
[2024-08-20T04:43:33.496+0000] {sql.py:518} INFO - Rows affected: 1
[2024-08-20T04:43:33.505+0000] {base.py:84} INFO - Retrieving connection 'books_connection'
[2024-08-20T04:43:33.510+0000] {sql.py:509} INFO - Running statement: 
    INSERT INTO books (title, authors, price, rating)
    VALUES (%s, %s, %s, %s)
    , parameters: ('Data Privacy: A runbook for engineers', 'Nishant Bhajaria', '32.', '4.8 out of 5 stars')
[2024-08-20T04:43:33.512+0000] {sql.py:518} INFO - Rows affected: 1
[2024-08-20T04:43:33.521+0000] {base.py:84} INFO - Retrieving connection 'books_connection'
[2024-08-20T04:43:33.526+0000] {sql.py:509} INFO - Running statement: 
    INSERT INTO books (title, authors, price, rating)
    VALUES (%s, %s, %s, %s)
    , parameters: ('Data Mesh: Delivering Data-Driven Value at Scale', 'Zhamak Dehghani', '43.', '4.5 out of 5 stars')
[2024-08-20T04:43:33.528+0000] {sql.py:518} INFO - Rows affected: 1
[2024-08-20T04:43:33.536+0000] {base.py:84} INFO - Retrieving connection 'books_connection'
[2024-08-20T04:43:33.540+0000] {sql.py:509} INFO - Running statement: 
    INSERT INTO books (title, authors, price, rating)
    VALUES (%s, %s, %s, %s)
    , parameters: ('Data Engineering with Apache Spark, Delta Lake, and Lakehouse: Create scalable pipelines that ingest, curate, and aggregate complex data in a timely and secure way', 'Manoj Kukreja', '29.', '3.9 out of 5 stars')
[2024-08-20T04:43:33.542+0000] {sql.py:518} INFO - Rows affected: 1
[2024-08-20T04:43:33.551+0000] {base.py:84} INFO - Retrieving connection 'books_connection'
[2024-08-20T04:43:33.556+0000] {sql.py:509} INFO - Running statement: 
    INSERT INTO books (title, authors, price, rating)
    VALUES (%s, %s, %s, %s)
    , parameters: ('Machine Learning Engineering', 'Andriy Burkov', '39.', '4.7 out of 5 stars')
[2024-08-20T04:43:33.558+0000] {sql.py:518} INFO - Rows affected: 1
[2024-08-20T04:43:33.567+0000] {base.py:84} INFO - Retrieving connection 'books_connection'
[2024-08-20T04:43:33.571+0000] {sql.py:509} INFO - Running statement: 
    INSERT INTO books (title, authors, price, rating)
    VALUES (%s, %s, %s, %s)
    , parameters: ('The Enterprise Data Catalog: Improve Data Discovery, Ensure Data Governance, and Enable Innovation', 'Ole Olesen-Bagneux', '31.', '4.5 out of 5 stars')
[2024-08-20T04:43:33.573+0000] {sql.py:518} INFO - Rows affected: 1
[2024-08-20T04:43:33.581+0000] {base.py:84} INFO - Retrieving connection 'books_connection'
[2024-08-20T04:43:33.587+0000] {sql.py:509} INFO - Running statement: 
    INSERT INTO books (title, authors, price, rating)
    VALUES (%s, %s, %s, %s)
    , parameters: ('Data Engineering with Databricks', 'Paperback', '25.', '3.4 out of 5 stars')
[2024-08-20T04:43:33.588+0000] {sql.py:518} INFO - Rows affected: 1
[2024-08-20T04:43:33.597+0000] {base.py:84} INFO - Retrieving connection 'books_connection'
[2024-08-20T04:43:33.601+0000] {sql.py:509} INFO - Running statement: 
    INSERT INTO books (title, authors, price, rating)
    VALUES (%s, %s, %s, %s)
    , parameters: ('Ace the Data Science Interview: 201 Real Interview Questions Asked By FAANG, Tech Startups, & Wall Street', 'Nick Singh', '42.', '4.5 out of 5 stars')
[2024-08-20T04:43:33.602+0000] {sql.py:518} INFO - Rows affected: 1
[2024-08-20T04:43:33.611+0000] {base.py:84} INFO - Retrieving connection 'books_connection'
[2024-08-20T04:43:33.615+0000] {sql.py:509} INFO - Running statement: 
    INSERT INTO books (title, authors, price, rating)
    VALUES (%s, %s, %s, %s)
    , parameters: ('Modern Data Engineering with Apache Spark: A Hands-On Guide for Building Mission-Critical Streaming Applications', 'Scott Haines', '30.', '4.1 out of 5 stars')
[2024-08-20T04:43:33.617+0000] {sql.py:518} INFO - Rows affected: 1
[2024-08-20T04:43:33.625+0000] {base.py:84} INFO - Retrieving connection 'books_connection'
[2024-08-20T04:43:33.629+0000] {sql.py:509} INFO - Running statement: 
    INSERT INTO books (title, authors, price, rating)
    VALUES (%s, %s, %s, %s)
    , parameters: ('Data Modeling with Snowflake: A practical guide to accelerating Snowflake development using universal data modeling techniques', 'Serge Gershkovich', '36.', '4.8 out of 5 stars')
[2024-08-20T04:43:33.631+0000] {sql.py:518} INFO - Rows affected: 1
[2024-08-20T04:43:33.639+0000] {base.py:84} INFO - Retrieving connection 'books_connection'
[2024-08-20T04:43:33.644+0000] {sql.py:509} INFO - Running statement: 
    INSERT INTO books (title, authors, price, rating)
    VALUES (%s, %s, %s, %s)
    , parameters: ('Storytelling with Data: A Data Visualization Guide for Business Professionals', 'Cole Nussbaumer Knaflic', '27.', '4.6 out of 5 stars')
[2024-08-20T04:43:33.646+0000] {sql.py:518} INFO - Rows affected: 1
[2024-08-20T04:43:33.654+0000] {base.py:84} INFO - Retrieving connection 'books_connection'
[2024-08-20T04:43:33.658+0000] {sql.py:509} INFO - Running statement: 
    INSERT INTO books (title, authors, price, rating)
    VALUES (%s, %s, %s, %s)
    , parameters: ('97 Things Every Data Engineer Should Know: Collective Wisdom from the Experts', 'Audible Audiobook', '0.', '4.1 out of 5 stars')
[2024-08-20T04:43:33.659+0000] {sql.py:518} INFO - Rows affected: 1
[2024-08-20T04:43:33.668+0000] {base.py:84} INFO - Retrieving connection 'books_connection'
[2024-08-20T04:43:33.671+0000] {sql.py:509} INFO - Running statement: 
    INSERT INTO books (title, authors, price, rating)
    VALUES (%s, %s, %s, %s)
    , parameters: ("Data Quality Fundamentals: A Practitioner's Guide to Building Trustworthy Data Pipelines", 'Paperback', '45.', '4.1 out of 5 stars')
[2024-08-20T04:43:33.673+0000] {sql.py:518} INFO - Rows affected: 1
[2024-08-20T04:43:33.681+0000] {base.py:84} INFO - Retrieving connection 'books_connection'
[2024-08-20T04:43:33.685+0000] {sql.py:509} INFO - Running statement: 
    INSERT INTO books (title, authors, price, rating)
    VALUES (%s, %s, %s, %s)
    , parameters: ('Fundamentals of Data Analytics: Learn Essential Skills, Embrace the Future, and Catapult Your Career in the Data-Driven World—A Comprehensive Guide to Data Literacy for Beginners', 'Russell Dawson', '16.', '4.8 out of 5 stars')
[2024-08-20T04:43:33.687+0000] {sql.py:518} INFO - Rows affected: 1
[2024-08-20T04:43:33.695+0000] {base.py:84} INFO - Retrieving connection 'books_connection'
[2024-08-20T04:43:33.699+0000] {sql.py:509} INFO - Running statement: 
    INSERT INTO books (title, authors, price, rating)
    VALUES (%s, %s, %s, %s)
    , parameters: ('Data Engineering with Google Cloud Platform: A practical guide to operationalizing scalable data analytics systems on GCP', 'Adi Wijaya', '41.', '4.7 out of 5 stars')
[2024-08-20T04:43:33.701+0000] {sql.py:518} INFO - Rows affected: 1
[2024-08-20T04:43:33.709+0000] {base.py:84} INFO - Retrieving connection 'books_connection'
[2024-08-20T04:43:33.713+0000] {sql.py:509} INFO - Running statement: 
    INSERT INTO books (title, authors, price, rating)
    VALUES (%s, %s, %s, %s)
    , parameters: ('Prompt Engineering for Generative AI: Future-Proof Inputs for Reliable AI Outputs', 'James Phoenix', '57.', '4.4 out of 5 stars')
[2024-08-20T04:43:33.714+0000] {sql.py:518} INFO - Rows affected: 1
[2024-08-20T04:43:33.723+0000] {base.py:84} INFO - Retrieving connection 'books_connection'
[2024-08-20T04:43:33.727+0000] {sql.py:509} INFO - Running statement: 
    INSERT INTO books (title, authors, price, rating)
    VALUES (%s, %s, %s, %s)
    , parameters: ('Python Programming and SQL: 5 books in 1 - The #1 Coding Course from Beginner to Advanced. Learn it Well & Fast (2024) (Computer Programming)', 'Paperback', '32.', '4.3 out of 5 stars')
[2024-08-20T04:43:33.729+0000] {sql.py:518} INFO - Rows affected: 1
[2024-08-20T04:43:33.737+0000] {base.py:84} INFO - Retrieving connection 'books_connection'
[2024-08-20T04:43:33.741+0000] {sql.py:509} INFO - Running statement: 
    INSERT INTO books (title, authors, price, rating)
    VALUES (%s, %s, %s, %s)
    , parameters: ('Analytics Engineering with SQL and dbt: Building Meaningful Data Models at Scale', 'Rui Pedro Machado', '41.', '3.8 out of 5 stars')
[2024-08-20T04:43:33.743+0000] {sql.py:518} INFO - Rows affected: 1
[2024-08-20T04:43:33.750+0000] {base.py:84} INFO - Retrieving connection 'books_connection'
[2024-08-20T04:43:33.755+0000] {sql.py:509} INFO - Running statement: 
    INSERT INTO books (title, authors, price, rating)
    VALUES (%s, %s, %s, %s)
    , parameters: ("Azure Data Factory Cookbook - Second Edition: A data engineer's guide to building and managing ETL and ELT pipelines with data integration", 'Dmitry Foshin', '51.', '4.4 out of 5 stars')
[2024-08-20T04:43:33.757+0000] {sql.py:518} INFO - Rows affected: 1
[2024-08-20T04:43:33.767+0000] {base.py:84} INFO - Retrieving connection 'books_connection'
[2024-08-20T04:43:33.771+0000] {sql.py:509} INFO - Running statement: 
    INSERT INTO books (title, authors, price, rating)
    VALUES (%s, %s, %s, %s)
    , parameters: ('Data Observability for Data Engineering: Proactive strategies for ensuring data accuracy and addressing broken data pipelines', 'Michele Pinto', '18.', '3.7 out of 5 stars')
[2024-08-20T04:43:33.773+0000] {sql.py:518} INFO - Rows affected: 1
[2024-08-20T04:43:33.781+0000] {base.py:84} INFO - Retrieving connection 'books_connection'
[2024-08-20T04:43:33.785+0000] {sql.py:509} INFO - Running statement: 
    INSERT INTO books (title, authors, price, rating)
    VALUES (%s, %s, %s, %s)
    , parameters: ("Ultimate Data Engineering with Databricks: Develop Scalable Data Pipelines Using Data Engineering's Core Tenets Such as Delta Tables, Ingestion, ... Security, and Scalability (English Edition)", 'Mayank Malhotra', '37.', '3.8 out of 5 stars')
[2024-08-20T04:43:33.787+0000] {sql.py:518} INFO - Rows affected: 1
[2024-08-20T04:43:33.796+0000] {base.py:84} INFO - Retrieving connection 'books_connection'
[2024-08-20T04:43:33.801+0000] {sql.py:509} INFO - Running statement: 
    INSERT INTO books (title, authors, price, rating)
    VALUES (%s, %s, %s, %s)
    , parameters: ('The Data Warehouse Toolkit: The Definitive Guide to Dimensional Modeling', 'Paperback', '47.', '4.7 out of 5 stars')
[2024-08-20T04:43:33.803+0000] {sql.py:518} INFO - Rows affected: 1
[2024-08-20T04:43:33.814+0000] {base.py:84} INFO - Retrieving connection 'books_connection'
[2024-08-20T04:43:33.821+0000] {sql.py:509} INFO - Running statement: 
    INSERT INTO books (title, authors, price, rating)
    VALUES (%s, %s, %s, %s)
    , parameters: ('Data Engineering 101', 'Kindle', '0.', '5.0 out of 5 stars')
[2024-08-20T04:43:33.824+0000] {sql.py:518} INFO - Rows affected: 1
[2024-08-20T04:43:33.833+0000] {base.py:84} INFO - Retrieving connection 'books_connection'
[2024-08-20T04:43:33.837+0000] {sql.py:509} INFO - Running statement: 
    INSERT INTO books (title, authors, price, rating)
    VALUES (%s, %s, %s, %s)
    , parameters: ('Concepts of Generative AI and Data Engineering: Vital Concepts in Data Engineering and the World of Generative AI', 'Kindle', '29.', '5.0 out of 5 stars')
[2024-08-20T04:43:33.840+0000] {sql.py:518} INFO - Rows affected: 1
[2024-08-20T04:43:33.849+0000] {base.py:84} INFO - Retrieving connection 'books_connection'
[2024-08-20T04:43:33.854+0000] {sql.py:509} INFO - Running statement: 
    INSERT INTO books (title, authors, price, rating)
    VALUES (%s, %s, %s, %s)
    , parameters: ('Official Google Cloud Certified Professional Data Engineer Study Guide', 'Dan Sullivan', '33.', '4.5 out of 5 stars')
[2024-08-20T04:43:33.856+0000] {sql.py:518} INFO - Rows affected: 1
[2024-08-20T04:43:33.866+0000] {base.py:84} INFO - Retrieving connection 'books_connection'
[2024-08-20T04:43:33.870+0000] {sql.py:509} INFO - Running statement: 
    INSERT INTO books (title, authors, price, rating)
    VALUES (%s, %s, %s, %s)
    , parameters: ('Data Analytics, Data Visualization & Communicating Data: 3 books in 1: Learn the Processes of Data Analytics and Data Science, Create Engaging Data Visualizations, and Present Data Effectively', 'Audible Audiobook', '0.', '4.5 out of 5 stars')
[2024-08-20T04:43:33.871+0000] {sql.py:518} INFO - Rows affected: 1
[2024-08-20T04:43:33.881+0000] {base.py:84} INFO - Retrieving connection 'books_connection'
[2024-08-20T04:43:33.885+0000] {sql.py:509} INFO - Running statement: 
    INSERT INTO books (title, authors, price, rating)
    VALUES (%s, %s, %s, %s)
    , parameters: ('Data Engineering and Data Science for Babies: Activity Workbook Part 1', 'Paperback', '9.', '4.1 out of 5 stars')
[2024-08-20T04:43:33.887+0000] {sql.py:518} INFO - Rows affected: 1
[2024-08-20T04:43:33.897+0000] {base.py:84} INFO - Retrieving connection 'books_connection'
[2024-08-20T04:43:33.902+0000] {sql.py:509} INFO - Running statement: 
    INSERT INTO books (title, authors, price, rating)
    VALUES (%s, %s, %s, %s)
    , parameters: ('Fundamentals of Data Engineering: Efficiency, Insight, Impact: Transforming Data into Value through Expert Engineering Practices', 'Joseph Achakji', '0.', '4.6 out of 5 stars')
[2024-08-20T04:43:33.904+0000] {sql.py:518} INFO - Rows affected: 1
[2024-08-20T04:43:33.913+0000] {base.py:84} INFO - Retrieving connection 'books_connection'
[2024-08-20T04:43:33.918+0000] {sql.py:509} INFO - Running statement: 
    INSERT INTO books (title, authors, price, rating)
    VALUES (%s, %s, %s, %s)
    , parameters: ('Learning Spark: Lightning-Fast Data Analytics', 'Jules S. Damji', '43.', '4.7 out of 5 stars')
[2024-08-20T04:43:33.920+0000] {sql.py:518} INFO - Rows affected: 1
[2024-08-20T04:43:33.930+0000] {base.py:84} INFO - Retrieving connection 'books_connection'
[2024-08-20T04:43:33.934+0000] {sql.py:509} INFO - Running statement: 
    INSERT INTO books (title, authors, price, rating)
    VALUES (%s, %s, %s, %s)
    , parameters: ("SQL QuickStart Guide: The Simplified Beginner's Guide to Managing, Analyzing, and Manipulating Data With SQL (Coding & Programming - QuickStart Guides)", 'Paperback', '23.', '4.6 out of 5 stars')
[2024-08-20T04:43:33.936+0000] {sql.py:518} INFO - Rows affected: 1
[2024-08-20T04:43:33.947+0000] {base.py:84} INFO - Retrieving connection 'books_connection'
[2024-08-20T04:43:33.951+0000] {sql.py:509} INFO - Running statement: 
    INSERT INTO books (title, authors, price, rating)
    VALUES (%s, %s, %s, %s)
    , parameters: ('Electrical engineering without prior knowledge: Understand the basics within 7 days (Become an Engineer Without Prior Knowledge)', 'Paperback', '17.', '4.4 out of 5 stars')
[2024-08-20T04:43:33.953+0000] {sql.py:518} INFO - Rows affected: 1
[2024-08-20T04:43:33.964+0000] {base.py:84} INFO - Retrieving connection 'books_connection'
[2024-08-20T04:43:33.968+0000] {sql.py:509} INFO - Running statement: 
    INSERT INTO books (title, authors, price, rating)
    VALUES (%s, %s, %s, %s)
    , parameters: ('Azure Data Engineering Cookbook - Second Edition: Get well versed in various data engineering techniques in Azure using this recipe-based guide', 'Nagaraj Venkatesan', '51.', '3.5 out of 5 stars')
[2024-08-20T04:43:33.970+0000] {sql.py:518} INFO - Rows affected: 1
[2024-08-20T04:43:33.982+0000] {base.py:84} INFO - Retrieving connection 'books_connection'
[2024-08-20T04:43:33.988+0000] {sql.py:509} INFO - Running statement: 
    INSERT INTO books (title, authors, price, rating)
    VALUES (%s, %s, %s, %s)
    , parameters: ("The Baofeng Radio Guerrilla's Bible 16 Books in 1: The Guerrilla's Comprehensive Manual: Mastering Your Baofeng Radio for Every Situation - Essential Tactics for Emergencies,Disasters,Covert Oper...", 'Paperback', '34.', '4.5 out of 5 stars')
[2024-08-20T04:43:33.990+0000] {sql.py:518} INFO - Rows affected: 1
[2024-08-20T04:43:34.002+0000] {base.py:84} INFO - Retrieving connection 'books_connection'
[2024-08-20T04:43:34.007+0000] {sql.py:509} INFO - Running statement: 
    INSERT INTO books (title, authors, price, rating)
    VALUES (%s, %s, %s, %s)
    , parameters: ('Salesforce CRM Administration Handbook: A comprehensive guide to administering, configuring, and customizing Salesforce CRM', 'Krzysztof Nowacki', '35.', '5.0 out of 5 stars')
[2024-08-20T04:43:34.010+0000] {sql.py:518} INFO - Rows affected: 1
[2024-08-20T04:43:34.024+0000] {base.py:84} INFO - Retrieving connection 'books_connection'
[2024-08-20T04:43:34.029+0000] {sql.py:509} INFO - Running statement: 
    INSERT INTO books (title, authors, price, rating)
    VALUES (%s, %s, %s, %s)
    , parameters: ('Systems Engineering Demystified - Second Edition: Apply modern, model-based systems engineering techniques to build complex systems', 'Jon Holt', '45.', '4.7 out of 5 stars')
[2024-08-20T04:43:34.032+0000] {sql.py:518} INFO - Rows affected: 1
[2024-08-20T04:43:34.041+0000] {base.py:84} INFO - Retrieving connection 'books_connection'
[2024-08-20T04:43:34.046+0000] {sql.py:509} INFO - Running statement: 
    INSERT INTO books (title, authors, price, rating)
    VALUES (%s, %s, %s, %s)
    , parameters: ('Better Data Visualizations: A Guide for Scholars, Researchers, and Wonks', 'Jonathan Schwabish', '26.', '4.5 out of 5 stars')
[2024-08-20T04:43:34.049+0000] {sql.py:518} INFO - Rows affected: 1
[2024-08-20T04:43:34.058+0000] {base.py:84} INFO - Retrieving connection 'books_connection'
[2024-08-20T04:43:34.063+0000] {sql.py:509} INFO - Running statement: 
    INSERT INTO books (title, authors, price, rating)
    VALUES (%s, %s, %s, %s)
    , parameters: ('Data Engineering with Scala and Spark: A practical guide helping you build streaming and batch pipelines that process massive amounts of data using Scala', 'Eric Tome', '36.', '4.3 out of 5 stars')
[2024-08-20T04:43:34.065+0000] {sql.py:518} INFO - Rows affected: 1
[2024-08-20T04:43:34.076+0000] {base.py:84} INFO - Retrieving connection 'books_connection'
[2024-08-20T04:43:34.080+0000] {sql.py:509} INFO - Running statement: 
    INSERT INTO books (title, authors, price, rating)
    VALUES (%s, %s, %s, %s)
    , parameters: ('Fundamentals of Data Visualization: A Primer on Making Informative and Compelling Figures', 'Claus Wilke', '49.', '4.6 out of 5 stars')
[2024-08-20T04:43:34.082+0000] {sql.py:518} INFO - Rows affected: 1
[2024-08-20T04:43:34.092+0000] {base.py:84} INFO - Retrieving connection 'books_connection'
[2024-08-20T04:43:34.096+0000] {sql.py:509} INFO - Running statement: 
    INSERT INTO books (title, authors, price, rating)
    VALUES (%s, %s, %s, %s)
    , parameters: ('Restricted Data: The History of Nuclear Secrecy in the United States', 'Alex Wellerstein', '2.', '4.7 out of 5 stars')
[2024-08-20T04:43:34.098+0000] {sql.py:518} INFO - Rows affected: 1
[2024-08-20T04:43:34.107+0000] {base.py:84} INFO - Retrieving connection 'books_connection'
[2024-08-20T04:43:34.111+0000] {sql.py:509} INFO - Running statement: 
    INSERT INTO books (title, authors, price, rating)
    VALUES (%s, %s, %s, %s)
    , parameters: ("Applied Machine Learning and AI for Engineers: Solve Business Problems That Can't Be Solved Algorithmically", 'Jeff Prosise', '55.', '4.5 out of 5 stars')
[2024-08-20T04:43:34.113+0000] {sql.py:518} INFO - Rows affected: 1
[2024-08-20T04:43:34.122+0000] {base.py:84} INFO - Retrieving connection 'books_connection'
[2024-08-20T04:43:34.127+0000] {sql.py:509} INFO - Running statement: 
    INSERT INTO books (title, authors, price, rating)
    VALUES (%s, %s, %s, %s)
    , parameters: ('Mastering the Data Paradox: Key to Winning in the AI Age', 'Nitin Seth', '18.', '4.8 out of 5 stars')
[2024-08-20T04:43:34.129+0000] {sql.py:518} INFO - Rows affected: 1
[2024-08-20T04:43:34.137+0000] {base.py:84} INFO - Retrieving connection 'books_connection'
[2024-08-20T04:43:34.142+0000] {sql.py:509} INFO - Running statement: 
    INSERT INTO books (title, authors, price, rating)
    VALUES (%s, %s, %s, %s)
    , parameters: ('Data Science: The Hard Parts: Techniques for Excelling at Data Science', 'Daniel Vaughan', '48.', '5.0 out of 5 stars')
[2024-08-20T04:43:34.144+0000] {sql.py:518} INFO - Rows affected: 1
[2024-08-20T04:43:34.153+0000] {base.py:84} INFO - Retrieving connection 'books_connection'
[2024-08-20T04:43:34.157+0000] {sql.py:509} INFO - Running statement: 
    INSERT INTO books (title, authors, price, rating)
    VALUES (%s, %s, %s, %s)
    , parameters: ('Data Wise in Action: Stories of Schools Using Data to Improve Teaching and Learning', 'Kathryn Parker Boudett', '30.', '4.5 out of 5 stars')
[2024-08-20T04:43:34.159+0000] {sql.py:518} INFO - Rows affected: 1
[2024-08-20T04:43:34.168+0000] {base.py:84} INFO - Retrieving connection 'books_connection'
[2024-08-20T04:43:34.171+0000] {sql.py:509} INFO - Running statement: 
    INSERT INTO books (title, authors, price, rating)
    VALUES (%s, %s, %s, %s)
    , parameters: ('Practical Reverse Engineering: x86, x64, ARM, Windows Kernel, Reversing Tools, and Obfuscation', 'Bruce Dang', '34.', '4.6 out of 5 stars')
[2024-08-20T04:43:34.174+0000] {sql.py:518} INFO - Rows affected: 1
[2024-08-20T04:43:34.183+0000] {base.py:84} INFO - Retrieving connection 'books_connection'
[2024-08-20T04:43:34.187+0000] {sql.py:509} INFO - Running statement: 
    INSERT INTO books (title, authors, price, rating)
    VALUES (%s, %s, %s, %s)
    , parameters: ('The Data Model Resource Book, Vol. 1: A Library of Universal Data Models for All Enterprises', 'Len Silverston', '63.', '4.3 out of 5 stars')
[2024-08-20T04:43:34.188+0000] {sql.py:518} INFO - Rows affected: 1
[2024-08-20T04:43:34.197+0000] {base.py:84} INFO - Retrieving connection 'books_connection'
[2024-08-20T04:43:34.201+0000] {sql.py:509} INFO - Running statement: 
    INSERT INTO books (title, authors, price, rating)
    VALUES (%s, %s, %s, %s)
    , parameters: ('The Art of Doing Science and Engineering: Learning to Learn', 'Richard W. Hamming', '19.', '4.6 out of 5 stars')
[2024-08-20T04:43:34.202+0000] {sql.py:518} INFO - Rows affected: 1
[2024-08-20T04:43:34.212+0000] {base.py:84} INFO - Retrieving connection 'books_connection'
[2024-08-20T04:43:34.216+0000] {sql.py:509} INFO - Running statement: 
    INSERT INTO books (title, authors, price, rating)
    VALUES (%s, %s, %s, %s)
    , parameters: ('Data Management at Scale: Modern Data Architecture with Data Mesh and Data Fabric', 'Piethein Strengholt', '47.', '4.5 out of 5 stars')
[2024-08-20T04:43:34.218+0000] {sql.py:518} INFO - Rows affected: 1
[2024-08-20T04:43:34.227+0000] {base.py:84} INFO - Retrieving connection 'books_connection'
[2024-08-20T04:43:34.232+0000] {sql.py:509} INFO - Running statement: 
    INSERT INTO books (title, authors, price, rating)
    VALUES (%s, %s, %s, %s)
    , parameters: ('Data Juice: 101 Stories of How Organizations Are Squeezing Value from Available Data Assets', 'Douglas B. Laney', '27.', '4.1 out of 5 stars')
[2024-08-20T04:43:34.234+0000] {sql.py:518} INFO - Rows affected: 1
[2024-08-20T04:43:34.244+0000] {base.py:84} INFO - Retrieving connection 'books_connection'
[2024-08-20T04:43:34.248+0000] {sql.py:509} INFO - Running statement: 
    INSERT INTO books (title, authors, price, rating)
    VALUES (%s, %s, %s, %s)
    , parameters: ("System Design Interview – An insider's guide", 'Alex Xu', '37.', '4.6 out of 5 stars')
[2024-08-20T04:43:34.250+0000] {sql.py:518} INFO - Rows affected: 1
[2024-08-20T04:43:34.259+0000] {base.py:84} INFO - Retrieving connection 'books_connection'
[2024-08-20T04:43:34.264+0000] {sql.py:509} INFO - Running statement: 
    INSERT INTO books (title, authors, price, rating)
    VALUES (%s, %s, %s, %s)
    , parameters: ('Modeling and Simulation in Python: An Introduction for Scientists and Engineers', 'Allen B. Downey', '32.', '4.5 out of 5 stars')
[2024-08-20T04:43:34.265+0000] {sql.py:518} INFO - Rows affected: 1
[2024-08-20T04:43:34.276+0000] {base.py:84} INFO - Retrieving connection 'books_connection'
[2024-08-20T04:43:34.280+0000] {sql.py:509} INFO - Running statement: 
    INSERT INTO books (title, authors, price, rating)
    VALUES (%s, %s, %s, %s)
    , parameters: ('Machine Learning Engineering with Python - Second Edition: Manage the lifecycle of machine learning models using MLOps with practical examples', 'Andrew McMahon', '32.', '4.7 out of 5 stars')
[2024-08-20T04:43:34.282+0000] {sql.py:518} INFO - Rows affected: 1
[2024-08-20T04:43:34.291+0000] {base.py:84} INFO - Retrieving connection 'books_connection'
[2024-08-20T04:43:34.295+0000] {sql.py:509} INFO - Running statement: 
    INSERT INTO books (title, authors, price, rating)
    VALUES (%s, %s, %s, %s)
    , parameters: ('Ultimate Azure Data Engineering: Build Robust Data Engineering Systems on Azure with SQL, ETL, Data Modeling, and Power BI for Business Insights and Crack Azure Certifications (English Edition)', 'Ashish Agarwal', '39.', '5.0 out of 5 stars')
[2024-08-20T04:43:34.297+0000] {sql.py:518} INFO - Rows affected: 1
[2024-08-20T04:43:34.306+0000] {base.py:84} INFO - Retrieving connection 'books_connection'
[2024-08-20T04:43:34.311+0000] {sql.py:509} INFO - Running statement: 
    INSERT INTO books (title, authors, price, rating)
    VALUES (%s, %s, %s, %s)
    , parameters: ('Master in 30 Days: AWS Certified Data Engineer Associate Exam', 'Bryant Pollard II', '0.', '5.0 out of 5 stars')
[2024-08-20T04:43:34.313+0000] {sql.py:518} INFO - Rows affected: 1
[2024-08-20T04:43:34.322+0000] {base.py:84} INFO - Retrieving connection 'books_connection'
[2024-08-20T04:43:34.326+0000] {sql.py:509} INFO - Running statement: 
    INSERT INTO books (title, authors, price, rating)
    VALUES (%s, %s, %s, %s)
    , parameters: ('Data Science on AWS: Implementing End-to-End, Continuous AI and Machine Learning Pipelines', 'Chris Fregly', '11.', '4.5 out of 5 stars')
[2024-08-20T04:43:34.328+0000] {sql.py:518} INFO - Rows affected: 1
[2024-08-20T04:43:34.338+0000] {base.py:84} INFO - Retrieving connection 'books_connection'
[2024-08-20T04:43:34.344+0000] {sql.py:509} INFO - Running statement: 
    INSERT INTO books (title, authors, price, rating)
    VALUES (%s, %s, %s, %s)
    , parameters: ('Grokking Algorithms', 'Audible Audiobook', '0.', '4.6 out of 5 stars')
[2024-08-20T04:43:34.346+0000] {sql.py:518} INFO - Rows affected: 1
[2024-08-20T04:43:34.356+0000] {base.py:84} INFO - Retrieving connection 'books_connection'
[2024-08-20T04:43:34.361+0000] {sql.py:509} INFO - Running statement: 
    INSERT INTO books (title, authors, price, rating)
    VALUES (%s, %s, %s, %s)
    , parameters: ('A Common-Sense Guide to Data Structures and Algorithms, Second Edition: Level Up Your Core Programming Skills', 'Jay Wengrow', '39.', '4.7 out of 5 stars')
[2024-08-20T04:43:34.364+0000] {sql.py:518} INFO - Rows affected: 1
[2024-08-20T04:43:34.372+0000] {base.py:84} INFO - Retrieving connection 'books_connection'
[2024-08-20T04:43:34.377+0000] {sql.py:509} INFO - Running statement: 
    INSERT INTO books (title, authors, price, rating)
    VALUES (%s, %s, %s, %s)
    , parameters: ('The Data Model Resource Book, Vol. 2: A Library of Data Models for Specific Industries', 'Len Silverston', '68.', '4.1 out of 5 stars')
[2024-08-20T04:43:34.379+0000] {sql.py:518} INFO - Rows affected: 1
[2024-08-20T04:43:34.388+0000] {base.py:84} INFO - Retrieving connection 'books_connection'
[2024-08-20T04:43:34.393+0000] {sql.py:509} INFO - Running statement: 
    INSERT INTO books (title, authors, price, rating)
    VALUES (%s, %s, %s, %s)
    , parameters: ('Engineers Survival Guide: Advice, tactics, and tricks After a decade of working at Facebook, Snapchat, and Microsoft', 'Merih Taze', '29.', '4.4 out of 5 stars')
[2024-08-20T04:43:34.394+0000] {sql.py:518} INFO - Rows affected: 1
[2024-08-20T04:43:34.403+0000] {base.py:84} INFO - Retrieving connection 'books_connection'
[2024-08-20T04:43:34.408+0000] {sql.py:509} INFO - Running statement: 
    INSERT INTO books (title, authors, price, rating)
    VALUES (%s, %s, %s, %s)
    , parameters: ('Feature Engineering for Machine Learning: Principles and Techniques for Data Scientists', 'Alice Zheng', '41.', '4.4 out of 5 stars')
[2024-08-20T04:43:34.410+0000] {sql.py:518} INFO - Rows affected: 1
[2024-08-20T04:43:34.420+0000] {base.py:84} INFO - Retrieving connection 'books_connection'
[2024-08-20T04:43:34.424+0000] {sql.py:509} INFO - Running statement: 
    INSERT INTO books (title, authors, price, rating)
    VALUES (%s, %s, %s, %s)
    , parameters: ('Data Science (The MIT Press Essential Knowledge series)', 'Paperback', '10.', '4.4 out of 5 stars')
[2024-08-20T04:43:34.426+0000] {sql.py:518} INFO - Rows affected: 1
[2024-08-20T04:43:34.434+0000] {base.py:84} INFO - Retrieving connection 'books_connection'
[2024-08-20T04:43:34.438+0000] {sql.py:509} INFO - Running statement: 
    INSERT INTO books (title, authors, price, rating)
    VALUES (%s, %s, %s, %s)
    , parameters: ('Data Wise, Revised and Expanded Edition: A Step-by-Step Guide to Using Assessment Results to Improve Teaching and Learning', 'Kathryn Parker Boudett', '32.', '4.6 out of 5 stars')
[2024-08-20T04:43:34.441+0000] {sql.py:518} INFO - Rows affected: 1
[2024-08-20T04:43:34.451+0000] {base.py:84} INFO - Retrieving connection 'books_connection'
[2024-08-20T04:43:34.454+0000] {sql.py:509} INFO - Running statement: 
    INSERT INTO books (title, authors, price, rating)
    VALUES (%s, %s, %s, %s)
    , parameters: ('Data-Centric Machine Learning with Python: The ultimate guide to engineering and deploying high-quality models based on good data', 'Jonas Christensen', '49.', '4.6 out of 5 stars')
[2024-08-20T04:43:34.457+0000] {sql.py:518} INFO - Rows affected: 1
[2024-08-20T04:43:34.467+0000] {base.py:84} INFO - Retrieving connection 'books_connection'
[2024-08-20T04:43:34.471+0000] {sql.py:509} INFO - Running statement: 
    INSERT INTO books (title, authors, price, rating)
    VALUES (%s, %s, %s, %s)
    , parameters: ('Building ETL Pipelines with Python: Create and deploy enterprise-ready ETL pipelines by employing modern methods', 'Brij Kishore Pandey', '17.', '4.2 out of 5 stars')
[2024-08-20T04:43:34.472+0000] {sql.py:518} INFO - Rows affected: 1
[2024-08-20T04:43:34.481+0000] {base.py:84} INFO - Retrieving connection 'books_connection'
[2024-08-20T04:43:34.486+0000] {sql.py:509} INFO - Running statement: 
    INSERT INTO books (title, authors, price, rating)
    VALUES (%s, %s, %s, %s)
    , parameters: ('The Data Model Resource Book, Vol. 3: Universal Patterns for Data Modeling', 'Len Silverston', '62.', '4.3 out of 5 stars')
[2024-08-20T04:43:34.487+0000] {sql.py:518} INFO - Rows affected: 1
[2024-08-20T04:43:34.496+0000] {base.py:84} INFO - Retrieving connection 'books_connection'
[2024-08-20T04:43:34.501+0000] {sql.py:509} INFO - Running statement: 
    INSERT INTO books (title, authors, price, rating)
    VALUES (%s, %s, %s, %s)
    , parameters: ('Data Quality Engineering in Financial Services: Applying Manufacturing Techniques to Data', 'Brian Buzzelli', '30.', '4.4 out of 5 stars')
[2024-08-20T04:43:34.503+0000] {sql.py:518} INFO - Rows affected: 1
[2024-08-20T04:43:34.513+0000] {base.py:84} INFO - Retrieving connection 'books_connection'
[2024-08-20T04:43:34.517+0000] {sql.py:509} INFO - Running statement: 
    INSERT INTO books (title, authors, price, rating)
    VALUES (%s, %s, %s, %s)
    , parameters: ('Practical Fraud Prevention: Fraud and AML Analytics for Fintech and eCommerce, Using SQL and Python', 'Gilit Saporta', '47.', '4.4 out of 5 stars')
[2024-08-20T04:43:34.518+0000] {sql.py:518} INFO - Rows affected: 1
[2024-08-20T04:43:34.528+0000] {base.py:84} INFO - Retrieving connection 'books_connection'
[2024-08-20T04:43:34.533+0000] {sql.py:509} INFO - Running statement: 
    INSERT INTO books (title, authors, price, rating)
    VALUES (%s, %s, %s, %s)
    , parameters: ('Architecting Data and Machine Learning Platforms: Enable Analytics and AI-Driven Innovation in the Cloud', 'Marco Tranquillin', '37.', '4.3 out of 5 stars')
[2024-08-20T04:43:34.536+0000] {sql.py:518} INFO - Rows affected: 1
[2024-08-20T04:43:34.546+0000] {base.py:84} INFO - Retrieving connection 'books_connection'
[2024-08-20T04:43:34.550+0000] {sql.py:509} INFO - Running statement: 
    INSERT INTO books (title, authors, price, rating)
    VALUES (%s, %s, %s, %s)
    , parameters: ('DAMA-DMBOK: Data Management Body of Knowledge: 2nd Edition', 'DAMA International', '71.', '4.8 out of 5 stars')
[2024-08-20T04:43:34.552+0000] {sql.py:518} INFO - Rows affected: 1
[2024-08-20T04:43:34.562+0000] {base.py:84} INFO - Retrieving connection 'books_connection'
[2024-08-20T04:43:34.567+0000] {sql.py:509} INFO - Running statement: 
    INSERT INTO books (title, authors, price, rating)
    VALUES (%s, %s, %s, %s)
    , parameters: ('Data Engineering Fundamentals for Beginners: Mastering the Art of Building, Managing, and Scaling Data Systems', 'Kindle', '0.', '5.0 out of 5 stars')
[2024-08-20T04:43:34.568+0000] {sql.py:518} INFO - Rows affected: 1
[2024-08-20T04:43:34.578+0000] {base.py:84} INFO - Retrieving connection 'books_connection'
[2024-08-20T04:43:34.582+0000] {sql.py:509} INFO - Running statement: 
    INSERT INTO books (title, authors, price, rating)
    VALUES (%s, %s, %s, %s)
    , parameters: ('Superconvergence: How the Genetics, Biotech, and AI Revolutions Will Transform our Lives, Work, and World', 'Jamie Metzl', '23.', '4.3 out of 5 stars')
[2024-08-20T04:43:34.584+0000] {sql.py:518} INFO - Rows affected: 1
[2024-08-20T04:43:34.592+0000] {base.py:84} INFO - Retrieving connection 'books_connection'
[2024-08-20T04:43:34.596+0000] {sql.py:509} INFO - Running statement: 
    INSERT INTO books (title, authors, price, rating)
    VALUES (%s, %s, %s, %s)
    , parameters: ('50 Algorithms Every Programmer Should Know - Second Edition: An unbeatable arsenal of algorithmic solutions for real-world problems', 'Imran Ahmad', '37.', '4.4 out of 5 stars')
[2024-08-20T04:43:34.598+0000] {sql.py:518} INFO - Rows affected: 1
[2024-08-20T04:43:34.606+0000] {base.py:84} INFO - Retrieving connection 'books_connection'
[2024-08-20T04:43:34.611+0000] {sql.py:509} INFO - Running statement: 
    INSERT INTO books (title, authors, price, rating)
    VALUES (%s, %s, %s, %s)
    , parameters: ('Python Feature Engineering Cookbook: Over 70 recipes for creating, engineering, and transforming features to build machine learning models, 2nd Edition', 'Soledad Galli', '44.', '4.4 out of 5 stars')
[2024-08-20T04:43:34.612+0000] {sql.py:518} INFO - Rows affected: 1
[2024-08-20T04:43:34.620+0000] {base.py:84} INFO - Retrieving connection 'books_connection'
[2024-08-20T04:43:34.625+0000] {sql.py:509} INFO - Running statement: 
    INSERT INTO books (title, authors, price, rating)
    VALUES (%s, %s, %s, %s)
    , parameters: ('Learning Tableau 2022 - Fifth Edition: Create effective data visualizations, build interactive visual analytics, and improve your data storytelling capabilities', 'Joshua N Milligan', '57.', '4.5 out of 5 stars')
[2024-08-20T04:43:34.627+0000] {sql.py:518} INFO - Rows affected: 1
[2024-08-20T04:43:34.635+0000] {base.py:84} INFO - Retrieving connection 'books_connection'
[2024-08-20T04:43:34.638+0000] {sql.py:509} INFO - Running statement: 
    INSERT INTO books (title, authors, price, rating)
    VALUES (%s, %s, %s, %s)
    , parameters: ('Mastering Databricks Lakehouse Platform: Perform Data Warehousing, Data Engineering, Machine Learning, DevOps, and BI into a Single Platform (English Edition)', 'Sagar Lad', '26.', '3.6 out of 5 stars')
[2024-08-20T04:43:34.640+0000] {sql.py:518} INFO - Rows affected: 1
[2024-08-20T04:43:34.649+0000] {base.py:84} INFO - Retrieving connection 'books_connection'
[2024-08-20T04:43:34.652+0000] {sql.py:509} INFO - Running statement: 
    INSERT INTO books (title, authors, price, rating)
    VALUES (%s, %s, %s, %s)
    , parameters: ('Data Grab: The New Colonialism of Big Tech and How to Fight Back', 'Ulises A. Mejias', '21.', '5.0 out of 5 stars')
[2024-08-20T04:43:34.653+0000] {sql.py:518} INFO - Rows affected: 1
[2024-08-20T04:43:34.662+0000] {base.py:84} INFO - Retrieving connection 'books_connection'
[2024-08-20T04:43:34.665+0000] {sql.py:509} INFO - Running statement: 
    INSERT INTO books (title, authors, price, rating)
    VALUES (%s, %s, %s, %s)
    , parameters: ('Simplifying Data Engineering and Analytics with Delta: Create analytics-ready data that fuels artificial intelligence and business intelligence', 'Anindita Mahapatra', '28.', '4.3 out of 5 stars')
[2024-08-20T04:43:34.667+0000] {sql.py:518} INFO - Rows affected: 1
[2024-08-20T04:43:34.676+0000] {base.py:84} INFO - Retrieving connection 'books_connection'
[2024-08-20T04:43:34.680+0000] {sql.py:509} INFO - Running statement: 
    INSERT INTO books (title, authors, price, rating)
    VALUES (%s, %s, %s, %s)
    , parameters: ('The Definitive Guide to Azure Data Engineering: Modern ELT, DevOps, and Analytics on the Azure Cloud Platform', "Ron C. L'Esteve", '36.', '3.8 out of 5 stars')
[2024-08-20T04:43:34.682+0000] {sql.py:518} INFO - Rows affected: 1
[2024-08-20T04:43:34.689+0000] {base.py:84} INFO - Retrieving connection 'books_connection'
[2024-08-20T04:43:34.693+0000] {sql.py:509} INFO - Running statement: 
    INSERT INTO books (title, authors, price, rating)
    VALUES (%s, %s, %s, %s)
    , parameters: ('Practical Data Quality: Learn practical, real-world strategies to transform the quality of data in your organization', 'Robert Hawker', '17.', '4.8 out of 5 stars')
[2024-08-20T04:43:34.695+0000] {sql.py:518} INFO - Rows affected: 1
[2024-08-20T04:43:34.703+0000] {base.py:84} INFO - Retrieving connection 'books_connection'
[2024-08-20T04:43:34.707+0000] {sql.py:509} INFO - Running statement: 
    INSERT INTO books (title, authors, price, rating)
    VALUES (%s, %s, %s, %s)
    , parameters: ('Data Analytics for Absolute Beginners: Make Decisions Using Every Variable: (Introduction to Data, Data Visualization, Business Intelligence & Machine ... Science, Python & Statistics for Beginners)', 'Kindle', '0.', '4.5 out of 5 stars')
[2024-08-20T04:43:34.708+0000] {sql.py:518} INFO - Rows affected: 1
[2024-08-20T04:43:34.717+0000] {base.py:84} INFO - Retrieving connection 'books_connection'
[2024-08-20T04:43:34.720+0000] {sql.py:509} INFO - Running statement: 
    INSERT INTO books (title, authors, price, rating)
    VALUES (%s, %s, %s, %s)
    , parameters: ('Big Data, Small Devices: Investigating the Natural World Using Real-Time Data', 'Michael Bowen', '29.', '4.8 out of 5 stars')
[2024-08-20T04:43:34.722+0000] {sql.py:518} INFO - Rows affected: 1
[2024-08-20T04:43:34.725+0000] {python.py:240} INFO - Done. Returned value was: None
[2024-08-20T04:43:34.735+0000] {taskinstance.py:340} INFO - ::group::Post task execution logs
[2024-08-20T04:43:34.736+0000] {taskinstance.py:352} INFO - Marking task as SUCCESS. dag_id=fetch_and_store_DE_books, task_id=insert_book_data, run_id=scheduled__2024-07-09T00:00:00+00:00, execution_date=20240709T000000, start_date=20240820T044332, end_date=20240820T044334
[2024-08-20T04:43:34.749+0000] {logging_mixin.py:190} INFO - Task instance in success state
[2024-08-20T04:43:34.750+0000] {logging_mixin.py:190} INFO -  Previous state of the Task instance: running
[2024-08-20T04:43:34.750+0000] {logging_mixin.py:190} INFO - Dag name:fetch_and_store_DE_books queued_at:2024-08-20 04:43:14.667108+00:00
[2024-08-20T04:43:34.751+0000] {logging_mixin.py:190} INFO - Task hostname:668944ed7238 operator:PythonOperator
[2024-08-20T04:43:34.774+0000] {local_task_job_runner.py:261} INFO - Task exited with return code 0
[2024-08-20T04:43:34.790+0000] {taskinstance.py:3891} INFO - 0 downstream tasks scheduled from follow-on schedule check
[2024-08-20T04:43:34.792+0000] {local_task_job_runner.py:240} INFO - ::endgroup::
