[2024-08-20T03:38:41.749+0000] {processor.py:186} INFO - Started process (PID=98) to work on /home/airflow/.local/lib/python3.12/site-packages/airflow/example_dags/example_dag_decorator.py
[2024-08-20T03:38:41.750+0000] {processor.py:914} INFO - Processing file /home/airflow/.local/lib/python3.12/site-packages/airflow/example_dags/example_dag_decorator.py for tasks to queue
[2024-08-20T03:38:41.753+0000] {logging_mixin.py:190} INFO - [2024-08-20T03:38:41.753+0000] {dagbag.py:587} INFO - Filling up the DagBag from /home/airflow/.local/lib/python3.12/site-packages/airflow/example_dags/example_dag_decorator.py
[2024-08-20T03:38:41.770+0000] {processor.py:925} INFO - DAG(s) 'example_dag_decorator' retrieved from /home/airflow/.local/lib/python3.12/site-packages/airflow/example_dags/example_dag_decorator.py
[2024-08-20T03:38:41.907+0000] {logging_mixin.py:190} INFO - [2024-08-20T03:38:41.906+0000] {override.py:1858} INFO - Created Permission View: can edit on DAG:example_dag_decorator
[2024-08-20T03:38:41.924+0000] {logging_mixin.py:190} INFO - [2024-08-20T03:38:41.924+0000] {override.py:1858} INFO - Created Permission View: can read on DAG:example_dag_decorator
[2024-08-20T03:38:41.933+0000] {logging_mixin.py:190} INFO - [2024-08-20T03:38:41.933+0000] {override.py:1858} INFO - Created Permission View: can delete on DAG:example_dag_decorator
[2024-08-20T03:38:41.935+0000] {logging_mixin.py:190} INFO - [2024-08-20T03:38:41.934+0000] {dag.py:3211} INFO - Sync 1 DAGs
[2024-08-20T03:38:41.952+0000] {logging_mixin.py:190} INFO - [2024-08-20T03:38:41.951+0000] {dag.py:3234} INFO - Creating ORM DAG for example_dag_decorator
[2024-08-20T03:38:41.953+0000] {logging_mixin.py:190} INFO - [2024-08-20T03:38:41.953+0000] {dag.py:4138} INFO - Setting next_dagrun for example_dag_decorator to None, run_after=None
[2024-08-20T03:38:41.974+0000] {processor.py:208} INFO - Processing /home/airflow/.local/lib/python3.12/site-packages/airflow/example_dags/example_dag_decorator.py took 0.232 seconds
[2024-08-20T03:39:12.655+0000] {processor.py:186} INFO - Started process (PID=160) to work on /home/airflow/.local/lib/python3.12/site-packages/airflow/example_dags/example_dag_decorator.py
[2024-08-20T03:39:12.656+0000] {processor.py:914} INFO - Processing file /home/airflow/.local/lib/python3.12/site-packages/airflow/example_dags/example_dag_decorator.py for tasks to queue
[2024-08-20T03:39:12.661+0000] {logging_mixin.py:190} INFO - [2024-08-20T03:39:12.660+0000] {dagbag.py:587} INFO - Filling up the DagBag from /home/airflow/.local/lib/python3.12/site-packages/airflow/example_dags/example_dag_decorator.py
[2024-08-20T03:39:12.674+0000] {processor.py:925} INFO - DAG(s) 'example_dag_decorator' retrieved from /home/airflow/.local/lib/python3.12/site-packages/airflow/example_dags/example_dag_decorator.py
[2024-08-20T03:39:12.809+0000] {logging_mixin.py:190} INFO - [2024-08-20T03:39:12.808+0000] {dag.py:3211} INFO - Sync 1 DAGs
[2024-08-20T03:39:12.822+0000] {logging_mixin.py:190} INFO - [2024-08-20T03:39:12.822+0000] {dag.py:4138} INFO - Setting next_dagrun for example_dag_decorator to None, run_after=None
[2024-08-20T03:39:12.844+0000] {processor.py:208} INFO - Processing /home/airflow/.local/lib/python3.12/site-packages/airflow/example_dags/example_dag_decorator.py took 0.196 seconds
[2024-08-20T03:39:43.178+0000] {processor.py:186} INFO - Started process (PID=222) to work on /home/airflow/.local/lib/python3.12/site-packages/airflow/example_dags/example_dag_decorator.py
[2024-08-20T03:39:43.179+0000] {processor.py:914} INFO - Processing file /home/airflow/.local/lib/python3.12/site-packages/airflow/example_dags/example_dag_decorator.py for tasks to queue
[2024-08-20T03:39:43.182+0000] {logging_mixin.py:190} INFO - [2024-08-20T03:39:43.182+0000] {dagbag.py:587} INFO - Filling up the DagBag from /home/airflow/.local/lib/python3.12/site-packages/airflow/example_dags/example_dag_decorator.py
[2024-08-20T03:39:43.199+0000] {processor.py:925} INFO - DAG(s) 'example_dag_decorator' retrieved from /home/airflow/.local/lib/python3.12/site-packages/airflow/example_dags/example_dag_decorator.py
[2024-08-20T03:39:43.320+0000] {logging_mixin.py:190} INFO - [2024-08-20T03:39:43.320+0000] {dag.py:3211} INFO - Sync 1 DAGs
[2024-08-20T03:39:43.335+0000] {logging_mixin.py:190} INFO - [2024-08-20T03:39:43.335+0000] {dag.py:4138} INFO - Setting next_dagrun for example_dag_decorator to None, run_after=None
[2024-08-20T03:39:43.362+0000] {processor.py:208} INFO - Processing /home/airflow/.local/lib/python3.12/site-packages/airflow/example_dags/example_dag_decorator.py took 0.193 seconds
[2024-08-20T03:40:14.118+0000] {processor.py:186} INFO - Started process (PID=284) to work on /home/airflow/.local/lib/python3.12/site-packages/airflow/example_dags/example_dag_decorator.py
[2024-08-20T03:40:14.119+0000] {processor.py:914} INFO - Processing file /home/airflow/.local/lib/python3.12/site-packages/airflow/example_dags/example_dag_decorator.py for tasks to queue
[2024-08-20T03:40:14.121+0000] {logging_mixin.py:190} INFO - [2024-08-20T03:40:14.121+0000] {dagbag.py:587} INFO - Filling up the DagBag from /home/airflow/.local/lib/python3.12/site-packages/airflow/example_dags/example_dag_decorator.py
[2024-08-20T03:40:14.136+0000] {processor.py:925} INFO - DAG(s) 'example_dag_decorator' retrieved from /home/airflow/.local/lib/python3.12/site-packages/airflow/example_dags/example_dag_decorator.py
[2024-08-20T03:40:14.246+0000] {logging_mixin.py:190} INFO - [2024-08-20T03:40:14.245+0000] {dag.py:3211} INFO - Sync 1 DAGs
[2024-08-20T03:40:14.264+0000] {logging_mixin.py:190} INFO - [2024-08-20T03:40:14.263+0000] {dag.py:4138} INFO - Setting next_dagrun for example_dag_decorator to None, run_after=None
[2024-08-20T03:40:14.287+0000] {processor.py:208} INFO - Processing /home/airflow/.local/lib/python3.12/site-packages/airflow/example_dags/example_dag_decorator.py took 0.176 seconds
[2024-08-20T03:40:44.718+0000] {processor.py:186} INFO - Started process (PID=346) to work on /home/airflow/.local/lib/python3.12/site-packages/airflow/example_dags/example_dag_decorator.py
[2024-08-20T03:40:44.719+0000] {processor.py:914} INFO - Processing file /home/airflow/.local/lib/python3.12/site-packages/airflow/example_dags/example_dag_decorator.py for tasks to queue
[2024-08-20T03:40:44.722+0000] {logging_mixin.py:190} INFO - [2024-08-20T03:40:44.721+0000] {dagbag.py:587} INFO - Filling up the DagBag from /home/airflow/.local/lib/python3.12/site-packages/airflow/example_dags/example_dag_decorator.py
[2024-08-20T03:40:44.736+0000] {processor.py:925} INFO - DAG(s) 'example_dag_decorator' retrieved from /home/airflow/.local/lib/python3.12/site-packages/airflow/example_dags/example_dag_decorator.py
[2024-08-20T03:40:44.893+0000] {logging_mixin.py:190} INFO - [2024-08-20T03:40:44.893+0000] {dag.py:3211} INFO - Sync 1 DAGs
[2024-08-20T03:40:44.912+0000] {logging_mixin.py:190} INFO - [2024-08-20T03:40:44.912+0000] {dag.py:4138} INFO - Setting next_dagrun for example_dag_decorator to None, run_after=None
[2024-08-20T03:40:44.941+0000] {processor.py:208} INFO - Processing /home/airflow/.local/lib/python3.12/site-packages/airflow/example_dags/example_dag_decorator.py took 0.232 seconds
[2024-08-20T03:41:15.085+0000] {processor.py:186} INFO - Started process (PID=409) to work on /home/airflow/.local/lib/python3.12/site-packages/airflow/example_dags/example_dag_decorator.py
[2024-08-20T03:41:15.087+0000] {processor.py:914} INFO - Processing file /home/airflow/.local/lib/python3.12/site-packages/airflow/example_dags/example_dag_decorator.py for tasks to queue
[2024-08-20T03:41:15.090+0000] {logging_mixin.py:190} INFO - [2024-08-20T03:41:15.090+0000] {dagbag.py:587} INFO - Filling up the DagBag from /home/airflow/.local/lib/python3.12/site-packages/airflow/example_dags/example_dag_decorator.py
[2024-08-20T03:41:15.103+0000] {processor.py:925} INFO - DAG(s) 'example_dag_decorator' retrieved from /home/airflow/.local/lib/python3.12/site-packages/airflow/example_dags/example_dag_decorator.py
[2024-08-20T03:41:15.232+0000] {logging_mixin.py:190} INFO - [2024-08-20T03:41:15.232+0000] {dag.py:3211} INFO - Sync 1 DAGs
[2024-08-20T03:41:15.250+0000] {logging_mixin.py:190} INFO - [2024-08-20T03:41:15.250+0000] {dag.py:4138} INFO - Setting next_dagrun for example_dag_decorator to None, run_after=None
[2024-08-20T03:41:15.273+0000] {processor.py:208} INFO - Processing /home/airflow/.local/lib/python3.12/site-packages/airflow/example_dags/example_dag_decorator.py took 0.195 seconds
[2024-08-20T03:41:45.892+0000] {processor.py:186} INFO - Started process (PID=470) to work on /home/airflow/.local/lib/python3.12/site-packages/airflow/example_dags/example_dag_decorator.py
[2024-08-20T03:41:45.893+0000] {processor.py:914} INFO - Processing file /home/airflow/.local/lib/python3.12/site-packages/airflow/example_dags/example_dag_decorator.py for tasks to queue
[2024-08-20T03:41:45.896+0000] {logging_mixin.py:190} INFO - [2024-08-20T03:41:45.895+0000] {dagbag.py:587} INFO - Filling up the DagBag from /home/airflow/.local/lib/python3.12/site-packages/airflow/example_dags/example_dag_decorator.py
[2024-08-20T03:41:45.910+0000] {processor.py:925} INFO - DAG(s) 'example_dag_decorator' retrieved from /home/airflow/.local/lib/python3.12/site-packages/airflow/example_dags/example_dag_decorator.py
[2024-08-20T03:41:46.029+0000] {logging_mixin.py:190} INFO - [2024-08-20T03:41:46.029+0000] {dag.py:3211} INFO - Sync 1 DAGs
[2024-08-20T03:41:46.044+0000] {logging_mixin.py:190} INFO - [2024-08-20T03:41:46.044+0000] {dag.py:4138} INFO - Setting next_dagrun for example_dag_decorator to None, run_after=None
[2024-08-20T03:41:46.069+0000] {processor.py:208} INFO - Processing /home/airflow/.local/lib/python3.12/site-packages/airflow/example_dags/example_dag_decorator.py took 0.185 seconds
[2024-08-20T03:42:16.382+0000] {processor.py:186} INFO - Started process (PID=532) to work on /home/airflow/.local/lib/python3.12/site-packages/airflow/example_dags/example_dag_decorator.py
[2024-08-20T03:42:16.383+0000] {processor.py:914} INFO - Processing file /home/airflow/.local/lib/python3.12/site-packages/airflow/example_dags/example_dag_decorator.py for tasks to queue
[2024-08-20T03:42:16.386+0000] {logging_mixin.py:190} INFO - [2024-08-20T03:42:16.385+0000] {dagbag.py:587} INFO - Filling up the DagBag from /home/airflow/.local/lib/python3.12/site-packages/airflow/example_dags/example_dag_decorator.py
[2024-08-20T03:42:16.404+0000] {processor.py:925} INFO - DAG(s) 'example_dag_decorator' retrieved from /home/airflow/.local/lib/python3.12/site-packages/airflow/example_dags/example_dag_decorator.py
[2024-08-20T03:42:16.553+0000] {logging_mixin.py:190} INFO - [2024-08-20T03:42:16.553+0000] {dag.py:3211} INFO - Sync 1 DAGs
[2024-08-20T03:42:16.570+0000] {logging_mixin.py:190} INFO - [2024-08-20T03:42:16.570+0000] {dag.py:4138} INFO - Setting next_dagrun for example_dag_decorator to None, run_after=None
[2024-08-20T03:42:16.596+0000] {processor.py:208} INFO - Processing /home/airflow/.local/lib/python3.12/site-packages/airflow/example_dags/example_dag_decorator.py took 0.225 seconds
[2024-08-20T03:42:47.064+0000] {processor.py:186} INFO - Started process (PID=594) to work on /home/airflow/.local/lib/python3.12/site-packages/airflow/example_dags/example_dag_decorator.py
[2024-08-20T03:42:47.065+0000] {processor.py:914} INFO - Processing file /home/airflow/.local/lib/python3.12/site-packages/airflow/example_dags/example_dag_decorator.py for tasks to queue
[2024-08-20T03:42:47.069+0000] {logging_mixin.py:190} INFO - [2024-08-20T03:42:47.068+0000] {dagbag.py:587} INFO - Filling up the DagBag from /home/airflow/.local/lib/python3.12/site-packages/airflow/example_dags/example_dag_decorator.py
[2024-08-20T03:42:47.099+0000] {processor.py:925} INFO - DAG(s) 'example_dag_decorator' retrieved from /home/airflow/.local/lib/python3.12/site-packages/airflow/example_dags/example_dag_decorator.py
[2024-08-20T03:42:47.305+0000] {logging_mixin.py:190} INFO - [2024-08-20T03:42:47.305+0000] {dag.py:3211} INFO - Sync 1 DAGs
[2024-08-20T03:42:47.339+0000] {logging_mixin.py:190} INFO - [2024-08-20T03:42:47.339+0000] {dag.py:4138} INFO - Setting next_dagrun for example_dag_decorator to None, run_after=None
[2024-08-20T03:42:47.382+0000] {processor.py:208} INFO - Processing /home/airflow/.local/lib/python3.12/site-packages/airflow/example_dags/example_dag_decorator.py took 0.334 seconds
[2024-08-20T03:43:17.651+0000] {processor.py:186} INFO - Started process (PID=656) to work on /home/airflow/.local/lib/python3.12/site-packages/airflow/example_dags/example_dag_decorator.py
[2024-08-20T03:43:17.653+0000] {processor.py:914} INFO - Processing file /home/airflow/.local/lib/python3.12/site-packages/airflow/example_dags/example_dag_decorator.py for tasks to queue
[2024-08-20T03:43:17.656+0000] {logging_mixin.py:190} INFO - [2024-08-20T03:43:17.656+0000] {dagbag.py:587} INFO - Filling up the DagBag from /home/airflow/.local/lib/python3.12/site-packages/airflow/example_dags/example_dag_decorator.py
[2024-08-20T03:43:17.677+0000] {processor.py:925} INFO - DAG(s) 'example_dag_decorator' retrieved from /home/airflow/.local/lib/python3.12/site-packages/airflow/example_dags/example_dag_decorator.py
[2024-08-20T03:43:17.802+0000] {logging_mixin.py:190} INFO - [2024-08-20T03:43:17.802+0000] {dag.py:3211} INFO - Sync 1 DAGs
[2024-08-20T03:43:17.818+0000] {logging_mixin.py:190} INFO - [2024-08-20T03:43:17.818+0000] {dag.py:4138} INFO - Setting next_dagrun for example_dag_decorator to None, run_after=None
[2024-08-20T03:43:17.843+0000] {processor.py:208} INFO - Processing /home/airflow/.local/lib/python3.12/site-packages/airflow/example_dags/example_dag_decorator.py took 0.198 seconds
[2024-08-20T03:43:48.004+0000] {processor.py:186} INFO - Started process (PID=718) to work on /home/airflow/.local/lib/python3.12/site-packages/airflow/example_dags/example_dag_decorator.py
[2024-08-20T03:43:48.006+0000] {processor.py:914} INFO - Processing file /home/airflow/.local/lib/python3.12/site-packages/airflow/example_dags/example_dag_decorator.py for tasks to queue
[2024-08-20T03:43:48.009+0000] {logging_mixin.py:190} INFO - [2024-08-20T03:43:48.009+0000] {dagbag.py:587} INFO - Filling up the DagBag from /home/airflow/.local/lib/python3.12/site-packages/airflow/example_dags/example_dag_decorator.py
[2024-08-20T03:43:48.022+0000] {processor.py:925} INFO - DAG(s) 'example_dag_decorator' retrieved from /home/airflow/.local/lib/python3.12/site-packages/airflow/example_dags/example_dag_decorator.py
[2024-08-20T03:43:48.154+0000] {logging_mixin.py:190} INFO - [2024-08-20T03:43:48.154+0000] {dag.py:3211} INFO - Sync 1 DAGs
[2024-08-20T03:43:48.174+0000] {logging_mixin.py:190} INFO - [2024-08-20T03:43:48.173+0000] {dag.py:4138} INFO - Setting next_dagrun for example_dag_decorator to None, run_after=None
[2024-08-20T03:43:48.204+0000] {processor.py:208} INFO - Processing /home/airflow/.local/lib/python3.12/site-packages/airflow/example_dags/example_dag_decorator.py took 0.207 seconds
[2024-08-20T03:44:18.580+0000] {processor.py:186} INFO - Started process (PID=780) to work on /home/airflow/.local/lib/python3.12/site-packages/airflow/example_dags/example_dag_decorator.py
[2024-08-20T03:44:18.581+0000] {processor.py:914} INFO - Processing file /home/airflow/.local/lib/python3.12/site-packages/airflow/example_dags/example_dag_decorator.py for tasks to queue
[2024-08-20T03:44:18.583+0000] {logging_mixin.py:190} INFO - [2024-08-20T03:44:18.583+0000] {dagbag.py:587} INFO - Filling up the DagBag from /home/airflow/.local/lib/python3.12/site-packages/airflow/example_dags/example_dag_decorator.py
[2024-08-20T03:44:18.596+0000] {processor.py:925} INFO - DAG(s) 'example_dag_decorator' retrieved from /home/airflow/.local/lib/python3.12/site-packages/airflow/example_dags/example_dag_decorator.py
[2024-08-20T03:44:18.711+0000] {logging_mixin.py:190} INFO - [2024-08-20T03:44:18.711+0000] {dag.py:3211} INFO - Sync 1 DAGs
[2024-08-20T03:44:18.725+0000] {logging_mixin.py:190} INFO - [2024-08-20T03:44:18.725+0000] {dag.py:4138} INFO - Setting next_dagrun for example_dag_decorator to None, run_after=None
[2024-08-20T03:44:18.746+0000] {processor.py:208} INFO - Processing /home/airflow/.local/lib/python3.12/site-packages/airflow/example_dags/example_dag_decorator.py took 0.174 seconds
[2024-08-20T03:44:49.376+0000] {processor.py:186} INFO - Started process (PID=842) to work on /home/airflow/.local/lib/python3.12/site-packages/airflow/example_dags/example_dag_decorator.py
[2024-08-20T03:44:49.378+0000] {processor.py:914} INFO - Processing file /home/airflow/.local/lib/python3.12/site-packages/airflow/example_dags/example_dag_decorator.py for tasks to queue
[2024-08-20T03:44:49.381+0000] {logging_mixin.py:190} INFO - [2024-08-20T03:44:49.381+0000] {dagbag.py:587} INFO - Filling up the DagBag from /home/airflow/.local/lib/python3.12/site-packages/airflow/example_dags/example_dag_decorator.py
[2024-08-20T03:44:49.395+0000] {processor.py:925} INFO - DAG(s) 'example_dag_decorator' retrieved from /home/airflow/.local/lib/python3.12/site-packages/airflow/example_dags/example_dag_decorator.py
[2024-08-20T03:44:49.504+0000] {logging_mixin.py:190} INFO - [2024-08-20T03:44:49.503+0000] {dag.py:3211} INFO - Sync 1 DAGs
[2024-08-20T03:44:49.519+0000] {logging_mixin.py:190} INFO - [2024-08-20T03:44:49.519+0000] {dag.py:4138} INFO - Setting next_dagrun for example_dag_decorator to None, run_after=None
[2024-08-20T03:44:49.544+0000] {processor.py:208} INFO - Processing /home/airflow/.local/lib/python3.12/site-packages/airflow/example_dags/example_dag_decorator.py took 0.175 seconds
[2024-08-20T03:45:20.063+0000] {processor.py:186} INFO - Started process (PID=904) to work on /home/airflow/.local/lib/python3.12/site-packages/airflow/example_dags/example_dag_decorator.py
[2024-08-20T03:45:20.065+0000] {processor.py:914} INFO - Processing file /home/airflow/.local/lib/python3.12/site-packages/airflow/example_dags/example_dag_decorator.py for tasks to queue
[2024-08-20T03:45:20.068+0000] {logging_mixin.py:190} INFO - [2024-08-20T03:45:20.068+0000] {dagbag.py:587} INFO - Filling up the DagBag from /home/airflow/.local/lib/python3.12/site-packages/airflow/example_dags/example_dag_decorator.py
[2024-08-20T03:45:20.082+0000] {processor.py:925} INFO - DAG(s) 'example_dag_decorator' retrieved from /home/airflow/.local/lib/python3.12/site-packages/airflow/example_dags/example_dag_decorator.py
[2024-08-20T03:45:20.216+0000] {logging_mixin.py:190} INFO - [2024-08-20T03:45:20.216+0000] {dag.py:3211} INFO - Sync 1 DAGs
[2024-08-20T03:45:20.229+0000] {logging_mixin.py:190} INFO - [2024-08-20T03:45:20.229+0000] {dag.py:4138} INFO - Setting next_dagrun for example_dag_decorator to None, run_after=None
[2024-08-20T03:45:20.253+0000] {processor.py:208} INFO - Processing /home/airflow/.local/lib/python3.12/site-packages/airflow/example_dags/example_dag_decorator.py took 0.200 seconds
[2024-08-20T03:45:50.701+0000] {processor.py:186} INFO - Started process (PID=967) to work on /home/airflow/.local/lib/python3.12/site-packages/airflow/example_dags/example_dag_decorator.py
[2024-08-20T03:45:50.703+0000] {processor.py:914} INFO - Processing file /home/airflow/.local/lib/python3.12/site-packages/airflow/example_dags/example_dag_decorator.py for tasks to queue
[2024-08-20T03:45:50.706+0000] {logging_mixin.py:190} INFO - [2024-08-20T03:45:50.706+0000] {dagbag.py:587} INFO - Filling up the DagBag from /home/airflow/.local/lib/python3.12/site-packages/airflow/example_dags/example_dag_decorator.py
[2024-08-20T03:45:50.718+0000] {processor.py:925} INFO - DAG(s) 'example_dag_decorator' retrieved from /home/airflow/.local/lib/python3.12/site-packages/airflow/example_dags/example_dag_decorator.py
[2024-08-20T03:45:50.822+0000] {logging_mixin.py:190} INFO - [2024-08-20T03:45:50.822+0000] {dag.py:3211} INFO - Sync 1 DAGs
[2024-08-20T03:45:50.835+0000] {logging_mixin.py:190} INFO - [2024-08-20T03:45:50.835+0000] {dag.py:4138} INFO - Setting next_dagrun for example_dag_decorator to None, run_after=None
[2024-08-20T03:45:50.855+0000] {processor.py:208} INFO - Processing /home/airflow/.local/lib/python3.12/site-packages/airflow/example_dags/example_dag_decorator.py took 0.160 seconds
[2024-08-20T03:46:21.375+0000] {processor.py:186} INFO - Started process (PID=1030) to work on /home/airflow/.local/lib/python3.12/site-packages/airflow/example_dags/example_dag_decorator.py
[2024-08-20T03:46:21.377+0000] {processor.py:914} INFO - Processing file /home/airflow/.local/lib/python3.12/site-packages/airflow/example_dags/example_dag_decorator.py for tasks to queue
[2024-08-20T03:46:21.380+0000] {logging_mixin.py:190} INFO - [2024-08-20T03:46:21.379+0000] {dagbag.py:587} INFO - Filling up the DagBag from /home/airflow/.local/lib/python3.12/site-packages/airflow/example_dags/example_dag_decorator.py
[2024-08-20T03:46:21.394+0000] {processor.py:925} INFO - DAG(s) 'example_dag_decorator' retrieved from /home/airflow/.local/lib/python3.12/site-packages/airflow/example_dags/example_dag_decorator.py
[2024-08-20T03:46:21.509+0000] {logging_mixin.py:190} INFO - [2024-08-20T03:46:21.509+0000] {dag.py:3211} INFO - Sync 1 DAGs
[2024-08-20T03:46:21.523+0000] {logging_mixin.py:190} INFO - [2024-08-20T03:46:21.523+0000] {dag.py:4138} INFO - Setting next_dagrun for example_dag_decorator to None, run_after=None
[2024-08-20T03:46:21.544+0000] {processor.py:208} INFO - Processing /home/airflow/.local/lib/python3.12/site-packages/airflow/example_dags/example_dag_decorator.py took 0.177 seconds
[2024-08-20T03:46:51.901+0000] {processor.py:186} INFO - Started process (PID=1090) to work on /home/airflow/.local/lib/python3.12/site-packages/airflow/example_dags/example_dag_decorator.py
[2024-08-20T03:46:51.902+0000] {processor.py:914} INFO - Processing file /home/airflow/.local/lib/python3.12/site-packages/airflow/example_dags/example_dag_decorator.py for tasks to queue
[2024-08-20T03:46:51.905+0000] {logging_mixin.py:190} INFO - [2024-08-20T03:46:51.905+0000] {dagbag.py:587} INFO - Filling up the DagBag from /home/airflow/.local/lib/python3.12/site-packages/airflow/example_dags/example_dag_decorator.py
[2024-08-20T03:46:51.919+0000] {processor.py:925} INFO - DAG(s) 'example_dag_decorator' retrieved from /home/airflow/.local/lib/python3.12/site-packages/airflow/example_dags/example_dag_decorator.py
[2024-08-20T03:46:52.051+0000] {logging_mixin.py:190} INFO - [2024-08-20T03:46:52.051+0000] {dag.py:3211} INFO - Sync 1 DAGs
[2024-08-20T03:46:52.066+0000] {logging_mixin.py:190} INFO - [2024-08-20T03:46:52.065+0000] {dag.py:4138} INFO - Setting next_dagrun for example_dag_decorator to None, run_after=None
[2024-08-20T03:46:52.090+0000] {processor.py:208} INFO - Processing /home/airflow/.local/lib/python3.12/site-packages/airflow/example_dags/example_dag_decorator.py took 0.196 seconds
[2024-08-20T03:47:22.720+0000] {processor.py:186} INFO - Started process (PID=1152) to work on /home/airflow/.local/lib/python3.12/site-packages/airflow/example_dags/example_dag_decorator.py
[2024-08-20T03:47:22.722+0000] {processor.py:914} INFO - Processing file /home/airflow/.local/lib/python3.12/site-packages/airflow/example_dags/example_dag_decorator.py for tasks to queue
[2024-08-20T03:47:22.726+0000] {logging_mixin.py:190} INFO - [2024-08-20T03:47:22.725+0000] {dagbag.py:587} INFO - Filling up the DagBag from /home/airflow/.local/lib/python3.12/site-packages/airflow/example_dags/example_dag_decorator.py
[2024-08-20T03:47:22.740+0000] {processor.py:925} INFO - DAG(s) 'example_dag_decorator' retrieved from /home/airflow/.local/lib/python3.12/site-packages/airflow/example_dags/example_dag_decorator.py
[2024-08-20T03:47:22.864+0000] {logging_mixin.py:190} INFO - [2024-08-20T03:47:22.863+0000] {dag.py:3211} INFO - Sync 1 DAGs
[2024-08-20T03:47:22.880+0000] {logging_mixin.py:190} INFO - [2024-08-20T03:47:22.879+0000] {dag.py:4138} INFO - Setting next_dagrun for example_dag_decorator to None, run_after=None
[2024-08-20T03:47:22.903+0000] {processor.py:208} INFO - Processing /home/airflow/.local/lib/python3.12/site-packages/airflow/example_dags/example_dag_decorator.py took 0.190 seconds
[2024-08-20T03:47:53.360+0000] {processor.py:186} INFO - Started process (PID=1215) to work on /home/airflow/.local/lib/python3.12/site-packages/airflow/example_dags/example_dag_decorator.py
[2024-08-20T03:47:53.361+0000] {processor.py:914} INFO - Processing file /home/airflow/.local/lib/python3.12/site-packages/airflow/example_dags/example_dag_decorator.py for tasks to queue
[2024-08-20T03:47:53.364+0000] {logging_mixin.py:190} INFO - [2024-08-20T03:47:53.363+0000] {dagbag.py:587} INFO - Filling up the DagBag from /home/airflow/.local/lib/python3.12/site-packages/airflow/example_dags/example_dag_decorator.py
[2024-08-20T03:47:53.378+0000] {processor.py:925} INFO - DAG(s) 'example_dag_decorator' retrieved from /home/airflow/.local/lib/python3.12/site-packages/airflow/example_dags/example_dag_decorator.py
[2024-08-20T03:47:53.479+0000] {logging_mixin.py:190} INFO - [2024-08-20T03:47:53.479+0000] {dag.py:3211} INFO - Sync 1 DAGs
[2024-08-20T03:47:53.492+0000] {logging_mixin.py:190} INFO - [2024-08-20T03:47:53.492+0000] {dag.py:4138} INFO - Setting next_dagrun for example_dag_decorator to None, run_after=None
[2024-08-20T03:47:53.514+0000] {processor.py:208} INFO - Processing /home/airflow/.local/lib/python3.12/site-packages/airflow/example_dags/example_dag_decorator.py took 0.161 seconds
[2024-08-20T03:48:23.923+0000] {processor.py:186} INFO - Started process (PID=1277) to work on /home/airflow/.local/lib/python3.12/site-packages/airflow/example_dags/example_dag_decorator.py
[2024-08-20T03:48:23.924+0000] {processor.py:914} INFO - Processing file /home/airflow/.local/lib/python3.12/site-packages/airflow/example_dags/example_dag_decorator.py for tasks to queue
[2024-08-20T03:48:23.927+0000] {logging_mixin.py:190} INFO - [2024-08-20T03:48:23.926+0000] {dagbag.py:587} INFO - Filling up the DagBag from /home/airflow/.local/lib/python3.12/site-packages/airflow/example_dags/example_dag_decorator.py
[2024-08-20T03:48:23.939+0000] {processor.py:925} INFO - DAG(s) 'example_dag_decorator' retrieved from /home/airflow/.local/lib/python3.12/site-packages/airflow/example_dags/example_dag_decorator.py
[2024-08-20T03:48:24.082+0000] {logging_mixin.py:190} INFO - [2024-08-20T03:48:24.081+0000] {dag.py:3211} INFO - Sync 1 DAGs
[2024-08-20T03:48:24.095+0000] {logging_mixin.py:190} INFO - [2024-08-20T03:48:24.095+0000] {dag.py:4138} INFO - Setting next_dagrun for example_dag_decorator to None, run_after=None
[2024-08-20T03:48:24.118+0000] {processor.py:208} INFO - Processing /home/airflow/.local/lib/python3.12/site-packages/airflow/example_dags/example_dag_decorator.py took 0.204 seconds
[2024-08-20T03:51:15.228+0000] {processor.py:186} INFO - Started process (PID=95) to work on /home/airflow/.local/lib/python3.12/site-packages/airflow/example_dags/example_dag_decorator.py
[2024-08-20T03:51:15.230+0000] {processor.py:914} INFO - Processing file /home/airflow/.local/lib/python3.12/site-packages/airflow/example_dags/example_dag_decorator.py for tasks to queue
[2024-08-20T03:51:15.233+0000] {logging_mixin.py:190} INFO - [2024-08-20T03:51:15.233+0000] {dagbag.py:587} INFO - Filling up the DagBag from /home/airflow/.local/lib/python3.12/site-packages/airflow/example_dags/example_dag_decorator.py
[2024-08-20T03:51:15.250+0000] {processor.py:925} INFO - DAG(s) 'example_dag_decorator' retrieved from /home/airflow/.local/lib/python3.12/site-packages/airflow/example_dags/example_dag_decorator.py
[2024-08-20T03:51:15.399+0000] {logging_mixin.py:190} INFO - [2024-08-20T03:51:15.398+0000] {dag.py:3211} INFO - Sync 1 DAGs
[2024-08-20T03:51:15.414+0000] {logging_mixin.py:190} INFO - [2024-08-20T03:51:15.413+0000] {dag.py:4138} INFO - Setting next_dagrun for example_dag_decorator to None, run_after=None
[2024-08-20T03:51:15.442+0000] {processor.py:208} INFO - Processing /home/airflow/.local/lib/python3.12/site-packages/airflow/example_dags/example_dag_decorator.py took 0.220 seconds
[2024-08-20T03:51:46.091+0000] {processor.py:186} INFO - Started process (PID=158) to work on /home/airflow/.local/lib/python3.12/site-packages/airflow/example_dags/example_dag_decorator.py
[2024-08-20T03:51:46.093+0000] {processor.py:914} INFO - Processing file /home/airflow/.local/lib/python3.12/site-packages/airflow/example_dags/example_dag_decorator.py for tasks to queue
[2024-08-20T03:51:46.095+0000] {logging_mixin.py:190} INFO - [2024-08-20T03:51:46.095+0000] {dagbag.py:587} INFO - Filling up the DagBag from /home/airflow/.local/lib/python3.12/site-packages/airflow/example_dags/example_dag_decorator.py
[2024-08-20T03:51:46.108+0000] {processor.py:925} INFO - DAG(s) 'example_dag_decorator' retrieved from /home/airflow/.local/lib/python3.12/site-packages/airflow/example_dags/example_dag_decorator.py
[2024-08-20T03:51:46.226+0000] {logging_mixin.py:190} INFO - [2024-08-20T03:51:46.225+0000] {dag.py:3211} INFO - Sync 1 DAGs
[2024-08-20T03:51:46.240+0000] {logging_mixin.py:190} INFO - [2024-08-20T03:51:46.239+0000] {dag.py:4138} INFO - Setting next_dagrun for example_dag_decorator to None, run_after=None
[2024-08-20T03:51:46.261+0000] {processor.py:208} INFO - Processing /home/airflow/.local/lib/python3.12/site-packages/airflow/example_dags/example_dag_decorator.py took 0.176 seconds
[2024-08-20T03:52:16.664+0000] {processor.py:186} INFO - Started process (PID=221) to work on /home/airflow/.local/lib/python3.12/site-packages/airflow/example_dags/example_dag_decorator.py
[2024-08-20T03:52:16.665+0000] {processor.py:914} INFO - Processing file /home/airflow/.local/lib/python3.12/site-packages/airflow/example_dags/example_dag_decorator.py for tasks to queue
[2024-08-20T03:52:16.668+0000] {logging_mixin.py:190} INFO - [2024-08-20T03:52:16.668+0000] {dagbag.py:587} INFO - Filling up the DagBag from /home/airflow/.local/lib/python3.12/site-packages/airflow/example_dags/example_dag_decorator.py
[2024-08-20T03:52:16.681+0000] {processor.py:925} INFO - DAG(s) 'example_dag_decorator' retrieved from /home/airflow/.local/lib/python3.12/site-packages/airflow/example_dags/example_dag_decorator.py
[2024-08-20T03:52:16.787+0000] {logging_mixin.py:190} INFO - [2024-08-20T03:52:16.786+0000] {dag.py:3211} INFO - Sync 1 DAGs
[2024-08-20T03:52:16.800+0000] {logging_mixin.py:190} INFO - [2024-08-20T03:52:16.799+0000] {dag.py:4138} INFO - Setting next_dagrun for example_dag_decorator to None, run_after=None
[2024-08-20T03:52:16.824+0000] {processor.py:208} INFO - Processing /home/airflow/.local/lib/python3.12/site-packages/airflow/example_dags/example_dag_decorator.py took 0.165 seconds
[2024-08-20T03:52:47.526+0000] {processor.py:186} INFO - Started process (PID=283) to work on /home/airflow/.local/lib/python3.12/site-packages/airflow/example_dags/example_dag_decorator.py
[2024-08-20T03:52:47.527+0000] {processor.py:914} INFO - Processing file /home/airflow/.local/lib/python3.12/site-packages/airflow/example_dags/example_dag_decorator.py for tasks to queue
[2024-08-20T03:52:47.531+0000] {logging_mixin.py:190} INFO - [2024-08-20T03:52:47.531+0000] {dagbag.py:587} INFO - Filling up the DagBag from /home/airflow/.local/lib/python3.12/site-packages/airflow/example_dags/example_dag_decorator.py
[2024-08-20T03:52:47.550+0000] {processor.py:925} INFO - DAG(s) 'example_dag_decorator' retrieved from /home/airflow/.local/lib/python3.12/site-packages/airflow/example_dags/example_dag_decorator.py
[2024-08-20T03:52:47.711+0000] {logging_mixin.py:190} INFO - [2024-08-20T03:52:47.711+0000] {dag.py:3211} INFO - Sync 1 DAGs
[2024-08-20T03:52:47.725+0000] {logging_mixin.py:190} INFO - [2024-08-20T03:52:47.725+0000] {dag.py:4138} INFO - Setting next_dagrun for example_dag_decorator to None, run_after=None
[2024-08-20T03:52:47.749+0000] {processor.py:208} INFO - Processing /home/airflow/.local/lib/python3.12/site-packages/airflow/example_dags/example_dag_decorator.py took 0.231 seconds
[2024-08-20T03:53:18.637+0000] {processor.py:186} INFO - Started process (PID=345) to work on /home/airflow/.local/lib/python3.12/site-packages/airflow/example_dags/example_dag_decorator.py
[2024-08-20T03:53:18.638+0000] {processor.py:914} INFO - Processing file /home/airflow/.local/lib/python3.12/site-packages/airflow/example_dags/example_dag_decorator.py for tasks to queue
[2024-08-20T03:53:18.641+0000] {logging_mixin.py:190} INFO - [2024-08-20T03:53:18.641+0000] {dagbag.py:587} INFO - Filling up the DagBag from /home/airflow/.local/lib/python3.12/site-packages/airflow/example_dags/example_dag_decorator.py
[2024-08-20T03:53:18.655+0000] {processor.py:925} INFO - DAG(s) 'example_dag_decorator' retrieved from /home/airflow/.local/lib/python3.12/site-packages/airflow/example_dags/example_dag_decorator.py
[2024-08-20T03:53:18.793+0000] {logging_mixin.py:190} INFO - [2024-08-20T03:53:18.792+0000] {dag.py:3211} INFO - Sync 1 DAGs
[2024-08-20T03:53:18.823+0000] {logging_mixin.py:190} INFO - [2024-08-20T03:53:18.822+0000] {dag.py:4138} INFO - Setting next_dagrun for example_dag_decorator to None, run_after=None
[2024-08-20T03:53:18.848+0000] {processor.py:208} INFO - Processing /home/airflow/.local/lib/python3.12/site-packages/airflow/example_dags/example_dag_decorator.py took 0.219 seconds
[2024-08-20T03:53:49.142+0000] {processor.py:186} INFO - Started process (PID=407) to work on /home/airflow/.local/lib/python3.12/site-packages/airflow/example_dags/example_dag_decorator.py
[2024-08-20T03:53:49.144+0000] {processor.py:914} INFO - Processing file /home/airflow/.local/lib/python3.12/site-packages/airflow/example_dags/example_dag_decorator.py for tasks to queue
[2024-08-20T03:53:49.146+0000] {logging_mixin.py:190} INFO - [2024-08-20T03:53:49.146+0000] {dagbag.py:587} INFO - Filling up the DagBag from /home/airflow/.local/lib/python3.12/site-packages/airflow/example_dags/example_dag_decorator.py
[2024-08-20T03:53:49.162+0000] {processor.py:925} INFO - DAG(s) 'example_dag_decorator' retrieved from /home/airflow/.local/lib/python3.12/site-packages/airflow/example_dags/example_dag_decorator.py
[2024-08-20T03:53:49.301+0000] {logging_mixin.py:190} INFO - [2024-08-20T03:53:49.301+0000] {dag.py:3211} INFO - Sync 1 DAGs
[2024-08-20T03:53:49.327+0000] {logging_mixin.py:190} INFO - [2024-08-20T03:53:49.326+0000] {dag.py:4138} INFO - Setting next_dagrun for example_dag_decorator to None, run_after=None
[2024-08-20T03:53:49.357+0000] {processor.py:208} INFO - Processing /home/airflow/.local/lib/python3.12/site-packages/airflow/example_dags/example_dag_decorator.py took 0.221 seconds
[2024-08-20T03:54:19.669+0000] {processor.py:186} INFO - Started process (PID=469) to work on /home/airflow/.local/lib/python3.12/site-packages/airflow/example_dags/example_dag_decorator.py
[2024-08-20T03:54:19.671+0000] {processor.py:914} INFO - Processing file /home/airflow/.local/lib/python3.12/site-packages/airflow/example_dags/example_dag_decorator.py for tasks to queue
[2024-08-20T03:54:19.674+0000] {logging_mixin.py:190} INFO - [2024-08-20T03:54:19.673+0000] {dagbag.py:587} INFO - Filling up the DagBag from /home/airflow/.local/lib/python3.12/site-packages/airflow/example_dags/example_dag_decorator.py
[2024-08-20T03:54:19.688+0000] {processor.py:925} INFO - DAG(s) 'example_dag_decorator' retrieved from /home/airflow/.local/lib/python3.12/site-packages/airflow/example_dags/example_dag_decorator.py
[2024-08-20T03:54:19.843+0000] {logging_mixin.py:190} INFO - [2024-08-20T03:54:19.842+0000] {dag.py:3211} INFO - Sync 1 DAGs
[2024-08-20T03:54:19.861+0000] {logging_mixin.py:190} INFO - [2024-08-20T03:54:19.861+0000] {dag.py:4138} INFO - Setting next_dagrun for example_dag_decorator to None, run_after=None
[2024-08-20T03:54:19.888+0000] {processor.py:208} INFO - Processing /home/airflow/.local/lib/python3.12/site-packages/airflow/example_dags/example_dag_decorator.py took 0.227 seconds
[2024-08-20T03:54:50.385+0000] {processor.py:186} INFO - Started process (PID=532) to work on /home/airflow/.local/lib/python3.12/site-packages/airflow/example_dags/example_dag_decorator.py
[2024-08-20T03:54:50.387+0000] {processor.py:914} INFO - Processing file /home/airflow/.local/lib/python3.12/site-packages/airflow/example_dags/example_dag_decorator.py for tasks to queue
[2024-08-20T03:54:50.393+0000] {logging_mixin.py:190} INFO - [2024-08-20T03:54:50.391+0000] {dagbag.py:587} INFO - Filling up the DagBag from /home/airflow/.local/lib/python3.12/site-packages/airflow/example_dags/example_dag_decorator.py
[2024-08-20T03:54:50.410+0000] {processor.py:925} INFO - DAG(s) 'example_dag_decorator' retrieved from /home/airflow/.local/lib/python3.12/site-packages/airflow/example_dags/example_dag_decorator.py
[2024-08-20T03:54:50.554+0000] {logging_mixin.py:190} INFO - [2024-08-20T03:54:50.554+0000] {dag.py:3211} INFO - Sync 1 DAGs
[2024-08-20T03:54:50.570+0000] {logging_mixin.py:190} INFO - [2024-08-20T03:54:50.570+0000] {dag.py:4138} INFO - Setting next_dagrun for example_dag_decorator to None, run_after=None
[2024-08-20T03:54:50.598+0000] {processor.py:208} INFO - Processing /home/airflow/.local/lib/python3.12/site-packages/airflow/example_dags/example_dag_decorator.py took 0.221 seconds
[2024-08-20T03:55:21.091+0000] {processor.py:186} INFO - Started process (PID=595) to work on /home/airflow/.local/lib/python3.12/site-packages/airflow/example_dags/example_dag_decorator.py
[2024-08-20T03:55:21.092+0000] {processor.py:914} INFO - Processing file /home/airflow/.local/lib/python3.12/site-packages/airflow/example_dags/example_dag_decorator.py for tasks to queue
[2024-08-20T03:55:21.095+0000] {logging_mixin.py:190} INFO - [2024-08-20T03:55:21.094+0000] {dagbag.py:587} INFO - Filling up the DagBag from /home/airflow/.local/lib/python3.12/site-packages/airflow/example_dags/example_dag_decorator.py
[2024-08-20T03:55:21.107+0000] {processor.py:925} INFO - DAG(s) 'example_dag_decorator' retrieved from /home/airflow/.local/lib/python3.12/site-packages/airflow/example_dags/example_dag_decorator.py
[2024-08-20T03:55:21.213+0000] {logging_mixin.py:190} INFO - [2024-08-20T03:55:21.213+0000] {dag.py:3211} INFO - Sync 1 DAGs
[2024-08-20T03:55:21.237+0000] {logging_mixin.py:190} INFO - [2024-08-20T03:55:21.236+0000] {dag.py:4138} INFO - Setting next_dagrun for example_dag_decorator to None, run_after=None
[2024-08-20T03:55:21.262+0000] {processor.py:208} INFO - Processing /home/airflow/.local/lib/python3.12/site-packages/airflow/example_dags/example_dag_decorator.py took 0.180 seconds
[2024-08-20T03:55:51.804+0000] {processor.py:186} INFO - Started process (PID=655) to work on /home/airflow/.local/lib/python3.12/site-packages/airflow/example_dags/example_dag_decorator.py
[2024-08-20T03:55:51.806+0000] {processor.py:914} INFO - Processing file /home/airflow/.local/lib/python3.12/site-packages/airflow/example_dags/example_dag_decorator.py for tasks to queue
[2024-08-20T03:55:51.810+0000] {logging_mixin.py:190} INFO - [2024-08-20T03:55:51.809+0000] {dagbag.py:587} INFO - Filling up the DagBag from /home/airflow/.local/lib/python3.12/site-packages/airflow/example_dags/example_dag_decorator.py
[2024-08-20T03:55:51.838+0000] {processor.py:925} INFO - DAG(s) 'example_dag_decorator' retrieved from /home/airflow/.local/lib/python3.12/site-packages/airflow/example_dags/example_dag_decorator.py
[2024-08-20T03:55:52.197+0000] {logging_mixin.py:190} INFO - [2024-08-20T03:55:52.197+0000] {dag.py:3211} INFO - Sync 1 DAGs
[2024-08-20T03:55:52.218+0000] {logging_mixin.py:190} INFO - [2024-08-20T03:55:52.218+0000] {dag.py:4138} INFO - Setting next_dagrun for example_dag_decorator to None, run_after=None
[2024-08-20T03:55:52.262+0000] {processor.py:208} INFO - Processing /home/airflow/.local/lib/python3.12/site-packages/airflow/example_dags/example_dag_decorator.py took 0.467 seconds
[2024-08-20T03:56:23.215+0000] {processor.py:186} INFO - Started process (PID=717) to work on /home/airflow/.local/lib/python3.12/site-packages/airflow/example_dags/example_dag_decorator.py
[2024-08-20T03:56:23.217+0000] {processor.py:914} INFO - Processing file /home/airflow/.local/lib/python3.12/site-packages/airflow/example_dags/example_dag_decorator.py for tasks to queue
[2024-08-20T03:56:23.220+0000] {logging_mixin.py:190} INFO - [2024-08-20T03:56:23.220+0000] {dagbag.py:587} INFO - Filling up the DagBag from /home/airflow/.local/lib/python3.12/site-packages/airflow/example_dags/example_dag_decorator.py
[2024-08-20T03:56:23.233+0000] {processor.py:925} INFO - DAG(s) 'example_dag_decorator' retrieved from /home/airflow/.local/lib/python3.12/site-packages/airflow/example_dags/example_dag_decorator.py
[2024-08-20T03:56:23.378+0000] {logging_mixin.py:190} INFO - [2024-08-20T03:56:23.378+0000] {dag.py:3211} INFO - Sync 1 DAGs
[2024-08-20T03:56:23.395+0000] {logging_mixin.py:190} INFO - [2024-08-20T03:56:23.395+0000] {dag.py:4138} INFO - Setting next_dagrun for example_dag_decorator to None, run_after=None
[2024-08-20T03:56:23.419+0000] {processor.py:208} INFO - Processing /home/airflow/.local/lib/python3.12/site-packages/airflow/example_dags/example_dag_decorator.py took 0.210 seconds
[2024-08-20T03:56:53.612+0000] {processor.py:186} INFO - Started process (PID=779) to work on /home/airflow/.local/lib/python3.12/site-packages/airflow/example_dags/example_dag_decorator.py
[2024-08-20T03:56:53.614+0000] {processor.py:914} INFO - Processing file /home/airflow/.local/lib/python3.12/site-packages/airflow/example_dags/example_dag_decorator.py for tasks to queue
[2024-08-20T03:56:53.617+0000] {logging_mixin.py:190} INFO - [2024-08-20T03:56:53.617+0000] {dagbag.py:587} INFO - Filling up the DagBag from /home/airflow/.local/lib/python3.12/site-packages/airflow/example_dags/example_dag_decorator.py
[2024-08-20T03:56:53.630+0000] {processor.py:925} INFO - DAG(s) 'example_dag_decorator' retrieved from /home/airflow/.local/lib/python3.12/site-packages/airflow/example_dags/example_dag_decorator.py
[2024-08-20T03:56:53.746+0000] {logging_mixin.py:190} INFO - [2024-08-20T03:56:53.745+0000] {dag.py:3211} INFO - Sync 1 DAGs
[2024-08-20T03:56:53.759+0000] {logging_mixin.py:190} INFO - [2024-08-20T03:56:53.759+0000] {dag.py:4138} INFO - Setting next_dagrun for example_dag_decorator to None, run_after=None
[2024-08-20T03:56:53.783+0000] {processor.py:208} INFO - Processing /home/airflow/.local/lib/python3.12/site-packages/airflow/example_dags/example_dag_decorator.py took 0.176 seconds
[2024-08-20T03:57:24.073+0000] {processor.py:186} INFO - Started process (PID=841) to work on /home/airflow/.local/lib/python3.12/site-packages/airflow/example_dags/example_dag_decorator.py
[2024-08-20T03:57:24.075+0000] {processor.py:914} INFO - Processing file /home/airflow/.local/lib/python3.12/site-packages/airflow/example_dags/example_dag_decorator.py for tasks to queue
[2024-08-20T03:57:24.077+0000] {logging_mixin.py:190} INFO - [2024-08-20T03:57:24.077+0000] {dagbag.py:587} INFO - Filling up the DagBag from /home/airflow/.local/lib/python3.12/site-packages/airflow/example_dags/example_dag_decorator.py
[2024-08-20T03:57:24.091+0000] {processor.py:925} INFO - DAG(s) 'example_dag_decorator' retrieved from /home/airflow/.local/lib/python3.12/site-packages/airflow/example_dags/example_dag_decorator.py
[2024-08-20T03:57:24.217+0000] {logging_mixin.py:190} INFO - [2024-08-20T03:57:24.217+0000] {dag.py:3211} INFO - Sync 1 DAGs
[2024-08-20T03:57:24.232+0000] {logging_mixin.py:190} INFO - [2024-08-20T03:57:24.231+0000] {dag.py:4138} INFO - Setting next_dagrun for example_dag_decorator to None, run_after=None
[2024-08-20T03:57:24.255+0000] {processor.py:208} INFO - Processing /home/airflow/.local/lib/python3.12/site-packages/airflow/example_dags/example_dag_decorator.py took 0.190 seconds
[2024-08-20T03:57:54.377+0000] {processor.py:186} INFO - Started process (PID=902) to work on /home/airflow/.local/lib/python3.12/site-packages/airflow/example_dags/example_dag_decorator.py
[2024-08-20T03:57:54.378+0000] {processor.py:914} INFO - Processing file /home/airflow/.local/lib/python3.12/site-packages/airflow/example_dags/example_dag_decorator.py for tasks to queue
[2024-08-20T03:57:54.381+0000] {logging_mixin.py:190} INFO - [2024-08-20T03:57:54.381+0000] {dagbag.py:587} INFO - Filling up the DagBag from /home/airflow/.local/lib/python3.12/site-packages/airflow/example_dags/example_dag_decorator.py
[2024-08-20T03:57:54.400+0000] {processor.py:925} INFO - DAG(s) 'example_dag_decorator' retrieved from /home/airflow/.local/lib/python3.12/site-packages/airflow/example_dags/example_dag_decorator.py
[2024-08-20T03:57:54.559+0000] {logging_mixin.py:190} INFO - [2024-08-20T03:57:54.559+0000] {dag.py:3211} INFO - Sync 1 DAGs
[2024-08-20T03:57:54.576+0000] {logging_mixin.py:190} INFO - [2024-08-20T03:57:54.576+0000] {dag.py:4138} INFO - Setting next_dagrun for example_dag_decorator to None, run_after=None
[2024-08-20T03:57:54.602+0000] {processor.py:208} INFO - Processing /home/airflow/.local/lib/python3.12/site-packages/airflow/example_dags/example_dag_decorator.py took 0.234 seconds
[2024-08-20T03:58:25.159+0000] {processor.py:186} INFO - Started process (PID=965) to work on /home/airflow/.local/lib/python3.12/site-packages/airflow/example_dags/example_dag_decorator.py
[2024-08-20T03:58:25.161+0000] {processor.py:914} INFO - Processing file /home/airflow/.local/lib/python3.12/site-packages/airflow/example_dags/example_dag_decorator.py for tasks to queue
[2024-08-20T03:58:25.165+0000] {logging_mixin.py:190} INFO - [2024-08-20T03:58:25.164+0000] {dagbag.py:587} INFO - Filling up the DagBag from /home/airflow/.local/lib/python3.12/site-packages/airflow/example_dags/example_dag_decorator.py
[2024-08-20T03:58:25.179+0000] {processor.py:925} INFO - DAG(s) 'example_dag_decorator' retrieved from /home/airflow/.local/lib/python3.12/site-packages/airflow/example_dags/example_dag_decorator.py
[2024-08-20T03:58:25.320+0000] {logging_mixin.py:190} INFO - [2024-08-20T03:58:25.320+0000] {dag.py:3211} INFO - Sync 1 DAGs
[2024-08-20T03:58:25.339+0000] {logging_mixin.py:190} INFO - [2024-08-20T03:58:25.339+0000] {dag.py:4138} INFO - Setting next_dagrun for example_dag_decorator to None, run_after=None
[2024-08-20T03:58:25.366+0000] {processor.py:208} INFO - Processing /home/airflow/.local/lib/python3.12/site-packages/airflow/example_dags/example_dag_decorator.py took 0.213 seconds
[2024-08-20T03:58:55.741+0000] {processor.py:186} INFO - Started process (PID=1027) to work on /home/airflow/.local/lib/python3.12/site-packages/airflow/example_dags/example_dag_decorator.py
[2024-08-20T03:58:55.743+0000] {processor.py:914} INFO - Processing file /home/airflow/.local/lib/python3.12/site-packages/airflow/example_dags/example_dag_decorator.py for tasks to queue
[2024-08-20T03:58:55.746+0000] {logging_mixin.py:190} INFO - [2024-08-20T03:58:55.745+0000] {dagbag.py:587} INFO - Filling up the DagBag from /home/airflow/.local/lib/python3.12/site-packages/airflow/example_dags/example_dag_decorator.py
[2024-08-20T03:58:55.764+0000] {processor.py:925} INFO - DAG(s) 'example_dag_decorator' retrieved from /home/airflow/.local/lib/python3.12/site-packages/airflow/example_dags/example_dag_decorator.py
[2024-08-20T03:58:55.923+0000] {logging_mixin.py:190} INFO - [2024-08-20T03:58:55.922+0000] {dag.py:3211} INFO - Sync 1 DAGs
[2024-08-20T03:58:55.940+0000] {logging_mixin.py:190} INFO - [2024-08-20T03:58:55.939+0000] {dag.py:4138} INFO - Setting next_dagrun for example_dag_decorator to None, run_after=None
[2024-08-20T03:58:55.970+0000] {processor.py:208} INFO - Processing /home/airflow/.local/lib/python3.12/site-packages/airflow/example_dags/example_dag_decorator.py took 0.242 seconds
[2024-08-20T03:59:26.619+0000] {processor.py:186} INFO - Started process (PID=1089) to work on /home/airflow/.local/lib/python3.12/site-packages/airflow/example_dags/example_dag_decorator.py
[2024-08-20T03:59:26.621+0000] {processor.py:914} INFO - Processing file /home/airflow/.local/lib/python3.12/site-packages/airflow/example_dags/example_dag_decorator.py for tasks to queue
[2024-08-20T03:59:26.624+0000] {logging_mixin.py:190} INFO - [2024-08-20T03:59:26.623+0000] {dagbag.py:587} INFO - Filling up the DagBag from /home/airflow/.local/lib/python3.12/site-packages/airflow/example_dags/example_dag_decorator.py
[2024-08-20T03:59:26.641+0000] {processor.py:925} INFO - DAG(s) 'example_dag_decorator' retrieved from /home/airflow/.local/lib/python3.12/site-packages/airflow/example_dags/example_dag_decorator.py
[2024-08-20T03:59:26.677+0000] {logging_mixin.py:190} INFO - [2024-08-20T03:59:26.676+0000] {dag.py:3211} INFO - Sync 1 DAGs
[2024-08-20T03:59:26.699+0000] {logging_mixin.py:190} INFO - [2024-08-20T03:59:26.699+0000] {dag.py:4138} INFO - Setting next_dagrun for example_dag_decorator to None, run_after=None
[2024-08-20T03:59:26.733+0000] {processor.py:208} INFO - Processing /home/airflow/.local/lib/python3.12/site-packages/airflow/example_dags/example_dag_decorator.py took 0.123 seconds
[2024-08-20T03:59:56.893+0000] {processor.py:186} INFO - Started process (PID=1150) to work on /home/airflow/.local/lib/python3.12/site-packages/airflow/example_dags/example_dag_decorator.py
[2024-08-20T03:59:56.895+0000] {processor.py:914} INFO - Processing file /home/airflow/.local/lib/python3.12/site-packages/airflow/example_dags/example_dag_decorator.py for tasks to queue
[2024-08-20T03:59:56.899+0000] {logging_mixin.py:190} INFO - [2024-08-20T03:59:56.898+0000] {dagbag.py:587} INFO - Filling up the DagBag from /home/airflow/.local/lib/python3.12/site-packages/airflow/example_dags/example_dag_decorator.py
[2024-08-20T03:59:56.916+0000] {processor.py:925} INFO - DAG(s) 'example_dag_decorator' retrieved from /home/airflow/.local/lib/python3.12/site-packages/airflow/example_dags/example_dag_decorator.py
[2024-08-20T03:59:57.054+0000] {logging_mixin.py:190} INFO - [2024-08-20T03:59:57.054+0000] {dag.py:3211} INFO - Sync 1 DAGs
[2024-08-20T03:59:57.071+0000] {logging_mixin.py:190} INFO - [2024-08-20T03:59:57.071+0000] {dag.py:4138} INFO - Setting next_dagrun for example_dag_decorator to None, run_after=None
[2024-08-20T03:59:57.104+0000] {processor.py:208} INFO - Processing /home/airflow/.local/lib/python3.12/site-packages/airflow/example_dags/example_dag_decorator.py took 0.217 seconds
[2024-08-20T04:00:27.517+0000] {processor.py:186} INFO - Started process (PID=1213) to work on /home/airflow/.local/lib/python3.12/site-packages/airflow/example_dags/example_dag_decorator.py
[2024-08-20T04:00:27.518+0000] {processor.py:914} INFO - Processing file /home/airflow/.local/lib/python3.12/site-packages/airflow/example_dags/example_dag_decorator.py for tasks to queue
[2024-08-20T04:00:27.522+0000] {logging_mixin.py:190} INFO - [2024-08-20T04:00:27.522+0000] {dagbag.py:587} INFO - Filling up the DagBag from /home/airflow/.local/lib/python3.12/site-packages/airflow/example_dags/example_dag_decorator.py
[2024-08-20T04:00:27.551+0000] {processor.py:925} INFO - DAG(s) 'example_dag_decorator' retrieved from /home/airflow/.local/lib/python3.12/site-packages/airflow/example_dags/example_dag_decorator.py
[2024-08-20T04:00:27.702+0000] {logging_mixin.py:190} INFO - [2024-08-20T04:00:27.702+0000] {dag.py:3211} INFO - Sync 1 DAGs
[2024-08-20T04:00:27.718+0000] {logging_mixin.py:190} INFO - [2024-08-20T04:00:27.718+0000] {dag.py:4138} INFO - Setting next_dagrun for example_dag_decorator to None, run_after=None
[2024-08-20T04:00:27.741+0000] {processor.py:208} INFO - Processing /home/airflow/.local/lib/python3.12/site-packages/airflow/example_dags/example_dag_decorator.py took 0.240 seconds
[2024-08-20T04:00:57.892+0000] {processor.py:186} INFO - Started process (PID=1275) to work on /home/airflow/.local/lib/python3.12/site-packages/airflow/example_dags/example_dag_decorator.py
[2024-08-20T04:00:57.893+0000] {processor.py:914} INFO - Processing file /home/airflow/.local/lib/python3.12/site-packages/airflow/example_dags/example_dag_decorator.py for tasks to queue
[2024-08-20T04:00:57.896+0000] {logging_mixin.py:190} INFO - [2024-08-20T04:00:57.895+0000] {dagbag.py:587} INFO - Filling up the DagBag from /home/airflow/.local/lib/python3.12/site-packages/airflow/example_dags/example_dag_decorator.py
[2024-08-20T04:00:57.910+0000] {processor.py:925} INFO - DAG(s) 'example_dag_decorator' retrieved from /home/airflow/.local/lib/python3.12/site-packages/airflow/example_dags/example_dag_decorator.py
[2024-08-20T04:00:58.067+0000] {logging_mixin.py:190} INFO - [2024-08-20T04:00:58.066+0000] {dag.py:3211} INFO - Sync 1 DAGs
[2024-08-20T04:00:58.083+0000] {logging_mixin.py:190} INFO - [2024-08-20T04:00:58.083+0000] {dag.py:4138} INFO - Setting next_dagrun for example_dag_decorator to None, run_after=None
[2024-08-20T04:00:58.108+0000] {processor.py:208} INFO - Processing /home/airflow/.local/lib/python3.12/site-packages/airflow/example_dags/example_dag_decorator.py took 0.223 seconds
[2024-08-20T04:01:28.416+0000] {processor.py:186} INFO - Started process (PID=1337) to work on /home/airflow/.local/lib/python3.12/site-packages/airflow/example_dags/example_dag_decorator.py
[2024-08-20T04:01:28.418+0000] {processor.py:914} INFO - Processing file /home/airflow/.local/lib/python3.12/site-packages/airflow/example_dags/example_dag_decorator.py for tasks to queue
[2024-08-20T04:01:28.422+0000] {logging_mixin.py:190} INFO - [2024-08-20T04:01:28.422+0000] {dagbag.py:587} INFO - Filling up the DagBag from /home/airflow/.local/lib/python3.12/site-packages/airflow/example_dags/example_dag_decorator.py
[2024-08-20T04:01:28.441+0000] {processor.py:925} INFO - DAG(s) 'example_dag_decorator' retrieved from /home/airflow/.local/lib/python3.12/site-packages/airflow/example_dags/example_dag_decorator.py
[2024-08-20T04:01:28.572+0000] {logging_mixin.py:190} INFO - [2024-08-20T04:01:28.571+0000] {dag.py:3211} INFO - Sync 1 DAGs
[2024-08-20T04:01:28.593+0000] {logging_mixin.py:190} INFO - [2024-08-20T04:01:28.593+0000] {dag.py:4138} INFO - Setting next_dagrun for example_dag_decorator to None, run_after=None
[2024-08-20T04:01:28.622+0000] {processor.py:208} INFO - Processing /home/airflow/.local/lib/python3.12/site-packages/airflow/example_dags/example_dag_decorator.py took 0.213 seconds
[2024-08-20T04:01:58.946+0000] {processor.py:186} INFO - Started process (PID=1399) to work on /home/airflow/.local/lib/python3.12/site-packages/airflow/example_dags/example_dag_decorator.py
[2024-08-20T04:01:58.948+0000] {processor.py:914} INFO - Processing file /home/airflow/.local/lib/python3.12/site-packages/airflow/example_dags/example_dag_decorator.py for tasks to queue
[2024-08-20T04:01:58.952+0000] {logging_mixin.py:190} INFO - [2024-08-20T04:01:58.951+0000] {dagbag.py:587} INFO - Filling up the DagBag from /home/airflow/.local/lib/python3.12/site-packages/airflow/example_dags/example_dag_decorator.py
[2024-08-20T04:01:58.967+0000] {processor.py:925} INFO - DAG(s) 'example_dag_decorator' retrieved from /home/airflow/.local/lib/python3.12/site-packages/airflow/example_dags/example_dag_decorator.py
[2024-08-20T04:01:59.112+0000] {logging_mixin.py:190} INFO - [2024-08-20T04:01:59.112+0000] {dag.py:3211} INFO - Sync 1 DAGs
[2024-08-20T04:01:59.130+0000] {logging_mixin.py:190} INFO - [2024-08-20T04:01:59.129+0000] {dag.py:4138} INFO - Setting next_dagrun for example_dag_decorator to None, run_after=None
[2024-08-20T04:01:59.160+0000] {processor.py:208} INFO - Processing /home/airflow/.local/lib/python3.12/site-packages/airflow/example_dags/example_dag_decorator.py took 0.220 seconds
[2024-08-20T04:02:29.232+0000] {processor.py:186} INFO - Started process (PID=1460) to work on /home/airflow/.local/lib/python3.12/site-packages/airflow/example_dags/example_dag_decorator.py
[2024-08-20T04:02:29.233+0000] {processor.py:914} INFO - Processing file /home/airflow/.local/lib/python3.12/site-packages/airflow/example_dags/example_dag_decorator.py for tasks to queue
[2024-08-20T04:02:29.236+0000] {logging_mixin.py:190} INFO - [2024-08-20T04:02:29.236+0000] {dagbag.py:587} INFO - Filling up the DagBag from /home/airflow/.local/lib/python3.12/site-packages/airflow/example_dags/example_dag_decorator.py
[2024-08-20T04:02:29.248+0000] {processor.py:925} INFO - DAG(s) 'example_dag_decorator' retrieved from /home/airflow/.local/lib/python3.12/site-packages/airflow/example_dags/example_dag_decorator.py
[2024-08-20T04:02:29.368+0000] {logging_mixin.py:190} INFO - [2024-08-20T04:02:29.367+0000] {dag.py:3211} INFO - Sync 1 DAGs
[2024-08-20T04:02:29.390+0000] {logging_mixin.py:190} INFO - [2024-08-20T04:02:29.389+0000] {dag.py:4138} INFO - Setting next_dagrun for example_dag_decorator to None, run_after=None
[2024-08-20T04:02:29.417+0000] {processor.py:208} INFO - Processing /home/airflow/.local/lib/python3.12/site-packages/airflow/example_dags/example_dag_decorator.py took 0.191 seconds
[2024-08-20T04:03:00.026+0000] {processor.py:186} INFO - Started process (PID=1523) to work on /home/airflow/.local/lib/python3.12/site-packages/airflow/example_dags/example_dag_decorator.py
[2024-08-20T04:03:00.027+0000] {processor.py:914} INFO - Processing file /home/airflow/.local/lib/python3.12/site-packages/airflow/example_dags/example_dag_decorator.py for tasks to queue
[2024-08-20T04:03:00.031+0000] {logging_mixin.py:190} INFO - [2024-08-20T04:03:00.031+0000] {dagbag.py:587} INFO - Filling up the DagBag from /home/airflow/.local/lib/python3.12/site-packages/airflow/example_dags/example_dag_decorator.py
[2024-08-20T04:03:00.048+0000] {processor.py:925} INFO - DAG(s) 'example_dag_decorator' retrieved from /home/airflow/.local/lib/python3.12/site-packages/airflow/example_dags/example_dag_decorator.py
[2024-08-20T04:03:00.163+0000] {logging_mixin.py:190} INFO - [2024-08-20T04:03:00.163+0000] {dag.py:3211} INFO - Sync 1 DAGs
[2024-08-20T04:03:00.178+0000] {logging_mixin.py:190} INFO - [2024-08-20T04:03:00.177+0000] {dag.py:4138} INFO - Setting next_dagrun for example_dag_decorator to None, run_after=None
[2024-08-20T04:03:00.204+0000] {processor.py:208} INFO - Processing /home/airflow/.local/lib/python3.12/site-packages/airflow/example_dags/example_dag_decorator.py took 0.186 seconds
[2024-08-20T04:03:31.013+0000] {processor.py:186} INFO - Started process (PID=1585) to work on /home/airflow/.local/lib/python3.12/site-packages/airflow/example_dags/example_dag_decorator.py
[2024-08-20T04:03:31.015+0000] {processor.py:914} INFO - Processing file /home/airflow/.local/lib/python3.12/site-packages/airflow/example_dags/example_dag_decorator.py for tasks to queue
[2024-08-20T04:03:31.018+0000] {logging_mixin.py:190} INFO - [2024-08-20T04:03:31.017+0000] {dagbag.py:587} INFO - Filling up the DagBag from /home/airflow/.local/lib/python3.12/site-packages/airflow/example_dags/example_dag_decorator.py
[2024-08-20T04:03:31.033+0000] {processor.py:925} INFO - DAG(s) 'example_dag_decorator' retrieved from /home/airflow/.local/lib/python3.12/site-packages/airflow/example_dags/example_dag_decorator.py
[2024-08-20T04:03:31.161+0000] {logging_mixin.py:190} INFO - [2024-08-20T04:03:31.161+0000] {dag.py:3211} INFO - Sync 1 DAGs
[2024-08-20T04:03:31.189+0000] {logging_mixin.py:190} INFO - [2024-08-20T04:03:31.189+0000] {dag.py:4138} INFO - Setting next_dagrun for example_dag_decorator to None, run_after=None
[2024-08-20T04:03:31.231+0000] {processor.py:208} INFO - Processing /home/airflow/.local/lib/python3.12/site-packages/airflow/example_dags/example_dag_decorator.py took 0.224 seconds
[2024-08-20T04:04:01.431+0000] {processor.py:186} INFO - Started process (PID=1647) to work on /home/airflow/.local/lib/python3.12/site-packages/airflow/example_dags/example_dag_decorator.py
[2024-08-20T04:04:01.432+0000] {processor.py:914} INFO - Processing file /home/airflow/.local/lib/python3.12/site-packages/airflow/example_dags/example_dag_decorator.py for tasks to queue
[2024-08-20T04:04:01.436+0000] {logging_mixin.py:190} INFO - [2024-08-20T04:04:01.435+0000] {dagbag.py:587} INFO - Filling up the DagBag from /home/airflow/.local/lib/python3.12/site-packages/airflow/example_dags/example_dag_decorator.py
[2024-08-20T04:04:01.456+0000] {processor.py:925} INFO - DAG(s) 'example_dag_decorator' retrieved from /home/airflow/.local/lib/python3.12/site-packages/airflow/example_dags/example_dag_decorator.py
[2024-08-20T04:04:01.609+0000] {logging_mixin.py:190} INFO - [2024-08-20T04:04:01.608+0000] {dag.py:3211} INFO - Sync 1 DAGs
[2024-08-20T04:04:01.625+0000] {logging_mixin.py:190} INFO - [2024-08-20T04:04:01.625+0000] {dag.py:4138} INFO - Setting next_dagrun for example_dag_decorator to None, run_after=None
[2024-08-20T04:04:01.651+0000] {processor.py:208} INFO - Processing /home/airflow/.local/lib/python3.12/site-packages/airflow/example_dags/example_dag_decorator.py took 0.229 seconds
[2024-08-20T04:04:31.735+0000] {processor.py:186} INFO - Started process (PID=1708) to work on /home/airflow/.local/lib/python3.12/site-packages/airflow/example_dags/example_dag_decorator.py
[2024-08-20T04:04:31.737+0000] {processor.py:914} INFO - Processing file /home/airflow/.local/lib/python3.12/site-packages/airflow/example_dags/example_dag_decorator.py for tasks to queue
[2024-08-20T04:04:31.740+0000] {logging_mixin.py:190} INFO - [2024-08-20T04:04:31.740+0000] {dagbag.py:587} INFO - Filling up the DagBag from /home/airflow/.local/lib/python3.12/site-packages/airflow/example_dags/example_dag_decorator.py
[2024-08-20T04:04:31.756+0000] {processor.py:925} INFO - DAG(s) 'example_dag_decorator' retrieved from /home/airflow/.local/lib/python3.12/site-packages/airflow/example_dags/example_dag_decorator.py
[2024-08-20T04:04:31.866+0000] {logging_mixin.py:190} INFO - [2024-08-20T04:04:31.866+0000] {dag.py:3211} INFO - Sync 1 DAGs
[2024-08-20T04:04:31.882+0000] {logging_mixin.py:190} INFO - [2024-08-20T04:04:31.882+0000] {dag.py:4138} INFO - Setting next_dagrun for example_dag_decorator to None, run_after=None
[2024-08-20T04:04:31.916+0000] {processor.py:208} INFO - Processing /home/airflow/.local/lib/python3.12/site-packages/airflow/example_dags/example_dag_decorator.py took 0.188 seconds
[2024-08-20T04:05:02.006+0000] {processor.py:186} INFO - Started process (PID=1770) to work on /home/airflow/.local/lib/python3.12/site-packages/airflow/example_dags/example_dag_decorator.py
[2024-08-20T04:05:02.008+0000] {processor.py:914} INFO - Processing file /home/airflow/.local/lib/python3.12/site-packages/airflow/example_dags/example_dag_decorator.py for tasks to queue
[2024-08-20T04:05:02.012+0000] {logging_mixin.py:190} INFO - [2024-08-20T04:05:02.012+0000] {dagbag.py:587} INFO - Filling up the DagBag from /home/airflow/.local/lib/python3.12/site-packages/airflow/example_dags/example_dag_decorator.py
[2024-08-20T04:05:02.029+0000] {processor.py:925} INFO - DAG(s) 'example_dag_decorator' retrieved from /home/airflow/.local/lib/python3.12/site-packages/airflow/example_dags/example_dag_decorator.py
[2024-08-20T04:05:02.177+0000] {logging_mixin.py:190} INFO - [2024-08-20T04:05:02.177+0000] {dag.py:3211} INFO - Sync 1 DAGs
[2024-08-20T04:05:02.195+0000] {logging_mixin.py:190} INFO - [2024-08-20T04:05:02.195+0000] {dag.py:4138} INFO - Setting next_dagrun for example_dag_decorator to None, run_after=None
[2024-08-20T04:05:02.221+0000] {processor.py:208} INFO - Processing /home/airflow/.local/lib/python3.12/site-packages/airflow/example_dags/example_dag_decorator.py took 0.236 seconds
[2024-08-20T04:05:32.587+0000] {processor.py:186} INFO - Started process (PID=1833) to work on /home/airflow/.local/lib/python3.12/site-packages/airflow/example_dags/example_dag_decorator.py
[2024-08-20T04:05:32.589+0000] {processor.py:914} INFO - Processing file /home/airflow/.local/lib/python3.12/site-packages/airflow/example_dags/example_dag_decorator.py for tasks to queue
[2024-08-20T04:05:32.593+0000] {logging_mixin.py:190} INFO - [2024-08-20T04:05:32.592+0000] {dagbag.py:587} INFO - Filling up the DagBag from /home/airflow/.local/lib/python3.12/site-packages/airflow/example_dags/example_dag_decorator.py
[2024-08-20T04:05:32.614+0000] {processor.py:925} INFO - DAG(s) 'example_dag_decorator' retrieved from /home/airflow/.local/lib/python3.12/site-packages/airflow/example_dags/example_dag_decorator.py
[2024-08-20T04:05:32.814+0000] {logging_mixin.py:190} INFO - [2024-08-20T04:05:32.814+0000] {dag.py:3211} INFO - Sync 1 DAGs
[2024-08-20T04:05:32.836+0000] {logging_mixin.py:190} INFO - [2024-08-20T04:05:32.835+0000] {dag.py:4138} INFO - Setting next_dagrun for example_dag_decorator to None, run_after=None
[2024-08-20T04:05:32.869+0000] {processor.py:208} INFO - Processing /home/airflow/.local/lib/python3.12/site-packages/airflow/example_dags/example_dag_decorator.py took 0.293 seconds
[2024-08-20T04:06:03.457+0000] {processor.py:186} INFO - Started process (PID=1894) to work on /home/airflow/.local/lib/python3.12/site-packages/airflow/example_dags/example_dag_decorator.py
[2024-08-20T04:06:03.458+0000] {processor.py:914} INFO - Processing file /home/airflow/.local/lib/python3.12/site-packages/airflow/example_dags/example_dag_decorator.py for tasks to queue
[2024-08-20T04:06:03.461+0000] {logging_mixin.py:190} INFO - [2024-08-20T04:06:03.461+0000] {dagbag.py:587} INFO - Filling up the DagBag from /home/airflow/.local/lib/python3.12/site-packages/airflow/example_dags/example_dag_decorator.py
[2024-08-20T04:06:03.479+0000] {processor.py:925} INFO - DAG(s) 'example_dag_decorator' retrieved from /home/airflow/.local/lib/python3.12/site-packages/airflow/example_dags/example_dag_decorator.py
[2024-08-20T04:06:03.622+0000] {logging_mixin.py:190} INFO - [2024-08-20T04:06:03.621+0000] {dag.py:3211} INFO - Sync 1 DAGs
[2024-08-20T04:06:03.648+0000] {logging_mixin.py:190} INFO - [2024-08-20T04:06:03.647+0000] {dag.py:4138} INFO - Setting next_dagrun for example_dag_decorator to None, run_after=None
[2024-08-20T04:06:03.677+0000] {processor.py:208} INFO - Processing /home/airflow/.local/lib/python3.12/site-packages/airflow/example_dags/example_dag_decorator.py took 0.228 seconds
[2024-08-20T04:06:34.357+0000] {processor.py:186} INFO - Started process (PID=1962) to work on /home/airflow/.local/lib/python3.12/site-packages/airflow/example_dags/example_dag_decorator.py
[2024-08-20T04:06:34.358+0000] {processor.py:914} INFO - Processing file /home/airflow/.local/lib/python3.12/site-packages/airflow/example_dags/example_dag_decorator.py for tasks to queue
[2024-08-20T04:06:34.363+0000] {logging_mixin.py:190} INFO - [2024-08-20T04:06:34.362+0000] {dagbag.py:587} INFO - Filling up the DagBag from /home/airflow/.local/lib/python3.12/site-packages/airflow/example_dags/example_dag_decorator.py
[2024-08-20T04:06:34.382+0000] {processor.py:925} INFO - DAG(s) 'example_dag_decorator' retrieved from /home/airflow/.local/lib/python3.12/site-packages/airflow/example_dags/example_dag_decorator.py
[2024-08-20T04:06:34.551+0000] {logging_mixin.py:190} INFO - [2024-08-20T04:06:34.551+0000] {dag.py:3211} INFO - Sync 1 DAGs
[2024-08-20T04:06:34.567+0000] {logging_mixin.py:190} INFO - [2024-08-20T04:06:34.567+0000] {dag.py:4138} INFO - Setting next_dagrun for example_dag_decorator to None, run_after=None
[2024-08-20T04:06:34.592+0000] {processor.py:208} INFO - Processing /home/airflow/.local/lib/python3.12/site-packages/airflow/example_dags/example_dag_decorator.py took 0.246 seconds
[2024-08-20T04:07:05.456+0000] {processor.py:186} INFO - Started process (PID=2024) to work on /home/airflow/.local/lib/python3.12/site-packages/airflow/example_dags/example_dag_decorator.py
[2024-08-20T04:07:05.459+0000] {processor.py:914} INFO - Processing file /home/airflow/.local/lib/python3.12/site-packages/airflow/example_dags/example_dag_decorator.py for tasks to queue
[2024-08-20T04:07:05.464+0000] {logging_mixin.py:190} INFO - [2024-08-20T04:07:05.463+0000] {dagbag.py:587} INFO - Filling up the DagBag from /home/airflow/.local/lib/python3.12/site-packages/airflow/example_dags/example_dag_decorator.py
[2024-08-20T04:07:05.482+0000] {processor.py:925} INFO - DAG(s) 'example_dag_decorator' retrieved from /home/airflow/.local/lib/python3.12/site-packages/airflow/example_dags/example_dag_decorator.py
[2024-08-20T04:07:05.646+0000] {logging_mixin.py:190} INFO - [2024-08-20T04:07:05.645+0000] {dag.py:3211} INFO - Sync 1 DAGs
[2024-08-20T04:07:05.667+0000] {logging_mixin.py:190} INFO - [2024-08-20T04:07:05.666+0000] {dag.py:4138} INFO - Setting next_dagrun for example_dag_decorator to None, run_after=None
[2024-08-20T04:07:05.694+0000] {processor.py:208} INFO - Processing /home/airflow/.local/lib/python3.12/site-packages/airflow/example_dags/example_dag_decorator.py took 0.248 seconds
[2024-08-20T04:07:36.143+0000] {processor.py:186} INFO - Started process (PID=2087) to work on /home/airflow/.local/lib/python3.12/site-packages/airflow/example_dags/example_dag_decorator.py
[2024-08-20T04:07:36.145+0000] {processor.py:914} INFO - Processing file /home/airflow/.local/lib/python3.12/site-packages/airflow/example_dags/example_dag_decorator.py for tasks to queue
[2024-08-20T04:07:36.148+0000] {logging_mixin.py:190} INFO - [2024-08-20T04:07:36.148+0000] {dagbag.py:587} INFO - Filling up the DagBag from /home/airflow/.local/lib/python3.12/site-packages/airflow/example_dags/example_dag_decorator.py
[2024-08-20T04:07:36.165+0000] {processor.py:925} INFO - DAG(s) 'example_dag_decorator' retrieved from /home/airflow/.local/lib/python3.12/site-packages/airflow/example_dags/example_dag_decorator.py
[2024-08-20T04:07:36.295+0000] {logging_mixin.py:190} INFO - [2024-08-20T04:07:36.294+0000] {dag.py:3211} INFO - Sync 1 DAGs
[2024-08-20T04:07:36.312+0000] {logging_mixin.py:190} INFO - [2024-08-20T04:07:36.312+0000] {dag.py:4138} INFO - Setting next_dagrun for example_dag_decorator to None, run_after=None
[2024-08-20T04:07:36.336+0000] {processor.py:208} INFO - Processing /home/airflow/.local/lib/python3.12/site-packages/airflow/example_dags/example_dag_decorator.py took 0.200 seconds
[2024-08-20T04:08:07.136+0000] {processor.py:186} INFO - Started process (PID=2150) to work on /home/airflow/.local/lib/python3.12/site-packages/airflow/example_dags/example_dag_decorator.py
[2024-08-20T04:08:07.137+0000] {processor.py:914} INFO - Processing file /home/airflow/.local/lib/python3.12/site-packages/airflow/example_dags/example_dag_decorator.py for tasks to queue
[2024-08-20T04:08:07.141+0000] {logging_mixin.py:190} INFO - [2024-08-20T04:08:07.140+0000] {dagbag.py:587} INFO - Filling up the DagBag from /home/airflow/.local/lib/python3.12/site-packages/airflow/example_dags/example_dag_decorator.py
[2024-08-20T04:08:07.159+0000] {processor.py:925} INFO - DAG(s) 'example_dag_decorator' retrieved from /home/airflow/.local/lib/python3.12/site-packages/airflow/example_dags/example_dag_decorator.py
[2024-08-20T04:08:07.325+0000] {logging_mixin.py:190} INFO - [2024-08-20T04:08:07.325+0000] {dag.py:3211} INFO - Sync 1 DAGs
[2024-08-20T04:08:07.343+0000] {logging_mixin.py:190} INFO - [2024-08-20T04:08:07.343+0000] {dag.py:4138} INFO - Setting next_dagrun for example_dag_decorator to None, run_after=None
[2024-08-20T04:08:07.371+0000] {processor.py:208} INFO - Processing /home/airflow/.local/lib/python3.12/site-packages/airflow/example_dags/example_dag_decorator.py took 0.246 seconds
[2024-08-20T04:08:38.063+0000] {processor.py:186} INFO - Started process (PID=2212) to work on /home/airflow/.local/lib/python3.12/site-packages/airflow/example_dags/example_dag_decorator.py
[2024-08-20T04:08:38.064+0000] {processor.py:914} INFO - Processing file /home/airflow/.local/lib/python3.12/site-packages/airflow/example_dags/example_dag_decorator.py for tasks to queue
[2024-08-20T04:08:38.068+0000] {logging_mixin.py:190} INFO - [2024-08-20T04:08:38.068+0000] {dagbag.py:587} INFO - Filling up the DagBag from /home/airflow/.local/lib/python3.12/site-packages/airflow/example_dags/example_dag_decorator.py
[2024-08-20T04:08:38.086+0000] {processor.py:925} INFO - DAG(s) 'example_dag_decorator' retrieved from /home/airflow/.local/lib/python3.12/site-packages/airflow/example_dags/example_dag_decorator.py
[2024-08-20T04:08:38.270+0000] {logging_mixin.py:190} INFO - [2024-08-20T04:08:38.270+0000] {dag.py:3211} INFO - Sync 1 DAGs
[2024-08-20T04:08:38.291+0000] {logging_mixin.py:190} INFO - [2024-08-20T04:08:38.291+0000] {dag.py:4138} INFO - Setting next_dagrun for example_dag_decorator to None, run_after=None
[2024-08-20T04:08:38.329+0000] {processor.py:208} INFO - Processing /home/airflow/.local/lib/python3.12/site-packages/airflow/example_dags/example_dag_decorator.py took 0.276 seconds
[2024-08-20T04:09:09.129+0000] {processor.py:186} INFO - Started process (PID=2275) to work on /home/airflow/.local/lib/python3.12/site-packages/airflow/example_dags/example_dag_decorator.py
[2024-08-20T04:09:09.131+0000] {processor.py:914} INFO - Processing file /home/airflow/.local/lib/python3.12/site-packages/airflow/example_dags/example_dag_decorator.py for tasks to queue
[2024-08-20T04:09:09.136+0000] {logging_mixin.py:190} INFO - [2024-08-20T04:09:09.135+0000] {dagbag.py:587} INFO - Filling up the DagBag from /home/airflow/.local/lib/python3.12/site-packages/airflow/example_dags/example_dag_decorator.py
[2024-08-20T04:09:09.153+0000] {processor.py:925} INFO - DAG(s) 'example_dag_decorator' retrieved from /home/airflow/.local/lib/python3.12/site-packages/airflow/example_dags/example_dag_decorator.py
[2024-08-20T04:09:09.311+0000] {logging_mixin.py:190} INFO - [2024-08-20T04:09:09.311+0000] {dag.py:3211} INFO - Sync 1 DAGs
[2024-08-20T04:09:09.329+0000] {logging_mixin.py:190} INFO - [2024-08-20T04:09:09.329+0000] {dag.py:4138} INFO - Setting next_dagrun for example_dag_decorator to None, run_after=None
[2024-08-20T04:09:09.355+0000] {processor.py:208} INFO - Processing /home/airflow/.local/lib/python3.12/site-packages/airflow/example_dags/example_dag_decorator.py took 0.237 seconds
[2024-08-20T04:09:40.431+0000] {processor.py:186} INFO - Started process (PID=2336) to work on /home/airflow/.local/lib/python3.12/site-packages/airflow/example_dags/example_dag_decorator.py
[2024-08-20T04:09:40.433+0000] {processor.py:914} INFO - Processing file /home/airflow/.local/lib/python3.12/site-packages/airflow/example_dags/example_dag_decorator.py for tasks to queue
[2024-08-20T04:09:40.437+0000] {logging_mixin.py:190} INFO - [2024-08-20T04:09:40.436+0000] {dagbag.py:587} INFO - Filling up the DagBag from /home/airflow/.local/lib/python3.12/site-packages/airflow/example_dags/example_dag_decorator.py
[2024-08-20T04:09:40.458+0000] {processor.py:925} INFO - DAG(s) 'example_dag_decorator' retrieved from /home/airflow/.local/lib/python3.12/site-packages/airflow/example_dags/example_dag_decorator.py
[2024-08-20T04:09:40.615+0000] {logging_mixin.py:190} INFO - [2024-08-20T04:09:40.614+0000] {dag.py:3211} INFO - Sync 1 DAGs
[2024-08-20T04:09:40.636+0000] {logging_mixin.py:190} INFO - [2024-08-20T04:09:40.635+0000] {dag.py:4138} INFO - Setting next_dagrun for example_dag_decorator to None, run_after=None
[2024-08-20T04:09:40.668+0000] {processor.py:208} INFO - Processing /home/airflow/.local/lib/python3.12/site-packages/airflow/example_dags/example_dag_decorator.py took 0.246 seconds
[2024-08-20T04:10:12.283+0000] {processor.py:186} INFO - Started process (PID=2399) to work on /home/airflow/.local/lib/python3.12/site-packages/airflow/example_dags/example_dag_decorator.py
[2024-08-20T04:10:12.292+0000] {processor.py:914} INFO - Processing file /home/airflow/.local/lib/python3.12/site-packages/airflow/example_dags/example_dag_decorator.py for tasks to queue
[2024-08-20T04:10:12.297+0000] {logging_mixin.py:190} INFO - [2024-08-20T04:10:12.296+0000] {dagbag.py:587} INFO - Filling up the DagBag from /home/airflow/.local/lib/python3.12/site-packages/airflow/example_dags/example_dag_decorator.py
[2024-08-20T04:10:12.339+0000] {processor.py:925} INFO - DAG(s) 'example_dag_decorator' retrieved from /home/airflow/.local/lib/python3.12/site-packages/airflow/example_dags/example_dag_decorator.py
[2024-08-20T04:10:12.717+0000] {logging_mixin.py:190} INFO - [2024-08-20T04:10:12.716+0000] {dag.py:3211} INFO - Sync 1 DAGs
[2024-08-20T04:10:12.753+0000] {logging_mixin.py:190} INFO - [2024-08-20T04:10:12.752+0000] {dag.py:4138} INFO - Setting next_dagrun for example_dag_decorator to None, run_after=None
[2024-08-20T04:10:12.817+0000] {processor.py:208} INFO - Processing /home/airflow/.local/lib/python3.12/site-packages/airflow/example_dags/example_dag_decorator.py took 0.548 seconds
[2024-08-20T04:10:43.204+0000] {processor.py:186} INFO - Started process (PID=2461) to work on /home/airflow/.local/lib/python3.12/site-packages/airflow/example_dags/example_dag_decorator.py
[2024-08-20T04:10:43.205+0000] {processor.py:914} INFO - Processing file /home/airflow/.local/lib/python3.12/site-packages/airflow/example_dags/example_dag_decorator.py for tasks to queue
[2024-08-20T04:10:43.209+0000] {logging_mixin.py:190} INFO - [2024-08-20T04:10:43.209+0000] {dagbag.py:587} INFO - Filling up the DagBag from /home/airflow/.local/lib/python3.12/site-packages/airflow/example_dags/example_dag_decorator.py
[2024-08-20T04:10:43.228+0000] {processor.py:925} INFO - DAG(s) 'example_dag_decorator' retrieved from /home/airflow/.local/lib/python3.12/site-packages/airflow/example_dags/example_dag_decorator.py
[2024-08-20T04:10:43.403+0000] {logging_mixin.py:190} INFO - [2024-08-20T04:10:43.403+0000] {dag.py:3211} INFO - Sync 1 DAGs
[2024-08-20T04:10:43.433+0000] {logging_mixin.py:190} INFO - [2024-08-20T04:10:43.432+0000] {dag.py:4138} INFO - Setting next_dagrun for example_dag_decorator to None, run_after=None
[2024-08-20T04:10:43.466+0000] {processor.py:208} INFO - Processing /home/airflow/.local/lib/python3.12/site-packages/airflow/example_dags/example_dag_decorator.py took 0.272 seconds
[2024-08-20T04:11:14.332+0000] {processor.py:186} INFO - Started process (PID=2523) to work on /home/airflow/.local/lib/python3.12/site-packages/airflow/example_dags/example_dag_decorator.py
[2024-08-20T04:11:14.334+0000] {processor.py:914} INFO - Processing file /home/airflow/.local/lib/python3.12/site-packages/airflow/example_dags/example_dag_decorator.py for tasks to queue
[2024-08-20T04:11:14.336+0000] {logging_mixin.py:190} INFO - [2024-08-20T04:11:14.336+0000] {dagbag.py:587} INFO - Filling up the DagBag from /home/airflow/.local/lib/python3.12/site-packages/airflow/example_dags/example_dag_decorator.py
[2024-08-20T04:11:14.352+0000] {processor.py:925} INFO - DAG(s) 'example_dag_decorator' retrieved from /home/airflow/.local/lib/python3.12/site-packages/airflow/example_dags/example_dag_decorator.py
[2024-08-20T04:11:14.490+0000] {logging_mixin.py:190} INFO - [2024-08-20T04:11:14.490+0000] {dag.py:3211} INFO - Sync 1 DAGs
[2024-08-20T04:11:14.509+0000] {logging_mixin.py:190} INFO - [2024-08-20T04:11:14.509+0000] {dag.py:4138} INFO - Setting next_dagrun for example_dag_decorator to None, run_after=None
[2024-08-20T04:11:14.751+0000] {processor.py:208} INFO - Processing /home/airflow/.local/lib/python3.12/site-packages/airflow/example_dags/example_dag_decorator.py took 0.429 seconds
[2024-08-20T04:11:45.496+0000] {processor.py:186} INFO - Started process (PID=2586) to work on /home/airflow/.local/lib/python3.12/site-packages/airflow/example_dags/example_dag_decorator.py
[2024-08-20T04:11:45.497+0000] {processor.py:914} INFO - Processing file /home/airflow/.local/lib/python3.12/site-packages/airflow/example_dags/example_dag_decorator.py for tasks to queue
[2024-08-20T04:11:45.500+0000] {logging_mixin.py:190} INFO - [2024-08-20T04:11:45.500+0000] {dagbag.py:587} INFO - Filling up the DagBag from /home/airflow/.local/lib/python3.12/site-packages/airflow/example_dags/example_dag_decorator.py
[2024-08-20T04:11:45.523+0000] {processor.py:925} INFO - DAG(s) 'example_dag_decorator' retrieved from /home/airflow/.local/lib/python3.12/site-packages/airflow/example_dags/example_dag_decorator.py
[2024-08-20T04:11:45.696+0000] {logging_mixin.py:190} INFO - [2024-08-20T04:11:45.696+0000] {dag.py:3211} INFO - Sync 1 DAGs
[2024-08-20T04:11:45.715+0000] {logging_mixin.py:190} INFO - [2024-08-20T04:11:45.714+0000] {dag.py:4138} INFO - Setting next_dagrun for example_dag_decorator to None, run_after=None
[2024-08-20T04:11:45.996+0000] {processor.py:208} INFO - Processing /home/airflow/.local/lib/python3.12/site-packages/airflow/example_dags/example_dag_decorator.py took 0.514 seconds
[2024-08-20T04:12:16.080+0000] {processor.py:186} INFO - Started process (PID=2648) to work on /home/airflow/.local/lib/python3.12/site-packages/airflow/example_dags/example_dag_decorator.py
[2024-08-20T04:12:16.082+0000] {processor.py:914} INFO - Processing file /home/airflow/.local/lib/python3.12/site-packages/airflow/example_dags/example_dag_decorator.py for tasks to queue
[2024-08-20T04:12:16.086+0000] {logging_mixin.py:190} INFO - [2024-08-20T04:12:16.085+0000] {dagbag.py:587} INFO - Filling up the DagBag from /home/airflow/.local/lib/python3.12/site-packages/airflow/example_dags/example_dag_decorator.py
[2024-08-20T04:12:16.106+0000] {processor.py:925} INFO - DAG(s) 'example_dag_decorator' retrieved from /home/airflow/.local/lib/python3.12/site-packages/airflow/example_dags/example_dag_decorator.py
[2024-08-20T04:12:16.355+0000] {logging_mixin.py:190} INFO - [2024-08-20T04:12:16.354+0000] {dag.py:3211} INFO - Sync 1 DAGs
[2024-08-20T04:12:16.373+0000] {logging_mixin.py:190} INFO - [2024-08-20T04:12:16.372+0000] {dag.py:4138} INFO - Setting next_dagrun for example_dag_decorator to None, run_after=None
[2024-08-20T04:12:16.408+0000] {processor.py:208} INFO - Processing /home/airflow/.local/lib/python3.12/site-packages/airflow/example_dags/example_dag_decorator.py took 0.340 seconds
[2024-08-20T04:12:46.760+0000] {processor.py:186} INFO - Started process (PID=2710) to work on /home/airflow/.local/lib/python3.12/site-packages/airflow/example_dags/example_dag_decorator.py
[2024-08-20T04:12:46.762+0000] {processor.py:914} INFO - Processing file /home/airflow/.local/lib/python3.12/site-packages/airflow/example_dags/example_dag_decorator.py for tasks to queue
[2024-08-20T04:12:46.765+0000] {logging_mixin.py:190} INFO - [2024-08-20T04:12:46.765+0000] {dagbag.py:587} INFO - Filling up the DagBag from /home/airflow/.local/lib/python3.12/site-packages/airflow/example_dags/example_dag_decorator.py
[2024-08-20T04:12:46.784+0000] {processor.py:925} INFO - DAG(s) 'example_dag_decorator' retrieved from /home/airflow/.local/lib/python3.12/site-packages/airflow/example_dags/example_dag_decorator.py
[2024-08-20T04:12:46.942+0000] {logging_mixin.py:190} INFO - [2024-08-20T04:12:46.942+0000] {dag.py:3211} INFO - Sync 1 DAGs
[2024-08-20T04:12:46.962+0000] {logging_mixin.py:190} INFO - [2024-08-20T04:12:46.961+0000] {dag.py:4138} INFO - Setting next_dagrun for example_dag_decorator to None, run_after=None
[2024-08-20T04:12:46.995+0000] {processor.py:208} INFO - Processing /home/airflow/.local/lib/python3.12/site-packages/airflow/example_dags/example_dag_decorator.py took 0.244 seconds
[2024-08-20T04:13:17.756+0000] {processor.py:186} INFO - Started process (PID=2772) to work on /home/airflow/.local/lib/python3.12/site-packages/airflow/example_dags/example_dag_decorator.py
[2024-08-20T04:13:17.757+0000] {processor.py:914} INFO - Processing file /home/airflow/.local/lib/python3.12/site-packages/airflow/example_dags/example_dag_decorator.py for tasks to queue
[2024-08-20T04:13:17.760+0000] {logging_mixin.py:190} INFO - [2024-08-20T04:13:17.760+0000] {dagbag.py:587} INFO - Filling up the DagBag from /home/airflow/.local/lib/python3.12/site-packages/airflow/example_dags/example_dag_decorator.py
[2024-08-20T04:13:17.777+0000] {processor.py:925} INFO - DAG(s) 'example_dag_decorator' retrieved from /home/airflow/.local/lib/python3.12/site-packages/airflow/example_dags/example_dag_decorator.py
[2024-08-20T04:13:18.215+0000] {logging_mixin.py:190} INFO - [2024-08-20T04:13:18.215+0000] {dag.py:3211} INFO - Sync 1 DAGs
[2024-08-20T04:13:18.239+0000] {logging_mixin.py:190} INFO - [2024-08-20T04:13:18.237+0000] {dag.py:4138} INFO - Setting next_dagrun for example_dag_decorator to None, run_after=None
[2024-08-20T04:13:18.268+0000] {processor.py:208} INFO - Processing /home/airflow/.local/lib/python3.12/site-packages/airflow/example_dags/example_dag_decorator.py took 0.521 seconds
[2024-08-20T04:13:48.564+0000] {processor.py:186} INFO - Started process (PID=2834) to work on /home/airflow/.local/lib/python3.12/site-packages/airflow/example_dags/example_dag_decorator.py
[2024-08-20T04:13:48.624+0000] {processor.py:914} INFO - Processing file /home/airflow/.local/lib/python3.12/site-packages/airflow/example_dags/example_dag_decorator.py for tasks to queue
[2024-08-20T04:13:48.628+0000] {logging_mixin.py:190} INFO - [2024-08-20T04:13:48.628+0000] {dagbag.py:587} INFO - Filling up the DagBag from /home/airflow/.local/lib/python3.12/site-packages/airflow/example_dags/example_dag_decorator.py
[2024-08-20T04:13:48.658+0000] {processor.py:925} INFO - DAG(s) 'example_dag_decorator' retrieved from /home/airflow/.local/lib/python3.12/site-packages/airflow/example_dags/example_dag_decorator.py
[2024-08-20T04:13:49.046+0000] {logging_mixin.py:190} INFO - [2024-08-20T04:13:49.046+0000] {dag.py:3211} INFO - Sync 1 DAGs
[2024-08-20T04:13:49.065+0000] {logging_mixin.py:190} INFO - [2024-08-20T04:13:49.065+0000] {dag.py:4138} INFO - Setting next_dagrun for example_dag_decorator to None, run_after=None
[2024-08-20T04:13:49.094+0000] {processor.py:208} INFO - Processing /home/airflow/.local/lib/python3.12/site-packages/airflow/example_dags/example_dag_decorator.py took 0.552 seconds
[2024-08-20T04:14:19.741+0000] {processor.py:186} INFO - Started process (PID=2896) to work on /home/airflow/.local/lib/python3.12/site-packages/airflow/example_dags/example_dag_decorator.py
[2024-08-20T04:14:19.742+0000] {processor.py:914} INFO - Processing file /home/airflow/.local/lib/python3.12/site-packages/airflow/example_dags/example_dag_decorator.py for tasks to queue
[2024-08-20T04:14:19.746+0000] {logging_mixin.py:190} INFO - [2024-08-20T04:14:19.746+0000] {dagbag.py:587} INFO - Filling up the DagBag from /home/airflow/.local/lib/python3.12/site-packages/airflow/example_dags/example_dag_decorator.py
[2024-08-20T04:14:19.767+0000] {processor.py:925} INFO - DAG(s) 'example_dag_decorator' retrieved from /home/airflow/.local/lib/python3.12/site-packages/airflow/example_dags/example_dag_decorator.py
[2024-08-20T04:14:19.800+0000] {logging_mixin.py:190} INFO - [2024-08-20T04:14:19.800+0000] {dag.py:3211} INFO - Sync 1 DAGs
[2024-08-20T04:14:19.820+0000] {logging_mixin.py:190} INFO - [2024-08-20T04:14:19.820+0000] {dag.py:4138} INFO - Setting next_dagrun for example_dag_decorator to None, run_after=None
[2024-08-20T04:14:19.846+0000] {processor.py:208} INFO - Processing /home/airflow/.local/lib/python3.12/site-packages/airflow/example_dags/example_dag_decorator.py took 0.116 seconds
[2024-08-20T04:14:50.763+0000] {processor.py:186} INFO - Started process (PID=2958) to work on /home/airflow/.local/lib/python3.12/site-packages/airflow/example_dags/example_dag_decorator.py
[2024-08-20T04:14:50.765+0000] {processor.py:914} INFO - Processing file /home/airflow/.local/lib/python3.12/site-packages/airflow/example_dags/example_dag_decorator.py for tasks to queue
[2024-08-20T04:14:50.768+0000] {logging_mixin.py:190} INFO - [2024-08-20T04:14:50.768+0000] {dagbag.py:587} INFO - Filling up the DagBag from /home/airflow/.local/lib/python3.12/site-packages/airflow/example_dags/example_dag_decorator.py
[2024-08-20T04:14:50.789+0000] {processor.py:925} INFO - DAG(s) 'example_dag_decorator' retrieved from /home/airflow/.local/lib/python3.12/site-packages/airflow/example_dags/example_dag_decorator.py
[2024-08-20T04:14:50.822+0000] {logging_mixin.py:190} INFO - [2024-08-20T04:14:50.821+0000] {dag.py:3211} INFO - Sync 1 DAGs
[2024-08-20T04:14:50.846+0000] {logging_mixin.py:190} INFO - [2024-08-20T04:14:50.846+0000] {dag.py:4138} INFO - Setting next_dagrun for example_dag_decorator to None, run_after=None
[2024-08-20T04:14:50.871+0000] {processor.py:208} INFO - Processing /home/airflow/.local/lib/python3.12/site-packages/airflow/example_dags/example_dag_decorator.py took 0.120 seconds
[2024-08-20T04:15:21.474+0000] {processor.py:186} INFO - Started process (PID=3020) to work on /home/airflow/.local/lib/python3.12/site-packages/airflow/example_dags/example_dag_decorator.py
[2024-08-20T04:15:21.475+0000] {processor.py:914} INFO - Processing file /home/airflow/.local/lib/python3.12/site-packages/airflow/example_dags/example_dag_decorator.py for tasks to queue
[2024-08-20T04:15:21.478+0000] {logging_mixin.py:190} INFO - [2024-08-20T04:15:21.478+0000] {dagbag.py:587} INFO - Filling up the DagBag from /home/airflow/.local/lib/python3.12/site-packages/airflow/example_dags/example_dag_decorator.py
[2024-08-20T04:15:21.494+0000] {processor.py:925} INFO - DAG(s) 'example_dag_decorator' retrieved from /home/airflow/.local/lib/python3.12/site-packages/airflow/example_dags/example_dag_decorator.py
[2024-08-20T04:15:21.634+0000] {logging_mixin.py:190} INFO - [2024-08-20T04:15:21.634+0000] {dag.py:3211} INFO - Sync 1 DAGs
[2024-08-20T04:15:21.861+0000] {logging_mixin.py:190} INFO - [2024-08-20T04:15:21.860+0000] {dag.py:4138} INFO - Setting next_dagrun for example_dag_decorator to None, run_after=None
[2024-08-20T04:15:21.887+0000] {processor.py:208} INFO - Processing /home/airflow/.local/lib/python3.12/site-packages/airflow/example_dags/example_dag_decorator.py took 0.421 seconds
[2024-08-20T04:15:52.291+0000] {processor.py:186} INFO - Started process (PID=3082) to work on /home/airflow/.local/lib/python3.12/site-packages/airflow/example_dags/example_dag_decorator.py
[2024-08-20T04:15:52.292+0000] {processor.py:914} INFO - Processing file /home/airflow/.local/lib/python3.12/site-packages/airflow/example_dags/example_dag_decorator.py for tasks to queue
[2024-08-20T04:15:52.296+0000] {logging_mixin.py:190} INFO - [2024-08-20T04:15:52.295+0000] {dagbag.py:587} INFO - Filling up the DagBag from /home/airflow/.local/lib/python3.12/site-packages/airflow/example_dags/example_dag_decorator.py
[2024-08-20T04:15:52.310+0000] {processor.py:925} INFO - DAG(s) 'example_dag_decorator' retrieved from /home/airflow/.local/lib/python3.12/site-packages/airflow/example_dags/example_dag_decorator.py
[2024-08-20T04:15:52.484+0000] {logging_mixin.py:190} INFO - [2024-08-20T04:15:52.483+0000] {dag.py:3211} INFO - Sync 1 DAGs
[2024-08-20T04:15:52.718+0000] {logging_mixin.py:190} INFO - [2024-08-20T04:15:52.718+0000] {dag.py:4138} INFO - Setting next_dagrun for example_dag_decorator to None, run_after=None
[2024-08-20T04:15:52.743+0000] {processor.py:208} INFO - Processing /home/airflow/.local/lib/python3.12/site-packages/airflow/example_dags/example_dag_decorator.py took 0.460 seconds
[2024-08-20T04:16:23.545+0000] {processor.py:186} INFO - Started process (PID=3144) to work on /home/airflow/.local/lib/python3.12/site-packages/airflow/example_dags/example_dag_decorator.py
[2024-08-20T04:16:23.547+0000] {processor.py:914} INFO - Processing file /home/airflow/.local/lib/python3.12/site-packages/airflow/example_dags/example_dag_decorator.py for tasks to queue
[2024-08-20T04:16:23.550+0000] {logging_mixin.py:190} INFO - [2024-08-20T04:16:23.550+0000] {dagbag.py:587} INFO - Filling up the DagBag from /home/airflow/.local/lib/python3.12/site-packages/airflow/example_dags/example_dag_decorator.py
[2024-08-20T04:16:23.574+0000] {processor.py:925} INFO - DAG(s) 'example_dag_decorator' retrieved from /home/airflow/.local/lib/python3.12/site-packages/airflow/example_dags/example_dag_decorator.py
[2024-08-20T04:16:23.951+0000] {logging_mixin.py:190} INFO - [2024-08-20T04:16:23.950+0000] {dag.py:3211} INFO - Sync 1 DAGs
[2024-08-20T04:16:23.977+0000] {logging_mixin.py:190} INFO - [2024-08-20T04:16:23.977+0000] {dag.py:4138} INFO - Setting next_dagrun for example_dag_decorator to None, run_after=None
[2024-08-20T04:16:24.004+0000] {processor.py:208} INFO - Processing /home/airflow/.local/lib/python3.12/site-packages/airflow/example_dags/example_dag_decorator.py took 0.471 seconds
