[2024-08-20T03:38:43.308+0000] {processor.py:186} INFO - Started process (PID=109) to work on /home/airflow/.local/lib/python3.12/site-packages/airflow/example_dags/example_complex.py
[2024-08-20T03:38:43.309+0000] {processor.py:914} INFO - Processing file /home/airflow/.local/lib/python3.12/site-packages/airflow/example_dags/example_complex.py for tasks to queue
[2024-08-20T03:38:43.312+0000] {logging_mixin.py:190} INFO - [2024-08-20T03:38:43.312+0000] {dagbag.py:587} INFO - Filling up the DagBag from /home/airflow/.local/lib/python3.12/site-packages/airflow/example_dags/example_complex.py
[2024-08-20T03:38:43.329+0000] {processor.py:925} INFO - DAG(s) 'example_complex' retrieved from /home/airflow/.local/lib/python3.12/site-packages/airflow/example_dags/example_complex.py
[2024-08-20T03:38:43.487+0000] {logging_mixin.py:190} INFO - [2024-08-20T03:38:43.486+0000] {override.py:1858} INFO - Created Permission View: can edit on DAG:example_complex
[2024-08-20T03:38:43.503+0000] {logging_mixin.py:190} INFO - [2024-08-20T03:38:43.502+0000] {override.py:1858} INFO - Created Permission View: can read on DAG:example_complex
[2024-08-20T03:38:43.515+0000] {logging_mixin.py:190} INFO - [2024-08-20T03:38:43.514+0000] {override.py:1858} INFO - Created Permission View: can delete on DAG:example_complex
[2024-08-20T03:38:43.516+0000] {logging_mixin.py:190} INFO - [2024-08-20T03:38:43.516+0000] {dag.py:3211} INFO - Sync 1 DAGs
[2024-08-20T03:38:43.534+0000] {logging_mixin.py:190} INFO - [2024-08-20T03:38:43.533+0000] {dag.py:3234} INFO - Creating ORM DAG for example_complex
[2024-08-20T03:38:43.535+0000] {logging_mixin.py:190} INFO - [2024-08-20T03:38:43.535+0000] {dag.py:4138} INFO - Setting next_dagrun for example_complex to None, run_after=None
[2024-08-20T03:38:43.556+0000] {processor.py:208} INFO - Processing /home/airflow/.local/lib/python3.12/site-packages/airflow/example_dags/example_complex.py took 0.255 seconds
[2024-08-20T03:39:14.425+0000] {processor.py:186} INFO - Started process (PID=171) to work on /home/airflow/.local/lib/python3.12/site-packages/airflow/example_dags/example_complex.py
[2024-08-20T03:39:14.428+0000] {processor.py:914} INFO - Processing file /home/airflow/.local/lib/python3.12/site-packages/airflow/example_dags/example_complex.py for tasks to queue
[2024-08-20T03:39:14.431+0000] {logging_mixin.py:190} INFO - [2024-08-20T03:39:14.431+0000] {dagbag.py:587} INFO - Filling up the DagBag from /home/airflow/.local/lib/python3.12/site-packages/airflow/example_dags/example_complex.py
[2024-08-20T03:39:14.445+0000] {processor.py:925} INFO - DAG(s) 'example_complex' retrieved from /home/airflow/.local/lib/python3.12/site-packages/airflow/example_dags/example_complex.py
[2024-08-20T03:39:14.481+0000] {logging_mixin.py:190} INFO - [2024-08-20T03:39:14.480+0000] {dag.py:3211} INFO - Sync 1 DAGs
[2024-08-20T03:39:14.497+0000] {logging_mixin.py:190} INFO - [2024-08-20T03:39:14.497+0000] {dag.py:4138} INFO - Setting next_dagrun for example_complex to None, run_after=None
[2024-08-20T03:39:14.519+0000] {processor.py:208} INFO - Processing /home/airflow/.local/lib/python3.12/site-packages/airflow/example_dags/example_complex.py took 0.100 seconds
[2024-08-20T03:39:44.916+0000] {processor.py:186} INFO - Started process (PID=233) to work on /home/airflow/.local/lib/python3.12/site-packages/airflow/example_dags/example_complex.py
[2024-08-20T03:39:44.917+0000] {processor.py:914} INFO - Processing file /home/airflow/.local/lib/python3.12/site-packages/airflow/example_dags/example_complex.py for tasks to queue
[2024-08-20T03:39:44.920+0000] {logging_mixin.py:190} INFO - [2024-08-20T03:39:44.920+0000] {dagbag.py:587} INFO - Filling up the DagBag from /home/airflow/.local/lib/python3.12/site-packages/airflow/example_dags/example_complex.py
[2024-08-20T03:39:44.935+0000] {processor.py:925} INFO - DAG(s) 'example_complex' retrieved from /home/airflow/.local/lib/python3.12/site-packages/airflow/example_dags/example_complex.py
[2024-08-20T03:39:44.972+0000] {logging_mixin.py:190} INFO - [2024-08-20T03:39:44.972+0000] {dag.py:3211} INFO - Sync 1 DAGs
[2024-08-20T03:39:44.992+0000] {logging_mixin.py:190} INFO - [2024-08-20T03:39:44.992+0000] {dag.py:4138} INFO - Setting next_dagrun for example_complex to None, run_after=None
[2024-08-20T03:39:45.018+0000] {processor.py:208} INFO - Processing /home/airflow/.local/lib/python3.12/site-packages/airflow/example_dags/example_complex.py took 0.109 seconds
[2024-08-20T03:40:15.831+0000] {processor.py:186} INFO - Started process (PID=295) to work on /home/airflow/.local/lib/python3.12/site-packages/airflow/example_dags/example_complex.py
[2024-08-20T03:40:15.832+0000] {processor.py:914} INFO - Processing file /home/airflow/.local/lib/python3.12/site-packages/airflow/example_dags/example_complex.py for tasks to queue
[2024-08-20T03:40:15.835+0000] {logging_mixin.py:190} INFO - [2024-08-20T03:40:15.835+0000] {dagbag.py:587} INFO - Filling up the DagBag from /home/airflow/.local/lib/python3.12/site-packages/airflow/example_dags/example_complex.py
[2024-08-20T03:40:15.848+0000] {processor.py:925} INFO - DAG(s) 'example_complex' retrieved from /home/airflow/.local/lib/python3.12/site-packages/airflow/example_dags/example_complex.py
[2024-08-20T03:40:15.887+0000] {logging_mixin.py:190} INFO - [2024-08-20T03:40:15.887+0000] {dag.py:3211} INFO - Sync 1 DAGs
[2024-08-20T03:40:15.906+0000] {logging_mixin.py:190} INFO - [2024-08-20T03:40:15.906+0000] {dag.py:4138} INFO - Setting next_dagrun for example_complex to None, run_after=None
[2024-08-20T03:40:15.931+0000] {processor.py:208} INFO - Processing /home/airflow/.local/lib/python3.12/site-packages/airflow/example_dags/example_complex.py took 0.106 seconds
[2024-08-20T03:40:46.521+0000] {processor.py:186} INFO - Started process (PID=357) to work on /home/airflow/.local/lib/python3.12/site-packages/airflow/example_dags/example_complex.py
[2024-08-20T03:40:46.523+0000] {processor.py:914} INFO - Processing file /home/airflow/.local/lib/python3.12/site-packages/airflow/example_dags/example_complex.py for tasks to queue
[2024-08-20T03:40:46.527+0000] {logging_mixin.py:190} INFO - [2024-08-20T03:40:46.526+0000] {dagbag.py:587} INFO - Filling up the DagBag from /home/airflow/.local/lib/python3.12/site-packages/airflow/example_dags/example_complex.py
[2024-08-20T03:40:46.539+0000] {processor.py:925} INFO - DAG(s) 'example_complex' retrieved from /home/airflow/.local/lib/python3.12/site-packages/airflow/example_dags/example_complex.py
[2024-08-20T03:40:46.578+0000] {logging_mixin.py:190} INFO - [2024-08-20T03:40:46.577+0000] {dag.py:3211} INFO - Sync 1 DAGs
[2024-08-20T03:40:46.593+0000] {logging_mixin.py:190} INFO - [2024-08-20T03:40:46.593+0000] {dag.py:4138} INFO - Setting next_dagrun for example_complex to None, run_after=None
[2024-08-20T03:40:46.618+0000] {processor.py:208} INFO - Processing /home/airflow/.local/lib/python3.12/site-packages/airflow/example_dags/example_complex.py took 0.103 seconds
[2024-08-20T03:41:16.866+0000] {processor.py:186} INFO - Started process (PID=419) to work on /home/airflow/.local/lib/python3.12/site-packages/airflow/example_dags/example_complex.py
[2024-08-20T03:41:16.870+0000] {processor.py:914} INFO - Processing file /home/airflow/.local/lib/python3.12/site-packages/airflow/example_dags/example_complex.py for tasks to queue
[2024-08-20T03:41:16.874+0000] {logging_mixin.py:190} INFO - [2024-08-20T03:41:16.874+0000] {dagbag.py:587} INFO - Filling up the DagBag from /home/airflow/.local/lib/python3.12/site-packages/airflow/example_dags/example_complex.py
[2024-08-20T03:41:16.893+0000] {processor.py:925} INFO - DAG(s) 'example_complex' retrieved from /home/airflow/.local/lib/python3.12/site-packages/airflow/example_dags/example_complex.py
[2024-08-20T03:41:16.945+0000] {logging_mixin.py:190} INFO - [2024-08-20T03:41:16.945+0000] {dag.py:3211} INFO - Sync 1 DAGs
[2024-08-20T03:41:16.968+0000] {logging_mixin.py:190} INFO - [2024-08-20T03:41:16.968+0000] {dag.py:4138} INFO - Setting next_dagrun for example_complex to None, run_after=None
[2024-08-20T03:41:17.003+0000] {processor.py:208} INFO - Processing /home/airflow/.local/lib/python3.12/site-packages/airflow/example_dags/example_complex.py took 0.143 seconds
[2024-08-20T03:41:47.676+0000] {processor.py:186} INFO - Started process (PID=481) to work on /home/airflow/.local/lib/python3.12/site-packages/airflow/example_dags/example_complex.py
[2024-08-20T03:41:47.678+0000] {processor.py:914} INFO - Processing file /home/airflow/.local/lib/python3.12/site-packages/airflow/example_dags/example_complex.py for tasks to queue
[2024-08-20T03:41:47.681+0000] {logging_mixin.py:190} INFO - [2024-08-20T03:41:47.680+0000] {dagbag.py:587} INFO - Filling up the DagBag from /home/airflow/.local/lib/python3.12/site-packages/airflow/example_dags/example_complex.py
[2024-08-20T03:41:47.697+0000] {processor.py:925} INFO - DAG(s) 'example_complex' retrieved from /home/airflow/.local/lib/python3.12/site-packages/airflow/example_dags/example_complex.py
[2024-08-20T03:41:47.739+0000] {logging_mixin.py:190} INFO - [2024-08-20T03:41:47.739+0000] {dag.py:3211} INFO - Sync 1 DAGs
[2024-08-20T03:41:47.760+0000] {logging_mixin.py:190} INFO - [2024-08-20T03:41:47.760+0000] {dag.py:4138} INFO - Setting next_dagrun for example_complex to None, run_after=None
[2024-08-20T03:41:47.789+0000] {processor.py:208} INFO - Processing /home/airflow/.local/lib/python3.12/site-packages/airflow/example_dags/example_complex.py took 0.123 seconds
[2024-08-20T03:42:18.215+0000] {processor.py:186} INFO - Started process (PID=543) to work on /home/airflow/.local/lib/python3.12/site-packages/airflow/example_dags/example_complex.py
[2024-08-20T03:42:18.217+0000] {processor.py:914} INFO - Processing file /home/airflow/.local/lib/python3.12/site-packages/airflow/example_dags/example_complex.py for tasks to queue
[2024-08-20T03:42:18.223+0000] {logging_mixin.py:190} INFO - [2024-08-20T03:42:18.221+0000] {dagbag.py:587} INFO - Filling up the DagBag from /home/airflow/.local/lib/python3.12/site-packages/airflow/example_dags/example_complex.py
[2024-08-20T03:42:18.245+0000] {processor.py:925} INFO - DAG(s) 'example_complex' retrieved from /home/airflow/.local/lib/python3.12/site-packages/airflow/example_dags/example_complex.py
[2024-08-20T03:42:18.300+0000] {logging_mixin.py:190} INFO - [2024-08-20T03:42:18.300+0000] {dag.py:3211} INFO - Sync 1 DAGs
[2024-08-20T03:42:18.329+0000] {logging_mixin.py:190} INFO - [2024-08-20T03:42:18.329+0000] {dag.py:4138} INFO - Setting next_dagrun for example_complex to None, run_after=None
[2024-08-20T03:42:18.355+0000] {processor.py:208} INFO - Processing /home/airflow/.local/lib/python3.12/site-packages/airflow/example_dags/example_complex.py took 0.147 seconds
[2024-08-20T03:42:48.495+0000] {processor.py:186} INFO - Started process (PID=604) to work on /home/airflow/.local/lib/python3.12/site-packages/airflow/example_dags/example_complex.py
[2024-08-20T03:42:48.497+0000] {processor.py:914} INFO - Processing file /home/airflow/.local/lib/python3.12/site-packages/airflow/example_dags/example_complex.py for tasks to queue
[2024-08-20T03:42:48.500+0000] {logging_mixin.py:190} INFO - [2024-08-20T03:42:48.499+0000] {dagbag.py:587} INFO - Filling up the DagBag from /home/airflow/.local/lib/python3.12/site-packages/airflow/example_dags/example_complex.py
[2024-08-20T03:42:48.516+0000] {processor.py:925} INFO - DAG(s) 'example_complex' retrieved from /home/airflow/.local/lib/python3.12/site-packages/airflow/example_dags/example_complex.py
[2024-08-20T03:42:48.562+0000] {logging_mixin.py:190} INFO - [2024-08-20T03:42:48.562+0000] {dag.py:3211} INFO - Sync 1 DAGs
[2024-08-20T03:42:48.583+0000] {logging_mixin.py:190} INFO - [2024-08-20T03:42:48.583+0000] {dag.py:4138} INFO - Setting next_dagrun for example_complex to None, run_after=None
[2024-08-20T03:42:48.614+0000] {processor.py:208} INFO - Processing /home/airflow/.local/lib/python3.12/site-packages/airflow/example_dags/example_complex.py took 0.127 seconds
[2024-08-20T03:43:19.449+0000] {processor.py:186} INFO - Started process (PID=667) to work on /home/airflow/.local/lib/python3.12/site-packages/airflow/example_dags/example_complex.py
[2024-08-20T03:43:19.451+0000] {processor.py:914} INFO - Processing file /home/airflow/.local/lib/python3.12/site-packages/airflow/example_dags/example_complex.py for tasks to queue
[2024-08-20T03:43:19.457+0000] {logging_mixin.py:190} INFO - [2024-08-20T03:43:19.456+0000] {dagbag.py:587} INFO - Filling up the DagBag from /home/airflow/.local/lib/python3.12/site-packages/airflow/example_dags/example_complex.py
[2024-08-20T03:43:19.475+0000] {processor.py:925} INFO - DAG(s) 'example_complex' retrieved from /home/airflow/.local/lib/python3.12/site-packages/airflow/example_dags/example_complex.py
[2024-08-20T03:43:19.518+0000] {logging_mixin.py:190} INFO - [2024-08-20T03:43:19.518+0000] {dag.py:3211} INFO - Sync 1 DAGs
[2024-08-20T03:43:19.534+0000] {logging_mixin.py:190} INFO - [2024-08-20T03:43:19.534+0000] {dag.py:4138} INFO - Setting next_dagrun for example_complex to None, run_after=None
[2024-08-20T03:43:19.556+0000] {processor.py:208} INFO - Processing /home/airflow/.local/lib/python3.12/site-packages/airflow/example_dags/example_complex.py took 0.113 seconds
[2024-08-20T03:43:49.887+0000] {processor.py:186} INFO - Started process (PID=729) to work on /home/airflow/.local/lib/python3.12/site-packages/airflow/example_dags/example_complex.py
[2024-08-20T03:43:49.888+0000] {processor.py:914} INFO - Processing file /home/airflow/.local/lib/python3.12/site-packages/airflow/example_dags/example_complex.py for tasks to queue
[2024-08-20T03:43:49.891+0000] {logging_mixin.py:190} INFO - [2024-08-20T03:43:49.891+0000] {dagbag.py:587} INFO - Filling up the DagBag from /home/airflow/.local/lib/python3.12/site-packages/airflow/example_dags/example_complex.py
[2024-08-20T03:43:49.911+0000] {processor.py:925} INFO - DAG(s) 'example_complex' retrieved from /home/airflow/.local/lib/python3.12/site-packages/airflow/example_dags/example_complex.py
[2024-08-20T03:43:49.985+0000] {logging_mixin.py:190} INFO - [2024-08-20T03:43:49.985+0000] {dag.py:3211} INFO - Sync 1 DAGs
[2024-08-20T03:43:50.010+0000] {logging_mixin.py:190} INFO - [2024-08-20T03:43:50.010+0000] {dag.py:4138} INFO - Setting next_dagrun for example_complex to None, run_after=None
[2024-08-20T03:43:50.037+0000] {processor.py:208} INFO - Processing /home/airflow/.local/lib/python3.12/site-packages/airflow/example_dags/example_complex.py took 0.157 seconds
[2024-08-20T03:44:20.409+0000] {processor.py:186} INFO - Started process (PID=791) to work on /home/airflow/.local/lib/python3.12/site-packages/airflow/example_dags/example_complex.py
[2024-08-20T03:44:20.411+0000] {processor.py:914} INFO - Processing file /home/airflow/.local/lib/python3.12/site-packages/airflow/example_dags/example_complex.py for tasks to queue
[2024-08-20T03:44:20.413+0000] {logging_mixin.py:190} INFO - [2024-08-20T03:44:20.413+0000] {dagbag.py:587} INFO - Filling up the DagBag from /home/airflow/.local/lib/python3.12/site-packages/airflow/example_dags/example_complex.py
[2024-08-20T03:44:20.429+0000] {processor.py:925} INFO - DAG(s) 'example_complex' retrieved from /home/airflow/.local/lib/python3.12/site-packages/airflow/example_dags/example_complex.py
[2024-08-20T03:44:20.471+0000] {logging_mixin.py:190} INFO - [2024-08-20T03:44:20.470+0000] {dag.py:3211} INFO - Sync 1 DAGs
[2024-08-20T03:44:20.491+0000] {logging_mixin.py:190} INFO - [2024-08-20T03:44:20.490+0000] {dag.py:4138} INFO - Setting next_dagrun for example_complex to None, run_after=None
[2024-08-20T03:44:20.517+0000] {processor.py:208} INFO - Processing /home/airflow/.local/lib/python3.12/site-packages/airflow/example_dags/example_complex.py took 0.116 seconds
[2024-08-20T03:44:51.380+0000] {processor.py:186} INFO - Started process (PID=853) to work on /home/airflow/.local/lib/python3.12/site-packages/airflow/example_dags/example_complex.py
[2024-08-20T03:44:51.382+0000] {processor.py:914} INFO - Processing file /home/airflow/.local/lib/python3.12/site-packages/airflow/example_dags/example_complex.py for tasks to queue
[2024-08-20T03:44:51.385+0000] {logging_mixin.py:190} INFO - [2024-08-20T03:44:51.385+0000] {dagbag.py:587} INFO - Filling up the DagBag from /home/airflow/.local/lib/python3.12/site-packages/airflow/example_dags/example_complex.py
[2024-08-20T03:44:51.398+0000] {processor.py:925} INFO - DAG(s) 'example_complex' retrieved from /home/airflow/.local/lib/python3.12/site-packages/airflow/example_dags/example_complex.py
[2024-08-20T03:44:51.433+0000] {logging_mixin.py:190} INFO - [2024-08-20T03:44:51.433+0000] {dag.py:3211} INFO - Sync 1 DAGs
[2024-08-20T03:44:51.449+0000] {logging_mixin.py:190} INFO - [2024-08-20T03:44:51.449+0000] {dag.py:4138} INFO - Setting next_dagrun for example_complex to None, run_after=None
[2024-08-20T03:44:51.472+0000] {processor.py:208} INFO - Processing /home/airflow/.local/lib/python3.12/site-packages/airflow/example_dags/example_complex.py took 0.097 seconds
[2024-08-20T03:45:21.978+0000] {processor.py:186} INFO - Started process (PID=915) to work on /home/airflow/.local/lib/python3.12/site-packages/airflow/example_dags/example_complex.py
[2024-08-20T03:45:21.979+0000] {processor.py:914} INFO - Processing file /home/airflow/.local/lib/python3.12/site-packages/airflow/example_dags/example_complex.py for tasks to queue
[2024-08-20T03:45:21.984+0000] {logging_mixin.py:190} INFO - [2024-08-20T03:45:21.983+0000] {dagbag.py:587} INFO - Filling up the DagBag from /home/airflow/.local/lib/python3.12/site-packages/airflow/example_dags/example_complex.py
[2024-08-20T03:45:22.000+0000] {processor.py:925} INFO - DAG(s) 'example_complex' retrieved from /home/airflow/.local/lib/python3.12/site-packages/airflow/example_dags/example_complex.py
[2024-08-20T03:45:22.036+0000] {logging_mixin.py:190} INFO - [2024-08-20T03:45:22.036+0000] {dag.py:3211} INFO - Sync 1 DAGs
[2024-08-20T03:45:22.055+0000] {logging_mixin.py:190} INFO - [2024-08-20T03:45:22.055+0000] {dag.py:4138} INFO - Setting next_dagrun for example_complex to None, run_after=None
[2024-08-20T03:45:22.080+0000] {processor.py:208} INFO - Processing /home/airflow/.local/lib/python3.12/site-packages/airflow/example_dags/example_complex.py took 0.110 seconds
[2024-08-20T03:45:52.486+0000] {processor.py:186} INFO - Started process (PID=977) to work on /home/airflow/.local/lib/python3.12/site-packages/airflow/example_dags/example_complex.py
[2024-08-20T03:45:52.487+0000] {processor.py:914} INFO - Processing file /home/airflow/.local/lib/python3.12/site-packages/airflow/example_dags/example_complex.py for tasks to queue
[2024-08-20T03:45:52.491+0000] {logging_mixin.py:190} INFO - [2024-08-20T03:45:52.491+0000] {dagbag.py:587} INFO - Filling up the DagBag from /home/airflow/.local/lib/python3.12/site-packages/airflow/example_dags/example_complex.py
[2024-08-20T03:45:52.503+0000] {processor.py:925} INFO - DAG(s) 'example_complex' retrieved from /home/airflow/.local/lib/python3.12/site-packages/airflow/example_dags/example_complex.py
[2024-08-20T03:45:52.543+0000] {logging_mixin.py:190} INFO - [2024-08-20T03:45:52.542+0000] {dag.py:3211} INFO - Sync 1 DAGs
[2024-08-20T03:45:52.560+0000] {logging_mixin.py:190} INFO - [2024-08-20T03:45:52.560+0000] {dag.py:4138} INFO - Setting next_dagrun for example_complex to None, run_after=None
[2024-08-20T03:45:52.585+0000] {processor.py:208} INFO - Processing /home/airflow/.local/lib/python3.12/site-packages/airflow/example_dags/example_complex.py took 0.107 seconds
[2024-08-20T03:46:23.080+0000] {processor.py:186} INFO - Started process (PID=1038) to work on /home/airflow/.local/lib/python3.12/site-packages/airflow/example_dags/example_complex.py
[2024-08-20T03:46:23.081+0000] {processor.py:914} INFO - Processing file /home/airflow/.local/lib/python3.12/site-packages/airflow/example_dags/example_complex.py for tasks to queue
[2024-08-20T03:46:23.084+0000] {logging_mixin.py:190} INFO - [2024-08-20T03:46:23.084+0000] {dagbag.py:587} INFO - Filling up the DagBag from /home/airflow/.local/lib/python3.12/site-packages/airflow/example_dags/example_complex.py
[2024-08-20T03:46:23.096+0000] {processor.py:925} INFO - DAG(s) 'example_complex' retrieved from /home/airflow/.local/lib/python3.12/site-packages/airflow/example_dags/example_complex.py
[2024-08-20T03:46:23.127+0000] {logging_mixin.py:190} INFO - [2024-08-20T03:46:23.127+0000] {dag.py:3211} INFO - Sync 1 DAGs
[2024-08-20T03:46:23.141+0000] {logging_mixin.py:190} INFO - [2024-08-20T03:46:23.141+0000] {dag.py:4138} INFO - Setting next_dagrun for example_complex to None, run_after=None
[2024-08-20T03:46:23.163+0000] {processor.py:208} INFO - Processing /home/airflow/.local/lib/python3.12/site-packages/airflow/example_dags/example_complex.py took 0.091 seconds
[2024-08-20T03:46:53.773+0000] {processor.py:186} INFO - Started process (PID=1100) to work on /home/airflow/.local/lib/python3.12/site-packages/airflow/example_dags/example_complex.py
[2024-08-20T03:46:53.775+0000] {processor.py:914} INFO - Processing file /home/airflow/.local/lib/python3.12/site-packages/airflow/example_dags/example_complex.py for tasks to queue
[2024-08-20T03:46:53.778+0000] {logging_mixin.py:190} INFO - [2024-08-20T03:46:53.778+0000] {dagbag.py:587} INFO - Filling up the DagBag from /home/airflow/.local/lib/python3.12/site-packages/airflow/example_dags/example_complex.py
[2024-08-20T03:46:53.796+0000] {processor.py:925} INFO - DAG(s) 'example_complex' retrieved from /home/airflow/.local/lib/python3.12/site-packages/airflow/example_dags/example_complex.py
[2024-08-20T03:46:53.844+0000] {logging_mixin.py:190} INFO - [2024-08-20T03:46:53.844+0000] {dag.py:3211} INFO - Sync 1 DAGs
[2024-08-20T03:46:53.872+0000] {logging_mixin.py:190} INFO - [2024-08-20T03:46:53.871+0000] {dag.py:4138} INFO - Setting next_dagrun for example_complex to None, run_after=None
[2024-08-20T03:46:53.900+0000] {processor.py:208} INFO - Processing /home/airflow/.local/lib/python3.12/site-packages/airflow/example_dags/example_complex.py took 0.133 seconds
[2024-08-20T03:47:24.600+0000] {processor.py:186} INFO - Started process (PID=1170) to work on /home/airflow/.local/lib/python3.12/site-packages/airflow/example_dags/example_complex.py
[2024-08-20T03:47:24.601+0000] {processor.py:914} INFO - Processing file /home/airflow/.local/lib/python3.12/site-packages/airflow/example_dags/example_complex.py for tasks to queue
[2024-08-20T03:47:24.604+0000] {logging_mixin.py:190} INFO - [2024-08-20T03:47:24.604+0000] {dagbag.py:587} INFO - Filling up the DagBag from /home/airflow/.local/lib/python3.12/site-packages/airflow/example_dags/example_complex.py
[2024-08-20T03:47:24.620+0000] {processor.py:925} INFO - DAG(s) 'example_complex' retrieved from /home/airflow/.local/lib/python3.12/site-packages/airflow/example_dags/example_complex.py
[2024-08-20T03:47:24.664+0000] {logging_mixin.py:190} INFO - [2024-08-20T03:47:24.663+0000] {dag.py:3211} INFO - Sync 1 DAGs
[2024-08-20T03:47:24.683+0000] {logging_mixin.py:190} INFO - [2024-08-20T03:47:24.683+0000] {dag.py:4138} INFO - Setting next_dagrun for example_complex to None, run_after=None
[2024-08-20T03:47:24.707+0000] {processor.py:208} INFO - Processing /home/airflow/.local/lib/python3.12/site-packages/airflow/example_dags/example_complex.py took 0.115 seconds
[2024-08-20T03:47:54.996+0000] {processor.py:186} INFO - Started process (PID=1231) to work on /home/airflow/.local/lib/python3.12/site-packages/airflow/example_dags/example_complex.py
[2024-08-20T03:47:54.997+0000] {processor.py:914} INFO - Processing file /home/airflow/.local/lib/python3.12/site-packages/airflow/example_dags/example_complex.py for tasks to queue
[2024-08-20T03:47:55.000+0000] {logging_mixin.py:190} INFO - [2024-08-20T03:47:54.999+0000] {dagbag.py:587} INFO - Filling up the DagBag from /home/airflow/.local/lib/python3.12/site-packages/airflow/example_dags/example_complex.py
[2024-08-20T03:47:55.014+0000] {processor.py:925} INFO - DAG(s) 'example_complex' retrieved from /home/airflow/.local/lib/python3.12/site-packages/airflow/example_dags/example_complex.py
[2024-08-20T03:47:55.050+0000] {logging_mixin.py:190} INFO - [2024-08-20T03:47:55.050+0000] {dag.py:3211} INFO - Sync 1 DAGs
[2024-08-20T03:47:55.067+0000] {logging_mixin.py:190} INFO - [2024-08-20T03:47:55.066+0000] {dag.py:4138} INFO - Setting next_dagrun for example_complex to None, run_after=None
[2024-08-20T03:47:55.088+0000] {processor.py:208} INFO - Processing /home/airflow/.local/lib/python3.12/site-packages/airflow/example_dags/example_complex.py took 0.099 seconds
[2024-08-20T03:48:25.842+0000] {processor.py:186} INFO - Started process (PID=1294) to work on /home/airflow/.local/lib/python3.12/site-packages/airflow/example_dags/example_complex.py
[2024-08-20T03:48:25.844+0000] {processor.py:914} INFO - Processing file /home/airflow/.local/lib/python3.12/site-packages/airflow/example_dags/example_complex.py for tasks to queue
[2024-08-20T03:48:25.847+0000] {logging_mixin.py:190} INFO - [2024-08-20T03:48:25.846+0000] {dagbag.py:587} INFO - Filling up the DagBag from /home/airflow/.local/lib/python3.12/site-packages/airflow/example_dags/example_complex.py
[2024-08-20T03:48:25.860+0000] {processor.py:925} INFO - DAG(s) 'example_complex' retrieved from /home/airflow/.local/lib/python3.12/site-packages/airflow/example_dags/example_complex.py
[2024-08-20T03:48:25.898+0000] {logging_mixin.py:190} INFO - [2024-08-20T03:48:25.898+0000] {dag.py:3211} INFO - Sync 1 DAGs
[2024-08-20T03:48:25.916+0000] {logging_mixin.py:190} INFO - [2024-08-20T03:48:25.915+0000] {dag.py:4138} INFO - Setting next_dagrun for example_complex to None, run_after=None
[2024-08-20T03:48:25.939+0000] {processor.py:208} INFO - Processing /home/airflow/.local/lib/python3.12/site-packages/airflow/example_dags/example_complex.py took 0.104 seconds
[2024-08-20T03:51:16.453+0000] {processor.py:186} INFO - Started process (PID=106) to work on /home/airflow/.local/lib/python3.12/site-packages/airflow/example_dags/example_complex.py
[2024-08-20T03:51:16.455+0000] {processor.py:914} INFO - Processing file /home/airflow/.local/lib/python3.12/site-packages/airflow/example_dags/example_complex.py for tasks to queue
[2024-08-20T03:51:16.458+0000] {logging_mixin.py:190} INFO - [2024-08-20T03:51:16.457+0000] {dagbag.py:587} INFO - Filling up the DagBag from /home/airflow/.local/lib/python3.12/site-packages/airflow/example_dags/example_complex.py
[2024-08-20T03:51:16.475+0000] {processor.py:925} INFO - DAG(s) 'example_complex' retrieved from /home/airflow/.local/lib/python3.12/site-packages/airflow/example_dags/example_complex.py
[2024-08-20T03:51:16.523+0000] {logging_mixin.py:190} INFO - [2024-08-20T03:51:16.523+0000] {dag.py:3211} INFO - Sync 1 DAGs
[2024-08-20T03:51:16.545+0000] {logging_mixin.py:190} INFO - [2024-08-20T03:51:16.544+0000] {dag.py:4138} INFO - Setting next_dagrun for example_complex to None, run_after=None
[2024-08-20T03:51:16.568+0000] {processor.py:208} INFO - Processing /home/airflow/.local/lib/python3.12/site-packages/airflow/example_dags/example_complex.py took 0.123 seconds
[2024-08-20T03:51:46.748+0000] {processor.py:186} INFO - Started process (PID=168) to work on /home/airflow/.local/lib/python3.12/site-packages/airflow/example_dags/example_complex.py
[2024-08-20T03:51:46.750+0000] {processor.py:914} INFO - Processing file /home/airflow/.local/lib/python3.12/site-packages/airflow/example_dags/example_complex.py for tasks to queue
[2024-08-20T03:51:46.752+0000] {logging_mixin.py:190} INFO - [2024-08-20T03:51:46.752+0000] {dagbag.py:587} INFO - Filling up the DagBag from /home/airflow/.local/lib/python3.12/site-packages/airflow/example_dags/example_complex.py
[2024-08-20T03:51:46.765+0000] {processor.py:925} INFO - DAG(s) 'example_complex' retrieved from /home/airflow/.local/lib/python3.12/site-packages/airflow/example_dags/example_complex.py
[2024-08-20T03:51:46.803+0000] {logging_mixin.py:190} INFO - [2024-08-20T03:51:46.803+0000] {dag.py:3211} INFO - Sync 1 DAGs
[2024-08-20T03:51:46.819+0000] {logging_mixin.py:190} INFO - [2024-08-20T03:51:46.818+0000] {dag.py:4138} INFO - Setting next_dagrun for example_complex to None, run_after=None
[2024-08-20T03:51:46.842+0000] {processor.py:208} INFO - Processing /home/airflow/.local/lib/python3.12/site-packages/airflow/example_dags/example_complex.py took 0.102 seconds
[2024-08-20T03:52:17.423+0000] {processor.py:186} INFO - Started process (PID=232) to work on /home/airflow/.local/lib/python3.12/site-packages/airflow/example_dags/example_complex.py
[2024-08-20T03:52:17.425+0000] {processor.py:914} INFO - Processing file /home/airflow/.local/lib/python3.12/site-packages/airflow/example_dags/example_complex.py for tasks to queue
[2024-08-20T03:52:17.428+0000] {logging_mixin.py:190} INFO - [2024-08-20T03:52:17.428+0000] {dagbag.py:587} INFO - Filling up the DagBag from /home/airflow/.local/lib/python3.12/site-packages/airflow/example_dags/example_complex.py
[2024-08-20T03:52:17.442+0000] {processor.py:925} INFO - DAG(s) 'example_complex' retrieved from /home/airflow/.local/lib/python3.12/site-packages/airflow/example_dags/example_complex.py
[2024-08-20T03:52:17.485+0000] {logging_mixin.py:190} INFO - [2024-08-20T03:52:17.485+0000] {dag.py:3211} INFO - Sync 1 DAGs
[2024-08-20T03:52:17.508+0000] {logging_mixin.py:190} INFO - [2024-08-20T03:52:17.508+0000] {dag.py:4138} INFO - Setting next_dagrun for example_complex to None, run_after=None
[2024-08-20T03:52:17.532+0000] {processor.py:208} INFO - Processing /home/airflow/.local/lib/python3.12/site-packages/airflow/example_dags/example_complex.py took 0.115 seconds
[2024-08-20T03:52:48.516+0000] {processor.py:186} INFO - Started process (PID=294) to work on /home/airflow/.local/lib/python3.12/site-packages/airflow/example_dags/example_complex.py
[2024-08-20T03:52:48.517+0000] {processor.py:914} INFO - Processing file /home/airflow/.local/lib/python3.12/site-packages/airflow/example_dags/example_complex.py for tasks to queue
[2024-08-20T03:52:48.520+0000] {logging_mixin.py:190} INFO - [2024-08-20T03:52:48.520+0000] {dagbag.py:587} INFO - Filling up the DagBag from /home/airflow/.local/lib/python3.12/site-packages/airflow/example_dags/example_complex.py
[2024-08-20T03:52:48.533+0000] {processor.py:925} INFO - DAG(s) 'example_complex' retrieved from /home/airflow/.local/lib/python3.12/site-packages/airflow/example_dags/example_complex.py
[2024-08-20T03:52:48.569+0000] {logging_mixin.py:190} INFO - [2024-08-20T03:52:48.568+0000] {dag.py:3211} INFO - Sync 1 DAGs
[2024-08-20T03:52:48.585+0000] {logging_mixin.py:190} INFO - [2024-08-20T03:52:48.585+0000] {dag.py:4138} INFO - Setting next_dagrun for example_complex to None, run_after=None
[2024-08-20T03:52:48.620+0000] {processor.py:208} INFO - Processing /home/airflow/.local/lib/python3.12/site-packages/airflow/example_dags/example_complex.py took 0.110 seconds
[2024-08-20T03:53:19.863+0000] {processor.py:186} INFO - Started process (PID=356) to work on /home/airflow/.local/lib/python3.12/site-packages/airflow/example_dags/example_complex.py
[2024-08-20T03:53:19.865+0000] {processor.py:914} INFO - Processing file /home/airflow/.local/lib/python3.12/site-packages/airflow/example_dags/example_complex.py for tasks to queue
[2024-08-20T03:53:19.868+0000] {logging_mixin.py:190} INFO - [2024-08-20T03:53:19.868+0000] {dagbag.py:587} INFO - Filling up the DagBag from /home/airflow/.local/lib/python3.12/site-packages/airflow/example_dags/example_complex.py
[2024-08-20T03:53:19.882+0000] {processor.py:925} INFO - DAG(s) 'example_complex' retrieved from /home/airflow/.local/lib/python3.12/site-packages/airflow/example_dags/example_complex.py
[2024-08-20T03:53:19.931+0000] {logging_mixin.py:190} INFO - [2024-08-20T03:53:19.930+0000] {dag.py:3211} INFO - Sync 1 DAGs
[2024-08-20T03:53:19.957+0000] {logging_mixin.py:190} INFO - [2024-08-20T03:53:19.957+0000] {dag.py:4138} INFO - Setting next_dagrun for example_complex to None, run_after=None
[2024-08-20T03:53:19.991+0000] {processor.py:208} INFO - Processing /home/airflow/.local/lib/python3.12/site-packages/airflow/example_dags/example_complex.py took 0.138 seconds
[2024-08-20T03:53:50.187+0000] {processor.py:186} INFO - Started process (PID=418) to work on /home/airflow/.local/lib/python3.12/site-packages/airflow/example_dags/example_complex.py
[2024-08-20T03:53:50.189+0000] {processor.py:914} INFO - Processing file /home/airflow/.local/lib/python3.12/site-packages/airflow/example_dags/example_complex.py for tasks to queue
[2024-08-20T03:53:50.192+0000] {logging_mixin.py:190} INFO - [2024-08-20T03:53:50.191+0000] {dagbag.py:587} INFO - Filling up the DagBag from /home/airflow/.local/lib/python3.12/site-packages/airflow/example_dags/example_complex.py
[2024-08-20T03:53:50.205+0000] {processor.py:925} INFO - DAG(s) 'example_complex' retrieved from /home/airflow/.local/lib/python3.12/site-packages/airflow/example_dags/example_complex.py
[2024-08-20T03:53:50.246+0000] {logging_mixin.py:190} INFO - [2024-08-20T03:53:50.246+0000] {dag.py:3211} INFO - Sync 1 DAGs
[2024-08-20T03:53:50.268+0000] {logging_mixin.py:190} INFO - [2024-08-20T03:53:50.268+0000] {dag.py:4138} INFO - Setting next_dagrun for example_complex to None, run_after=None
[2024-08-20T03:53:50.290+0000] {processor.py:208} INFO - Processing /home/airflow/.local/lib/python3.12/site-packages/airflow/example_dags/example_complex.py took 0.111 seconds
[2024-08-20T03:54:20.407+0000] {processor.py:186} INFO - Started process (PID=479) to work on /home/airflow/.local/lib/python3.12/site-packages/airflow/example_dags/example_complex.py
[2024-08-20T03:54:20.409+0000] {processor.py:914} INFO - Processing file /home/airflow/.local/lib/python3.12/site-packages/airflow/example_dags/example_complex.py for tasks to queue
[2024-08-20T03:54:20.411+0000] {logging_mixin.py:190} INFO - [2024-08-20T03:54:20.411+0000] {dagbag.py:587} INFO - Filling up the DagBag from /home/airflow/.local/lib/python3.12/site-packages/airflow/example_dags/example_complex.py
[2024-08-20T03:54:20.428+0000] {processor.py:925} INFO - DAG(s) 'example_complex' retrieved from /home/airflow/.local/lib/python3.12/site-packages/airflow/example_dags/example_complex.py
[2024-08-20T03:54:20.469+0000] {logging_mixin.py:190} INFO - [2024-08-20T03:54:20.469+0000] {dag.py:3211} INFO - Sync 1 DAGs
[2024-08-20T03:54:20.488+0000] {logging_mixin.py:190} INFO - [2024-08-20T03:54:20.488+0000] {dag.py:4138} INFO - Setting next_dagrun for example_complex to None, run_after=None
[2024-08-20T03:54:20.513+0000] {processor.py:208} INFO - Processing /home/airflow/.local/lib/python3.12/site-packages/airflow/example_dags/example_complex.py took 0.114 seconds
[2024-08-20T03:54:51.230+0000] {processor.py:186} INFO - Started process (PID=542) to work on /home/airflow/.local/lib/python3.12/site-packages/airflow/example_dags/example_complex.py
[2024-08-20T03:54:51.234+0000] {processor.py:914} INFO - Processing file /home/airflow/.local/lib/python3.12/site-packages/airflow/example_dags/example_complex.py for tasks to queue
[2024-08-20T03:54:51.237+0000] {logging_mixin.py:190} INFO - [2024-08-20T03:54:51.237+0000] {dagbag.py:587} INFO - Filling up the DagBag from /home/airflow/.local/lib/python3.12/site-packages/airflow/example_dags/example_complex.py
[2024-08-20T03:54:51.257+0000] {processor.py:925} INFO - DAG(s) 'example_complex' retrieved from /home/airflow/.local/lib/python3.12/site-packages/airflow/example_dags/example_complex.py
[2024-08-20T03:54:51.313+0000] {logging_mixin.py:190} INFO - [2024-08-20T03:54:51.312+0000] {dag.py:3211} INFO - Sync 1 DAGs
[2024-08-20T03:54:51.336+0000] {logging_mixin.py:190} INFO - [2024-08-20T03:54:51.336+0000] {dag.py:4138} INFO - Setting next_dagrun for example_complex to None, run_after=None
[2024-08-20T03:54:51.361+0000] {processor.py:208} INFO - Processing /home/airflow/.local/lib/python3.12/site-packages/airflow/example_dags/example_complex.py took 0.140 seconds
[2024-08-20T03:55:21.965+0000] {processor.py:186} INFO - Started process (PID=604) to work on /home/airflow/.local/lib/python3.12/site-packages/airflow/example_dags/example_complex.py
[2024-08-20T03:55:21.967+0000] {processor.py:914} INFO - Processing file /home/airflow/.local/lib/python3.12/site-packages/airflow/example_dags/example_complex.py for tasks to queue
[2024-08-20T03:55:21.971+0000] {logging_mixin.py:190} INFO - [2024-08-20T03:55:21.970+0000] {dagbag.py:587} INFO - Filling up the DagBag from /home/airflow/.local/lib/python3.12/site-packages/airflow/example_dags/example_complex.py
[2024-08-20T03:55:21.985+0000] {processor.py:925} INFO - DAG(s) 'example_complex' retrieved from /home/airflow/.local/lib/python3.12/site-packages/airflow/example_dags/example_complex.py
[2024-08-20T03:55:22.055+0000] {logging_mixin.py:190} INFO - [2024-08-20T03:55:22.055+0000] {dag.py:3211} INFO - Sync 1 DAGs
[2024-08-20T03:55:22.085+0000] {logging_mixin.py:190} INFO - [2024-08-20T03:55:22.084+0000] {dag.py:4138} INFO - Setting next_dagrun for example_complex to None, run_after=None
[2024-08-20T03:55:22.114+0000] {processor.py:208} INFO - Processing /home/airflow/.local/lib/python3.12/site-packages/airflow/example_dags/example_complex.py took 0.156 seconds
[2024-08-20T03:55:53.409+0000] {processor.py:186} INFO - Started process (PID=666) to work on /home/airflow/.local/lib/python3.12/site-packages/airflow/example_dags/example_complex.py
[2024-08-20T03:55:53.411+0000] {processor.py:914} INFO - Processing file /home/airflow/.local/lib/python3.12/site-packages/airflow/example_dags/example_complex.py for tasks to queue
[2024-08-20T03:55:53.414+0000] {logging_mixin.py:190} INFO - [2024-08-20T03:55:53.414+0000] {dagbag.py:587} INFO - Filling up the DagBag from /home/airflow/.local/lib/python3.12/site-packages/airflow/example_dags/example_complex.py
[2024-08-20T03:55:53.435+0000] {processor.py:925} INFO - DAG(s) 'example_complex' retrieved from /home/airflow/.local/lib/python3.12/site-packages/airflow/example_dags/example_complex.py
[2024-08-20T03:55:53.488+0000] {logging_mixin.py:190} INFO - [2024-08-20T03:55:53.488+0000] {dag.py:3211} INFO - Sync 1 DAGs
[2024-08-20T03:55:53.509+0000] {logging_mixin.py:190} INFO - [2024-08-20T03:55:53.509+0000] {dag.py:4138} INFO - Setting next_dagrun for example_complex to None, run_after=None
[2024-08-20T03:55:53.536+0000] {processor.py:208} INFO - Processing /home/airflow/.local/lib/python3.12/site-packages/airflow/example_dags/example_complex.py took 0.138 seconds
[2024-08-20T03:56:24.220+0000] {processor.py:186} INFO - Started process (PID=728) to work on /home/airflow/.local/lib/python3.12/site-packages/airflow/example_dags/example_complex.py
[2024-08-20T03:56:24.221+0000] {processor.py:914} INFO - Processing file /home/airflow/.local/lib/python3.12/site-packages/airflow/example_dags/example_complex.py for tasks to queue
[2024-08-20T03:56:24.224+0000] {logging_mixin.py:190} INFO - [2024-08-20T03:56:24.224+0000] {dagbag.py:587} INFO - Filling up the DagBag from /home/airflow/.local/lib/python3.12/site-packages/airflow/example_dags/example_complex.py
[2024-08-20T03:56:24.237+0000] {processor.py:925} INFO - DAG(s) 'example_complex' retrieved from /home/airflow/.local/lib/python3.12/site-packages/airflow/example_dags/example_complex.py
[2024-08-20T03:56:24.274+0000] {logging_mixin.py:190} INFO - [2024-08-20T03:56:24.274+0000] {dag.py:3211} INFO - Sync 1 DAGs
[2024-08-20T03:56:24.292+0000] {logging_mixin.py:190} INFO - [2024-08-20T03:56:24.292+0000] {dag.py:4138} INFO - Setting next_dagrun for example_complex to None, run_after=None
[2024-08-20T03:56:24.316+0000] {processor.py:208} INFO - Processing /home/airflow/.local/lib/python3.12/site-packages/airflow/example_dags/example_complex.py took 0.102 seconds
[2024-08-20T03:56:54.545+0000] {processor.py:186} INFO - Started process (PID=790) to work on /home/airflow/.local/lib/python3.12/site-packages/airflow/example_dags/example_complex.py
[2024-08-20T03:56:54.547+0000] {processor.py:914} INFO - Processing file /home/airflow/.local/lib/python3.12/site-packages/airflow/example_dags/example_complex.py for tasks to queue
[2024-08-20T03:56:54.551+0000] {logging_mixin.py:190} INFO - [2024-08-20T03:56:54.550+0000] {dagbag.py:587} INFO - Filling up the DagBag from /home/airflow/.local/lib/python3.12/site-packages/airflow/example_dags/example_complex.py
[2024-08-20T03:56:54.565+0000] {processor.py:925} INFO - DAG(s) 'example_complex' retrieved from /home/airflow/.local/lib/python3.12/site-packages/airflow/example_dags/example_complex.py
[2024-08-20T03:56:54.606+0000] {logging_mixin.py:190} INFO - [2024-08-20T03:56:54.605+0000] {dag.py:3211} INFO - Sync 1 DAGs
[2024-08-20T03:56:54.625+0000] {logging_mixin.py:190} INFO - [2024-08-20T03:56:54.624+0000] {dag.py:4138} INFO - Setting next_dagrun for example_complex to None, run_after=None
[2024-08-20T03:56:54.653+0000] {processor.py:208} INFO - Processing /home/airflow/.local/lib/python3.12/site-packages/airflow/example_dags/example_complex.py took 0.116 seconds
[2024-08-20T03:57:24.984+0000] {processor.py:186} INFO - Started process (PID=852) to work on /home/airflow/.local/lib/python3.12/site-packages/airflow/example_dags/example_complex.py
[2024-08-20T03:57:24.986+0000] {processor.py:914} INFO - Processing file /home/airflow/.local/lib/python3.12/site-packages/airflow/example_dags/example_complex.py for tasks to queue
[2024-08-20T03:57:24.989+0000] {logging_mixin.py:190} INFO - [2024-08-20T03:57:24.988+0000] {dagbag.py:587} INFO - Filling up the DagBag from /home/airflow/.local/lib/python3.12/site-packages/airflow/example_dags/example_complex.py
[2024-08-20T03:57:25.006+0000] {processor.py:925} INFO - DAG(s) 'example_complex' retrieved from /home/airflow/.local/lib/python3.12/site-packages/airflow/example_dags/example_complex.py
[2024-08-20T03:57:25.046+0000] {logging_mixin.py:190} INFO - [2024-08-20T03:57:25.046+0000] {dag.py:3211} INFO - Sync 1 DAGs
[2024-08-20T03:57:25.063+0000] {logging_mixin.py:190} INFO - [2024-08-20T03:57:25.063+0000] {dag.py:4138} INFO - Setting next_dagrun for example_complex to None, run_after=None
[2024-08-20T03:57:25.089+0000] {processor.py:208} INFO - Processing /home/airflow/.local/lib/python3.12/site-packages/airflow/example_dags/example_complex.py took 0.110 seconds
[2024-08-20T03:57:55.619+0000] {processor.py:186} INFO - Started process (PID=914) to work on /home/airflow/.local/lib/python3.12/site-packages/airflow/example_dags/example_complex.py
[2024-08-20T03:57:55.620+0000] {processor.py:914} INFO - Processing file /home/airflow/.local/lib/python3.12/site-packages/airflow/example_dags/example_complex.py for tasks to queue
[2024-08-20T03:57:55.623+0000] {logging_mixin.py:190} INFO - [2024-08-20T03:57:55.622+0000] {dagbag.py:587} INFO - Filling up the DagBag from /home/airflow/.local/lib/python3.12/site-packages/airflow/example_dags/example_complex.py
[2024-08-20T03:57:55.641+0000] {processor.py:925} INFO - DAG(s) 'example_complex' retrieved from /home/airflow/.local/lib/python3.12/site-packages/airflow/example_dags/example_complex.py
[2024-08-20T03:57:55.681+0000] {logging_mixin.py:190} INFO - [2024-08-20T03:57:55.681+0000] {dag.py:3211} INFO - Sync 1 DAGs
[2024-08-20T03:57:55.697+0000] {logging_mixin.py:190} INFO - [2024-08-20T03:57:55.697+0000] {dag.py:4138} INFO - Setting next_dagrun for example_complex to None, run_after=None
[2024-08-20T03:57:55.723+0000] {processor.py:208} INFO - Processing /home/airflow/.local/lib/python3.12/site-packages/airflow/example_dags/example_complex.py took 0.113 seconds
[2024-08-20T03:58:26.227+0000] {processor.py:186} INFO - Started process (PID=976) to work on /home/airflow/.local/lib/python3.12/site-packages/airflow/example_dags/example_complex.py
[2024-08-20T03:58:26.229+0000] {processor.py:914} INFO - Processing file /home/airflow/.local/lib/python3.12/site-packages/airflow/example_dags/example_complex.py for tasks to queue
[2024-08-20T03:58:26.232+0000] {logging_mixin.py:190} INFO - [2024-08-20T03:58:26.232+0000] {dagbag.py:587} INFO - Filling up the DagBag from /home/airflow/.local/lib/python3.12/site-packages/airflow/example_dags/example_complex.py
[2024-08-20T03:58:26.254+0000] {processor.py:925} INFO - DAG(s) 'example_complex' retrieved from /home/airflow/.local/lib/python3.12/site-packages/airflow/example_dags/example_complex.py
[2024-08-20T03:58:26.319+0000] {logging_mixin.py:190} INFO - [2024-08-20T03:58:26.319+0000] {dag.py:3211} INFO - Sync 1 DAGs
[2024-08-20T03:58:26.345+0000] {logging_mixin.py:190} INFO - [2024-08-20T03:58:26.345+0000] {dag.py:4138} INFO - Setting next_dagrun for example_complex to None, run_after=None
[2024-08-20T03:58:26.374+0000] {processor.py:208} INFO - Processing /home/airflow/.local/lib/python3.12/site-packages/airflow/example_dags/example_complex.py took 0.152 seconds
[2024-08-20T03:58:56.629+0000] {processor.py:186} INFO - Started process (PID=1037) to work on /home/airflow/.local/lib/python3.12/site-packages/airflow/example_dags/example_complex.py
[2024-08-20T03:58:56.631+0000] {processor.py:914} INFO - Processing file /home/airflow/.local/lib/python3.12/site-packages/airflow/example_dags/example_complex.py for tasks to queue
[2024-08-20T03:58:56.635+0000] {logging_mixin.py:190} INFO - [2024-08-20T03:58:56.634+0000] {dagbag.py:587} INFO - Filling up the DagBag from /home/airflow/.local/lib/python3.12/site-packages/airflow/example_dags/example_complex.py
[2024-08-20T03:58:56.651+0000] {processor.py:925} INFO - DAG(s) 'example_complex' retrieved from /home/airflow/.local/lib/python3.12/site-packages/airflow/example_dags/example_complex.py
[2024-08-20T03:58:56.690+0000] {logging_mixin.py:190} INFO - [2024-08-20T03:58:56.690+0000] {dag.py:3211} INFO - Sync 1 DAGs
[2024-08-20T03:58:56.707+0000] {logging_mixin.py:190} INFO - [2024-08-20T03:58:56.707+0000] {dag.py:4138} INFO - Setting next_dagrun for example_complex to None, run_after=None
[2024-08-20T03:58:56.731+0000] {processor.py:208} INFO - Processing /home/airflow/.local/lib/python3.12/site-packages/airflow/example_dags/example_complex.py took 0.108 seconds
[2024-08-20T03:59:27.560+0000] {processor.py:186} INFO - Started process (PID=1100) to work on /home/airflow/.local/lib/python3.12/site-packages/airflow/example_dags/example_complex.py
[2024-08-20T03:59:27.562+0000] {processor.py:914} INFO - Processing file /home/airflow/.local/lib/python3.12/site-packages/airflow/example_dags/example_complex.py for tasks to queue
[2024-08-20T03:59:27.566+0000] {logging_mixin.py:190} INFO - [2024-08-20T03:59:27.565+0000] {dagbag.py:587} INFO - Filling up the DagBag from /home/airflow/.local/lib/python3.12/site-packages/airflow/example_dags/example_complex.py
[2024-08-20T03:59:27.580+0000] {processor.py:925} INFO - DAG(s) 'example_complex' retrieved from /home/airflow/.local/lib/python3.12/site-packages/airflow/example_dags/example_complex.py
[2024-08-20T03:59:27.626+0000] {logging_mixin.py:190} INFO - [2024-08-20T03:59:27.626+0000] {dag.py:3211} INFO - Sync 1 DAGs
[2024-08-20T03:59:27.642+0000] {logging_mixin.py:190} INFO - [2024-08-20T03:59:27.642+0000] {dag.py:4138} INFO - Setting next_dagrun for example_complex to None, run_after=None
[2024-08-20T03:59:27.666+0000] {processor.py:208} INFO - Processing /home/airflow/.local/lib/python3.12/site-packages/airflow/example_dags/example_complex.py took 0.113 seconds
[2024-08-20T03:59:58.391+0000] {processor.py:186} INFO - Started process (PID=1162) to work on /home/airflow/.local/lib/python3.12/site-packages/airflow/example_dags/example_complex.py
[2024-08-20T03:59:58.393+0000] {processor.py:914} INFO - Processing file /home/airflow/.local/lib/python3.12/site-packages/airflow/example_dags/example_complex.py for tasks to queue
[2024-08-20T03:59:58.395+0000] {logging_mixin.py:190} INFO - [2024-08-20T03:59:58.395+0000] {dagbag.py:587} INFO - Filling up the DagBag from /home/airflow/.local/lib/python3.12/site-packages/airflow/example_dags/example_complex.py
[2024-08-20T03:59:58.411+0000] {processor.py:925} INFO - DAG(s) 'example_complex' retrieved from /home/airflow/.local/lib/python3.12/site-packages/airflow/example_dags/example_complex.py
[2024-08-20T03:59:58.455+0000] {logging_mixin.py:190} INFO - [2024-08-20T03:59:58.455+0000] {dag.py:3211} INFO - Sync 1 DAGs
[2024-08-20T03:59:58.474+0000] {logging_mixin.py:190} INFO - [2024-08-20T03:59:58.473+0000] {dag.py:4138} INFO - Setting next_dagrun for example_complex to None, run_after=None
[2024-08-20T03:59:58.501+0000] {processor.py:208} INFO - Processing /home/airflow/.local/lib/python3.12/site-packages/airflow/example_dags/example_complex.py took 0.118 seconds
[2024-08-20T04:00:28.590+0000] {processor.py:186} INFO - Started process (PID=1224) to work on /home/airflow/.local/lib/python3.12/site-packages/airflow/example_dags/example_complex.py
[2024-08-20T04:00:28.591+0000] {processor.py:914} INFO - Processing file /home/airflow/.local/lib/python3.12/site-packages/airflow/example_dags/example_complex.py for tasks to queue
[2024-08-20T04:00:28.594+0000] {logging_mixin.py:190} INFO - [2024-08-20T04:00:28.594+0000] {dagbag.py:587} INFO - Filling up the DagBag from /home/airflow/.local/lib/python3.12/site-packages/airflow/example_dags/example_complex.py
[2024-08-20T04:00:28.616+0000] {processor.py:925} INFO - DAG(s) 'example_complex' retrieved from /home/airflow/.local/lib/python3.12/site-packages/airflow/example_dags/example_complex.py
[2024-08-20T04:00:28.675+0000] {logging_mixin.py:190} INFO - [2024-08-20T04:00:28.674+0000] {dag.py:3211} INFO - Sync 1 DAGs
[2024-08-20T04:00:28.692+0000] {logging_mixin.py:190} INFO - [2024-08-20T04:00:28.692+0000] {dag.py:4138} INFO - Setting next_dagrun for example_complex to None, run_after=None
[2024-08-20T04:00:28.717+0000] {processor.py:208} INFO - Processing /home/airflow/.local/lib/python3.12/site-packages/airflow/example_dags/example_complex.py took 0.134 seconds
[2024-08-20T04:00:58.852+0000] {processor.py:186} INFO - Started process (PID=1285) to work on /home/airflow/.local/lib/python3.12/site-packages/airflow/example_dags/example_complex.py
[2024-08-20T04:00:58.853+0000] {processor.py:914} INFO - Processing file /home/airflow/.local/lib/python3.12/site-packages/airflow/example_dags/example_complex.py for tasks to queue
[2024-08-20T04:00:58.856+0000] {logging_mixin.py:190} INFO - [2024-08-20T04:00:58.855+0000] {dagbag.py:587} INFO - Filling up the DagBag from /home/airflow/.local/lib/python3.12/site-packages/airflow/example_dags/example_complex.py
[2024-08-20T04:00:58.872+0000] {processor.py:925} INFO - DAG(s) 'example_complex' retrieved from /home/airflow/.local/lib/python3.12/site-packages/airflow/example_dags/example_complex.py
[2024-08-20T04:00:58.914+0000] {logging_mixin.py:190} INFO - [2024-08-20T04:00:58.913+0000] {dag.py:3211} INFO - Sync 1 DAGs
[2024-08-20T04:00:58.934+0000] {logging_mixin.py:190} INFO - [2024-08-20T04:00:58.934+0000] {dag.py:4138} INFO - Setting next_dagrun for example_complex to None, run_after=None
[2024-08-20T04:00:58.956+0000] {processor.py:208} INFO - Processing /home/airflow/.local/lib/python3.12/site-packages/airflow/example_dags/example_complex.py took 0.113 seconds
[2024-08-20T04:01:29.454+0000] {processor.py:186} INFO - Started process (PID=1348) to work on /home/airflow/.local/lib/python3.12/site-packages/airflow/example_dags/example_complex.py
[2024-08-20T04:01:29.455+0000] {processor.py:914} INFO - Processing file /home/airflow/.local/lib/python3.12/site-packages/airflow/example_dags/example_complex.py for tasks to queue
[2024-08-20T04:01:29.459+0000] {logging_mixin.py:190} INFO - [2024-08-20T04:01:29.458+0000] {dagbag.py:587} INFO - Filling up the DagBag from /home/airflow/.local/lib/python3.12/site-packages/airflow/example_dags/example_complex.py
[2024-08-20T04:01:29.476+0000] {processor.py:925} INFO - DAG(s) 'example_complex' retrieved from /home/airflow/.local/lib/python3.12/site-packages/airflow/example_dags/example_complex.py
[2024-08-20T04:01:29.534+0000] {logging_mixin.py:190} INFO - [2024-08-20T04:01:29.534+0000] {dag.py:3211} INFO - Sync 1 DAGs
[2024-08-20T04:01:29.557+0000] {logging_mixin.py:190} INFO - [2024-08-20T04:01:29.556+0000] {dag.py:4138} INFO - Setting next_dagrun for example_complex to None, run_after=None
[2024-08-20T04:01:29.582+0000] {processor.py:208} INFO - Processing /home/airflow/.local/lib/python3.12/site-packages/airflow/example_dags/example_complex.py took 0.136 seconds
[2024-08-20T04:01:59.911+0000] {processor.py:186} INFO - Started process (PID=1409) to work on /home/airflow/.local/lib/python3.12/site-packages/airflow/example_dags/example_complex.py
[2024-08-20T04:01:59.912+0000] {processor.py:914} INFO - Processing file /home/airflow/.local/lib/python3.12/site-packages/airflow/example_dags/example_complex.py for tasks to queue
[2024-08-20T04:01:59.916+0000] {logging_mixin.py:190} INFO - [2024-08-20T04:01:59.916+0000] {dagbag.py:587} INFO - Filling up the DagBag from /home/airflow/.local/lib/python3.12/site-packages/airflow/example_dags/example_complex.py
[2024-08-20T04:01:59.932+0000] {processor.py:925} INFO - DAG(s) 'example_complex' retrieved from /home/airflow/.local/lib/python3.12/site-packages/airflow/example_dags/example_complex.py
[2024-08-20T04:01:59.972+0000] {logging_mixin.py:190} INFO - [2024-08-20T04:01:59.972+0000] {dag.py:3211} INFO - Sync 1 DAGs
[2024-08-20T04:01:59.989+0000] {logging_mixin.py:190} INFO - [2024-08-20T04:01:59.989+0000] {dag.py:4138} INFO - Setting next_dagrun for example_complex to None, run_after=None
[2024-08-20T04:02:00.014+0000] {processor.py:208} INFO - Processing /home/airflow/.local/lib/python3.12/site-packages/airflow/example_dags/example_complex.py took 0.110 seconds
[2024-08-20T04:02:30.204+0000] {processor.py:186} INFO - Started process (PID=1471) to work on /home/airflow/.local/lib/python3.12/site-packages/airflow/example_dags/example_complex.py
[2024-08-20T04:02:30.206+0000] {processor.py:914} INFO - Processing file /home/airflow/.local/lib/python3.12/site-packages/airflow/example_dags/example_complex.py for tasks to queue
[2024-08-20T04:02:30.209+0000] {logging_mixin.py:190} INFO - [2024-08-20T04:02:30.208+0000] {dagbag.py:587} INFO - Filling up the DagBag from /home/airflow/.local/lib/python3.12/site-packages/airflow/example_dags/example_complex.py
[2024-08-20T04:02:30.225+0000] {processor.py:925} INFO - DAG(s) 'example_complex' retrieved from /home/airflow/.local/lib/python3.12/site-packages/airflow/example_dags/example_complex.py
[2024-08-20T04:02:30.265+0000] {logging_mixin.py:190} INFO - [2024-08-20T04:02:30.265+0000] {dag.py:3211} INFO - Sync 1 DAGs
[2024-08-20T04:02:30.286+0000] {logging_mixin.py:190} INFO - [2024-08-20T04:02:30.285+0000] {dag.py:4138} INFO - Setting next_dagrun for example_complex to None, run_after=None
[2024-08-20T04:02:30.312+0000] {processor.py:208} INFO - Processing /home/airflow/.local/lib/python3.12/site-packages/airflow/example_dags/example_complex.py took 0.116 seconds
[2024-08-20T04:03:00.879+0000] {processor.py:186} INFO - Started process (PID=1533) to work on /home/airflow/.local/lib/python3.12/site-packages/airflow/example_dags/example_complex.py
[2024-08-20T04:03:00.880+0000] {processor.py:914} INFO - Processing file /home/airflow/.local/lib/python3.12/site-packages/airflow/example_dags/example_complex.py for tasks to queue
[2024-08-20T04:03:00.883+0000] {logging_mixin.py:190} INFO - [2024-08-20T04:03:00.883+0000] {dagbag.py:587} INFO - Filling up the DagBag from /home/airflow/.local/lib/python3.12/site-packages/airflow/example_dags/example_complex.py
[2024-08-20T04:03:00.897+0000] {processor.py:925} INFO - DAG(s) 'example_complex' retrieved from /home/airflow/.local/lib/python3.12/site-packages/airflow/example_dags/example_complex.py
[2024-08-20T04:03:00.944+0000] {logging_mixin.py:190} INFO - [2024-08-20T04:03:00.944+0000] {dag.py:3211} INFO - Sync 1 DAGs
[2024-08-20T04:03:00.964+0000] {logging_mixin.py:190} INFO - [2024-08-20T04:03:00.964+0000] {dag.py:4138} INFO - Setting next_dagrun for example_complex to None, run_after=None
[2024-08-20T04:03:00.990+0000] {processor.py:208} INFO - Processing /home/airflow/.local/lib/python3.12/site-packages/airflow/example_dags/example_complex.py took 0.120 seconds
[2024-08-20T04:03:32.151+0000] {processor.py:186} INFO - Started process (PID=1596) to work on /home/airflow/.local/lib/python3.12/site-packages/airflow/example_dags/example_complex.py
[2024-08-20T04:03:32.153+0000] {processor.py:914} INFO - Processing file /home/airflow/.local/lib/python3.12/site-packages/airflow/example_dags/example_complex.py for tasks to queue
[2024-08-20T04:03:32.156+0000] {logging_mixin.py:190} INFO - [2024-08-20T04:03:32.155+0000] {dagbag.py:587} INFO - Filling up the DagBag from /home/airflow/.local/lib/python3.12/site-packages/airflow/example_dags/example_complex.py
[2024-08-20T04:03:32.169+0000] {processor.py:925} INFO - DAG(s) 'example_complex' retrieved from /home/airflow/.local/lib/python3.12/site-packages/airflow/example_dags/example_complex.py
[2024-08-20T04:03:32.207+0000] {logging_mixin.py:190} INFO - [2024-08-20T04:03:32.207+0000] {dag.py:3211} INFO - Sync 1 DAGs
[2024-08-20T04:03:32.225+0000] {logging_mixin.py:190} INFO - [2024-08-20T04:03:32.225+0000] {dag.py:4138} INFO - Setting next_dagrun for example_complex to None, run_after=None
[2024-08-20T04:03:32.251+0000] {processor.py:208} INFO - Processing /home/airflow/.local/lib/python3.12/site-packages/airflow/example_dags/example_complex.py took 0.106 seconds
[2024-08-20T04:04:02.651+0000] {processor.py:186} INFO - Started process (PID=1658) to work on /home/airflow/.local/lib/python3.12/site-packages/airflow/example_dags/example_complex.py
[2024-08-20T04:04:02.653+0000] {processor.py:914} INFO - Processing file /home/airflow/.local/lib/python3.12/site-packages/airflow/example_dags/example_complex.py for tasks to queue
[2024-08-20T04:04:02.656+0000] {logging_mixin.py:190} INFO - [2024-08-20T04:04:02.656+0000] {dagbag.py:587} INFO - Filling up the DagBag from /home/airflow/.local/lib/python3.12/site-packages/airflow/example_dags/example_complex.py
[2024-08-20T04:04:02.676+0000] {processor.py:925} INFO - DAG(s) 'example_complex' retrieved from /home/airflow/.local/lib/python3.12/site-packages/airflow/example_dags/example_complex.py
[2024-08-20T04:04:02.722+0000] {logging_mixin.py:190} INFO - [2024-08-20T04:04:02.722+0000] {dag.py:3211} INFO - Sync 1 DAGs
[2024-08-20T04:04:02.740+0000] {logging_mixin.py:190} INFO - [2024-08-20T04:04:02.740+0000] {dag.py:4138} INFO - Setting next_dagrun for example_complex to None, run_after=None
[2024-08-20T04:04:02.764+0000] {processor.py:208} INFO - Processing /home/airflow/.local/lib/python3.12/site-packages/airflow/example_dags/example_complex.py took 0.124 seconds
[2024-08-20T04:04:32.874+0000] {processor.py:186} INFO - Started process (PID=1719) to work on /home/airflow/.local/lib/python3.12/site-packages/airflow/example_dags/example_complex.py
[2024-08-20T04:04:32.875+0000] {processor.py:914} INFO - Processing file /home/airflow/.local/lib/python3.12/site-packages/airflow/example_dags/example_complex.py for tasks to queue
[2024-08-20T04:04:32.878+0000] {logging_mixin.py:190} INFO - [2024-08-20T04:04:32.878+0000] {dagbag.py:587} INFO - Filling up the DagBag from /home/airflow/.local/lib/python3.12/site-packages/airflow/example_dags/example_complex.py
[2024-08-20T04:04:32.893+0000] {processor.py:925} INFO - DAG(s) 'example_complex' retrieved from /home/airflow/.local/lib/python3.12/site-packages/airflow/example_dags/example_complex.py
[2024-08-20T04:04:32.936+0000] {logging_mixin.py:190} INFO - [2024-08-20T04:04:32.936+0000] {dag.py:3211} INFO - Sync 1 DAGs
[2024-08-20T04:04:32.958+0000] {logging_mixin.py:190} INFO - [2024-08-20T04:04:32.957+0000] {dag.py:4138} INFO - Setting next_dagrun for example_complex to None, run_after=None
[2024-08-20T04:04:32.978+0000] {processor.py:208} INFO - Processing /home/airflow/.local/lib/python3.12/site-packages/airflow/example_dags/example_complex.py took 0.111 seconds
[2024-08-20T04:05:03.701+0000] {processor.py:186} INFO - Started process (PID=1782) to work on /home/airflow/.local/lib/python3.12/site-packages/airflow/example_dags/example_complex.py
[2024-08-20T04:05:03.704+0000] {processor.py:914} INFO - Processing file /home/airflow/.local/lib/python3.12/site-packages/airflow/example_dags/example_complex.py for tasks to queue
[2024-08-20T04:05:03.710+0000] {logging_mixin.py:190} INFO - [2024-08-20T04:05:03.709+0000] {dagbag.py:587} INFO - Filling up the DagBag from /home/airflow/.local/lib/python3.12/site-packages/airflow/example_dags/example_complex.py
[2024-08-20T04:05:03.758+0000] {processor.py:925} INFO - DAG(s) 'example_complex' retrieved from /home/airflow/.local/lib/python3.12/site-packages/airflow/example_dags/example_complex.py
[2024-08-20T04:05:03.829+0000] {logging_mixin.py:190} INFO - [2024-08-20T04:05:03.828+0000] {dag.py:3211} INFO - Sync 1 DAGs
[2024-08-20T04:05:03.879+0000] {logging_mixin.py:190} INFO - [2024-08-20T04:05:03.879+0000] {dag.py:4138} INFO - Setting next_dagrun for example_complex to None, run_after=None
[2024-08-20T04:05:03.924+0000] {processor.py:208} INFO - Processing /home/airflow/.local/lib/python3.12/site-packages/airflow/example_dags/example_complex.py took 0.237 seconds
[2024-08-20T04:05:34.019+0000] {processor.py:186} INFO - Started process (PID=1849) to work on /home/airflow/.local/lib/python3.12/site-packages/airflow/example_dags/example_complex.py
[2024-08-20T04:05:34.021+0000] {processor.py:914} INFO - Processing file /home/airflow/.local/lib/python3.12/site-packages/airflow/example_dags/example_complex.py for tasks to queue
[2024-08-20T04:05:34.024+0000] {logging_mixin.py:190} INFO - [2024-08-20T04:05:34.023+0000] {dagbag.py:587} INFO - Filling up the DagBag from /home/airflow/.local/lib/python3.12/site-packages/airflow/example_dags/example_complex.py
[2024-08-20T04:05:34.047+0000] {processor.py:925} INFO - DAG(s) 'example_complex' retrieved from /home/airflow/.local/lib/python3.12/site-packages/airflow/example_dags/example_complex.py
[2024-08-20T04:05:34.104+0000] {logging_mixin.py:190} INFO - [2024-08-20T04:05:34.103+0000] {dag.py:3211} INFO - Sync 1 DAGs
[2024-08-20T04:05:34.131+0000] {logging_mixin.py:190} INFO - [2024-08-20T04:05:34.131+0000] {dag.py:4138} INFO - Setting next_dagrun for example_complex to None, run_after=None
[2024-08-20T04:05:34.169+0000] {processor.py:208} INFO - Processing /home/airflow/.local/lib/python3.12/site-packages/airflow/example_dags/example_complex.py took 0.161 seconds
[2024-08-20T04:06:04.695+0000] {processor.py:186} INFO - Started process (PID=1911) to work on /home/airflow/.local/lib/python3.12/site-packages/airflow/example_dags/example_complex.py
[2024-08-20T04:06:04.697+0000] {processor.py:914} INFO - Processing file /home/airflow/.local/lib/python3.12/site-packages/airflow/example_dags/example_complex.py for tasks to queue
[2024-08-20T04:06:04.701+0000] {logging_mixin.py:190} INFO - [2024-08-20T04:06:04.700+0000] {dagbag.py:587} INFO - Filling up the DagBag from /home/airflow/.local/lib/python3.12/site-packages/airflow/example_dags/example_complex.py
[2024-08-20T04:06:04.718+0000] {processor.py:925} INFO - DAG(s) 'example_complex' retrieved from /home/airflow/.local/lib/python3.12/site-packages/airflow/example_dags/example_complex.py
[2024-08-20T04:06:04.764+0000] {logging_mixin.py:190} INFO - [2024-08-20T04:06:04.763+0000] {dag.py:3211} INFO - Sync 1 DAGs
[2024-08-20T04:06:04.785+0000] {logging_mixin.py:190} INFO - [2024-08-20T04:06:04.784+0000] {dag.py:4138} INFO - Setting next_dagrun for example_complex to None, run_after=None
[2024-08-20T04:06:04.815+0000] {processor.py:208} INFO - Processing /home/airflow/.local/lib/python3.12/site-packages/airflow/example_dags/example_complex.py took 0.128 seconds
[2024-08-20T04:06:35.700+0000] {processor.py:186} INFO - Started process (PID=1973) to work on /home/airflow/.local/lib/python3.12/site-packages/airflow/example_dags/example_complex.py
[2024-08-20T04:06:35.701+0000] {processor.py:914} INFO - Processing file /home/airflow/.local/lib/python3.12/site-packages/airflow/example_dags/example_complex.py for tasks to queue
[2024-08-20T04:06:35.705+0000] {logging_mixin.py:190} INFO - [2024-08-20T04:06:35.704+0000] {dagbag.py:587} INFO - Filling up the DagBag from /home/airflow/.local/lib/python3.12/site-packages/airflow/example_dags/example_complex.py
[2024-08-20T04:06:35.720+0000] {processor.py:925} INFO - DAG(s) 'example_complex' retrieved from /home/airflow/.local/lib/python3.12/site-packages/airflow/example_dags/example_complex.py
[2024-08-20T04:06:35.770+0000] {logging_mixin.py:190} INFO - [2024-08-20T04:06:35.769+0000] {dag.py:3211} INFO - Sync 1 DAGs
[2024-08-20T04:06:35.792+0000] {logging_mixin.py:190} INFO - [2024-08-20T04:06:35.792+0000] {dag.py:4138} INFO - Setting next_dagrun for example_complex to None, run_after=None
[2024-08-20T04:06:35.819+0000] {processor.py:208} INFO - Processing /home/airflow/.local/lib/python3.12/site-packages/airflow/example_dags/example_complex.py took 0.128 seconds
[2024-08-20T04:07:06.898+0000] {processor.py:186} INFO - Started process (PID=2035) to work on /home/airflow/.local/lib/python3.12/site-packages/airflow/example_dags/example_complex.py
[2024-08-20T04:07:06.900+0000] {processor.py:914} INFO - Processing file /home/airflow/.local/lib/python3.12/site-packages/airflow/example_dags/example_complex.py for tasks to queue
[2024-08-20T04:07:06.905+0000] {logging_mixin.py:190} INFO - [2024-08-20T04:07:06.904+0000] {dagbag.py:587} INFO - Filling up the DagBag from /home/airflow/.local/lib/python3.12/site-packages/airflow/example_dags/example_complex.py
[2024-08-20T04:07:06.921+0000] {processor.py:925} INFO - DAG(s) 'example_complex' retrieved from /home/airflow/.local/lib/python3.12/site-packages/airflow/example_dags/example_complex.py
[2024-08-20T04:07:06.972+0000] {logging_mixin.py:190} INFO - [2024-08-20T04:07:06.972+0000] {dag.py:3211} INFO - Sync 1 DAGs
[2024-08-20T04:07:06.996+0000] {logging_mixin.py:190} INFO - [2024-08-20T04:07:06.995+0000] {dag.py:4138} INFO - Setting next_dagrun for example_complex to None, run_after=None
[2024-08-20T04:07:07.022+0000] {processor.py:208} INFO - Processing /home/airflow/.local/lib/python3.12/site-packages/airflow/example_dags/example_complex.py took 0.133 seconds
[2024-08-20T04:07:37.216+0000] {processor.py:186} INFO - Started process (PID=2098) to work on /home/airflow/.local/lib/python3.12/site-packages/airflow/example_dags/example_complex.py
[2024-08-20T04:07:37.218+0000] {processor.py:914} INFO - Processing file /home/airflow/.local/lib/python3.12/site-packages/airflow/example_dags/example_complex.py for tasks to queue
[2024-08-20T04:07:37.221+0000] {logging_mixin.py:190} INFO - [2024-08-20T04:07:37.220+0000] {dagbag.py:587} INFO - Filling up the DagBag from /home/airflow/.local/lib/python3.12/site-packages/airflow/example_dags/example_complex.py
[2024-08-20T04:07:37.242+0000] {processor.py:925} INFO - DAG(s) 'example_complex' retrieved from /home/airflow/.local/lib/python3.12/site-packages/airflow/example_dags/example_complex.py
[2024-08-20T04:07:37.290+0000] {logging_mixin.py:190} INFO - [2024-08-20T04:07:37.290+0000] {dag.py:3211} INFO - Sync 1 DAGs
[2024-08-20T04:07:37.310+0000] {logging_mixin.py:190} INFO - [2024-08-20T04:07:37.309+0000] {dag.py:4138} INFO - Setting next_dagrun for example_complex to None, run_after=None
[2024-08-20T04:07:37.336+0000] {processor.py:208} INFO - Processing /home/airflow/.local/lib/python3.12/site-packages/airflow/example_dags/example_complex.py took 0.129 seconds
[2024-08-20T04:08:07.957+0000] {processor.py:186} INFO - Started process (PID=2160) to work on /home/airflow/.local/lib/python3.12/site-packages/airflow/example_dags/example_complex.py
[2024-08-20T04:08:07.959+0000] {processor.py:914} INFO - Processing file /home/airflow/.local/lib/python3.12/site-packages/airflow/example_dags/example_complex.py for tasks to queue
[2024-08-20T04:08:07.963+0000] {logging_mixin.py:190} INFO - [2024-08-20T04:08:07.962+0000] {dagbag.py:587} INFO - Filling up the DagBag from /home/airflow/.local/lib/python3.12/site-packages/airflow/example_dags/example_complex.py
[2024-08-20T04:08:07.984+0000] {processor.py:925} INFO - DAG(s) 'example_complex' retrieved from /home/airflow/.local/lib/python3.12/site-packages/airflow/example_dags/example_complex.py
[2024-08-20T04:08:08.032+0000] {logging_mixin.py:190} INFO - [2024-08-20T04:08:08.031+0000] {dag.py:3211} INFO - Sync 1 DAGs
[2024-08-20T04:08:08.054+0000] {logging_mixin.py:190} INFO - [2024-08-20T04:08:08.054+0000] {dag.py:4138} INFO - Setting next_dagrun for example_complex to None, run_after=None
[2024-08-20T04:08:08.085+0000] {processor.py:208} INFO - Processing /home/airflow/.local/lib/python3.12/site-packages/airflow/example_dags/example_complex.py took 0.136 seconds
[2024-08-20T04:08:39.233+0000] {processor.py:186} INFO - Started process (PID=2223) to work on /home/airflow/.local/lib/python3.12/site-packages/airflow/example_dags/example_complex.py
[2024-08-20T04:08:39.235+0000] {processor.py:914} INFO - Processing file /home/airflow/.local/lib/python3.12/site-packages/airflow/example_dags/example_complex.py for tasks to queue
[2024-08-20T04:08:39.238+0000] {logging_mixin.py:190} INFO - [2024-08-20T04:08:39.237+0000] {dagbag.py:587} INFO - Filling up the DagBag from /home/airflow/.local/lib/python3.12/site-packages/airflow/example_dags/example_complex.py
[2024-08-20T04:08:39.258+0000] {processor.py:925} INFO - DAG(s) 'example_complex' retrieved from /home/airflow/.local/lib/python3.12/site-packages/airflow/example_dags/example_complex.py
[2024-08-20T04:08:39.304+0000] {logging_mixin.py:190} INFO - [2024-08-20T04:08:39.303+0000] {dag.py:3211} INFO - Sync 1 DAGs
[2024-08-20T04:08:39.326+0000] {logging_mixin.py:190} INFO - [2024-08-20T04:08:39.326+0000] {dag.py:4138} INFO - Setting next_dagrun for example_complex to None, run_after=None
[2024-08-20T04:08:39.357+0000] {processor.py:208} INFO - Processing /home/airflow/.local/lib/python3.12/site-packages/airflow/example_dags/example_complex.py took 0.132 seconds
[2024-08-20T04:09:10.221+0000] {processor.py:186} INFO - Started process (PID=2285) to work on /home/airflow/.local/lib/python3.12/site-packages/airflow/example_dags/example_complex.py
[2024-08-20T04:09:10.223+0000] {processor.py:914} INFO - Processing file /home/airflow/.local/lib/python3.12/site-packages/airflow/example_dags/example_complex.py for tasks to queue
[2024-08-20T04:09:10.228+0000] {logging_mixin.py:190} INFO - [2024-08-20T04:09:10.228+0000] {dagbag.py:587} INFO - Filling up the DagBag from /home/airflow/.local/lib/python3.12/site-packages/airflow/example_dags/example_complex.py
[2024-08-20T04:09:10.262+0000] {processor.py:925} INFO - DAG(s) 'example_complex' retrieved from /home/airflow/.local/lib/python3.12/site-packages/airflow/example_dags/example_complex.py
[2024-08-20T04:09:10.318+0000] {logging_mixin.py:190} INFO - [2024-08-20T04:09:10.318+0000] {dag.py:3211} INFO - Sync 1 DAGs
[2024-08-20T04:09:10.339+0000] {logging_mixin.py:190} INFO - [2024-08-20T04:09:10.339+0000] {dag.py:4138} INFO - Setting next_dagrun for example_complex to None, run_after=None
[2024-08-20T04:09:10.368+0000] {processor.py:208} INFO - Processing /home/airflow/.local/lib/python3.12/site-packages/airflow/example_dags/example_complex.py took 0.155 seconds
[2024-08-20T04:09:41.440+0000] {processor.py:186} INFO - Started process (PID=2347) to work on /home/airflow/.local/lib/python3.12/site-packages/airflow/example_dags/example_complex.py
[2024-08-20T04:09:41.442+0000] {processor.py:914} INFO - Processing file /home/airflow/.local/lib/python3.12/site-packages/airflow/example_dags/example_complex.py for tasks to queue
[2024-08-20T04:09:41.446+0000] {logging_mixin.py:190} INFO - [2024-08-20T04:09:41.445+0000] {dagbag.py:587} INFO - Filling up the DagBag from /home/airflow/.local/lib/python3.12/site-packages/airflow/example_dags/example_complex.py
[2024-08-20T04:09:41.464+0000] {processor.py:925} INFO - DAG(s) 'example_complex' retrieved from /home/airflow/.local/lib/python3.12/site-packages/airflow/example_dags/example_complex.py
[2024-08-20T04:09:41.517+0000] {logging_mixin.py:190} INFO - [2024-08-20T04:09:41.517+0000] {dag.py:3211} INFO - Sync 1 DAGs
[2024-08-20T04:09:41.542+0000] {logging_mixin.py:190} INFO - [2024-08-20T04:09:41.542+0000] {dag.py:4138} INFO - Setting next_dagrun for example_complex to None, run_after=None
[2024-08-20T04:09:41.576+0000] {processor.py:208} INFO - Processing /home/airflow/.local/lib/python3.12/site-packages/airflow/example_dags/example_complex.py took 0.145 seconds
[2024-08-20T04:10:14.556+0000] {processor.py:186} INFO - Started process (PID=2409) to work on /home/airflow/.local/lib/python3.12/site-packages/airflow/example_dags/example_complex.py
[2024-08-20T04:10:14.570+0000] {processor.py:914} INFO - Processing file /home/airflow/.local/lib/python3.12/site-packages/airflow/example_dags/example_complex.py for tasks to queue
[2024-08-20T04:10:14.590+0000] {logging_mixin.py:190} INFO - [2024-08-20T04:10:14.589+0000] {dagbag.py:587} INFO - Filling up the DagBag from /home/airflow/.local/lib/python3.12/site-packages/airflow/example_dags/example_complex.py
[2024-08-20T04:10:14.670+0000] {processor.py:925} INFO - DAG(s) 'example_complex' retrieved from /home/airflow/.local/lib/python3.12/site-packages/airflow/example_dags/example_complex.py
[2024-08-20T04:10:14.846+0000] {logging_mixin.py:190} INFO - [2024-08-20T04:10:14.845+0000] {dag.py:3211} INFO - Sync 1 DAGs
[2024-08-20T04:10:14.890+0000] {logging_mixin.py:190} INFO - [2024-08-20T04:10:14.889+0000] {dag.py:4138} INFO - Setting next_dagrun for example_complex to None, run_after=None
[2024-08-20T04:10:14.957+0000] {processor.py:208} INFO - Processing /home/airflow/.local/lib/python3.12/site-packages/airflow/example_dags/example_complex.py took 0.423 seconds
[2024-08-20T04:10:45.081+0000] {processor.py:186} INFO - Started process (PID=2470) to work on /home/airflow/.local/lib/python3.12/site-packages/airflow/example_dags/example_complex.py
[2024-08-20T04:10:45.082+0000] {processor.py:914} INFO - Processing file /home/airflow/.local/lib/python3.12/site-packages/airflow/example_dags/example_complex.py for tasks to queue
[2024-08-20T04:10:45.086+0000] {logging_mixin.py:190} INFO - [2024-08-20T04:10:45.085+0000] {dagbag.py:587} INFO - Filling up the DagBag from /home/airflow/.local/lib/python3.12/site-packages/airflow/example_dags/example_complex.py
[2024-08-20T04:10:45.103+0000] {processor.py:925} INFO - DAG(s) 'example_complex' retrieved from /home/airflow/.local/lib/python3.12/site-packages/airflow/example_dags/example_complex.py
[2024-08-20T04:10:45.153+0000] {logging_mixin.py:190} INFO - [2024-08-20T04:10:45.153+0000] {dag.py:3211} INFO - Sync 1 DAGs
[2024-08-20T04:10:45.181+0000] {logging_mixin.py:190} INFO - [2024-08-20T04:10:45.180+0000] {dag.py:4138} INFO - Setting next_dagrun for example_complex to None, run_after=None
[2024-08-20T04:10:45.217+0000] {processor.py:208} INFO - Processing /home/airflow/.local/lib/python3.12/site-packages/airflow/example_dags/example_complex.py took 0.146 seconds
[2024-08-20T04:11:15.814+0000] {processor.py:186} INFO - Started process (PID=2532) to work on /home/airflow/.local/lib/python3.12/site-packages/airflow/example_dags/example_complex.py
[2024-08-20T04:11:15.815+0000] {processor.py:914} INFO - Processing file /home/airflow/.local/lib/python3.12/site-packages/airflow/example_dags/example_complex.py for tasks to queue
[2024-08-20T04:11:15.819+0000] {logging_mixin.py:190} INFO - [2024-08-20T04:11:15.819+0000] {dagbag.py:587} INFO - Filling up the DagBag from /home/airflow/.local/lib/python3.12/site-packages/airflow/example_dags/example_complex.py
[2024-08-20T04:11:15.842+0000] {processor.py:925} INFO - DAG(s) 'example_complex' retrieved from /home/airflow/.local/lib/python3.12/site-packages/airflow/example_dags/example_complex.py
[2024-08-20T04:11:15.912+0000] {logging_mixin.py:190} INFO - [2024-08-20T04:11:15.911+0000] {dag.py:3211} INFO - Sync 1 DAGs
[2024-08-20T04:11:15.945+0000] {logging_mixin.py:190} INFO - [2024-08-20T04:11:15.944+0000] {dag.py:4138} INFO - Setting next_dagrun for example_complex to None, run_after=None
[2024-08-20T04:11:15.982+0000] {processor.py:208} INFO - Processing /home/airflow/.local/lib/python3.12/site-packages/airflow/example_dags/example_complex.py took 0.175 seconds
[2024-08-20T04:11:47.095+0000] {processor.py:186} INFO - Started process (PID=2596) to work on /home/airflow/.local/lib/python3.12/site-packages/airflow/example_dags/example_complex.py
[2024-08-20T04:11:47.097+0000] {processor.py:914} INFO - Processing file /home/airflow/.local/lib/python3.12/site-packages/airflow/example_dags/example_complex.py for tasks to queue
[2024-08-20T04:11:47.101+0000] {logging_mixin.py:190} INFO - [2024-08-20T04:11:47.100+0000] {dagbag.py:587} INFO - Filling up the DagBag from /home/airflow/.local/lib/python3.12/site-packages/airflow/example_dags/example_complex.py
[2024-08-20T04:11:47.119+0000] {processor.py:925} INFO - DAG(s) 'example_complex' retrieved from /home/airflow/.local/lib/python3.12/site-packages/airflow/example_dags/example_complex.py
[2024-08-20T04:11:47.168+0000] {logging_mixin.py:190} INFO - [2024-08-20T04:11:47.167+0000] {dag.py:3211} INFO - Sync 1 DAGs
[2024-08-20T04:11:47.194+0000] {logging_mixin.py:190} INFO - [2024-08-20T04:11:47.193+0000] {dag.py:4138} INFO - Setting next_dagrun for example_complex to None, run_after=None
[2024-08-20T04:11:47.221+0000] {processor.py:208} INFO - Processing /home/airflow/.local/lib/python3.12/site-packages/airflow/example_dags/example_complex.py took 0.140 seconds
[2024-08-20T04:12:17.693+0000] {processor.py:186} INFO - Started process (PID=2658) to work on /home/airflow/.local/lib/python3.12/site-packages/airflow/example_dags/example_complex.py
[2024-08-20T04:12:17.695+0000] {processor.py:914} INFO - Processing file /home/airflow/.local/lib/python3.12/site-packages/airflow/example_dags/example_complex.py for tasks to queue
[2024-08-20T04:12:17.698+0000] {logging_mixin.py:190} INFO - [2024-08-20T04:12:17.698+0000] {dagbag.py:587} INFO - Filling up the DagBag from /home/airflow/.local/lib/python3.12/site-packages/airflow/example_dags/example_complex.py
[2024-08-20T04:12:17.719+0000] {processor.py:925} INFO - DAG(s) 'example_complex' retrieved from /home/airflow/.local/lib/python3.12/site-packages/airflow/example_dags/example_complex.py
[2024-08-20T04:12:17.773+0000] {logging_mixin.py:190} INFO - [2024-08-20T04:12:17.772+0000] {dag.py:3211} INFO - Sync 1 DAGs
[2024-08-20T04:12:17.802+0000] {logging_mixin.py:190} INFO - [2024-08-20T04:12:17.802+0000] {dag.py:4138} INFO - Setting next_dagrun for example_complex to None, run_after=None
[2024-08-20T04:12:17.850+0000] {processor.py:208} INFO - Processing /home/airflow/.local/lib/python3.12/site-packages/airflow/example_dags/example_complex.py took 0.167 seconds
[2024-08-20T04:12:48.021+0000] {processor.py:186} INFO - Started process (PID=2720) to work on /home/airflow/.local/lib/python3.12/site-packages/airflow/example_dags/example_complex.py
[2024-08-20T04:12:48.025+0000] {processor.py:914} INFO - Processing file /home/airflow/.local/lib/python3.12/site-packages/airflow/example_dags/example_complex.py for tasks to queue
[2024-08-20T04:12:48.029+0000] {logging_mixin.py:190} INFO - [2024-08-20T04:12:48.029+0000] {dagbag.py:587} INFO - Filling up the DagBag from /home/airflow/.local/lib/python3.12/site-packages/airflow/example_dags/example_complex.py
[2024-08-20T04:12:48.049+0000] {processor.py:925} INFO - DAG(s) 'example_complex' retrieved from /home/airflow/.local/lib/python3.12/site-packages/airflow/example_dags/example_complex.py
[2024-08-20T04:12:48.106+0000] {logging_mixin.py:190} INFO - [2024-08-20T04:12:48.106+0000] {dag.py:3211} INFO - Sync 1 DAGs
[2024-08-20T04:12:48.129+0000] {logging_mixin.py:190} INFO - [2024-08-20T04:12:48.129+0000] {dag.py:4138} INFO - Setting next_dagrun for example_complex to None, run_after=None
[2024-08-20T04:12:48.164+0000] {processor.py:208} INFO - Processing /home/airflow/.local/lib/python3.12/site-packages/airflow/example_dags/example_complex.py took 0.153 seconds
[2024-08-20T04:13:19.036+0000] {processor.py:186} INFO - Started process (PID=2782) to work on /home/airflow/.local/lib/python3.12/site-packages/airflow/example_dags/example_complex.py
[2024-08-20T04:13:19.038+0000] {processor.py:914} INFO - Processing file /home/airflow/.local/lib/python3.12/site-packages/airflow/example_dags/example_complex.py for tasks to queue
[2024-08-20T04:13:19.044+0000] {logging_mixin.py:190} INFO - [2024-08-20T04:13:19.043+0000] {dagbag.py:587} INFO - Filling up the DagBag from /home/airflow/.local/lib/python3.12/site-packages/airflow/example_dags/example_complex.py
[2024-08-20T04:13:19.070+0000] {processor.py:925} INFO - DAG(s) 'example_complex' retrieved from /home/airflow/.local/lib/python3.12/site-packages/airflow/example_dags/example_complex.py
[2024-08-20T04:13:19.147+0000] {logging_mixin.py:190} INFO - [2024-08-20T04:13:19.147+0000] {dag.py:3211} INFO - Sync 1 DAGs
[2024-08-20T04:13:19.181+0000] {logging_mixin.py:190} INFO - [2024-08-20T04:13:19.180+0000] {dag.py:4138} INFO - Setting next_dagrun for example_complex to None, run_after=None
[2024-08-20T04:13:19.213+0000] {processor.py:208} INFO - Processing /home/airflow/.local/lib/python3.12/site-packages/airflow/example_dags/example_complex.py took 0.189 seconds
[2024-08-20T04:13:49.840+0000] {processor.py:186} INFO - Started process (PID=2844) to work on /home/airflow/.local/lib/python3.12/site-packages/airflow/example_dags/example_complex.py
[2024-08-20T04:13:49.842+0000] {processor.py:914} INFO - Processing file /home/airflow/.local/lib/python3.12/site-packages/airflow/example_dags/example_complex.py for tasks to queue
[2024-08-20T04:13:49.846+0000] {logging_mixin.py:190} INFO - [2024-08-20T04:13:49.846+0000] {dagbag.py:587} INFO - Filling up the DagBag from /home/airflow/.local/lib/python3.12/site-packages/airflow/example_dags/example_complex.py
[2024-08-20T04:13:49.869+0000] {processor.py:925} INFO - DAG(s) 'example_complex' retrieved from /home/airflow/.local/lib/python3.12/site-packages/airflow/example_dags/example_complex.py
[2024-08-20T04:13:49.919+0000] {logging_mixin.py:190} INFO - [2024-08-20T04:13:49.918+0000] {dag.py:3211} INFO - Sync 1 DAGs
[2024-08-20T04:13:49.948+0000] {logging_mixin.py:190} INFO - [2024-08-20T04:13:49.947+0000] {dag.py:4138} INFO - Setting next_dagrun for example_complex to None, run_after=None
[2024-08-20T04:13:50.004+0000] {processor.py:208} INFO - Processing /home/airflow/.local/lib/python3.12/site-packages/airflow/example_dags/example_complex.py took 0.175 seconds
[2024-08-20T04:14:20.829+0000] {processor.py:186} INFO - Started process (PID=2906) to work on /home/airflow/.local/lib/python3.12/site-packages/airflow/example_dags/example_complex.py
[2024-08-20T04:14:20.831+0000] {processor.py:914} INFO - Processing file /home/airflow/.local/lib/python3.12/site-packages/airflow/example_dags/example_complex.py for tasks to queue
[2024-08-20T04:14:20.834+0000] {logging_mixin.py:190} INFO - [2024-08-20T04:14:20.834+0000] {dagbag.py:587} INFO - Filling up the DagBag from /home/airflow/.local/lib/python3.12/site-packages/airflow/example_dags/example_complex.py
[2024-08-20T04:14:20.851+0000] {processor.py:925} INFO - DAG(s) 'example_complex' retrieved from /home/airflow/.local/lib/python3.12/site-packages/airflow/example_dags/example_complex.py
[2024-08-20T04:14:20.901+0000] {logging_mixin.py:190} INFO - [2024-08-20T04:14:20.900+0000] {dag.py:3211} INFO - Sync 1 DAGs
[2024-08-20T04:14:20.924+0000] {logging_mixin.py:190} INFO - [2024-08-20T04:14:20.924+0000] {dag.py:4138} INFO - Setting next_dagrun for example_complex to None, run_after=None
[2024-08-20T04:14:20.961+0000] {processor.py:208} INFO - Processing /home/airflow/.local/lib/python3.12/site-packages/airflow/example_dags/example_complex.py took 0.141 seconds
[2024-08-20T04:14:51.685+0000] {processor.py:186} INFO - Started process (PID=2968) to work on /home/airflow/.local/lib/python3.12/site-packages/airflow/example_dags/example_complex.py
[2024-08-20T04:14:51.686+0000] {processor.py:914} INFO - Processing file /home/airflow/.local/lib/python3.12/site-packages/airflow/example_dags/example_complex.py for tasks to queue
[2024-08-20T04:14:51.692+0000] {logging_mixin.py:190} INFO - [2024-08-20T04:14:51.691+0000] {dagbag.py:587} INFO - Filling up the DagBag from /home/airflow/.local/lib/python3.12/site-packages/airflow/example_dags/example_complex.py
[2024-08-20T04:14:51.708+0000] {processor.py:925} INFO - DAG(s) 'example_complex' retrieved from /home/airflow/.local/lib/python3.12/site-packages/airflow/example_dags/example_complex.py
[2024-08-20T04:14:51.767+0000] {logging_mixin.py:190} INFO - [2024-08-20T04:14:51.766+0000] {dag.py:3211} INFO - Sync 1 DAGs
[2024-08-20T04:14:51.806+0000] {logging_mixin.py:190} INFO - [2024-08-20T04:14:51.805+0000] {dag.py:4138} INFO - Setting next_dagrun for example_complex to None, run_after=None
[2024-08-20T04:14:51.842+0000] {processor.py:208} INFO - Processing /home/airflow/.local/lib/python3.12/site-packages/airflow/example_dags/example_complex.py took 0.167 seconds
[2024-08-20T04:15:22.543+0000] {processor.py:186} INFO - Started process (PID=3030) to work on /home/airflow/.local/lib/python3.12/site-packages/airflow/example_dags/example_complex.py
[2024-08-20T04:15:22.544+0000] {processor.py:914} INFO - Processing file /home/airflow/.local/lib/python3.12/site-packages/airflow/example_dags/example_complex.py for tasks to queue
[2024-08-20T04:15:22.548+0000] {logging_mixin.py:190} INFO - [2024-08-20T04:15:22.547+0000] {dagbag.py:587} INFO - Filling up the DagBag from /home/airflow/.local/lib/python3.12/site-packages/airflow/example_dags/example_complex.py
[2024-08-20T04:15:22.566+0000] {processor.py:925} INFO - DAG(s) 'example_complex' retrieved from /home/airflow/.local/lib/python3.12/site-packages/airflow/example_dags/example_complex.py
[2024-08-20T04:15:22.615+0000] {logging_mixin.py:190} INFO - [2024-08-20T04:15:22.615+0000] {dag.py:3211} INFO - Sync 1 DAGs
[2024-08-20T04:15:22.638+0000] {logging_mixin.py:190} INFO - [2024-08-20T04:15:22.638+0000] {dag.py:4138} INFO - Setting next_dagrun for example_complex to None, run_after=None
[2024-08-20T04:15:22.663+0000] {processor.py:208} INFO - Processing /home/airflow/.local/lib/python3.12/site-packages/airflow/example_dags/example_complex.py took 0.130 seconds
[2024-08-20T04:15:54.509+0000] {processor.py:186} INFO - Started process (PID=3092) to work on /home/airflow/.local/lib/python3.12/site-packages/airflow/example_dags/example_complex.py
[2024-08-20T04:15:54.512+0000] {processor.py:914} INFO - Processing file /home/airflow/.local/lib/python3.12/site-packages/airflow/example_dags/example_complex.py for tasks to queue
[2024-08-20T04:15:54.518+0000] {logging_mixin.py:190} INFO - [2024-08-20T04:15:54.517+0000] {dagbag.py:587} INFO - Filling up the DagBag from /home/airflow/.local/lib/python3.12/site-packages/airflow/example_dags/example_complex.py
[2024-08-20T04:15:54.548+0000] {processor.py:925} INFO - DAG(s) 'example_complex' retrieved from /home/airflow/.local/lib/python3.12/site-packages/airflow/example_dags/example_complex.py
[2024-08-20T04:15:54.617+0000] {logging_mixin.py:190} INFO - [2024-08-20T04:15:54.617+0000] {dag.py:3211} INFO - Sync 1 DAGs
[2024-08-20T04:15:54.642+0000] {logging_mixin.py:190} INFO - [2024-08-20T04:15:54.641+0000] {dag.py:4138} INFO - Setting next_dagrun for example_complex to None, run_after=None
[2024-08-20T04:15:54.671+0000] {processor.py:208} INFO - Processing /home/airflow/.local/lib/python3.12/site-packages/airflow/example_dags/example_complex.py took 0.176 seconds
