[2024-08-20T03:38:38.028+0000] {processor.py:186} INFO - Started process (PID=77) to work on /home/airflow/.local/lib/python3.12/site-packages/airflow/example_dags/example_sla_dag.py
[2024-08-20T03:38:38.030+0000] {processor.py:914} INFO - Processing file /home/airflow/.local/lib/python3.12/site-packages/airflow/example_dags/example_sla_dag.py for tasks to queue
[2024-08-20T03:38:38.033+0000] {logging_mixin.py:190} INFO - [2024-08-20T03:38:38.033+0000] {dagbag.py:587} INFO - Filling up the DagBag from /home/airflow/.local/lib/python3.12/site-packages/airflow/example_dags/example_sla_dag.py
[2024-08-20T03:38:38.048+0000] {processor.py:925} INFO - DAG(s) 'example_sla_dag' retrieved from /home/airflow/.local/lib/python3.12/site-packages/airflow/example_dags/example_sla_dag.py
[2024-08-20T03:38:38.201+0000] {logging_mixin.py:190} INFO - [2024-08-20T03:38:38.200+0000] {override.py:1858} INFO - Created Permission View: can edit on DAG:example_sla_dag
[2024-08-20T03:38:38.227+0000] {logging_mixin.py:190} INFO - [2024-08-20T03:38:38.226+0000] {override.py:1858} INFO - Created Permission View: can read on DAG:example_sla_dag
[2024-08-20T03:38:38.264+0000] {logging_mixin.py:190} INFO - [2024-08-20T03:38:38.263+0000] {override.py:1858} INFO - Created Permission View: can delete on DAG:example_sla_dag
[2024-08-20T03:38:38.267+0000] {logging_mixin.py:190} INFO - [2024-08-20T03:38:38.266+0000] {dag.py:3211} INFO - Sync 1 DAGs
[2024-08-20T03:38:38.289+0000] {logging_mixin.py:190} INFO - [2024-08-20T03:38:38.289+0000] {dag.py:3234} INFO - Creating ORM DAG for example_sla_dag
[2024-08-20T03:38:38.308+0000] {logging_mixin.py:190} INFO - [2024-08-20T03:38:38.307+0000] {dag.py:4138} INFO - Setting next_dagrun for example_sla_dag to 2024-08-20 03:36:00+00:00, run_after=2024-08-20 03:38:00+00:00
[2024-08-20T03:38:38.330+0000] {processor.py:208} INFO - Processing /home/airflow/.local/lib/python3.12/site-packages/airflow/example_dags/example_sla_dag.py took 0.311 seconds
[2024-08-20T03:39:08.444+0000] {processor.py:186} INFO - Started process (PID=139) to work on /home/airflow/.local/lib/python3.12/site-packages/airflow/example_dags/example_sla_dag.py
[2024-08-20T03:39:08.446+0000] {processor.py:914} INFO - Processing file /home/airflow/.local/lib/python3.12/site-packages/airflow/example_dags/example_sla_dag.py for tasks to queue
[2024-08-20T03:39:08.451+0000] {logging_mixin.py:190} INFO - [2024-08-20T03:39:08.450+0000] {dagbag.py:587} INFO - Filling up the DagBag from /home/airflow/.local/lib/python3.12/site-packages/airflow/example_dags/example_sla_dag.py
[2024-08-20T03:39:08.467+0000] {processor.py:925} INFO - DAG(s) 'example_sla_dag' retrieved from /home/airflow/.local/lib/python3.12/site-packages/airflow/example_dags/example_sla_dag.py
[2024-08-20T03:39:08.495+0000] {logging_mixin.py:190} INFO - [2024-08-20T03:39:08.494+0000] {dag.py:3211} INFO - Sync 1 DAGs
[2024-08-20T03:39:08.533+0000] {logging_mixin.py:190} INFO - [2024-08-20T03:39:08.532+0000] {dag.py:4138} INFO - Setting next_dagrun for example_sla_dag to 2024-08-20 03:36:00+00:00, run_after=2024-08-20 03:38:00+00:00
[2024-08-20T03:39:08.565+0000] {processor.py:208} INFO - Processing /home/airflow/.local/lib/python3.12/site-packages/airflow/example_dags/example_sla_dag.py took 0.130 seconds
[2024-08-20T03:39:39.417+0000] {processor.py:186} INFO - Started process (PID=201) to work on /home/airflow/.local/lib/python3.12/site-packages/airflow/example_dags/example_sla_dag.py
[2024-08-20T03:39:39.419+0000] {processor.py:914} INFO - Processing file /home/airflow/.local/lib/python3.12/site-packages/airflow/example_dags/example_sla_dag.py for tasks to queue
[2024-08-20T03:39:39.422+0000] {logging_mixin.py:190} INFO - [2024-08-20T03:39:39.421+0000] {dagbag.py:587} INFO - Filling up the DagBag from /home/airflow/.local/lib/python3.12/site-packages/airflow/example_dags/example_sla_dag.py
[2024-08-20T03:39:39.433+0000] {processor.py:925} INFO - DAG(s) 'example_sla_dag' retrieved from /home/airflow/.local/lib/python3.12/site-packages/airflow/example_dags/example_sla_dag.py
[2024-08-20T03:39:39.455+0000] {logging_mixin.py:190} INFO - [2024-08-20T03:39:39.454+0000] {dag.py:3211} INFO - Sync 1 DAGs
[2024-08-20T03:39:39.483+0000] {logging_mixin.py:190} INFO - [2024-08-20T03:39:39.483+0000] {dag.py:4138} INFO - Setting next_dagrun for example_sla_dag to 2024-08-20 03:36:00+00:00, run_after=2024-08-20 03:38:00+00:00
[2024-08-20T03:39:39.502+0000] {processor.py:208} INFO - Processing /home/airflow/.local/lib/python3.12/site-packages/airflow/example_dags/example_sla_dag.py took 0.091 seconds
[2024-08-20T03:40:10.381+0000] {processor.py:186} INFO - Started process (PID=263) to work on /home/airflow/.local/lib/python3.12/site-packages/airflow/example_dags/example_sla_dag.py
[2024-08-20T03:40:10.383+0000] {processor.py:914} INFO - Processing file /home/airflow/.local/lib/python3.12/site-packages/airflow/example_dags/example_sla_dag.py for tasks to queue
[2024-08-20T03:40:10.386+0000] {logging_mixin.py:190} INFO - [2024-08-20T03:40:10.386+0000] {dagbag.py:587} INFO - Filling up the DagBag from /home/airflow/.local/lib/python3.12/site-packages/airflow/example_dags/example_sla_dag.py
[2024-08-20T03:40:10.397+0000] {processor.py:925} INFO - DAG(s) 'example_sla_dag' retrieved from /home/airflow/.local/lib/python3.12/site-packages/airflow/example_dags/example_sla_dag.py
[2024-08-20T03:40:10.424+0000] {logging_mixin.py:190} INFO - [2024-08-20T03:40:10.423+0000] {dag.py:3211} INFO - Sync 1 DAGs
[2024-08-20T03:40:10.455+0000] {logging_mixin.py:190} INFO - [2024-08-20T03:40:10.454+0000] {dag.py:4138} INFO - Setting next_dagrun for example_sla_dag to 2024-08-20 03:38:00+00:00, run_after=2024-08-20 03:40:00+00:00
[2024-08-20T03:40:10.479+0000] {processor.py:208} INFO - Processing /home/airflow/.local/lib/python3.12/site-packages/airflow/example_dags/example_sla_dag.py took 0.104 seconds
[2024-08-20T03:40:40.721+0000] {processor.py:186} INFO - Started process (PID=325) to work on /home/airflow/.local/lib/python3.12/site-packages/airflow/example_dags/example_sla_dag.py
[2024-08-20T03:40:40.723+0000] {processor.py:914} INFO - Processing file /home/airflow/.local/lib/python3.12/site-packages/airflow/example_dags/example_sla_dag.py for tasks to queue
[2024-08-20T03:40:40.726+0000] {logging_mixin.py:190} INFO - [2024-08-20T03:40:40.726+0000] {dagbag.py:587} INFO - Filling up the DagBag from /home/airflow/.local/lib/python3.12/site-packages/airflow/example_dags/example_sla_dag.py
[2024-08-20T03:40:40.739+0000] {processor.py:925} INFO - DAG(s) 'example_sla_dag' retrieved from /home/airflow/.local/lib/python3.12/site-packages/airflow/example_dags/example_sla_dag.py
[2024-08-20T03:40:40.763+0000] {logging_mixin.py:190} INFO - [2024-08-20T03:40:40.762+0000] {dag.py:3211} INFO - Sync 1 DAGs
[2024-08-20T03:40:40.794+0000] {logging_mixin.py:190} INFO - [2024-08-20T03:40:40.793+0000] {dag.py:4138} INFO - Setting next_dagrun for example_sla_dag to 2024-08-20 03:38:00+00:00, run_after=2024-08-20 03:40:00+00:00
[2024-08-20T03:40:40.815+0000] {processor.py:208} INFO - Processing /home/airflow/.local/lib/python3.12/site-packages/airflow/example_dags/example_sla_dag.py took 0.100 seconds
[2024-08-20T03:41:11.117+0000] {processor.py:186} INFO - Started process (PID=387) to work on /home/airflow/.local/lib/python3.12/site-packages/airflow/example_dags/example_sla_dag.py
[2024-08-20T03:41:11.118+0000] {processor.py:914} INFO - Processing file /home/airflow/.local/lib/python3.12/site-packages/airflow/example_dags/example_sla_dag.py for tasks to queue
[2024-08-20T03:41:11.121+0000] {logging_mixin.py:190} INFO - [2024-08-20T03:41:11.121+0000] {dagbag.py:587} INFO - Filling up the DagBag from /home/airflow/.local/lib/python3.12/site-packages/airflow/example_dags/example_sla_dag.py
[2024-08-20T03:41:11.134+0000] {processor.py:925} INFO - DAG(s) 'example_sla_dag' retrieved from /home/airflow/.local/lib/python3.12/site-packages/airflow/example_dags/example_sla_dag.py
[2024-08-20T03:41:11.157+0000] {logging_mixin.py:190} INFO - [2024-08-20T03:41:11.156+0000] {dag.py:3211} INFO - Sync 1 DAGs
[2024-08-20T03:41:11.188+0000] {logging_mixin.py:190} INFO - [2024-08-20T03:41:11.188+0000] {dag.py:4138} INFO - Setting next_dagrun for example_sla_dag to 2024-08-20 03:38:00+00:00, run_after=2024-08-20 03:40:00+00:00
[2024-08-20T03:41:11.212+0000] {processor.py:208} INFO - Processing /home/airflow/.local/lib/python3.12/site-packages/airflow/example_dags/example_sla_dag.py took 0.102 seconds
[2024-08-20T03:41:42.046+0000] {processor.py:186} INFO - Started process (PID=449) to work on /home/airflow/.local/lib/python3.12/site-packages/airflow/example_dags/example_sla_dag.py
[2024-08-20T03:41:42.047+0000] {processor.py:914} INFO - Processing file /home/airflow/.local/lib/python3.12/site-packages/airflow/example_dags/example_sla_dag.py for tasks to queue
[2024-08-20T03:41:42.050+0000] {logging_mixin.py:190} INFO - [2024-08-20T03:41:42.049+0000] {dagbag.py:587} INFO - Filling up the DagBag from /home/airflow/.local/lib/python3.12/site-packages/airflow/example_dags/example_sla_dag.py
[2024-08-20T03:41:42.060+0000] {processor.py:925} INFO - DAG(s) 'example_sla_dag' retrieved from /home/airflow/.local/lib/python3.12/site-packages/airflow/example_dags/example_sla_dag.py
[2024-08-20T03:41:42.083+0000] {logging_mixin.py:190} INFO - [2024-08-20T03:41:42.083+0000] {dag.py:3211} INFO - Sync 1 DAGs
[2024-08-20T03:41:42.113+0000] {logging_mixin.py:190} INFO - [2024-08-20T03:41:42.113+0000] {dag.py:4138} INFO - Setting next_dagrun for example_sla_dag to 2024-08-20 03:38:00+00:00, run_after=2024-08-20 03:40:00+00:00
[2024-08-20T03:41:42.133+0000] {processor.py:208} INFO - Processing /home/airflow/.local/lib/python3.12/site-packages/airflow/example_dags/example_sla_dag.py took 0.094 seconds
[2024-08-20T03:42:13.326+0000] {processor.py:186} INFO - Started process (PID=511) to work on /home/airflow/.local/lib/python3.12/site-packages/airflow/example_dags/example_sla_dag.py
[2024-08-20T03:42:13.328+0000] {processor.py:914} INFO - Processing file /home/airflow/.local/lib/python3.12/site-packages/airflow/example_dags/example_sla_dag.py for tasks to queue
[2024-08-20T03:42:13.332+0000] {logging_mixin.py:190} INFO - [2024-08-20T03:42:13.332+0000] {dagbag.py:587} INFO - Filling up the DagBag from /home/airflow/.local/lib/python3.12/site-packages/airflow/example_dags/example_sla_dag.py
[2024-08-20T03:42:13.348+0000] {processor.py:925} INFO - DAG(s) 'example_sla_dag' retrieved from /home/airflow/.local/lib/python3.12/site-packages/airflow/example_dags/example_sla_dag.py
[2024-08-20T03:42:13.384+0000] {logging_mixin.py:190} INFO - [2024-08-20T03:42:13.383+0000] {dag.py:3211} INFO - Sync 1 DAGs
[2024-08-20T03:42:13.414+0000] {logging_mixin.py:190} INFO - [2024-08-20T03:42:13.414+0000] {dag.py:4138} INFO - Setting next_dagrun for example_sla_dag to 2024-08-20 03:40:00+00:00, run_after=2024-08-20 03:42:00+00:00
[2024-08-20T03:42:13.443+0000] {processor.py:208} INFO - Processing /home/airflow/.local/lib/python3.12/site-packages/airflow/example_dags/example_sla_dag.py took 0.127 seconds
[2024-08-20T03:42:43.561+0000] {processor.py:186} INFO - Started process (PID=573) to work on /home/airflow/.local/lib/python3.12/site-packages/airflow/example_dags/example_sla_dag.py
[2024-08-20T03:42:43.562+0000] {processor.py:914} INFO - Processing file /home/airflow/.local/lib/python3.12/site-packages/airflow/example_dags/example_sla_dag.py for tasks to queue
[2024-08-20T03:42:43.567+0000] {logging_mixin.py:190} INFO - [2024-08-20T03:42:43.566+0000] {dagbag.py:587} INFO - Filling up the DagBag from /home/airflow/.local/lib/python3.12/site-packages/airflow/example_dags/example_sla_dag.py
[2024-08-20T03:42:43.580+0000] {processor.py:925} INFO - DAG(s) 'example_sla_dag' retrieved from /home/airflow/.local/lib/python3.12/site-packages/airflow/example_dags/example_sla_dag.py
[2024-08-20T03:42:43.602+0000] {logging_mixin.py:190} INFO - [2024-08-20T03:42:43.602+0000] {dag.py:3211} INFO - Sync 1 DAGs
[2024-08-20T03:42:43.634+0000] {logging_mixin.py:190} INFO - [2024-08-20T03:42:43.634+0000] {dag.py:4138} INFO - Setting next_dagrun for example_sla_dag to 2024-08-20 03:40:00+00:00, run_after=2024-08-20 03:42:00+00:00
[2024-08-20T03:42:43.655+0000] {processor.py:208} INFO - Processing /home/airflow/.local/lib/python3.12/site-packages/airflow/example_dags/example_sla_dag.py took 0.102 seconds
[2024-08-20T03:43:14.561+0000] {processor.py:186} INFO - Started process (PID=635) to work on /home/airflow/.local/lib/python3.12/site-packages/airflow/example_dags/example_sla_dag.py
[2024-08-20T03:43:14.563+0000] {processor.py:914} INFO - Processing file /home/airflow/.local/lib/python3.12/site-packages/airflow/example_dags/example_sla_dag.py for tasks to queue
[2024-08-20T03:43:14.568+0000] {logging_mixin.py:190} INFO - [2024-08-20T03:43:14.567+0000] {dagbag.py:587} INFO - Filling up the DagBag from /home/airflow/.local/lib/python3.12/site-packages/airflow/example_dags/example_sla_dag.py
[2024-08-20T03:43:14.585+0000] {processor.py:925} INFO - DAG(s) 'example_sla_dag' retrieved from /home/airflow/.local/lib/python3.12/site-packages/airflow/example_dags/example_sla_dag.py
[2024-08-20T03:43:14.618+0000] {logging_mixin.py:190} INFO - [2024-08-20T03:43:14.618+0000] {dag.py:3211} INFO - Sync 1 DAGs
[2024-08-20T03:43:14.667+0000] {logging_mixin.py:190} INFO - [2024-08-20T03:43:14.666+0000] {dag.py:4138} INFO - Setting next_dagrun for example_sla_dag to 2024-08-20 03:40:00+00:00, run_after=2024-08-20 03:42:00+00:00
[2024-08-20T03:43:14.696+0000] {processor.py:208} INFO - Processing /home/airflow/.local/lib/python3.12/site-packages/airflow/example_dags/example_sla_dag.py took 0.147 seconds
[2024-08-20T03:43:44.748+0000] {processor.py:186} INFO - Started process (PID=697) to work on /home/airflow/.local/lib/python3.12/site-packages/airflow/example_dags/example_sla_dag.py
[2024-08-20T03:43:44.749+0000] {processor.py:914} INFO - Processing file /home/airflow/.local/lib/python3.12/site-packages/airflow/example_dags/example_sla_dag.py for tasks to queue
[2024-08-20T03:43:44.752+0000] {logging_mixin.py:190} INFO - [2024-08-20T03:43:44.751+0000] {dagbag.py:587} INFO - Filling up the DagBag from /home/airflow/.local/lib/python3.12/site-packages/airflow/example_dags/example_sla_dag.py
[2024-08-20T03:43:44.764+0000] {processor.py:925} INFO - DAG(s) 'example_sla_dag' retrieved from /home/airflow/.local/lib/python3.12/site-packages/airflow/example_dags/example_sla_dag.py
[2024-08-20T03:43:44.803+0000] {logging_mixin.py:190} INFO - [2024-08-20T03:43:44.803+0000] {dag.py:3211} INFO - Sync 1 DAGs
[2024-08-20T03:43:44.839+0000] {logging_mixin.py:190} INFO - [2024-08-20T03:43:44.839+0000] {dag.py:4138} INFO - Setting next_dagrun for example_sla_dag to 2024-08-20 03:40:00+00:00, run_after=2024-08-20 03:42:00+00:00
[2024-08-20T03:43:44.863+0000] {processor.py:208} INFO - Processing /home/airflow/.local/lib/python3.12/site-packages/airflow/example_dags/example_sla_dag.py took 0.122 seconds
[2024-08-20T03:44:15.111+0000] {processor.py:186} INFO - Started process (PID=759) to work on /home/airflow/.local/lib/python3.12/site-packages/airflow/example_dags/example_sla_dag.py
[2024-08-20T03:44:15.112+0000] {processor.py:914} INFO - Processing file /home/airflow/.local/lib/python3.12/site-packages/airflow/example_dags/example_sla_dag.py for tasks to queue
[2024-08-20T03:44:15.115+0000] {logging_mixin.py:190} INFO - [2024-08-20T03:44:15.115+0000] {dagbag.py:587} INFO - Filling up the DagBag from /home/airflow/.local/lib/python3.12/site-packages/airflow/example_dags/example_sla_dag.py
[2024-08-20T03:44:15.127+0000] {processor.py:925} INFO - DAG(s) 'example_sla_dag' retrieved from /home/airflow/.local/lib/python3.12/site-packages/airflow/example_dags/example_sla_dag.py
[2024-08-20T03:44:15.150+0000] {logging_mixin.py:190} INFO - [2024-08-20T03:44:15.150+0000] {dag.py:3211} INFO - Sync 1 DAGs
[2024-08-20T03:44:15.177+0000] {logging_mixin.py:190} INFO - [2024-08-20T03:44:15.177+0000] {dag.py:4138} INFO - Setting next_dagrun for example_sla_dag to 2024-08-20 03:42:00+00:00, run_after=2024-08-20 03:44:00+00:00
[2024-08-20T03:44:15.197+0000] {processor.py:208} INFO - Processing /home/airflow/.local/lib/python3.12/site-packages/airflow/example_dags/example_sla_dag.py took 0.093 seconds
[2024-08-20T03:44:45.551+0000] {processor.py:186} INFO - Started process (PID=821) to work on /home/airflow/.local/lib/python3.12/site-packages/airflow/example_dags/example_sla_dag.py
[2024-08-20T03:44:45.552+0000] {processor.py:914} INFO - Processing file /home/airflow/.local/lib/python3.12/site-packages/airflow/example_dags/example_sla_dag.py for tasks to queue
[2024-08-20T03:44:45.556+0000] {logging_mixin.py:190} INFO - [2024-08-20T03:44:45.555+0000] {dagbag.py:587} INFO - Filling up the DagBag from /home/airflow/.local/lib/python3.12/site-packages/airflow/example_dags/example_sla_dag.py
[2024-08-20T03:44:45.569+0000] {processor.py:925} INFO - DAG(s) 'example_sla_dag' retrieved from /home/airflow/.local/lib/python3.12/site-packages/airflow/example_dags/example_sla_dag.py
[2024-08-20T03:44:45.614+0000] {logging_mixin.py:190} INFO - [2024-08-20T03:44:45.604+0000] {dag.py:3211} INFO - Sync 1 DAGs
[2024-08-20T03:44:45.685+0000] {logging_mixin.py:190} INFO - [2024-08-20T03:44:45.684+0000] {dag.py:4138} INFO - Setting next_dagrun for example_sla_dag to 2024-08-20 03:42:00+00:00, run_after=2024-08-20 03:44:00+00:00
[2024-08-20T03:44:45.708+0000] {processor.py:208} INFO - Processing /home/airflow/.local/lib/python3.12/site-packages/airflow/example_dags/example_sla_dag.py took 0.165 seconds
[2024-08-20T03:45:17.233+0000] {processor.py:186} INFO - Started process (PID=883) to work on /home/airflow/.local/lib/python3.12/site-packages/airflow/example_dags/example_sla_dag.py
[2024-08-20T03:45:17.234+0000] {processor.py:914} INFO - Processing file /home/airflow/.local/lib/python3.12/site-packages/airflow/example_dags/example_sla_dag.py for tasks to queue
[2024-08-20T03:45:17.238+0000] {logging_mixin.py:190} INFO - [2024-08-20T03:45:17.237+0000] {dagbag.py:587} INFO - Filling up the DagBag from /home/airflow/.local/lib/python3.12/site-packages/airflow/example_dags/example_sla_dag.py
[2024-08-20T03:45:17.256+0000] {processor.py:925} INFO - DAG(s) 'example_sla_dag' retrieved from /home/airflow/.local/lib/python3.12/site-packages/airflow/example_dags/example_sla_dag.py
[2024-08-20T03:45:17.288+0000] {logging_mixin.py:190} INFO - [2024-08-20T03:45:17.287+0000] {dag.py:3211} INFO - Sync 1 DAGs
[2024-08-20T03:45:17.326+0000] {logging_mixin.py:190} INFO - [2024-08-20T03:45:17.326+0000] {dag.py:4138} INFO - Setting next_dagrun for example_sla_dag to 2024-08-20 03:42:00+00:00, run_after=2024-08-20 03:44:00+00:00
[2024-08-20T03:45:17.354+0000] {processor.py:208} INFO - Processing /home/airflow/.local/lib/python3.12/site-packages/airflow/example_dags/example_sla_dag.py took 0.138 seconds
[2024-08-20T03:45:48.137+0000] {processor.py:186} INFO - Started process (PID=945) to work on /home/airflow/.local/lib/python3.12/site-packages/airflow/example_dags/example_sla_dag.py
[2024-08-20T03:45:48.139+0000] {processor.py:914} INFO - Processing file /home/airflow/.local/lib/python3.12/site-packages/airflow/example_dags/example_sla_dag.py for tasks to queue
[2024-08-20T03:45:48.143+0000] {logging_mixin.py:190} INFO - [2024-08-20T03:45:48.142+0000] {dagbag.py:587} INFO - Filling up the DagBag from /home/airflow/.local/lib/python3.12/site-packages/airflow/example_dags/example_sla_dag.py
[2024-08-20T03:45:48.155+0000] {processor.py:925} INFO - DAG(s) 'example_sla_dag' retrieved from /home/airflow/.local/lib/python3.12/site-packages/airflow/example_dags/example_sla_dag.py
[2024-08-20T03:45:48.180+0000] {logging_mixin.py:190} INFO - [2024-08-20T03:45:48.180+0000] {dag.py:3211} INFO - Sync 1 DAGs
[2024-08-20T03:45:48.207+0000] {logging_mixin.py:190} INFO - [2024-08-20T03:45:48.207+0000] {dag.py:4138} INFO - Setting next_dagrun for example_sla_dag to 2024-08-20 03:42:00+00:00, run_after=2024-08-20 03:44:00+00:00
[2024-08-20T03:45:48.227+0000] {processor.py:208} INFO - Processing /home/airflow/.local/lib/python3.12/site-packages/airflow/example_dags/example_sla_dag.py took 0.096 seconds
[2024-08-20T03:46:18.714+0000] {processor.py:186} INFO - Started process (PID=1007) to work on /home/airflow/.local/lib/python3.12/site-packages/airflow/example_dags/example_sla_dag.py
[2024-08-20T03:46:18.716+0000] {processor.py:914} INFO - Processing file /home/airflow/.local/lib/python3.12/site-packages/airflow/example_dags/example_sla_dag.py for tasks to queue
[2024-08-20T03:46:18.719+0000] {logging_mixin.py:190} INFO - [2024-08-20T03:46:18.719+0000] {dagbag.py:587} INFO - Filling up the DagBag from /home/airflow/.local/lib/python3.12/site-packages/airflow/example_dags/example_sla_dag.py
[2024-08-20T03:46:18.733+0000] {processor.py:925} INFO - DAG(s) 'example_sla_dag' retrieved from /home/airflow/.local/lib/python3.12/site-packages/airflow/example_dags/example_sla_dag.py
[2024-08-20T03:46:18.766+0000] {logging_mixin.py:190} INFO - [2024-08-20T03:46:18.766+0000] {dag.py:3211} INFO - Sync 1 DAGs
[2024-08-20T03:46:18.801+0000] {logging_mixin.py:190} INFO - [2024-08-20T03:46:18.801+0000] {dag.py:4138} INFO - Setting next_dagrun for example_sla_dag to 2024-08-20 03:44:00+00:00, run_after=2024-08-20 03:46:00+00:00
[2024-08-20T03:46:18.827+0000] {processor.py:208} INFO - Processing /home/airflow/.local/lib/python3.12/site-packages/airflow/example_dags/example_sla_dag.py took 0.124 seconds
[2024-08-20T03:46:49.247+0000] {processor.py:186} INFO - Started process (PID=1069) to work on /home/airflow/.local/lib/python3.12/site-packages/airflow/example_dags/example_sla_dag.py
[2024-08-20T03:46:49.248+0000] {processor.py:914} INFO - Processing file /home/airflow/.local/lib/python3.12/site-packages/airflow/example_dags/example_sla_dag.py for tasks to queue
[2024-08-20T03:46:49.251+0000] {logging_mixin.py:190} INFO - [2024-08-20T03:46:49.251+0000] {dagbag.py:587} INFO - Filling up the DagBag from /home/airflow/.local/lib/python3.12/site-packages/airflow/example_dags/example_sla_dag.py
[2024-08-20T03:46:49.264+0000] {processor.py:925} INFO - DAG(s) 'example_sla_dag' retrieved from /home/airflow/.local/lib/python3.12/site-packages/airflow/example_dags/example_sla_dag.py
[2024-08-20T03:46:49.288+0000] {logging_mixin.py:190} INFO - [2024-08-20T03:46:49.288+0000] {dag.py:3211} INFO - Sync 1 DAGs
[2024-08-20T03:46:49.320+0000] {logging_mixin.py:190} INFO - [2024-08-20T03:46:49.320+0000] {dag.py:4138} INFO - Setting next_dagrun for example_sla_dag to 2024-08-20 03:44:00+00:00, run_after=2024-08-20 03:46:00+00:00
[2024-08-20T03:46:49.345+0000] {processor.py:208} INFO - Processing /home/airflow/.local/lib/python3.12/site-packages/airflow/example_dags/example_sla_dag.py took 0.106 seconds
[2024-08-20T03:47:20.148+0000] {processor.py:186} INFO - Started process (PID=1131) to work on /home/airflow/.local/lib/python3.12/site-packages/airflow/example_dags/example_sla_dag.py
[2024-08-20T03:47:20.150+0000] {processor.py:914} INFO - Processing file /home/airflow/.local/lib/python3.12/site-packages/airflow/example_dags/example_sla_dag.py for tasks to queue
[2024-08-20T03:47:20.153+0000] {logging_mixin.py:190} INFO - [2024-08-20T03:47:20.152+0000] {dagbag.py:587} INFO - Filling up the DagBag from /home/airflow/.local/lib/python3.12/site-packages/airflow/example_dags/example_sla_dag.py
[2024-08-20T03:47:20.164+0000] {processor.py:925} INFO - DAG(s) 'example_sla_dag' retrieved from /home/airflow/.local/lib/python3.12/site-packages/airflow/example_dags/example_sla_dag.py
[2024-08-20T03:47:20.186+0000] {logging_mixin.py:190} INFO - [2024-08-20T03:47:20.186+0000] {dag.py:3211} INFO - Sync 1 DAGs
[2024-08-20T03:47:20.216+0000] {logging_mixin.py:190} INFO - [2024-08-20T03:47:20.216+0000] {dag.py:4138} INFO - Setting next_dagrun for example_sla_dag to 2024-08-20 03:44:00+00:00, run_after=2024-08-20 03:46:00+00:00
[2024-08-20T03:47:20.238+0000] {processor.py:208} INFO - Processing /home/airflow/.local/lib/python3.12/site-packages/airflow/example_dags/example_sla_dag.py took 0.096 seconds
[2024-08-20T03:47:50.840+0000] {processor.py:186} INFO - Started process (PID=1194) to work on /home/airflow/.local/lib/python3.12/site-packages/airflow/example_dags/example_sla_dag.py
[2024-08-20T03:47:50.841+0000] {processor.py:914} INFO - Processing file /home/airflow/.local/lib/python3.12/site-packages/airflow/example_dags/example_sla_dag.py for tasks to queue
[2024-08-20T03:47:50.844+0000] {logging_mixin.py:190} INFO - [2024-08-20T03:47:50.844+0000] {dagbag.py:587} INFO - Filling up the DagBag from /home/airflow/.local/lib/python3.12/site-packages/airflow/example_dags/example_sla_dag.py
[2024-08-20T03:47:50.857+0000] {processor.py:925} INFO - DAG(s) 'example_sla_dag' retrieved from /home/airflow/.local/lib/python3.12/site-packages/airflow/example_dags/example_sla_dag.py
[2024-08-20T03:47:50.882+0000] {logging_mixin.py:190} INFO - [2024-08-20T03:47:50.882+0000] {dag.py:3211} INFO - Sync 1 DAGs
[2024-08-20T03:47:50.914+0000] {logging_mixin.py:190} INFO - [2024-08-20T03:47:50.914+0000] {dag.py:4138} INFO - Setting next_dagrun for example_sla_dag to 2024-08-20 03:44:00+00:00, run_after=2024-08-20 03:46:00+00:00
[2024-08-20T03:47:50.938+0000] {processor.py:208} INFO - Processing /home/airflow/.local/lib/python3.12/site-packages/airflow/example_dags/example_sla_dag.py took 0.106 seconds
[2024-08-20T03:48:21.344+0000] {processor.py:186} INFO - Started process (PID=1256) to work on /home/airflow/.local/lib/python3.12/site-packages/airflow/example_dags/example_sla_dag.py
[2024-08-20T03:48:21.346+0000] {processor.py:914} INFO - Processing file /home/airflow/.local/lib/python3.12/site-packages/airflow/example_dags/example_sla_dag.py for tasks to queue
[2024-08-20T03:48:21.348+0000] {logging_mixin.py:190} INFO - [2024-08-20T03:48:21.348+0000] {dagbag.py:587} INFO - Filling up the DagBag from /home/airflow/.local/lib/python3.12/site-packages/airflow/example_dags/example_sla_dag.py
[2024-08-20T03:48:21.360+0000] {processor.py:925} INFO - DAG(s) 'example_sla_dag' retrieved from /home/airflow/.local/lib/python3.12/site-packages/airflow/example_dags/example_sla_dag.py
[2024-08-20T03:48:21.382+0000] {logging_mixin.py:190} INFO - [2024-08-20T03:48:21.381+0000] {dag.py:3211} INFO - Sync 1 DAGs
[2024-08-20T03:48:21.410+0000] {logging_mixin.py:190} INFO - [2024-08-20T03:48:21.410+0000] {dag.py:4138} INFO - Setting next_dagrun for example_sla_dag to 2024-08-20 03:46:00+00:00, run_after=2024-08-20 03:48:00+00:00
[2024-08-20T03:48:21.430+0000] {processor.py:208} INFO - Processing /home/airflow/.local/lib/python3.12/site-packages/airflow/example_dags/example_sla_dag.py took 0.093 seconds
[2024-08-20T03:51:13.194+0000] {processor.py:186} INFO - Started process (PID=74) to work on /home/airflow/.local/lib/python3.12/site-packages/airflow/example_dags/example_sla_dag.py
[2024-08-20T03:51:13.196+0000] {processor.py:914} INFO - Processing file /home/airflow/.local/lib/python3.12/site-packages/airflow/example_dags/example_sla_dag.py for tasks to queue
[2024-08-20T03:51:13.199+0000] {logging_mixin.py:190} INFO - [2024-08-20T03:51:13.198+0000] {dagbag.py:587} INFO - Filling up the DagBag from /home/airflow/.local/lib/python3.12/site-packages/airflow/example_dags/example_sla_dag.py
[2024-08-20T03:51:13.213+0000] {processor.py:925} INFO - DAG(s) 'example_sla_dag' retrieved from /home/airflow/.local/lib/python3.12/site-packages/airflow/example_dags/example_sla_dag.py
[2024-08-20T03:51:13.246+0000] {logging_mixin.py:190} INFO - [2024-08-20T03:51:13.245+0000] {dag.py:3211} INFO - Sync 1 DAGs
[2024-08-20T03:51:13.280+0000] {logging_mixin.py:190} INFO - [2024-08-20T03:51:13.280+0000] {dag.py:4138} INFO - Setting next_dagrun for example_sla_dag to 2024-08-20 03:48:00+00:00, run_after=2024-08-20 03:50:00+00:00
[2024-08-20T03:51:13.320+0000] {processor.py:208} INFO - Processing /home/airflow/.local/lib/python3.12/site-packages/airflow/example_dags/example_sla_dag.py took 0.132 seconds
[2024-08-20T03:51:43.809+0000] {processor.py:186} INFO - Started process (PID=137) to work on /home/airflow/.local/lib/python3.12/site-packages/airflow/example_dags/example_sla_dag.py
[2024-08-20T03:51:43.811+0000] {processor.py:914} INFO - Processing file /home/airflow/.local/lib/python3.12/site-packages/airflow/example_dags/example_sla_dag.py for tasks to queue
[2024-08-20T03:51:43.814+0000] {logging_mixin.py:190} INFO - [2024-08-20T03:51:43.813+0000] {dagbag.py:587} INFO - Filling up the DagBag from /home/airflow/.local/lib/python3.12/site-packages/airflow/example_dags/example_sla_dag.py
[2024-08-20T03:51:43.843+0000] {processor.py:925} INFO - DAG(s) 'example_sla_dag' retrieved from /home/airflow/.local/lib/python3.12/site-packages/airflow/example_dags/example_sla_dag.py
[2024-08-20T03:51:43.885+0000] {logging_mixin.py:190} INFO - [2024-08-20T03:51:43.885+0000] {dag.py:3211} INFO - Sync 1 DAGs
[2024-08-20T03:51:43.935+0000] {logging_mixin.py:190} INFO - [2024-08-20T03:51:43.934+0000] {dag.py:4138} INFO - Setting next_dagrun for example_sla_dag to 2024-08-20 03:48:00+00:00, run_after=2024-08-20 03:50:00+00:00
[2024-08-20T03:51:43.984+0000] {processor.py:208} INFO - Processing /home/airflow/.local/lib/python3.12/site-packages/airflow/example_dags/example_sla_dag.py took 0.182 seconds
[2024-08-20T03:52:14.113+0000] {processor.py:186} INFO - Started process (PID=200) to work on /home/airflow/.local/lib/python3.12/site-packages/airflow/example_dags/example_sla_dag.py
[2024-08-20T03:52:14.114+0000] {processor.py:914} INFO - Processing file /home/airflow/.local/lib/python3.12/site-packages/airflow/example_dags/example_sla_dag.py for tasks to queue
[2024-08-20T03:52:14.117+0000] {logging_mixin.py:190} INFO - [2024-08-20T03:52:14.117+0000] {dagbag.py:587} INFO - Filling up the DagBag from /home/airflow/.local/lib/python3.12/site-packages/airflow/example_dags/example_sla_dag.py
[2024-08-20T03:52:14.129+0000] {processor.py:925} INFO - DAG(s) 'example_sla_dag' retrieved from /home/airflow/.local/lib/python3.12/site-packages/airflow/example_dags/example_sla_dag.py
[2024-08-20T03:52:14.157+0000] {logging_mixin.py:190} INFO - [2024-08-20T03:52:14.156+0000] {dag.py:3211} INFO - Sync 1 DAGs
[2024-08-20T03:52:14.188+0000] {logging_mixin.py:190} INFO - [2024-08-20T03:52:14.188+0000] {dag.py:4138} INFO - Setting next_dagrun for example_sla_dag to 2024-08-20 03:50:00+00:00, run_after=2024-08-20 03:52:00+00:00
[2024-08-20T03:52:14.214+0000] {processor.py:208} INFO - Processing /home/airflow/.local/lib/python3.12/site-packages/airflow/example_dags/example_sla_dag.py took 0.109 seconds
[2024-08-20T03:52:44.513+0000] {processor.py:186} INFO - Started process (PID=262) to work on /home/airflow/.local/lib/python3.12/site-packages/airflow/example_dags/example_sla_dag.py
[2024-08-20T03:52:44.514+0000] {processor.py:914} INFO - Processing file /home/airflow/.local/lib/python3.12/site-packages/airflow/example_dags/example_sla_dag.py for tasks to queue
[2024-08-20T03:52:44.518+0000] {logging_mixin.py:190} INFO - [2024-08-20T03:52:44.518+0000] {dagbag.py:587} INFO - Filling up the DagBag from /home/airflow/.local/lib/python3.12/site-packages/airflow/example_dags/example_sla_dag.py
[2024-08-20T03:52:44.533+0000] {processor.py:925} INFO - DAG(s) 'example_sla_dag' retrieved from /home/airflow/.local/lib/python3.12/site-packages/airflow/example_dags/example_sla_dag.py
[2024-08-20T03:52:44.558+0000] {logging_mixin.py:190} INFO - [2024-08-20T03:52:44.557+0000] {dag.py:3211} INFO - Sync 1 DAGs
[2024-08-20T03:52:44.593+0000] {logging_mixin.py:190} INFO - [2024-08-20T03:52:44.593+0000] {dag.py:4138} INFO - Setting next_dagrun for example_sla_dag to 2024-08-20 03:50:00+00:00, run_after=2024-08-20 03:52:00+00:00
[2024-08-20T03:52:44.618+0000] {processor.py:208} INFO - Processing /home/airflow/.local/lib/python3.12/site-packages/airflow/example_dags/example_sla_dag.py took 0.113 seconds
[2024-08-20T03:53:14.771+0000] {processor.py:186} INFO - Started process (PID=324) to work on /home/airflow/.local/lib/python3.12/site-packages/airflow/example_dags/example_sla_dag.py
[2024-08-20T03:53:14.773+0000] {processor.py:914} INFO - Processing file /home/airflow/.local/lib/python3.12/site-packages/airflow/example_dags/example_sla_dag.py for tasks to queue
[2024-08-20T03:53:14.776+0000] {logging_mixin.py:190} INFO - [2024-08-20T03:53:14.775+0000] {dagbag.py:587} INFO - Filling up the DagBag from /home/airflow/.local/lib/python3.12/site-packages/airflow/example_dags/example_sla_dag.py
[2024-08-20T03:53:14.788+0000] {processor.py:925} INFO - DAG(s) 'example_sla_dag' retrieved from /home/airflow/.local/lib/python3.12/site-packages/airflow/example_dags/example_sla_dag.py
[2024-08-20T03:53:14.811+0000] {logging_mixin.py:190} INFO - [2024-08-20T03:53:14.811+0000] {dag.py:3211} INFO - Sync 1 DAGs
[2024-08-20T03:53:14.840+0000] {logging_mixin.py:190} INFO - [2024-08-20T03:53:14.840+0000] {dag.py:4138} INFO - Setting next_dagrun for example_sla_dag to 2024-08-20 03:50:00+00:00, run_after=2024-08-20 03:52:00+00:00
[2024-08-20T03:53:14.860+0000] {processor.py:208} INFO - Processing /home/airflow/.local/lib/python3.12/site-packages/airflow/example_dags/example_sla_dag.py took 0.096 seconds
[2024-08-20T03:53:44.971+0000] {processor.py:186} INFO - Started process (PID=385) to work on /home/airflow/.local/lib/python3.12/site-packages/airflow/example_dags/example_sla_dag.py
[2024-08-20T03:53:44.975+0000] {processor.py:914} INFO - Processing file /home/airflow/.local/lib/python3.12/site-packages/airflow/example_dags/example_sla_dag.py for tasks to queue
[2024-08-20T03:53:44.978+0000] {logging_mixin.py:190} INFO - [2024-08-20T03:53:44.978+0000] {dagbag.py:587} INFO - Filling up the DagBag from /home/airflow/.local/lib/python3.12/site-packages/airflow/example_dags/example_sla_dag.py
[2024-08-20T03:53:44.993+0000] {processor.py:925} INFO - DAG(s) 'example_sla_dag' retrieved from /home/airflow/.local/lib/python3.12/site-packages/airflow/example_dags/example_sla_dag.py
[2024-08-20T03:53:45.024+0000] {logging_mixin.py:190} INFO - [2024-08-20T03:53:45.024+0000] {dag.py:3211} INFO - Sync 1 DAGs
[2024-08-20T03:53:45.064+0000] {logging_mixin.py:190} INFO - [2024-08-20T03:53:45.064+0000] {dag.py:4138} INFO - Setting next_dagrun for example_sla_dag to 2024-08-20 03:50:00+00:00, run_after=2024-08-20 03:52:00+00:00
[2024-08-20T03:53:45.094+0000] {processor.py:208} INFO - Processing /home/airflow/.local/lib/python3.12/site-packages/airflow/example_dags/example_sla_dag.py took 0.134 seconds
[2024-08-20T03:54:15.191+0000] {processor.py:186} INFO - Started process (PID=446) to work on /home/airflow/.local/lib/python3.12/site-packages/airflow/example_dags/example_sla_dag.py
[2024-08-20T03:54:15.193+0000] {processor.py:914} INFO - Processing file /home/airflow/.local/lib/python3.12/site-packages/airflow/example_dags/example_sla_dag.py for tasks to queue
[2024-08-20T03:54:15.196+0000] {logging_mixin.py:190} INFO - [2024-08-20T03:54:15.195+0000] {dagbag.py:587} INFO - Filling up the DagBag from /home/airflow/.local/lib/python3.12/site-packages/airflow/example_dags/example_sla_dag.py
[2024-08-20T03:54:15.209+0000] {processor.py:925} INFO - DAG(s) 'example_sla_dag' retrieved from /home/airflow/.local/lib/python3.12/site-packages/airflow/example_dags/example_sla_dag.py
[2024-08-20T03:54:15.231+0000] {logging_mixin.py:190} INFO - [2024-08-20T03:54:15.231+0000] {dag.py:3211} INFO - Sync 1 DAGs
[2024-08-20T03:54:15.263+0000] {logging_mixin.py:190} INFO - [2024-08-20T03:54:15.263+0000] {dag.py:4138} INFO - Setting next_dagrun for example_sla_dag to 2024-08-20 03:52:00+00:00, run_after=2024-08-20 03:54:00+00:00
[2024-08-20T03:54:15.289+0000] {processor.py:208} INFO - Processing /home/airflow/.local/lib/python3.12/site-packages/airflow/example_dags/example_sla_dag.py took 0.107 seconds
[2024-08-20T03:54:45.560+0000] {processor.py:186} INFO - Started process (PID=508) to work on /home/airflow/.local/lib/python3.12/site-packages/airflow/example_dags/example_sla_dag.py
[2024-08-20T03:54:45.562+0000] {processor.py:914} INFO - Processing file /home/airflow/.local/lib/python3.12/site-packages/airflow/example_dags/example_sla_dag.py for tasks to queue
[2024-08-20T03:54:45.565+0000] {logging_mixin.py:190} INFO - [2024-08-20T03:54:45.565+0000] {dagbag.py:587} INFO - Filling up the DagBag from /home/airflow/.local/lib/python3.12/site-packages/airflow/example_dags/example_sla_dag.py
[2024-08-20T03:54:45.578+0000] {processor.py:925} INFO - DAG(s) 'example_sla_dag' retrieved from /home/airflow/.local/lib/python3.12/site-packages/airflow/example_dags/example_sla_dag.py
[2024-08-20T03:54:45.606+0000] {logging_mixin.py:190} INFO - [2024-08-20T03:54:45.606+0000] {dag.py:3211} INFO - Sync 1 DAGs
[2024-08-20T03:54:45.637+0000] {logging_mixin.py:190} INFO - [2024-08-20T03:54:45.637+0000] {dag.py:4138} INFO - Setting next_dagrun for example_sla_dag to 2024-08-20 03:52:00+00:00, run_after=2024-08-20 03:54:00+00:00
[2024-08-20T03:54:45.660+0000] {processor.py:208} INFO - Processing /home/airflow/.local/lib/python3.12/site-packages/airflow/example_dags/example_sla_dag.py took 0.107 seconds
[2024-08-20T03:55:16.116+0000] {processor.py:186} INFO - Started process (PID=570) to work on /home/airflow/.local/lib/python3.12/site-packages/airflow/example_dags/example_sla_dag.py
[2024-08-20T03:55:16.117+0000] {processor.py:914} INFO - Processing file /home/airflow/.local/lib/python3.12/site-packages/airflow/example_dags/example_sla_dag.py for tasks to queue
[2024-08-20T03:55:16.122+0000] {logging_mixin.py:190} INFO - [2024-08-20T03:55:16.122+0000] {dagbag.py:587} INFO - Filling up the DagBag from /home/airflow/.local/lib/python3.12/site-packages/airflow/example_dags/example_sla_dag.py
[2024-08-20T03:55:16.140+0000] {processor.py:925} INFO - DAG(s) 'example_sla_dag' retrieved from /home/airflow/.local/lib/python3.12/site-packages/airflow/example_dags/example_sla_dag.py
[2024-08-20T03:55:16.177+0000] {logging_mixin.py:190} INFO - [2024-08-20T03:55:16.176+0000] {dag.py:3211} INFO - Sync 1 DAGs
[2024-08-20T03:55:16.214+0000] {logging_mixin.py:190} INFO - [2024-08-20T03:55:16.214+0000] {dag.py:4138} INFO - Setting next_dagrun for example_sla_dag to 2024-08-20 03:52:00+00:00, run_after=2024-08-20 03:54:00+00:00
[2024-08-20T03:55:16.242+0000] {processor.py:208} INFO - Processing /home/airflow/.local/lib/python3.12/site-packages/airflow/example_dags/example_sla_dag.py took 0.139 seconds
[2024-08-20T03:55:46.844+0000] {processor.py:186} INFO - Started process (PID=632) to work on /home/airflow/.local/lib/python3.12/site-packages/airflow/example_dags/example_sla_dag.py
[2024-08-20T03:55:46.846+0000] {processor.py:914} INFO - Processing file /home/airflow/.local/lib/python3.12/site-packages/airflow/example_dags/example_sla_dag.py for tasks to queue
[2024-08-20T03:55:46.850+0000] {logging_mixin.py:190} INFO - [2024-08-20T03:55:46.849+0000] {dagbag.py:587} INFO - Filling up the DagBag from /home/airflow/.local/lib/python3.12/site-packages/airflow/example_dags/example_sla_dag.py
[2024-08-20T03:55:46.860+0000] {processor.py:925} INFO - DAG(s) 'example_sla_dag' retrieved from /home/airflow/.local/lib/python3.12/site-packages/airflow/example_dags/example_sla_dag.py
[2024-08-20T03:55:46.885+0000] {logging_mixin.py:190} INFO - [2024-08-20T03:55:46.884+0000] {dag.py:3211} INFO - Sync 1 DAGs
[2024-08-20T03:55:46.918+0000] {logging_mixin.py:190} INFO - [2024-08-20T03:55:46.917+0000] {dag.py:4138} INFO - Setting next_dagrun for example_sla_dag to 2024-08-20 03:52:00+00:00, run_after=2024-08-20 03:54:00+00:00
[2024-08-20T03:55:46.945+0000] {processor.py:208} INFO - Processing /home/airflow/.local/lib/python3.12/site-packages/airflow/example_dags/example_sla_dag.py took 0.107 seconds
[2024-08-20T03:56:17.310+0000] {processor.py:186} INFO - Started process (PID=694) to work on /home/airflow/.local/lib/python3.12/site-packages/airflow/example_dags/example_sla_dag.py
[2024-08-20T03:56:17.311+0000] {processor.py:914} INFO - Processing file /home/airflow/.local/lib/python3.12/site-packages/airflow/example_dags/example_sla_dag.py for tasks to queue
[2024-08-20T03:56:17.313+0000] {logging_mixin.py:190} INFO - [2024-08-20T03:56:17.313+0000] {dagbag.py:587} INFO - Filling up the DagBag from /home/airflow/.local/lib/python3.12/site-packages/airflow/example_dags/example_sla_dag.py
[2024-08-20T03:56:17.326+0000] {processor.py:925} INFO - DAG(s) 'example_sla_dag' retrieved from /home/airflow/.local/lib/python3.12/site-packages/airflow/example_dags/example_sla_dag.py
[2024-08-20T03:56:17.349+0000] {logging_mixin.py:190} INFO - [2024-08-20T03:56:17.348+0000] {dag.py:3211} INFO - Sync 1 DAGs
[2024-08-20T03:56:17.380+0000] {logging_mixin.py:190} INFO - [2024-08-20T03:56:17.380+0000] {dag.py:4138} INFO - Setting next_dagrun for example_sla_dag to 2024-08-20 03:54:00+00:00, run_after=2024-08-20 03:56:00+00:00
[2024-08-20T03:56:17.403+0000] {processor.py:208} INFO - Processing /home/airflow/.local/lib/python3.12/site-packages/airflow/example_dags/example_sla_dag.py took 0.100 seconds
[2024-08-20T03:56:47.762+0000] {processor.py:186} INFO - Started process (PID=756) to work on /home/airflow/.local/lib/python3.12/site-packages/airflow/example_dags/example_sla_dag.py
[2024-08-20T03:56:47.764+0000] {processor.py:914} INFO - Processing file /home/airflow/.local/lib/python3.12/site-packages/airflow/example_dags/example_sla_dag.py for tasks to queue
[2024-08-20T03:56:47.767+0000] {logging_mixin.py:190} INFO - [2024-08-20T03:56:47.766+0000] {dagbag.py:587} INFO - Filling up the DagBag from /home/airflow/.local/lib/python3.12/site-packages/airflow/example_dags/example_sla_dag.py
[2024-08-20T03:56:47.779+0000] {processor.py:925} INFO - DAG(s) 'example_sla_dag' retrieved from /home/airflow/.local/lib/python3.12/site-packages/airflow/example_dags/example_sla_dag.py
[2024-08-20T03:56:47.805+0000] {logging_mixin.py:190} INFO - [2024-08-20T03:56:47.805+0000] {dag.py:3211} INFO - Sync 1 DAGs
[2024-08-20T03:56:47.837+0000] {logging_mixin.py:190} INFO - [2024-08-20T03:56:47.837+0000] {dag.py:4138} INFO - Setting next_dagrun for example_sla_dag to 2024-08-20 03:54:00+00:00, run_after=2024-08-20 03:56:00+00:00
[2024-08-20T03:56:47.860+0000] {processor.py:208} INFO - Processing /home/airflow/.local/lib/python3.12/site-packages/airflow/example_dags/example_sla_dag.py took 0.104 seconds
[2024-08-20T03:57:18.177+0000] {processor.py:186} INFO - Started process (PID=818) to work on /home/airflow/.local/lib/python3.12/site-packages/airflow/example_dags/example_sla_dag.py
[2024-08-20T03:57:18.178+0000] {processor.py:914} INFO - Processing file /home/airflow/.local/lib/python3.12/site-packages/airflow/example_dags/example_sla_dag.py for tasks to queue
[2024-08-20T03:57:18.182+0000] {logging_mixin.py:190} INFO - [2024-08-20T03:57:18.181+0000] {dagbag.py:587} INFO - Filling up the DagBag from /home/airflow/.local/lib/python3.12/site-packages/airflow/example_dags/example_sla_dag.py
[2024-08-20T03:57:18.195+0000] {processor.py:925} INFO - DAG(s) 'example_sla_dag' retrieved from /home/airflow/.local/lib/python3.12/site-packages/airflow/example_dags/example_sla_dag.py
[2024-08-20T03:57:18.221+0000] {logging_mixin.py:190} INFO - [2024-08-20T03:57:18.220+0000] {dag.py:3211} INFO - Sync 1 DAGs
[2024-08-20T03:57:18.255+0000] {logging_mixin.py:190} INFO - [2024-08-20T03:57:18.254+0000] {dag.py:4138} INFO - Setting next_dagrun for example_sla_dag to 2024-08-20 03:54:00+00:00, run_after=2024-08-20 03:56:00+00:00
[2024-08-20T03:57:18.277+0000] {processor.py:208} INFO - Processing /home/airflow/.local/lib/python3.12/site-packages/airflow/example_dags/example_sla_dag.py took 0.107 seconds
[2024-08-20T03:57:48.815+0000] {processor.py:186} INFO - Started process (PID=881) to work on /home/airflow/.local/lib/python3.12/site-packages/airflow/example_dags/example_sla_dag.py
[2024-08-20T03:57:48.817+0000] {processor.py:914} INFO - Processing file /home/airflow/.local/lib/python3.12/site-packages/airflow/example_dags/example_sla_dag.py for tasks to queue
[2024-08-20T03:57:48.820+0000] {logging_mixin.py:190} INFO - [2024-08-20T03:57:48.819+0000] {dagbag.py:587} INFO - Filling up the DagBag from /home/airflow/.local/lib/python3.12/site-packages/airflow/example_dags/example_sla_dag.py
[2024-08-20T03:57:48.833+0000] {processor.py:925} INFO - DAG(s) 'example_sla_dag' retrieved from /home/airflow/.local/lib/python3.12/site-packages/airflow/example_dags/example_sla_dag.py
[2024-08-20T03:57:48.856+0000] {logging_mixin.py:190} INFO - [2024-08-20T03:57:48.856+0000] {dag.py:3211} INFO - Sync 1 DAGs
[2024-08-20T03:57:48.888+0000] {logging_mixin.py:190} INFO - [2024-08-20T03:57:48.888+0000] {dag.py:4138} INFO - Setting next_dagrun for example_sla_dag to 2024-08-20 03:54:00+00:00, run_after=2024-08-20 03:56:00+00:00
[2024-08-20T03:57:48.911+0000] {processor.py:208} INFO - Processing /home/airflow/.local/lib/python3.12/site-packages/airflow/example_dags/example_sla_dag.py took 0.102 seconds
[2024-08-20T03:58:19.402+0000] {processor.py:186} INFO - Started process (PID=943) to work on /home/airflow/.local/lib/python3.12/site-packages/airflow/example_dags/example_sla_dag.py
[2024-08-20T03:58:19.403+0000] {processor.py:914} INFO - Processing file /home/airflow/.local/lib/python3.12/site-packages/airflow/example_dags/example_sla_dag.py for tasks to queue
[2024-08-20T03:58:19.406+0000] {logging_mixin.py:190} INFO - [2024-08-20T03:58:19.406+0000] {dagbag.py:587} INFO - Filling up the DagBag from /home/airflow/.local/lib/python3.12/site-packages/airflow/example_dags/example_sla_dag.py
[2024-08-20T03:58:19.418+0000] {processor.py:925} INFO - DAG(s) 'example_sla_dag' retrieved from /home/airflow/.local/lib/python3.12/site-packages/airflow/example_dags/example_sla_dag.py
[2024-08-20T03:58:19.446+0000] {logging_mixin.py:190} INFO - [2024-08-20T03:58:19.446+0000] {dag.py:3211} INFO - Sync 1 DAGs
[2024-08-20T03:58:19.499+0000] {logging_mixin.py:190} INFO - [2024-08-20T03:58:19.498+0000] {dag.py:4138} INFO - Setting next_dagrun for example_sla_dag to 2024-08-20 03:56:00+00:00, run_after=2024-08-20 03:58:00+00:00
[2024-08-20T03:58:19.527+0000] {processor.py:208} INFO - Processing /home/airflow/.local/lib/python3.12/site-packages/airflow/example_dags/example_sla_dag.py took 0.133 seconds
[2024-08-20T03:58:50.105+0000] {processor.py:186} INFO - Started process (PID=1004) to work on /home/airflow/.local/lib/python3.12/site-packages/airflow/example_dags/example_sla_dag.py
[2024-08-20T03:58:50.107+0000] {processor.py:914} INFO - Processing file /home/airflow/.local/lib/python3.12/site-packages/airflow/example_dags/example_sla_dag.py for tasks to queue
[2024-08-20T03:58:50.109+0000] {logging_mixin.py:190} INFO - [2024-08-20T03:58:50.109+0000] {dagbag.py:587} INFO - Filling up the DagBag from /home/airflow/.local/lib/python3.12/site-packages/airflow/example_dags/example_sla_dag.py
[2024-08-20T03:58:50.122+0000] {processor.py:925} INFO - DAG(s) 'example_sla_dag' retrieved from /home/airflow/.local/lib/python3.12/site-packages/airflow/example_dags/example_sla_dag.py
[2024-08-20T03:58:50.148+0000] {logging_mixin.py:190} INFO - [2024-08-20T03:58:50.148+0000] {dag.py:3211} INFO - Sync 1 DAGs
[2024-08-20T03:58:50.181+0000] {logging_mixin.py:190} INFO - [2024-08-20T03:58:50.180+0000] {dag.py:4138} INFO - Setting next_dagrun for example_sla_dag to 2024-08-20 03:56:00+00:00, run_after=2024-08-20 03:58:00+00:00
[2024-08-20T03:58:50.204+0000] {processor.py:208} INFO - Processing /home/airflow/.local/lib/python3.12/site-packages/airflow/example_dags/example_sla_dag.py took 0.106 seconds
[2024-08-20T03:59:20.499+0000] {processor.py:186} INFO - Started process (PID=1066) to work on /home/airflow/.local/lib/python3.12/site-packages/airflow/example_dags/example_sla_dag.py
[2024-08-20T03:59:20.501+0000] {processor.py:914} INFO - Processing file /home/airflow/.local/lib/python3.12/site-packages/airflow/example_dags/example_sla_dag.py for tasks to queue
[2024-08-20T03:59:20.504+0000] {logging_mixin.py:190} INFO - [2024-08-20T03:59:20.503+0000] {dagbag.py:587} INFO - Filling up the DagBag from /home/airflow/.local/lib/python3.12/site-packages/airflow/example_dags/example_sla_dag.py
[2024-08-20T03:59:20.518+0000] {processor.py:925} INFO - DAG(s) 'example_sla_dag' retrieved from /home/airflow/.local/lib/python3.12/site-packages/airflow/example_dags/example_sla_dag.py
[2024-08-20T03:59:20.541+0000] {logging_mixin.py:190} INFO - [2024-08-20T03:59:20.541+0000] {dag.py:3211} INFO - Sync 1 DAGs
[2024-08-20T03:59:20.572+0000] {logging_mixin.py:190} INFO - [2024-08-20T03:59:20.571+0000] {dag.py:4138} INFO - Setting next_dagrun for example_sla_dag to 2024-08-20 03:56:00+00:00, run_after=2024-08-20 03:58:00+00:00
[2024-08-20T03:59:20.594+0000] {processor.py:208} INFO - Processing /home/airflow/.local/lib/python3.12/site-packages/airflow/example_dags/example_sla_dag.py took 0.102 seconds
[2024-08-20T03:59:51.586+0000] {processor.py:186} INFO - Started process (PID=1128) to work on /home/airflow/.local/lib/python3.12/site-packages/airflow/example_dags/example_sla_dag.py
[2024-08-20T03:59:51.588+0000] {processor.py:914} INFO - Processing file /home/airflow/.local/lib/python3.12/site-packages/airflow/example_dags/example_sla_dag.py for tasks to queue
[2024-08-20T03:59:51.594+0000] {logging_mixin.py:190} INFO - [2024-08-20T03:59:51.593+0000] {dagbag.py:587} INFO - Filling up the DagBag from /home/airflow/.local/lib/python3.12/site-packages/airflow/example_dags/example_sla_dag.py
[2024-08-20T03:59:51.627+0000] {processor.py:925} INFO - DAG(s) 'example_sla_dag' retrieved from /home/airflow/.local/lib/python3.12/site-packages/airflow/example_dags/example_sla_dag.py
[2024-08-20T03:59:51.665+0000] {logging_mixin.py:190} INFO - [2024-08-20T03:59:51.664+0000] {dag.py:3211} INFO - Sync 1 DAGs
[2024-08-20T03:59:51.738+0000] {logging_mixin.py:190} INFO - [2024-08-20T03:59:51.738+0000] {dag.py:4138} INFO - Setting next_dagrun for example_sla_dag to 2024-08-20 03:56:00+00:00, run_after=2024-08-20 03:58:00+00:00
[2024-08-20T03:59:51.768+0000] {processor.py:208} INFO - Processing /home/airflow/.local/lib/python3.12/site-packages/airflow/example_dags/example_sla_dag.py took 0.194 seconds
[2024-08-20T04:00:22.360+0000] {processor.py:186} INFO - Started process (PID=1190) to work on /home/airflow/.local/lib/python3.12/site-packages/airflow/example_dags/example_sla_dag.py
[2024-08-20T04:00:22.362+0000] {processor.py:914} INFO - Processing file /home/airflow/.local/lib/python3.12/site-packages/airflow/example_dags/example_sla_dag.py for tasks to queue
[2024-08-20T04:00:22.366+0000] {logging_mixin.py:190} INFO - [2024-08-20T04:00:22.365+0000] {dagbag.py:587} INFO - Filling up the DagBag from /home/airflow/.local/lib/python3.12/site-packages/airflow/example_dags/example_sla_dag.py
[2024-08-20T04:00:22.389+0000] {processor.py:925} INFO - DAG(s) 'example_sla_dag' retrieved from /home/airflow/.local/lib/python3.12/site-packages/airflow/example_dags/example_sla_dag.py
[2024-08-20T04:00:22.416+0000] {logging_mixin.py:190} INFO - [2024-08-20T04:00:22.416+0000] {dag.py:3211} INFO - Sync 1 DAGs
[2024-08-20T04:00:22.448+0000] {logging_mixin.py:190} INFO - [2024-08-20T04:00:22.448+0000] {dag.py:4138} INFO - Setting next_dagrun for example_sla_dag to 2024-08-20 03:58:00+00:00, run_after=2024-08-20 04:00:00+00:00
[2024-08-20T04:00:22.468+0000] {processor.py:208} INFO - Processing /home/airflow/.local/lib/python3.12/site-packages/airflow/example_dags/example_sla_dag.py took 0.115 seconds
[2024-08-20T04:00:52.669+0000] {processor.py:186} INFO - Started process (PID=1252) to work on /home/airflow/.local/lib/python3.12/site-packages/airflow/example_dags/example_sla_dag.py
[2024-08-20T04:00:52.671+0000] {processor.py:914} INFO - Processing file /home/airflow/.local/lib/python3.12/site-packages/airflow/example_dags/example_sla_dag.py for tasks to queue
[2024-08-20T04:00:52.674+0000] {logging_mixin.py:190} INFO - [2024-08-20T04:00:52.674+0000] {dagbag.py:587} INFO - Filling up the DagBag from /home/airflow/.local/lib/python3.12/site-packages/airflow/example_dags/example_sla_dag.py
[2024-08-20T04:00:52.686+0000] {processor.py:925} INFO - DAG(s) 'example_sla_dag' retrieved from /home/airflow/.local/lib/python3.12/site-packages/airflow/example_dags/example_sla_dag.py
[2024-08-20T04:00:52.709+0000] {logging_mixin.py:190} INFO - [2024-08-20T04:00:52.708+0000] {dag.py:3211} INFO - Sync 1 DAGs
[2024-08-20T04:00:52.738+0000] {logging_mixin.py:190} INFO - [2024-08-20T04:00:52.738+0000] {dag.py:4138} INFO - Setting next_dagrun for example_sla_dag to 2024-08-20 03:58:00+00:00, run_after=2024-08-20 04:00:00+00:00
[2024-08-20T04:00:52.759+0000] {processor.py:208} INFO - Processing /home/airflow/.local/lib/python3.12/site-packages/airflow/example_dags/example_sla_dag.py took 0.097 seconds
[2024-08-20T04:01:22.949+0000] {processor.py:186} INFO - Started process (PID=1314) to work on /home/airflow/.local/lib/python3.12/site-packages/airflow/example_dags/example_sla_dag.py
[2024-08-20T04:01:22.951+0000] {processor.py:914} INFO - Processing file /home/airflow/.local/lib/python3.12/site-packages/airflow/example_dags/example_sla_dag.py for tasks to queue
[2024-08-20T04:01:22.953+0000] {logging_mixin.py:190} INFO - [2024-08-20T04:01:22.953+0000] {dagbag.py:587} INFO - Filling up the DagBag from /home/airflow/.local/lib/python3.12/site-packages/airflow/example_dags/example_sla_dag.py
[2024-08-20T04:01:22.966+0000] {processor.py:925} INFO - DAG(s) 'example_sla_dag' retrieved from /home/airflow/.local/lib/python3.12/site-packages/airflow/example_dags/example_sla_dag.py
[2024-08-20T04:01:22.990+0000] {logging_mixin.py:190} INFO - [2024-08-20T04:01:22.990+0000] {dag.py:3211} INFO - Sync 1 DAGs
[2024-08-20T04:01:23.022+0000] {logging_mixin.py:190} INFO - [2024-08-20T04:01:23.022+0000] {dag.py:4138} INFO - Setting next_dagrun for example_sla_dag to 2024-08-20 03:58:00+00:00, run_after=2024-08-20 04:00:00+00:00
[2024-08-20T04:01:23.048+0000] {processor.py:208} INFO - Processing /home/airflow/.local/lib/python3.12/site-packages/airflow/example_dags/example_sla_dag.py took 0.107 seconds
[2024-08-20T04:01:53.436+0000] {processor.py:186} INFO - Started process (PID=1376) to work on /home/airflow/.local/lib/python3.12/site-packages/airflow/example_dags/example_sla_dag.py
[2024-08-20T04:01:53.437+0000] {processor.py:914} INFO - Processing file /home/airflow/.local/lib/python3.12/site-packages/airflow/example_dags/example_sla_dag.py for tasks to queue
[2024-08-20T04:01:53.440+0000] {logging_mixin.py:190} INFO - [2024-08-20T04:01:53.440+0000] {dagbag.py:587} INFO - Filling up the DagBag from /home/airflow/.local/lib/python3.12/site-packages/airflow/example_dags/example_sla_dag.py
[2024-08-20T04:01:53.452+0000] {processor.py:925} INFO - DAG(s) 'example_sla_dag' retrieved from /home/airflow/.local/lib/python3.12/site-packages/airflow/example_dags/example_sla_dag.py
[2024-08-20T04:01:53.475+0000] {logging_mixin.py:190} INFO - [2024-08-20T04:01:53.475+0000] {dag.py:3211} INFO - Sync 1 DAGs
[2024-08-20T04:01:53.504+0000] {logging_mixin.py:190} INFO - [2024-08-20T04:01:53.504+0000] {dag.py:4138} INFO - Setting next_dagrun for example_sla_dag to 2024-08-20 03:58:00+00:00, run_after=2024-08-20 04:00:00+00:00
[2024-08-20T04:01:53.529+0000] {processor.py:208} INFO - Processing /home/airflow/.local/lib/python3.12/site-packages/airflow/example_dags/example_sla_dag.py took 0.100 seconds
[2024-08-20T04:02:23.665+0000] {processor.py:186} INFO - Started process (PID=1438) to work on /home/airflow/.local/lib/python3.12/site-packages/airflow/example_dags/example_sla_dag.py
[2024-08-20T04:02:23.666+0000] {processor.py:914} INFO - Processing file /home/airflow/.local/lib/python3.12/site-packages/airflow/example_dags/example_sla_dag.py for tasks to queue
[2024-08-20T04:02:23.669+0000] {logging_mixin.py:190} INFO - [2024-08-20T04:02:23.668+0000] {dagbag.py:587} INFO - Filling up the DagBag from /home/airflow/.local/lib/python3.12/site-packages/airflow/example_dags/example_sla_dag.py
[2024-08-20T04:02:23.682+0000] {processor.py:925} INFO - DAG(s) 'example_sla_dag' retrieved from /home/airflow/.local/lib/python3.12/site-packages/airflow/example_dags/example_sla_dag.py
[2024-08-20T04:02:23.702+0000] {logging_mixin.py:190} INFO - [2024-08-20T04:02:23.702+0000] {dag.py:3211} INFO - Sync 1 DAGs
[2024-08-20T04:02:23.729+0000] {logging_mixin.py:190} INFO - [2024-08-20T04:02:23.728+0000] {dag.py:4138} INFO - Setting next_dagrun for example_sla_dag to 2024-08-20 04:00:00+00:00, run_after=2024-08-20 04:02:00+00:00
[2024-08-20T04:02:23.746+0000] {processor.py:208} INFO - Processing /home/airflow/.local/lib/python3.12/site-packages/airflow/example_dags/example_sla_dag.py took 0.088 seconds
[2024-08-20T04:02:54.353+0000] {processor.py:186} INFO - Started process (PID=1500) to work on /home/airflow/.local/lib/python3.12/site-packages/airflow/example_dags/example_sla_dag.py
[2024-08-20T04:02:54.354+0000] {processor.py:914} INFO - Processing file /home/airflow/.local/lib/python3.12/site-packages/airflow/example_dags/example_sla_dag.py for tasks to queue
[2024-08-20T04:02:54.357+0000] {logging_mixin.py:190} INFO - [2024-08-20T04:02:54.357+0000] {dagbag.py:587} INFO - Filling up the DagBag from /home/airflow/.local/lib/python3.12/site-packages/airflow/example_dags/example_sla_dag.py
[2024-08-20T04:02:54.372+0000] {processor.py:925} INFO - DAG(s) 'example_sla_dag' retrieved from /home/airflow/.local/lib/python3.12/site-packages/airflow/example_dags/example_sla_dag.py
[2024-08-20T04:02:54.403+0000] {logging_mixin.py:190} INFO - [2024-08-20T04:02:54.403+0000] {dag.py:3211} INFO - Sync 1 DAGs
[2024-08-20T04:02:54.437+0000] {logging_mixin.py:190} INFO - [2024-08-20T04:02:54.437+0000] {dag.py:4138} INFO - Setting next_dagrun for example_sla_dag to 2024-08-20 04:00:00+00:00, run_after=2024-08-20 04:02:00+00:00
[2024-08-20T04:02:54.458+0000] {processor.py:208} INFO - Processing /home/airflow/.local/lib/python3.12/site-packages/airflow/example_dags/example_sla_dag.py took 0.114 seconds
[2024-08-20T04:03:24.685+0000] {processor.py:186} INFO - Started process (PID=1562) to work on /home/airflow/.local/lib/python3.12/site-packages/airflow/example_dags/example_sla_dag.py
[2024-08-20T04:03:24.686+0000] {processor.py:914} INFO - Processing file /home/airflow/.local/lib/python3.12/site-packages/airflow/example_dags/example_sla_dag.py for tasks to queue
[2024-08-20T04:03:24.689+0000] {logging_mixin.py:190} INFO - [2024-08-20T04:03:24.689+0000] {dagbag.py:587} INFO - Filling up the DagBag from /home/airflow/.local/lib/python3.12/site-packages/airflow/example_dags/example_sla_dag.py
[2024-08-20T04:03:24.701+0000] {processor.py:925} INFO - DAG(s) 'example_sla_dag' retrieved from /home/airflow/.local/lib/python3.12/site-packages/airflow/example_dags/example_sla_dag.py
[2024-08-20T04:03:24.724+0000] {logging_mixin.py:190} INFO - [2024-08-20T04:03:24.724+0000] {dag.py:3211} INFO - Sync 1 DAGs
[2024-08-20T04:03:24.755+0000] {logging_mixin.py:190} INFO - [2024-08-20T04:03:24.755+0000] {dag.py:4138} INFO - Setting next_dagrun for example_sla_dag to 2024-08-20 04:00:00+00:00, run_after=2024-08-20 04:02:00+00:00
[2024-08-20T04:03:24.777+0000] {processor.py:208} INFO - Processing /home/airflow/.local/lib/python3.12/site-packages/airflow/example_dags/example_sla_dag.py took 0.100 seconds
[2024-08-20T04:03:55.908+0000] {processor.py:186} INFO - Started process (PID=1624) to work on /home/airflow/.local/lib/python3.12/site-packages/airflow/example_dags/example_sla_dag.py
[2024-08-20T04:03:55.909+0000] {processor.py:914} INFO - Processing file /home/airflow/.local/lib/python3.12/site-packages/airflow/example_dags/example_sla_dag.py for tasks to queue
[2024-08-20T04:03:55.912+0000] {logging_mixin.py:190} INFO - [2024-08-20T04:03:55.911+0000] {dagbag.py:587} INFO - Filling up the DagBag from /home/airflow/.local/lib/python3.12/site-packages/airflow/example_dags/example_sla_dag.py
[2024-08-20T04:03:55.929+0000] {processor.py:925} INFO - DAG(s) 'example_sla_dag' retrieved from /home/airflow/.local/lib/python3.12/site-packages/airflow/example_dags/example_sla_dag.py
[2024-08-20T04:03:55.958+0000] {logging_mixin.py:190} INFO - [2024-08-20T04:03:55.957+0000] {dag.py:3211} INFO - Sync 1 DAGs
[2024-08-20T04:03:55.994+0000] {logging_mixin.py:190} INFO - [2024-08-20T04:03:55.994+0000] {dag.py:4138} INFO - Setting next_dagrun for example_sla_dag to 2024-08-20 04:00:00+00:00, run_after=2024-08-20 04:02:00+00:00
[2024-08-20T04:03:56.024+0000] {processor.py:208} INFO - Processing /home/airflow/.local/lib/python3.12/site-packages/airflow/example_dags/example_sla_dag.py took 0.127 seconds
[2024-08-20T04:04:26.585+0000] {processor.py:186} INFO - Started process (PID=1686) to work on /home/airflow/.local/lib/python3.12/site-packages/airflow/example_dags/example_sla_dag.py
[2024-08-20T04:04:26.586+0000] {processor.py:914} INFO - Processing file /home/airflow/.local/lib/python3.12/site-packages/airflow/example_dags/example_sla_dag.py for tasks to queue
[2024-08-20T04:04:26.589+0000] {logging_mixin.py:190} INFO - [2024-08-20T04:04:26.588+0000] {dagbag.py:587} INFO - Filling up the DagBag from /home/airflow/.local/lib/python3.12/site-packages/airflow/example_dags/example_sla_dag.py
[2024-08-20T04:04:26.602+0000] {processor.py:925} INFO - DAG(s) 'example_sla_dag' retrieved from /home/airflow/.local/lib/python3.12/site-packages/airflow/example_dags/example_sla_dag.py
[2024-08-20T04:04:26.625+0000] {logging_mixin.py:190} INFO - [2024-08-20T04:04:26.624+0000] {dag.py:3211} INFO - Sync 1 DAGs
[2024-08-20T04:04:26.649+0000] {logging_mixin.py:190} INFO - [2024-08-20T04:04:26.649+0000] {dag.py:4138} INFO - Setting next_dagrun for example_sla_dag to 2024-08-20 04:02:00+00:00, run_after=2024-08-20 04:04:00+00:00
[2024-08-20T04:04:26.669+0000] {processor.py:208} INFO - Processing /home/airflow/.local/lib/python3.12/site-packages/airflow/example_dags/example_sla_dag.py took 0.091 seconds
[2024-08-20T04:04:57.207+0000] {processor.py:186} INFO - Started process (PID=1748) to work on /home/airflow/.local/lib/python3.12/site-packages/airflow/example_dags/example_sla_dag.py
[2024-08-20T04:04:57.208+0000] {processor.py:914} INFO - Processing file /home/airflow/.local/lib/python3.12/site-packages/airflow/example_dags/example_sla_dag.py for tasks to queue
[2024-08-20T04:04:57.212+0000] {logging_mixin.py:190} INFO - [2024-08-20T04:04:57.211+0000] {dagbag.py:587} INFO - Filling up the DagBag from /home/airflow/.local/lib/python3.12/site-packages/airflow/example_dags/example_sla_dag.py
[2024-08-20T04:04:57.227+0000] {processor.py:925} INFO - DAG(s) 'example_sla_dag' retrieved from /home/airflow/.local/lib/python3.12/site-packages/airflow/example_dags/example_sla_dag.py
[2024-08-20T04:04:57.261+0000] {logging_mixin.py:190} INFO - [2024-08-20T04:04:57.261+0000] {dag.py:3211} INFO - Sync 1 DAGs
[2024-08-20T04:04:57.294+0000] {logging_mixin.py:190} INFO - [2024-08-20T04:04:57.294+0000] {dag.py:4138} INFO - Setting next_dagrun for example_sla_dag to 2024-08-20 04:02:00+00:00, run_after=2024-08-20 04:04:00+00:00
[2024-08-20T04:04:57.323+0000] {processor.py:208} INFO - Processing /home/airflow/.local/lib/python3.12/site-packages/airflow/example_dags/example_sla_dag.py took 0.127 seconds
[2024-08-20T04:05:28.126+0000] {processor.py:186} INFO - Started process (PID=1811) to work on /home/airflow/.local/lib/python3.12/site-packages/airflow/example_dags/example_sla_dag.py
[2024-08-20T04:05:28.128+0000] {processor.py:914} INFO - Processing file /home/airflow/.local/lib/python3.12/site-packages/airflow/example_dags/example_sla_dag.py for tasks to queue
[2024-08-20T04:05:28.132+0000] {logging_mixin.py:190} INFO - [2024-08-20T04:05:28.131+0000] {dagbag.py:587} INFO - Filling up the DagBag from /home/airflow/.local/lib/python3.12/site-packages/airflow/example_dags/example_sla_dag.py
[2024-08-20T04:05:28.151+0000] {processor.py:925} INFO - DAG(s) 'example_sla_dag' retrieved from /home/airflow/.local/lib/python3.12/site-packages/airflow/example_dags/example_sla_dag.py
[2024-08-20T04:05:28.177+0000] {logging_mixin.py:190} INFO - [2024-08-20T04:05:28.177+0000] {dag.py:3211} INFO - Sync 1 DAGs
[2024-08-20T04:05:28.215+0000] {logging_mixin.py:190} INFO - [2024-08-20T04:05:28.215+0000] {dag.py:4138} INFO - Setting next_dagrun for example_sla_dag to 2024-08-20 04:02:00+00:00, run_after=2024-08-20 04:04:00+00:00
[2024-08-20T04:05:28.239+0000] {processor.py:208} INFO - Processing /home/airflow/.local/lib/python3.12/site-packages/airflow/example_dags/example_sla_dag.py took 0.122 seconds
[2024-08-20T04:05:58.637+0000] {processor.py:186} INFO - Started process (PID=1872) to work on /home/airflow/.local/lib/python3.12/site-packages/airflow/example_dags/example_sla_dag.py
[2024-08-20T04:05:58.638+0000] {processor.py:914} INFO - Processing file /home/airflow/.local/lib/python3.12/site-packages/airflow/example_dags/example_sla_dag.py for tasks to queue
[2024-08-20T04:05:58.642+0000] {logging_mixin.py:190} INFO - [2024-08-20T04:05:58.642+0000] {dagbag.py:587} INFO - Filling up the DagBag from /home/airflow/.local/lib/python3.12/site-packages/airflow/example_dags/example_sla_dag.py
[2024-08-20T04:05:58.669+0000] {processor.py:925} INFO - DAG(s) 'example_sla_dag' retrieved from /home/airflow/.local/lib/python3.12/site-packages/airflow/example_dags/example_sla_dag.py
[2024-08-20T04:05:58.706+0000] {logging_mixin.py:190} INFO - [2024-08-20T04:05:58.706+0000] {dag.py:3211} INFO - Sync 1 DAGs
[2024-08-20T04:05:58.749+0000] {logging_mixin.py:190} INFO - [2024-08-20T04:05:58.748+0000] {dag.py:4138} INFO - Setting next_dagrun for example_sla_dag to 2024-08-20 04:02:00+00:00, run_after=2024-08-20 04:04:00+00:00
[2024-08-20T04:05:58.787+0000] {processor.py:208} INFO - Processing /home/airflow/.local/lib/python3.12/site-packages/airflow/example_dags/example_sla_dag.py took 0.166 seconds
[2024-08-20T04:06:29.116+0000] {processor.py:186} INFO - Started process (PID=1934) to work on /home/airflow/.local/lib/python3.12/site-packages/airflow/example_dags/example_sla_dag.py
[2024-08-20T04:06:29.117+0000] {processor.py:914} INFO - Processing file /home/airflow/.local/lib/python3.12/site-packages/airflow/example_dags/example_sla_dag.py for tasks to queue
[2024-08-20T04:06:29.120+0000] {logging_mixin.py:190} INFO - [2024-08-20T04:06:29.119+0000] {dagbag.py:587} INFO - Filling up the DagBag from /home/airflow/.local/lib/python3.12/site-packages/airflow/example_dags/example_sla_dag.py
[2024-08-20T04:06:29.139+0000] {processor.py:925} INFO - DAG(s) 'example_sla_dag' retrieved from /home/airflow/.local/lib/python3.12/site-packages/airflow/example_dags/example_sla_dag.py
[2024-08-20T04:06:29.174+0000] {logging_mixin.py:190} INFO - [2024-08-20T04:06:29.173+0000] {dag.py:3211} INFO - Sync 1 DAGs
[2024-08-20T04:06:29.214+0000] {logging_mixin.py:190} INFO - [2024-08-20T04:06:29.213+0000] {dag.py:4138} INFO - Setting next_dagrun for example_sla_dag to 2024-08-20 04:04:00+00:00, run_after=2024-08-20 04:06:00+00:00
[2024-08-20T04:06:29.241+0000] {processor.py:208} INFO - Processing /home/airflow/.local/lib/python3.12/site-packages/airflow/example_dags/example_sla_dag.py took 0.137 seconds
[2024-08-20T04:06:59.968+0000] {processor.py:186} INFO - Started process (PID=1996) to work on /home/airflow/.local/lib/python3.12/site-packages/airflow/example_dags/example_sla_dag.py
[2024-08-20T04:06:59.970+0000] {processor.py:914} INFO - Processing file /home/airflow/.local/lib/python3.12/site-packages/airflow/example_dags/example_sla_dag.py for tasks to queue
[2024-08-20T04:06:59.974+0000] {logging_mixin.py:190} INFO - [2024-08-20T04:06:59.973+0000] {dagbag.py:587} INFO - Filling up the DagBag from /home/airflow/.local/lib/python3.12/site-packages/airflow/example_dags/example_sla_dag.py
[2024-08-20T04:07:00.002+0000] {processor.py:925} INFO - DAG(s) 'example_sla_dag' retrieved from /home/airflow/.local/lib/python3.12/site-packages/airflow/example_dags/example_sla_dag.py
[2024-08-20T04:07:00.038+0000] {logging_mixin.py:190} INFO - [2024-08-20T04:07:00.038+0000] {dag.py:3211} INFO - Sync 1 DAGs
[2024-08-20T04:07:00.080+0000] {logging_mixin.py:190} INFO - [2024-08-20T04:07:00.080+0000] {dag.py:4138} INFO - Setting next_dagrun for example_sla_dag to 2024-08-20 04:04:00+00:00, run_after=2024-08-20 04:06:00+00:00
[2024-08-20T04:07:00.109+0000] {processor.py:208} INFO - Processing /home/airflow/.local/lib/python3.12/site-packages/airflow/example_dags/example_sla_dag.py took 0.157 seconds
[2024-08-20T04:07:31.007+0000] {processor.py:186} INFO - Started process (PID=2058) to work on /home/airflow/.local/lib/python3.12/site-packages/airflow/example_dags/example_sla_dag.py
[2024-08-20T04:07:31.008+0000] {processor.py:914} INFO - Processing file /home/airflow/.local/lib/python3.12/site-packages/airflow/example_dags/example_sla_dag.py for tasks to queue
[2024-08-20T04:07:31.011+0000] {logging_mixin.py:190} INFO - [2024-08-20T04:07:31.011+0000] {dagbag.py:587} INFO - Filling up the DagBag from /home/airflow/.local/lib/python3.12/site-packages/airflow/example_dags/example_sla_dag.py
[2024-08-20T04:07:31.029+0000] {processor.py:925} INFO - DAG(s) 'example_sla_dag' retrieved from /home/airflow/.local/lib/python3.12/site-packages/airflow/example_dags/example_sla_dag.py
[2024-08-20T04:07:31.060+0000] {logging_mixin.py:190} INFO - [2024-08-20T04:07:31.059+0000] {dag.py:3211} INFO - Sync 1 DAGs
[2024-08-20T04:07:31.088+0000] {logging_mixin.py:190} INFO - [2024-08-20T04:07:31.088+0000] {dag.py:4138} INFO - Setting next_dagrun for example_sla_dag to 2024-08-20 04:04:00+00:00, run_after=2024-08-20 04:06:00+00:00
[2024-08-20T04:07:31.110+0000] {processor.py:208} INFO - Processing /home/airflow/.local/lib/python3.12/site-packages/airflow/example_dags/example_sla_dag.py took 0.110 seconds
[2024-08-20T04:08:01.724+0000] {processor.py:186} INFO - Started process (PID=2121) to work on /home/airflow/.local/lib/python3.12/site-packages/airflow/example_dags/example_sla_dag.py
[2024-08-20T04:08:01.725+0000] {processor.py:914} INFO - Processing file /home/airflow/.local/lib/python3.12/site-packages/airflow/example_dags/example_sla_dag.py for tasks to queue
[2024-08-20T04:08:01.730+0000] {logging_mixin.py:190} INFO - [2024-08-20T04:08:01.730+0000] {dagbag.py:587} INFO - Filling up the DagBag from /home/airflow/.local/lib/python3.12/site-packages/airflow/example_dags/example_sla_dag.py
[2024-08-20T04:08:01.748+0000] {processor.py:925} INFO - DAG(s) 'example_sla_dag' retrieved from /home/airflow/.local/lib/python3.12/site-packages/airflow/example_dags/example_sla_dag.py
[2024-08-20T04:08:01.791+0000] {logging_mixin.py:190} INFO - [2024-08-20T04:08:01.790+0000] {dag.py:3211} INFO - Sync 1 DAGs
[2024-08-20T04:08:01.825+0000] {logging_mixin.py:190} INFO - [2024-08-20T04:08:01.824+0000] {dag.py:4138} INFO - Setting next_dagrun for example_sla_dag to 2024-08-20 04:06:00+00:00, run_after=2024-08-20 04:08:00+00:00
[2024-08-20T04:08:01.853+0000] {processor.py:208} INFO - Processing /home/airflow/.local/lib/python3.12/site-packages/airflow/example_dags/example_sla_dag.py took 0.141 seconds
[2024-08-20T04:08:32.286+0000] {processor.py:186} INFO - Started process (PID=2184) to work on /home/airflow/.local/lib/python3.12/site-packages/airflow/example_dags/example_sla_dag.py
[2024-08-20T04:08:32.288+0000] {processor.py:914} INFO - Processing file /home/airflow/.local/lib/python3.12/site-packages/airflow/example_dags/example_sla_dag.py for tasks to queue
[2024-08-20T04:08:32.292+0000] {logging_mixin.py:190} INFO - [2024-08-20T04:08:32.292+0000] {dagbag.py:587} INFO - Filling up the DagBag from /home/airflow/.local/lib/python3.12/site-packages/airflow/example_dags/example_sla_dag.py
[2024-08-20T04:08:32.312+0000] {processor.py:925} INFO - DAG(s) 'example_sla_dag' retrieved from /home/airflow/.local/lib/python3.12/site-packages/airflow/example_dags/example_sla_dag.py
[2024-08-20T04:08:32.344+0000] {logging_mixin.py:190} INFO - [2024-08-20T04:08:32.344+0000] {dag.py:3211} INFO - Sync 1 DAGs
[2024-08-20T04:08:32.385+0000] {logging_mixin.py:190} INFO - [2024-08-20T04:08:32.384+0000] {dag.py:4138} INFO - Setting next_dagrun for example_sla_dag to 2024-08-20 04:06:00+00:00, run_after=2024-08-20 04:08:00+00:00
[2024-08-20T04:08:32.412+0000] {processor.py:208} INFO - Processing /home/airflow/.local/lib/python3.12/site-packages/airflow/example_dags/example_sla_dag.py took 0.137 seconds
[2024-08-20T04:09:02.705+0000] {processor.py:186} INFO - Started process (PID=2246) to work on /home/airflow/.local/lib/python3.12/site-packages/airflow/example_dags/example_sla_dag.py
[2024-08-20T04:09:02.708+0000] {processor.py:914} INFO - Processing file /home/airflow/.local/lib/python3.12/site-packages/airflow/example_dags/example_sla_dag.py for tasks to queue
[2024-08-20T04:09:02.711+0000] {logging_mixin.py:190} INFO - [2024-08-20T04:09:02.711+0000] {dagbag.py:587} INFO - Filling up the DagBag from /home/airflow/.local/lib/python3.12/site-packages/airflow/example_dags/example_sla_dag.py
[2024-08-20T04:09:02.728+0000] {processor.py:925} INFO - DAG(s) 'example_sla_dag' retrieved from /home/airflow/.local/lib/python3.12/site-packages/airflow/example_dags/example_sla_dag.py
[2024-08-20T04:09:02.778+0000] {logging_mixin.py:190} INFO - [2024-08-20T04:09:02.777+0000] {dag.py:3211} INFO - Sync 1 DAGs
[2024-08-20T04:09:02.838+0000] {logging_mixin.py:190} INFO - [2024-08-20T04:09:02.838+0000] {dag.py:4138} INFO - Setting next_dagrun for example_sla_dag to 2024-08-20 04:06:00+00:00, run_after=2024-08-20 04:08:00+00:00
[2024-08-20T04:09:02.865+0000] {processor.py:208} INFO - Processing /home/airflow/.local/lib/python3.12/site-packages/airflow/example_dags/example_sla_dag.py took 0.168 seconds
[2024-08-20T04:09:33.719+0000] {processor.py:186} INFO - Started process (PID=2308) to work on /home/airflow/.local/lib/python3.12/site-packages/airflow/example_dags/example_sla_dag.py
[2024-08-20T04:09:33.720+0000] {processor.py:914} INFO - Processing file /home/airflow/.local/lib/python3.12/site-packages/airflow/example_dags/example_sla_dag.py for tasks to queue
[2024-08-20T04:09:33.723+0000] {logging_mixin.py:190} INFO - [2024-08-20T04:09:33.723+0000] {dagbag.py:587} INFO - Filling up the DagBag from /home/airflow/.local/lib/python3.12/site-packages/airflow/example_dags/example_sla_dag.py
[2024-08-20T04:09:33.739+0000] {processor.py:925} INFO - DAG(s) 'example_sla_dag' retrieved from /home/airflow/.local/lib/python3.12/site-packages/airflow/example_dags/example_sla_dag.py
[2024-08-20T04:09:33.765+0000] {logging_mixin.py:190} INFO - [2024-08-20T04:09:33.764+0000] {dag.py:3211} INFO - Sync 1 DAGs
[2024-08-20T04:09:33.796+0000] {logging_mixin.py:190} INFO - [2024-08-20T04:09:33.795+0000] {dag.py:4138} INFO - Setting next_dagrun for example_sla_dag to 2024-08-20 04:06:00+00:00, run_after=2024-08-20 04:08:00+00:00
[2024-08-20T04:09:33.817+0000] {processor.py:208} INFO - Processing /home/airflow/.local/lib/python3.12/site-packages/airflow/example_dags/example_sla_dag.py took 0.106 seconds
[2024-08-20T04:10:04.683+0000] {processor.py:186} INFO - Started process (PID=2377) to work on /home/airflow/.local/lib/python3.12/site-packages/airflow/example_dags/example_sla_dag.py
[2024-08-20T04:10:04.685+0000] {processor.py:914} INFO - Processing file /home/airflow/.local/lib/python3.12/site-packages/airflow/example_dags/example_sla_dag.py for tasks to queue
[2024-08-20T04:10:04.692+0000] {logging_mixin.py:190} INFO - [2024-08-20T04:10:04.691+0000] {dagbag.py:587} INFO - Filling up the DagBag from /home/airflow/.local/lib/python3.12/site-packages/airflow/example_dags/example_sla_dag.py
[2024-08-20T04:10:04.732+0000] {processor.py:925} INFO - DAG(s) 'example_sla_dag' retrieved from /home/airflow/.local/lib/python3.12/site-packages/airflow/example_dags/example_sla_dag.py
[2024-08-20T04:10:04.798+0000] {logging_mixin.py:190} INFO - [2024-08-20T04:10:04.798+0000] {dag.py:3211} INFO - Sync 1 DAGs
[2024-08-20T04:10:04.914+0000] {logging_mixin.py:190} INFO - [2024-08-20T04:10:04.913+0000] {dag.py:4138} INFO - Setting next_dagrun for example_sla_dag to 2024-08-20 04:08:00+00:00, run_after=2024-08-20 04:10:00+00:00
[2024-08-20T04:10:04.989+0000] {processor.py:208} INFO - Processing /home/airflow/.local/lib/python3.12/site-packages/airflow/example_dags/example_sla_dag.py took 0.326 seconds
[2024-08-20T04:10:35.781+0000] {processor.py:186} INFO - Started process (PID=2439) to work on /home/airflow/.local/lib/python3.12/site-packages/airflow/example_dags/example_sla_dag.py
[2024-08-20T04:10:35.782+0000] {processor.py:914} INFO - Processing file /home/airflow/.local/lib/python3.12/site-packages/airflow/example_dags/example_sla_dag.py for tasks to queue
[2024-08-20T04:10:35.785+0000] {logging_mixin.py:190} INFO - [2024-08-20T04:10:35.785+0000] {dagbag.py:587} INFO - Filling up the DagBag from /home/airflow/.local/lib/python3.12/site-packages/airflow/example_dags/example_sla_dag.py
[2024-08-20T04:10:35.804+0000] {processor.py:925} INFO - DAG(s) 'example_sla_dag' retrieved from /home/airflow/.local/lib/python3.12/site-packages/airflow/example_dags/example_sla_dag.py
[2024-08-20T04:10:35.835+0000] {logging_mixin.py:190} INFO - [2024-08-20T04:10:35.834+0000] {dag.py:3211} INFO - Sync 1 DAGs
[2024-08-20T04:10:35.876+0000] {logging_mixin.py:190} INFO - [2024-08-20T04:10:35.876+0000] {dag.py:4138} INFO - Setting next_dagrun for example_sla_dag to 2024-08-20 04:08:00+00:00, run_after=2024-08-20 04:10:00+00:00
[2024-08-20T04:10:35.905+0000] {processor.py:208} INFO - Processing /home/airflow/.local/lib/python3.12/site-packages/airflow/example_dags/example_sla_dag.py took 0.134 seconds
[2024-08-20T04:11:05.983+0000] {processor.py:186} INFO - Started process (PID=2500) to work on /home/airflow/.local/lib/python3.12/site-packages/airflow/example_dags/example_sla_dag.py
[2024-08-20T04:11:05.984+0000] {processor.py:914} INFO - Processing file /home/airflow/.local/lib/python3.12/site-packages/airflow/example_dags/example_sla_dag.py for tasks to queue
[2024-08-20T04:11:05.988+0000] {logging_mixin.py:190} INFO - [2024-08-20T04:11:05.987+0000] {dagbag.py:587} INFO - Filling up the DagBag from /home/airflow/.local/lib/python3.12/site-packages/airflow/example_dags/example_sla_dag.py
[2024-08-20T04:11:06.010+0000] {processor.py:925} INFO - DAG(s) 'example_sla_dag' retrieved from /home/airflow/.local/lib/python3.12/site-packages/airflow/example_dags/example_sla_dag.py
[2024-08-20T04:11:06.044+0000] {logging_mixin.py:190} INFO - [2024-08-20T04:11:06.044+0000] {dag.py:3211} INFO - Sync 1 DAGs
[2024-08-20T04:11:06.090+0000] {logging_mixin.py:190} INFO - [2024-08-20T04:11:06.089+0000] {dag.py:4138} INFO - Setting next_dagrun for example_sla_dag to 2024-08-20 04:08:00+00:00, run_after=2024-08-20 04:10:00+00:00
[2024-08-20T04:11:06.123+0000] {processor.py:208} INFO - Processing /home/airflow/.local/lib/python3.12/site-packages/airflow/example_dags/example_sla_dag.py took 0.152 seconds
[2024-08-20T04:11:36.521+0000] {processor.py:186} INFO - Started process (PID=2564) to work on /home/airflow/.local/lib/python3.12/site-packages/airflow/example_dags/example_sla_dag.py
[2024-08-20T04:11:36.522+0000] {processor.py:914} INFO - Processing file /home/airflow/.local/lib/python3.12/site-packages/airflow/example_dags/example_sla_dag.py for tasks to queue
[2024-08-20T04:11:36.526+0000] {logging_mixin.py:190} INFO - [2024-08-20T04:11:36.526+0000] {dagbag.py:587} INFO - Filling up the DagBag from /home/airflow/.local/lib/python3.12/site-packages/airflow/example_dags/example_sla_dag.py
[2024-08-20T04:11:36.541+0000] {processor.py:925} INFO - DAG(s) 'example_sla_dag' retrieved from /home/airflow/.local/lib/python3.12/site-packages/airflow/example_dags/example_sla_dag.py
[2024-08-20T04:11:36.569+0000] {logging_mixin.py:190} INFO - [2024-08-20T04:11:36.569+0000] {dag.py:3211} INFO - Sync 1 DAGs
[2024-08-20T04:11:36.603+0000] {logging_mixin.py:190} INFO - [2024-08-20T04:11:36.603+0000] {dag.py:4138} INFO - Setting next_dagrun for example_sla_dag to 2024-08-20 04:08:00+00:00, run_after=2024-08-20 04:10:00+00:00
[2024-08-20T04:11:36.626+0000] {processor.py:208} INFO - Processing /home/airflow/.local/lib/python3.12/site-packages/airflow/example_dags/example_sla_dag.py took 0.114 seconds
[2024-08-20T04:12:07.632+0000] {processor.py:186} INFO - Started process (PID=2626) to work on /home/airflow/.local/lib/python3.12/site-packages/airflow/example_dags/example_sla_dag.py
[2024-08-20T04:12:07.634+0000] {processor.py:914} INFO - Processing file /home/airflow/.local/lib/python3.12/site-packages/airflow/example_dags/example_sla_dag.py for tasks to queue
[2024-08-20T04:12:07.638+0000] {logging_mixin.py:190} INFO - [2024-08-20T04:12:07.637+0000] {dagbag.py:587} INFO - Filling up the DagBag from /home/airflow/.local/lib/python3.12/site-packages/airflow/example_dags/example_sla_dag.py
[2024-08-20T04:12:07.660+0000] {processor.py:925} INFO - DAG(s) 'example_sla_dag' retrieved from /home/airflow/.local/lib/python3.12/site-packages/airflow/example_dags/example_sla_dag.py
[2024-08-20T04:12:07.692+0000] {logging_mixin.py:190} INFO - [2024-08-20T04:12:07.691+0000] {dag.py:3211} INFO - Sync 1 DAGs
[2024-08-20T04:12:07.742+0000] {logging_mixin.py:190} INFO - [2024-08-20T04:12:07.742+0000] {dag.py:4138} INFO - Setting next_dagrun for example_sla_dag to 2024-08-20 04:10:00+00:00, run_after=2024-08-20 04:12:00+00:00
[2024-08-20T04:12:07.772+0000] {processor.py:208} INFO - Processing /home/airflow/.local/lib/python3.12/site-packages/airflow/example_dags/example_sla_dag.py took 0.154 seconds
[2024-08-20T04:12:38.715+0000] {processor.py:186} INFO - Started process (PID=2688) to work on /home/airflow/.local/lib/python3.12/site-packages/airflow/example_dags/example_sla_dag.py
[2024-08-20T04:12:38.717+0000] {processor.py:914} INFO - Processing file /home/airflow/.local/lib/python3.12/site-packages/airflow/example_dags/example_sla_dag.py for tasks to queue
[2024-08-20T04:12:38.722+0000] {logging_mixin.py:190} INFO - [2024-08-20T04:12:38.722+0000] {dagbag.py:587} INFO - Filling up the DagBag from /home/airflow/.local/lib/python3.12/site-packages/airflow/example_dags/example_sla_dag.py
[2024-08-20T04:12:38.738+0000] {processor.py:925} INFO - DAG(s) 'example_sla_dag' retrieved from /home/airflow/.local/lib/python3.12/site-packages/airflow/example_dags/example_sla_dag.py
[2024-08-20T04:12:38.771+0000] {logging_mixin.py:190} INFO - [2024-08-20T04:12:38.771+0000] {dag.py:3211} INFO - Sync 1 DAGs
[2024-08-20T04:12:38.817+0000] {logging_mixin.py:190} INFO - [2024-08-20T04:12:38.817+0000] {dag.py:4138} INFO - Setting next_dagrun for example_sla_dag to 2024-08-20 04:10:00+00:00, run_after=2024-08-20 04:12:00+00:00
[2024-08-20T04:12:38.846+0000] {processor.py:208} INFO - Processing /home/airflow/.local/lib/python3.12/site-packages/airflow/example_dags/example_sla_dag.py took 0.141 seconds
[2024-08-20T04:13:09.554+0000] {processor.py:186} INFO - Started process (PID=2750) to work on /home/airflow/.local/lib/python3.12/site-packages/airflow/example_dags/example_sla_dag.py
[2024-08-20T04:13:09.556+0000] {processor.py:914} INFO - Processing file /home/airflow/.local/lib/python3.12/site-packages/airflow/example_dags/example_sla_dag.py for tasks to queue
[2024-08-20T04:13:09.560+0000] {logging_mixin.py:190} INFO - [2024-08-20T04:13:09.560+0000] {dagbag.py:587} INFO - Filling up the DagBag from /home/airflow/.local/lib/python3.12/site-packages/airflow/example_dags/example_sla_dag.py
[2024-08-20T04:13:09.574+0000] {processor.py:925} INFO - DAG(s) 'example_sla_dag' retrieved from /home/airflow/.local/lib/python3.12/site-packages/airflow/example_dags/example_sla_dag.py
[2024-08-20T04:13:09.602+0000] {logging_mixin.py:190} INFO - [2024-08-20T04:13:09.602+0000] {dag.py:3211} INFO - Sync 1 DAGs
[2024-08-20T04:13:09.638+0000] {logging_mixin.py:190} INFO - [2024-08-20T04:13:09.637+0000] {dag.py:4138} INFO - Setting next_dagrun for example_sla_dag to 2024-08-20 04:10:00+00:00, run_after=2024-08-20 04:12:00+00:00
[2024-08-20T04:13:09.662+0000] {processor.py:208} INFO - Processing /home/airflow/.local/lib/python3.12/site-packages/airflow/example_dags/example_sla_dag.py took 0.117 seconds
[2024-08-20T04:13:40.109+0000] {processor.py:186} INFO - Started process (PID=2812) to work on /home/airflow/.local/lib/python3.12/site-packages/airflow/example_dags/example_sla_dag.py
[2024-08-20T04:13:40.110+0000] {processor.py:914} INFO - Processing file /home/airflow/.local/lib/python3.12/site-packages/airflow/example_dags/example_sla_dag.py for tasks to queue
[2024-08-20T04:13:40.113+0000] {logging_mixin.py:190} INFO - [2024-08-20T04:13:40.113+0000] {dagbag.py:587} INFO - Filling up the DagBag from /home/airflow/.local/lib/python3.12/site-packages/airflow/example_dags/example_sla_dag.py
[2024-08-20T04:13:40.131+0000] {processor.py:925} INFO - DAG(s) 'example_sla_dag' retrieved from /home/airflow/.local/lib/python3.12/site-packages/airflow/example_dags/example_sla_dag.py
[2024-08-20T04:13:40.161+0000] {logging_mixin.py:190} INFO - [2024-08-20T04:13:40.161+0000] {dag.py:3211} INFO - Sync 1 DAGs
[2024-08-20T04:13:40.225+0000] {logging_mixin.py:190} INFO - [2024-08-20T04:13:40.224+0000] {dag.py:4138} INFO - Setting next_dagrun for example_sla_dag to 2024-08-20 04:10:00+00:00, run_after=2024-08-20 04:12:00+00:00
[2024-08-20T04:13:40.269+0000] {processor.py:208} INFO - Processing /home/airflow/.local/lib/python3.12/site-packages/airflow/example_dags/example_sla_dag.py took 0.170 seconds
[2024-08-20T04:14:10.797+0000] {processor.py:186} INFO - Started process (PID=2874) to work on /home/airflow/.local/lib/python3.12/site-packages/airflow/example_dags/example_sla_dag.py
[2024-08-20T04:14:10.799+0000] {processor.py:914} INFO - Processing file /home/airflow/.local/lib/python3.12/site-packages/airflow/example_dags/example_sla_dag.py for tasks to queue
[2024-08-20T04:14:10.803+0000] {logging_mixin.py:190} INFO - [2024-08-20T04:14:10.802+0000] {dagbag.py:587} INFO - Filling up the DagBag from /home/airflow/.local/lib/python3.12/site-packages/airflow/example_dags/example_sla_dag.py
[2024-08-20T04:14:10.817+0000] {processor.py:925} INFO - DAG(s) 'example_sla_dag' retrieved from /home/airflow/.local/lib/python3.12/site-packages/airflow/example_dags/example_sla_dag.py
[2024-08-20T04:14:10.843+0000] {logging_mixin.py:190} INFO - [2024-08-20T04:14:10.843+0000] {dag.py:3211} INFO - Sync 1 DAGs
[2024-08-20T04:14:10.885+0000] {logging_mixin.py:190} INFO - [2024-08-20T04:14:10.885+0000] {dag.py:4138} INFO - Setting next_dagrun for example_sla_dag to 2024-08-20 04:12:00+00:00, run_after=2024-08-20 04:14:00+00:00
[2024-08-20T04:14:10.912+0000] {processor.py:208} INFO - Processing /home/airflow/.local/lib/python3.12/site-packages/airflow/example_dags/example_sla_dag.py took 0.126 seconds
[2024-08-20T04:14:41.580+0000] {processor.py:186} INFO - Started process (PID=2936) to work on /home/airflow/.local/lib/python3.12/site-packages/airflow/example_dags/example_sla_dag.py
[2024-08-20T04:14:41.581+0000] {processor.py:914} INFO - Processing file /home/airflow/.local/lib/python3.12/site-packages/airflow/example_dags/example_sla_dag.py for tasks to queue
[2024-08-20T04:14:41.585+0000] {logging_mixin.py:190} INFO - [2024-08-20T04:14:41.585+0000] {dagbag.py:587} INFO - Filling up the DagBag from /home/airflow/.local/lib/python3.12/site-packages/airflow/example_dags/example_sla_dag.py
[2024-08-20T04:14:41.600+0000] {processor.py:925} INFO - DAG(s) 'example_sla_dag' retrieved from /home/airflow/.local/lib/python3.12/site-packages/airflow/example_dags/example_sla_dag.py
[2024-08-20T04:14:41.631+0000] {logging_mixin.py:190} INFO - [2024-08-20T04:14:41.630+0000] {dag.py:3211} INFO - Sync 1 DAGs
[2024-08-20T04:14:41.670+0000] {logging_mixin.py:190} INFO - [2024-08-20T04:14:41.669+0000] {dag.py:4138} INFO - Setting next_dagrun for example_sla_dag to 2024-08-20 04:12:00+00:00, run_after=2024-08-20 04:14:00+00:00
[2024-08-20T04:14:41.920+0000] {processor.py:208} INFO - Processing /home/airflow/.local/lib/python3.12/site-packages/airflow/example_dags/example_sla_dag.py took 0.347 seconds
[2024-08-20T04:15:12.227+0000] {processor.py:186} INFO - Started process (PID=2998) to work on /home/airflow/.local/lib/python3.12/site-packages/airflow/example_dags/example_sla_dag.py
[2024-08-20T04:15:12.228+0000] {processor.py:914} INFO - Processing file /home/airflow/.local/lib/python3.12/site-packages/airflow/example_dags/example_sla_dag.py for tasks to queue
[2024-08-20T04:15:12.231+0000] {logging_mixin.py:190} INFO - [2024-08-20T04:15:12.231+0000] {dagbag.py:587} INFO - Filling up the DagBag from /home/airflow/.local/lib/python3.12/site-packages/airflow/example_dags/example_sla_dag.py
[2024-08-20T04:15:12.249+0000] {processor.py:925} INFO - DAG(s) 'example_sla_dag' retrieved from /home/airflow/.local/lib/python3.12/site-packages/airflow/example_dags/example_sla_dag.py
[2024-08-20T04:15:12.277+0000] {logging_mixin.py:190} INFO - [2024-08-20T04:15:12.277+0000] {dag.py:3211} INFO - Sync 1 DAGs
[2024-08-20T04:15:12.311+0000] {logging_mixin.py:190} INFO - [2024-08-20T04:15:12.311+0000] {dag.py:4138} INFO - Setting next_dagrun for example_sla_dag to 2024-08-20 04:12:00+00:00, run_after=2024-08-20 04:14:00+00:00
[2024-08-20T04:15:12.339+0000] {processor.py:208} INFO - Processing /home/airflow/.local/lib/python3.12/site-packages/airflow/example_dags/example_sla_dag.py took 0.125 seconds
[2024-08-20T04:15:42.952+0000] {processor.py:186} INFO - Started process (PID=3060) to work on /home/airflow/.local/lib/python3.12/site-packages/airflow/example_dags/example_sla_dag.py
[2024-08-20T04:15:42.954+0000] {processor.py:914} INFO - Processing file /home/airflow/.local/lib/python3.12/site-packages/airflow/example_dags/example_sla_dag.py for tasks to queue
[2024-08-20T04:15:42.959+0000] {logging_mixin.py:190} INFO - [2024-08-20T04:15:42.959+0000] {dagbag.py:587} INFO - Filling up the DagBag from /home/airflow/.local/lib/python3.12/site-packages/airflow/example_dags/example_sla_dag.py
[2024-08-20T04:15:42.977+0000] {processor.py:925} INFO - DAG(s) 'example_sla_dag' retrieved from /home/airflow/.local/lib/python3.12/site-packages/airflow/example_dags/example_sla_dag.py
[2024-08-20T04:15:43.006+0000] {logging_mixin.py:190} INFO - [2024-08-20T04:15:43.006+0000] {dag.py:3211} INFO - Sync 1 DAGs
[2024-08-20T04:15:43.049+0000] {logging_mixin.py:190} INFO - [2024-08-20T04:15:43.049+0000] {dag.py:4138} INFO - Setting next_dagrun for example_sla_dag to 2024-08-20 04:12:00+00:00, run_after=2024-08-20 04:14:00+00:00
[2024-08-20T04:15:43.079+0000] {processor.py:208} INFO - Processing /home/airflow/.local/lib/python3.12/site-packages/airflow/example_dags/example_sla_dag.py took 0.135 seconds
