[2024-08-20T03:38:43.594+0000] {processor.py:186} INFO - Started process (PID=110) to work on /home/airflow/.local/lib/python3.12/site-packages/airflow/example_dags/example_short_circuit_operator.py
[2024-08-20T03:38:43.595+0000] {processor.py:914} INFO - Processing file /home/airflow/.local/lib/python3.12/site-packages/airflow/example_dags/example_short_circuit_operator.py for tasks to queue
[2024-08-20T03:38:43.598+0000] {logging_mixin.py:190} INFO - [2024-08-20T03:38:43.598+0000] {dagbag.py:587} INFO - Filling up the DagBag from /home/airflow/.local/lib/python3.12/site-packages/airflow/example_dags/example_short_circuit_operator.py
[2024-08-20T03:38:43.612+0000] {processor.py:925} INFO - DAG(s) 'example_short_circuit_operator' retrieved from /home/airflow/.local/lib/python3.12/site-packages/airflow/example_dags/example_short_circuit_operator.py
[2024-08-20T03:38:43.746+0000] {logging_mixin.py:190} INFO - [2024-08-20T03:38:43.745+0000] {override.py:1858} INFO - Created Permission View: can edit on DAG:example_short_circuit_operator
[2024-08-20T03:38:43.758+0000] {logging_mixin.py:190} INFO - [2024-08-20T03:38:43.758+0000] {override.py:1858} INFO - Created Permission View: can read on DAG:example_short_circuit_operator
[2024-08-20T03:38:43.768+0000] {logging_mixin.py:190} INFO - [2024-08-20T03:38:43.767+0000] {override.py:1858} INFO - Created Permission View: can delete on DAG:example_short_circuit_operator
[2024-08-20T03:38:43.769+0000] {logging_mixin.py:190} INFO - [2024-08-20T03:38:43.769+0000] {dag.py:3211} INFO - Sync 1 DAGs
[2024-08-20T03:38:43.790+0000] {logging_mixin.py:190} INFO - [2024-08-20T03:38:43.790+0000] {dag.py:3234} INFO - Creating ORM DAG for example_short_circuit_operator
[2024-08-20T03:38:43.803+0000] {logging_mixin.py:190} INFO - [2024-08-20T03:38:43.803+0000] {dag.py:4138} INFO - Setting next_dagrun for example_short_circuit_operator to 2024-08-19 00:00:00+00:00, run_after=2024-08-20 00:00:00+00:00
[2024-08-20T03:38:43.828+0000] {processor.py:208} INFO - Processing /home/airflow/.local/lib/python3.12/site-packages/airflow/example_dags/example_short_circuit_operator.py took 0.241 seconds
[2024-08-20T03:39:14.565+0000] {processor.py:186} INFO - Started process (PID=172) to work on /home/airflow/.local/lib/python3.12/site-packages/airflow/example_dags/example_short_circuit_operator.py
[2024-08-20T03:39:14.567+0000] {processor.py:914} INFO - Processing file /home/airflow/.local/lib/python3.12/site-packages/airflow/example_dags/example_short_circuit_operator.py for tasks to queue
[2024-08-20T03:39:14.571+0000] {logging_mixin.py:190} INFO - [2024-08-20T03:39:14.570+0000] {dagbag.py:587} INFO - Filling up the DagBag from /home/airflow/.local/lib/python3.12/site-packages/airflow/example_dags/example_short_circuit_operator.py
[2024-08-20T03:39:14.582+0000] {processor.py:925} INFO - DAG(s) 'example_short_circuit_operator' retrieved from /home/airflow/.local/lib/python3.12/site-packages/airflow/example_dags/example_short_circuit_operator.py
[2024-08-20T03:39:14.612+0000] {logging_mixin.py:190} INFO - [2024-08-20T03:39:14.611+0000] {dag.py:3211} INFO - Sync 1 DAGs
[2024-08-20T03:39:14.643+0000] {logging_mixin.py:190} INFO - [2024-08-20T03:39:14.642+0000] {dag.py:4138} INFO - Setting next_dagrun for example_short_circuit_operator to 2024-08-19 00:00:00+00:00, run_after=2024-08-20 00:00:00+00:00
[2024-08-20T03:39:14.664+0000] {processor.py:208} INFO - Processing /home/airflow/.local/lib/python3.12/site-packages/airflow/example_dags/example_short_circuit_operator.py took 0.106 seconds
[2024-08-20T03:39:45.063+0000] {processor.py:186} INFO - Started process (PID=234) to work on /home/airflow/.local/lib/python3.12/site-packages/airflow/example_dags/example_short_circuit_operator.py
[2024-08-20T03:39:45.065+0000] {processor.py:914} INFO - Processing file /home/airflow/.local/lib/python3.12/site-packages/airflow/example_dags/example_short_circuit_operator.py for tasks to queue
[2024-08-20T03:39:45.068+0000] {logging_mixin.py:190} INFO - [2024-08-20T03:39:45.067+0000] {dagbag.py:587} INFO - Filling up the DagBag from /home/airflow/.local/lib/python3.12/site-packages/airflow/example_dags/example_short_circuit_operator.py
[2024-08-20T03:39:45.079+0000] {processor.py:925} INFO - DAG(s) 'example_short_circuit_operator' retrieved from /home/airflow/.local/lib/python3.12/site-packages/airflow/example_dags/example_short_circuit_operator.py
[2024-08-20T03:39:45.110+0000] {logging_mixin.py:190} INFO - [2024-08-20T03:39:45.110+0000] {dag.py:3211} INFO - Sync 1 DAGs
[2024-08-20T03:39:45.136+0000] {logging_mixin.py:190} INFO - [2024-08-20T03:39:45.136+0000] {dag.py:4138} INFO - Setting next_dagrun for example_short_circuit_operator to 2024-08-19 00:00:00+00:00, run_after=2024-08-20 00:00:00+00:00
[2024-08-20T03:39:45.163+0000] {processor.py:208} INFO - Processing /home/airflow/.local/lib/python3.12/site-packages/airflow/example_dags/example_short_circuit_operator.py took 0.108 seconds
[2024-08-20T03:40:15.968+0000] {processor.py:186} INFO - Started process (PID=296) to work on /home/airflow/.local/lib/python3.12/site-packages/airflow/example_dags/example_short_circuit_operator.py
[2024-08-20T03:40:15.970+0000] {processor.py:914} INFO - Processing file /home/airflow/.local/lib/python3.12/site-packages/airflow/example_dags/example_short_circuit_operator.py for tasks to queue
[2024-08-20T03:40:15.972+0000] {logging_mixin.py:190} INFO - [2024-08-20T03:40:15.972+0000] {dagbag.py:587} INFO - Filling up the DagBag from /home/airflow/.local/lib/python3.12/site-packages/airflow/example_dags/example_short_circuit_operator.py
[2024-08-20T03:40:15.985+0000] {processor.py:925} INFO - DAG(s) 'example_short_circuit_operator' retrieved from /home/airflow/.local/lib/python3.12/site-packages/airflow/example_dags/example_short_circuit_operator.py
[2024-08-20T03:40:16.016+0000] {logging_mixin.py:190} INFO - [2024-08-20T03:40:16.016+0000] {dag.py:3211} INFO - Sync 1 DAGs
[2024-08-20T03:40:16.051+0000] {logging_mixin.py:190} INFO - [2024-08-20T03:40:16.050+0000] {dag.py:4138} INFO - Setting next_dagrun for example_short_circuit_operator to 2024-08-19 00:00:00+00:00, run_after=2024-08-20 00:00:00+00:00
[2024-08-20T03:40:16.078+0000] {processor.py:208} INFO - Processing /home/airflow/.local/lib/python3.12/site-packages/airflow/example_dags/example_short_circuit_operator.py took 0.118 seconds
[2024-08-20T03:40:46.667+0000] {processor.py:186} INFO - Started process (PID=358) to work on /home/airflow/.local/lib/python3.12/site-packages/airflow/example_dags/example_short_circuit_operator.py
[2024-08-20T03:40:46.669+0000] {processor.py:914} INFO - Processing file /home/airflow/.local/lib/python3.12/site-packages/airflow/example_dags/example_short_circuit_operator.py for tasks to queue
[2024-08-20T03:40:46.672+0000] {logging_mixin.py:190} INFO - [2024-08-20T03:40:46.672+0000] {dagbag.py:587} INFO - Filling up the DagBag from /home/airflow/.local/lib/python3.12/site-packages/airflow/example_dags/example_short_circuit_operator.py
[2024-08-20T03:40:46.684+0000] {processor.py:925} INFO - DAG(s) 'example_short_circuit_operator' retrieved from /home/airflow/.local/lib/python3.12/site-packages/airflow/example_dags/example_short_circuit_operator.py
[2024-08-20T03:40:46.714+0000] {logging_mixin.py:190} INFO - [2024-08-20T03:40:46.714+0000] {dag.py:3211} INFO - Sync 1 DAGs
[2024-08-20T03:40:46.743+0000] {logging_mixin.py:190} INFO - [2024-08-20T03:40:46.743+0000] {dag.py:4138} INFO - Setting next_dagrun for example_short_circuit_operator to 2024-08-19 00:00:00+00:00, run_after=2024-08-20 00:00:00+00:00
[2024-08-20T03:40:46.770+0000] {processor.py:208} INFO - Processing /home/airflow/.local/lib/python3.12/site-packages/airflow/example_dags/example_short_circuit_operator.py took 0.111 seconds
[2024-08-20T03:41:17.044+0000] {processor.py:186} INFO - Started process (PID=420) to work on /home/airflow/.local/lib/python3.12/site-packages/airflow/example_dags/example_short_circuit_operator.py
[2024-08-20T03:41:17.045+0000] {processor.py:914} INFO - Processing file /home/airflow/.local/lib/python3.12/site-packages/airflow/example_dags/example_short_circuit_operator.py for tasks to queue
[2024-08-20T03:41:17.048+0000] {logging_mixin.py:190} INFO - [2024-08-20T03:41:17.048+0000] {dagbag.py:587} INFO - Filling up the DagBag from /home/airflow/.local/lib/python3.12/site-packages/airflow/example_dags/example_short_circuit_operator.py
[2024-08-20T03:41:17.061+0000] {processor.py:925} INFO - DAG(s) 'example_short_circuit_operator' retrieved from /home/airflow/.local/lib/python3.12/site-packages/airflow/example_dags/example_short_circuit_operator.py
[2024-08-20T03:41:17.094+0000] {logging_mixin.py:190} INFO - [2024-08-20T03:41:17.093+0000] {dag.py:3211} INFO - Sync 1 DAGs
[2024-08-20T03:41:17.128+0000] {logging_mixin.py:190} INFO - [2024-08-20T03:41:17.128+0000] {dag.py:4138} INFO - Setting next_dagrun for example_short_circuit_operator to 2024-08-19 00:00:00+00:00, run_after=2024-08-20 00:00:00+00:00
[2024-08-20T03:41:17.152+0000] {processor.py:208} INFO - Processing /home/airflow/.local/lib/python3.12/site-packages/airflow/example_dags/example_short_circuit_operator.py took 0.117 seconds
[2024-08-20T03:41:47.829+0000] {processor.py:186} INFO - Started process (PID=482) to work on /home/airflow/.local/lib/python3.12/site-packages/airflow/example_dags/example_short_circuit_operator.py
[2024-08-20T03:41:47.831+0000] {processor.py:914} INFO - Processing file /home/airflow/.local/lib/python3.12/site-packages/airflow/example_dags/example_short_circuit_operator.py for tasks to queue
[2024-08-20T03:41:47.834+0000] {logging_mixin.py:190} INFO - [2024-08-20T03:41:47.834+0000] {dagbag.py:587} INFO - Filling up the DagBag from /home/airflow/.local/lib/python3.12/site-packages/airflow/example_dags/example_short_circuit_operator.py
[2024-08-20T03:41:47.850+0000] {processor.py:925} INFO - DAG(s) 'example_short_circuit_operator' retrieved from /home/airflow/.local/lib/python3.12/site-packages/airflow/example_dags/example_short_circuit_operator.py
[2024-08-20T03:41:47.883+0000] {logging_mixin.py:190} INFO - [2024-08-20T03:41:47.882+0000] {dag.py:3211} INFO - Sync 1 DAGs
[2024-08-20T03:41:47.912+0000] {logging_mixin.py:190} INFO - [2024-08-20T03:41:47.912+0000] {dag.py:4138} INFO - Setting next_dagrun for example_short_circuit_operator to 2024-08-19 00:00:00+00:00, run_after=2024-08-20 00:00:00+00:00
[2024-08-20T03:41:47.935+0000] {processor.py:208} INFO - Processing /home/airflow/.local/lib/python3.12/site-packages/airflow/example_dags/example_short_circuit_operator.py took 0.112 seconds
[2024-08-20T03:42:18.391+0000] {processor.py:186} INFO - Started process (PID=544) to work on /home/airflow/.local/lib/python3.12/site-packages/airflow/example_dags/example_short_circuit_operator.py
[2024-08-20T03:42:18.393+0000] {processor.py:914} INFO - Processing file /home/airflow/.local/lib/python3.12/site-packages/airflow/example_dags/example_short_circuit_operator.py for tasks to queue
[2024-08-20T03:42:18.395+0000] {logging_mixin.py:190} INFO - [2024-08-20T03:42:18.395+0000] {dagbag.py:587} INFO - Filling up the DagBag from /home/airflow/.local/lib/python3.12/site-packages/airflow/example_dags/example_short_circuit_operator.py
[2024-08-20T03:42:18.407+0000] {processor.py:925} INFO - DAG(s) 'example_short_circuit_operator' retrieved from /home/airflow/.local/lib/python3.12/site-packages/airflow/example_dags/example_short_circuit_operator.py
[2024-08-20T03:42:18.435+0000] {logging_mixin.py:190} INFO - [2024-08-20T03:42:18.435+0000] {dag.py:3211} INFO - Sync 1 DAGs
[2024-08-20T03:42:18.465+0000] {logging_mixin.py:190} INFO - [2024-08-20T03:42:18.465+0000] {dag.py:4138} INFO - Setting next_dagrun for example_short_circuit_operator to 2024-08-19 00:00:00+00:00, run_after=2024-08-20 00:00:00+00:00
[2024-08-20T03:42:18.489+0000] {processor.py:208} INFO - Processing /home/airflow/.local/lib/python3.12/site-packages/airflow/example_dags/example_short_circuit_operator.py took 0.105 seconds
[2024-08-20T03:42:48.531+0000] {processor.py:186} INFO - Started process (PID=605) to work on /home/airflow/.local/lib/python3.12/site-packages/airflow/example_dags/example_short_circuit_operator.py
[2024-08-20T03:42:48.533+0000] {processor.py:914} INFO - Processing file /home/airflow/.local/lib/python3.12/site-packages/airflow/example_dags/example_short_circuit_operator.py for tasks to queue
[2024-08-20T03:42:48.537+0000] {logging_mixin.py:190} INFO - [2024-08-20T03:42:48.536+0000] {dagbag.py:587} INFO - Filling up the DagBag from /home/airflow/.local/lib/python3.12/site-packages/airflow/example_dags/example_short_circuit_operator.py
[2024-08-20T03:42:48.550+0000] {processor.py:925} INFO - DAG(s) 'example_short_circuit_operator' retrieved from /home/airflow/.local/lib/python3.12/site-packages/airflow/example_dags/example_short_circuit_operator.py
[2024-08-20T03:42:48.582+0000] {logging_mixin.py:190} INFO - [2024-08-20T03:42:48.581+0000] {dag.py:3211} INFO - Sync 1 DAGs
[2024-08-20T03:42:48.625+0000] {logging_mixin.py:190} INFO - [2024-08-20T03:42:48.625+0000] {dag.py:4138} INFO - Setting next_dagrun for example_short_circuit_operator to 2024-08-19 00:00:00+00:00, run_after=2024-08-20 00:00:00+00:00
[2024-08-20T03:42:48.661+0000] {processor.py:208} INFO - Processing /home/airflow/.local/lib/python3.12/site-packages/airflow/example_dags/example_short_circuit_operator.py took 0.140 seconds
[2024-08-20T03:43:19.598+0000] {processor.py:186} INFO - Started process (PID=668) to work on /home/airflow/.local/lib/python3.12/site-packages/airflow/example_dags/example_short_circuit_operator.py
[2024-08-20T03:43:19.601+0000] {processor.py:914} INFO - Processing file /home/airflow/.local/lib/python3.12/site-packages/airflow/example_dags/example_short_circuit_operator.py for tasks to queue
[2024-08-20T03:43:19.606+0000] {logging_mixin.py:190} INFO - [2024-08-20T03:43:19.605+0000] {dagbag.py:587} INFO - Filling up the DagBag from /home/airflow/.local/lib/python3.12/site-packages/airflow/example_dags/example_short_circuit_operator.py
[2024-08-20T03:43:19.616+0000] {processor.py:925} INFO - DAG(s) 'example_short_circuit_operator' retrieved from /home/airflow/.local/lib/python3.12/site-packages/airflow/example_dags/example_short_circuit_operator.py
[2024-08-20T03:43:19.648+0000] {logging_mixin.py:190} INFO - [2024-08-20T03:43:19.648+0000] {dag.py:3211} INFO - Sync 1 DAGs
[2024-08-20T03:43:19.676+0000] {logging_mixin.py:190} INFO - [2024-08-20T03:43:19.676+0000] {dag.py:4138} INFO - Setting next_dagrun for example_short_circuit_operator to 2024-08-19 00:00:00+00:00, run_after=2024-08-20 00:00:00+00:00
[2024-08-20T03:43:19.704+0000] {processor.py:208} INFO - Processing /home/airflow/.local/lib/python3.12/site-packages/airflow/example_dags/example_short_circuit_operator.py took 0.113 seconds
[2024-08-20T03:43:50.083+0000] {processor.py:186} INFO - Started process (PID=730) to work on /home/airflow/.local/lib/python3.12/site-packages/airflow/example_dags/example_short_circuit_operator.py
[2024-08-20T03:43:50.084+0000] {processor.py:914} INFO - Processing file /home/airflow/.local/lib/python3.12/site-packages/airflow/example_dags/example_short_circuit_operator.py for tasks to queue
[2024-08-20T03:43:50.087+0000] {logging_mixin.py:190} INFO - [2024-08-20T03:43:50.087+0000] {dagbag.py:587} INFO - Filling up the DagBag from /home/airflow/.local/lib/python3.12/site-packages/airflow/example_dags/example_short_circuit_operator.py
[2024-08-20T03:43:50.100+0000] {processor.py:925} INFO - DAG(s) 'example_short_circuit_operator' retrieved from /home/airflow/.local/lib/python3.12/site-packages/airflow/example_dags/example_short_circuit_operator.py
[2024-08-20T03:43:50.134+0000] {logging_mixin.py:190} INFO - [2024-08-20T03:43:50.134+0000] {dag.py:3211} INFO - Sync 1 DAGs
[2024-08-20T03:43:50.162+0000] {logging_mixin.py:190} INFO - [2024-08-20T03:43:50.162+0000] {dag.py:4138} INFO - Setting next_dagrun for example_short_circuit_operator to 2024-08-19 00:00:00+00:00, run_after=2024-08-20 00:00:00+00:00
[2024-08-20T03:43:50.188+0000] {processor.py:208} INFO - Processing /home/airflow/.local/lib/python3.12/site-packages/airflow/example_dags/example_short_circuit_operator.py took 0.114 seconds
[2024-08-20T03:44:20.560+0000] {processor.py:186} INFO - Started process (PID=792) to work on /home/airflow/.local/lib/python3.12/site-packages/airflow/example_dags/example_short_circuit_operator.py
[2024-08-20T03:44:20.562+0000] {processor.py:914} INFO - Processing file /home/airflow/.local/lib/python3.12/site-packages/airflow/example_dags/example_short_circuit_operator.py for tasks to queue
[2024-08-20T03:44:20.565+0000] {logging_mixin.py:190} INFO - [2024-08-20T03:44:20.564+0000] {dagbag.py:587} INFO - Filling up the DagBag from /home/airflow/.local/lib/python3.12/site-packages/airflow/example_dags/example_short_circuit_operator.py
[2024-08-20T03:44:20.576+0000] {processor.py:925} INFO - DAG(s) 'example_short_circuit_operator' retrieved from /home/airflow/.local/lib/python3.12/site-packages/airflow/example_dags/example_short_circuit_operator.py
[2024-08-20T03:44:20.604+0000] {logging_mixin.py:190} INFO - [2024-08-20T03:44:20.604+0000] {dag.py:3211} INFO - Sync 1 DAGs
[2024-08-20T03:44:20.631+0000] {logging_mixin.py:190} INFO - [2024-08-20T03:44:20.631+0000] {dag.py:4138} INFO - Setting next_dagrun for example_short_circuit_operator to 2024-08-19 00:00:00+00:00, run_after=2024-08-20 00:00:00+00:00
[2024-08-20T03:44:20.653+0000] {processor.py:208} INFO - Processing /home/airflow/.local/lib/python3.12/site-packages/airflow/example_dags/example_short_circuit_operator.py took 0.101 seconds
[2024-08-20T03:44:51.513+0000] {processor.py:186} INFO - Started process (PID=854) to work on /home/airflow/.local/lib/python3.12/site-packages/airflow/example_dags/example_short_circuit_operator.py
[2024-08-20T03:44:51.514+0000] {processor.py:914} INFO - Processing file /home/airflow/.local/lib/python3.12/site-packages/airflow/example_dags/example_short_circuit_operator.py for tasks to queue
[2024-08-20T03:44:51.517+0000] {logging_mixin.py:190} INFO - [2024-08-20T03:44:51.517+0000] {dagbag.py:587} INFO - Filling up the DagBag from /home/airflow/.local/lib/python3.12/site-packages/airflow/example_dags/example_short_circuit_operator.py
[2024-08-20T03:44:51.527+0000] {processor.py:925} INFO - DAG(s) 'example_short_circuit_operator' retrieved from /home/airflow/.local/lib/python3.12/site-packages/airflow/example_dags/example_short_circuit_operator.py
[2024-08-20T03:44:51.556+0000] {logging_mixin.py:190} INFO - [2024-08-20T03:44:51.555+0000] {dag.py:3211} INFO - Sync 1 DAGs
[2024-08-20T03:44:51.581+0000] {logging_mixin.py:190} INFO - [2024-08-20T03:44:51.581+0000] {dag.py:4138} INFO - Setting next_dagrun for example_short_circuit_operator to 2024-08-19 00:00:00+00:00, run_after=2024-08-20 00:00:00+00:00
[2024-08-20T03:44:51.602+0000] {processor.py:208} INFO - Processing /home/airflow/.local/lib/python3.12/site-packages/airflow/example_dags/example_short_circuit_operator.py took 0.096 seconds
[2024-08-20T03:45:22.127+0000] {processor.py:186} INFO - Started process (PID=916) to work on /home/airflow/.local/lib/python3.12/site-packages/airflow/example_dags/example_short_circuit_operator.py
[2024-08-20T03:45:22.128+0000] {processor.py:914} INFO - Processing file /home/airflow/.local/lib/python3.12/site-packages/airflow/example_dags/example_short_circuit_operator.py for tasks to queue
[2024-08-20T03:45:22.131+0000] {logging_mixin.py:190} INFO - [2024-08-20T03:45:22.130+0000] {dagbag.py:587} INFO - Filling up the DagBag from /home/airflow/.local/lib/python3.12/site-packages/airflow/example_dags/example_short_circuit_operator.py
[2024-08-20T03:45:22.142+0000] {processor.py:925} INFO - DAG(s) 'example_short_circuit_operator' retrieved from /home/airflow/.local/lib/python3.12/site-packages/airflow/example_dags/example_short_circuit_operator.py
[2024-08-20T03:45:22.169+0000] {logging_mixin.py:190} INFO - [2024-08-20T03:45:22.168+0000] {dag.py:3211} INFO - Sync 1 DAGs
[2024-08-20T03:45:22.193+0000] {logging_mixin.py:190} INFO - [2024-08-20T03:45:22.193+0000] {dag.py:4138} INFO - Setting next_dagrun for example_short_circuit_operator to 2024-08-19 00:00:00+00:00, run_after=2024-08-20 00:00:00+00:00
[2024-08-20T03:45:22.214+0000] {processor.py:208} INFO - Processing /home/airflow/.local/lib/python3.12/site-packages/airflow/example_dags/example_short_circuit_operator.py took 0.096 seconds
[2024-08-20T03:45:52.630+0000] {processor.py:186} INFO - Started process (PID=978) to work on /home/airflow/.local/lib/python3.12/site-packages/airflow/example_dags/example_short_circuit_operator.py
[2024-08-20T03:45:52.631+0000] {processor.py:914} INFO - Processing file /home/airflow/.local/lib/python3.12/site-packages/airflow/example_dags/example_short_circuit_operator.py for tasks to queue
[2024-08-20T03:45:52.634+0000] {logging_mixin.py:190} INFO - [2024-08-20T03:45:52.634+0000] {dagbag.py:587} INFO - Filling up the DagBag from /home/airflow/.local/lib/python3.12/site-packages/airflow/example_dags/example_short_circuit_operator.py
[2024-08-20T03:45:52.644+0000] {processor.py:925} INFO - DAG(s) 'example_short_circuit_operator' retrieved from /home/airflow/.local/lib/python3.12/site-packages/airflow/example_dags/example_short_circuit_operator.py
[2024-08-20T03:45:52.671+0000] {logging_mixin.py:190} INFO - [2024-08-20T03:45:52.671+0000] {dag.py:3211} INFO - Sync 1 DAGs
[2024-08-20T03:45:52.697+0000] {logging_mixin.py:190} INFO - [2024-08-20T03:45:52.697+0000] {dag.py:4138} INFO - Setting next_dagrun for example_short_circuit_operator to 2024-08-19 00:00:00+00:00, run_after=2024-08-20 00:00:00+00:00
[2024-08-20T03:45:52.721+0000] {processor.py:208} INFO - Processing /home/airflow/.local/lib/python3.12/site-packages/airflow/example_dags/example_short_circuit_operator.py took 0.098 seconds
[2024-08-20T03:46:23.218+0000] {processor.py:186} INFO - Started process (PID=1040) to work on /home/airflow/.local/lib/python3.12/site-packages/airflow/example_dags/example_short_circuit_operator.py
[2024-08-20T03:46:23.219+0000] {processor.py:914} INFO - Processing file /home/airflow/.local/lib/python3.12/site-packages/airflow/example_dags/example_short_circuit_operator.py for tasks to queue
[2024-08-20T03:46:23.222+0000] {logging_mixin.py:190} INFO - [2024-08-20T03:46:23.222+0000] {dagbag.py:587} INFO - Filling up the DagBag from /home/airflow/.local/lib/python3.12/site-packages/airflow/example_dags/example_short_circuit_operator.py
[2024-08-20T03:46:23.232+0000] {processor.py:925} INFO - DAG(s) 'example_short_circuit_operator' retrieved from /home/airflow/.local/lib/python3.12/site-packages/airflow/example_dags/example_short_circuit_operator.py
[2024-08-20T03:46:23.260+0000] {logging_mixin.py:190} INFO - [2024-08-20T03:46:23.260+0000] {dag.py:3211} INFO - Sync 1 DAGs
[2024-08-20T03:46:23.290+0000] {logging_mixin.py:190} INFO - [2024-08-20T03:46:23.290+0000] {dag.py:4138} INFO - Setting next_dagrun for example_short_circuit_operator to 2024-08-19 00:00:00+00:00, run_after=2024-08-20 00:00:00+00:00
[2024-08-20T03:46:23.312+0000] {processor.py:208} INFO - Processing /home/airflow/.local/lib/python3.12/site-packages/airflow/example_dags/example_short_circuit_operator.py took 0.101 seconds
[2024-08-20T03:46:53.774+0000] {processor.py:186} INFO - Started process (PID=1101) to work on /home/airflow/.local/lib/python3.12/site-packages/airflow/example_dags/example_short_circuit_operator.py
[2024-08-20T03:46:53.777+0000] {processor.py:914} INFO - Processing file /home/airflow/.local/lib/python3.12/site-packages/airflow/example_dags/example_short_circuit_operator.py for tasks to queue
[2024-08-20T03:46:53.780+0000] {logging_mixin.py:190} INFO - [2024-08-20T03:46:53.780+0000] {dagbag.py:587} INFO - Filling up the DagBag from /home/airflow/.local/lib/python3.12/site-packages/airflow/example_dags/example_short_circuit_operator.py
[2024-08-20T03:46:53.792+0000] {processor.py:925} INFO - DAG(s) 'example_short_circuit_operator' retrieved from /home/airflow/.local/lib/python3.12/site-packages/airflow/example_dags/example_short_circuit_operator.py
[2024-08-20T03:46:53.823+0000] {logging_mixin.py:190} INFO - [2024-08-20T03:46:53.823+0000] {dag.py:3211} INFO - Sync 1 DAGs
[2024-08-20T03:46:53.861+0000] {logging_mixin.py:190} INFO - [2024-08-20T03:46:53.861+0000] {dag.py:4138} INFO - Setting next_dagrun for example_short_circuit_operator to 2024-08-19 00:00:00+00:00, run_after=2024-08-20 00:00:00+00:00
[2024-08-20T03:46:53.891+0000] {processor.py:208} INFO - Processing /home/airflow/.local/lib/python3.12/site-packages/airflow/example_dags/example_short_circuit_operator.py took 0.124 seconds
[2024-08-20T03:47:24.751+0000] {processor.py:186} INFO - Started process (PID=1171) to work on /home/airflow/.local/lib/python3.12/site-packages/airflow/example_dags/example_short_circuit_operator.py
[2024-08-20T03:47:24.753+0000] {processor.py:914} INFO - Processing file /home/airflow/.local/lib/python3.12/site-packages/airflow/example_dags/example_short_circuit_operator.py for tasks to queue
[2024-08-20T03:47:24.756+0000] {logging_mixin.py:190} INFO - [2024-08-20T03:47:24.755+0000] {dagbag.py:587} INFO - Filling up the DagBag from /home/airflow/.local/lib/python3.12/site-packages/airflow/example_dags/example_short_circuit_operator.py
[2024-08-20T03:47:24.769+0000] {processor.py:925} INFO - DAG(s) 'example_short_circuit_operator' retrieved from /home/airflow/.local/lib/python3.12/site-packages/airflow/example_dags/example_short_circuit_operator.py
[2024-08-20T03:47:24.804+0000] {logging_mixin.py:190} INFO - [2024-08-20T03:47:24.803+0000] {dag.py:3211} INFO - Sync 1 DAGs
[2024-08-20T03:47:24.832+0000] {logging_mixin.py:190} INFO - [2024-08-20T03:47:24.832+0000] {dag.py:4138} INFO - Setting next_dagrun for example_short_circuit_operator to 2024-08-19 00:00:00+00:00, run_after=2024-08-20 00:00:00+00:00
[2024-08-20T03:47:24.853+0000] {processor.py:208} INFO - Processing /home/airflow/.local/lib/python3.12/site-packages/airflow/example_dags/example_short_circuit_operator.py took 0.111 seconds
[2024-08-20T03:47:55.148+0000] {processor.py:186} INFO - Started process (PID=1233) to work on /home/airflow/.local/lib/python3.12/site-packages/airflow/example_dags/example_short_circuit_operator.py
[2024-08-20T03:47:55.149+0000] {processor.py:914} INFO - Processing file /home/airflow/.local/lib/python3.12/site-packages/airflow/example_dags/example_short_circuit_operator.py for tasks to queue
[2024-08-20T03:47:55.152+0000] {logging_mixin.py:190} INFO - [2024-08-20T03:47:55.152+0000] {dagbag.py:587} INFO - Filling up the DagBag from /home/airflow/.local/lib/python3.12/site-packages/airflow/example_dags/example_short_circuit_operator.py
[2024-08-20T03:47:55.163+0000] {processor.py:925} INFO - DAG(s) 'example_short_circuit_operator' retrieved from /home/airflow/.local/lib/python3.12/site-packages/airflow/example_dags/example_short_circuit_operator.py
[2024-08-20T03:47:55.193+0000] {logging_mixin.py:190} INFO - [2024-08-20T03:47:55.193+0000] {dag.py:3211} INFO - Sync 1 DAGs
[2024-08-20T03:47:55.220+0000] {logging_mixin.py:190} INFO - [2024-08-20T03:47:55.219+0000] {dag.py:4138} INFO - Setting next_dagrun for example_short_circuit_operator to 2024-08-19 00:00:00+00:00, run_after=2024-08-20 00:00:00+00:00
[2024-08-20T03:47:55.242+0000] {processor.py:208} INFO - Processing /home/airflow/.local/lib/python3.12/site-packages/airflow/example_dags/example_short_circuit_operator.py took 0.102 seconds
[2024-08-20T03:48:25.954+0000] {processor.py:186} INFO - Started process (PID=1295) to work on /home/airflow/.local/lib/python3.12/site-packages/airflow/example_dags/example_short_circuit_operator.py
[2024-08-20T03:48:25.956+0000] {processor.py:914} INFO - Processing file /home/airflow/.local/lib/python3.12/site-packages/airflow/example_dags/example_short_circuit_operator.py for tasks to queue
[2024-08-20T03:48:25.959+0000] {logging_mixin.py:190} INFO - [2024-08-20T03:48:25.959+0000] {dagbag.py:587} INFO - Filling up the DagBag from /home/airflow/.local/lib/python3.12/site-packages/airflow/example_dags/example_short_circuit_operator.py
[2024-08-20T03:48:25.969+0000] {processor.py:925} INFO - DAG(s) 'example_short_circuit_operator' retrieved from /home/airflow/.local/lib/python3.12/site-packages/airflow/example_dags/example_short_circuit_operator.py
[2024-08-20T03:48:25.999+0000] {logging_mixin.py:190} INFO - [2024-08-20T03:48:25.998+0000] {dag.py:3211} INFO - Sync 1 DAGs
[2024-08-20T03:48:26.028+0000] {logging_mixin.py:190} INFO - [2024-08-20T03:48:26.028+0000] {dag.py:4138} INFO - Setting next_dagrun for example_short_circuit_operator to 2024-08-19 00:00:00+00:00, run_after=2024-08-20 00:00:00+00:00
[2024-08-20T03:48:26.049+0000] {processor.py:208} INFO - Processing /home/airflow/.local/lib/python3.12/site-packages/airflow/example_dags/example_short_circuit_operator.py took 0.100 seconds
[2024-08-20T03:51:16.610+0000] {processor.py:186} INFO - Started process (PID=107) to work on /home/airflow/.local/lib/python3.12/site-packages/airflow/example_dags/example_short_circuit_operator.py
[2024-08-20T03:51:16.612+0000] {processor.py:914} INFO - Processing file /home/airflow/.local/lib/python3.12/site-packages/airflow/example_dags/example_short_circuit_operator.py for tasks to queue
[2024-08-20T03:51:16.615+0000] {logging_mixin.py:190} INFO - [2024-08-20T03:51:16.615+0000] {dagbag.py:587} INFO - Filling up the DagBag from /home/airflow/.local/lib/python3.12/site-packages/airflow/example_dags/example_short_circuit_operator.py
[2024-08-20T03:51:16.628+0000] {processor.py:925} INFO - DAG(s) 'example_short_circuit_operator' retrieved from /home/airflow/.local/lib/python3.12/site-packages/airflow/example_dags/example_short_circuit_operator.py
[2024-08-20T03:51:16.664+0000] {logging_mixin.py:190} INFO - [2024-08-20T03:51:16.664+0000] {dag.py:3211} INFO - Sync 1 DAGs
[2024-08-20T03:51:16.710+0000] {logging_mixin.py:190} INFO - [2024-08-20T03:51:16.709+0000] {dag.py:4138} INFO - Setting next_dagrun for example_short_circuit_operator to 2024-08-19 00:00:00+00:00, run_after=2024-08-20 00:00:00+00:00
[2024-08-20T03:51:16.746+0000] {processor.py:208} INFO - Processing /home/airflow/.local/lib/python3.12/site-packages/airflow/example_dags/example_short_circuit_operator.py took 0.144 seconds
[2024-08-20T03:51:46.880+0000] {processor.py:186} INFO - Started process (PID=170) to work on /home/airflow/.local/lib/python3.12/site-packages/airflow/example_dags/example_short_circuit_operator.py
[2024-08-20T03:51:46.882+0000] {processor.py:914} INFO - Processing file /home/airflow/.local/lib/python3.12/site-packages/airflow/example_dags/example_short_circuit_operator.py for tasks to queue
[2024-08-20T03:51:46.885+0000] {logging_mixin.py:190} INFO - [2024-08-20T03:51:46.884+0000] {dagbag.py:587} INFO - Filling up the DagBag from /home/airflow/.local/lib/python3.12/site-packages/airflow/example_dags/example_short_circuit_operator.py
[2024-08-20T03:51:46.895+0000] {processor.py:925} INFO - DAG(s) 'example_short_circuit_operator' retrieved from /home/airflow/.local/lib/python3.12/site-packages/airflow/example_dags/example_short_circuit_operator.py
[2024-08-20T03:51:46.921+0000] {logging_mixin.py:190} INFO - [2024-08-20T03:51:46.921+0000] {dag.py:3211} INFO - Sync 1 DAGs
[2024-08-20T03:51:46.946+0000] {logging_mixin.py:190} INFO - [2024-08-20T03:51:46.946+0000] {dag.py:4138} INFO - Setting next_dagrun for example_short_circuit_operator to 2024-08-19 00:00:00+00:00, run_after=2024-08-20 00:00:00+00:00
[2024-08-20T03:51:46.969+0000] {processor.py:208} INFO - Processing /home/airflow/.local/lib/python3.12/site-packages/airflow/example_dags/example_short_circuit_operator.py took 0.095 seconds
[2024-08-20T03:52:17.575+0000] {processor.py:186} INFO - Started process (PID=233) to work on /home/airflow/.local/lib/python3.12/site-packages/airflow/example_dags/example_short_circuit_operator.py
[2024-08-20T03:52:17.577+0000] {processor.py:914} INFO - Processing file /home/airflow/.local/lib/python3.12/site-packages/airflow/example_dags/example_short_circuit_operator.py for tasks to queue
[2024-08-20T03:52:17.580+0000] {logging_mixin.py:190} INFO - [2024-08-20T03:52:17.579+0000] {dagbag.py:587} INFO - Filling up the DagBag from /home/airflow/.local/lib/python3.12/site-packages/airflow/example_dags/example_short_circuit_operator.py
[2024-08-20T03:52:17.595+0000] {processor.py:925} INFO - DAG(s) 'example_short_circuit_operator' retrieved from /home/airflow/.local/lib/python3.12/site-packages/airflow/example_dags/example_short_circuit_operator.py
[2024-08-20T03:52:17.625+0000] {logging_mixin.py:190} INFO - [2024-08-20T03:52:17.625+0000] {dag.py:3211} INFO - Sync 1 DAGs
[2024-08-20T03:52:17.651+0000] {logging_mixin.py:190} INFO - [2024-08-20T03:52:17.651+0000] {dag.py:4138} INFO - Setting next_dagrun for example_short_circuit_operator to 2024-08-19 00:00:00+00:00, run_after=2024-08-20 00:00:00+00:00
[2024-08-20T03:52:17.672+0000] {processor.py:208} INFO - Processing /home/airflow/.local/lib/python3.12/site-packages/airflow/example_dags/example_short_circuit_operator.py took 0.107 seconds
[2024-08-20T03:52:48.666+0000] {processor.py:186} INFO - Started process (PID=295) to work on /home/airflow/.local/lib/python3.12/site-packages/airflow/example_dags/example_short_circuit_operator.py
[2024-08-20T03:52:48.668+0000] {processor.py:914} INFO - Processing file /home/airflow/.local/lib/python3.12/site-packages/airflow/example_dags/example_short_circuit_operator.py for tasks to queue
[2024-08-20T03:52:48.671+0000] {logging_mixin.py:190} INFO - [2024-08-20T03:52:48.671+0000] {dagbag.py:587} INFO - Filling up the DagBag from /home/airflow/.local/lib/python3.12/site-packages/airflow/example_dags/example_short_circuit_operator.py
[2024-08-20T03:52:48.682+0000] {processor.py:925} INFO - DAG(s) 'example_short_circuit_operator' retrieved from /home/airflow/.local/lib/python3.12/site-packages/airflow/example_dags/example_short_circuit_operator.py
[2024-08-20T03:52:48.713+0000] {logging_mixin.py:190} INFO - [2024-08-20T03:52:48.713+0000] {dag.py:3211} INFO - Sync 1 DAGs
[2024-08-20T03:52:48.741+0000] {logging_mixin.py:190} INFO - [2024-08-20T03:52:48.741+0000] {dag.py:4138} INFO - Setting next_dagrun for example_short_circuit_operator to 2024-08-19 00:00:00+00:00, run_after=2024-08-20 00:00:00+00:00
[2024-08-20T03:52:48.763+0000] {processor.py:208} INFO - Processing /home/airflow/.local/lib/python3.12/site-packages/airflow/example_dags/example_short_circuit_operator.py took 0.106 seconds
[2024-08-20T03:53:20.044+0000] {processor.py:186} INFO - Started process (PID=357) to work on /home/airflow/.local/lib/python3.12/site-packages/airflow/example_dags/example_short_circuit_operator.py
[2024-08-20T03:53:20.045+0000] {processor.py:914} INFO - Processing file /home/airflow/.local/lib/python3.12/site-packages/airflow/example_dags/example_short_circuit_operator.py for tasks to queue
[2024-08-20T03:53:20.049+0000] {logging_mixin.py:190} INFO - [2024-08-20T03:53:20.048+0000] {dagbag.py:587} INFO - Filling up the DagBag from /home/airflow/.local/lib/python3.12/site-packages/airflow/example_dags/example_short_circuit_operator.py
[2024-08-20T03:53:20.065+0000] {processor.py:925} INFO - DAG(s) 'example_short_circuit_operator' retrieved from /home/airflow/.local/lib/python3.12/site-packages/airflow/example_dags/example_short_circuit_operator.py
[2024-08-20T03:53:20.108+0000] {logging_mixin.py:190} INFO - [2024-08-20T03:53:20.107+0000] {dag.py:3211} INFO - Sync 1 DAGs
[2024-08-20T03:53:20.144+0000] {logging_mixin.py:190} INFO - [2024-08-20T03:53:20.143+0000] {dag.py:4138} INFO - Setting next_dagrun for example_short_circuit_operator to 2024-08-19 00:00:00+00:00, run_after=2024-08-20 00:00:00+00:00
[2024-08-20T03:53:20.167+0000] {processor.py:208} INFO - Processing /home/airflow/.local/lib/python3.12/site-packages/airflow/example_dags/example_short_circuit_operator.py took 0.135 seconds
[2024-08-20T03:53:50.328+0000] {processor.py:186} INFO - Started process (PID=419) to work on /home/airflow/.local/lib/python3.12/site-packages/airflow/example_dags/example_short_circuit_operator.py
[2024-08-20T03:53:50.329+0000] {processor.py:914} INFO - Processing file /home/airflow/.local/lib/python3.12/site-packages/airflow/example_dags/example_short_circuit_operator.py for tasks to queue
[2024-08-20T03:53:50.332+0000] {logging_mixin.py:190} INFO - [2024-08-20T03:53:50.332+0000] {dagbag.py:587} INFO - Filling up the DagBag from /home/airflow/.local/lib/python3.12/site-packages/airflow/example_dags/example_short_circuit_operator.py
[2024-08-20T03:53:50.347+0000] {processor.py:925} INFO - DAG(s) 'example_short_circuit_operator' retrieved from /home/airflow/.local/lib/python3.12/site-packages/airflow/example_dags/example_short_circuit_operator.py
[2024-08-20T03:53:50.381+0000] {logging_mixin.py:190} INFO - [2024-08-20T03:53:50.380+0000] {dag.py:3211} INFO - Sync 1 DAGs
[2024-08-20T03:53:50.411+0000] {logging_mixin.py:190} INFO - [2024-08-20T03:53:50.411+0000] {dag.py:4138} INFO - Setting next_dagrun for example_short_circuit_operator to 2024-08-19 00:00:00+00:00, run_after=2024-08-20 00:00:00+00:00
[2024-08-20T03:53:50.436+0000] {processor.py:208} INFO - Processing /home/airflow/.local/lib/python3.12/site-packages/airflow/example_dags/example_short_circuit_operator.py took 0.115 seconds
[2024-08-20T03:54:20.558+0000] {processor.py:186} INFO - Started process (PID=481) to work on /home/airflow/.local/lib/python3.12/site-packages/airflow/example_dags/example_short_circuit_operator.py
[2024-08-20T03:54:20.560+0000] {processor.py:914} INFO - Processing file /home/airflow/.local/lib/python3.12/site-packages/airflow/example_dags/example_short_circuit_operator.py for tasks to queue
[2024-08-20T03:54:20.564+0000] {logging_mixin.py:190} INFO - [2024-08-20T03:54:20.564+0000] {dagbag.py:587} INFO - Filling up the DagBag from /home/airflow/.local/lib/python3.12/site-packages/airflow/example_dags/example_short_circuit_operator.py
[2024-08-20T03:54:20.575+0000] {processor.py:925} INFO - DAG(s) 'example_short_circuit_operator' retrieved from /home/airflow/.local/lib/python3.12/site-packages/airflow/example_dags/example_short_circuit_operator.py
[2024-08-20T03:54:20.608+0000] {logging_mixin.py:190} INFO - [2024-08-20T03:54:20.608+0000] {dag.py:3211} INFO - Sync 1 DAGs
[2024-08-20T03:54:20.640+0000] {logging_mixin.py:190} INFO - [2024-08-20T03:54:20.640+0000] {dag.py:4138} INFO - Setting next_dagrun for example_short_circuit_operator to 2024-08-19 00:00:00+00:00, run_after=2024-08-20 00:00:00+00:00
[2024-08-20T03:54:20.666+0000] {processor.py:208} INFO - Processing /home/airflow/.local/lib/python3.12/site-packages/airflow/example_dags/example_short_circuit_operator.py took 0.116 seconds
[2024-08-20T03:54:51.399+0000] {processor.py:186} INFO - Started process (PID=543) to work on /home/airflow/.local/lib/python3.12/site-packages/airflow/example_dags/example_short_circuit_operator.py
[2024-08-20T03:54:51.401+0000] {processor.py:914} INFO - Processing file /home/airflow/.local/lib/python3.12/site-packages/airflow/example_dags/example_short_circuit_operator.py for tasks to queue
[2024-08-20T03:54:51.403+0000] {logging_mixin.py:190} INFO - [2024-08-20T03:54:51.403+0000] {dagbag.py:587} INFO - Filling up the DagBag from /home/airflow/.local/lib/python3.12/site-packages/airflow/example_dags/example_short_circuit_operator.py
[2024-08-20T03:54:51.413+0000] {processor.py:925} INFO - DAG(s) 'example_short_circuit_operator' retrieved from /home/airflow/.local/lib/python3.12/site-packages/airflow/example_dags/example_short_circuit_operator.py
[2024-08-20T03:54:51.462+0000] {logging_mixin.py:190} INFO - [2024-08-20T03:54:51.461+0000] {dag.py:3211} INFO - Sync 1 DAGs
[2024-08-20T03:54:51.512+0000] {logging_mixin.py:190} INFO - [2024-08-20T03:54:51.512+0000] {dag.py:4138} INFO - Setting next_dagrun for example_short_circuit_operator to 2024-08-19 00:00:00+00:00, run_after=2024-08-20 00:00:00+00:00
[2024-08-20T03:54:51.541+0000] {processor.py:208} INFO - Processing /home/airflow/.local/lib/python3.12/site-packages/airflow/example_dags/example_short_circuit_operator.py took 0.149 seconds
[2024-08-20T03:55:22.173+0000] {processor.py:186} INFO - Started process (PID=605) to work on /home/airflow/.local/lib/python3.12/site-packages/airflow/example_dags/example_short_circuit_operator.py
[2024-08-20T03:55:22.174+0000] {processor.py:914} INFO - Processing file /home/airflow/.local/lib/python3.12/site-packages/airflow/example_dags/example_short_circuit_operator.py for tasks to queue
[2024-08-20T03:55:22.177+0000] {logging_mixin.py:190} INFO - [2024-08-20T03:55:22.177+0000] {dagbag.py:587} INFO - Filling up the DagBag from /home/airflow/.local/lib/python3.12/site-packages/airflow/example_dags/example_short_circuit_operator.py
[2024-08-20T03:55:22.187+0000] {processor.py:925} INFO - DAG(s) 'example_short_circuit_operator' retrieved from /home/airflow/.local/lib/python3.12/site-packages/airflow/example_dags/example_short_circuit_operator.py
[2024-08-20T03:55:22.214+0000] {logging_mixin.py:190} INFO - [2024-08-20T03:55:22.214+0000] {dag.py:3211} INFO - Sync 1 DAGs
[2024-08-20T03:55:22.242+0000] {logging_mixin.py:190} INFO - [2024-08-20T03:55:22.242+0000] {dag.py:4138} INFO - Setting next_dagrun for example_short_circuit_operator to 2024-08-19 00:00:00+00:00, run_after=2024-08-20 00:00:00+00:00
[2024-08-20T03:55:22.270+0000] {processor.py:208} INFO - Processing /home/airflow/.local/lib/python3.12/site-packages/airflow/example_dags/example_short_circuit_operator.py took 0.104 seconds
[2024-08-20T03:55:53.577+0000] {processor.py:186} INFO - Started process (PID=667) to work on /home/airflow/.local/lib/python3.12/site-packages/airflow/example_dags/example_short_circuit_operator.py
[2024-08-20T03:55:53.578+0000] {processor.py:914} INFO - Processing file /home/airflow/.local/lib/python3.12/site-packages/airflow/example_dags/example_short_circuit_operator.py for tasks to queue
[2024-08-20T03:55:53.581+0000] {logging_mixin.py:190} INFO - [2024-08-20T03:55:53.580+0000] {dagbag.py:587} INFO - Filling up the DagBag from /home/airflow/.local/lib/python3.12/site-packages/airflow/example_dags/example_short_circuit_operator.py
[2024-08-20T03:55:53.593+0000] {processor.py:925} INFO - DAG(s) 'example_short_circuit_operator' retrieved from /home/airflow/.local/lib/python3.12/site-packages/airflow/example_dags/example_short_circuit_operator.py
[2024-08-20T03:55:53.626+0000] {logging_mixin.py:190} INFO - [2024-08-20T03:55:53.626+0000] {dag.py:3211} INFO - Sync 1 DAGs
[2024-08-20T03:55:53.658+0000] {logging_mixin.py:190} INFO - [2024-08-20T03:55:53.657+0000] {dag.py:4138} INFO - Setting next_dagrun for example_short_circuit_operator to 2024-08-19 00:00:00+00:00, run_after=2024-08-20 00:00:00+00:00
[2024-08-20T03:55:53.683+0000] {processor.py:208} INFO - Processing /home/airflow/.local/lib/python3.12/site-packages/airflow/example_dags/example_short_circuit_operator.py took 0.115 seconds
[2024-08-20T03:56:24.352+0000] {processor.py:186} INFO - Started process (PID=729) to work on /home/airflow/.local/lib/python3.12/site-packages/airflow/example_dags/example_short_circuit_operator.py
[2024-08-20T03:56:24.353+0000] {processor.py:914} INFO - Processing file /home/airflow/.local/lib/python3.12/site-packages/airflow/example_dags/example_short_circuit_operator.py for tasks to queue
[2024-08-20T03:56:24.356+0000] {logging_mixin.py:190} INFO - [2024-08-20T03:56:24.356+0000] {dagbag.py:587} INFO - Filling up the DagBag from /home/airflow/.local/lib/python3.12/site-packages/airflow/example_dags/example_short_circuit_operator.py
[2024-08-20T03:56:24.366+0000] {processor.py:925} INFO - DAG(s) 'example_short_circuit_operator' retrieved from /home/airflow/.local/lib/python3.12/site-packages/airflow/example_dags/example_short_circuit_operator.py
[2024-08-20T03:56:24.398+0000] {logging_mixin.py:190} INFO - [2024-08-20T03:56:24.397+0000] {dag.py:3211} INFO - Sync 1 DAGs
[2024-08-20T03:56:24.426+0000] {logging_mixin.py:190} INFO - [2024-08-20T03:56:24.425+0000] {dag.py:4138} INFO - Setting next_dagrun for example_short_circuit_operator to 2024-08-19 00:00:00+00:00, run_after=2024-08-20 00:00:00+00:00
[2024-08-20T03:56:24.446+0000] {processor.py:208} INFO - Processing /home/airflow/.local/lib/python3.12/site-packages/airflow/example_dags/example_short_circuit_operator.py took 0.100 seconds
[2024-08-20T03:56:54.696+0000] {processor.py:186} INFO - Started process (PID=791) to work on /home/airflow/.local/lib/python3.12/site-packages/airflow/example_dags/example_short_circuit_operator.py
[2024-08-20T03:56:54.698+0000] {processor.py:914} INFO - Processing file /home/airflow/.local/lib/python3.12/site-packages/airflow/example_dags/example_short_circuit_operator.py for tasks to queue
[2024-08-20T03:56:54.701+0000] {logging_mixin.py:190} INFO - [2024-08-20T03:56:54.701+0000] {dagbag.py:587} INFO - Filling up the DagBag from /home/airflow/.local/lib/python3.12/site-packages/airflow/example_dags/example_short_circuit_operator.py
[2024-08-20T03:56:54.712+0000] {processor.py:925} INFO - DAG(s) 'example_short_circuit_operator' retrieved from /home/airflow/.local/lib/python3.12/site-packages/airflow/example_dags/example_short_circuit_operator.py
[2024-08-20T03:56:54.740+0000] {logging_mixin.py:190} INFO - [2024-08-20T03:56:54.740+0000] {dag.py:3211} INFO - Sync 1 DAGs
[2024-08-20T03:56:54.764+0000] {logging_mixin.py:190} INFO - [2024-08-20T03:56:54.764+0000] {dag.py:4138} INFO - Setting next_dagrun for example_short_circuit_operator to 2024-08-19 00:00:00+00:00, run_after=2024-08-20 00:00:00+00:00
[2024-08-20T03:56:54.787+0000] {processor.py:208} INFO - Processing /home/airflow/.local/lib/python3.12/site-packages/airflow/example_dags/example_short_circuit_operator.py took 0.099 seconds
[2024-08-20T03:57:25.134+0000] {processor.py:186} INFO - Started process (PID=853) to work on /home/airflow/.local/lib/python3.12/site-packages/airflow/example_dags/example_short_circuit_operator.py
[2024-08-20T03:57:25.135+0000] {processor.py:914} INFO - Processing file /home/airflow/.local/lib/python3.12/site-packages/airflow/example_dags/example_short_circuit_operator.py for tasks to queue
[2024-08-20T03:57:25.138+0000] {logging_mixin.py:190} INFO - [2024-08-20T03:57:25.138+0000] {dagbag.py:587} INFO - Filling up the DagBag from /home/airflow/.local/lib/python3.12/site-packages/airflow/example_dags/example_short_circuit_operator.py
[2024-08-20T03:57:25.149+0000] {processor.py:925} INFO - DAG(s) 'example_short_circuit_operator' retrieved from /home/airflow/.local/lib/python3.12/site-packages/airflow/example_dags/example_short_circuit_operator.py
[2024-08-20T03:57:25.179+0000] {logging_mixin.py:190} INFO - [2024-08-20T03:57:25.179+0000] {dag.py:3211} INFO - Sync 1 DAGs
[2024-08-20T03:57:25.210+0000] {logging_mixin.py:190} INFO - [2024-08-20T03:57:25.209+0000] {dag.py:4138} INFO - Setting next_dagrun for example_short_circuit_operator to 2024-08-19 00:00:00+00:00, run_after=2024-08-20 00:00:00+00:00
[2024-08-20T03:57:25.234+0000] {processor.py:208} INFO - Processing /home/airflow/.local/lib/python3.12/site-packages/airflow/example_dags/example_short_circuit_operator.py took 0.108 seconds
[2024-08-20T03:57:55.770+0000] {processor.py:186} INFO - Started process (PID=915) to work on /home/airflow/.local/lib/python3.12/site-packages/airflow/example_dags/example_short_circuit_operator.py
[2024-08-20T03:57:55.772+0000] {processor.py:914} INFO - Processing file /home/airflow/.local/lib/python3.12/site-packages/airflow/example_dags/example_short_circuit_operator.py for tasks to queue
[2024-08-20T03:57:55.776+0000] {logging_mixin.py:190} INFO - [2024-08-20T03:57:55.775+0000] {dagbag.py:587} INFO - Filling up the DagBag from /home/airflow/.local/lib/python3.12/site-packages/airflow/example_dags/example_short_circuit_operator.py
[2024-08-20T03:57:55.789+0000] {processor.py:925} INFO - DAG(s) 'example_short_circuit_operator' retrieved from /home/airflow/.local/lib/python3.12/site-packages/airflow/example_dags/example_short_circuit_operator.py
[2024-08-20T03:57:55.821+0000] {logging_mixin.py:190} INFO - [2024-08-20T03:57:55.821+0000] {dag.py:3211} INFO - Sync 1 DAGs
[2024-08-20T03:57:55.849+0000] {logging_mixin.py:190} INFO - [2024-08-20T03:57:55.849+0000] {dag.py:4138} INFO - Setting next_dagrun for example_short_circuit_operator to 2024-08-19 00:00:00+00:00, run_after=2024-08-20 00:00:00+00:00
[2024-08-20T03:57:55.871+0000] {processor.py:208} INFO - Processing /home/airflow/.local/lib/python3.12/site-packages/airflow/example_dags/example_short_circuit_operator.py took 0.109 seconds
[2024-08-20T03:58:26.412+0000] {processor.py:186} INFO - Started process (PID=977) to work on /home/airflow/.local/lib/python3.12/site-packages/airflow/example_dags/example_short_circuit_operator.py
[2024-08-20T03:58:26.414+0000] {processor.py:914} INFO - Processing file /home/airflow/.local/lib/python3.12/site-packages/airflow/example_dags/example_short_circuit_operator.py for tasks to queue
[2024-08-20T03:58:26.418+0000] {logging_mixin.py:190} INFO - [2024-08-20T03:58:26.417+0000] {dagbag.py:587} INFO - Filling up the DagBag from /home/airflow/.local/lib/python3.12/site-packages/airflow/example_dags/example_short_circuit_operator.py
[2024-08-20T03:58:26.428+0000] {processor.py:925} INFO - DAG(s) 'example_short_circuit_operator' retrieved from /home/airflow/.local/lib/python3.12/site-packages/airflow/example_dags/example_short_circuit_operator.py
[2024-08-20T03:58:26.460+0000] {logging_mixin.py:190} INFO - [2024-08-20T03:58:26.460+0000] {dag.py:3211} INFO - Sync 1 DAGs
[2024-08-20T03:58:26.494+0000] {logging_mixin.py:190} INFO - [2024-08-20T03:58:26.494+0000] {dag.py:4138} INFO - Setting next_dagrun for example_short_circuit_operator to 2024-08-19 00:00:00+00:00, run_after=2024-08-20 00:00:00+00:00
[2024-08-20T03:58:26.526+0000] {processor.py:208} INFO - Processing /home/airflow/.local/lib/python3.12/site-packages/airflow/example_dags/example_short_circuit_operator.py took 0.120 seconds
[2024-08-20T03:58:56.770+0000] {processor.py:186} INFO - Started process (PID=1039) to work on /home/airflow/.local/lib/python3.12/site-packages/airflow/example_dags/example_short_circuit_operator.py
[2024-08-20T03:58:56.771+0000] {processor.py:914} INFO - Processing file /home/airflow/.local/lib/python3.12/site-packages/airflow/example_dags/example_short_circuit_operator.py for tasks to queue
[2024-08-20T03:58:56.774+0000] {logging_mixin.py:190} INFO - [2024-08-20T03:58:56.774+0000] {dagbag.py:587} INFO - Filling up the DagBag from /home/airflow/.local/lib/python3.12/site-packages/airflow/example_dags/example_short_circuit_operator.py
[2024-08-20T03:58:56.785+0000] {processor.py:925} INFO - DAG(s) 'example_short_circuit_operator' retrieved from /home/airflow/.local/lib/python3.12/site-packages/airflow/example_dags/example_short_circuit_operator.py
[2024-08-20T03:58:56.812+0000] {logging_mixin.py:190} INFO - [2024-08-20T03:58:56.812+0000] {dag.py:3211} INFO - Sync 1 DAGs
[2024-08-20T03:58:56.858+0000] {logging_mixin.py:190} INFO - [2024-08-20T03:58:56.857+0000] {dag.py:4138} INFO - Setting next_dagrun for example_short_circuit_operator to 2024-08-19 00:00:00+00:00, run_after=2024-08-20 00:00:00+00:00
[2024-08-20T03:58:56.879+0000] {processor.py:208} INFO - Processing /home/airflow/.local/lib/python3.12/site-packages/airflow/example_dags/example_short_circuit_operator.py took 0.117 seconds
[2024-08-20T03:59:27.714+0000] {processor.py:186} INFO - Started process (PID=1101) to work on /home/airflow/.local/lib/python3.12/site-packages/airflow/example_dags/example_short_circuit_operator.py
[2024-08-20T03:59:27.716+0000] {processor.py:914} INFO - Processing file /home/airflow/.local/lib/python3.12/site-packages/airflow/example_dags/example_short_circuit_operator.py for tasks to queue
[2024-08-20T03:59:27.720+0000] {logging_mixin.py:190} INFO - [2024-08-20T03:59:27.719+0000] {dagbag.py:587} INFO - Filling up the DagBag from /home/airflow/.local/lib/python3.12/site-packages/airflow/example_dags/example_short_circuit_operator.py
[2024-08-20T03:59:27.731+0000] {processor.py:925} INFO - DAG(s) 'example_short_circuit_operator' retrieved from /home/airflow/.local/lib/python3.12/site-packages/airflow/example_dags/example_short_circuit_operator.py
[2024-08-20T03:59:27.761+0000] {logging_mixin.py:190} INFO - [2024-08-20T03:59:27.760+0000] {dag.py:3211} INFO - Sync 1 DAGs
[2024-08-20T03:59:27.790+0000] {logging_mixin.py:190} INFO - [2024-08-20T03:59:27.790+0000] {dag.py:4138} INFO - Setting next_dagrun for example_short_circuit_operator to 2024-08-19 00:00:00+00:00, run_after=2024-08-20 00:00:00+00:00
[2024-08-20T03:59:27.811+0000] {processor.py:208} INFO - Processing /home/airflow/.local/lib/python3.12/site-packages/airflow/example_dags/example_short_circuit_operator.py took 0.108 seconds
[2024-08-20T03:59:58.535+0000] {processor.py:186} INFO - Started process (PID=1163) to work on /home/airflow/.local/lib/python3.12/site-packages/airflow/example_dags/example_short_circuit_operator.py
[2024-08-20T03:59:58.536+0000] {processor.py:914} INFO - Processing file /home/airflow/.local/lib/python3.12/site-packages/airflow/example_dags/example_short_circuit_operator.py for tasks to queue
[2024-08-20T03:59:58.538+0000] {logging_mixin.py:190} INFO - [2024-08-20T03:59:58.538+0000] {dagbag.py:587} INFO - Filling up the DagBag from /home/airflow/.local/lib/python3.12/site-packages/airflow/example_dags/example_short_circuit_operator.py
[2024-08-20T03:59:58.551+0000] {processor.py:925} INFO - DAG(s) 'example_short_circuit_operator' retrieved from /home/airflow/.local/lib/python3.12/site-packages/airflow/example_dags/example_short_circuit_operator.py
[2024-08-20T03:59:58.583+0000] {logging_mixin.py:190} INFO - [2024-08-20T03:59:58.582+0000] {dag.py:3211} INFO - Sync 1 DAGs
[2024-08-20T03:59:58.615+0000] {logging_mixin.py:190} INFO - [2024-08-20T03:59:58.615+0000] {dag.py:4138} INFO - Setting next_dagrun for example_short_circuit_operator to 2024-08-19 00:00:00+00:00, run_after=2024-08-20 00:00:00+00:00
[2024-08-20T03:59:58.643+0000] {processor.py:208} INFO - Processing /home/airflow/.local/lib/python3.12/site-packages/airflow/example_dags/example_short_circuit_operator.py took 0.118 seconds
[2024-08-20T04:00:28.758+0000] {processor.py:186} INFO - Started process (PID=1225) to work on /home/airflow/.local/lib/python3.12/site-packages/airflow/example_dags/example_short_circuit_operator.py
[2024-08-20T04:00:28.759+0000] {processor.py:914} INFO - Processing file /home/airflow/.local/lib/python3.12/site-packages/airflow/example_dags/example_short_circuit_operator.py for tasks to queue
[2024-08-20T04:00:28.763+0000] {logging_mixin.py:190} INFO - [2024-08-20T04:00:28.762+0000] {dagbag.py:587} INFO - Filling up the DagBag from /home/airflow/.local/lib/python3.12/site-packages/airflow/example_dags/example_short_circuit_operator.py
[2024-08-20T04:00:28.774+0000] {processor.py:925} INFO - DAG(s) 'example_short_circuit_operator' retrieved from /home/airflow/.local/lib/python3.12/site-packages/airflow/example_dags/example_short_circuit_operator.py
[2024-08-20T04:00:28.801+0000] {logging_mixin.py:190} INFO - [2024-08-20T04:00:28.801+0000] {dag.py:3211} INFO - Sync 1 DAGs
[2024-08-20T04:00:28.827+0000] {logging_mixin.py:190} INFO - [2024-08-20T04:00:28.827+0000] {dag.py:4138} INFO - Setting next_dagrun for example_short_circuit_operator to 2024-08-19 00:00:00+00:00, run_after=2024-08-20 00:00:00+00:00
[2024-08-20T04:00:28.849+0000] {processor.py:208} INFO - Processing /home/airflow/.local/lib/python3.12/site-packages/airflow/example_dags/example_short_circuit_operator.py took 0.097 seconds
[2024-08-20T04:00:58.995+0000] {processor.py:186} INFO - Started process (PID=1287) to work on /home/airflow/.local/lib/python3.12/site-packages/airflow/example_dags/example_short_circuit_operator.py
[2024-08-20T04:00:58.997+0000] {processor.py:914} INFO - Processing file /home/airflow/.local/lib/python3.12/site-packages/airflow/example_dags/example_short_circuit_operator.py for tasks to queue
[2024-08-20T04:00:59.000+0000] {logging_mixin.py:190} INFO - [2024-08-20T04:00:59.000+0000] {dagbag.py:587} INFO - Filling up the DagBag from /home/airflow/.local/lib/python3.12/site-packages/airflow/example_dags/example_short_circuit_operator.py
[2024-08-20T04:00:59.011+0000] {processor.py:925} INFO - DAG(s) 'example_short_circuit_operator' retrieved from /home/airflow/.local/lib/python3.12/site-packages/airflow/example_dags/example_short_circuit_operator.py
[2024-08-20T04:00:59.044+0000] {logging_mixin.py:190} INFO - [2024-08-20T04:00:59.043+0000] {dag.py:3211} INFO - Sync 1 DAGs
[2024-08-20T04:00:59.076+0000] {logging_mixin.py:190} INFO - [2024-08-20T04:00:59.076+0000] {dag.py:4138} INFO - Setting next_dagrun for example_short_circuit_operator to 2024-08-19 00:00:00+00:00, run_after=2024-08-20 00:00:00+00:00
[2024-08-20T04:00:59.103+0000] {processor.py:208} INFO - Processing /home/airflow/.local/lib/python3.12/site-packages/airflow/example_dags/example_short_circuit_operator.py took 0.115 seconds
[2024-08-20T04:01:29.628+0000] {processor.py:186} INFO - Started process (PID=1349) to work on /home/airflow/.local/lib/python3.12/site-packages/airflow/example_dags/example_short_circuit_operator.py
[2024-08-20T04:01:29.630+0000] {processor.py:914} INFO - Processing file /home/airflow/.local/lib/python3.12/site-packages/airflow/example_dags/example_short_circuit_operator.py for tasks to queue
[2024-08-20T04:01:29.634+0000] {logging_mixin.py:190} INFO - [2024-08-20T04:01:29.633+0000] {dagbag.py:587} INFO - Filling up the DagBag from /home/airflow/.local/lib/python3.12/site-packages/airflow/example_dags/example_short_circuit_operator.py
[2024-08-20T04:01:29.648+0000] {processor.py:925} INFO - DAG(s) 'example_short_circuit_operator' retrieved from /home/airflow/.local/lib/python3.12/site-packages/airflow/example_dags/example_short_circuit_operator.py
[2024-08-20T04:01:29.690+0000] {logging_mixin.py:190} INFO - [2024-08-20T04:01:29.689+0000] {dag.py:3211} INFO - Sync 1 DAGs
[2024-08-20T04:01:29.735+0000] {logging_mixin.py:190} INFO - [2024-08-20T04:01:29.735+0000] {dag.py:4138} INFO - Setting next_dagrun for example_short_circuit_operator to 2024-08-19 00:00:00+00:00, run_after=2024-08-20 00:00:00+00:00
[2024-08-20T04:01:29.771+0000] {processor.py:208} INFO - Processing /home/airflow/.local/lib/python3.12/site-packages/airflow/example_dags/example_short_circuit_operator.py took 0.152 seconds
[2024-08-20T04:02:00.056+0000] {processor.py:186} INFO - Started process (PID=1411) to work on /home/airflow/.local/lib/python3.12/site-packages/airflow/example_dags/example_short_circuit_operator.py
[2024-08-20T04:02:00.058+0000] {processor.py:914} INFO - Processing file /home/airflow/.local/lib/python3.12/site-packages/airflow/example_dags/example_short_circuit_operator.py for tasks to queue
[2024-08-20T04:02:00.061+0000] {logging_mixin.py:190} INFO - [2024-08-20T04:02:00.061+0000] {dagbag.py:587} INFO - Filling up the DagBag from /home/airflow/.local/lib/python3.12/site-packages/airflow/example_dags/example_short_circuit_operator.py
[2024-08-20T04:02:00.071+0000] {processor.py:925} INFO - DAG(s) 'example_short_circuit_operator' retrieved from /home/airflow/.local/lib/python3.12/site-packages/airflow/example_dags/example_short_circuit_operator.py
[2024-08-20T04:02:00.101+0000] {logging_mixin.py:190} INFO - [2024-08-20T04:02:00.101+0000] {dag.py:3211} INFO - Sync 1 DAGs
[2024-08-20T04:02:00.131+0000] {logging_mixin.py:190} INFO - [2024-08-20T04:02:00.131+0000] {dag.py:4138} INFO - Setting next_dagrun for example_short_circuit_operator to 2024-08-19 00:00:00+00:00, run_after=2024-08-20 00:00:00+00:00
[2024-08-20T04:02:00.155+0000] {processor.py:208} INFO - Processing /home/airflow/.local/lib/python3.12/site-packages/airflow/example_dags/example_short_circuit_operator.py took 0.105 seconds
[2024-08-20T04:02:30.644+0000] {processor.py:186} INFO - Started process (PID=1473) to work on /home/airflow/.local/lib/python3.12/site-packages/airflow/example_dags/example_short_circuit_operator.py
[2024-08-20T04:02:30.645+0000] {processor.py:914} INFO - Processing file /home/airflow/.local/lib/python3.12/site-packages/airflow/example_dags/example_short_circuit_operator.py for tasks to queue
[2024-08-20T04:02:30.650+0000] {logging_mixin.py:190} INFO - [2024-08-20T04:02:30.650+0000] {dagbag.py:587} INFO - Filling up the DagBag from /home/airflow/.local/lib/python3.12/site-packages/airflow/example_dags/example_short_circuit_operator.py
[2024-08-20T04:02:30.659+0000] {processor.py:925} INFO - DAG(s) 'example_short_circuit_operator' retrieved from /home/airflow/.local/lib/python3.12/site-packages/airflow/example_dags/example_short_circuit_operator.py
[2024-08-20T04:02:30.686+0000] {logging_mixin.py:190} INFO - [2024-08-20T04:02:30.686+0000] {dag.py:3211} INFO - Sync 1 DAGs
[2024-08-20T04:02:30.711+0000] {logging_mixin.py:190} INFO - [2024-08-20T04:02:30.711+0000] {dag.py:4138} INFO - Setting next_dagrun for example_short_circuit_operator to 2024-08-19 00:00:00+00:00, run_after=2024-08-20 00:00:00+00:00
[2024-08-20T04:02:30.734+0000] {processor.py:208} INFO - Processing /home/airflow/.local/lib/python3.12/site-packages/airflow/example_dags/example_short_circuit_operator.py took 0.096 seconds
[2024-08-20T04:03:01.037+0000] {processor.py:186} INFO - Started process (PID=1535) to work on /home/airflow/.local/lib/python3.12/site-packages/airflow/example_dags/example_short_circuit_operator.py
[2024-08-20T04:03:01.038+0000] {processor.py:914} INFO - Processing file /home/airflow/.local/lib/python3.12/site-packages/airflow/example_dags/example_short_circuit_operator.py for tasks to queue
[2024-08-20T04:03:01.042+0000] {logging_mixin.py:190} INFO - [2024-08-20T04:03:01.042+0000] {dagbag.py:587} INFO - Filling up the DagBag from /home/airflow/.local/lib/python3.12/site-packages/airflow/example_dags/example_short_circuit_operator.py
[2024-08-20T04:03:01.054+0000] {processor.py:925} INFO - DAG(s) 'example_short_circuit_operator' retrieved from /home/airflow/.local/lib/python3.12/site-packages/airflow/example_dags/example_short_circuit_operator.py
[2024-08-20T04:03:01.086+0000] {logging_mixin.py:190} INFO - [2024-08-20T04:03:01.085+0000] {dag.py:3211} INFO - Sync 1 DAGs
[2024-08-20T04:03:01.115+0000] {logging_mixin.py:190} INFO - [2024-08-20T04:03:01.115+0000] {dag.py:4138} INFO - Setting next_dagrun for example_short_circuit_operator to 2024-08-19 00:00:00+00:00, run_after=2024-08-20 00:00:00+00:00
[2024-08-20T04:03:01.136+0000] {processor.py:208} INFO - Processing /home/airflow/.local/lib/python3.12/site-packages/airflow/example_dags/example_short_circuit_operator.py took 0.108 seconds
[2024-08-20T04:03:32.294+0000] {processor.py:186} INFO - Started process (PID=1597) to work on /home/airflow/.local/lib/python3.12/site-packages/airflow/example_dags/example_short_circuit_operator.py
[2024-08-20T04:03:32.295+0000] {processor.py:914} INFO - Processing file /home/airflow/.local/lib/python3.12/site-packages/airflow/example_dags/example_short_circuit_operator.py for tasks to queue
[2024-08-20T04:03:32.298+0000] {logging_mixin.py:190} INFO - [2024-08-20T04:03:32.298+0000] {dagbag.py:587} INFO - Filling up the DagBag from /home/airflow/.local/lib/python3.12/site-packages/airflow/example_dags/example_short_circuit_operator.py
[2024-08-20T04:03:32.309+0000] {processor.py:925} INFO - DAG(s) 'example_short_circuit_operator' retrieved from /home/airflow/.local/lib/python3.12/site-packages/airflow/example_dags/example_short_circuit_operator.py
[2024-08-20T04:03:32.334+0000] {logging_mixin.py:190} INFO - [2024-08-20T04:03:32.334+0000] {dag.py:3211} INFO - Sync 1 DAGs
[2024-08-20T04:03:32.370+0000] {logging_mixin.py:190} INFO - [2024-08-20T04:03:32.370+0000] {dag.py:4138} INFO - Setting next_dagrun for example_short_circuit_operator to 2024-08-19 00:00:00+00:00, run_after=2024-08-20 00:00:00+00:00
[2024-08-20T04:03:32.394+0000] {processor.py:208} INFO - Processing /home/airflow/.local/lib/python3.12/site-packages/airflow/example_dags/example_short_circuit_operator.py took 0.107 seconds
[2024-08-20T04:04:02.802+0000] {processor.py:186} INFO - Started process (PID=1659) to work on /home/airflow/.local/lib/python3.12/site-packages/airflow/example_dags/example_short_circuit_operator.py
[2024-08-20T04:04:02.804+0000] {processor.py:914} INFO - Processing file /home/airflow/.local/lib/python3.12/site-packages/airflow/example_dags/example_short_circuit_operator.py for tasks to queue
[2024-08-20T04:04:02.807+0000] {logging_mixin.py:190} INFO - [2024-08-20T04:04:02.807+0000] {dagbag.py:587} INFO - Filling up the DagBag from /home/airflow/.local/lib/python3.12/site-packages/airflow/example_dags/example_short_circuit_operator.py
[2024-08-20T04:04:02.820+0000] {processor.py:925} INFO - DAG(s) 'example_short_circuit_operator' retrieved from /home/airflow/.local/lib/python3.12/site-packages/airflow/example_dags/example_short_circuit_operator.py
[2024-08-20T04:04:02.854+0000] {logging_mixin.py:190} INFO - [2024-08-20T04:04:02.854+0000] {dag.py:3211} INFO - Sync 1 DAGs
[2024-08-20T04:04:02.894+0000] {logging_mixin.py:190} INFO - [2024-08-20T04:04:02.894+0000] {dag.py:4138} INFO - Setting next_dagrun for example_short_circuit_operator to 2024-08-19 00:00:00+00:00, run_after=2024-08-20 00:00:00+00:00
[2024-08-20T04:04:02.929+0000] {processor.py:208} INFO - Processing /home/airflow/.local/lib/python3.12/site-packages/airflow/example_dags/example_short_circuit_operator.py took 0.136 seconds
[2024-08-20T04:04:33.015+0000] {processor.py:186} INFO - Started process (PID=1720) to work on /home/airflow/.local/lib/python3.12/site-packages/airflow/example_dags/example_short_circuit_operator.py
[2024-08-20T04:04:33.016+0000] {processor.py:914} INFO - Processing file /home/airflow/.local/lib/python3.12/site-packages/airflow/example_dags/example_short_circuit_operator.py for tasks to queue
[2024-08-20T04:04:33.019+0000] {logging_mixin.py:190} INFO - [2024-08-20T04:04:33.018+0000] {dagbag.py:587} INFO - Filling up the DagBag from /home/airflow/.local/lib/python3.12/site-packages/airflow/example_dags/example_short_circuit_operator.py
[2024-08-20T04:04:33.030+0000] {processor.py:925} INFO - DAG(s) 'example_short_circuit_operator' retrieved from /home/airflow/.local/lib/python3.12/site-packages/airflow/example_dags/example_short_circuit_operator.py
[2024-08-20T04:04:33.056+0000] {logging_mixin.py:190} INFO - [2024-08-20T04:04:33.055+0000] {dag.py:3211} INFO - Sync 1 DAGs
[2024-08-20T04:04:33.081+0000] {logging_mixin.py:190} INFO - [2024-08-20T04:04:33.081+0000] {dag.py:4138} INFO - Setting next_dagrun for example_short_circuit_operator to 2024-08-19 00:00:00+00:00, run_after=2024-08-20 00:00:00+00:00
[2024-08-20T04:04:33.098+0000] {processor.py:208} INFO - Processing /home/airflow/.local/lib/python3.12/site-packages/airflow/example_dags/example_short_circuit_operator.py took 0.089 seconds
[2024-08-20T04:05:03.983+0000] {processor.py:186} INFO - Started process (PID=1790) to work on /home/airflow/.local/lib/python3.12/site-packages/airflow/example_dags/example_short_circuit_operator.py
[2024-08-20T04:05:03.987+0000] {processor.py:914} INFO - Processing file /home/airflow/.local/lib/python3.12/site-packages/airflow/example_dags/example_short_circuit_operator.py for tasks to queue
[2024-08-20T04:05:03.991+0000] {logging_mixin.py:190} INFO - [2024-08-20T04:05:03.991+0000] {dagbag.py:587} INFO - Filling up the DagBag from /home/airflow/.local/lib/python3.12/site-packages/airflow/example_dags/example_short_circuit_operator.py
[2024-08-20T04:05:04.010+0000] {processor.py:925} INFO - DAG(s) 'example_short_circuit_operator' retrieved from /home/airflow/.local/lib/python3.12/site-packages/airflow/example_dags/example_short_circuit_operator.py
[2024-08-20T04:05:04.057+0000] {logging_mixin.py:190} INFO - [2024-08-20T04:05:04.056+0000] {dag.py:3211} INFO - Sync 1 DAGs
[2024-08-20T04:05:04.101+0000] {logging_mixin.py:190} INFO - [2024-08-20T04:05:04.101+0000] {dag.py:4138} INFO - Setting next_dagrun for example_short_circuit_operator to 2024-08-19 00:00:00+00:00, run_after=2024-08-20 00:00:00+00:00
[2024-08-20T04:05:04.145+0000] {processor.py:208} INFO - Processing /home/airflow/.local/lib/python3.12/site-packages/airflow/example_dags/example_short_circuit_operator.py took 0.175 seconds
[2024-08-20T04:05:34.230+0000] {processor.py:186} INFO - Started process (PID=1851) to work on /home/airflow/.local/lib/python3.12/site-packages/airflow/example_dags/example_short_circuit_operator.py
[2024-08-20T04:05:34.231+0000] {processor.py:914} INFO - Processing file /home/airflow/.local/lib/python3.12/site-packages/airflow/example_dags/example_short_circuit_operator.py for tasks to queue
[2024-08-20T04:05:34.238+0000] {logging_mixin.py:190} INFO - [2024-08-20T04:05:34.237+0000] {dagbag.py:587} INFO - Filling up the DagBag from /home/airflow/.local/lib/python3.12/site-packages/airflow/example_dags/example_short_circuit_operator.py
[2024-08-20T04:05:34.253+0000] {processor.py:925} INFO - DAG(s) 'example_short_circuit_operator' retrieved from /home/airflow/.local/lib/python3.12/site-packages/airflow/example_dags/example_short_circuit_operator.py
[2024-08-20T04:05:34.291+0000] {logging_mixin.py:190} INFO - [2024-08-20T04:05:34.290+0000] {dag.py:3211} INFO - Sync 1 DAGs
[2024-08-20T04:05:34.348+0000] {logging_mixin.py:190} INFO - [2024-08-20T04:05:34.348+0000] {dag.py:4138} INFO - Setting next_dagrun for example_short_circuit_operator to 2024-08-19 00:00:00+00:00, run_after=2024-08-20 00:00:00+00:00
[2024-08-20T04:05:34.386+0000] {processor.py:208} INFO - Processing /home/airflow/.local/lib/python3.12/site-packages/airflow/example_dags/example_short_circuit_operator.py took 0.168 seconds
[2024-08-20T04:06:04.750+0000] {processor.py:186} INFO - Started process (PID=1912) to work on /home/airflow/.local/lib/python3.12/site-packages/airflow/example_dags/example_short_circuit_operator.py
[2024-08-20T04:06:04.752+0000] {processor.py:914} INFO - Processing file /home/airflow/.local/lib/python3.12/site-packages/airflow/example_dags/example_short_circuit_operator.py for tasks to queue
[2024-08-20T04:06:04.756+0000] {logging_mixin.py:190} INFO - [2024-08-20T04:06:04.755+0000] {dagbag.py:587} INFO - Filling up the DagBag from /home/airflow/.local/lib/python3.12/site-packages/airflow/example_dags/example_short_circuit_operator.py
[2024-08-20T04:06:04.768+0000] {processor.py:925} INFO - DAG(s) 'example_short_circuit_operator' retrieved from /home/airflow/.local/lib/python3.12/site-packages/airflow/example_dags/example_short_circuit_operator.py
[2024-08-20T04:06:04.806+0000] {logging_mixin.py:190} INFO - [2024-08-20T04:06:04.805+0000] {dag.py:3211} INFO - Sync 1 DAGs
[2024-08-20T04:06:04.842+0000] {logging_mixin.py:190} INFO - [2024-08-20T04:06:04.842+0000] {dag.py:4138} INFO - Setting next_dagrun for example_short_circuit_operator to 2024-08-19 00:00:00+00:00, run_after=2024-08-20 00:00:00+00:00
[2024-08-20T04:06:04.871+0000] {processor.py:208} INFO - Processing /home/airflow/.local/lib/python3.12/site-packages/airflow/example_dags/example_short_circuit_operator.py took 0.130 seconds
[2024-08-20T04:06:35.764+0000] {processor.py:186} INFO - Started process (PID=1974) to work on /home/airflow/.local/lib/python3.12/site-packages/airflow/example_dags/example_short_circuit_operator.py
[2024-08-20T04:06:35.767+0000] {processor.py:914} INFO - Processing file /home/airflow/.local/lib/python3.12/site-packages/airflow/example_dags/example_short_circuit_operator.py for tasks to queue
[2024-08-20T04:06:35.770+0000] {logging_mixin.py:190} INFO - [2024-08-20T04:06:35.770+0000] {dagbag.py:587} INFO - Filling up the DagBag from /home/airflow/.local/lib/python3.12/site-packages/airflow/example_dags/example_short_circuit_operator.py
[2024-08-20T04:06:35.787+0000] {processor.py:925} INFO - DAG(s) 'example_short_circuit_operator' retrieved from /home/airflow/.local/lib/python3.12/site-packages/airflow/example_dags/example_short_circuit_operator.py
[2024-08-20T04:06:35.819+0000] {logging_mixin.py:190} INFO - [2024-08-20T04:06:35.819+0000] {dag.py:3211} INFO - Sync 1 DAGs
[2024-08-20T04:06:35.852+0000] {logging_mixin.py:190} INFO - [2024-08-20T04:06:35.851+0000] {dag.py:4138} INFO - Setting next_dagrun for example_short_circuit_operator to 2024-08-19 00:00:00+00:00, run_after=2024-08-20 00:00:00+00:00
[2024-08-20T04:06:35.879+0000] {processor.py:208} INFO - Processing /home/airflow/.local/lib/python3.12/site-packages/airflow/example_dags/example_short_circuit_operator.py took 0.125 seconds
[2024-08-20T04:07:06.977+0000] {processor.py:186} INFO - Started process (PID=2036) to work on /home/airflow/.local/lib/python3.12/site-packages/airflow/example_dags/example_short_circuit_operator.py
[2024-08-20T04:07:06.979+0000] {processor.py:914} INFO - Processing file /home/airflow/.local/lib/python3.12/site-packages/airflow/example_dags/example_short_circuit_operator.py for tasks to queue
[2024-08-20T04:07:06.982+0000] {logging_mixin.py:190} INFO - [2024-08-20T04:07:06.981+0000] {dagbag.py:587} INFO - Filling up the DagBag from /home/airflow/.local/lib/python3.12/site-packages/airflow/example_dags/example_short_circuit_operator.py
[2024-08-20T04:07:06.995+0000] {processor.py:925} INFO - DAG(s) 'example_short_circuit_operator' retrieved from /home/airflow/.local/lib/python3.12/site-packages/airflow/example_dags/example_short_circuit_operator.py
[2024-08-20T04:07:07.029+0000] {logging_mixin.py:190} INFO - [2024-08-20T04:07:07.029+0000] {dag.py:3211} INFO - Sync 1 DAGs
[2024-08-20T04:07:07.070+0000] {logging_mixin.py:190} INFO - [2024-08-20T04:07:07.070+0000] {dag.py:4138} INFO - Setting next_dagrun for example_short_circuit_operator to 2024-08-19 00:00:00+00:00, run_after=2024-08-20 00:00:00+00:00
[2024-08-20T04:07:07.100+0000] {processor.py:208} INFO - Processing /home/airflow/.local/lib/python3.12/site-packages/airflow/example_dags/example_short_circuit_operator.py took 0.132 seconds
[2024-08-20T04:07:37.378+0000] {processor.py:186} INFO - Started process (PID=2099) to work on /home/airflow/.local/lib/python3.12/site-packages/airflow/example_dags/example_short_circuit_operator.py
[2024-08-20T04:07:37.380+0000] {processor.py:914} INFO - Processing file /home/airflow/.local/lib/python3.12/site-packages/airflow/example_dags/example_short_circuit_operator.py for tasks to queue
[2024-08-20T04:07:37.383+0000] {logging_mixin.py:190} INFO - [2024-08-20T04:07:37.383+0000] {dagbag.py:587} INFO - Filling up the DagBag from /home/airflow/.local/lib/python3.12/site-packages/airflow/example_dags/example_short_circuit_operator.py
[2024-08-20T04:07:37.395+0000] {processor.py:925} INFO - DAG(s) 'example_short_circuit_operator' retrieved from /home/airflow/.local/lib/python3.12/site-packages/airflow/example_dags/example_short_circuit_operator.py
[2024-08-20T04:07:37.427+0000] {logging_mixin.py:190} INFO - [2024-08-20T04:07:37.427+0000] {dag.py:3211} INFO - Sync 1 DAGs
[2024-08-20T04:07:37.457+0000] {logging_mixin.py:190} INFO - [2024-08-20T04:07:37.457+0000] {dag.py:4138} INFO - Setting next_dagrun for example_short_circuit_operator to 2024-08-19 00:00:00+00:00, run_after=2024-08-20 00:00:00+00:00
[2024-08-20T04:07:37.480+0000] {processor.py:208} INFO - Processing /home/airflow/.local/lib/python3.12/site-packages/airflow/example_dags/example_short_circuit_operator.py took 0.110 seconds
[2024-08-20T04:08:08.138+0000] {processor.py:186} INFO - Started process (PID=2162) to work on /home/airflow/.local/lib/python3.12/site-packages/airflow/example_dags/example_short_circuit_operator.py
[2024-08-20T04:08:08.140+0000] {processor.py:914} INFO - Processing file /home/airflow/.local/lib/python3.12/site-packages/airflow/example_dags/example_short_circuit_operator.py for tasks to queue
[2024-08-20T04:08:08.144+0000] {logging_mixin.py:190} INFO - [2024-08-20T04:08:08.143+0000] {dagbag.py:587} INFO - Filling up the DagBag from /home/airflow/.local/lib/python3.12/site-packages/airflow/example_dags/example_short_circuit_operator.py
[2024-08-20T04:08:08.158+0000] {processor.py:925} INFO - DAG(s) 'example_short_circuit_operator' retrieved from /home/airflow/.local/lib/python3.12/site-packages/airflow/example_dags/example_short_circuit_operator.py
[2024-08-20T04:08:08.199+0000] {logging_mixin.py:190} INFO - [2024-08-20T04:08:08.198+0000] {dag.py:3211} INFO - Sync 1 DAGs
[2024-08-20T04:08:08.237+0000] {logging_mixin.py:190} INFO - [2024-08-20T04:08:08.236+0000] {dag.py:4138} INFO - Setting next_dagrun for example_short_circuit_operator to 2024-08-19 00:00:00+00:00, run_after=2024-08-20 00:00:00+00:00
[2024-08-20T04:08:08.265+0000] {processor.py:208} INFO - Processing /home/airflow/.local/lib/python3.12/site-packages/airflow/example_dags/example_short_circuit_operator.py took 0.137 seconds
[2024-08-20T04:08:39.404+0000] {processor.py:186} INFO - Started process (PID=2224) to work on /home/airflow/.local/lib/python3.12/site-packages/airflow/example_dags/example_short_circuit_operator.py
[2024-08-20T04:08:39.407+0000] {processor.py:914} INFO - Processing file /home/airflow/.local/lib/python3.12/site-packages/airflow/example_dags/example_short_circuit_operator.py for tasks to queue
[2024-08-20T04:08:39.411+0000] {logging_mixin.py:190} INFO - [2024-08-20T04:08:39.410+0000] {dagbag.py:587} INFO - Filling up the DagBag from /home/airflow/.local/lib/python3.12/site-packages/airflow/example_dags/example_short_circuit_operator.py
[2024-08-20T04:08:39.428+0000] {processor.py:925} INFO - DAG(s) 'example_short_circuit_operator' retrieved from /home/airflow/.local/lib/python3.12/site-packages/airflow/example_dags/example_short_circuit_operator.py
[2024-08-20T04:08:39.463+0000] {logging_mixin.py:190} INFO - [2024-08-20T04:08:39.462+0000] {dag.py:3211} INFO - Sync 1 DAGs
[2024-08-20T04:08:39.504+0000] {logging_mixin.py:190} INFO - [2024-08-20T04:08:39.503+0000] {dag.py:4138} INFO - Setting next_dagrun for example_short_circuit_operator to 2024-08-19 00:00:00+00:00, run_after=2024-08-20 00:00:00+00:00
[2024-08-20T04:08:39.532+0000] {processor.py:208} INFO - Processing /home/airflow/.local/lib/python3.12/site-packages/airflow/example_dags/example_short_circuit_operator.py took 0.135 seconds
[2024-08-20T04:09:10.419+0000] {processor.py:186} INFO - Started process (PID=2286) to work on /home/airflow/.local/lib/python3.12/site-packages/airflow/example_dags/example_short_circuit_operator.py
[2024-08-20T04:09:10.420+0000] {processor.py:914} INFO - Processing file /home/airflow/.local/lib/python3.12/site-packages/airflow/example_dags/example_short_circuit_operator.py for tasks to queue
[2024-08-20T04:09:10.424+0000] {logging_mixin.py:190} INFO - [2024-08-20T04:09:10.423+0000] {dagbag.py:587} INFO - Filling up the DagBag from /home/airflow/.local/lib/python3.12/site-packages/airflow/example_dags/example_short_circuit_operator.py
[2024-08-20T04:09:10.437+0000] {processor.py:925} INFO - DAG(s) 'example_short_circuit_operator' retrieved from /home/airflow/.local/lib/python3.12/site-packages/airflow/example_dags/example_short_circuit_operator.py
[2024-08-20T04:09:10.481+0000] {logging_mixin.py:190} INFO - [2024-08-20T04:09:10.481+0000] {dag.py:3211} INFO - Sync 1 DAGs
[2024-08-20T04:09:10.523+0000] {logging_mixin.py:190} INFO - [2024-08-20T04:09:10.522+0000] {dag.py:4138} INFO - Setting next_dagrun for example_short_circuit_operator to 2024-08-19 00:00:00+00:00, run_after=2024-08-20 00:00:00+00:00
[2024-08-20T04:09:10.556+0000] {processor.py:208} INFO - Processing /home/airflow/.local/lib/python3.12/site-packages/airflow/example_dags/example_short_circuit_operator.py took 0.149 seconds
[2024-08-20T04:09:41.622+0000] {processor.py:186} INFO - Started process (PID=2348) to work on /home/airflow/.local/lib/python3.12/site-packages/airflow/example_dags/example_short_circuit_operator.py
[2024-08-20T04:09:41.624+0000] {processor.py:914} INFO - Processing file /home/airflow/.local/lib/python3.12/site-packages/airflow/example_dags/example_short_circuit_operator.py for tasks to queue
[2024-08-20T04:09:41.629+0000] {logging_mixin.py:190} INFO - [2024-08-20T04:09:41.628+0000] {dagbag.py:587} INFO - Filling up the DagBag from /home/airflow/.local/lib/python3.12/site-packages/airflow/example_dags/example_short_circuit_operator.py
[2024-08-20T04:09:41.644+0000] {processor.py:925} INFO - DAG(s) 'example_short_circuit_operator' retrieved from /home/airflow/.local/lib/python3.12/site-packages/airflow/example_dags/example_short_circuit_operator.py
[2024-08-20T04:09:41.681+0000] {logging_mixin.py:190} INFO - [2024-08-20T04:09:41.681+0000] {dag.py:3211} INFO - Sync 1 DAGs
[2024-08-20T04:09:41.720+0000] {logging_mixin.py:190} INFO - [2024-08-20T04:09:41.719+0000] {dag.py:4138} INFO - Setting next_dagrun for example_short_circuit_operator to 2024-08-19 00:00:00+00:00, run_after=2024-08-20 00:00:00+00:00
[2024-08-20T04:09:41.749+0000] {processor.py:208} INFO - Processing /home/airflow/.local/lib/python3.12/site-packages/airflow/example_dags/example_short_circuit_operator.py took 0.134 seconds
[2024-08-20T04:10:15.099+0000] {processor.py:186} INFO - Started process (PID=2410) to work on /home/airflow/.local/lib/python3.12/site-packages/airflow/example_dags/example_short_circuit_operator.py
[2024-08-20T04:10:15.101+0000] {processor.py:914} INFO - Processing file /home/airflow/.local/lib/python3.12/site-packages/airflow/example_dags/example_short_circuit_operator.py for tasks to queue
[2024-08-20T04:10:15.107+0000] {logging_mixin.py:190} INFO - [2024-08-20T04:10:15.106+0000] {dagbag.py:587} INFO - Filling up the DagBag from /home/airflow/.local/lib/python3.12/site-packages/airflow/example_dags/example_short_circuit_operator.py
[2024-08-20T04:10:15.154+0000] {processor.py:925} INFO - DAG(s) 'example_short_circuit_operator' retrieved from /home/airflow/.local/lib/python3.12/site-packages/airflow/example_dags/example_short_circuit_operator.py
[2024-08-20T04:10:15.287+0000] {logging_mixin.py:190} INFO - [2024-08-20T04:10:15.286+0000] {dag.py:3211} INFO - Sync 1 DAGs
[2024-08-20T04:10:15.386+0000] {logging_mixin.py:190} INFO - [2024-08-20T04:10:15.386+0000] {dag.py:4138} INFO - Setting next_dagrun for example_short_circuit_operator to 2024-08-19 00:00:00+00:00, run_after=2024-08-20 00:00:00+00:00
[2024-08-20T04:10:15.500+0000] {processor.py:208} INFO - Processing /home/airflow/.local/lib/python3.12/site-packages/airflow/example_dags/example_short_circuit_operator.py took 0.420 seconds
[2024-08-20T04:10:46.299+0000] {processor.py:186} INFO - Started process (PID=2472) to work on /home/airflow/.local/lib/python3.12/site-packages/airflow/example_dags/example_short_circuit_operator.py
[2024-08-20T04:10:46.301+0000] {processor.py:914} INFO - Processing file /home/airflow/.local/lib/python3.12/site-packages/airflow/example_dags/example_short_circuit_operator.py for tasks to queue
[2024-08-20T04:10:46.305+0000] {logging_mixin.py:190} INFO - [2024-08-20T04:10:46.304+0000] {dagbag.py:587} INFO - Filling up the DagBag from /home/airflow/.local/lib/python3.12/site-packages/airflow/example_dags/example_short_circuit_operator.py
[2024-08-20T04:10:46.317+0000] {processor.py:925} INFO - DAG(s) 'example_short_circuit_operator' retrieved from /home/airflow/.local/lib/python3.12/site-packages/airflow/example_dags/example_short_circuit_operator.py
[2024-08-20T04:10:46.357+0000] {logging_mixin.py:190} INFO - [2024-08-20T04:10:46.356+0000] {dag.py:3211} INFO - Sync 1 DAGs
[2024-08-20T04:10:46.391+0000] {logging_mixin.py:190} INFO - [2024-08-20T04:10:46.389+0000] {dag.py:4138} INFO - Setting next_dagrun for example_short_circuit_operator to 2024-08-19 00:00:00+00:00, run_after=2024-08-20 00:00:00+00:00
[2024-08-20T04:10:46.414+0000] {processor.py:208} INFO - Processing /home/airflow/.local/lib/python3.12/site-packages/airflow/example_dags/example_short_circuit_operator.py took 0.128 seconds
[2024-08-20T04:11:17.076+0000] {processor.py:186} INFO - Started process (PID=2534) to work on /home/airflow/.local/lib/python3.12/site-packages/airflow/example_dags/example_short_circuit_operator.py
[2024-08-20T04:11:17.078+0000] {processor.py:914} INFO - Processing file /home/airflow/.local/lib/python3.12/site-packages/airflow/example_dags/example_short_circuit_operator.py for tasks to queue
[2024-08-20T04:11:17.081+0000] {logging_mixin.py:190} INFO - [2024-08-20T04:11:17.081+0000] {dagbag.py:587} INFO - Filling up the DagBag from /home/airflow/.local/lib/python3.12/site-packages/airflow/example_dags/example_short_circuit_operator.py
[2024-08-20T04:11:17.094+0000] {processor.py:925} INFO - DAG(s) 'example_short_circuit_operator' retrieved from /home/airflow/.local/lib/python3.12/site-packages/airflow/example_dags/example_short_circuit_operator.py
[2024-08-20T04:11:17.131+0000] {logging_mixin.py:190} INFO - [2024-08-20T04:11:17.130+0000] {dag.py:3211} INFO - Sync 1 DAGs
[2024-08-20T04:11:17.164+0000] {logging_mixin.py:190} INFO - [2024-08-20T04:11:17.164+0000] {dag.py:4138} INFO - Setting next_dagrun for example_short_circuit_operator to 2024-08-19 00:00:00+00:00, run_after=2024-08-20 00:00:00+00:00
[2024-08-20T04:11:17.191+0000] {processor.py:208} INFO - Processing /home/airflow/.local/lib/python3.12/site-packages/airflow/example_dags/example_short_circuit_operator.py took 0.123 seconds
[2024-08-20T04:11:47.290+0000] {processor.py:186} INFO - Started process (PID=2597) to work on /home/airflow/.local/lib/python3.12/site-packages/airflow/example_dags/example_short_circuit_operator.py
[2024-08-20T04:11:47.292+0000] {processor.py:914} INFO - Processing file /home/airflow/.local/lib/python3.12/site-packages/airflow/example_dags/example_short_circuit_operator.py for tasks to queue
[2024-08-20T04:11:47.296+0000] {logging_mixin.py:190} INFO - [2024-08-20T04:11:47.296+0000] {dagbag.py:587} INFO - Filling up the DagBag from /home/airflow/.local/lib/python3.12/site-packages/airflow/example_dags/example_short_circuit_operator.py
[2024-08-20T04:11:47.311+0000] {processor.py:925} INFO - DAG(s) 'example_short_circuit_operator' retrieved from /home/airflow/.local/lib/python3.12/site-packages/airflow/example_dags/example_short_circuit_operator.py
[2024-08-20T04:11:47.348+0000] {logging_mixin.py:190} INFO - [2024-08-20T04:11:47.347+0000] {dag.py:3211} INFO - Sync 1 DAGs
[2024-08-20T04:11:47.387+0000] {logging_mixin.py:190} INFO - [2024-08-20T04:11:47.387+0000] {dag.py:4138} INFO - Setting next_dagrun for example_short_circuit_operator to 2024-08-19 00:00:00+00:00, run_after=2024-08-20 00:00:00+00:00
[2024-08-20T04:11:47.418+0000] {processor.py:208} INFO - Processing /home/airflow/.local/lib/python3.12/site-packages/airflow/example_dags/example_short_circuit_operator.py took 0.140 seconds
[2024-08-20T04:12:17.916+0000] {processor.py:186} INFO - Started process (PID=2659) to work on /home/airflow/.local/lib/python3.12/site-packages/airflow/example_dags/example_short_circuit_operator.py
[2024-08-20T04:12:17.919+0000] {processor.py:914} INFO - Processing file /home/airflow/.local/lib/python3.12/site-packages/airflow/example_dags/example_short_circuit_operator.py for tasks to queue
[2024-08-20T04:12:17.923+0000] {logging_mixin.py:190} INFO - [2024-08-20T04:12:17.923+0000] {dagbag.py:587} INFO - Filling up the DagBag from /home/airflow/.local/lib/python3.12/site-packages/airflow/example_dags/example_short_circuit_operator.py
[2024-08-20T04:12:17.942+0000] {processor.py:925} INFO - DAG(s) 'example_short_circuit_operator' retrieved from /home/airflow/.local/lib/python3.12/site-packages/airflow/example_dags/example_short_circuit_operator.py
[2024-08-20T04:12:17.980+0000] {logging_mixin.py:190} INFO - [2024-08-20T04:12:17.980+0000] {dag.py:3211} INFO - Sync 1 DAGs
[2024-08-20T04:12:18.023+0000] {logging_mixin.py:190} INFO - [2024-08-20T04:12:18.022+0000] {dag.py:4138} INFO - Setting next_dagrun for example_short_circuit_operator to 2024-08-19 00:00:00+00:00, run_after=2024-08-20 00:00:00+00:00
[2024-08-20T04:12:18.058+0000] {processor.py:208} INFO - Processing /home/airflow/.local/lib/python3.12/site-packages/airflow/example_dags/example_short_circuit_operator.py took 0.157 seconds
[2024-08-20T04:12:48.220+0000] {processor.py:186} INFO - Started process (PID=2721) to work on /home/airflow/.local/lib/python3.12/site-packages/airflow/example_dags/example_short_circuit_operator.py
[2024-08-20T04:12:48.221+0000] {processor.py:914} INFO - Processing file /home/airflow/.local/lib/python3.12/site-packages/airflow/example_dags/example_short_circuit_operator.py for tasks to queue
[2024-08-20T04:12:48.226+0000] {logging_mixin.py:190} INFO - [2024-08-20T04:12:48.225+0000] {dagbag.py:587} INFO - Filling up the DagBag from /home/airflow/.local/lib/python3.12/site-packages/airflow/example_dags/example_short_circuit_operator.py
[2024-08-20T04:12:48.241+0000] {processor.py:925} INFO - DAG(s) 'example_short_circuit_operator' retrieved from /home/airflow/.local/lib/python3.12/site-packages/airflow/example_dags/example_short_circuit_operator.py
[2024-08-20T04:12:48.278+0000] {logging_mixin.py:190} INFO - [2024-08-20T04:12:48.277+0000] {dag.py:3211} INFO - Sync 1 DAGs
[2024-08-20T04:12:48.317+0000] {logging_mixin.py:190} INFO - [2024-08-20T04:12:48.317+0000] {dag.py:4138} INFO - Setting next_dagrun for example_short_circuit_operator to 2024-08-19 00:00:00+00:00, run_after=2024-08-20 00:00:00+00:00
[2024-08-20T04:12:48.350+0000] {processor.py:208} INFO - Processing /home/airflow/.local/lib/python3.12/site-packages/airflow/example_dags/example_short_circuit_operator.py took 0.140 seconds
[2024-08-20T04:13:19.132+0000] {processor.py:186} INFO - Started process (PID=2783) to work on /home/airflow/.local/lib/python3.12/site-packages/airflow/example_dags/example_short_circuit_operator.py
[2024-08-20T04:13:19.134+0000] {processor.py:914} INFO - Processing file /home/airflow/.local/lib/python3.12/site-packages/airflow/example_dags/example_short_circuit_operator.py for tasks to queue
[2024-08-20T04:13:19.141+0000] {logging_mixin.py:190} INFO - [2024-08-20T04:13:19.140+0000] {dagbag.py:587} INFO - Filling up the DagBag from /home/airflow/.local/lib/python3.12/site-packages/airflow/example_dags/example_short_circuit_operator.py
[2024-08-20T04:13:19.159+0000] {processor.py:925} INFO - DAG(s) 'example_short_circuit_operator' retrieved from /home/airflow/.local/lib/python3.12/site-packages/airflow/example_dags/example_short_circuit_operator.py
[2024-08-20T04:13:19.199+0000] {logging_mixin.py:190} INFO - [2024-08-20T04:13:19.199+0000] {dag.py:3211} INFO - Sync 1 DAGs
[2024-08-20T04:13:19.263+0000] {logging_mixin.py:190} INFO - [2024-08-20T04:13:19.262+0000] {dag.py:4138} INFO - Setting next_dagrun for example_short_circuit_operator to 2024-08-19 00:00:00+00:00, run_after=2024-08-20 00:00:00+00:00
[2024-08-20T04:13:19.308+0000] {processor.py:208} INFO - Processing /home/airflow/.local/lib/python3.12/site-packages/airflow/example_dags/example_short_circuit_operator.py took 0.188 seconds
[2024-08-20T04:13:49.906+0000] {processor.py:186} INFO - Started process (PID=2845) to work on /home/airflow/.local/lib/python3.12/site-packages/airflow/example_dags/example_short_circuit_operator.py
[2024-08-20T04:13:49.908+0000] {processor.py:914} INFO - Processing file /home/airflow/.local/lib/python3.12/site-packages/airflow/example_dags/example_short_circuit_operator.py for tasks to queue
[2024-08-20T04:13:49.911+0000] {logging_mixin.py:190} INFO - [2024-08-20T04:13:49.911+0000] {dagbag.py:587} INFO - Filling up the DagBag from /home/airflow/.local/lib/python3.12/site-packages/airflow/example_dags/example_short_circuit_operator.py
[2024-08-20T04:13:49.941+0000] {processor.py:925} INFO - DAG(s) 'example_short_circuit_operator' retrieved from /home/airflow/.local/lib/python3.12/site-packages/airflow/example_dags/example_short_circuit_operator.py
[2024-08-20T04:13:50.000+0000] {logging_mixin.py:190} INFO - [2024-08-20T04:13:49.999+0000] {dag.py:3211} INFO - Sync 1 DAGs
[2024-08-20T04:13:50.031+0000] {logging_mixin.py:190} INFO - [2024-08-20T04:13:50.030+0000] {dag.py:4138} INFO - Setting next_dagrun for example_short_circuit_operator to 2024-08-19 00:00:00+00:00, run_after=2024-08-20 00:00:00+00:00
[2024-08-20T04:13:50.055+0000] {processor.py:208} INFO - Processing /home/airflow/.local/lib/python3.12/site-packages/airflow/example_dags/example_short_circuit_operator.py took 0.157 seconds
[2024-08-20T04:14:20.865+0000] {processor.py:186} INFO - Started process (PID=2907) to work on /home/airflow/.local/lib/python3.12/site-packages/airflow/example_dags/example_short_circuit_operator.py
[2024-08-20T04:14:20.866+0000] {processor.py:914} INFO - Processing file /home/airflow/.local/lib/python3.12/site-packages/airflow/example_dags/example_short_circuit_operator.py for tasks to queue
[2024-08-20T04:14:20.870+0000] {logging_mixin.py:190} INFO - [2024-08-20T04:14:20.869+0000] {dagbag.py:587} INFO - Filling up the DagBag from /home/airflow/.local/lib/python3.12/site-packages/airflow/example_dags/example_short_circuit_operator.py
[2024-08-20T04:14:20.884+0000] {processor.py:925} INFO - DAG(s) 'example_short_circuit_operator' retrieved from /home/airflow/.local/lib/python3.12/site-packages/airflow/example_dags/example_short_circuit_operator.py
[2024-08-20T04:14:20.921+0000] {logging_mixin.py:190} INFO - [2024-08-20T04:14:20.920+0000] {dag.py:3211} INFO - Sync 1 DAGs
[2024-08-20T04:14:20.977+0000] {logging_mixin.py:190} INFO - [2024-08-20T04:14:20.976+0000] {dag.py:4138} INFO - Setting next_dagrun for example_short_circuit_operator to 2024-08-19 00:00:00+00:00, run_after=2024-08-20 00:00:00+00:00
[2024-08-20T04:14:21.008+0000] {processor.py:208} INFO - Processing /home/airflow/.local/lib/python3.12/site-packages/airflow/example_dags/example_short_circuit_operator.py took 0.152 seconds
[2024-08-20T04:14:51.888+0000] {processor.py:186} INFO - Started process (PID=2969) to work on /home/airflow/.local/lib/python3.12/site-packages/airflow/example_dags/example_short_circuit_operator.py
[2024-08-20T04:14:51.891+0000] {processor.py:914} INFO - Processing file /home/airflow/.local/lib/python3.12/site-packages/airflow/example_dags/example_short_circuit_operator.py for tasks to queue
[2024-08-20T04:14:51.895+0000] {logging_mixin.py:190} INFO - [2024-08-20T04:14:51.894+0000] {dagbag.py:587} INFO - Filling up the DagBag from /home/airflow/.local/lib/python3.12/site-packages/airflow/example_dags/example_short_circuit_operator.py
[2024-08-20T04:14:51.908+0000] {processor.py:925} INFO - DAG(s) 'example_short_circuit_operator' retrieved from /home/airflow/.local/lib/python3.12/site-packages/airflow/example_dags/example_short_circuit_operator.py
[2024-08-20T04:14:51.943+0000] {logging_mixin.py:190} INFO - [2024-08-20T04:14:51.942+0000] {dag.py:3211} INFO - Sync 1 DAGs
[2024-08-20T04:14:51.975+0000] {logging_mixin.py:190} INFO - [2024-08-20T04:14:51.975+0000] {dag.py:4138} INFO - Setting next_dagrun for example_short_circuit_operator to 2024-08-19 00:00:00+00:00, run_after=2024-08-20 00:00:00+00:00
[2024-08-20T04:14:52.003+0000] {processor.py:208} INFO - Processing /home/airflow/.local/lib/python3.12/site-packages/airflow/example_dags/example_short_circuit_operator.py took 0.123 seconds
[2024-08-20T04:15:22.640+0000] {processor.py:186} INFO - Started process (PID=3031) to work on /home/airflow/.local/lib/python3.12/site-packages/airflow/example_dags/example_short_circuit_operator.py
[2024-08-20T04:15:22.641+0000] {processor.py:914} INFO - Processing file /home/airflow/.local/lib/python3.12/site-packages/airflow/example_dags/example_short_circuit_operator.py for tasks to queue
[2024-08-20T04:15:22.645+0000] {logging_mixin.py:190} INFO - [2024-08-20T04:15:22.644+0000] {dagbag.py:587} INFO - Filling up the DagBag from /home/airflow/.local/lib/python3.12/site-packages/airflow/example_dags/example_short_circuit_operator.py
[2024-08-20T04:15:22.658+0000] {processor.py:925} INFO - DAG(s) 'example_short_circuit_operator' retrieved from /home/airflow/.local/lib/python3.12/site-packages/airflow/example_dags/example_short_circuit_operator.py
[2024-08-20T04:15:22.689+0000] {logging_mixin.py:190} INFO - [2024-08-20T04:15:22.689+0000] {dag.py:3211} INFO - Sync 1 DAGs
[2024-08-20T04:15:22.718+0000] {logging_mixin.py:190} INFO - [2024-08-20T04:15:22.718+0000] {dag.py:4138} INFO - Setting next_dagrun for example_short_circuit_operator to 2024-08-19 00:00:00+00:00, run_after=2024-08-20 00:00:00+00:00
[2024-08-20T04:15:22.741+0000] {processor.py:208} INFO - Processing /home/airflow/.local/lib/python3.12/site-packages/airflow/example_dags/example_short_circuit_operator.py took 0.110 seconds
[2024-08-20T04:15:54.605+0000] {processor.py:186} INFO - Started process (PID=3093) to work on /home/airflow/.local/lib/python3.12/site-packages/airflow/example_dags/example_short_circuit_operator.py
[2024-08-20T04:15:54.608+0000] {processor.py:914} INFO - Processing file /home/airflow/.local/lib/python3.12/site-packages/airflow/example_dags/example_short_circuit_operator.py for tasks to queue
[2024-08-20T04:15:54.613+0000] {logging_mixin.py:190} INFO - [2024-08-20T04:15:54.612+0000] {dagbag.py:587} INFO - Filling up the DagBag from /home/airflow/.local/lib/python3.12/site-packages/airflow/example_dags/example_short_circuit_operator.py
[2024-08-20T04:15:54.631+0000] {processor.py:925} INFO - DAG(s) 'example_short_circuit_operator' retrieved from /home/airflow/.local/lib/python3.12/site-packages/airflow/example_dags/example_short_circuit_operator.py
[2024-08-20T04:15:54.669+0000] {logging_mixin.py:190} INFO - [2024-08-20T04:15:54.669+0000] {dag.py:3211} INFO - Sync 1 DAGs
[2024-08-20T04:15:54.713+0000] {logging_mixin.py:190} INFO - [2024-08-20T04:15:54.711+0000] {dag.py:4138} INFO - Setting next_dagrun for example_short_circuit_operator to 2024-08-19 00:00:00+00:00, run_after=2024-08-20 00:00:00+00:00
[2024-08-20T04:15:54.758+0000] {processor.py:208} INFO - Processing /home/airflow/.local/lib/python3.12/site-packages/airflow/example_dags/example_short_circuit_operator.py took 0.166 seconds
[2024-08-20T04:16:25.654+0000] {processor.py:186} INFO - Started process (PID=3155) to work on /home/airflow/.local/lib/python3.12/site-packages/airflow/example_dags/example_short_circuit_operator.py
[2024-08-20T04:16:25.656+0000] {processor.py:914} INFO - Processing file /home/airflow/.local/lib/python3.12/site-packages/airflow/example_dags/example_short_circuit_operator.py for tasks to queue
[2024-08-20T04:16:25.660+0000] {logging_mixin.py:190} INFO - [2024-08-20T04:16:25.660+0000] {dagbag.py:587} INFO - Filling up the DagBag from /home/airflow/.local/lib/python3.12/site-packages/airflow/example_dags/example_short_circuit_operator.py
[2024-08-20T04:16:25.671+0000] {processor.py:925} INFO - DAG(s) 'example_short_circuit_operator' retrieved from /home/airflow/.local/lib/python3.12/site-packages/airflow/example_dags/example_short_circuit_operator.py
[2024-08-20T04:16:25.710+0000] {logging_mixin.py:190} INFO - [2024-08-20T04:16:25.710+0000] {dag.py:3211} INFO - Sync 1 DAGs
[2024-08-20T04:16:25.966+0000] {logging_mixin.py:190} INFO - [2024-08-20T04:16:25.965+0000] {dag.py:4138} INFO - Setting next_dagrun for example_short_circuit_operator to 2024-08-19 00:00:00+00:00, run_after=2024-08-20 00:00:00+00:00
[2024-08-20T04:16:25.991+0000] {processor.py:208} INFO - Processing /home/airflow/.local/lib/python3.12/site-packages/airflow/example_dags/example_short_circuit_operator.py took 0.346 seconds
