[2024-08-20T03:38:42.335+0000] {processor.py:186} INFO - Started process (PID=102) to work on /home/airflow/.local/lib/python3.12/site-packages/airflow/example_dags/example_python_operator.py
[2024-08-20T03:38:42.336+0000] {processor.py:914} INFO - Processing file /home/airflow/.local/lib/python3.12/site-packages/airflow/example_dags/example_python_operator.py for tasks to queue
[2024-08-20T03:38:42.339+0000] {logging_mixin.py:190} INFO - [2024-08-20T03:38:42.338+0000] {dagbag.py:587} INFO - Filling up the DagBag from /home/airflow/.local/lib/python3.12/site-packages/airflow/example_dags/example_python_operator.py
[2024-08-20T03:38:42.368+0000] {processor.py:925} INFO - DAG(s) 'example_python_operator' retrieved from /home/airflow/.local/lib/python3.12/site-packages/airflow/example_dags/example_python_operator.py
[2024-08-20T03:38:42.524+0000] {logging_mixin.py:190} INFO - [2024-08-20T03:38:42.523+0000] {override.py:1858} INFO - Created Permission View: can edit on DAG:example_python_operator
[2024-08-20T03:38:42.540+0000] {logging_mixin.py:190} INFO - [2024-08-20T03:38:42.539+0000] {override.py:1858} INFO - Created Permission View: can read on DAG:example_python_operator
[2024-08-20T03:38:42.550+0000] {logging_mixin.py:190} INFO - [2024-08-20T03:38:42.549+0000] {override.py:1858} INFO - Created Permission View: can delete on DAG:example_python_operator
[2024-08-20T03:38:42.551+0000] {logging_mixin.py:190} INFO - [2024-08-20T03:38:42.550+0000] {dag.py:3211} INFO - Sync 1 DAGs
[2024-08-20T03:38:42.572+0000] {logging_mixin.py:190} INFO - [2024-08-20T03:38:42.571+0000] {dag.py:3234} INFO - Creating ORM DAG for example_python_operator
[2024-08-20T03:38:42.573+0000] {logging_mixin.py:190} INFO - [2024-08-20T03:38:42.573+0000] {dag.py:4138} INFO - Setting next_dagrun for example_python_operator to None, run_after=None
[2024-08-20T03:38:42.600+0000] {processor.py:208} INFO - Processing /home/airflow/.local/lib/python3.12/site-packages/airflow/example_dags/example_python_operator.py took 0.273 seconds
[2024-08-20T03:39:12.966+0000] {processor.py:186} INFO - Started process (PID=164) to work on /home/airflow/.local/lib/python3.12/site-packages/airflow/example_dags/example_python_operator.py
[2024-08-20T03:39:12.968+0000] {processor.py:914} INFO - Processing file /home/airflow/.local/lib/python3.12/site-packages/airflow/example_dags/example_python_operator.py for tasks to queue
[2024-08-20T03:39:12.970+0000] {logging_mixin.py:190} INFO - [2024-08-20T03:39:12.970+0000] {dagbag.py:587} INFO - Filling up the DagBag from /home/airflow/.local/lib/python3.12/site-packages/airflow/example_dags/example_python_operator.py
[2024-08-20T03:39:12.985+0000] {processor.py:925} INFO - DAG(s) 'example_python_operator' retrieved from /home/airflow/.local/lib/python3.12/site-packages/airflow/example_dags/example_python_operator.py
[2024-08-20T03:39:13.013+0000] {logging_mixin.py:190} INFO - [2024-08-20T03:39:13.013+0000] {dag.py:3211} INFO - Sync 1 DAGs
[2024-08-20T03:39:13.029+0000] {logging_mixin.py:190} INFO - [2024-08-20T03:39:13.028+0000] {dag.py:4138} INFO - Setting next_dagrun for example_python_operator to None, run_after=None
[2024-08-20T03:39:13.050+0000] {processor.py:208} INFO - Processing /home/airflow/.local/lib/python3.12/site-packages/airflow/example_dags/example_python_operator.py took 0.093 seconds
[2024-08-20T03:39:43.499+0000] {processor.py:186} INFO - Started process (PID=226) to work on /home/airflow/.local/lib/python3.12/site-packages/airflow/example_dags/example_python_operator.py
[2024-08-20T03:39:43.501+0000] {processor.py:914} INFO - Processing file /home/airflow/.local/lib/python3.12/site-packages/airflow/example_dags/example_python_operator.py for tasks to queue
[2024-08-20T03:39:43.504+0000] {logging_mixin.py:190} INFO - [2024-08-20T03:39:43.504+0000] {dagbag.py:587} INFO - Filling up the DagBag from /home/airflow/.local/lib/python3.12/site-packages/airflow/example_dags/example_python_operator.py
[2024-08-20T03:39:43.519+0000] {processor.py:925} INFO - DAG(s) 'example_python_operator' retrieved from /home/airflow/.local/lib/python3.12/site-packages/airflow/example_dags/example_python_operator.py
[2024-08-20T03:39:43.548+0000] {logging_mixin.py:190} INFO - [2024-08-20T03:39:43.547+0000] {dag.py:3211} INFO - Sync 1 DAGs
[2024-08-20T03:39:43.566+0000] {logging_mixin.py:190} INFO - [2024-08-20T03:39:43.566+0000] {dag.py:4138} INFO - Setting next_dagrun for example_python_operator to None, run_after=None
[2024-08-20T03:39:43.588+0000] {processor.py:208} INFO - Processing /home/airflow/.local/lib/python3.12/site-packages/airflow/example_dags/example_python_operator.py took 0.096 seconds
[2024-08-20T03:40:14.427+0000] {processor.py:186} INFO - Started process (PID=288) to work on /home/airflow/.local/lib/python3.12/site-packages/airflow/example_dags/example_python_operator.py
[2024-08-20T03:40:14.428+0000] {processor.py:914} INFO - Processing file /home/airflow/.local/lib/python3.12/site-packages/airflow/example_dags/example_python_operator.py for tasks to queue
[2024-08-20T03:40:14.431+0000] {logging_mixin.py:190} INFO - [2024-08-20T03:40:14.430+0000] {dagbag.py:587} INFO - Filling up the DagBag from /home/airflow/.local/lib/python3.12/site-packages/airflow/example_dags/example_python_operator.py
[2024-08-20T03:40:14.445+0000] {processor.py:925} INFO - DAG(s) 'example_python_operator' retrieved from /home/airflow/.local/lib/python3.12/site-packages/airflow/example_dags/example_python_operator.py
[2024-08-20T03:40:14.473+0000] {logging_mixin.py:190} INFO - [2024-08-20T03:40:14.472+0000] {dag.py:3211} INFO - Sync 1 DAGs
[2024-08-20T03:40:14.488+0000] {logging_mixin.py:190} INFO - [2024-08-20T03:40:14.488+0000] {dag.py:4138} INFO - Setting next_dagrun for example_python_operator to None, run_after=None
[2024-08-20T03:40:14.511+0000] {processor.py:208} INFO - Processing /home/airflow/.local/lib/python3.12/site-packages/airflow/example_dags/example_python_operator.py took 0.091 seconds
[2024-08-20T03:40:45.087+0000] {processor.py:186} INFO - Started process (PID=350) to work on /home/airflow/.local/lib/python3.12/site-packages/airflow/example_dags/example_python_operator.py
[2024-08-20T03:40:45.089+0000] {processor.py:914} INFO - Processing file /home/airflow/.local/lib/python3.12/site-packages/airflow/example_dags/example_python_operator.py for tasks to queue
[2024-08-20T03:40:45.093+0000] {logging_mixin.py:190} INFO - [2024-08-20T03:40:45.093+0000] {dagbag.py:587} INFO - Filling up the DagBag from /home/airflow/.local/lib/python3.12/site-packages/airflow/example_dags/example_python_operator.py
[2024-08-20T03:40:45.111+0000] {processor.py:925} INFO - DAG(s) 'example_python_operator' retrieved from /home/airflow/.local/lib/python3.12/site-packages/airflow/example_dags/example_python_operator.py
[2024-08-20T03:40:45.139+0000] {logging_mixin.py:190} INFO - [2024-08-20T03:40:45.139+0000] {dag.py:3211} INFO - Sync 1 DAGs
[2024-08-20T03:40:45.160+0000] {logging_mixin.py:190} INFO - [2024-08-20T03:40:45.159+0000] {dag.py:4138} INFO - Setting next_dagrun for example_python_operator to None, run_after=None
[2024-08-20T03:40:45.181+0000] {processor.py:208} INFO - Processing /home/airflow/.local/lib/python3.12/site-packages/airflow/example_dags/example_python_operator.py took 0.103 seconds
[2024-08-20T03:41:15.410+0000] {processor.py:186} INFO - Started process (PID=412) to work on /home/airflow/.local/lib/python3.12/site-packages/airflow/example_dags/example_python_operator.py
[2024-08-20T03:41:15.411+0000] {processor.py:914} INFO - Processing file /home/airflow/.local/lib/python3.12/site-packages/airflow/example_dags/example_python_operator.py for tasks to queue
[2024-08-20T03:41:15.414+0000] {logging_mixin.py:190} INFO - [2024-08-20T03:41:15.414+0000] {dagbag.py:587} INFO - Filling up the DagBag from /home/airflow/.local/lib/python3.12/site-packages/airflow/example_dags/example_python_operator.py
[2024-08-20T03:41:15.432+0000] {processor.py:925} INFO - DAG(s) 'example_python_operator' retrieved from /home/airflow/.local/lib/python3.12/site-packages/airflow/example_dags/example_python_operator.py
[2024-08-20T03:41:15.459+0000] {logging_mixin.py:190} INFO - [2024-08-20T03:41:15.459+0000] {dag.py:3211} INFO - Sync 1 DAGs
[2024-08-20T03:41:15.477+0000] {logging_mixin.py:190} INFO - [2024-08-20T03:41:15.477+0000] {dag.py:4138} INFO - Setting next_dagrun for example_python_operator to None, run_after=None
[2024-08-20T03:41:15.502+0000] {processor.py:208} INFO - Processing /home/airflow/.local/lib/python3.12/site-packages/airflow/example_dags/example_python_operator.py took 0.103 seconds
[2024-08-20T03:41:46.226+0000] {processor.py:186} INFO - Started process (PID=474) to work on /home/airflow/.local/lib/python3.12/site-packages/airflow/example_dags/example_python_operator.py
[2024-08-20T03:41:46.227+0000] {processor.py:914} INFO - Processing file /home/airflow/.local/lib/python3.12/site-packages/airflow/example_dags/example_python_operator.py for tasks to queue
[2024-08-20T03:41:46.231+0000] {logging_mixin.py:190} INFO - [2024-08-20T03:41:46.230+0000] {dagbag.py:587} INFO - Filling up the DagBag from /home/airflow/.local/lib/python3.12/site-packages/airflow/example_dags/example_python_operator.py
[2024-08-20T03:41:46.248+0000] {processor.py:925} INFO - DAG(s) 'example_python_operator' retrieved from /home/airflow/.local/lib/python3.12/site-packages/airflow/example_dags/example_python_operator.py
[2024-08-20T03:41:46.285+0000] {logging_mixin.py:190} INFO - [2024-08-20T03:41:46.285+0000] {dag.py:3211} INFO - Sync 1 DAGs
[2024-08-20T03:41:46.310+0000] {logging_mixin.py:190} INFO - [2024-08-20T03:41:46.309+0000] {dag.py:4138} INFO - Setting next_dagrun for example_python_operator to None, run_after=None
[2024-08-20T03:41:46.340+0000] {processor.py:208} INFO - Processing /home/airflow/.local/lib/python3.12/site-packages/airflow/example_dags/example_python_operator.py took 0.123 seconds
[2024-08-20T03:42:16.740+0000] {processor.py:186} INFO - Started process (PID=536) to work on /home/airflow/.local/lib/python3.12/site-packages/airflow/example_dags/example_python_operator.py
[2024-08-20T03:42:16.742+0000] {processor.py:914} INFO - Processing file /home/airflow/.local/lib/python3.12/site-packages/airflow/example_dags/example_python_operator.py for tasks to queue
[2024-08-20T03:42:16.745+0000] {logging_mixin.py:190} INFO - [2024-08-20T03:42:16.745+0000] {dagbag.py:587} INFO - Filling up the DagBag from /home/airflow/.local/lib/python3.12/site-packages/airflow/example_dags/example_python_operator.py
[2024-08-20T03:42:16.759+0000] {processor.py:925} INFO - DAG(s) 'example_python_operator' retrieved from /home/airflow/.local/lib/python3.12/site-packages/airflow/example_dags/example_python_operator.py
[2024-08-20T03:42:16.789+0000] {logging_mixin.py:190} INFO - [2024-08-20T03:42:16.788+0000] {dag.py:3211} INFO - Sync 1 DAGs
[2024-08-20T03:42:16.806+0000] {logging_mixin.py:190} INFO - [2024-08-20T03:42:16.805+0000] {dag.py:4138} INFO - Setting next_dagrun for example_python_operator to None, run_after=None
[2024-08-20T03:42:16.833+0000] {processor.py:208} INFO - Processing /home/airflow/.local/lib/python3.12/site-packages/airflow/example_dags/example_python_operator.py took 0.100 seconds
[2024-08-20T03:42:47.678+0000] {processor.py:186} INFO - Started process (PID=598) to work on /home/airflow/.local/lib/python3.12/site-packages/airflow/example_dags/example_python_operator.py
[2024-08-20T03:42:47.680+0000] {processor.py:914} INFO - Processing file /home/airflow/.local/lib/python3.12/site-packages/airflow/example_dags/example_python_operator.py for tasks to queue
[2024-08-20T03:42:47.683+0000] {logging_mixin.py:190} INFO - [2024-08-20T03:42:47.683+0000] {dagbag.py:587} INFO - Filling up the DagBag from /home/airflow/.local/lib/python3.12/site-packages/airflow/example_dags/example_python_operator.py
[2024-08-20T03:42:47.703+0000] {processor.py:925} INFO - DAG(s) 'example_python_operator' retrieved from /home/airflow/.local/lib/python3.12/site-packages/airflow/example_dags/example_python_operator.py
[2024-08-20T03:42:47.744+0000] {logging_mixin.py:190} INFO - [2024-08-20T03:42:47.743+0000] {dag.py:3211} INFO - Sync 1 DAGs
[2024-08-20T03:42:47.773+0000] {logging_mixin.py:190} INFO - [2024-08-20T03:42:47.773+0000] {dag.py:4138} INFO - Setting next_dagrun for example_python_operator to None, run_after=None
[2024-08-20T03:42:47.812+0000] {processor.py:208} INFO - Processing /home/airflow/.local/lib/python3.12/site-packages/airflow/example_dags/example_python_operator.py took 0.144 seconds
[2024-08-20T03:43:17.942+0000] {processor.py:186} INFO - Started process (PID=660) to work on /home/airflow/.local/lib/python3.12/site-packages/airflow/example_dags/example_python_operator.py
[2024-08-20T03:43:17.944+0000] {processor.py:914} INFO - Processing file /home/airflow/.local/lib/python3.12/site-packages/airflow/example_dags/example_python_operator.py for tasks to queue
[2024-08-20T03:43:17.947+0000] {logging_mixin.py:190} INFO - [2024-08-20T03:43:17.947+0000] {dagbag.py:587} INFO - Filling up the DagBag from /home/airflow/.local/lib/python3.12/site-packages/airflow/example_dags/example_python_operator.py
[2024-08-20T03:43:17.962+0000] {processor.py:925} INFO - DAG(s) 'example_python_operator' retrieved from /home/airflow/.local/lib/python3.12/site-packages/airflow/example_dags/example_python_operator.py
[2024-08-20T03:43:17.997+0000] {logging_mixin.py:190} INFO - [2024-08-20T03:43:17.997+0000] {dag.py:3211} INFO - Sync 1 DAGs
[2024-08-20T03:43:18.019+0000] {logging_mixin.py:190} INFO - [2024-08-20T03:43:18.019+0000] {dag.py:4138} INFO - Setting next_dagrun for example_python_operator to None, run_after=None
[2024-08-20T03:43:18.047+0000] {processor.py:208} INFO - Processing /home/airflow/.local/lib/python3.12/site-packages/airflow/example_dags/example_python_operator.py took 0.111 seconds
[2024-08-20T03:43:48.311+0000] {processor.py:186} INFO - Started process (PID=722) to work on /home/airflow/.local/lib/python3.12/site-packages/airflow/example_dags/example_python_operator.py
[2024-08-20T03:43:48.313+0000] {processor.py:914} INFO - Processing file /home/airflow/.local/lib/python3.12/site-packages/airflow/example_dags/example_python_operator.py for tasks to queue
[2024-08-20T03:43:48.318+0000] {logging_mixin.py:190} INFO - [2024-08-20T03:43:48.317+0000] {dagbag.py:587} INFO - Filling up the DagBag from /home/airflow/.local/lib/python3.12/site-packages/airflow/example_dags/example_python_operator.py
[2024-08-20T03:43:48.336+0000] {processor.py:925} INFO - DAG(s) 'example_python_operator' retrieved from /home/airflow/.local/lib/python3.12/site-packages/airflow/example_dags/example_python_operator.py
[2024-08-20T03:43:48.368+0000] {logging_mixin.py:190} INFO - [2024-08-20T03:43:48.368+0000] {dag.py:3211} INFO - Sync 1 DAGs
[2024-08-20T03:43:48.387+0000] {logging_mixin.py:190} INFO - [2024-08-20T03:43:48.387+0000] {dag.py:4138} INFO - Setting next_dagrun for example_python_operator to None, run_after=None
[2024-08-20T03:43:48.411+0000] {processor.py:208} INFO - Processing /home/airflow/.local/lib/python3.12/site-packages/airflow/example_dags/example_python_operator.py took 0.107 seconds
[2024-08-20T03:44:18.877+0000] {processor.py:186} INFO - Started process (PID=784) to work on /home/airflow/.local/lib/python3.12/site-packages/airflow/example_dags/example_python_operator.py
[2024-08-20T03:44:18.878+0000] {processor.py:914} INFO - Processing file /home/airflow/.local/lib/python3.12/site-packages/airflow/example_dags/example_python_operator.py for tasks to queue
[2024-08-20T03:44:18.881+0000] {logging_mixin.py:190} INFO - [2024-08-20T03:44:18.880+0000] {dagbag.py:587} INFO - Filling up the DagBag from /home/airflow/.local/lib/python3.12/site-packages/airflow/example_dags/example_python_operator.py
[2024-08-20T03:44:18.894+0000] {processor.py:925} INFO - DAG(s) 'example_python_operator' retrieved from /home/airflow/.local/lib/python3.12/site-packages/airflow/example_dags/example_python_operator.py
[2024-08-20T03:44:18.920+0000] {logging_mixin.py:190} INFO - [2024-08-20T03:44:18.919+0000] {dag.py:3211} INFO - Sync 1 DAGs
[2024-08-20T03:44:18.937+0000] {logging_mixin.py:190} INFO - [2024-08-20T03:44:18.937+0000] {dag.py:4138} INFO - Setting next_dagrun for example_python_operator to None, run_after=None
[2024-08-20T03:44:18.961+0000] {processor.py:208} INFO - Processing /home/airflow/.local/lib/python3.12/site-packages/airflow/example_dags/example_python_operator.py took 0.092 seconds
[2024-08-20T03:44:49.753+0000] {processor.py:186} INFO - Started process (PID=846) to work on /home/airflow/.local/lib/python3.12/site-packages/airflow/example_dags/example_python_operator.py
[2024-08-20T03:44:49.755+0000] {processor.py:914} INFO - Processing file /home/airflow/.local/lib/python3.12/site-packages/airflow/example_dags/example_python_operator.py for tasks to queue
[2024-08-20T03:44:49.758+0000] {logging_mixin.py:190} INFO - [2024-08-20T03:44:49.757+0000] {dagbag.py:587} INFO - Filling up the DagBag from /home/airflow/.local/lib/python3.12/site-packages/airflow/example_dags/example_python_operator.py
[2024-08-20T03:44:49.770+0000] {processor.py:925} INFO - DAG(s) 'example_python_operator' retrieved from /home/airflow/.local/lib/python3.12/site-packages/airflow/example_dags/example_python_operator.py
[2024-08-20T03:44:49.798+0000] {logging_mixin.py:190} INFO - [2024-08-20T03:44:49.797+0000] {dag.py:3211} INFO - Sync 1 DAGs
[2024-08-20T03:44:49.814+0000] {logging_mixin.py:190} INFO - [2024-08-20T03:44:49.814+0000] {dag.py:4138} INFO - Setting next_dagrun for example_python_operator to None, run_after=None
[2024-08-20T03:44:49.835+0000] {processor.py:208} INFO - Processing /home/airflow/.local/lib/python3.12/site-packages/airflow/example_dags/example_python_operator.py took 0.087 seconds
[2024-08-20T03:45:20.430+0000] {processor.py:186} INFO - Started process (PID=908) to work on /home/airflow/.local/lib/python3.12/site-packages/airflow/example_dags/example_python_operator.py
[2024-08-20T03:45:20.431+0000] {processor.py:914} INFO - Processing file /home/airflow/.local/lib/python3.12/site-packages/airflow/example_dags/example_python_operator.py for tasks to queue
[2024-08-20T03:45:20.434+0000] {logging_mixin.py:190} INFO - [2024-08-20T03:45:20.434+0000] {dagbag.py:587} INFO - Filling up the DagBag from /home/airflow/.local/lib/python3.12/site-packages/airflow/example_dags/example_python_operator.py
[2024-08-20T03:45:20.451+0000] {processor.py:925} INFO - DAG(s) 'example_python_operator' retrieved from /home/airflow/.local/lib/python3.12/site-packages/airflow/example_dags/example_python_operator.py
[2024-08-20T03:45:20.480+0000] {logging_mixin.py:190} INFO - [2024-08-20T03:45:20.479+0000] {dag.py:3211} INFO - Sync 1 DAGs
[2024-08-20T03:45:20.498+0000] {logging_mixin.py:190} INFO - [2024-08-20T03:45:20.498+0000] {dag.py:4138} INFO - Setting next_dagrun for example_python_operator to None, run_after=None
[2024-08-20T03:45:20.523+0000] {processor.py:208} INFO - Processing /home/airflow/.local/lib/python3.12/site-packages/airflow/example_dags/example_python_operator.py took 0.102 seconds
[2024-08-20T03:45:50.894+0000] {processor.py:186} INFO - Started process (PID=970) to work on /home/airflow/.local/lib/python3.12/site-packages/airflow/example_dags/example_python_operator.py
[2024-08-20T03:45:50.895+0000] {processor.py:914} INFO - Processing file /home/airflow/.local/lib/python3.12/site-packages/airflow/example_dags/example_python_operator.py for tasks to queue
[2024-08-20T03:45:50.899+0000] {logging_mixin.py:190} INFO - [2024-08-20T03:45:50.898+0000] {dagbag.py:587} INFO - Filling up the DagBag from /home/airflow/.local/lib/python3.12/site-packages/airflow/example_dags/example_python_operator.py
[2024-08-20T03:45:50.914+0000] {processor.py:925} INFO - DAG(s) 'example_python_operator' retrieved from /home/airflow/.local/lib/python3.12/site-packages/airflow/example_dags/example_python_operator.py
[2024-08-20T03:45:50.941+0000] {logging_mixin.py:190} INFO - [2024-08-20T03:45:50.941+0000] {dag.py:3211} INFO - Sync 1 DAGs
[2024-08-20T03:45:50.960+0000] {logging_mixin.py:190} INFO - [2024-08-20T03:45:50.959+0000] {dag.py:4138} INFO - Setting next_dagrun for example_python_operator to None, run_after=None
[2024-08-20T03:45:50.984+0000] {processor.py:208} INFO - Processing /home/airflow/.local/lib/python3.12/site-packages/airflow/example_dags/example_python_operator.py took 0.099 seconds
[2024-08-20T03:46:21.593+0000] {processor.py:186} INFO - Started process (PID=1032) to work on /home/airflow/.local/lib/python3.12/site-packages/airflow/example_dags/example_python_operator.py
[2024-08-20T03:46:21.594+0000] {processor.py:914} INFO - Processing file /home/airflow/.local/lib/python3.12/site-packages/airflow/example_dags/example_python_operator.py for tasks to queue
[2024-08-20T03:46:21.597+0000] {logging_mixin.py:190} INFO - [2024-08-20T03:46:21.596+0000] {dagbag.py:587} INFO - Filling up the DagBag from /home/airflow/.local/lib/python3.12/site-packages/airflow/example_dags/example_python_operator.py
[2024-08-20T03:46:21.610+0000] {processor.py:925} INFO - DAG(s) 'example_python_operator' retrieved from /home/airflow/.local/lib/python3.12/site-packages/airflow/example_dags/example_python_operator.py
[2024-08-20T03:46:21.633+0000] {logging_mixin.py:190} INFO - [2024-08-20T03:46:21.633+0000] {dag.py:3211} INFO - Sync 1 DAGs
[2024-08-20T03:46:21.649+0000] {logging_mixin.py:190} INFO - [2024-08-20T03:46:21.649+0000] {dag.py:4138} INFO - Setting next_dagrun for example_python_operator to None, run_after=None
[2024-08-20T03:46:21.672+0000] {processor.py:208} INFO - Processing /home/airflow/.local/lib/python3.12/site-packages/airflow/example_dags/example_python_operator.py took 0.086 seconds
[2024-08-20T03:46:52.261+0000] {processor.py:186} INFO - Started process (PID=1094) to work on /home/airflow/.local/lib/python3.12/site-packages/airflow/example_dags/example_python_operator.py
[2024-08-20T03:46:52.262+0000] {processor.py:914} INFO - Processing file /home/airflow/.local/lib/python3.12/site-packages/airflow/example_dags/example_python_operator.py for tasks to queue
[2024-08-20T03:46:52.266+0000] {logging_mixin.py:190} INFO - [2024-08-20T03:46:52.265+0000] {dagbag.py:587} INFO - Filling up the DagBag from /home/airflow/.local/lib/python3.12/site-packages/airflow/example_dags/example_python_operator.py
[2024-08-20T03:46:52.281+0000] {processor.py:925} INFO - DAG(s) 'example_python_operator' retrieved from /home/airflow/.local/lib/python3.12/site-packages/airflow/example_dags/example_python_operator.py
[2024-08-20T03:46:52.311+0000] {logging_mixin.py:190} INFO - [2024-08-20T03:46:52.311+0000] {dag.py:3211} INFO - Sync 1 DAGs
[2024-08-20T03:46:52.333+0000] {logging_mixin.py:190} INFO - [2024-08-20T03:46:52.333+0000] {dag.py:4138} INFO - Setting next_dagrun for example_python_operator to None, run_after=None
[2024-08-20T03:46:52.359+0000] {processor.py:208} INFO - Processing /home/airflow/.local/lib/python3.12/site-packages/airflow/example_dags/example_python_operator.py took 0.108 seconds
[2024-08-20T03:47:23.027+0000] {processor.py:186} INFO - Started process (PID=1156) to work on /home/airflow/.local/lib/python3.12/site-packages/airflow/example_dags/example_python_operator.py
[2024-08-20T03:47:23.028+0000] {processor.py:914} INFO - Processing file /home/airflow/.local/lib/python3.12/site-packages/airflow/example_dags/example_python_operator.py for tasks to queue
[2024-08-20T03:47:23.031+0000] {logging_mixin.py:190} INFO - [2024-08-20T03:47:23.031+0000] {dagbag.py:587} INFO - Filling up the DagBag from /home/airflow/.local/lib/python3.12/site-packages/airflow/example_dags/example_python_operator.py
[2024-08-20T03:47:23.048+0000] {processor.py:925} INFO - DAG(s) 'example_python_operator' retrieved from /home/airflow/.local/lib/python3.12/site-packages/airflow/example_dags/example_python_operator.py
[2024-08-20T03:47:23.076+0000] {logging_mixin.py:190} INFO - [2024-08-20T03:47:23.075+0000] {dag.py:3211} INFO - Sync 1 DAGs
[2024-08-20T03:47:23.094+0000] {logging_mixin.py:190} INFO - [2024-08-20T03:47:23.093+0000] {dag.py:4138} INFO - Setting next_dagrun for example_python_operator to None, run_after=None
[2024-08-20T03:47:23.120+0000] {processor.py:208} INFO - Processing /home/airflow/.local/lib/python3.12/site-packages/airflow/example_dags/example_python_operator.py took 0.102 seconds
[2024-08-20T03:47:53.648+0000] {processor.py:186} INFO - Started process (PID=1219) to work on /home/airflow/.local/lib/python3.12/site-packages/airflow/example_dags/example_python_operator.py
[2024-08-20T03:47:53.649+0000] {processor.py:914} INFO - Processing file /home/airflow/.local/lib/python3.12/site-packages/airflow/example_dags/example_python_operator.py for tasks to queue
[2024-08-20T03:47:53.652+0000] {logging_mixin.py:190} INFO - [2024-08-20T03:47:53.652+0000] {dagbag.py:587} INFO - Filling up the DagBag from /home/airflow/.local/lib/python3.12/site-packages/airflow/example_dags/example_python_operator.py
[2024-08-20T03:47:53.669+0000] {processor.py:925} INFO - DAG(s) 'example_python_operator' retrieved from /home/airflow/.local/lib/python3.12/site-packages/airflow/example_dags/example_python_operator.py
[2024-08-20T03:47:53.696+0000] {logging_mixin.py:190} INFO - [2024-08-20T03:47:53.695+0000] {dag.py:3211} INFO - Sync 1 DAGs
[2024-08-20T03:47:53.713+0000] {logging_mixin.py:190} INFO - [2024-08-20T03:47:53.712+0000] {dag.py:4138} INFO - Setting next_dagrun for example_python_operator to None, run_after=None
[2024-08-20T03:47:53.735+0000] {processor.py:208} INFO - Processing /home/airflow/.local/lib/python3.12/site-packages/airflow/example_dags/example_python_operator.py took 0.094 seconds
[2024-08-20T03:48:24.365+0000] {processor.py:186} INFO - Started process (PID=1287) to work on /home/airflow/.local/lib/python3.12/site-packages/airflow/example_dags/example_python_operator.py
[2024-08-20T03:48:24.366+0000] {processor.py:914} INFO - Processing file /home/airflow/.local/lib/python3.12/site-packages/airflow/example_dags/example_python_operator.py for tasks to queue
[2024-08-20T03:48:24.368+0000] {logging_mixin.py:190} INFO - [2024-08-20T03:48:24.368+0000] {dagbag.py:587} INFO - Filling up the DagBag from /home/airflow/.local/lib/python3.12/site-packages/airflow/example_dags/example_python_operator.py
[2024-08-20T03:48:24.383+0000] {processor.py:925} INFO - DAG(s) 'example_python_operator' retrieved from /home/airflow/.local/lib/python3.12/site-packages/airflow/example_dags/example_python_operator.py
[2024-08-20T03:48:24.405+0000] {logging_mixin.py:190} INFO - [2024-08-20T03:48:24.405+0000] {dag.py:3211} INFO - Sync 1 DAGs
[2024-08-20T03:48:24.421+0000] {logging_mixin.py:190} INFO - [2024-08-20T03:48:24.421+0000] {dag.py:4138} INFO - Setting next_dagrun for example_python_operator to None, run_after=None
[2024-08-20T03:48:24.444+0000] {processor.py:208} INFO - Processing /home/airflow/.local/lib/python3.12/site-packages/airflow/example_dags/example_python_operator.py took 0.086 seconds
[2024-08-20T03:51:15.642+0000] {processor.py:186} INFO - Started process (PID=99) to work on /home/airflow/.local/lib/python3.12/site-packages/airflow/example_dags/example_python_operator.py
[2024-08-20T03:51:15.644+0000] {processor.py:914} INFO - Processing file /home/airflow/.local/lib/python3.12/site-packages/airflow/example_dags/example_python_operator.py for tasks to queue
[2024-08-20T03:51:15.647+0000] {logging_mixin.py:190} INFO - [2024-08-20T03:51:15.647+0000] {dagbag.py:587} INFO - Filling up the DagBag from /home/airflow/.local/lib/python3.12/site-packages/airflow/example_dags/example_python_operator.py
[2024-08-20T03:51:15.666+0000] {processor.py:925} INFO - DAG(s) 'example_python_operator' retrieved from /home/airflow/.local/lib/python3.12/site-packages/airflow/example_dags/example_python_operator.py
[2024-08-20T03:51:15.804+0000] {logging_mixin.py:190} INFO - [2024-08-20T03:51:15.804+0000] {dag.py:3211} INFO - Sync 1 DAGs
[2024-08-20T03:51:15.832+0000] {logging_mixin.py:190} INFO - [2024-08-20T03:51:15.831+0000] {dag.py:4138} INFO - Setting next_dagrun for example_python_operator to None, run_after=None
[2024-08-20T03:51:15.873+0000] {processor.py:208} INFO - Processing /home/airflow/.local/lib/python3.12/site-packages/airflow/example_dags/example_python_operator.py took 0.238 seconds
[2024-08-20T03:51:46.350+0000] {processor.py:186} INFO - Started process (PID=162) to work on /home/airflow/.local/lib/python3.12/site-packages/airflow/example_dags/example_python_operator.py
[2024-08-20T03:51:46.351+0000] {processor.py:914} INFO - Processing file /home/airflow/.local/lib/python3.12/site-packages/airflow/example_dags/example_python_operator.py for tasks to queue
[2024-08-20T03:51:46.354+0000] {logging_mixin.py:190} INFO - [2024-08-20T03:51:46.354+0000] {dagbag.py:587} INFO - Filling up the DagBag from /home/airflow/.local/lib/python3.12/site-packages/airflow/example_dags/example_python_operator.py
[2024-08-20T03:51:46.367+0000] {processor.py:925} INFO - DAG(s) 'example_python_operator' retrieved from /home/airflow/.local/lib/python3.12/site-packages/airflow/example_dags/example_python_operator.py
[2024-08-20T03:51:46.395+0000] {logging_mixin.py:190} INFO - [2024-08-20T03:51:46.395+0000] {dag.py:3211} INFO - Sync 1 DAGs
[2024-08-20T03:51:46.411+0000] {logging_mixin.py:190} INFO - [2024-08-20T03:51:46.411+0000] {dag.py:4138} INFO - Setting next_dagrun for example_python_operator to None, run_after=None
[2024-08-20T03:51:46.431+0000] {processor.py:208} INFO - Processing /home/airflow/.local/lib/python3.12/site-packages/airflow/example_dags/example_python_operator.py took 0.087 seconds
[2024-08-20T03:52:16.983+0000] {processor.py:186} INFO - Started process (PID=225) to work on /home/airflow/.local/lib/python3.12/site-packages/airflow/example_dags/example_python_operator.py
[2024-08-20T03:52:16.984+0000] {processor.py:914} INFO - Processing file /home/airflow/.local/lib/python3.12/site-packages/airflow/example_dags/example_python_operator.py for tasks to queue
[2024-08-20T03:52:16.987+0000] {logging_mixin.py:190} INFO - [2024-08-20T03:52:16.987+0000] {dagbag.py:587} INFO - Filling up the DagBag from /home/airflow/.local/lib/python3.12/site-packages/airflow/example_dags/example_python_operator.py
[2024-08-20T03:52:17.001+0000] {processor.py:925} INFO - DAG(s) 'example_python_operator' retrieved from /home/airflow/.local/lib/python3.12/site-packages/airflow/example_dags/example_python_operator.py
[2024-08-20T03:52:17.027+0000] {logging_mixin.py:190} INFO - [2024-08-20T03:52:17.027+0000] {dag.py:3211} INFO - Sync 1 DAGs
[2024-08-20T03:52:17.043+0000] {logging_mixin.py:190} INFO - [2024-08-20T03:52:17.043+0000] {dag.py:4138} INFO - Setting next_dagrun for example_python_operator to None, run_after=None
[2024-08-20T03:52:17.066+0000] {processor.py:208} INFO - Processing /home/airflow/.local/lib/python3.12/site-packages/airflow/example_dags/example_python_operator.py took 0.090 seconds
[2024-08-20T03:52:47.929+0000] {processor.py:186} INFO - Started process (PID=287) to work on /home/airflow/.local/lib/python3.12/site-packages/airflow/example_dags/example_python_operator.py
[2024-08-20T03:52:47.932+0000] {processor.py:914} INFO - Processing file /home/airflow/.local/lib/python3.12/site-packages/airflow/example_dags/example_python_operator.py for tasks to queue
[2024-08-20T03:52:47.935+0000] {logging_mixin.py:190} INFO - [2024-08-20T03:52:47.934+0000] {dagbag.py:587} INFO - Filling up the DagBag from /home/airflow/.local/lib/python3.12/site-packages/airflow/example_dags/example_python_operator.py
[2024-08-20T03:52:47.946+0000] {processor.py:925} INFO - DAG(s) 'example_python_operator' retrieved from /home/airflow/.local/lib/python3.12/site-packages/airflow/example_dags/example_python_operator.py
[2024-08-20T03:52:47.975+0000] {logging_mixin.py:190} INFO - [2024-08-20T03:52:47.975+0000] {dag.py:3211} INFO - Sync 1 DAGs
[2024-08-20T03:52:47.993+0000] {logging_mixin.py:190} INFO - [2024-08-20T03:52:47.993+0000] {dag.py:4138} INFO - Setting next_dagrun for example_python_operator to None, run_after=None
[2024-08-20T03:52:48.018+0000] {processor.py:208} INFO - Processing /home/airflow/.local/lib/python3.12/site-packages/airflow/example_dags/example_python_operator.py took 0.095 seconds
[2024-08-20T03:53:19.121+0000] {processor.py:186} INFO - Started process (PID=349) to work on /home/airflow/.local/lib/python3.12/site-packages/airflow/example_dags/example_python_operator.py
[2024-08-20T03:53:19.123+0000] {processor.py:914} INFO - Processing file /home/airflow/.local/lib/python3.12/site-packages/airflow/example_dags/example_python_operator.py for tasks to queue
[2024-08-20T03:53:19.126+0000] {logging_mixin.py:190} INFO - [2024-08-20T03:53:19.126+0000] {dagbag.py:587} INFO - Filling up the DagBag from /home/airflow/.local/lib/python3.12/site-packages/airflow/example_dags/example_python_operator.py
[2024-08-20T03:53:19.147+0000] {processor.py:925} INFO - DAG(s) 'example_python_operator' retrieved from /home/airflow/.local/lib/python3.12/site-packages/airflow/example_dags/example_python_operator.py
[2024-08-20T03:53:19.181+0000] {logging_mixin.py:190} INFO - [2024-08-20T03:53:19.181+0000] {dag.py:3211} INFO - Sync 1 DAGs
[2024-08-20T03:53:19.205+0000] {logging_mixin.py:190} INFO - [2024-08-20T03:53:19.204+0000] {dag.py:4138} INFO - Setting next_dagrun for example_python_operator to None, run_after=None
[2024-08-20T03:53:19.240+0000] {processor.py:208} INFO - Processing /home/airflow/.local/lib/python3.12/site-packages/airflow/example_dags/example_python_operator.py took 0.130 seconds
[2024-08-20T03:53:49.556+0000] {processor.py:186} INFO - Started process (PID=411) to work on /home/airflow/.local/lib/python3.12/site-packages/airflow/example_dags/example_python_operator.py
[2024-08-20T03:53:49.557+0000] {processor.py:914} INFO - Processing file /home/airflow/.local/lib/python3.12/site-packages/airflow/example_dags/example_python_operator.py for tasks to queue
[2024-08-20T03:53:49.559+0000] {logging_mixin.py:190} INFO - [2024-08-20T03:53:49.559+0000] {dagbag.py:587} INFO - Filling up the DagBag from /home/airflow/.local/lib/python3.12/site-packages/airflow/example_dags/example_python_operator.py
[2024-08-20T03:53:49.574+0000] {processor.py:925} INFO - DAG(s) 'example_python_operator' retrieved from /home/airflow/.local/lib/python3.12/site-packages/airflow/example_dags/example_python_operator.py
[2024-08-20T03:53:49.602+0000] {logging_mixin.py:190} INFO - [2024-08-20T03:53:49.601+0000] {dag.py:3211} INFO - Sync 1 DAGs
[2024-08-20T03:53:49.619+0000] {logging_mixin.py:190} INFO - [2024-08-20T03:53:49.619+0000] {dag.py:4138} INFO - Setting next_dagrun for example_python_operator to None, run_after=None
[2024-08-20T03:53:49.638+0000] {processor.py:208} INFO - Processing /home/airflow/.local/lib/python3.12/site-packages/airflow/example_dags/example_python_operator.py took 0.089 seconds
[2024-08-20T03:54:19.974+0000] {processor.py:186} INFO - Started process (PID=473) to work on /home/airflow/.local/lib/python3.12/site-packages/airflow/example_dags/example_python_operator.py
[2024-08-20T03:54:19.975+0000] {processor.py:914} INFO - Processing file /home/airflow/.local/lib/python3.12/site-packages/airflow/example_dags/example_python_operator.py for tasks to queue
[2024-08-20T03:54:19.978+0000] {logging_mixin.py:190} INFO - [2024-08-20T03:54:19.977+0000] {dagbag.py:587} INFO - Filling up the DagBag from /home/airflow/.local/lib/python3.12/site-packages/airflow/example_dags/example_python_operator.py
[2024-08-20T03:54:19.992+0000] {processor.py:925} INFO - DAG(s) 'example_python_operator' retrieved from /home/airflow/.local/lib/python3.12/site-packages/airflow/example_dags/example_python_operator.py
[2024-08-20T03:54:20.018+0000] {logging_mixin.py:190} INFO - [2024-08-20T03:54:20.018+0000] {dag.py:3211} INFO - Sync 1 DAGs
[2024-08-20T03:54:20.037+0000] {logging_mixin.py:190} INFO - [2024-08-20T03:54:20.037+0000] {dag.py:4138} INFO - Setting next_dagrun for example_python_operator to None, run_after=None
[2024-08-20T03:54:20.061+0000] {processor.py:208} INFO - Processing /home/airflow/.local/lib/python3.12/site-packages/airflow/example_dags/example_python_operator.py took 0.094 seconds
[2024-08-20T03:54:50.644+0000] {processor.py:186} INFO - Started process (PID=535) to work on /home/airflow/.local/lib/python3.12/site-packages/airflow/example_dags/example_python_operator.py
[2024-08-20T03:54:50.645+0000] {processor.py:914} INFO - Processing file /home/airflow/.local/lib/python3.12/site-packages/airflow/example_dags/example_python_operator.py for tasks to queue
[2024-08-20T03:54:50.648+0000] {logging_mixin.py:190} INFO - [2024-08-20T03:54:50.648+0000] {dagbag.py:587} INFO - Filling up the DagBag from /home/airflow/.local/lib/python3.12/site-packages/airflow/example_dags/example_python_operator.py
[2024-08-20T03:54:50.668+0000] {processor.py:925} INFO - DAG(s) 'example_python_operator' retrieved from /home/airflow/.local/lib/python3.12/site-packages/airflow/example_dags/example_python_operator.py
[2024-08-20T03:54:50.696+0000] {logging_mixin.py:190} INFO - [2024-08-20T03:54:50.695+0000] {dag.py:3211} INFO - Sync 1 DAGs
[2024-08-20T03:54:50.711+0000] {logging_mixin.py:190} INFO - [2024-08-20T03:54:50.711+0000] {dag.py:4138} INFO - Setting next_dagrun for example_python_operator to None, run_after=None
[2024-08-20T03:54:50.740+0000] {processor.py:208} INFO - Processing /home/airflow/.local/lib/python3.12/site-packages/airflow/example_dags/example_python_operator.py took 0.104 seconds
[2024-08-20T03:55:21.318+0000] {processor.py:186} INFO - Started process (PID=597) to work on /home/airflow/.local/lib/python3.12/site-packages/airflow/example_dags/example_python_operator.py
[2024-08-20T03:55:21.320+0000] {processor.py:914} INFO - Processing file /home/airflow/.local/lib/python3.12/site-packages/airflow/example_dags/example_python_operator.py for tasks to queue
[2024-08-20T03:55:21.323+0000] {logging_mixin.py:190} INFO - [2024-08-20T03:55:21.322+0000] {dagbag.py:587} INFO - Filling up the DagBag from /home/airflow/.local/lib/python3.12/site-packages/airflow/example_dags/example_python_operator.py
[2024-08-20T03:55:21.341+0000] {processor.py:925} INFO - DAG(s) 'example_python_operator' retrieved from /home/airflow/.local/lib/python3.12/site-packages/airflow/example_dags/example_python_operator.py
[2024-08-20T03:55:21.375+0000] {logging_mixin.py:190} INFO - [2024-08-20T03:55:21.374+0000] {dag.py:3211} INFO - Sync 1 DAGs
[2024-08-20T03:55:21.394+0000] {logging_mixin.py:190} INFO - [2024-08-20T03:55:21.393+0000] {dag.py:4138} INFO - Setting next_dagrun for example_python_operator to None, run_after=None
[2024-08-20T03:55:21.421+0000] {processor.py:208} INFO - Processing /home/airflow/.local/lib/python3.12/site-packages/airflow/example_dags/example_python_operator.py took 0.110 seconds
[2024-08-20T03:55:52.696+0000] {processor.py:186} INFO - Started process (PID=659) to work on /home/airflow/.local/lib/python3.12/site-packages/airflow/example_dags/example_python_operator.py
[2024-08-20T03:55:52.697+0000] {processor.py:914} INFO - Processing file /home/airflow/.local/lib/python3.12/site-packages/airflow/example_dags/example_python_operator.py for tasks to queue
[2024-08-20T03:55:52.701+0000] {logging_mixin.py:190} INFO - [2024-08-20T03:55:52.701+0000] {dagbag.py:587} INFO - Filling up the DagBag from /home/airflow/.local/lib/python3.12/site-packages/airflow/example_dags/example_python_operator.py
[2024-08-20T03:55:52.718+0000] {processor.py:925} INFO - DAG(s) 'example_python_operator' retrieved from /home/airflow/.local/lib/python3.12/site-packages/airflow/example_dags/example_python_operator.py
[2024-08-20T03:55:52.756+0000] {logging_mixin.py:190} INFO - [2024-08-20T03:55:52.755+0000] {dag.py:3211} INFO - Sync 1 DAGs
[2024-08-20T03:55:52.775+0000] {logging_mixin.py:190} INFO - [2024-08-20T03:55:52.775+0000] {dag.py:4138} INFO - Setting next_dagrun for example_python_operator to None, run_after=None
[2024-08-20T03:55:52.802+0000] {processor.py:208} INFO - Processing /home/airflow/.local/lib/python3.12/site-packages/airflow/example_dags/example_python_operator.py took 0.114 seconds
[2024-08-20T03:56:23.671+0000] {processor.py:186} INFO - Started process (PID=721) to work on /home/airflow/.local/lib/python3.12/site-packages/airflow/example_dags/example_python_operator.py
[2024-08-20T03:56:23.672+0000] {processor.py:914} INFO - Processing file /home/airflow/.local/lib/python3.12/site-packages/airflow/example_dags/example_python_operator.py for tasks to queue
[2024-08-20T03:56:23.674+0000] {logging_mixin.py:190} INFO - [2024-08-20T03:56:23.674+0000] {dagbag.py:587} INFO - Filling up the DagBag from /home/airflow/.local/lib/python3.12/site-packages/airflow/example_dags/example_python_operator.py
[2024-08-20T03:56:23.686+0000] {processor.py:925} INFO - DAG(s) 'example_python_operator' retrieved from /home/airflow/.local/lib/python3.12/site-packages/airflow/example_dags/example_python_operator.py
[2024-08-20T03:56:23.708+0000] {logging_mixin.py:190} INFO - [2024-08-20T03:56:23.708+0000] {dag.py:3211} INFO - Sync 1 DAGs
[2024-08-20T03:56:23.724+0000] {logging_mixin.py:190} INFO - [2024-08-20T03:56:23.724+0000] {dag.py:4138} INFO - Setting next_dagrun for example_python_operator to None, run_after=None
[2024-08-20T03:56:23.744+0000] {processor.py:208} INFO - Processing /home/airflow/.local/lib/python3.12/site-packages/airflow/example_dags/example_python_operator.py took 0.079 seconds
[2024-08-20T03:56:54.055+0000] {processor.py:186} INFO - Started process (PID=783) to work on /home/airflow/.local/lib/python3.12/site-packages/airflow/example_dags/example_python_operator.py
[2024-08-20T03:56:54.057+0000] {processor.py:914} INFO - Processing file /home/airflow/.local/lib/python3.12/site-packages/airflow/example_dags/example_python_operator.py for tasks to queue
[2024-08-20T03:56:54.060+0000] {logging_mixin.py:190} INFO - [2024-08-20T03:56:54.059+0000] {dagbag.py:587} INFO - Filling up the DagBag from /home/airflow/.local/lib/python3.12/site-packages/airflow/example_dags/example_python_operator.py
[2024-08-20T03:56:54.072+0000] {processor.py:925} INFO - DAG(s) 'example_python_operator' retrieved from /home/airflow/.local/lib/python3.12/site-packages/airflow/example_dags/example_python_operator.py
[2024-08-20T03:56:54.098+0000] {logging_mixin.py:190} INFO - [2024-08-20T03:56:54.098+0000] {dag.py:3211} INFO - Sync 1 DAGs
[2024-08-20T03:56:54.116+0000] {logging_mixin.py:190} INFO - [2024-08-20T03:56:54.116+0000] {dag.py:4138} INFO - Setting next_dagrun for example_python_operator to None, run_after=None
[2024-08-20T03:56:54.138+0000] {processor.py:208} INFO - Processing /home/airflow/.local/lib/python3.12/site-packages/airflow/example_dags/example_python_operator.py took 0.089 seconds
[2024-08-20T03:57:24.517+0000] {processor.py:186} INFO - Started process (PID=845) to work on /home/airflow/.local/lib/python3.12/site-packages/airflow/example_dags/example_python_operator.py
[2024-08-20T03:57:24.518+0000] {processor.py:914} INFO - Processing file /home/airflow/.local/lib/python3.12/site-packages/airflow/example_dags/example_python_operator.py for tasks to queue
[2024-08-20T03:57:24.521+0000] {logging_mixin.py:190} INFO - [2024-08-20T03:57:24.521+0000] {dagbag.py:587} INFO - Filling up the DagBag from /home/airflow/.local/lib/python3.12/site-packages/airflow/example_dags/example_python_operator.py
[2024-08-20T03:57:24.535+0000] {processor.py:925} INFO - DAG(s) 'example_python_operator' retrieved from /home/airflow/.local/lib/python3.12/site-packages/airflow/example_dags/example_python_operator.py
[2024-08-20T03:57:24.561+0000] {logging_mixin.py:190} INFO - [2024-08-20T03:57:24.561+0000] {dag.py:3211} INFO - Sync 1 DAGs
[2024-08-20T03:57:24.578+0000] {logging_mixin.py:190} INFO - [2024-08-20T03:57:24.578+0000] {dag.py:4138} INFO - Setting next_dagrun for example_python_operator to None, run_after=None
[2024-08-20T03:57:24.600+0000] {processor.py:208} INFO - Processing /home/airflow/.local/lib/python3.12/site-packages/airflow/example_dags/example_python_operator.py took 0.090 seconds
[2024-08-20T03:57:55.021+0000] {processor.py:186} INFO - Started process (PID=907) to work on /home/airflow/.local/lib/python3.12/site-packages/airflow/example_dags/example_python_operator.py
[2024-08-20T03:57:55.023+0000] {processor.py:914} INFO - Processing file /home/airflow/.local/lib/python3.12/site-packages/airflow/example_dags/example_python_operator.py for tasks to queue
[2024-08-20T03:57:55.027+0000] {logging_mixin.py:190} INFO - [2024-08-20T03:57:55.026+0000] {dagbag.py:587} INFO - Filling up the DagBag from /home/airflow/.local/lib/python3.12/site-packages/airflow/example_dags/example_python_operator.py
[2024-08-20T03:57:55.045+0000] {processor.py:925} INFO - DAG(s) 'example_python_operator' retrieved from /home/airflow/.local/lib/python3.12/site-packages/airflow/example_dags/example_python_operator.py
[2024-08-20T03:57:55.071+0000] {logging_mixin.py:190} INFO - [2024-08-20T03:57:55.071+0000] {dag.py:3211} INFO - Sync 1 DAGs
[2024-08-20T03:57:55.090+0000] {logging_mixin.py:190} INFO - [2024-08-20T03:57:55.090+0000] {dag.py:4138} INFO - Setting next_dagrun for example_python_operator to None, run_after=None
[2024-08-20T03:57:55.110+0000] {processor.py:208} INFO - Processing /home/airflow/.local/lib/python3.12/site-packages/airflow/example_dags/example_python_operator.py took 0.096 seconds
[2024-08-20T03:58:25.732+0000] {processor.py:186} INFO - Started process (PID=969) to work on /home/airflow/.local/lib/python3.12/site-packages/airflow/example_dags/example_python_operator.py
[2024-08-20T03:58:25.734+0000] {processor.py:914} INFO - Processing file /home/airflow/.local/lib/python3.12/site-packages/airflow/example_dags/example_python_operator.py for tasks to queue
[2024-08-20T03:58:25.736+0000] {logging_mixin.py:190} INFO - [2024-08-20T03:58:25.736+0000] {dagbag.py:587} INFO - Filling up the DagBag from /home/airflow/.local/lib/python3.12/site-packages/airflow/example_dags/example_python_operator.py
[2024-08-20T03:58:25.753+0000] {processor.py:925} INFO - DAG(s) 'example_python_operator' retrieved from /home/airflow/.local/lib/python3.12/site-packages/airflow/example_dags/example_python_operator.py
[2024-08-20T03:58:25.781+0000] {logging_mixin.py:190} INFO - [2024-08-20T03:58:25.781+0000] {dag.py:3211} INFO - Sync 1 DAGs
[2024-08-20T03:58:25.801+0000] {logging_mixin.py:190} INFO - [2024-08-20T03:58:25.800+0000] {dag.py:4138} INFO - Setting next_dagrun for example_python_operator to None, run_after=None
[2024-08-20T03:58:25.826+0000] {processor.py:208} INFO - Processing /home/airflow/.local/lib/python3.12/site-packages/airflow/example_dags/example_python_operator.py took 0.102 seconds
[2024-08-20T03:58:56.216+0000] {processor.py:186} INFO - Started process (PID=1031) to work on /home/airflow/.local/lib/python3.12/site-packages/airflow/example_dags/example_python_operator.py
[2024-08-20T03:58:56.218+0000] {processor.py:914} INFO - Processing file /home/airflow/.local/lib/python3.12/site-packages/airflow/example_dags/example_python_operator.py for tasks to queue
[2024-08-20T03:58:56.220+0000] {logging_mixin.py:190} INFO - [2024-08-20T03:58:56.220+0000] {dagbag.py:587} INFO - Filling up the DagBag from /home/airflow/.local/lib/python3.12/site-packages/airflow/example_dags/example_python_operator.py
[2024-08-20T03:58:56.234+0000] {processor.py:925} INFO - DAG(s) 'example_python_operator' retrieved from /home/airflow/.local/lib/python3.12/site-packages/airflow/example_dags/example_python_operator.py
[2024-08-20T03:58:56.259+0000] {logging_mixin.py:190} INFO - [2024-08-20T03:58:56.259+0000] {dag.py:3211} INFO - Sync 1 DAGs
[2024-08-20T03:58:56.281+0000] {logging_mixin.py:190} INFO - [2024-08-20T03:58:56.280+0000] {dag.py:4138} INFO - Setting next_dagrun for example_python_operator to None, run_after=None
[2024-08-20T03:58:56.303+0000] {processor.py:208} INFO - Processing /home/airflow/.local/lib/python3.12/site-packages/airflow/example_dags/example_python_operator.py took 0.094 seconds
[2024-08-20T03:59:27.041+0000] {processor.py:186} INFO - Started process (PID=1093) to work on /home/airflow/.local/lib/python3.12/site-packages/airflow/example_dags/example_python_operator.py
[2024-08-20T03:59:27.042+0000] {processor.py:914} INFO - Processing file /home/airflow/.local/lib/python3.12/site-packages/airflow/example_dags/example_python_operator.py for tasks to queue
[2024-08-20T03:59:27.045+0000] {logging_mixin.py:190} INFO - [2024-08-20T03:59:27.045+0000] {dagbag.py:587} INFO - Filling up the DagBag from /home/airflow/.local/lib/python3.12/site-packages/airflow/example_dags/example_python_operator.py
[2024-08-20T03:59:27.060+0000] {processor.py:925} INFO - DAG(s) 'example_python_operator' retrieved from /home/airflow/.local/lib/python3.12/site-packages/airflow/example_dags/example_python_operator.py
[2024-08-20T03:59:27.088+0000] {logging_mixin.py:190} INFO - [2024-08-20T03:59:27.088+0000] {dag.py:3211} INFO - Sync 1 DAGs
[2024-08-20T03:59:27.108+0000] {logging_mixin.py:190} INFO - [2024-08-20T03:59:27.107+0000] {dag.py:4138} INFO - Setting next_dagrun for example_python_operator to None, run_after=None
[2024-08-20T03:59:27.132+0000] {processor.py:208} INFO - Processing /home/airflow/.local/lib/python3.12/site-packages/airflow/example_dags/example_python_operator.py took 0.098 seconds
[2024-08-20T03:59:57.489+0000] {processor.py:186} INFO - Started process (PID=1155) to work on /home/airflow/.local/lib/python3.12/site-packages/airflow/example_dags/example_python_operator.py
[2024-08-20T03:59:57.491+0000] {processor.py:914} INFO - Processing file /home/airflow/.local/lib/python3.12/site-packages/airflow/example_dags/example_python_operator.py for tasks to queue
[2024-08-20T03:59:57.493+0000] {logging_mixin.py:190} INFO - [2024-08-20T03:59:57.493+0000] {dagbag.py:587} INFO - Filling up the DagBag from /home/airflow/.local/lib/python3.12/site-packages/airflow/example_dags/example_python_operator.py
[2024-08-20T03:59:57.511+0000] {processor.py:925} INFO - DAG(s) 'example_python_operator' retrieved from /home/airflow/.local/lib/python3.12/site-packages/airflow/example_dags/example_python_operator.py
[2024-08-20T03:59:57.543+0000] {logging_mixin.py:190} INFO - [2024-08-20T03:59:57.543+0000] {dag.py:3211} INFO - Sync 1 DAGs
[2024-08-20T03:59:57.559+0000] {logging_mixin.py:190} INFO - [2024-08-20T03:59:57.559+0000] {dag.py:4138} INFO - Setting next_dagrun for example_python_operator to None, run_after=None
[2024-08-20T03:59:57.589+0000] {processor.py:208} INFO - Processing /home/airflow/.local/lib/python3.12/site-packages/airflow/example_dags/example_python_operator.py took 0.108 seconds
[2024-08-20T04:00:28.006+0000] {processor.py:186} INFO - Started process (PID=1217) to work on /home/airflow/.local/lib/python3.12/site-packages/airflow/example_dags/example_python_operator.py
[2024-08-20T04:00:28.008+0000] {processor.py:914} INFO - Processing file /home/airflow/.local/lib/python3.12/site-packages/airflow/example_dags/example_python_operator.py for tasks to queue
[2024-08-20T04:00:28.010+0000] {logging_mixin.py:190} INFO - [2024-08-20T04:00:28.010+0000] {dagbag.py:587} INFO - Filling up the DagBag from /home/airflow/.local/lib/python3.12/site-packages/airflow/example_dags/example_python_operator.py
[2024-08-20T04:00:28.024+0000] {processor.py:925} INFO - DAG(s) 'example_python_operator' retrieved from /home/airflow/.local/lib/python3.12/site-packages/airflow/example_dags/example_python_operator.py
[2024-08-20T04:00:28.051+0000] {logging_mixin.py:190} INFO - [2024-08-20T04:00:28.050+0000] {dag.py:3211} INFO - Sync 1 DAGs
[2024-08-20T04:00:28.066+0000] {logging_mixin.py:190} INFO - [2024-08-20T04:00:28.066+0000] {dag.py:4138} INFO - Setting next_dagrun for example_python_operator to None, run_after=None
[2024-08-20T04:00:28.087+0000] {processor.py:208} INFO - Processing /home/airflow/.local/lib/python3.12/site-packages/airflow/example_dags/example_python_operator.py took 0.087 seconds
[2024-08-20T04:00:58.389+0000] {processor.py:186} INFO - Started process (PID=1279) to work on /home/airflow/.local/lib/python3.12/site-packages/airflow/example_dags/example_python_operator.py
[2024-08-20T04:00:58.391+0000] {processor.py:914} INFO - Processing file /home/airflow/.local/lib/python3.12/site-packages/airflow/example_dags/example_python_operator.py for tasks to queue
[2024-08-20T04:00:58.393+0000] {logging_mixin.py:190} INFO - [2024-08-20T04:00:58.393+0000] {dagbag.py:587} INFO - Filling up the DagBag from /home/airflow/.local/lib/python3.12/site-packages/airflow/example_dags/example_python_operator.py
[2024-08-20T04:00:58.412+0000] {processor.py:925} INFO - DAG(s) 'example_python_operator' retrieved from /home/airflow/.local/lib/python3.12/site-packages/airflow/example_dags/example_python_operator.py
[2024-08-20T04:00:58.444+0000] {logging_mixin.py:190} INFO - [2024-08-20T04:00:58.444+0000] {dag.py:3211} INFO - Sync 1 DAGs
[2024-08-20T04:00:58.463+0000] {logging_mixin.py:190} INFO - [2024-08-20T04:00:58.463+0000] {dag.py:4138} INFO - Setting next_dagrun for example_python_operator to None, run_after=None
[2024-08-20T04:00:58.488+0000] {processor.py:208} INFO - Processing /home/airflow/.local/lib/python3.12/site-packages/airflow/example_dags/example_python_operator.py took 0.108 seconds
[2024-08-20T04:01:28.946+0000] {processor.py:186} INFO - Started process (PID=1341) to work on /home/airflow/.local/lib/python3.12/site-packages/airflow/example_dags/example_python_operator.py
[2024-08-20T04:01:28.947+0000] {processor.py:914} INFO - Processing file /home/airflow/.local/lib/python3.12/site-packages/airflow/example_dags/example_python_operator.py for tasks to queue
[2024-08-20T04:01:28.952+0000] {logging_mixin.py:190} INFO - [2024-08-20T04:01:28.951+0000] {dagbag.py:587} INFO - Filling up the DagBag from /home/airflow/.local/lib/python3.12/site-packages/airflow/example_dags/example_python_operator.py
[2024-08-20T04:01:28.971+0000] {processor.py:925} INFO - DAG(s) 'example_python_operator' retrieved from /home/airflow/.local/lib/python3.12/site-packages/airflow/example_dags/example_python_operator.py
[2024-08-20T04:01:29.005+0000] {logging_mixin.py:190} INFO - [2024-08-20T04:01:29.004+0000] {dag.py:3211} INFO - Sync 1 DAGs
[2024-08-20T04:01:29.025+0000] {logging_mixin.py:190} INFO - [2024-08-20T04:01:29.025+0000] {dag.py:4138} INFO - Setting next_dagrun for example_python_operator to None, run_after=None
[2024-08-20T04:01:29.051+0000] {processor.py:208} INFO - Processing /home/airflow/.local/lib/python3.12/site-packages/airflow/example_dags/example_python_operator.py took 0.112 seconds
[2024-08-20T04:01:59.439+0000] {processor.py:186} INFO - Started process (PID=1403) to work on /home/airflow/.local/lib/python3.12/site-packages/airflow/example_dags/example_python_operator.py
[2024-08-20T04:01:59.441+0000] {processor.py:914} INFO - Processing file /home/airflow/.local/lib/python3.12/site-packages/airflow/example_dags/example_python_operator.py for tasks to queue
[2024-08-20T04:01:59.443+0000] {logging_mixin.py:190} INFO - [2024-08-20T04:01:59.443+0000] {dagbag.py:587} INFO - Filling up the DagBag from /home/airflow/.local/lib/python3.12/site-packages/airflow/example_dags/example_python_operator.py
[2024-08-20T04:01:59.455+0000] {processor.py:925} INFO - DAG(s) 'example_python_operator' retrieved from /home/airflow/.local/lib/python3.12/site-packages/airflow/example_dags/example_python_operator.py
[2024-08-20T04:01:59.487+0000] {logging_mixin.py:190} INFO - [2024-08-20T04:01:59.486+0000] {dag.py:3211} INFO - Sync 1 DAGs
[2024-08-20T04:01:59.505+0000] {logging_mixin.py:190} INFO - [2024-08-20T04:01:59.504+0000] {dag.py:4138} INFO - Setting next_dagrun for example_python_operator to None, run_after=None
[2024-08-20T04:01:59.527+0000] {processor.py:208} INFO - Processing /home/airflow/.local/lib/python3.12/site-packages/airflow/example_dags/example_python_operator.py took 0.096 seconds
[2024-08-20T04:02:29.798+0000] {processor.py:186} INFO - Started process (PID=1465) to work on /home/airflow/.local/lib/python3.12/site-packages/airflow/example_dags/example_python_operator.py
[2024-08-20T04:02:29.802+0000] {processor.py:914} INFO - Processing file /home/airflow/.local/lib/python3.12/site-packages/airflow/example_dags/example_python_operator.py for tasks to queue
[2024-08-20T04:02:29.808+0000] {logging_mixin.py:190} INFO - [2024-08-20T04:02:29.807+0000] {dagbag.py:587} INFO - Filling up the DagBag from /home/airflow/.local/lib/python3.12/site-packages/airflow/example_dags/example_python_operator.py
[2024-08-20T04:02:29.825+0000] {processor.py:925} INFO - DAG(s) 'example_python_operator' retrieved from /home/airflow/.local/lib/python3.12/site-packages/airflow/example_dags/example_python_operator.py
[2024-08-20T04:02:29.857+0000] {logging_mixin.py:190} INFO - [2024-08-20T04:02:29.855+0000] {dag.py:3211} INFO - Sync 1 DAGs
[2024-08-20T04:02:29.880+0000] {logging_mixin.py:190} INFO - [2024-08-20T04:02:29.880+0000] {dag.py:4138} INFO - Setting next_dagrun for example_python_operator to None, run_after=None
[2024-08-20T04:02:29.904+0000] {processor.py:208} INFO - Processing /home/airflow/.local/lib/python3.12/site-packages/airflow/example_dags/example_python_operator.py took 0.117 seconds
[2024-08-20T04:03:00.469+0000] {processor.py:186} INFO - Started process (PID=1527) to work on /home/airflow/.local/lib/python3.12/site-packages/airflow/example_dags/example_python_operator.py
[2024-08-20T04:03:00.470+0000] {processor.py:914} INFO - Processing file /home/airflow/.local/lib/python3.12/site-packages/airflow/example_dags/example_python_operator.py for tasks to queue
[2024-08-20T04:03:00.473+0000] {logging_mixin.py:190} INFO - [2024-08-20T04:03:00.472+0000] {dagbag.py:587} INFO - Filling up the DagBag from /home/airflow/.local/lib/python3.12/site-packages/airflow/example_dags/example_python_operator.py
[2024-08-20T04:03:00.488+0000] {processor.py:925} INFO - DAG(s) 'example_python_operator' retrieved from /home/airflow/.local/lib/python3.12/site-packages/airflow/example_dags/example_python_operator.py
[2024-08-20T04:03:00.514+0000] {logging_mixin.py:190} INFO - [2024-08-20T04:03:00.514+0000] {dag.py:3211} INFO - Sync 1 DAGs
[2024-08-20T04:03:00.530+0000] {logging_mixin.py:190} INFO - [2024-08-20T04:03:00.530+0000] {dag.py:4138} INFO - Setting next_dagrun for example_python_operator to None, run_after=None
[2024-08-20T04:03:00.551+0000] {processor.py:208} INFO - Processing /home/airflow/.local/lib/python3.12/site-packages/airflow/example_dags/example_python_operator.py took 0.091 seconds
[2024-08-20T04:03:31.508+0000] {processor.py:186} INFO - Started process (PID=1589) to work on /home/airflow/.local/lib/python3.12/site-packages/airflow/example_dags/example_python_operator.py
[2024-08-20T04:03:31.510+0000] {processor.py:914} INFO - Processing file /home/airflow/.local/lib/python3.12/site-packages/airflow/example_dags/example_python_operator.py for tasks to queue
[2024-08-20T04:03:31.514+0000] {logging_mixin.py:190} INFO - [2024-08-20T04:03:31.514+0000] {dagbag.py:587} INFO - Filling up the DagBag from /home/airflow/.local/lib/python3.12/site-packages/airflow/example_dags/example_python_operator.py
[2024-08-20T04:03:31.528+0000] {processor.py:925} INFO - DAG(s) 'example_python_operator' retrieved from /home/airflow/.local/lib/python3.12/site-packages/airflow/example_dags/example_python_operator.py
[2024-08-20T04:03:31.556+0000] {logging_mixin.py:190} INFO - [2024-08-20T04:03:31.555+0000] {dag.py:3211} INFO - Sync 1 DAGs
[2024-08-20T04:03:31.571+0000] {logging_mixin.py:190} INFO - [2024-08-20T04:03:31.571+0000] {dag.py:4138} INFO - Setting next_dagrun for example_python_operator to None, run_after=None
[2024-08-20T04:03:31.595+0000] {processor.py:208} INFO - Processing /home/airflow/.local/lib/python3.12/site-packages/airflow/example_dags/example_python_operator.py took 0.095 seconds
[2024-08-20T04:04:02.021+0000] {processor.py:186} INFO - Started process (PID=1651) to work on /home/airflow/.local/lib/python3.12/site-packages/airflow/example_dags/example_python_operator.py
[2024-08-20T04:04:02.022+0000] {processor.py:914} INFO - Processing file /home/airflow/.local/lib/python3.12/site-packages/airflow/example_dags/example_python_operator.py for tasks to queue
[2024-08-20T04:04:02.025+0000] {logging_mixin.py:190} INFO - [2024-08-20T04:04:02.025+0000] {dagbag.py:587} INFO - Filling up the DagBag from /home/airflow/.local/lib/python3.12/site-packages/airflow/example_dags/example_python_operator.py
[2024-08-20T04:04:02.042+0000] {processor.py:925} INFO - DAG(s) 'example_python_operator' retrieved from /home/airflow/.local/lib/python3.12/site-packages/airflow/example_dags/example_python_operator.py
[2024-08-20T04:04:02.073+0000] {logging_mixin.py:190} INFO - [2024-08-20T04:04:02.072+0000] {dag.py:3211} INFO - Sync 1 DAGs
[2024-08-20T04:04:02.093+0000] {logging_mixin.py:190} INFO - [2024-08-20T04:04:02.093+0000] {dag.py:4138} INFO - Setting next_dagrun for example_python_operator to None, run_after=None
[2024-08-20T04:04:02.117+0000] {processor.py:208} INFO - Processing /home/airflow/.local/lib/python3.12/site-packages/airflow/example_dags/example_python_operator.py took 0.106 seconds
[2024-08-20T04:04:32.421+0000] {processor.py:186} INFO - Started process (PID=1713) to work on /home/airflow/.local/lib/python3.12/site-packages/airflow/example_dags/example_python_operator.py
[2024-08-20T04:04:32.423+0000] {processor.py:914} INFO - Processing file /home/airflow/.local/lib/python3.12/site-packages/airflow/example_dags/example_python_operator.py for tasks to queue
[2024-08-20T04:04:32.425+0000] {logging_mixin.py:190} INFO - [2024-08-20T04:04:32.425+0000] {dagbag.py:587} INFO - Filling up the DagBag from /home/airflow/.local/lib/python3.12/site-packages/airflow/example_dags/example_python_operator.py
[2024-08-20T04:04:32.443+0000] {processor.py:925} INFO - DAG(s) 'example_python_operator' retrieved from /home/airflow/.local/lib/python3.12/site-packages/airflow/example_dags/example_python_operator.py
[2024-08-20T04:04:32.486+0000] {logging_mixin.py:190} INFO - [2024-08-20T04:04:32.486+0000] {dag.py:3211} INFO - Sync 1 DAGs
[2024-08-20T04:04:32.518+0000] {logging_mixin.py:190} INFO - [2024-08-20T04:04:32.518+0000] {dag.py:4138} INFO - Setting next_dagrun for example_python_operator to None, run_after=None
[2024-08-20T04:04:32.549+0000] {processor.py:208} INFO - Processing /home/airflow/.local/lib/python3.12/site-packages/airflow/example_dags/example_python_operator.py took 0.141 seconds
[2024-08-20T04:05:02.704+0000] {processor.py:186} INFO - Started process (PID=1775) to work on /home/airflow/.local/lib/python3.12/site-packages/airflow/example_dags/example_python_operator.py
[2024-08-20T04:05:02.706+0000] {processor.py:914} INFO - Processing file /home/airflow/.local/lib/python3.12/site-packages/airflow/example_dags/example_python_operator.py for tasks to queue
[2024-08-20T04:05:02.721+0000] {logging_mixin.py:190} INFO - [2024-08-20T04:05:02.720+0000] {dagbag.py:587} INFO - Filling up the DagBag from /home/airflow/.local/lib/python3.12/site-packages/airflow/example_dags/example_python_operator.py
[2024-08-20T04:05:02.745+0000] {processor.py:925} INFO - DAG(s) 'example_python_operator' retrieved from /home/airflow/.local/lib/python3.12/site-packages/airflow/example_dags/example_python_operator.py
[2024-08-20T04:05:02.794+0000] {logging_mixin.py:190} INFO - [2024-08-20T04:05:02.793+0000] {dag.py:3211} INFO - Sync 1 DAGs
[2024-08-20T04:05:02.821+0000] {logging_mixin.py:190} INFO - [2024-08-20T04:05:02.820+0000] {dag.py:4138} INFO - Setting next_dagrun for example_python_operator to None, run_after=None
[2024-08-20T04:05:02.855+0000] {processor.py:208} INFO - Processing /home/airflow/.local/lib/python3.12/site-packages/airflow/example_dags/example_python_operator.py took 0.172 seconds
[2024-08-20T04:05:33.131+0000] {processor.py:186} INFO - Started process (PID=1837) to work on /home/airflow/.local/lib/python3.12/site-packages/airflow/example_dags/example_python_operator.py
[2024-08-20T04:05:33.133+0000] {processor.py:914} INFO - Processing file /home/airflow/.local/lib/python3.12/site-packages/airflow/example_dags/example_python_operator.py for tasks to queue
[2024-08-20T04:05:33.142+0000] {logging_mixin.py:190} INFO - [2024-08-20T04:05:33.141+0000] {dagbag.py:587} INFO - Filling up the DagBag from /home/airflow/.local/lib/python3.12/site-packages/airflow/example_dags/example_python_operator.py
[2024-08-20T04:05:33.176+0000] {processor.py:925} INFO - DAG(s) 'example_python_operator' retrieved from /home/airflow/.local/lib/python3.12/site-packages/airflow/example_dags/example_python_operator.py
[2024-08-20T04:05:33.228+0000] {logging_mixin.py:190} INFO - [2024-08-20T04:05:33.227+0000] {dag.py:3211} INFO - Sync 1 DAGs
[2024-08-20T04:05:33.256+0000] {logging_mixin.py:190} INFO - [2024-08-20T04:05:33.256+0000] {dag.py:4138} INFO - Setting next_dagrun for example_python_operator to None, run_after=None
[2024-08-20T04:05:33.289+0000] {processor.py:208} INFO - Processing /home/airflow/.local/lib/python3.12/site-packages/airflow/example_dags/example_python_operator.py took 0.175 seconds
[2024-08-20T04:06:03.832+0000] {processor.py:186} INFO - Started process (PID=1898) to work on /home/airflow/.local/lib/python3.12/site-packages/airflow/example_dags/example_python_operator.py
[2024-08-20T04:06:03.834+0000] {processor.py:914} INFO - Processing file /home/airflow/.local/lib/python3.12/site-packages/airflow/example_dags/example_python_operator.py for tasks to queue
[2024-08-20T04:06:03.837+0000] {logging_mixin.py:190} INFO - [2024-08-20T04:06:03.837+0000] {dagbag.py:587} INFO - Filling up the DagBag from /home/airflow/.local/lib/python3.12/site-packages/airflow/example_dags/example_python_operator.py
[2024-08-20T04:06:03.864+0000] {processor.py:925} INFO - DAG(s) 'example_python_operator' retrieved from /home/airflow/.local/lib/python3.12/site-packages/airflow/example_dags/example_python_operator.py
[2024-08-20T04:06:03.906+0000] {logging_mixin.py:190} INFO - [2024-08-20T04:06:03.906+0000] {dag.py:3211} INFO - Sync 1 DAGs
[2024-08-20T04:06:03.924+0000] {logging_mixin.py:190} INFO - [2024-08-20T04:06:03.924+0000] {dag.py:4138} INFO - Setting next_dagrun for example_python_operator to None, run_after=None
[2024-08-20T04:06:03.955+0000] {processor.py:208} INFO - Processing /home/airflow/.local/lib/python3.12/site-packages/airflow/example_dags/example_python_operator.py took 0.132 seconds
[2024-08-20T04:06:34.833+0000] {processor.py:186} INFO - Started process (PID=1966) to work on /home/airflow/.local/lib/python3.12/site-packages/airflow/example_dags/example_python_operator.py
[2024-08-20T04:06:34.835+0000] {processor.py:914} INFO - Processing file /home/airflow/.local/lib/python3.12/site-packages/airflow/example_dags/example_python_operator.py for tasks to queue
[2024-08-20T04:06:34.838+0000] {logging_mixin.py:190} INFO - [2024-08-20T04:06:34.838+0000] {dagbag.py:587} INFO - Filling up the DagBag from /home/airflow/.local/lib/python3.12/site-packages/airflow/example_dags/example_python_operator.py
[2024-08-20T04:06:34.854+0000] {processor.py:925} INFO - DAG(s) 'example_python_operator' retrieved from /home/airflow/.local/lib/python3.12/site-packages/airflow/example_dags/example_python_operator.py
[2024-08-20T04:06:34.898+0000] {logging_mixin.py:190} INFO - [2024-08-20T04:06:34.898+0000] {dag.py:3211} INFO - Sync 1 DAGs
[2024-08-20T04:06:34.923+0000] {logging_mixin.py:190} INFO - [2024-08-20T04:06:34.923+0000] {dag.py:4138} INFO - Setting next_dagrun for example_python_operator to None, run_after=None
[2024-08-20T04:06:34.953+0000] {processor.py:208} INFO - Processing /home/airflow/.local/lib/python3.12/site-packages/airflow/example_dags/example_python_operator.py took 0.129 seconds
[2024-08-20T04:07:05.905+0000] {processor.py:186} INFO - Started process (PID=2028) to work on /home/airflow/.local/lib/python3.12/site-packages/airflow/example_dags/example_python_operator.py
[2024-08-20T04:07:05.906+0000] {processor.py:914} INFO - Processing file /home/airflow/.local/lib/python3.12/site-packages/airflow/example_dags/example_python_operator.py for tasks to queue
[2024-08-20T04:07:05.909+0000] {logging_mixin.py:190} INFO - [2024-08-20T04:07:05.909+0000] {dagbag.py:587} INFO - Filling up the DagBag from /home/airflow/.local/lib/python3.12/site-packages/airflow/example_dags/example_python_operator.py
[2024-08-20T04:07:05.927+0000] {processor.py:925} INFO - DAG(s) 'example_python_operator' retrieved from /home/airflow/.local/lib/python3.12/site-packages/airflow/example_dags/example_python_operator.py
[2024-08-20T04:07:05.960+0000] {logging_mixin.py:190} INFO - [2024-08-20T04:07:05.959+0000] {dag.py:3211} INFO - Sync 1 DAGs
[2024-08-20T04:07:05.979+0000] {logging_mixin.py:190} INFO - [2024-08-20T04:07:05.978+0000] {dag.py:4138} INFO - Setting next_dagrun for example_python_operator to None, run_after=None
[2024-08-20T04:07:06.001+0000] {processor.py:208} INFO - Processing /home/airflow/.local/lib/python3.12/site-packages/airflow/example_dags/example_python_operator.py took 0.106 seconds
[2024-08-20T04:07:36.428+0000] {processor.py:186} INFO - Started process (PID=2091) to work on /home/airflow/.local/lib/python3.12/site-packages/airflow/example_dags/example_python_operator.py
[2024-08-20T04:07:36.429+0000] {processor.py:914} INFO - Processing file /home/airflow/.local/lib/python3.12/site-packages/airflow/example_dags/example_python_operator.py for tasks to queue
[2024-08-20T04:07:36.433+0000] {logging_mixin.py:190} INFO - [2024-08-20T04:07:36.432+0000] {dagbag.py:587} INFO - Filling up the DagBag from /home/airflow/.local/lib/python3.12/site-packages/airflow/example_dags/example_python_operator.py
[2024-08-20T04:07:36.450+0000] {processor.py:925} INFO - DAG(s) 'example_python_operator' retrieved from /home/airflow/.local/lib/python3.12/site-packages/airflow/example_dags/example_python_operator.py
[2024-08-20T04:07:36.483+0000] {logging_mixin.py:190} INFO - [2024-08-20T04:07:36.483+0000] {dag.py:3211} INFO - Sync 1 DAGs
[2024-08-20T04:07:36.506+0000] {logging_mixin.py:190} INFO - [2024-08-20T04:07:36.505+0000] {dag.py:4138} INFO - Setting next_dagrun for example_python_operator to None, run_after=None
[2024-08-20T04:07:36.530+0000] {processor.py:208} INFO - Processing /home/airflow/.local/lib/python3.12/site-packages/airflow/example_dags/example_python_operator.py took 0.111 seconds
[2024-08-20T04:08:07.462+0000] {processor.py:186} INFO - Started process (PID=2154) to work on /home/airflow/.local/lib/python3.12/site-packages/airflow/example_dags/example_python_operator.py
[2024-08-20T04:08:07.464+0000] {processor.py:914} INFO - Processing file /home/airflow/.local/lib/python3.12/site-packages/airflow/example_dags/example_python_operator.py for tasks to queue
[2024-08-20T04:08:07.467+0000] {logging_mixin.py:190} INFO - [2024-08-20T04:08:07.467+0000] {dagbag.py:587} INFO - Filling up the DagBag from /home/airflow/.local/lib/python3.12/site-packages/airflow/example_dags/example_python_operator.py
[2024-08-20T04:08:07.490+0000] {processor.py:925} INFO - DAG(s) 'example_python_operator' retrieved from /home/airflow/.local/lib/python3.12/site-packages/airflow/example_dags/example_python_operator.py
[2024-08-20T04:08:07.526+0000] {logging_mixin.py:190} INFO - [2024-08-20T04:08:07.525+0000] {dag.py:3211} INFO - Sync 1 DAGs
[2024-08-20T04:08:07.548+0000] {logging_mixin.py:190} INFO - [2024-08-20T04:08:07.547+0000] {dag.py:4138} INFO - Setting next_dagrun for example_python_operator to None, run_after=None
[2024-08-20T04:08:07.577+0000] {processor.py:208} INFO - Processing /home/airflow/.local/lib/python3.12/site-packages/airflow/example_dags/example_python_operator.py took 0.126 seconds
[2024-08-20T04:08:38.473+0000] {processor.py:186} INFO - Started process (PID=2216) to work on /home/airflow/.local/lib/python3.12/site-packages/airflow/example_dags/example_python_operator.py
[2024-08-20T04:08:38.474+0000] {processor.py:914} INFO - Processing file /home/airflow/.local/lib/python3.12/site-packages/airflow/example_dags/example_python_operator.py for tasks to queue
[2024-08-20T04:08:38.479+0000] {logging_mixin.py:190} INFO - [2024-08-20T04:08:38.478+0000] {dagbag.py:587} INFO - Filling up the DagBag from /home/airflow/.local/lib/python3.12/site-packages/airflow/example_dags/example_python_operator.py
[2024-08-20T04:08:38.500+0000] {processor.py:925} INFO - DAG(s) 'example_python_operator' retrieved from /home/airflow/.local/lib/python3.12/site-packages/airflow/example_dags/example_python_operator.py
[2024-08-20T04:08:38.537+0000] {logging_mixin.py:190} INFO - [2024-08-20T04:08:38.536+0000] {dag.py:3211} INFO - Sync 1 DAGs
[2024-08-20T04:08:38.559+0000] {logging_mixin.py:190} INFO - [2024-08-20T04:08:38.559+0000] {dag.py:4138} INFO - Setting next_dagrun for example_python_operator to None, run_after=None
[2024-08-20T04:08:38.594+0000] {processor.py:208} INFO - Processing /home/airflow/.local/lib/python3.12/site-packages/airflow/example_dags/example_python_operator.py took 0.133 seconds
[2024-08-20T04:09:09.409+0000] {processor.py:186} INFO - Started process (PID=2278) to work on /home/airflow/.local/lib/python3.12/site-packages/airflow/example_dags/example_python_operator.py
[2024-08-20T04:09:09.411+0000] {processor.py:914} INFO - Processing file /home/airflow/.local/lib/python3.12/site-packages/airflow/example_dags/example_python_operator.py for tasks to queue
[2024-08-20T04:09:09.416+0000] {logging_mixin.py:190} INFO - [2024-08-20T04:09:09.415+0000] {dagbag.py:587} INFO - Filling up the DagBag from /home/airflow/.local/lib/python3.12/site-packages/airflow/example_dags/example_python_operator.py
[2024-08-20T04:09:09.439+0000] {processor.py:925} INFO - DAG(s) 'example_python_operator' retrieved from /home/airflow/.local/lib/python3.12/site-packages/airflow/example_dags/example_python_operator.py
[2024-08-20T04:09:09.481+0000] {logging_mixin.py:190} INFO - [2024-08-20T04:09:09.480+0000] {dag.py:3211} INFO - Sync 1 DAGs
[2024-08-20T04:09:09.513+0000] {logging_mixin.py:190} INFO - [2024-08-20T04:09:09.513+0000] {dag.py:4138} INFO - Setting next_dagrun for example_python_operator to None, run_after=None
[2024-08-20T04:09:09.540+0000] {processor.py:208} INFO - Processing /home/airflow/.local/lib/python3.12/site-packages/airflow/example_dags/example_python_operator.py took 0.140 seconds
[2024-08-20T04:09:40.801+0000] {processor.py:186} INFO - Started process (PID=2340) to work on /home/airflow/.local/lib/python3.12/site-packages/airflow/example_dags/example_python_operator.py
[2024-08-20T04:09:40.803+0000] {processor.py:914} INFO - Processing file /home/airflow/.local/lib/python3.12/site-packages/airflow/example_dags/example_python_operator.py for tasks to queue
[2024-08-20T04:09:40.808+0000] {logging_mixin.py:190} INFO - [2024-08-20T04:09:40.808+0000] {dagbag.py:587} INFO - Filling up the DagBag from /home/airflow/.local/lib/python3.12/site-packages/airflow/example_dags/example_python_operator.py
[2024-08-20T04:09:40.830+0000] {processor.py:925} INFO - DAG(s) 'example_python_operator' retrieved from /home/airflow/.local/lib/python3.12/site-packages/airflow/example_dags/example_python_operator.py
[2024-08-20T04:09:40.862+0000] {logging_mixin.py:190} INFO - [2024-08-20T04:09:40.862+0000] {dag.py:3211} INFO - Sync 1 DAGs
[2024-08-20T04:09:40.883+0000] {logging_mixin.py:190} INFO - [2024-08-20T04:09:40.882+0000] {dag.py:4138} INFO - Setting next_dagrun for example_python_operator to None, run_after=None
[2024-08-20T04:09:40.910+0000] {processor.py:208} INFO - Processing /home/airflow/.local/lib/python3.12/site-packages/airflow/example_dags/example_python_operator.py took 0.117 seconds
[2024-08-20T04:10:13.275+0000] {processor.py:186} INFO - Started process (PID=2403) to work on /home/airflow/.local/lib/python3.12/site-packages/airflow/example_dags/example_python_operator.py
[2024-08-20T04:10:13.280+0000] {processor.py:914} INFO - Processing file /home/airflow/.local/lib/python3.12/site-packages/airflow/example_dags/example_python_operator.py for tasks to queue
[2024-08-20T04:10:13.285+0000] {logging_mixin.py:190} INFO - [2024-08-20T04:10:13.284+0000] {dagbag.py:587} INFO - Filling up the DagBag from /home/airflow/.local/lib/python3.12/site-packages/airflow/example_dags/example_python_operator.py
[2024-08-20T04:10:13.321+0000] {processor.py:925} INFO - DAG(s) 'example_python_operator' retrieved from /home/airflow/.local/lib/python3.12/site-packages/airflow/example_dags/example_python_operator.py
[2024-08-20T04:10:13.428+0000] {logging_mixin.py:190} INFO - [2024-08-20T04:10:13.427+0000] {dag.py:3211} INFO - Sync 1 DAGs
[2024-08-20T04:10:13.480+0000] {logging_mixin.py:190} INFO - [2024-08-20T04:10:13.479+0000] {dag.py:4138} INFO - Setting next_dagrun for example_python_operator to None, run_after=None
[2024-08-20T04:10:13.549+0000] {processor.py:208} INFO - Processing /home/airflow/.local/lib/python3.12/site-packages/airflow/example_dags/example_python_operator.py took 0.285 seconds
[2024-08-20T04:10:43.664+0000] {processor.py:186} INFO - Started process (PID=2465) to work on /home/airflow/.local/lib/python3.12/site-packages/airflow/example_dags/example_python_operator.py
[2024-08-20T04:10:43.665+0000] {processor.py:914} INFO - Processing file /home/airflow/.local/lib/python3.12/site-packages/airflow/example_dags/example_python_operator.py for tasks to queue
[2024-08-20T04:10:43.669+0000] {logging_mixin.py:190} INFO - [2024-08-20T04:10:43.668+0000] {dagbag.py:587} INFO - Filling up the DagBag from /home/airflow/.local/lib/python3.12/site-packages/airflow/example_dags/example_python_operator.py
[2024-08-20T04:10:43.685+0000] {processor.py:925} INFO - DAG(s) 'example_python_operator' retrieved from /home/airflow/.local/lib/python3.12/site-packages/airflow/example_dags/example_python_operator.py
[2024-08-20T04:10:43.719+0000] {logging_mixin.py:190} INFO - [2024-08-20T04:10:43.718+0000] {dag.py:3211} INFO - Sync 1 DAGs
[2024-08-20T04:10:43.743+0000] {logging_mixin.py:190} INFO - [2024-08-20T04:10:43.743+0000] {dag.py:4138} INFO - Setting next_dagrun for example_python_operator to None, run_after=None
[2024-08-20T04:10:43.776+0000] {processor.py:208} INFO - Processing /home/airflow/.local/lib/python3.12/site-packages/airflow/example_dags/example_python_operator.py took 0.121 seconds
[2024-08-20T04:11:15.154+0000] {processor.py:186} INFO - Started process (PID=2527) to work on /home/airflow/.local/lib/python3.12/site-packages/airflow/example_dags/example_python_operator.py
[2024-08-20T04:11:15.157+0000] {processor.py:914} INFO - Processing file /home/airflow/.local/lib/python3.12/site-packages/airflow/example_dags/example_python_operator.py for tasks to queue
[2024-08-20T04:11:15.161+0000] {logging_mixin.py:190} INFO - [2024-08-20T04:11:15.160+0000] {dagbag.py:587} INFO - Filling up the DagBag from /home/airflow/.local/lib/python3.12/site-packages/airflow/example_dags/example_python_operator.py
[2024-08-20T04:11:15.181+0000] {processor.py:925} INFO - DAG(s) 'example_python_operator' retrieved from /home/airflow/.local/lib/python3.12/site-packages/airflow/example_dags/example_python_operator.py
[2024-08-20T04:11:15.213+0000] {logging_mixin.py:190} INFO - [2024-08-20T04:11:15.213+0000] {dag.py:3211} INFO - Sync 1 DAGs
[2024-08-20T04:11:15.232+0000] {logging_mixin.py:190} INFO - [2024-08-20T04:11:15.232+0000] {dag.py:4138} INFO - Setting next_dagrun for example_python_operator to None, run_after=None
[2024-08-20T04:11:15.257+0000] {processor.py:208} INFO - Processing /home/airflow/.local/lib/python3.12/site-packages/airflow/example_dags/example_python_operator.py took 0.111 seconds
[2024-08-20T04:11:46.270+0000] {processor.py:186} INFO - Started process (PID=2590) to work on /home/airflow/.local/lib/python3.12/site-packages/airflow/example_dags/example_python_operator.py
[2024-08-20T04:11:46.271+0000] {processor.py:914} INFO - Processing file /home/airflow/.local/lib/python3.12/site-packages/airflow/example_dags/example_python_operator.py for tasks to queue
[2024-08-20T04:11:46.278+0000] {logging_mixin.py:190} INFO - [2024-08-20T04:11:46.277+0000] {dagbag.py:587} INFO - Filling up the DagBag from /home/airflow/.local/lib/python3.12/site-packages/airflow/example_dags/example_python_operator.py
[2024-08-20T04:11:46.301+0000] {processor.py:925} INFO - DAG(s) 'example_python_operator' retrieved from /home/airflow/.local/lib/python3.12/site-packages/airflow/example_dags/example_python_operator.py
[2024-08-20T04:11:46.340+0000] {logging_mixin.py:190} INFO - [2024-08-20T04:11:46.340+0000] {dag.py:3211} INFO - Sync 1 DAGs
[2024-08-20T04:11:46.368+0000] {logging_mixin.py:190} INFO - [2024-08-20T04:11:46.367+0000] {dag.py:4138} INFO - Setting next_dagrun for example_python_operator to None, run_after=None
[2024-08-20T04:11:46.400+0000] {processor.py:208} INFO - Processing /home/airflow/.local/lib/python3.12/site-packages/airflow/example_dags/example_python_operator.py took 0.138 seconds
[2024-08-20T04:12:16.815+0000] {processor.py:186} INFO - Started process (PID=2652) to work on /home/airflow/.local/lib/python3.12/site-packages/airflow/example_dags/example_python_operator.py
[2024-08-20T04:12:16.817+0000] {processor.py:914} INFO - Processing file /home/airflow/.local/lib/python3.12/site-packages/airflow/example_dags/example_python_operator.py for tasks to queue
[2024-08-20T04:12:16.822+0000] {logging_mixin.py:190} INFO - [2024-08-20T04:12:16.822+0000] {dagbag.py:587} INFO - Filling up the DagBag from /home/airflow/.local/lib/python3.12/site-packages/airflow/example_dags/example_python_operator.py
[2024-08-20T04:12:16.844+0000] {processor.py:925} INFO - DAG(s) 'example_python_operator' retrieved from /home/airflow/.local/lib/python3.12/site-packages/airflow/example_dags/example_python_operator.py
[2024-08-20T04:12:16.880+0000] {logging_mixin.py:190} INFO - [2024-08-20T04:12:16.879+0000] {dag.py:3211} INFO - Sync 1 DAGs
[2024-08-20T04:12:16.901+0000] {logging_mixin.py:190} INFO - [2024-08-20T04:12:16.900+0000] {dag.py:4138} INFO - Setting next_dagrun for example_python_operator to None, run_after=None
[2024-08-20T04:12:16.930+0000] {processor.py:208} INFO - Processing /home/airflow/.local/lib/python3.12/site-packages/airflow/example_dags/example_python_operator.py took 0.136 seconds
[2024-08-20T04:12:47.440+0000] {processor.py:186} INFO - Started process (PID=2714) to work on /home/airflow/.local/lib/python3.12/site-packages/airflow/example_dags/example_python_operator.py
[2024-08-20T04:12:47.442+0000] {processor.py:914} INFO - Processing file /home/airflow/.local/lib/python3.12/site-packages/airflow/example_dags/example_python_operator.py for tasks to queue
[2024-08-20T04:12:47.446+0000] {logging_mixin.py:190} INFO - [2024-08-20T04:12:47.445+0000] {dagbag.py:587} INFO - Filling up the DagBag from /home/airflow/.local/lib/python3.12/site-packages/airflow/example_dags/example_python_operator.py
[2024-08-20T04:12:47.465+0000] {processor.py:925} INFO - DAG(s) 'example_python_operator' retrieved from /home/airflow/.local/lib/python3.12/site-packages/airflow/example_dags/example_python_operator.py
[2024-08-20T04:12:47.514+0000] {logging_mixin.py:190} INFO - [2024-08-20T04:12:47.514+0000] {dag.py:3211} INFO - Sync 1 DAGs
[2024-08-20T04:12:47.538+0000] {logging_mixin.py:190} INFO - [2024-08-20T04:12:47.537+0000] {dag.py:4138} INFO - Setting next_dagrun for example_python_operator to None, run_after=None
[2024-08-20T04:12:47.567+0000] {processor.py:208} INFO - Processing /home/airflow/.local/lib/python3.12/site-packages/airflow/example_dags/example_python_operator.py took 0.137 seconds
[2024-08-20T04:13:18.327+0000] {processor.py:186} INFO - Started process (PID=2776) to work on /home/airflow/.local/lib/python3.12/site-packages/airflow/example_dags/example_python_operator.py
[2024-08-20T04:13:18.328+0000] {processor.py:914} INFO - Processing file /home/airflow/.local/lib/python3.12/site-packages/airflow/example_dags/example_python_operator.py for tasks to queue
[2024-08-20T04:13:18.332+0000] {logging_mixin.py:190} INFO - [2024-08-20T04:13:18.331+0000] {dagbag.py:587} INFO - Filling up the DagBag from /home/airflow/.local/lib/python3.12/site-packages/airflow/example_dags/example_python_operator.py
[2024-08-20T04:13:18.354+0000] {processor.py:925} INFO - DAG(s) 'example_python_operator' retrieved from /home/airflow/.local/lib/python3.12/site-packages/airflow/example_dags/example_python_operator.py
[2024-08-20T04:13:18.390+0000] {logging_mixin.py:190} INFO - [2024-08-20T04:13:18.389+0000] {dag.py:3211} INFO - Sync 1 DAGs
[2024-08-20T04:13:18.413+0000] {logging_mixin.py:190} INFO - [2024-08-20T04:13:18.413+0000] {dag.py:4138} INFO - Setting next_dagrun for example_python_operator to None, run_after=None
[2024-08-20T04:13:18.439+0000] {processor.py:208} INFO - Processing /home/airflow/.local/lib/python3.12/site-packages/airflow/example_dags/example_python_operator.py took 0.123 seconds
[2024-08-20T04:13:49.314+0000] {processor.py:186} INFO - Started process (PID=2838) to work on /home/airflow/.local/lib/python3.12/site-packages/airflow/example_dags/example_python_operator.py
[2024-08-20T04:13:49.317+0000] {processor.py:914} INFO - Processing file /home/airflow/.local/lib/python3.12/site-packages/airflow/example_dags/example_python_operator.py for tasks to queue
[2024-08-20T04:13:49.321+0000] {logging_mixin.py:190} INFO - [2024-08-20T04:13:49.320+0000] {dagbag.py:587} INFO - Filling up the DagBag from /home/airflow/.local/lib/python3.12/site-packages/airflow/example_dags/example_python_operator.py
[2024-08-20T04:13:49.340+0000] {processor.py:925} INFO - DAG(s) 'example_python_operator' retrieved from /home/airflow/.local/lib/python3.12/site-packages/airflow/example_dags/example_python_operator.py
[2024-08-20T04:13:49.391+0000] {logging_mixin.py:190} INFO - [2024-08-20T04:13:49.390+0000] {dag.py:3211} INFO - Sync 1 DAGs
[2024-08-20T04:13:49.420+0000] {logging_mixin.py:190} INFO - [2024-08-20T04:13:49.419+0000] {dag.py:4138} INFO - Setting next_dagrun for example_python_operator to None, run_after=None
[2024-08-20T04:13:49.445+0000] {processor.py:208} INFO - Processing /home/airflow/.local/lib/python3.12/site-packages/airflow/example_dags/example_python_operator.py took 0.139 seconds
[2024-08-20T04:14:20.082+0000] {processor.py:186} INFO - Started process (PID=2900) to work on /home/airflow/.local/lib/python3.12/site-packages/airflow/example_dags/example_python_operator.py
[2024-08-20T04:14:20.083+0000] {processor.py:914} INFO - Processing file /home/airflow/.local/lib/python3.12/site-packages/airflow/example_dags/example_python_operator.py for tasks to queue
[2024-08-20T04:14:20.086+0000] {logging_mixin.py:190} INFO - [2024-08-20T04:14:20.086+0000] {dagbag.py:587} INFO - Filling up the DagBag from /home/airflow/.local/lib/python3.12/site-packages/airflow/example_dags/example_python_operator.py
[2024-08-20T04:14:20.102+0000] {processor.py:925} INFO - DAG(s) 'example_python_operator' retrieved from /home/airflow/.local/lib/python3.12/site-packages/airflow/example_dags/example_python_operator.py
[2024-08-20T04:14:20.132+0000] {logging_mixin.py:190} INFO - [2024-08-20T04:14:20.132+0000] {dag.py:3211} INFO - Sync 1 DAGs
[2024-08-20T04:14:20.156+0000] {logging_mixin.py:190} INFO - [2024-08-20T04:14:20.156+0000] {dag.py:4138} INFO - Setting next_dagrun for example_python_operator to None, run_after=None
[2024-08-20T04:14:20.185+0000] {processor.py:208} INFO - Processing /home/airflow/.local/lib/python3.12/site-packages/airflow/example_dags/example_python_operator.py took 0.111 seconds
[2024-08-20T04:14:51.119+0000] {processor.py:186} INFO - Started process (PID=2962) to work on /home/airflow/.local/lib/python3.12/site-packages/airflow/example_dags/example_python_operator.py
[2024-08-20T04:14:51.120+0000] {processor.py:914} INFO - Processing file /home/airflow/.local/lib/python3.12/site-packages/airflow/example_dags/example_python_operator.py for tasks to queue
[2024-08-20T04:14:51.125+0000] {logging_mixin.py:190} INFO - [2024-08-20T04:14:51.124+0000] {dagbag.py:587} INFO - Filling up the DagBag from /home/airflow/.local/lib/python3.12/site-packages/airflow/example_dags/example_python_operator.py
[2024-08-20T04:14:51.145+0000] {processor.py:925} INFO - DAG(s) 'example_python_operator' retrieved from /home/airflow/.local/lib/python3.12/site-packages/airflow/example_dags/example_python_operator.py
[2024-08-20T04:14:51.182+0000] {logging_mixin.py:190} INFO - [2024-08-20T04:14:51.182+0000] {dag.py:3211} INFO - Sync 1 DAGs
[2024-08-20T04:14:51.208+0000] {logging_mixin.py:190} INFO - [2024-08-20T04:14:51.208+0000] {dag.py:4138} INFO - Setting next_dagrun for example_python_operator to None, run_after=None
[2024-08-20T04:14:51.241+0000] {processor.py:208} INFO - Processing /home/airflow/.local/lib/python3.12/site-packages/airflow/example_dags/example_python_operator.py took 0.130 seconds
[2024-08-20T04:15:22.037+0000] {processor.py:186} INFO - Started process (PID=3024) to work on /home/airflow/.local/lib/python3.12/site-packages/airflow/example_dags/example_python_operator.py
[2024-08-20T04:15:22.038+0000] {processor.py:914} INFO - Processing file /home/airflow/.local/lib/python3.12/site-packages/airflow/example_dags/example_python_operator.py for tasks to queue
[2024-08-20T04:15:22.044+0000] {logging_mixin.py:190} INFO - [2024-08-20T04:15:22.043+0000] {dagbag.py:587} INFO - Filling up the DagBag from /home/airflow/.local/lib/python3.12/site-packages/airflow/example_dags/example_python_operator.py
[2024-08-20T04:15:22.063+0000] {processor.py:925} INFO - DAG(s) 'example_python_operator' retrieved from /home/airflow/.local/lib/python3.12/site-packages/airflow/example_dags/example_python_operator.py
[2024-08-20T04:15:22.097+0000] {logging_mixin.py:190} INFO - [2024-08-20T04:15:22.097+0000] {dag.py:3211} INFO - Sync 1 DAGs
[2024-08-20T04:15:22.118+0000] {logging_mixin.py:190} INFO - [2024-08-20T04:15:22.118+0000] {dag.py:4138} INFO - Setting next_dagrun for example_python_operator to None, run_after=None
[2024-08-20T04:15:22.146+0000] {processor.py:208} INFO - Processing /home/airflow/.local/lib/python3.12/site-packages/airflow/example_dags/example_python_operator.py took 0.117 seconds
[2024-08-20T04:15:53.644+0000] {processor.py:186} INFO - Started process (PID=3086) to work on /home/airflow/.local/lib/python3.12/site-packages/airflow/example_dags/example_python_operator.py
[2024-08-20T04:15:53.646+0000] {processor.py:914} INFO - Processing file /home/airflow/.local/lib/python3.12/site-packages/airflow/example_dags/example_python_operator.py for tasks to queue
[2024-08-20T04:15:53.650+0000] {logging_mixin.py:190} INFO - [2024-08-20T04:15:53.650+0000] {dagbag.py:587} INFO - Filling up the DagBag from /home/airflow/.local/lib/python3.12/site-packages/airflow/example_dags/example_python_operator.py
[2024-08-20T04:15:53.669+0000] {processor.py:925} INFO - DAG(s) 'example_python_operator' retrieved from /home/airflow/.local/lib/python3.12/site-packages/airflow/example_dags/example_python_operator.py
[2024-08-20T04:15:53.705+0000] {logging_mixin.py:190} INFO - [2024-08-20T04:15:53.704+0000] {dag.py:3211} INFO - Sync 1 DAGs
[2024-08-20T04:15:53.736+0000] {logging_mixin.py:190} INFO - [2024-08-20T04:15:53.735+0000] {dag.py:4138} INFO - Setting next_dagrun for example_python_operator to None, run_after=None
[2024-08-20T04:15:53.768+0000] {processor.py:208} INFO - Processing /home/airflow/.local/lib/python3.12/site-packages/airflow/example_dags/example_python_operator.py took 0.133 seconds
[2024-08-20T04:16:24.059+0000] {processor.py:186} INFO - Started process (PID=3147) to work on /home/airflow/.local/lib/python3.12/site-packages/airflow/example_dags/example_python_operator.py
[2024-08-20T04:16:24.060+0000] {processor.py:914} INFO - Processing file /home/airflow/.local/lib/python3.12/site-packages/airflow/example_dags/example_python_operator.py for tasks to queue
[2024-08-20T04:16:24.064+0000] {logging_mixin.py:190} INFO - [2024-08-20T04:16:24.063+0000] {dagbag.py:587} INFO - Filling up the DagBag from /home/airflow/.local/lib/python3.12/site-packages/airflow/example_dags/example_python_operator.py
[2024-08-20T04:16:24.082+0000] {processor.py:925} INFO - DAG(s) 'example_python_operator' retrieved from /home/airflow/.local/lib/python3.12/site-packages/airflow/example_dags/example_python_operator.py
[2024-08-20T04:16:24.115+0000] {logging_mixin.py:190} INFO - [2024-08-20T04:16:24.115+0000] {dag.py:3211} INFO - Sync 1 DAGs
[2024-08-20T04:16:24.348+0000] {logging_mixin.py:190} INFO - [2024-08-20T04:16:24.348+0000] {dag.py:4138} INFO - Setting next_dagrun for example_python_operator to None, run_after=None
[2024-08-20T04:16:24.382+0000] {processor.py:208} INFO - Processing /home/airflow/.local/lib/python3.12/site-packages/airflow/example_dags/example_python_operator.py took 0.333 seconds
