[2024-08-20T03:38:43.876+0000] {processor.py:186} INFO - Started process (PID=112) to work on /home/airflow/.local/lib/python3.12/site-packages/airflow/example_dags/example_skip_dag.py
[2024-08-20T03:38:43.877+0000] {processor.py:914} INFO - Processing file /home/airflow/.local/lib/python3.12/site-packages/airflow/example_dags/example_skip_dag.py for tasks to queue
[2024-08-20T03:38:43.880+0000] {logging_mixin.py:190} INFO - [2024-08-20T03:38:43.880+0000] {dagbag.py:587} INFO - Filling up the DagBag from /home/airflow/.local/lib/python3.12/site-packages/airflow/example_dags/example_skip_dag.py
[2024-08-20T03:38:43.891+0000] {processor.py:925} INFO - DAG(s) 'example_skip_dag' retrieved from /home/airflow/.local/lib/python3.12/site-packages/airflow/example_dags/example_skip_dag.py
[2024-08-20T03:38:44.011+0000] {logging_mixin.py:190} INFO - [2024-08-20T03:38:44.010+0000] {override.py:1858} INFO - Created Permission View: can edit on DAG:example_skip_dag
[2024-08-20T03:38:44.022+0000] {logging_mixin.py:190} INFO - [2024-08-20T03:38:44.022+0000] {override.py:1858} INFO - Created Permission View: can read on DAG:example_skip_dag
[2024-08-20T03:38:44.030+0000] {logging_mixin.py:190} INFO - [2024-08-20T03:38:44.030+0000] {override.py:1858} INFO - Created Permission View: can delete on DAG:example_skip_dag
[2024-08-20T03:38:44.031+0000] {logging_mixin.py:190} INFO - [2024-08-20T03:38:44.031+0000] {dag.py:3211} INFO - Sync 1 DAGs
[2024-08-20T03:38:44.046+0000] {logging_mixin.py:190} INFO - [2024-08-20T03:38:44.045+0000] {dag.py:3234} INFO - Creating ORM DAG for example_skip_dag
[2024-08-20T03:38:44.057+0000] {logging_mixin.py:190} INFO - [2024-08-20T03:38:44.057+0000] {dag.py:4138} INFO - Setting next_dagrun for example_skip_dag to 2024-08-19 00:00:00+00:00, run_after=2024-08-20 00:00:00+00:00
[2024-08-20T03:38:44.077+0000] {processor.py:208} INFO - Processing /home/airflow/.local/lib/python3.12/site-packages/airflow/example_dags/example_skip_dag.py took 0.210 seconds
[2024-08-20T03:39:14.727+0000] {processor.py:186} INFO - Started process (PID=174) to work on /home/airflow/.local/lib/python3.12/site-packages/airflow/example_dags/example_skip_dag.py
[2024-08-20T03:39:14.729+0000] {processor.py:914} INFO - Processing file /home/airflow/.local/lib/python3.12/site-packages/airflow/example_dags/example_skip_dag.py for tasks to queue
[2024-08-20T03:39:14.732+0000] {logging_mixin.py:190} INFO - [2024-08-20T03:39:14.731+0000] {dagbag.py:587} INFO - Filling up the DagBag from /home/airflow/.local/lib/python3.12/site-packages/airflow/example_dags/example_skip_dag.py
[2024-08-20T03:39:14.741+0000] {processor.py:925} INFO - DAG(s) 'example_skip_dag' retrieved from /home/airflow/.local/lib/python3.12/site-packages/airflow/example_dags/example_skip_dag.py
[2024-08-20T03:39:14.764+0000] {logging_mixin.py:190} INFO - [2024-08-20T03:39:14.764+0000] {dag.py:3211} INFO - Sync 1 DAGs
[2024-08-20T03:39:14.790+0000] {logging_mixin.py:190} INFO - [2024-08-20T03:39:14.790+0000] {dag.py:4138} INFO - Setting next_dagrun for example_skip_dag to 2024-08-19 00:00:00+00:00, run_after=2024-08-20 00:00:00+00:00
[2024-08-20T03:39:14.813+0000] {processor.py:208} INFO - Processing /home/airflow/.local/lib/python3.12/site-packages/airflow/example_dags/example_skip_dag.py took 0.092 seconds
[2024-08-20T03:39:45.382+0000] {processor.py:186} INFO - Started process (PID=236) to work on /home/airflow/.local/lib/python3.12/site-packages/airflow/example_dags/example_skip_dag.py
[2024-08-20T03:39:45.384+0000] {processor.py:914} INFO - Processing file /home/airflow/.local/lib/python3.12/site-packages/airflow/example_dags/example_skip_dag.py for tasks to queue
[2024-08-20T03:39:45.387+0000] {logging_mixin.py:190} INFO - [2024-08-20T03:39:45.386+0000] {dagbag.py:587} INFO - Filling up the DagBag from /home/airflow/.local/lib/python3.12/site-packages/airflow/example_dags/example_skip_dag.py
[2024-08-20T03:39:45.397+0000] {processor.py:925} INFO - DAG(s) 'example_skip_dag' retrieved from /home/airflow/.local/lib/python3.12/site-packages/airflow/example_dags/example_skip_dag.py
[2024-08-20T03:39:45.422+0000] {logging_mixin.py:190} INFO - [2024-08-20T03:39:45.422+0000] {dag.py:3211} INFO - Sync 1 DAGs
[2024-08-20T03:39:45.447+0000] {logging_mixin.py:190} INFO - [2024-08-20T03:39:45.447+0000] {dag.py:4138} INFO - Setting next_dagrun for example_skip_dag to 2024-08-19 00:00:00+00:00, run_after=2024-08-20 00:00:00+00:00
[2024-08-20T03:39:45.470+0000] {processor.py:208} INFO - Processing /home/airflow/.local/lib/python3.12/site-packages/airflow/example_dags/example_skip_dag.py took 0.095 seconds
[2024-08-20T03:40:16.145+0000] {processor.py:186} INFO - Started process (PID=298) to work on /home/airflow/.local/lib/python3.12/site-packages/airflow/example_dags/example_skip_dag.py
[2024-08-20T03:40:16.147+0000] {processor.py:914} INFO - Processing file /home/airflow/.local/lib/python3.12/site-packages/airflow/example_dags/example_skip_dag.py for tasks to queue
[2024-08-20T03:40:16.151+0000] {logging_mixin.py:190} INFO - [2024-08-20T03:40:16.150+0000] {dagbag.py:587} INFO - Filling up the DagBag from /home/airflow/.local/lib/python3.12/site-packages/airflow/example_dags/example_skip_dag.py
[2024-08-20T03:40:16.159+0000] {processor.py:925} INFO - DAG(s) 'example_skip_dag' retrieved from /home/airflow/.local/lib/python3.12/site-packages/airflow/example_dags/example_skip_dag.py
[2024-08-20T03:40:16.186+0000] {logging_mixin.py:190} INFO - [2024-08-20T03:40:16.186+0000] {dag.py:3211} INFO - Sync 1 DAGs
[2024-08-20T03:40:16.213+0000] {logging_mixin.py:190} INFO - [2024-08-20T03:40:16.213+0000] {dag.py:4138} INFO - Setting next_dagrun for example_skip_dag to 2024-08-19 00:00:00+00:00, run_after=2024-08-20 00:00:00+00:00
[2024-08-20T03:40:16.236+0000] {processor.py:208} INFO - Processing /home/airflow/.local/lib/python3.12/site-packages/airflow/example_dags/example_skip_dag.py took 0.097 seconds
[2024-08-20T03:40:46.982+0000] {processor.py:186} INFO - Started process (PID=360) to work on /home/airflow/.local/lib/python3.12/site-packages/airflow/example_dags/example_skip_dag.py
[2024-08-20T03:40:46.983+0000] {processor.py:914} INFO - Processing file /home/airflow/.local/lib/python3.12/site-packages/airflow/example_dags/example_skip_dag.py for tasks to queue
[2024-08-20T03:40:46.986+0000] {logging_mixin.py:190} INFO - [2024-08-20T03:40:46.986+0000] {dagbag.py:587} INFO - Filling up the DagBag from /home/airflow/.local/lib/python3.12/site-packages/airflow/example_dags/example_skip_dag.py
[2024-08-20T03:40:46.997+0000] {processor.py:925} INFO - DAG(s) 'example_skip_dag' retrieved from /home/airflow/.local/lib/python3.12/site-packages/airflow/example_dags/example_skip_dag.py
[2024-08-20T03:40:47.025+0000] {logging_mixin.py:190} INFO - [2024-08-20T03:40:47.025+0000] {dag.py:3211} INFO - Sync 1 DAGs
[2024-08-20T03:40:47.052+0000] {logging_mixin.py:190} INFO - [2024-08-20T03:40:47.051+0000] {dag.py:4138} INFO - Setting next_dagrun for example_skip_dag to 2024-08-19 00:00:00+00:00, run_after=2024-08-20 00:00:00+00:00
[2024-08-20T03:40:47.077+0000] {processor.py:208} INFO - Processing /home/airflow/.local/lib/python3.12/site-packages/airflow/example_dags/example_skip_dag.py took 0.105 seconds
[2024-08-20T03:41:17.231+0000] {processor.py:186} INFO - Started process (PID=422) to work on /home/airflow/.local/lib/python3.12/site-packages/airflow/example_dags/example_skip_dag.py
[2024-08-20T03:41:17.233+0000] {processor.py:914} INFO - Processing file /home/airflow/.local/lib/python3.12/site-packages/airflow/example_dags/example_skip_dag.py for tasks to queue
[2024-08-20T03:41:17.236+0000] {logging_mixin.py:190} INFO - [2024-08-20T03:41:17.235+0000] {dagbag.py:587} INFO - Filling up the DagBag from /home/airflow/.local/lib/python3.12/site-packages/airflow/example_dags/example_skip_dag.py
[2024-08-20T03:41:17.247+0000] {processor.py:925} INFO - DAG(s) 'example_skip_dag' retrieved from /home/airflow/.local/lib/python3.12/site-packages/airflow/example_dags/example_skip_dag.py
[2024-08-20T03:41:17.273+0000] {logging_mixin.py:190} INFO - [2024-08-20T03:41:17.272+0000] {dag.py:3211} INFO - Sync 1 DAGs
[2024-08-20T03:41:17.303+0000] {logging_mixin.py:190} INFO - [2024-08-20T03:41:17.302+0000] {dag.py:4138} INFO - Setting next_dagrun for example_skip_dag to 2024-08-19 00:00:00+00:00, run_after=2024-08-20 00:00:00+00:00
[2024-08-20T03:41:17.329+0000] {processor.py:208} INFO - Processing /home/airflow/.local/lib/python3.12/site-packages/airflow/example_dags/example_skip_dag.py took 0.112 seconds
[2024-08-20T03:41:48.113+0000] {processor.py:186} INFO - Started process (PID=484) to work on /home/airflow/.local/lib/python3.12/site-packages/airflow/example_dags/example_skip_dag.py
[2024-08-20T03:41:48.114+0000] {processor.py:914} INFO - Processing file /home/airflow/.local/lib/python3.12/site-packages/airflow/example_dags/example_skip_dag.py for tasks to queue
[2024-08-20T03:41:48.117+0000] {logging_mixin.py:190} INFO - [2024-08-20T03:41:48.117+0000] {dagbag.py:587} INFO - Filling up the DagBag from /home/airflow/.local/lib/python3.12/site-packages/airflow/example_dags/example_skip_dag.py
[2024-08-20T03:41:48.127+0000] {processor.py:925} INFO - DAG(s) 'example_skip_dag' retrieved from /home/airflow/.local/lib/python3.12/site-packages/airflow/example_dags/example_skip_dag.py
[2024-08-20T03:41:48.156+0000] {logging_mixin.py:190} INFO - [2024-08-20T03:41:48.156+0000] {dag.py:3211} INFO - Sync 1 DAGs
[2024-08-20T03:41:48.182+0000] {logging_mixin.py:190} INFO - [2024-08-20T03:41:48.182+0000] {dag.py:4138} INFO - Setting next_dagrun for example_skip_dag to 2024-08-19 00:00:00+00:00, run_after=2024-08-20 00:00:00+00:00
[2024-08-20T03:41:48.217+0000] {processor.py:208} INFO - Processing /home/airflow/.local/lib/python3.12/site-packages/airflow/example_dags/example_skip_dag.py took 0.112 seconds
[2024-08-20T03:42:18.549+0000] {processor.py:186} INFO - Started process (PID=546) to work on /home/airflow/.local/lib/python3.12/site-packages/airflow/example_dags/example_skip_dag.py
[2024-08-20T03:42:18.551+0000] {processor.py:914} INFO - Processing file /home/airflow/.local/lib/python3.12/site-packages/airflow/example_dags/example_skip_dag.py for tasks to queue
[2024-08-20T03:42:18.554+0000] {logging_mixin.py:190} INFO - [2024-08-20T03:42:18.554+0000] {dagbag.py:587} INFO - Filling up the DagBag from /home/airflow/.local/lib/python3.12/site-packages/airflow/example_dags/example_skip_dag.py
[2024-08-20T03:42:18.564+0000] {processor.py:925} INFO - DAG(s) 'example_skip_dag' retrieved from /home/airflow/.local/lib/python3.12/site-packages/airflow/example_dags/example_skip_dag.py
[2024-08-20T03:42:18.593+0000] {logging_mixin.py:190} INFO - [2024-08-20T03:42:18.592+0000] {dag.py:3211} INFO - Sync 1 DAGs
[2024-08-20T03:42:18.624+0000] {logging_mixin.py:190} INFO - [2024-08-20T03:42:18.624+0000] {dag.py:4138} INFO - Setting next_dagrun for example_skip_dag to 2024-08-19 00:00:00+00:00, run_after=2024-08-20 00:00:00+00:00
[2024-08-20T03:42:18.649+0000] {processor.py:208} INFO - Processing /home/airflow/.local/lib/python3.12/site-packages/airflow/example_dags/example_skip_dag.py took 0.110 seconds
[2024-08-20T03:42:48.891+0000] {processor.py:186} INFO - Started process (PID=608) to work on /home/airflow/.local/lib/python3.12/site-packages/airflow/example_dags/example_skip_dag.py
[2024-08-20T03:42:48.893+0000] {processor.py:914} INFO - Processing file /home/airflow/.local/lib/python3.12/site-packages/airflow/example_dags/example_skip_dag.py for tasks to queue
[2024-08-20T03:42:48.897+0000] {logging_mixin.py:190} INFO - [2024-08-20T03:42:48.897+0000] {dagbag.py:587} INFO - Filling up the DagBag from /home/airflow/.local/lib/python3.12/site-packages/airflow/example_dags/example_skip_dag.py
[2024-08-20T03:42:48.915+0000] {processor.py:925} INFO - DAG(s) 'example_skip_dag' retrieved from /home/airflow/.local/lib/python3.12/site-packages/airflow/example_dags/example_skip_dag.py
[2024-08-20T03:42:48.959+0000] {logging_mixin.py:190} INFO - [2024-08-20T03:42:48.958+0000] {dag.py:3211} INFO - Sync 1 DAGs
[2024-08-20T03:42:49.008+0000] {logging_mixin.py:190} INFO - [2024-08-20T03:42:49.008+0000] {dag.py:4138} INFO - Setting next_dagrun for example_skip_dag to 2024-08-19 00:00:00+00:00, run_after=2024-08-20 00:00:00+00:00
[2024-08-20T03:42:49.035+0000] {processor.py:208} INFO - Processing /home/airflow/.local/lib/python3.12/site-packages/airflow/example_dags/example_skip_dag.py took 0.154 seconds
[2024-08-20T03:43:19.883+0000] {processor.py:186} INFO - Started process (PID=670) to work on /home/airflow/.local/lib/python3.12/site-packages/airflow/example_dags/example_skip_dag.py
[2024-08-20T03:43:19.885+0000] {processor.py:914} INFO - Processing file /home/airflow/.local/lib/python3.12/site-packages/airflow/example_dags/example_skip_dag.py for tasks to queue
[2024-08-20T03:43:19.887+0000] {logging_mixin.py:190} INFO - [2024-08-20T03:43:19.887+0000] {dagbag.py:587} INFO - Filling up the DagBag from /home/airflow/.local/lib/python3.12/site-packages/airflow/example_dags/example_skip_dag.py
[2024-08-20T03:43:19.901+0000] {processor.py:925} INFO - DAG(s) 'example_skip_dag' retrieved from /home/airflow/.local/lib/python3.12/site-packages/airflow/example_dags/example_skip_dag.py
[2024-08-20T03:43:19.928+0000] {logging_mixin.py:190} INFO - [2024-08-20T03:43:19.928+0000] {dag.py:3211} INFO - Sync 1 DAGs
[2024-08-20T03:43:19.980+0000] {logging_mixin.py:190} INFO - [2024-08-20T03:43:19.980+0000] {dag.py:4138} INFO - Setting next_dagrun for example_skip_dag to 2024-08-19 00:00:00+00:00, run_after=2024-08-20 00:00:00+00:00
[2024-08-20T03:43:20.000+0000] {processor.py:208} INFO - Processing /home/airflow/.local/lib/python3.12/site-packages/airflow/example_dags/example_skip_dag.py took 0.123 seconds
[2024-08-20T03:43:50.263+0000] {processor.py:186} INFO - Started process (PID=732) to work on /home/airflow/.local/lib/python3.12/site-packages/airflow/example_dags/example_skip_dag.py
[2024-08-20T03:43:50.265+0000] {processor.py:914} INFO - Processing file /home/airflow/.local/lib/python3.12/site-packages/airflow/example_dags/example_skip_dag.py for tasks to queue
[2024-08-20T03:43:50.269+0000] {logging_mixin.py:190} INFO - [2024-08-20T03:43:50.268+0000] {dagbag.py:587} INFO - Filling up the DagBag from /home/airflow/.local/lib/python3.12/site-packages/airflow/example_dags/example_skip_dag.py
[2024-08-20T03:43:50.284+0000] {processor.py:925} INFO - DAG(s) 'example_skip_dag' retrieved from /home/airflow/.local/lib/python3.12/site-packages/airflow/example_dags/example_skip_dag.py
[2024-08-20T03:43:50.319+0000] {logging_mixin.py:190} INFO - [2024-08-20T03:43:50.318+0000] {dag.py:3211} INFO - Sync 1 DAGs
[2024-08-20T03:43:50.353+0000] {logging_mixin.py:190} INFO - [2024-08-20T03:43:50.352+0000] {dag.py:4138} INFO - Setting next_dagrun for example_skip_dag to 2024-08-19 00:00:00+00:00, run_after=2024-08-20 00:00:00+00:00
[2024-08-20T03:43:50.385+0000] {processor.py:208} INFO - Processing /home/airflow/.local/lib/python3.12/site-packages/airflow/example_dags/example_skip_dag.py took 0.134 seconds
[2024-08-20T03:44:20.831+0000] {processor.py:186} INFO - Started process (PID=794) to work on /home/airflow/.local/lib/python3.12/site-packages/airflow/example_dags/example_skip_dag.py
[2024-08-20T03:44:20.833+0000] {processor.py:914} INFO - Processing file /home/airflow/.local/lib/python3.12/site-packages/airflow/example_dags/example_skip_dag.py for tasks to queue
[2024-08-20T03:44:20.836+0000] {logging_mixin.py:190} INFO - [2024-08-20T03:44:20.835+0000] {dagbag.py:587} INFO - Filling up the DagBag from /home/airflow/.local/lib/python3.12/site-packages/airflow/example_dags/example_skip_dag.py
[2024-08-20T03:44:20.845+0000] {processor.py:925} INFO - DAG(s) 'example_skip_dag' retrieved from /home/airflow/.local/lib/python3.12/site-packages/airflow/example_dags/example_skip_dag.py
[2024-08-20T03:44:20.871+0000] {logging_mixin.py:190} INFO - [2024-08-20T03:44:20.870+0000] {dag.py:3211} INFO - Sync 1 DAGs
[2024-08-20T03:44:20.899+0000] {logging_mixin.py:190} INFO - [2024-08-20T03:44:20.899+0000] {dag.py:4138} INFO - Setting next_dagrun for example_skip_dag to 2024-08-19 00:00:00+00:00, run_after=2024-08-20 00:00:00+00:00
[2024-08-20T03:44:20.922+0000] {processor.py:208} INFO - Processing /home/airflow/.local/lib/python3.12/site-packages/airflow/example_dags/example_skip_dag.py took 0.097 seconds
[2024-08-20T03:44:51.651+0000] {processor.py:186} INFO - Started process (PID=856) to work on /home/airflow/.local/lib/python3.12/site-packages/airflow/example_dags/example_skip_dag.py
[2024-08-20T03:44:51.653+0000] {processor.py:914} INFO - Processing file /home/airflow/.local/lib/python3.12/site-packages/airflow/example_dags/example_skip_dag.py for tasks to queue
[2024-08-20T03:44:51.655+0000] {logging_mixin.py:190} INFO - [2024-08-20T03:44:51.655+0000] {dagbag.py:587} INFO - Filling up the DagBag from /home/airflow/.local/lib/python3.12/site-packages/airflow/example_dags/example_skip_dag.py
[2024-08-20T03:44:51.664+0000] {processor.py:925} INFO - DAG(s) 'example_skip_dag' retrieved from /home/airflow/.local/lib/python3.12/site-packages/airflow/example_dags/example_skip_dag.py
[2024-08-20T03:44:51.688+0000] {logging_mixin.py:190} INFO - [2024-08-20T03:44:51.687+0000] {dag.py:3211} INFO - Sync 1 DAGs
[2024-08-20T03:44:51.711+0000] {logging_mixin.py:190} INFO - [2024-08-20T03:44:51.711+0000] {dag.py:4138} INFO - Setting next_dagrun for example_skip_dag to 2024-08-19 00:00:00+00:00, run_after=2024-08-20 00:00:00+00:00
[2024-08-20T03:44:51.735+0000] {processor.py:208} INFO - Processing /home/airflow/.local/lib/python3.12/site-packages/airflow/example_dags/example_skip_dag.py took 0.089 seconds
[2024-08-20T03:45:22.271+0000] {processor.py:186} INFO - Started process (PID=918) to work on /home/airflow/.local/lib/python3.12/site-packages/airflow/example_dags/example_skip_dag.py
[2024-08-20T03:45:22.274+0000] {processor.py:914} INFO - Processing file /home/airflow/.local/lib/python3.12/site-packages/airflow/example_dags/example_skip_dag.py for tasks to queue
[2024-08-20T03:45:22.278+0000] {logging_mixin.py:190} INFO - [2024-08-20T03:45:22.277+0000] {dagbag.py:587} INFO - Filling up the DagBag from /home/airflow/.local/lib/python3.12/site-packages/airflow/example_dags/example_skip_dag.py
[2024-08-20T03:45:22.285+0000] {processor.py:925} INFO - DAG(s) 'example_skip_dag' retrieved from /home/airflow/.local/lib/python3.12/site-packages/airflow/example_dags/example_skip_dag.py
[2024-08-20T03:45:22.317+0000] {logging_mixin.py:190} INFO - [2024-08-20T03:45:22.317+0000] {dag.py:3211} INFO - Sync 1 DAGs
[2024-08-20T03:45:22.349+0000] {logging_mixin.py:190} INFO - [2024-08-20T03:45:22.348+0000] {dag.py:4138} INFO - Setting next_dagrun for example_skip_dag to 2024-08-19 00:00:00+00:00, run_after=2024-08-20 00:00:00+00:00
[2024-08-20T03:45:22.375+0000] {processor.py:208} INFO - Processing /home/airflow/.local/lib/python3.12/site-packages/airflow/example_dags/example_skip_dag.py took 0.112 seconds
[2024-08-20T03:45:52.921+0000] {processor.py:186} INFO - Started process (PID=980) to work on /home/airflow/.local/lib/python3.12/site-packages/airflow/example_dags/example_skip_dag.py
[2024-08-20T03:45:52.922+0000] {processor.py:914} INFO - Processing file /home/airflow/.local/lib/python3.12/site-packages/airflow/example_dags/example_skip_dag.py for tasks to queue
[2024-08-20T03:45:52.926+0000] {logging_mixin.py:190} INFO - [2024-08-20T03:45:52.925+0000] {dagbag.py:587} INFO - Filling up the DagBag from /home/airflow/.local/lib/python3.12/site-packages/airflow/example_dags/example_skip_dag.py
[2024-08-20T03:45:52.936+0000] {processor.py:925} INFO - DAG(s) 'example_skip_dag' retrieved from /home/airflow/.local/lib/python3.12/site-packages/airflow/example_dags/example_skip_dag.py
[2024-08-20T03:45:52.959+0000] {logging_mixin.py:190} INFO - [2024-08-20T03:45:52.958+0000] {dag.py:3211} INFO - Sync 1 DAGs
[2024-08-20T03:45:52.985+0000] {logging_mixin.py:190} INFO - [2024-08-20T03:45:52.985+0000] {dag.py:4138} INFO - Setting next_dagrun for example_skip_dag to 2024-08-19 00:00:00+00:00, run_after=2024-08-20 00:00:00+00:00
[2024-08-20T03:45:53.009+0000] {processor.py:208} INFO - Processing /home/airflow/.local/lib/python3.12/site-packages/airflow/example_dags/example_skip_dag.py took 0.096 seconds
[2024-08-20T03:46:23.468+0000] {processor.py:186} INFO - Started process (PID=1042) to work on /home/airflow/.local/lib/python3.12/site-packages/airflow/example_dags/example_skip_dag.py
[2024-08-20T03:46:23.469+0000] {processor.py:914} INFO - Processing file /home/airflow/.local/lib/python3.12/site-packages/airflow/example_dags/example_skip_dag.py for tasks to queue
[2024-08-20T03:46:23.471+0000] {logging_mixin.py:190} INFO - [2024-08-20T03:46:23.471+0000] {dagbag.py:587} INFO - Filling up the DagBag from /home/airflow/.local/lib/python3.12/site-packages/airflow/example_dags/example_skip_dag.py
[2024-08-20T03:46:23.481+0000] {processor.py:925} INFO - DAG(s) 'example_skip_dag' retrieved from /home/airflow/.local/lib/python3.12/site-packages/airflow/example_dags/example_skip_dag.py
[2024-08-20T03:46:23.505+0000] {logging_mixin.py:190} INFO - [2024-08-20T03:46:23.505+0000] {dag.py:3211} INFO - Sync 1 DAGs
[2024-08-20T03:46:23.531+0000] {logging_mixin.py:190} INFO - [2024-08-20T03:46:23.531+0000] {dag.py:4138} INFO - Setting next_dagrun for example_skip_dag to 2024-08-19 00:00:00+00:00, run_after=2024-08-20 00:00:00+00:00
[2024-08-20T03:46:23.552+0000] {processor.py:208} INFO - Processing /home/airflow/.local/lib/python3.12/site-packages/airflow/example_dags/example_skip_dag.py took 0.090 seconds
[2024-08-20T03:46:54.237+0000] {processor.py:186} INFO - Started process (PID=1110) to work on /home/airflow/.local/lib/python3.12/site-packages/airflow/example_dags/example_skip_dag.py
[2024-08-20T03:46:54.239+0000] {processor.py:914} INFO - Processing file /home/airflow/.local/lib/python3.12/site-packages/airflow/example_dags/example_skip_dag.py for tasks to queue
[2024-08-20T03:46:54.242+0000] {logging_mixin.py:190} INFO - [2024-08-20T03:46:54.242+0000] {dagbag.py:587} INFO - Filling up the DagBag from /home/airflow/.local/lib/python3.12/site-packages/airflow/example_dags/example_skip_dag.py
[2024-08-20T03:46:54.251+0000] {processor.py:925} INFO - DAG(s) 'example_skip_dag' retrieved from /home/airflow/.local/lib/python3.12/site-packages/airflow/example_dags/example_skip_dag.py
[2024-08-20T03:46:54.277+0000] {logging_mixin.py:190} INFO - [2024-08-20T03:46:54.277+0000] {dag.py:3211} INFO - Sync 1 DAGs
[2024-08-20T03:46:54.303+0000] {logging_mixin.py:190} INFO - [2024-08-20T03:46:54.303+0000] {dag.py:4138} INFO - Setting next_dagrun for example_skip_dag to 2024-08-19 00:00:00+00:00, run_after=2024-08-20 00:00:00+00:00
[2024-08-20T03:46:54.326+0000] {processor.py:208} INFO - Processing /home/airflow/.local/lib/python3.12/site-packages/airflow/example_dags/example_skip_dag.py took 0.094 seconds
[2024-08-20T03:47:25.032+0000] {processor.py:186} INFO - Started process (PID=1173) to work on /home/airflow/.local/lib/python3.12/site-packages/airflow/example_dags/example_skip_dag.py
[2024-08-20T03:47:25.033+0000] {processor.py:914} INFO - Processing file /home/airflow/.local/lib/python3.12/site-packages/airflow/example_dags/example_skip_dag.py for tasks to queue
[2024-08-20T03:47:25.036+0000] {logging_mixin.py:190} INFO - [2024-08-20T03:47:25.036+0000] {dagbag.py:587} INFO - Filling up the DagBag from /home/airflow/.local/lib/python3.12/site-packages/airflow/example_dags/example_skip_dag.py
[2024-08-20T03:47:25.046+0000] {processor.py:925} INFO - DAG(s) 'example_skip_dag' retrieved from /home/airflow/.local/lib/python3.12/site-packages/airflow/example_dags/example_skip_dag.py
[2024-08-20T03:47:25.072+0000] {logging_mixin.py:190} INFO - [2024-08-20T03:47:25.072+0000] {dag.py:3211} INFO - Sync 1 DAGs
[2024-08-20T03:47:25.104+0000] {logging_mixin.py:190} INFO - [2024-08-20T03:47:25.104+0000] {dag.py:4138} INFO - Setting next_dagrun for example_skip_dag to 2024-08-19 00:00:00+00:00, run_after=2024-08-20 00:00:00+00:00
[2024-08-20T03:47:25.127+0000] {processor.py:208} INFO - Processing /home/airflow/.local/lib/python3.12/site-packages/airflow/example_dags/example_skip_dag.py took 0.102 seconds
[2024-08-20T03:47:55.420+0000] {processor.py:186} INFO - Started process (PID=1235) to work on /home/airflow/.local/lib/python3.12/site-packages/airflow/example_dags/example_skip_dag.py
[2024-08-20T03:47:55.422+0000] {processor.py:914} INFO - Processing file /home/airflow/.local/lib/python3.12/site-packages/airflow/example_dags/example_skip_dag.py for tasks to queue
[2024-08-20T03:47:55.425+0000] {logging_mixin.py:190} INFO - [2024-08-20T03:47:55.424+0000] {dagbag.py:587} INFO - Filling up the DagBag from /home/airflow/.local/lib/python3.12/site-packages/airflow/example_dags/example_skip_dag.py
[2024-08-20T03:47:55.434+0000] {processor.py:925} INFO - DAG(s) 'example_skip_dag' retrieved from /home/airflow/.local/lib/python3.12/site-packages/airflow/example_dags/example_skip_dag.py
[2024-08-20T03:47:55.458+0000] {logging_mixin.py:190} INFO - [2024-08-20T03:47:55.458+0000] {dag.py:3211} INFO - Sync 1 DAGs
[2024-08-20T03:47:55.488+0000] {logging_mixin.py:190} INFO - [2024-08-20T03:47:55.487+0000] {dag.py:4138} INFO - Setting next_dagrun for example_skip_dag to 2024-08-19 00:00:00+00:00, run_after=2024-08-20 00:00:00+00:00
[2024-08-20T03:47:55.510+0000] {processor.py:208} INFO - Processing /home/airflow/.local/lib/python3.12/site-packages/airflow/example_dags/example_skip_dag.py took 0.096 seconds
[2024-08-20T03:48:26.087+0000] {processor.py:186} INFO - Started process (PID=1297) to work on /home/airflow/.local/lib/python3.12/site-packages/airflow/example_dags/example_skip_dag.py
[2024-08-20T03:48:26.089+0000] {processor.py:914} INFO - Processing file /home/airflow/.local/lib/python3.12/site-packages/airflow/example_dags/example_skip_dag.py for tasks to queue
[2024-08-20T03:48:26.092+0000] {logging_mixin.py:190} INFO - [2024-08-20T03:48:26.092+0000] {dagbag.py:587} INFO - Filling up the DagBag from /home/airflow/.local/lib/python3.12/site-packages/airflow/example_dags/example_skip_dag.py
[2024-08-20T03:48:26.100+0000] {processor.py:925} INFO - DAG(s) 'example_skip_dag' retrieved from /home/airflow/.local/lib/python3.12/site-packages/airflow/example_dags/example_skip_dag.py
[2024-08-20T03:48:26.124+0000] {logging_mixin.py:190} INFO - [2024-08-20T03:48:26.123+0000] {dag.py:3211} INFO - Sync 1 DAGs
[2024-08-20T03:48:26.149+0000] {logging_mixin.py:190} INFO - [2024-08-20T03:48:26.149+0000] {dag.py:4138} INFO - Setting next_dagrun for example_skip_dag to 2024-08-19 00:00:00+00:00, run_after=2024-08-20 00:00:00+00:00
[2024-08-20T03:48:26.168+0000] {processor.py:208} INFO - Processing /home/airflow/.local/lib/python3.12/site-packages/airflow/example_dags/example_skip_dag.py took 0.088 seconds
[2024-08-20T03:51:16.788+0000] {processor.py:186} INFO - Started process (PID=109) to work on /home/airflow/.local/lib/python3.12/site-packages/airflow/example_dags/example_skip_dag.py
[2024-08-20T03:51:16.789+0000] {processor.py:914} INFO - Processing file /home/airflow/.local/lib/python3.12/site-packages/airflow/example_dags/example_skip_dag.py for tasks to queue
[2024-08-20T03:51:16.793+0000] {logging_mixin.py:190} INFO - [2024-08-20T03:51:16.792+0000] {dagbag.py:587} INFO - Filling up the DagBag from /home/airflow/.local/lib/python3.12/site-packages/airflow/example_dags/example_skip_dag.py
[2024-08-20T03:51:16.804+0000] {processor.py:925} INFO - DAG(s) 'example_skip_dag' retrieved from /home/airflow/.local/lib/python3.12/site-packages/airflow/example_dags/example_skip_dag.py
[2024-08-20T03:51:16.835+0000] {logging_mixin.py:190} INFO - [2024-08-20T03:51:16.835+0000] {dag.py:3211} INFO - Sync 1 DAGs
[2024-08-20T03:51:16.868+0000] {logging_mixin.py:190} INFO - [2024-08-20T03:51:16.867+0000] {dag.py:4138} INFO - Setting next_dagrun for example_skip_dag to 2024-08-19 00:00:00+00:00, run_after=2024-08-20 00:00:00+00:00
[2024-08-20T03:51:16.893+0000] {processor.py:208} INFO - Processing /home/airflow/.local/lib/python3.12/site-packages/airflow/example_dags/example_skip_dag.py took 0.113 seconds
[2024-08-20T03:51:47.107+0000] {processor.py:186} INFO - Started process (PID=172) to work on /home/airflow/.local/lib/python3.12/site-packages/airflow/example_dags/example_skip_dag.py
[2024-08-20T03:51:47.109+0000] {processor.py:914} INFO - Processing file /home/airflow/.local/lib/python3.12/site-packages/airflow/example_dags/example_skip_dag.py for tasks to queue
[2024-08-20T03:51:47.112+0000] {logging_mixin.py:190} INFO - [2024-08-20T03:51:47.111+0000] {dagbag.py:587} INFO - Filling up the DagBag from /home/airflow/.local/lib/python3.12/site-packages/airflow/example_dags/example_skip_dag.py
[2024-08-20T03:51:47.121+0000] {processor.py:925} INFO - DAG(s) 'example_skip_dag' retrieved from /home/airflow/.local/lib/python3.12/site-packages/airflow/example_dags/example_skip_dag.py
[2024-08-20T03:51:47.145+0000] {logging_mixin.py:190} INFO - [2024-08-20T03:51:47.145+0000] {dag.py:3211} INFO - Sync 1 DAGs
[2024-08-20T03:51:47.170+0000] {logging_mixin.py:190} INFO - [2024-08-20T03:51:47.170+0000] {dag.py:4138} INFO - Setting next_dagrun for example_skip_dag to 2024-08-19 00:00:00+00:00, run_after=2024-08-20 00:00:00+00:00
[2024-08-20T03:51:47.196+0000] {processor.py:208} INFO - Processing /home/airflow/.local/lib/python3.12/site-packages/airflow/example_dags/example_skip_dag.py took 0.095 seconds
[2024-08-20T03:52:17.709+0000] {processor.py:186} INFO - Started process (PID=235) to work on /home/airflow/.local/lib/python3.12/site-packages/airflow/example_dags/example_skip_dag.py
[2024-08-20T03:52:17.711+0000] {processor.py:914} INFO - Processing file /home/airflow/.local/lib/python3.12/site-packages/airflow/example_dags/example_skip_dag.py for tasks to queue
[2024-08-20T03:52:17.713+0000] {logging_mixin.py:190} INFO - [2024-08-20T03:52:17.713+0000] {dagbag.py:587} INFO - Filling up the DagBag from /home/airflow/.local/lib/python3.12/site-packages/airflow/example_dags/example_skip_dag.py
[2024-08-20T03:52:17.721+0000] {processor.py:925} INFO - DAG(s) 'example_skip_dag' retrieved from /home/airflow/.local/lib/python3.12/site-packages/airflow/example_dags/example_skip_dag.py
[2024-08-20T03:52:17.744+0000] {logging_mixin.py:190} INFO - [2024-08-20T03:52:17.744+0000] {dag.py:3211} INFO - Sync 1 DAGs
[2024-08-20T03:52:17.770+0000] {logging_mixin.py:190} INFO - [2024-08-20T03:52:17.769+0000] {dag.py:4138} INFO - Setting next_dagrun for example_skip_dag to 2024-08-19 00:00:00+00:00, run_after=2024-08-20 00:00:00+00:00
[2024-08-20T03:52:17.792+0000] {processor.py:208} INFO - Processing /home/airflow/.local/lib/python3.12/site-packages/airflow/example_dags/example_skip_dag.py took 0.089 seconds
[2024-08-20T03:52:48.948+0000] {processor.py:186} INFO - Started process (PID=297) to work on /home/airflow/.local/lib/python3.12/site-packages/airflow/example_dags/example_skip_dag.py
[2024-08-20T03:52:48.950+0000] {processor.py:914} INFO - Processing file /home/airflow/.local/lib/python3.12/site-packages/airflow/example_dags/example_skip_dag.py for tasks to queue
[2024-08-20T03:52:48.954+0000] {logging_mixin.py:190} INFO - [2024-08-20T03:52:48.953+0000] {dagbag.py:587} INFO - Filling up the DagBag from /home/airflow/.local/lib/python3.12/site-packages/airflow/example_dags/example_skip_dag.py
[2024-08-20T03:52:48.963+0000] {processor.py:925} INFO - DAG(s) 'example_skip_dag' retrieved from /home/airflow/.local/lib/python3.12/site-packages/airflow/example_dags/example_skip_dag.py
[2024-08-20T03:52:48.990+0000] {logging_mixin.py:190} INFO - [2024-08-20T03:52:48.990+0000] {dag.py:3211} INFO - Sync 1 DAGs
[2024-08-20T03:52:49.015+0000] {logging_mixin.py:190} INFO - [2024-08-20T03:52:49.015+0000] {dag.py:4138} INFO - Setting next_dagrun for example_skip_dag to 2024-08-19 00:00:00+00:00, run_after=2024-08-20 00:00:00+00:00
[2024-08-20T03:52:49.041+0000] {processor.py:208} INFO - Processing /home/airflow/.local/lib/python3.12/site-packages/airflow/example_dags/example_skip_dag.py took 0.100 seconds
[2024-08-20T03:53:20.209+0000] {processor.py:186} INFO - Started process (PID=359) to work on /home/airflow/.local/lib/python3.12/site-packages/airflow/example_dags/example_skip_dag.py
[2024-08-20T03:53:20.211+0000] {processor.py:914} INFO - Processing file /home/airflow/.local/lib/python3.12/site-packages/airflow/example_dags/example_skip_dag.py for tasks to queue
[2024-08-20T03:53:20.214+0000] {logging_mixin.py:190} INFO - [2024-08-20T03:53:20.213+0000] {dagbag.py:587} INFO - Filling up the DagBag from /home/airflow/.local/lib/python3.12/site-packages/airflow/example_dags/example_skip_dag.py
[2024-08-20T03:53:20.228+0000] {processor.py:925} INFO - DAG(s) 'example_skip_dag' retrieved from /home/airflow/.local/lib/python3.12/site-packages/airflow/example_dags/example_skip_dag.py
[2024-08-20T03:53:20.270+0000] {logging_mixin.py:190} INFO - [2024-08-20T03:53:20.269+0000] {dag.py:3211} INFO - Sync 1 DAGs
[2024-08-20T03:53:20.307+0000] {logging_mixin.py:190} INFO - [2024-08-20T03:53:20.306+0000] {dag.py:4138} INFO - Setting next_dagrun for example_skip_dag to 2024-08-19 00:00:00+00:00, run_after=2024-08-20 00:00:00+00:00
[2024-08-20T03:53:20.332+0000] {processor.py:208} INFO - Processing /home/airflow/.local/lib/python3.12/site-packages/airflow/example_dags/example_skip_dag.py took 0.133 seconds
[2024-08-20T03:53:50.480+0000] {processor.py:186} INFO - Started process (PID=421) to work on /home/airflow/.local/lib/python3.12/site-packages/airflow/example_dags/example_skip_dag.py
[2024-08-20T03:53:50.481+0000] {processor.py:914} INFO - Processing file /home/airflow/.local/lib/python3.12/site-packages/airflow/example_dags/example_skip_dag.py for tasks to queue
[2024-08-20T03:53:50.484+0000] {logging_mixin.py:190} INFO - [2024-08-20T03:53:50.484+0000] {dagbag.py:587} INFO - Filling up the DagBag from /home/airflow/.local/lib/python3.12/site-packages/airflow/example_dags/example_skip_dag.py
[2024-08-20T03:53:50.495+0000] {processor.py:925} INFO - DAG(s) 'example_skip_dag' retrieved from /home/airflow/.local/lib/python3.12/site-packages/airflow/example_dags/example_skip_dag.py
[2024-08-20T03:53:50.526+0000] {logging_mixin.py:190} INFO - [2024-08-20T03:53:50.526+0000] {dag.py:3211} INFO - Sync 1 DAGs
[2024-08-20T03:53:50.553+0000] {logging_mixin.py:190} INFO - [2024-08-20T03:53:50.553+0000] {dag.py:4138} INFO - Setting next_dagrun for example_skip_dag to 2024-08-19 00:00:00+00:00, run_after=2024-08-20 00:00:00+00:00
[2024-08-20T03:53:50.576+0000] {processor.py:208} INFO - Processing /home/airflow/.local/lib/python3.12/site-packages/airflow/example_dags/example_skip_dag.py took 0.102 seconds
[2024-08-20T03:54:20.858+0000] {processor.py:186} INFO - Started process (PID=483) to work on /home/airflow/.local/lib/python3.12/site-packages/airflow/example_dags/example_skip_dag.py
[2024-08-20T03:54:20.859+0000] {processor.py:914} INFO - Processing file /home/airflow/.local/lib/python3.12/site-packages/airflow/example_dags/example_skip_dag.py for tasks to queue
[2024-08-20T03:54:20.862+0000] {logging_mixin.py:190} INFO - [2024-08-20T03:54:20.862+0000] {dagbag.py:587} INFO - Filling up the DagBag from /home/airflow/.local/lib/python3.12/site-packages/airflow/example_dags/example_skip_dag.py
[2024-08-20T03:54:20.874+0000] {processor.py:925} INFO - DAG(s) 'example_skip_dag' retrieved from /home/airflow/.local/lib/python3.12/site-packages/airflow/example_dags/example_skip_dag.py
[2024-08-20T03:54:20.907+0000] {logging_mixin.py:190} INFO - [2024-08-20T03:54:20.907+0000] {dag.py:3211} INFO - Sync 1 DAGs
[2024-08-20T03:54:20.935+0000] {logging_mixin.py:190} INFO - [2024-08-20T03:54:20.934+0000] {dag.py:4138} INFO - Setting next_dagrun for example_skip_dag to 2024-08-19 00:00:00+00:00, run_after=2024-08-20 00:00:00+00:00
[2024-08-20T03:54:20.957+0000] {processor.py:208} INFO - Processing /home/airflow/.local/lib/python3.12/site-packages/airflow/example_dags/example_skip_dag.py took 0.107 seconds
[2024-08-20T03:54:51.588+0000] {processor.py:186} INFO - Started process (PID=545) to work on /home/airflow/.local/lib/python3.12/site-packages/airflow/example_dags/example_skip_dag.py
[2024-08-20T03:54:51.589+0000] {processor.py:914} INFO - Processing file /home/airflow/.local/lib/python3.12/site-packages/airflow/example_dags/example_skip_dag.py for tasks to queue
[2024-08-20T03:54:51.592+0000] {logging_mixin.py:190} INFO - [2024-08-20T03:54:51.592+0000] {dagbag.py:587} INFO - Filling up the DagBag from /home/airflow/.local/lib/python3.12/site-packages/airflow/example_dags/example_skip_dag.py
[2024-08-20T03:54:51.602+0000] {processor.py:925} INFO - DAG(s) 'example_skip_dag' retrieved from /home/airflow/.local/lib/python3.12/site-packages/airflow/example_dags/example_skip_dag.py
[2024-08-20T03:54:51.632+0000] {logging_mixin.py:190} INFO - [2024-08-20T03:54:51.632+0000] {dag.py:3211} INFO - Sync 1 DAGs
[2024-08-20T03:54:51.668+0000] {logging_mixin.py:190} INFO - [2024-08-20T03:54:51.668+0000] {dag.py:4138} INFO - Setting next_dagrun for example_skip_dag to 2024-08-19 00:00:00+00:00, run_after=2024-08-20 00:00:00+00:00
[2024-08-20T03:54:51.694+0000] {processor.py:208} INFO - Processing /home/airflow/.local/lib/python3.12/site-packages/airflow/example_dags/example_skip_dag.py took 0.115 seconds
[2024-08-20T03:55:22.324+0000] {processor.py:186} INFO - Started process (PID=607) to work on /home/airflow/.local/lib/python3.12/site-packages/airflow/example_dags/example_skip_dag.py
[2024-08-20T03:55:22.326+0000] {processor.py:914} INFO - Processing file /home/airflow/.local/lib/python3.12/site-packages/airflow/example_dags/example_skip_dag.py for tasks to queue
[2024-08-20T03:55:22.329+0000] {logging_mixin.py:190} INFO - [2024-08-20T03:55:22.328+0000] {dagbag.py:587} INFO - Filling up the DagBag from /home/airflow/.local/lib/python3.12/site-packages/airflow/example_dags/example_skip_dag.py
[2024-08-20T03:55:22.343+0000] {processor.py:925} INFO - DAG(s) 'example_skip_dag' retrieved from /home/airflow/.local/lib/python3.12/site-packages/airflow/example_dags/example_skip_dag.py
[2024-08-20T03:55:22.387+0000] {logging_mixin.py:190} INFO - [2024-08-20T03:55:22.387+0000] {dag.py:3211} INFO - Sync 1 DAGs
[2024-08-20T03:55:22.420+0000] {logging_mixin.py:190} INFO - [2024-08-20T03:55:22.420+0000] {dag.py:4138} INFO - Setting next_dagrun for example_skip_dag to 2024-08-19 00:00:00+00:00, run_after=2024-08-20 00:00:00+00:00
[2024-08-20T03:55:22.442+0000] {processor.py:208} INFO - Processing /home/airflow/.local/lib/python3.12/site-packages/airflow/example_dags/example_skip_dag.py took 0.128 seconds
[2024-08-20T03:55:53.729+0000] {processor.py:186} INFO - Started process (PID=669) to work on /home/airflow/.local/lib/python3.12/site-packages/airflow/example_dags/example_skip_dag.py
[2024-08-20T03:55:53.731+0000] {processor.py:914} INFO - Processing file /home/airflow/.local/lib/python3.12/site-packages/airflow/example_dags/example_skip_dag.py for tasks to queue
[2024-08-20T03:55:53.735+0000] {logging_mixin.py:190} INFO - [2024-08-20T03:55:53.734+0000] {dagbag.py:587} INFO - Filling up the DagBag from /home/airflow/.local/lib/python3.12/site-packages/airflow/example_dags/example_skip_dag.py
[2024-08-20T03:55:53.747+0000] {processor.py:925} INFO - DAG(s) 'example_skip_dag' retrieved from /home/airflow/.local/lib/python3.12/site-packages/airflow/example_dags/example_skip_dag.py
[2024-08-20T03:55:53.779+0000] {logging_mixin.py:190} INFO - [2024-08-20T03:55:53.778+0000] {dag.py:3211} INFO - Sync 1 DAGs
[2024-08-20T03:55:53.815+0000] {logging_mixin.py:190} INFO - [2024-08-20T03:55:53.814+0000] {dag.py:4138} INFO - Setting next_dagrun for example_skip_dag to 2024-08-19 00:00:00+00:00, run_after=2024-08-20 00:00:00+00:00
[2024-08-20T03:55:53.845+0000] {processor.py:208} INFO - Processing /home/airflow/.local/lib/python3.12/site-packages/airflow/example_dags/example_skip_dag.py took 0.123 seconds
[2024-08-20T03:56:24.486+0000] {processor.py:186} INFO - Started process (PID=731) to work on /home/airflow/.local/lib/python3.12/site-packages/airflow/example_dags/example_skip_dag.py
[2024-08-20T03:56:24.487+0000] {processor.py:914} INFO - Processing file /home/airflow/.local/lib/python3.12/site-packages/airflow/example_dags/example_skip_dag.py for tasks to queue
[2024-08-20T03:56:24.491+0000] {logging_mixin.py:190} INFO - [2024-08-20T03:56:24.490+0000] {dagbag.py:587} INFO - Filling up the DagBag from /home/airflow/.local/lib/python3.12/site-packages/airflow/example_dags/example_skip_dag.py
[2024-08-20T03:56:24.501+0000] {processor.py:925} INFO - DAG(s) 'example_skip_dag' retrieved from /home/airflow/.local/lib/python3.12/site-packages/airflow/example_dags/example_skip_dag.py
[2024-08-20T03:56:24.522+0000] {logging_mixin.py:190} INFO - [2024-08-20T03:56:24.522+0000] {dag.py:3211} INFO - Sync 1 DAGs
[2024-08-20T03:56:24.551+0000] {logging_mixin.py:190} INFO - [2024-08-20T03:56:24.551+0000] {dag.py:4138} INFO - Setting next_dagrun for example_skip_dag to 2024-08-19 00:00:00+00:00, run_after=2024-08-20 00:00:00+00:00
[2024-08-20T03:56:24.571+0000] {processor.py:208} INFO - Processing /home/airflow/.local/lib/python3.12/site-packages/airflow/example_dags/example_skip_dag.py took 0.092 seconds
[2024-08-20T03:56:54.829+0000] {processor.py:186} INFO - Started process (PID=793) to work on /home/airflow/.local/lib/python3.12/site-packages/airflow/example_dags/example_skip_dag.py
[2024-08-20T03:56:54.830+0000] {processor.py:914} INFO - Processing file /home/airflow/.local/lib/python3.12/site-packages/airflow/example_dags/example_skip_dag.py for tasks to queue
[2024-08-20T03:56:54.833+0000] {logging_mixin.py:190} INFO - [2024-08-20T03:56:54.832+0000] {dagbag.py:587} INFO - Filling up the DagBag from /home/airflow/.local/lib/python3.12/site-packages/airflow/example_dags/example_skip_dag.py
[2024-08-20T03:56:54.841+0000] {processor.py:925} INFO - DAG(s) 'example_skip_dag' retrieved from /home/airflow/.local/lib/python3.12/site-packages/airflow/example_dags/example_skip_dag.py
[2024-08-20T03:56:54.864+0000] {logging_mixin.py:190} INFO - [2024-08-20T03:56:54.864+0000] {dag.py:3211} INFO - Sync 1 DAGs
[2024-08-20T03:56:54.892+0000] {logging_mixin.py:190} INFO - [2024-08-20T03:56:54.892+0000] {dag.py:4138} INFO - Setting next_dagrun for example_skip_dag to 2024-08-19 00:00:00+00:00, run_after=2024-08-20 00:00:00+00:00
[2024-08-20T03:56:54.914+0000] {processor.py:208} INFO - Processing /home/airflow/.local/lib/python3.12/site-packages/airflow/example_dags/example_skip_dag.py took 0.092 seconds
[2024-08-20T03:57:25.286+0000] {processor.py:186} INFO - Started process (PID=855) to work on /home/airflow/.local/lib/python3.12/site-packages/airflow/example_dags/example_skip_dag.py
[2024-08-20T03:57:25.287+0000] {processor.py:914} INFO - Processing file /home/airflow/.local/lib/python3.12/site-packages/airflow/example_dags/example_skip_dag.py for tasks to queue
[2024-08-20T03:57:25.291+0000] {logging_mixin.py:190} INFO - [2024-08-20T03:57:25.290+0000] {dagbag.py:587} INFO - Filling up the DagBag from /home/airflow/.local/lib/python3.12/site-packages/airflow/example_dags/example_skip_dag.py
[2024-08-20T03:57:25.303+0000] {processor.py:925} INFO - DAG(s) 'example_skip_dag' retrieved from /home/airflow/.local/lib/python3.12/site-packages/airflow/example_dags/example_skip_dag.py
[2024-08-20T03:57:25.328+0000] {logging_mixin.py:190} INFO - [2024-08-20T03:57:25.327+0000] {dag.py:3211} INFO - Sync 1 DAGs
[2024-08-20T03:57:25.354+0000] {logging_mixin.py:190} INFO - [2024-08-20T03:57:25.353+0000] {dag.py:4138} INFO - Setting next_dagrun for example_skip_dag to 2024-08-19 00:00:00+00:00, run_after=2024-08-20 00:00:00+00:00
[2024-08-20T03:57:25.375+0000] {processor.py:208} INFO - Processing /home/airflow/.local/lib/python3.12/site-packages/airflow/example_dags/example_skip_dag.py took 0.099 seconds
[2024-08-20T03:57:55.908+0000] {processor.py:186} INFO - Started process (PID=917) to work on /home/airflow/.local/lib/python3.12/site-packages/airflow/example_dags/example_skip_dag.py
[2024-08-20T03:57:55.909+0000] {processor.py:914} INFO - Processing file /home/airflow/.local/lib/python3.12/site-packages/airflow/example_dags/example_skip_dag.py for tasks to queue
[2024-08-20T03:57:55.913+0000] {logging_mixin.py:190} INFO - [2024-08-20T03:57:55.912+0000] {dagbag.py:587} INFO - Filling up the DagBag from /home/airflow/.local/lib/python3.12/site-packages/airflow/example_dags/example_skip_dag.py
[2024-08-20T03:57:55.922+0000] {processor.py:925} INFO - DAG(s) 'example_skip_dag' retrieved from /home/airflow/.local/lib/python3.12/site-packages/airflow/example_dags/example_skip_dag.py
[2024-08-20T03:57:55.948+0000] {logging_mixin.py:190} INFO - [2024-08-20T03:57:55.948+0000] {dag.py:3211} INFO - Sync 1 DAGs
[2024-08-20T03:57:55.976+0000] {logging_mixin.py:190} INFO - [2024-08-20T03:57:55.975+0000] {dag.py:4138} INFO - Setting next_dagrun for example_skip_dag to 2024-08-19 00:00:00+00:00, run_after=2024-08-20 00:00:00+00:00
[2024-08-20T03:57:55.996+0000] {processor.py:208} INFO - Processing /home/airflow/.local/lib/python3.12/site-packages/airflow/example_dags/example_skip_dag.py took 0.095 seconds
[2024-08-20T03:58:26.574+0000] {processor.py:186} INFO - Started process (PID=979) to work on /home/airflow/.local/lib/python3.12/site-packages/airflow/example_dags/example_skip_dag.py
[2024-08-20T03:58:26.576+0000] {processor.py:914} INFO - Processing file /home/airflow/.local/lib/python3.12/site-packages/airflow/example_dags/example_skip_dag.py for tasks to queue
[2024-08-20T03:58:26.579+0000] {logging_mixin.py:190} INFO - [2024-08-20T03:58:26.578+0000] {dagbag.py:587} INFO - Filling up the DagBag from /home/airflow/.local/lib/python3.12/site-packages/airflow/example_dags/example_skip_dag.py
[2024-08-20T03:58:26.592+0000] {processor.py:925} INFO - DAG(s) 'example_skip_dag' retrieved from /home/airflow/.local/lib/python3.12/site-packages/airflow/example_dags/example_skip_dag.py
[2024-08-20T03:58:26.624+0000] {logging_mixin.py:190} INFO - [2024-08-20T03:58:26.623+0000] {dag.py:3211} INFO - Sync 1 DAGs
[2024-08-20T03:58:26.666+0000] {logging_mixin.py:190} INFO - [2024-08-20T03:58:26.665+0000] {dag.py:4138} INFO - Setting next_dagrun for example_skip_dag to 2024-08-19 00:00:00+00:00, run_after=2024-08-20 00:00:00+00:00
[2024-08-20T03:58:26.713+0000] {processor.py:208} INFO - Processing /home/airflow/.local/lib/python3.12/site-packages/airflow/example_dags/example_skip_dag.py took 0.148 seconds
[2024-08-20T03:58:57.029+0000] {processor.py:186} INFO - Started process (PID=1041) to work on /home/airflow/.local/lib/python3.12/site-packages/airflow/example_dags/example_skip_dag.py
[2024-08-20T03:58:57.031+0000] {processor.py:914} INFO - Processing file /home/airflow/.local/lib/python3.12/site-packages/airflow/example_dags/example_skip_dag.py for tasks to queue
[2024-08-20T03:58:57.034+0000] {logging_mixin.py:190} INFO - [2024-08-20T03:58:57.034+0000] {dagbag.py:587} INFO - Filling up the DagBag from /home/airflow/.local/lib/python3.12/site-packages/airflow/example_dags/example_skip_dag.py
[2024-08-20T03:58:57.044+0000] {processor.py:925} INFO - DAG(s) 'example_skip_dag' retrieved from /home/airflow/.local/lib/python3.12/site-packages/airflow/example_dags/example_skip_dag.py
[2024-08-20T03:58:57.081+0000] {logging_mixin.py:190} INFO - [2024-08-20T03:58:57.079+0000] {dag.py:3211} INFO - Sync 1 DAGs
[2024-08-20T03:58:57.111+0000] {logging_mixin.py:190} INFO - [2024-08-20T03:58:57.111+0000] {dag.py:4138} INFO - Setting next_dagrun for example_skip_dag to 2024-08-19 00:00:00+00:00, run_after=2024-08-20 00:00:00+00:00
[2024-08-20T03:58:57.135+0000] {processor.py:208} INFO - Processing /home/airflow/.local/lib/python3.12/site-packages/airflow/example_dags/example_skip_dag.py took 0.114 seconds
[2024-08-20T03:59:27.851+0000] {processor.py:186} INFO - Started process (PID=1103) to work on /home/airflow/.local/lib/python3.12/site-packages/airflow/example_dags/example_skip_dag.py
[2024-08-20T03:59:27.853+0000] {processor.py:914} INFO - Processing file /home/airflow/.local/lib/python3.12/site-packages/airflow/example_dags/example_skip_dag.py for tasks to queue
[2024-08-20T03:59:27.856+0000] {logging_mixin.py:190} INFO - [2024-08-20T03:59:27.856+0000] {dagbag.py:587} INFO - Filling up the DagBag from /home/airflow/.local/lib/python3.12/site-packages/airflow/example_dags/example_skip_dag.py
[2024-08-20T03:59:27.866+0000] {processor.py:925} INFO - DAG(s) 'example_skip_dag' retrieved from /home/airflow/.local/lib/python3.12/site-packages/airflow/example_dags/example_skip_dag.py
[2024-08-20T03:59:27.891+0000] {logging_mixin.py:190} INFO - [2024-08-20T03:59:27.890+0000] {dag.py:3211} INFO - Sync 1 DAGs
[2024-08-20T03:59:27.930+0000] {logging_mixin.py:190} INFO - [2024-08-20T03:59:27.930+0000] {dag.py:4138} INFO - Setting next_dagrun for example_skip_dag to 2024-08-19 00:00:00+00:00, run_after=2024-08-20 00:00:00+00:00
[2024-08-20T03:59:27.955+0000] {processor.py:208} INFO - Processing /home/airflow/.local/lib/python3.12/site-packages/airflow/example_dags/example_skip_dag.py took 0.114 seconds
[2024-08-20T03:59:58.688+0000] {processor.py:186} INFO - Started process (PID=1165) to work on /home/airflow/.local/lib/python3.12/site-packages/airflow/example_dags/example_skip_dag.py
[2024-08-20T03:59:58.690+0000] {processor.py:914} INFO - Processing file /home/airflow/.local/lib/python3.12/site-packages/airflow/example_dags/example_skip_dag.py for tasks to queue
[2024-08-20T03:59:58.692+0000] {logging_mixin.py:190} INFO - [2024-08-20T03:59:58.692+0000] {dagbag.py:587} INFO - Filling up the DagBag from /home/airflow/.local/lib/python3.12/site-packages/airflow/example_dags/example_skip_dag.py
[2024-08-20T03:59:58.704+0000] {processor.py:925} INFO - DAG(s) 'example_skip_dag' retrieved from /home/airflow/.local/lib/python3.12/site-packages/airflow/example_dags/example_skip_dag.py
[2024-08-20T03:59:58.737+0000] {logging_mixin.py:190} INFO - [2024-08-20T03:59:58.736+0000] {dag.py:3211} INFO - Sync 1 DAGs
[2024-08-20T03:59:58.769+0000] {logging_mixin.py:190} INFO - [2024-08-20T03:59:58.768+0000] {dag.py:4138} INFO - Setting next_dagrun for example_skip_dag to 2024-08-19 00:00:00+00:00, run_after=2024-08-20 00:00:00+00:00
[2024-08-20T03:59:58.796+0000] {processor.py:208} INFO - Processing /home/airflow/.local/lib/python3.12/site-packages/airflow/example_dags/example_skip_dag.py took 0.115 seconds
[2024-08-20T04:00:29.029+0000] {processor.py:186} INFO - Started process (PID=1227) to work on /home/airflow/.local/lib/python3.12/site-packages/airflow/example_dags/example_skip_dag.py
[2024-08-20T04:00:29.031+0000] {processor.py:914} INFO - Processing file /home/airflow/.local/lib/python3.12/site-packages/airflow/example_dags/example_skip_dag.py for tasks to queue
[2024-08-20T04:00:29.034+0000] {logging_mixin.py:190} INFO - [2024-08-20T04:00:29.033+0000] {dagbag.py:587} INFO - Filling up the DagBag from /home/airflow/.local/lib/python3.12/site-packages/airflow/example_dags/example_skip_dag.py
[2024-08-20T04:00:29.042+0000] {processor.py:925} INFO - DAG(s) 'example_skip_dag' retrieved from /home/airflow/.local/lib/python3.12/site-packages/airflow/example_dags/example_skip_dag.py
[2024-08-20T04:00:29.067+0000] {logging_mixin.py:190} INFO - [2024-08-20T04:00:29.067+0000] {dag.py:3211} INFO - Sync 1 DAGs
[2024-08-20T04:00:29.092+0000] {logging_mixin.py:190} INFO - [2024-08-20T04:00:29.092+0000] {dag.py:4138} INFO - Setting next_dagrun for example_skip_dag to 2024-08-19 00:00:00+00:00, run_after=2024-08-20 00:00:00+00:00
[2024-08-20T04:00:29.117+0000] {processor.py:208} INFO - Processing /home/airflow/.local/lib/python3.12/site-packages/airflow/example_dags/example_skip_dag.py took 0.094 seconds
[2024-08-20T04:00:59.274+0000] {processor.py:186} INFO - Started process (PID=1290) to work on /home/airflow/.local/lib/python3.12/site-packages/airflow/example_dags/example_skip_dag.py
[2024-08-20T04:00:59.275+0000] {processor.py:914} INFO - Processing file /home/airflow/.local/lib/python3.12/site-packages/airflow/example_dags/example_skip_dag.py for tasks to queue
[2024-08-20T04:00:59.278+0000] {logging_mixin.py:190} INFO - [2024-08-20T04:00:59.278+0000] {dagbag.py:587} INFO - Filling up the DagBag from /home/airflow/.local/lib/python3.12/site-packages/airflow/example_dags/example_skip_dag.py
[2024-08-20T04:00:59.289+0000] {processor.py:925} INFO - DAG(s) 'example_skip_dag' retrieved from /home/airflow/.local/lib/python3.12/site-packages/airflow/example_dags/example_skip_dag.py
[2024-08-20T04:00:59.317+0000] {logging_mixin.py:190} INFO - [2024-08-20T04:00:59.316+0000] {dag.py:3211} INFO - Sync 1 DAGs
[2024-08-20T04:00:59.348+0000] {logging_mixin.py:190} INFO - [2024-08-20T04:00:59.348+0000] {dag.py:4138} INFO - Setting next_dagrun for example_skip_dag to 2024-08-19 00:00:00+00:00, run_after=2024-08-20 00:00:00+00:00
[2024-08-20T04:00:59.372+0000] {processor.py:208} INFO - Processing /home/airflow/.local/lib/python3.12/site-packages/airflow/example_dags/example_skip_dag.py took 0.104 seconds
[2024-08-20T04:01:29.829+0000] {processor.py:186} INFO - Started process (PID=1351) to work on /home/airflow/.local/lib/python3.12/site-packages/airflow/example_dags/example_skip_dag.py
[2024-08-20T04:01:29.830+0000] {processor.py:914} INFO - Processing file /home/airflow/.local/lib/python3.12/site-packages/airflow/example_dags/example_skip_dag.py for tasks to queue
[2024-08-20T04:01:29.833+0000] {logging_mixin.py:190} INFO - [2024-08-20T04:01:29.833+0000] {dagbag.py:587} INFO - Filling up the DagBag from /home/airflow/.local/lib/python3.12/site-packages/airflow/example_dags/example_skip_dag.py
[2024-08-20T04:01:29.844+0000] {processor.py:925} INFO - DAG(s) 'example_skip_dag' retrieved from /home/airflow/.local/lib/python3.12/site-packages/airflow/example_dags/example_skip_dag.py
[2024-08-20T04:01:29.879+0000] {logging_mixin.py:190} INFO - [2024-08-20T04:01:29.878+0000] {dag.py:3211} INFO - Sync 1 DAGs
[2024-08-20T04:01:29.910+0000] {logging_mixin.py:190} INFO - [2024-08-20T04:01:29.910+0000] {dag.py:4138} INFO - Setting next_dagrun for example_skip_dag to 2024-08-19 00:00:00+00:00, run_after=2024-08-20 00:00:00+00:00
[2024-08-20T04:01:29.939+0000] {processor.py:208} INFO - Processing /home/airflow/.local/lib/python3.12/site-packages/airflow/example_dags/example_skip_dag.py took 0.119 seconds
[2024-08-20T04:02:00.285+0000] {processor.py:186} INFO - Started process (PID=1413) to work on /home/airflow/.local/lib/python3.12/site-packages/airflow/example_dags/example_skip_dag.py
[2024-08-20T04:02:00.287+0000] {processor.py:914} INFO - Processing file /home/airflow/.local/lib/python3.12/site-packages/airflow/example_dags/example_skip_dag.py for tasks to queue
[2024-08-20T04:02:00.291+0000] {logging_mixin.py:190} INFO - [2024-08-20T04:02:00.290+0000] {dagbag.py:587} INFO - Filling up the DagBag from /home/airflow/.local/lib/python3.12/site-packages/airflow/example_dags/example_skip_dag.py
[2024-08-20T04:02:00.302+0000] {processor.py:925} INFO - DAG(s) 'example_skip_dag' retrieved from /home/airflow/.local/lib/python3.12/site-packages/airflow/example_dags/example_skip_dag.py
[2024-08-20T04:02:00.325+0000] {logging_mixin.py:190} INFO - [2024-08-20T04:02:00.325+0000] {dag.py:3211} INFO - Sync 1 DAGs
[2024-08-20T04:02:00.354+0000] {logging_mixin.py:190} INFO - [2024-08-20T04:02:00.354+0000] {dag.py:4138} INFO - Setting next_dagrun for example_skip_dag to 2024-08-19 00:00:00+00:00, run_after=2024-08-20 00:00:00+00:00
[2024-08-20T04:02:00.375+0000] {processor.py:208} INFO - Processing /home/airflow/.local/lib/python3.12/site-packages/airflow/example_dags/example_skip_dag.py took 0.098 seconds
[2024-08-20T04:02:30.784+0000] {processor.py:186} INFO - Started process (PID=1475) to work on /home/airflow/.local/lib/python3.12/site-packages/airflow/example_dags/example_skip_dag.py
[2024-08-20T04:02:30.786+0000] {processor.py:914} INFO - Processing file /home/airflow/.local/lib/python3.12/site-packages/airflow/example_dags/example_skip_dag.py for tasks to queue
[2024-08-20T04:02:30.789+0000] {logging_mixin.py:190} INFO - [2024-08-20T04:02:30.789+0000] {dagbag.py:587} INFO - Filling up the DagBag from /home/airflow/.local/lib/python3.12/site-packages/airflow/example_dags/example_skip_dag.py
[2024-08-20T04:02:30.799+0000] {processor.py:925} INFO - DAG(s) 'example_skip_dag' retrieved from /home/airflow/.local/lib/python3.12/site-packages/airflow/example_dags/example_skip_dag.py
[2024-08-20T04:02:30.823+0000] {logging_mixin.py:190} INFO - [2024-08-20T04:02:30.823+0000] {dag.py:3211} INFO - Sync 1 DAGs
[2024-08-20T04:02:30.847+0000] {logging_mixin.py:190} INFO - [2024-08-20T04:02:30.847+0000] {dag.py:4138} INFO - Setting next_dagrun for example_skip_dag to 2024-08-19 00:00:00+00:00, run_after=2024-08-20 00:00:00+00:00
[2024-08-20T04:02:30.873+0000] {processor.py:208} INFO - Processing /home/airflow/.local/lib/python3.12/site-packages/airflow/example_dags/example_skip_dag.py took 0.098 seconds
[2024-08-20T04:03:01.261+0000] {processor.py:186} INFO - Started process (PID=1537) to work on /home/airflow/.local/lib/python3.12/site-packages/airflow/example_dags/example_skip_dag.py
[2024-08-20T04:03:01.263+0000] {processor.py:914} INFO - Processing file /home/airflow/.local/lib/python3.12/site-packages/airflow/example_dags/example_skip_dag.py for tasks to queue
[2024-08-20T04:03:01.266+0000] {logging_mixin.py:190} INFO - [2024-08-20T04:03:01.265+0000] {dagbag.py:587} INFO - Filling up the DagBag from /home/airflow/.local/lib/python3.12/site-packages/airflow/example_dags/example_skip_dag.py
[2024-08-20T04:03:01.276+0000] {processor.py:925} INFO - DAG(s) 'example_skip_dag' retrieved from /home/airflow/.local/lib/python3.12/site-packages/airflow/example_dags/example_skip_dag.py
[2024-08-20T04:03:01.304+0000] {logging_mixin.py:190} INFO - [2024-08-20T04:03:01.304+0000] {dag.py:3211} INFO - Sync 1 DAGs
[2024-08-20T04:03:01.335+0000] {logging_mixin.py:190} INFO - [2024-08-20T04:03:01.335+0000] {dag.py:4138} INFO - Setting next_dagrun for example_skip_dag to 2024-08-19 00:00:00+00:00, run_after=2024-08-20 00:00:00+00:00
[2024-08-20T04:03:01.359+0000] {processor.py:208} INFO - Processing /home/airflow/.local/lib/python3.12/site-packages/airflow/example_dags/example_skip_dag.py took 0.106 seconds
[2024-08-20T04:03:32.436+0000] {processor.py:186} INFO - Started process (PID=1599) to work on /home/airflow/.local/lib/python3.12/site-packages/airflow/example_dags/example_skip_dag.py
[2024-08-20T04:03:32.437+0000] {processor.py:914} INFO - Processing file /home/airflow/.local/lib/python3.12/site-packages/airflow/example_dags/example_skip_dag.py for tasks to queue
[2024-08-20T04:03:32.440+0000] {logging_mixin.py:190} INFO - [2024-08-20T04:03:32.440+0000] {dagbag.py:587} INFO - Filling up the DagBag from /home/airflow/.local/lib/python3.12/site-packages/airflow/example_dags/example_skip_dag.py
[2024-08-20T04:03:32.451+0000] {processor.py:925} INFO - DAG(s) 'example_skip_dag' retrieved from /home/airflow/.local/lib/python3.12/site-packages/airflow/example_dags/example_skip_dag.py
[2024-08-20T04:03:32.475+0000] {logging_mixin.py:190} INFO - [2024-08-20T04:03:32.474+0000] {dag.py:3211} INFO - Sync 1 DAGs
[2024-08-20T04:03:32.506+0000] {logging_mixin.py:190} INFO - [2024-08-20T04:03:32.506+0000] {dag.py:4138} INFO - Setting next_dagrun for example_skip_dag to 2024-08-19 00:00:00+00:00, run_after=2024-08-20 00:00:00+00:00
[2024-08-20T04:03:32.527+0000] {processor.py:208} INFO - Processing /home/airflow/.local/lib/python3.12/site-packages/airflow/example_dags/example_skip_dag.py took 0.098 seconds
[2024-08-20T04:04:03.096+0000] {processor.py:186} INFO - Started process (PID=1661) to work on /home/airflow/.local/lib/python3.12/site-packages/airflow/example_dags/example_skip_dag.py
[2024-08-20T04:04:03.097+0000] {processor.py:914} INFO - Processing file /home/airflow/.local/lib/python3.12/site-packages/airflow/example_dags/example_skip_dag.py for tasks to queue
[2024-08-20T04:04:03.100+0000] {logging_mixin.py:190} INFO - [2024-08-20T04:04:03.100+0000] {dagbag.py:587} INFO - Filling up the DagBag from /home/airflow/.local/lib/python3.12/site-packages/airflow/example_dags/example_skip_dag.py
[2024-08-20T04:04:03.112+0000] {processor.py:925} INFO - DAG(s) 'example_skip_dag' retrieved from /home/airflow/.local/lib/python3.12/site-packages/airflow/example_dags/example_skip_dag.py
[2024-08-20T04:04:03.174+0000] {logging_mixin.py:190} INFO - [2024-08-20T04:04:03.173+0000] {dag.py:3211} INFO - Sync 1 DAGs
[2024-08-20T04:04:03.221+0000] {logging_mixin.py:190} INFO - [2024-08-20T04:04:03.221+0000] {dag.py:4138} INFO - Setting next_dagrun for example_skip_dag to 2024-08-19 00:00:00+00:00, run_after=2024-08-20 00:00:00+00:00
[2024-08-20T04:04:03.243+0000] {processor.py:208} INFO - Processing /home/airflow/.local/lib/python3.12/site-packages/airflow/example_dags/example_skip_dag.py took 0.156 seconds
[2024-08-20T04:04:33.437+0000] {processor.py:186} INFO - Started process (PID=1723) to work on /home/airflow/.local/lib/python3.12/site-packages/airflow/example_dags/example_skip_dag.py
[2024-08-20T04:04:33.439+0000] {processor.py:914} INFO - Processing file /home/airflow/.local/lib/python3.12/site-packages/airflow/example_dags/example_skip_dag.py for tasks to queue
[2024-08-20T04:04:33.442+0000] {logging_mixin.py:190} INFO - [2024-08-20T04:04:33.441+0000] {dagbag.py:587} INFO - Filling up the DagBag from /home/airflow/.local/lib/python3.12/site-packages/airflow/example_dags/example_skip_dag.py
[2024-08-20T04:04:33.451+0000] {processor.py:925} INFO - DAG(s) 'example_skip_dag' retrieved from /home/airflow/.local/lib/python3.12/site-packages/airflow/example_dags/example_skip_dag.py
[2024-08-20T04:04:33.477+0000] {logging_mixin.py:190} INFO - [2024-08-20T04:04:33.477+0000] {dag.py:3211} INFO - Sync 1 DAGs
[2024-08-20T04:04:33.504+0000] {logging_mixin.py:190} INFO - [2024-08-20T04:04:33.504+0000] {dag.py:4138} INFO - Setting next_dagrun for example_skip_dag to 2024-08-19 00:00:00+00:00, run_after=2024-08-20 00:00:00+00:00
[2024-08-20T04:04:33.524+0000] {processor.py:208} INFO - Processing /home/airflow/.local/lib/python3.12/site-packages/airflow/example_dags/example_skip_dag.py took 0.094 seconds
[2024-08-20T04:05:04.215+0000] {processor.py:186} INFO - Started process (PID=1792) to work on /home/airflow/.local/lib/python3.12/site-packages/airflow/example_dags/example_skip_dag.py
[2024-08-20T04:05:04.217+0000] {processor.py:914} INFO - Processing file /home/airflow/.local/lib/python3.12/site-packages/airflow/example_dags/example_skip_dag.py for tasks to queue
[2024-08-20T04:05:04.222+0000] {logging_mixin.py:190} INFO - [2024-08-20T04:05:04.221+0000] {dagbag.py:587} INFO - Filling up the DagBag from /home/airflow/.local/lib/python3.12/site-packages/airflow/example_dags/example_skip_dag.py
[2024-08-20T04:05:04.241+0000] {processor.py:925} INFO - DAG(s) 'example_skip_dag' retrieved from /home/airflow/.local/lib/python3.12/site-packages/airflow/example_dags/example_skip_dag.py
[2024-08-20T04:05:04.284+0000] {logging_mixin.py:190} INFO - [2024-08-20T04:05:04.283+0000] {dag.py:3211} INFO - Sync 1 DAGs
[2024-08-20T04:05:04.325+0000] {logging_mixin.py:190} INFO - [2024-08-20T04:05:04.325+0000] {dag.py:4138} INFO - Setting next_dagrun for example_skip_dag to 2024-08-19 00:00:00+00:00, run_after=2024-08-20 00:00:00+00:00
[2024-08-20T04:05:04.360+0000] {processor.py:208} INFO - Processing /home/airflow/.local/lib/python3.12/site-packages/airflow/example_dags/example_skip_dag.py took 0.160 seconds
[2024-08-20T04:05:34.607+0000] {processor.py:186} INFO - Started process (PID=1853) to work on /home/airflow/.local/lib/python3.12/site-packages/airflow/example_dags/example_skip_dag.py
[2024-08-20T04:05:34.609+0000] {processor.py:914} INFO - Processing file /home/airflow/.local/lib/python3.12/site-packages/airflow/example_dags/example_skip_dag.py for tasks to queue
[2024-08-20T04:05:34.615+0000] {logging_mixin.py:190} INFO - [2024-08-20T04:05:34.613+0000] {dagbag.py:587} INFO - Filling up the DagBag from /home/airflow/.local/lib/python3.12/site-packages/airflow/example_dags/example_skip_dag.py
[2024-08-20T04:05:34.629+0000] {processor.py:925} INFO - DAG(s) 'example_skip_dag' retrieved from /home/airflow/.local/lib/python3.12/site-packages/airflow/example_dags/example_skip_dag.py
[2024-08-20T04:05:34.660+0000] {logging_mixin.py:190} INFO - [2024-08-20T04:05:34.660+0000] {dag.py:3211} INFO - Sync 1 DAGs
[2024-08-20T04:05:34.696+0000] {logging_mixin.py:190} INFO - [2024-08-20T04:05:34.695+0000] {dag.py:4138} INFO - Setting next_dagrun for example_skip_dag to 2024-08-19 00:00:00+00:00, run_after=2024-08-20 00:00:00+00:00
[2024-08-20T04:05:34.729+0000] {processor.py:208} INFO - Processing /home/airflow/.local/lib/python3.12/site-packages/airflow/example_dags/example_skip_dag.py took 0.135 seconds
[2024-08-20T04:06:05.071+0000] {processor.py:186} INFO - Started process (PID=1915) to work on /home/airflow/.local/lib/python3.12/site-packages/airflow/example_dags/example_skip_dag.py
[2024-08-20T04:06:05.073+0000] {processor.py:914} INFO - Processing file /home/airflow/.local/lib/python3.12/site-packages/airflow/example_dags/example_skip_dag.py for tasks to queue
[2024-08-20T04:06:05.077+0000] {logging_mixin.py:190} INFO - [2024-08-20T04:06:05.076+0000] {dagbag.py:587} INFO - Filling up the DagBag from /home/airflow/.local/lib/python3.12/site-packages/airflow/example_dags/example_skip_dag.py
[2024-08-20T04:06:05.088+0000] {processor.py:925} INFO - DAG(s) 'example_skip_dag' retrieved from /home/airflow/.local/lib/python3.12/site-packages/airflow/example_dags/example_skip_dag.py
[2024-08-20T04:06:05.122+0000] {logging_mixin.py:190} INFO - [2024-08-20T04:06:05.122+0000] {dag.py:3211} INFO - Sync 1 DAGs
[2024-08-20T04:06:05.156+0000] {logging_mixin.py:190} INFO - [2024-08-20T04:06:05.156+0000] {dag.py:4138} INFO - Setting next_dagrun for example_skip_dag to 2024-08-19 00:00:00+00:00, run_after=2024-08-20 00:00:00+00:00
[2024-08-20T04:06:05.181+0000] {processor.py:208} INFO - Processing /home/airflow/.local/lib/python3.12/site-packages/airflow/example_dags/example_skip_dag.py took 0.118 seconds
[2024-08-20T04:06:36.089+0000] {processor.py:186} INFO - Started process (PID=1977) to work on /home/airflow/.local/lib/python3.12/site-packages/airflow/example_dags/example_skip_dag.py
[2024-08-20T04:06:36.090+0000] {processor.py:914} INFO - Processing file /home/airflow/.local/lib/python3.12/site-packages/airflow/example_dags/example_skip_dag.py for tasks to queue
[2024-08-20T04:06:36.093+0000] {logging_mixin.py:190} INFO - [2024-08-20T04:06:36.092+0000] {dagbag.py:587} INFO - Filling up the DagBag from /home/airflow/.local/lib/python3.12/site-packages/airflow/example_dags/example_skip_dag.py
[2024-08-20T04:06:36.104+0000] {processor.py:925} INFO - DAG(s) 'example_skip_dag' retrieved from /home/airflow/.local/lib/python3.12/site-packages/airflow/example_dags/example_skip_dag.py
[2024-08-20T04:06:36.137+0000] {logging_mixin.py:190} INFO - [2024-08-20T04:06:36.137+0000] {dag.py:3211} INFO - Sync 1 DAGs
[2024-08-20T04:06:36.167+0000] {logging_mixin.py:190} INFO - [2024-08-20T04:06:36.167+0000] {dag.py:4138} INFO - Setting next_dagrun for example_skip_dag to 2024-08-19 00:00:00+00:00, run_after=2024-08-20 00:00:00+00:00
[2024-08-20T04:06:36.194+0000] {processor.py:208} INFO - Processing /home/airflow/.local/lib/python3.12/site-packages/airflow/example_dags/example_skip_dag.py took 0.113 seconds
[2024-08-20T04:07:07.145+0000] {processor.py:186} INFO - Started process (PID=2038) to work on /home/airflow/.local/lib/python3.12/site-packages/airflow/example_dags/example_skip_dag.py
[2024-08-20T04:07:07.147+0000] {processor.py:914} INFO - Processing file /home/airflow/.local/lib/python3.12/site-packages/airflow/example_dags/example_skip_dag.py for tasks to queue
[2024-08-20T04:07:07.151+0000] {logging_mixin.py:190} INFO - [2024-08-20T04:07:07.150+0000] {dagbag.py:587} INFO - Filling up the DagBag from /home/airflow/.local/lib/python3.12/site-packages/airflow/example_dags/example_skip_dag.py
[2024-08-20T04:07:07.165+0000] {processor.py:925} INFO - DAG(s) 'example_skip_dag' retrieved from /home/airflow/.local/lib/python3.12/site-packages/airflow/example_dags/example_skip_dag.py
[2024-08-20T04:07:07.199+0000] {logging_mixin.py:190} INFO - [2024-08-20T04:07:07.199+0000] {dag.py:3211} INFO - Sync 1 DAGs
[2024-08-20T04:07:07.238+0000] {logging_mixin.py:190} INFO - [2024-08-20T04:07:07.238+0000] {dag.py:4138} INFO - Setting next_dagrun for example_skip_dag to 2024-08-19 00:00:00+00:00, run_after=2024-08-20 00:00:00+00:00
[2024-08-20T04:07:07.268+0000] {processor.py:208} INFO - Processing /home/airflow/.local/lib/python3.12/site-packages/airflow/example_dags/example_skip_dag.py took 0.132 seconds
[2024-08-20T04:07:37.614+0000] {processor.py:186} INFO - Started process (PID=2101) to work on /home/airflow/.local/lib/python3.12/site-packages/airflow/example_dags/example_skip_dag.py
[2024-08-20T04:07:37.615+0000] {processor.py:914} INFO - Processing file /home/airflow/.local/lib/python3.12/site-packages/airflow/example_dags/example_skip_dag.py for tasks to queue
[2024-08-20T04:07:37.618+0000] {logging_mixin.py:190} INFO - [2024-08-20T04:07:37.618+0000] {dagbag.py:587} INFO - Filling up the DagBag from /home/airflow/.local/lib/python3.12/site-packages/airflow/example_dags/example_skip_dag.py
[2024-08-20T04:07:37.630+0000] {processor.py:925} INFO - DAG(s) 'example_skip_dag' retrieved from /home/airflow/.local/lib/python3.12/site-packages/airflow/example_dags/example_skip_dag.py
[2024-08-20T04:07:37.662+0000] {logging_mixin.py:190} INFO - [2024-08-20T04:07:37.662+0000] {dag.py:3211} INFO - Sync 1 DAGs
[2024-08-20T04:07:37.696+0000] {logging_mixin.py:190} INFO - [2024-08-20T04:07:37.695+0000] {dag.py:4138} INFO - Setting next_dagrun for example_skip_dag to 2024-08-19 00:00:00+00:00, run_after=2024-08-20 00:00:00+00:00
[2024-08-20T04:07:37.744+0000] {processor.py:208} INFO - Processing /home/airflow/.local/lib/python3.12/site-packages/airflow/example_dags/example_skip_dag.py took 0.138 seconds
[2024-08-20T04:08:08.456+0000] {processor.py:186} INFO - Started process (PID=2164) to work on /home/airflow/.local/lib/python3.12/site-packages/airflow/example_dags/example_skip_dag.py
[2024-08-20T04:08:08.458+0000] {processor.py:914} INFO - Processing file /home/airflow/.local/lib/python3.12/site-packages/airflow/example_dags/example_skip_dag.py for tasks to queue
[2024-08-20T04:08:08.461+0000] {logging_mixin.py:190} INFO - [2024-08-20T04:08:08.461+0000] {dagbag.py:587} INFO - Filling up the DagBag from /home/airflow/.local/lib/python3.12/site-packages/airflow/example_dags/example_skip_dag.py
[2024-08-20T04:08:08.473+0000] {processor.py:925} INFO - DAG(s) 'example_skip_dag' retrieved from /home/airflow/.local/lib/python3.12/site-packages/airflow/example_dags/example_skip_dag.py
[2024-08-20T04:08:08.503+0000] {logging_mixin.py:190} INFO - [2024-08-20T04:08:08.503+0000] {dag.py:3211} INFO - Sync 1 DAGs
[2024-08-20T04:08:08.540+0000] {logging_mixin.py:190} INFO - [2024-08-20T04:08:08.540+0000] {dag.py:4138} INFO - Setting next_dagrun for example_skip_dag to 2024-08-19 00:00:00+00:00, run_after=2024-08-20 00:00:00+00:00
[2024-08-20T04:08:08.567+0000] {processor.py:208} INFO - Processing /home/airflow/.local/lib/python3.12/site-packages/airflow/example_dags/example_skip_dag.py took 0.120 seconds
[2024-08-20T04:08:39.761+0000] {processor.py:186} INFO - Started process (PID=2226) to work on /home/airflow/.local/lib/python3.12/site-packages/airflow/example_dags/example_skip_dag.py
[2024-08-20T04:08:39.763+0000] {processor.py:914} INFO - Processing file /home/airflow/.local/lib/python3.12/site-packages/airflow/example_dags/example_skip_dag.py for tasks to queue
[2024-08-20T04:08:39.766+0000] {logging_mixin.py:190} INFO - [2024-08-20T04:08:39.766+0000] {dagbag.py:587} INFO - Filling up the DagBag from /home/airflow/.local/lib/python3.12/site-packages/airflow/example_dags/example_skip_dag.py
[2024-08-20T04:08:39.781+0000] {processor.py:925} INFO - DAG(s) 'example_skip_dag' retrieved from /home/airflow/.local/lib/python3.12/site-packages/airflow/example_dags/example_skip_dag.py
[2024-08-20T04:08:39.812+0000] {logging_mixin.py:190} INFO - [2024-08-20T04:08:39.811+0000] {dag.py:3211} INFO - Sync 1 DAGs
[2024-08-20T04:08:39.849+0000] {logging_mixin.py:190} INFO - [2024-08-20T04:08:39.849+0000] {dag.py:4138} INFO - Setting next_dagrun for example_skip_dag to 2024-08-19 00:00:00+00:00, run_after=2024-08-20 00:00:00+00:00
[2024-08-20T04:08:39.880+0000] {processor.py:208} INFO - Processing /home/airflow/.local/lib/python3.12/site-packages/airflow/example_dags/example_skip_dag.py took 0.131 seconds
[2024-08-20T04:09:10.783+0000] {processor.py:186} INFO - Started process (PID=2289) to work on /home/airflow/.local/lib/python3.12/site-packages/airflow/example_dags/example_skip_dag.py
[2024-08-20T04:09:10.784+0000] {processor.py:914} INFO - Processing file /home/airflow/.local/lib/python3.12/site-packages/airflow/example_dags/example_skip_dag.py for tasks to queue
[2024-08-20T04:09:10.788+0000] {logging_mixin.py:190} INFO - [2024-08-20T04:09:10.788+0000] {dagbag.py:587} INFO - Filling up the DagBag from /home/airflow/.local/lib/python3.12/site-packages/airflow/example_dags/example_skip_dag.py
[2024-08-20T04:09:10.802+0000] {processor.py:925} INFO - DAG(s) 'example_skip_dag' retrieved from /home/airflow/.local/lib/python3.12/site-packages/airflow/example_dags/example_skip_dag.py
[2024-08-20T04:09:10.842+0000] {logging_mixin.py:190} INFO - [2024-08-20T04:09:10.841+0000] {dag.py:3211} INFO - Sync 1 DAGs
[2024-08-20T04:09:10.880+0000] {logging_mixin.py:190} INFO - [2024-08-20T04:09:10.880+0000] {dag.py:4138} INFO - Setting next_dagrun for example_skip_dag to 2024-08-19 00:00:00+00:00, run_after=2024-08-20 00:00:00+00:00
[2024-08-20T04:09:10.911+0000] {processor.py:208} INFO - Processing /home/airflow/.local/lib/python3.12/site-packages/airflow/example_dags/example_skip_dag.py took 0.139 seconds
[2024-08-20T04:09:41.959+0000] {processor.py:186} INFO - Started process (PID=2350) to work on /home/airflow/.local/lib/python3.12/site-packages/airflow/example_dags/example_skip_dag.py
[2024-08-20T04:09:41.961+0000] {processor.py:914} INFO - Processing file /home/airflow/.local/lib/python3.12/site-packages/airflow/example_dags/example_skip_dag.py for tasks to queue
[2024-08-20T04:09:41.965+0000] {logging_mixin.py:190} INFO - [2024-08-20T04:09:41.965+0000] {dagbag.py:587} INFO - Filling up the DagBag from /home/airflow/.local/lib/python3.12/site-packages/airflow/example_dags/example_skip_dag.py
[2024-08-20T04:09:41.979+0000] {processor.py:925} INFO - DAG(s) 'example_skip_dag' retrieved from /home/airflow/.local/lib/python3.12/site-packages/airflow/example_dags/example_skip_dag.py
[2024-08-20T04:09:42.012+0000] {logging_mixin.py:190} INFO - [2024-08-20T04:09:42.012+0000] {dag.py:3211} INFO - Sync 1 DAGs
[2024-08-20T04:09:42.049+0000] {logging_mixin.py:190} INFO - [2024-08-20T04:09:42.049+0000] {dag.py:4138} INFO - Setting next_dagrun for example_skip_dag to 2024-08-19 00:00:00+00:00, run_after=2024-08-20 00:00:00+00:00
[2024-08-20T04:09:42.073+0000] {processor.py:208} INFO - Processing /home/airflow/.local/lib/python3.12/site-packages/airflow/example_dags/example_skip_dag.py took 0.124 seconds
[2024-08-20T04:10:17.184+0000] {processor.py:186} INFO - Started process (PID=2414) to work on /home/airflow/.local/lib/python3.12/site-packages/airflow/example_dags/example_skip_dag.py
[2024-08-20T04:10:17.197+0000] {processor.py:914} INFO - Processing file /home/airflow/.local/lib/python3.12/site-packages/airflow/example_dags/example_skip_dag.py for tasks to queue
[2024-08-20T04:10:17.215+0000] {logging_mixin.py:190} INFO - [2024-08-20T04:10:17.214+0000] {dagbag.py:587} INFO - Filling up the DagBag from /home/airflow/.local/lib/python3.12/site-packages/airflow/example_dags/example_skip_dag.py
[2024-08-20T04:10:17.297+0000] {processor.py:925} INFO - DAG(s) 'example_skip_dag' retrieved from /home/airflow/.local/lib/python3.12/site-packages/airflow/example_dags/example_skip_dag.py
[2024-08-20T04:10:17.380+0000] {logging_mixin.py:190} INFO - [2024-08-20T04:10:17.380+0000] {dag.py:3211} INFO - Sync 1 DAGs
[2024-08-20T04:10:17.452+0000] {logging_mixin.py:190} INFO - [2024-08-20T04:10:17.451+0000] {dag.py:4138} INFO - Setting next_dagrun for example_skip_dag to 2024-08-19 00:00:00+00:00, run_after=2024-08-20 00:00:00+00:00
[2024-08-20T04:10:17.512+0000] {processor.py:208} INFO - Processing /home/airflow/.local/lib/python3.12/site-packages/airflow/example_dags/example_skip_dag.py took 0.347 seconds
[2024-08-20T04:10:48.072+0000] {processor.py:186} INFO - Started process (PID=2476) to work on /home/airflow/.local/lib/python3.12/site-packages/airflow/example_dags/example_skip_dag.py
[2024-08-20T04:10:48.074+0000] {processor.py:914} INFO - Processing file /home/airflow/.local/lib/python3.12/site-packages/airflow/example_dags/example_skip_dag.py for tasks to queue
[2024-08-20T04:10:48.078+0000] {logging_mixin.py:190} INFO - [2024-08-20T04:10:48.077+0000] {dagbag.py:587} INFO - Filling up the DagBag from /home/airflow/.local/lib/python3.12/site-packages/airflow/example_dags/example_skip_dag.py
[2024-08-20T04:10:48.089+0000] {processor.py:925} INFO - DAG(s) 'example_skip_dag' retrieved from /home/airflow/.local/lib/python3.12/site-packages/airflow/example_dags/example_skip_dag.py
[2024-08-20T04:10:48.123+0000] {logging_mixin.py:190} INFO - [2024-08-20T04:10:48.122+0000] {dag.py:3211} INFO - Sync 1 DAGs
[2024-08-20T04:10:48.159+0000] {logging_mixin.py:190} INFO - [2024-08-20T04:10:48.159+0000] {dag.py:4138} INFO - Setting next_dagrun for example_skip_dag to 2024-08-19 00:00:00+00:00, run_after=2024-08-20 00:00:00+00:00
[2024-08-20T04:10:48.184+0000] {processor.py:208} INFO - Processing /home/airflow/.local/lib/python3.12/site-packages/airflow/example_dags/example_skip_dag.py took 0.124 seconds
[2024-08-20T04:11:18.826+0000] {processor.py:186} INFO - Started process (PID=2538) to work on /home/airflow/.local/lib/python3.12/site-packages/airflow/example_dags/example_skip_dag.py
[2024-08-20T04:11:18.828+0000] {processor.py:914} INFO - Processing file /home/airflow/.local/lib/python3.12/site-packages/airflow/example_dags/example_skip_dag.py for tasks to queue
[2024-08-20T04:11:18.832+0000] {logging_mixin.py:190} INFO - [2024-08-20T04:11:18.832+0000] {dagbag.py:587} INFO - Filling up the DagBag from /home/airflow/.local/lib/python3.12/site-packages/airflow/example_dags/example_skip_dag.py
[2024-08-20T04:11:18.846+0000] {processor.py:925} INFO - DAG(s) 'example_skip_dag' retrieved from /home/airflow/.local/lib/python3.12/site-packages/airflow/example_dags/example_skip_dag.py
[2024-08-20T04:11:18.896+0000] {logging_mixin.py:190} INFO - [2024-08-20T04:11:18.895+0000] {dag.py:3211} INFO - Sync 1 DAGs
[2024-08-20T04:11:18.936+0000] {logging_mixin.py:190} INFO - [2024-08-20T04:11:18.936+0000] {dag.py:4138} INFO - Setting next_dagrun for example_skip_dag to 2024-08-19 00:00:00+00:00, run_after=2024-08-20 00:00:00+00:00
[2024-08-20T04:11:18.970+0000] {processor.py:208} INFO - Processing /home/airflow/.local/lib/python3.12/site-packages/airflow/example_dags/example_skip_dag.py took 0.161 seconds
[2024-08-20T04:11:49.936+0000] {processor.py:186} INFO - Started process (PID=2601) to work on /home/airflow/.local/lib/python3.12/site-packages/airflow/example_dags/example_skip_dag.py
[2024-08-20T04:11:49.940+0000] {processor.py:914} INFO - Processing file /home/airflow/.local/lib/python3.12/site-packages/airflow/example_dags/example_skip_dag.py for tasks to queue
[2024-08-20T04:11:49.943+0000] {logging_mixin.py:190} INFO - [2024-08-20T04:11:49.943+0000] {dagbag.py:587} INFO - Filling up the DagBag from /home/airflow/.local/lib/python3.12/site-packages/airflow/example_dags/example_skip_dag.py
[2024-08-20T04:11:49.956+0000] {processor.py:925} INFO - DAG(s) 'example_skip_dag' retrieved from /home/airflow/.local/lib/python3.12/site-packages/airflow/example_dags/example_skip_dag.py
[2024-08-20T04:11:49.989+0000] {logging_mixin.py:190} INFO - [2024-08-20T04:11:49.988+0000] {dag.py:3211} INFO - Sync 1 DAGs
[2024-08-20T04:11:50.020+0000] {logging_mixin.py:190} INFO - [2024-08-20T04:11:50.019+0000] {dag.py:4138} INFO - Setting next_dagrun for example_skip_dag to 2024-08-19 00:00:00+00:00, run_after=2024-08-20 00:00:00+00:00
[2024-08-20T04:11:50.049+0000] {processor.py:208} INFO - Processing /home/airflow/.local/lib/python3.12/site-packages/airflow/example_dags/example_skip_dag.py took 0.122 seconds
[2024-08-20T04:12:20.768+0000] {processor.py:186} INFO - Started process (PID=2663) to work on /home/airflow/.local/lib/python3.12/site-packages/airflow/example_dags/example_skip_dag.py
[2024-08-20T04:12:20.770+0000] {processor.py:914} INFO - Processing file /home/airflow/.local/lib/python3.12/site-packages/airflow/example_dags/example_skip_dag.py for tasks to queue
[2024-08-20T04:12:20.774+0000] {logging_mixin.py:190} INFO - [2024-08-20T04:12:20.773+0000] {dagbag.py:587} INFO - Filling up the DagBag from /home/airflow/.local/lib/python3.12/site-packages/airflow/example_dags/example_skip_dag.py
[2024-08-20T04:12:20.792+0000] {processor.py:925} INFO - DAG(s) 'example_skip_dag' retrieved from /home/airflow/.local/lib/python3.12/site-packages/airflow/example_dags/example_skip_dag.py
[2024-08-20T04:12:20.833+0000] {logging_mixin.py:190} INFO - [2024-08-20T04:12:20.833+0000] {dag.py:3211} INFO - Sync 1 DAGs
[2024-08-20T04:12:20.892+0000] {logging_mixin.py:190} INFO - [2024-08-20T04:12:20.891+0000] {dag.py:4138} INFO - Setting next_dagrun for example_skip_dag to 2024-08-19 00:00:00+00:00, run_after=2024-08-20 00:00:00+00:00
[2024-08-20T04:12:20.921+0000] {processor.py:208} INFO - Processing /home/airflow/.local/lib/python3.12/site-packages/airflow/example_dags/example_skip_dag.py took 0.160 seconds
[2024-08-20T04:12:51.928+0000] {processor.py:186} INFO - Started process (PID=2725) to work on /home/airflow/.local/lib/python3.12/site-packages/airflow/example_dags/example_skip_dag.py
[2024-08-20T04:12:51.930+0000] {processor.py:914} INFO - Processing file /home/airflow/.local/lib/python3.12/site-packages/airflow/example_dags/example_skip_dag.py for tasks to queue
[2024-08-20T04:12:51.934+0000] {logging_mixin.py:190} INFO - [2024-08-20T04:12:51.933+0000] {dagbag.py:587} INFO - Filling up the DagBag from /home/airflow/.local/lib/python3.12/site-packages/airflow/example_dags/example_skip_dag.py
[2024-08-20T04:12:51.947+0000] {processor.py:925} INFO - DAG(s) 'example_skip_dag' retrieved from /home/airflow/.local/lib/python3.12/site-packages/airflow/example_dags/example_skip_dag.py
[2024-08-20T04:12:51.983+0000] {logging_mixin.py:190} INFO - [2024-08-20T04:12:51.983+0000] {dag.py:3211} INFO - Sync 1 DAGs
[2024-08-20T04:12:52.026+0000] {logging_mixin.py:190} INFO - [2024-08-20T04:12:52.026+0000] {dag.py:4138} INFO - Setting next_dagrun for example_skip_dag to 2024-08-19 00:00:00+00:00, run_after=2024-08-20 00:00:00+00:00
[2024-08-20T04:12:52.055+0000] {processor.py:208} INFO - Processing /home/airflow/.local/lib/python3.12/site-packages/airflow/example_dags/example_skip_dag.py took 0.136 seconds
[2024-08-20T04:13:23.145+0000] {processor.py:186} INFO - Started process (PID=2787) to work on /home/airflow/.local/lib/python3.12/site-packages/airflow/example_dags/example_skip_dag.py
[2024-08-20T04:13:23.147+0000] {processor.py:914} INFO - Processing file /home/airflow/.local/lib/python3.12/site-packages/airflow/example_dags/example_skip_dag.py for tasks to queue
[2024-08-20T04:13:23.151+0000] {logging_mixin.py:190} INFO - [2024-08-20T04:13:23.150+0000] {dagbag.py:587} INFO - Filling up the DagBag from /home/airflow/.local/lib/python3.12/site-packages/airflow/example_dags/example_skip_dag.py
[2024-08-20T04:13:23.168+0000] {processor.py:925} INFO - DAG(s) 'example_skip_dag' retrieved from /home/airflow/.local/lib/python3.12/site-packages/airflow/example_dags/example_skip_dag.py
[2024-08-20T04:13:23.210+0000] {logging_mixin.py:190} INFO - [2024-08-20T04:13:23.209+0000] {dag.py:3211} INFO - Sync 1 DAGs
[2024-08-20T04:13:23.252+0000] {logging_mixin.py:190} INFO - [2024-08-20T04:13:23.252+0000] {dag.py:4138} INFO - Setting next_dagrun for example_skip_dag to 2024-08-19 00:00:00+00:00, run_after=2024-08-20 00:00:00+00:00
[2024-08-20T04:13:23.292+0000] {processor.py:208} INFO - Processing /home/airflow/.local/lib/python3.12/site-packages/airflow/example_dags/example_skip_dag.py took 0.160 seconds
[2024-08-20T04:13:53.872+0000] {processor.py:186} INFO - Started process (PID=2849) to work on /home/airflow/.local/lib/python3.12/site-packages/airflow/example_dags/example_skip_dag.py
[2024-08-20T04:13:53.873+0000] {processor.py:914} INFO - Processing file /home/airflow/.local/lib/python3.12/site-packages/airflow/example_dags/example_skip_dag.py for tasks to queue
[2024-08-20T04:13:53.878+0000] {logging_mixin.py:190} INFO - [2024-08-20T04:13:53.878+0000] {dagbag.py:587} INFO - Filling up the DagBag from /home/airflow/.local/lib/python3.12/site-packages/airflow/example_dags/example_skip_dag.py
[2024-08-20T04:13:53.892+0000] {processor.py:925} INFO - DAG(s) 'example_skip_dag' retrieved from /home/airflow/.local/lib/python3.12/site-packages/airflow/example_dags/example_skip_dag.py
[2024-08-20T04:13:53.930+0000] {logging_mixin.py:190} INFO - [2024-08-20T04:13:53.930+0000] {dag.py:3211} INFO - Sync 1 DAGs
[2024-08-20T04:13:53.966+0000] {logging_mixin.py:190} INFO - [2024-08-20T04:13:53.965+0000] {dag.py:4138} INFO - Setting next_dagrun for example_skip_dag to 2024-08-19 00:00:00+00:00, run_after=2024-08-20 00:00:00+00:00
[2024-08-20T04:13:53.990+0000] {processor.py:208} INFO - Processing /home/airflow/.local/lib/python3.12/site-packages/airflow/example_dags/example_skip_dag.py took 0.130 seconds
[2024-08-20T04:14:24.228+0000] {processor.py:186} INFO - Started process (PID=2910) to work on /home/airflow/.local/lib/python3.12/site-packages/airflow/example_dags/example_skip_dag.py
[2024-08-20T04:14:24.230+0000] {processor.py:914} INFO - Processing file /home/airflow/.local/lib/python3.12/site-packages/airflow/example_dags/example_skip_dag.py for tasks to queue
[2024-08-20T04:14:24.236+0000] {logging_mixin.py:190} INFO - [2024-08-20T04:14:24.234+0000] {dagbag.py:587} INFO - Filling up the DagBag from /home/airflow/.local/lib/python3.12/site-packages/airflow/example_dags/example_skip_dag.py
[2024-08-20T04:14:24.249+0000] {processor.py:925} INFO - DAG(s) 'example_skip_dag' retrieved from /home/airflow/.local/lib/python3.12/site-packages/airflow/example_dags/example_skip_dag.py
[2024-08-20T04:14:24.286+0000] {logging_mixin.py:190} INFO - [2024-08-20T04:14:24.286+0000] {dag.py:3211} INFO - Sync 1 DAGs
[2024-08-20T04:14:24.330+0000] {logging_mixin.py:190} INFO - [2024-08-20T04:14:24.330+0000] {dag.py:4138} INFO - Setting next_dagrun for example_skip_dag to 2024-08-19 00:00:00+00:00, run_after=2024-08-20 00:00:00+00:00
[2024-08-20T04:14:24.356+0000] {processor.py:208} INFO - Processing /home/airflow/.local/lib/python3.12/site-packages/airflow/example_dags/example_skip_dag.py took 0.138 seconds
[2024-08-20T04:14:55.098+0000] {processor.py:186} INFO - Started process (PID=2972) to work on /home/airflow/.local/lib/python3.12/site-packages/airflow/example_dags/example_skip_dag.py
[2024-08-20T04:14:55.100+0000] {processor.py:914} INFO - Processing file /home/airflow/.local/lib/python3.12/site-packages/airflow/example_dags/example_skip_dag.py for tasks to queue
[2024-08-20T04:14:55.103+0000] {logging_mixin.py:190} INFO - [2024-08-20T04:14:55.103+0000] {dagbag.py:587} INFO - Filling up the DagBag from /home/airflow/.local/lib/python3.12/site-packages/airflow/example_dags/example_skip_dag.py
[2024-08-20T04:14:55.116+0000] {processor.py:925} INFO - DAG(s) 'example_skip_dag' retrieved from /home/airflow/.local/lib/python3.12/site-packages/airflow/example_dags/example_skip_dag.py
[2024-08-20T04:14:55.146+0000] {logging_mixin.py:190} INFO - [2024-08-20T04:14:55.145+0000] {dag.py:3211} INFO - Sync 1 DAGs
[2024-08-20T04:14:55.177+0000] {logging_mixin.py:190} INFO - [2024-08-20T04:14:55.177+0000] {dag.py:4138} INFO - Setting next_dagrun for example_skip_dag to 2024-08-19 00:00:00+00:00, run_after=2024-08-20 00:00:00+00:00
[2024-08-20T04:14:55.200+0000] {processor.py:208} INFO - Processing /home/airflow/.local/lib/python3.12/site-packages/airflow/example_dags/example_skip_dag.py took 0.115 seconds
[2024-08-20T04:15:25.932+0000] {processor.py:186} INFO - Started process (PID=3034) to work on /home/airflow/.local/lib/python3.12/site-packages/airflow/example_dags/example_skip_dag.py
[2024-08-20T04:15:25.933+0000] {processor.py:914} INFO - Processing file /home/airflow/.local/lib/python3.12/site-packages/airflow/example_dags/example_skip_dag.py for tasks to queue
[2024-08-20T04:15:25.939+0000] {logging_mixin.py:190} INFO - [2024-08-20T04:15:25.938+0000] {dagbag.py:587} INFO - Filling up the DagBag from /home/airflow/.local/lib/python3.12/site-packages/airflow/example_dags/example_skip_dag.py
[2024-08-20T04:15:25.954+0000] {processor.py:925} INFO - DAG(s) 'example_skip_dag' retrieved from /home/airflow/.local/lib/python3.12/site-packages/airflow/example_dags/example_skip_dag.py
[2024-08-20T04:15:25.987+0000] {logging_mixin.py:190} INFO - [2024-08-20T04:15:25.987+0000] {dag.py:3211} INFO - Sync 1 DAGs
[2024-08-20T04:15:26.028+0000] {logging_mixin.py:190} INFO - [2024-08-20T04:15:26.028+0000] {dag.py:4138} INFO - Setting next_dagrun for example_skip_dag to 2024-08-19 00:00:00+00:00, run_after=2024-08-20 00:00:00+00:00
[2024-08-20T04:15:26.059+0000] {processor.py:208} INFO - Processing /home/airflow/.local/lib/python3.12/site-packages/airflow/example_dags/example_skip_dag.py took 0.136 seconds
[2024-08-20T04:15:56.929+0000] {processor.py:186} INFO - Started process (PID=3096) to work on /home/airflow/.local/lib/python3.12/site-packages/airflow/example_dags/example_skip_dag.py
[2024-08-20T04:15:56.931+0000] {processor.py:914} INFO - Processing file /home/airflow/.local/lib/python3.12/site-packages/airflow/example_dags/example_skip_dag.py for tasks to queue
[2024-08-20T04:15:56.934+0000] {logging_mixin.py:190} INFO - [2024-08-20T04:15:56.934+0000] {dagbag.py:587} INFO - Filling up the DagBag from /home/airflow/.local/lib/python3.12/site-packages/airflow/example_dags/example_skip_dag.py
[2024-08-20T04:15:56.950+0000] {processor.py:925} INFO - DAG(s) 'example_skip_dag' retrieved from /home/airflow/.local/lib/python3.12/site-packages/airflow/example_dags/example_skip_dag.py
[2024-08-20T04:15:56.986+0000] {logging_mixin.py:190} INFO - [2024-08-20T04:15:56.986+0000] {dag.py:3211} INFO - Sync 1 DAGs
[2024-08-20T04:15:57.032+0000] {logging_mixin.py:190} INFO - [2024-08-20T04:15:57.032+0000] {dag.py:4138} INFO - Setting next_dagrun for example_skip_dag to 2024-08-19 00:00:00+00:00, run_after=2024-08-20 00:00:00+00:00
[2024-08-20T04:15:57.064+0000] {processor.py:208} INFO - Processing /home/airflow/.local/lib/python3.12/site-packages/airflow/example_dags/example_skip_dag.py took 0.146 seconds
[2024-08-20T04:16:27.396+0000] {processor.py:186} INFO - Started process (PID=3157) to work on /home/airflow/.local/lib/python3.12/site-packages/airflow/example_dags/example_skip_dag.py
[2024-08-20T04:16:27.398+0000] {processor.py:914} INFO - Processing file /home/airflow/.local/lib/python3.12/site-packages/airflow/example_dags/example_skip_dag.py for tasks to queue
[2024-08-20T04:16:27.403+0000] {logging_mixin.py:190} INFO - [2024-08-20T04:16:27.402+0000] {dagbag.py:587} INFO - Filling up the DagBag from /home/airflow/.local/lib/python3.12/site-packages/airflow/example_dags/example_skip_dag.py
[2024-08-20T04:16:27.415+0000] {processor.py:925} INFO - DAG(s) 'example_skip_dag' retrieved from /home/airflow/.local/lib/python3.12/site-packages/airflow/example_dags/example_skip_dag.py
[2024-08-20T04:16:27.452+0000] {logging_mixin.py:190} INFO - [2024-08-20T04:16:27.452+0000] {dag.py:3211} INFO - Sync 1 DAGs
[2024-08-20T04:16:27.738+0000] {logging_mixin.py:190} INFO - [2024-08-20T04:16:27.738+0000] {dag.py:4138} INFO - Setting next_dagrun for example_skip_dag to 2024-08-19 00:00:00+00:00, run_after=2024-08-20 00:00:00+00:00
[2024-08-20T04:16:27.767+0000] {processor.py:208} INFO - Processing /home/airflow/.local/lib/python3.12/site-packages/airflow/example_dags/example_skip_dag.py took 0.384 seconds
