[2024-08-20T03:38:40.978+0000] {processor.py:186} INFO - Started process (PID=94) to work on /home/airflow/.local/lib/python3.12/site-packages/airflow/example_dags/example_sensors.py
[2024-08-20T03:38:40.980+0000] {processor.py:914} INFO - Processing file /home/airflow/.local/lib/python3.12/site-packages/airflow/example_dags/example_sensors.py for tasks to queue
[2024-08-20T03:38:40.983+0000] {logging_mixin.py:190} INFO - [2024-08-20T03:38:40.983+0000] {dagbag.py:587} INFO - Filling up the DagBag from /home/airflow/.local/lib/python3.12/site-packages/airflow/example_dags/example_sensors.py
[2024-08-20T03:38:41.001+0000] {processor.py:925} INFO - DAG(s) 'example_sensors' retrieved from /home/airflow/.local/lib/python3.12/site-packages/airflow/example_dags/example_sensors.py
[2024-08-20T03:38:41.130+0000] {logging_mixin.py:190} INFO - [2024-08-20T03:38:41.129+0000] {override.py:1858} INFO - Created Permission View: can edit on DAG:example_sensors
[2024-08-20T03:38:41.142+0000] {logging_mixin.py:190} INFO - [2024-08-20T03:38:41.141+0000] {override.py:1858} INFO - Created Permission View: can read on DAG:example_sensors
[2024-08-20T03:38:41.150+0000] {logging_mixin.py:190} INFO - [2024-08-20T03:38:41.149+0000] {override.py:1858} INFO - Created Permission View: can delete on DAG:example_sensors
[2024-08-20T03:38:41.151+0000] {logging_mixin.py:190} INFO - [2024-08-20T03:38:41.151+0000] {dag.py:3211} INFO - Sync 1 DAGs
[2024-08-20T03:38:41.166+0000] {logging_mixin.py:190} INFO - [2024-08-20T03:38:41.165+0000] {dag.py:3234} INFO - Creating ORM DAG for example_sensors
[2024-08-20T03:38:41.167+0000] {logging_mixin.py:190} INFO - [2024-08-20T03:38:41.167+0000] {dag.py:4138} INFO - Setting next_dagrun for example_sensors to None, run_after=None
[2024-08-20T03:38:41.187+0000] {processor.py:208} INFO - Processing /home/airflow/.local/lib/python3.12/site-packages/airflow/example_dags/example_sensors.py took 0.216 seconds
[2024-08-20T03:39:11.271+0000] {processor.py:186} INFO - Started process (PID=156) to work on /home/airflow/.local/lib/python3.12/site-packages/airflow/example_dags/example_sensors.py
[2024-08-20T03:39:11.272+0000] {processor.py:914} INFO - Processing file /home/airflow/.local/lib/python3.12/site-packages/airflow/example_dags/example_sensors.py for tasks to queue
[2024-08-20T03:39:11.276+0000] {logging_mixin.py:190} INFO - [2024-08-20T03:39:11.276+0000] {dagbag.py:587} INFO - Filling up the DagBag from /home/airflow/.local/lib/python3.12/site-packages/airflow/example_dags/example_sensors.py
[2024-08-20T03:39:11.288+0000] {processor.py:925} INFO - DAG(s) 'example_sensors' retrieved from /home/airflow/.local/lib/python3.12/site-packages/airflow/example_dags/example_sensors.py
[2024-08-20T03:39:11.317+0000] {logging_mixin.py:190} INFO - [2024-08-20T03:39:11.316+0000] {dag.py:3211} INFO - Sync 1 DAGs
[2024-08-20T03:39:11.332+0000] {logging_mixin.py:190} INFO - [2024-08-20T03:39:11.332+0000] {dag.py:4138} INFO - Setting next_dagrun for example_sensors to None, run_after=None
[2024-08-20T03:39:11.351+0000] {processor.py:208} INFO - Processing /home/airflow/.local/lib/python3.12/site-packages/airflow/example_dags/example_sensors.py took 0.086 seconds
[2024-08-20T03:39:41.867+0000] {processor.py:186} INFO - Started process (PID=218) to work on /home/airflow/.local/lib/python3.12/site-packages/airflow/example_dags/example_sensors.py
[2024-08-20T03:39:41.868+0000] {processor.py:914} INFO - Processing file /home/airflow/.local/lib/python3.12/site-packages/airflow/example_dags/example_sensors.py for tasks to queue
[2024-08-20T03:39:41.871+0000] {logging_mixin.py:190} INFO - [2024-08-20T03:39:41.871+0000] {dagbag.py:587} INFO - Filling up the DagBag from /home/airflow/.local/lib/python3.12/site-packages/airflow/example_dags/example_sensors.py
[2024-08-20T03:39:41.884+0000] {processor.py:925} INFO - DAG(s) 'example_sensors' retrieved from /home/airflow/.local/lib/python3.12/site-packages/airflow/example_dags/example_sensors.py
[2024-08-20T03:39:41.915+0000] {logging_mixin.py:190} INFO - [2024-08-20T03:39:41.915+0000] {dag.py:3211} INFO - Sync 1 DAGs
[2024-08-20T03:39:41.932+0000] {logging_mixin.py:190} INFO - [2024-08-20T03:39:41.932+0000] {dag.py:4138} INFO - Setting next_dagrun for example_sensors to None, run_after=None
[2024-08-20T03:39:41.955+0000] {processor.py:208} INFO - Processing /home/airflow/.local/lib/python3.12/site-packages/airflow/example_dags/example_sensors.py took 0.094 seconds
[2024-08-20T03:40:12.782+0000] {processor.py:186} INFO - Started process (PID=280) to work on /home/airflow/.local/lib/python3.12/site-packages/airflow/example_dags/example_sensors.py
[2024-08-20T03:40:12.784+0000] {processor.py:914} INFO - Processing file /home/airflow/.local/lib/python3.12/site-packages/airflow/example_dags/example_sensors.py for tasks to queue
[2024-08-20T03:40:12.786+0000] {logging_mixin.py:190} INFO - [2024-08-20T03:40:12.786+0000] {dagbag.py:587} INFO - Filling up the DagBag from /home/airflow/.local/lib/python3.12/site-packages/airflow/example_dags/example_sensors.py
[2024-08-20T03:40:12.799+0000] {processor.py:925} INFO - DAG(s) 'example_sensors' retrieved from /home/airflow/.local/lib/python3.12/site-packages/airflow/example_dags/example_sensors.py
[2024-08-20T03:40:12.828+0000] {logging_mixin.py:190} INFO - [2024-08-20T03:40:12.828+0000] {dag.py:3211} INFO - Sync 1 DAGs
[2024-08-20T03:40:12.843+0000] {logging_mixin.py:190} INFO - [2024-08-20T03:40:12.842+0000] {dag.py:4138} INFO - Setting next_dagrun for example_sensors to None, run_after=None
[2024-08-20T03:40:12.864+0000] {processor.py:208} INFO - Processing /home/airflow/.local/lib/python3.12/site-packages/airflow/example_dags/example_sensors.py took 0.088 seconds
[2024-08-20T03:40:43.315+0000] {processor.py:186} INFO - Started process (PID=342) to work on /home/airflow/.local/lib/python3.12/site-packages/airflow/example_dags/example_sensors.py
[2024-08-20T03:40:43.316+0000] {processor.py:914} INFO - Processing file /home/airflow/.local/lib/python3.12/site-packages/airflow/example_dags/example_sensors.py for tasks to queue
[2024-08-20T03:40:43.320+0000] {logging_mixin.py:190} INFO - [2024-08-20T03:40:43.320+0000] {dagbag.py:587} INFO - Filling up the DagBag from /home/airflow/.local/lib/python3.12/site-packages/airflow/example_dags/example_sensors.py
[2024-08-20T03:40:43.334+0000] {processor.py:925} INFO - DAG(s) 'example_sensors' retrieved from /home/airflow/.local/lib/python3.12/site-packages/airflow/example_dags/example_sensors.py
[2024-08-20T03:40:43.364+0000] {logging_mixin.py:190} INFO - [2024-08-20T03:40:43.364+0000] {dag.py:3211} INFO - Sync 1 DAGs
[2024-08-20T03:40:43.379+0000] {logging_mixin.py:190} INFO - [2024-08-20T03:40:43.378+0000] {dag.py:4138} INFO - Setting next_dagrun for example_sensors to None, run_after=None
[2024-08-20T03:40:43.398+0000] {processor.py:208} INFO - Processing /home/airflow/.local/lib/python3.12/site-packages/airflow/example_dags/example_sensors.py took 0.089 seconds
[2024-08-20T03:41:13.695+0000] {processor.py:186} INFO - Started process (PID=404) to work on /home/airflow/.local/lib/python3.12/site-packages/airflow/example_dags/example_sensors.py
[2024-08-20T03:41:13.697+0000] {processor.py:914} INFO - Processing file /home/airflow/.local/lib/python3.12/site-packages/airflow/example_dags/example_sensors.py for tasks to queue
[2024-08-20T03:41:13.700+0000] {logging_mixin.py:190} INFO - [2024-08-20T03:41:13.700+0000] {dagbag.py:587} INFO - Filling up the DagBag from /home/airflow/.local/lib/python3.12/site-packages/airflow/example_dags/example_sensors.py
[2024-08-20T03:41:13.716+0000] {processor.py:925} INFO - DAG(s) 'example_sensors' retrieved from /home/airflow/.local/lib/python3.12/site-packages/airflow/example_dags/example_sensors.py
[2024-08-20T03:41:13.752+0000] {logging_mixin.py:190} INFO - [2024-08-20T03:41:13.752+0000] {dag.py:3211} INFO - Sync 1 DAGs
[2024-08-20T03:41:13.775+0000] {logging_mixin.py:190} INFO - [2024-08-20T03:41:13.775+0000] {dag.py:4138} INFO - Setting next_dagrun for example_sensors to None, run_after=None
[2024-08-20T03:41:13.800+0000] {processor.py:208} INFO - Processing /home/airflow/.local/lib/python3.12/site-packages/airflow/example_dags/example_sensors.py took 0.114 seconds
[2024-08-20T03:41:44.565+0000] {processor.py:186} INFO - Started process (PID=466) to work on /home/airflow/.local/lib/python3.12/site-packages/airflow/example_dags/example_sensors.py
[2024-08-20T03:41:44.566+0000] {processor.py:914} INFO - Processing file /home/airflow/.local/lib/python3.12/site-packages/airflow/example_dags/example_sensors.py for tasks to queue
[2024-08-20T03:41:44.569+0000] {logging_mixin.py:190} INFO - [2024-08-20T03:41:44.569+0000] {dagbag.py:587} INFO - Filling up the DagBag from /home/airflow/.local/lib/python3.12/site-packages/airflow/example_dags/example_sensors.py
[2024-08-20T03:41:44.585+0000] {processor.py:925} INFO - DAG(s) 'example_sensors' retrieved from /home/airflow/.local/lib/python3.12/site-packages/airflow/example_dags/example_sensors.py
[2024-08-20T03:41:44.624+0000] {logging_mixin.py:190} INFO - [2024-08-20T03:41:44.624+0000] {dag.py:3211} INFO - Sync 1 DAGs
[2024-08-20T03:41:44.648+0000] {logging_mixin.py:190} INFO - [2024-08-20T03:41:44.647+0000] {dag.py:4138} INFO - Setting next_dagrun for example_sensors to None, run_after=None
[2024-08-20T03:41:44.683+0000] {processor.py:208} INFO - Processing /home/airflow/.local/lib/python3.12/site-packages/airflow/example_dags/example_sensors.py took 0.125 seconds
[2024-08-20T03:42:15.027+0000] {processor.py:186} INFO - Started process (PID=528) to work on /home/airflow/.local/lib/python3.12/site-packages/airflow/example_dags/example_sensors.py
[2024-08-20T03:42:15.028+0000] {processor.py:914} INFO - Processing file /home/airflow/.local/lib/python3.12/site-packages/airflow/example_dags/example_sensors.py for tasks to queue
[2024-08-20T03:42:15.032+0000] {logging_mixin.py:190} INFO - [2024-08-20T03:42:15.031+0000] {dagbag.py:587} INFO - Filling up the DagBag from /home/airflow/.local/lib/python3.12/site-packages/airflow/example_dags/example_sensors.py
[2024-08-20T03:42:15.046+0000] {processor.py:925} INFO - DAG(s) 'example_sensors' retrieved from /home/airflow/.local/lib/python3.12/site-packages/airflow/example_dags/example_sensors.py
[2024-08-20T03:42:15.082+0000] {logging_mixin.py:190} INFO - [2024-08-20T03:42:15.081+0000] {dag.py:3211} INFO - Sync 1 DAGs
[2024-08-20T03:42:15.099+0000] {logging_mixin.py:190} INFO - [2024-08-20T03:42:15.099+0000] {dag.py:4138} INFO - Setting next_dagrun for example_sensors to None, run_after=None
[2024-08-20T03:42:15.129+0000] {processor.py:208} INFO - Processing /home/airflow/.local/lib/python3.12/site-packages/airflow/example_dags/example_sensors.py took 0.110 seconds
[2024-08-20T03:42:46.518+0000] {processor.py:186} INFO - Started process (PID=590) to work on /home/airflow/.local/lib/python3.12/site-packages/airflow/example_dags/example_sensors.py
[2024-08-20T03:42:46.520+0000] {processor.py:914} INFO - Processing file /home/airflow/.local/lib/python3.12/site-packages/airflow/example_dags/example_sensors.py for tasks to queue
[2024-08-20T03:42:46.525+0000] {logging_mixin.py:190} INFO - [2024-08-20T03:42:46.524+0000] {dagbag.py:587} INFO - Filling up the DagBag from /home/airflow/.local/lib/python3.12/site-packages/airflow/example_dags/example_sensors.py
[2024-08-20T03:42:46.553+0000] {processor.py:925} INFO - DAG(s) 'example_sensors' retrieved from /home/airflow/.local/lib/python3.12/site-packages/airflow/example_dags/example_sensors.py
[2024-08-20T03:42:46.602+0000] {logging_mixin.py:190} INFO - [2024-08-20T03:42:46.602+0000] {dag.py:3211} INFO - Sync 1 DAGs
[2024-08-20T03:42:46.628+0000] {logging_mixin.py:190} INFO - [2024-08-20T03:42:46.628+0000] {dag.py:4138} INFO - Setting next_dagrun for example_sensors to None, run_after=None
[2024-08-20T03:42:46.666+0000] {processor.py:208} INFO - Processing /home/airflow/.local/lib/python3.12/site-packages/airflow/example_dags/example_sensors.py took 0.165 seconds
[2024-08-20T03:43:16.902+0000] {processor.py:186} INFO - Started process (PID=652) to work on /home/airflow/.local/lib/python3.12/site-packages/airflow/example_dags/example_sensors.py
[2024-08-20T03:43:16.903+0000] {processor.py:914} INFO - Processing file /home/airflow/.local/lib/python3.12/site-packages/airflow/example_dags/example_sensors.py for tasks to queue
[2024-08-20T03:43:16.907+0000] {logging_mixin.py:190} INFO - [2024-08-20T03:43:16.906+0000] {dagbag.py:587} INFO - Filling up the DagBag from /home/airflow/.local/lib/python3.12/site-packages/airflow/example_dags/example_sensors.py
[2024-08-20T03:43:16.918+0000] {processor.py:925} INFO - DAG(s) 'example_sensors' retrieved from /home/airflow/.local/lib/python3.12/site-packages/airflow/example_dags/example_sensors.py
[2024-08-20T03:43:16.949+0000] {logging_mixin.py:190} INFO - [2024-08-20T03:43:16.949+0000] {dag.py:3211} INFO - Sync 1 DAGs
[2024-08-20T03:43:16.967+0000] {logging_mixin.py:190} INFO - [2024-08-20T03:43:16.967+0000] {dag.py:4138} INFO - Setting next_dagrun for example_sensors to None, run_after=None
[2024-08-20T03:43:16.990+0000] {processor.py:208} INFO - Processing /home/airflow/.local/lib/python3.12/site-packages/airflow/example_dags/example_sensors.py took 0.095 seconds
[2024-08-20T03:43:47.465+0000] {processor.py:186} INFO - Started process (PID=714) to work on /home/airflow/.local/lib/python3.12/site-packages/airflow/example_dags/example_sensors.py
[2024-08-20T03:43:47.467+0000] {processor.py:914} INFO - Processing file /home/airflow/.local/lib/python3.12/site-packages/airflow/example_dags/example_sensors.py for tasks to queue
[2024-08-20T03:43:47.469+0000] {logging_mixin.py:190} INFO - [2024-08-20T03:43:47.469+0000] {dagbag.py:587} INFO - Filling up the DagBag from /home/airflow/.local/lib/python3.12/site-packages/airflow/example_dags/example_sensors.py
[2024-08-20T03:43:47.485+0000] {processor.py:925} INFO - DAG(s) 'example_sensors' retrieved from /home/airflow/.local/lib/python3.12/site-packages/airflow/example_dags/example_sensors.py
[2024-08-20T03:43:47.519+0000] {logging_mixin.py:190} INFO - [2024-08-20T03:43:47.519+0000] {dag.py:3211} INFO - Sync 1 DAGs
[2024-08-20T03:43:47.540+0000] {logging_mixin.py:190} INFO - [2024-08-20T03:43:47.539+0000] {dag.py:4138} INFO - Setting next_dagrun for example_sensors to None, run_after=None
[2024-08-20T03:43:47.566+0000] {processor.py:208} INFO - Processing /home/airflow/.local/lib/python3.12/site-packages/airflow/example_dags/example_sensors.py took 0.109 seconds
[2024-08-20T03:44:18.225+0000] {processor.py:186} INFO - Started process (PID=776) to work on /home/airflow/.local/lib/python3.12/site-packages/airflow/example_dags/example_sensors.py
[2024-08-20T03:44:18.227+0000] {processor.py:914} INFO - Processing file /home/airflow/.local/lib/python3.12/site-packages/airflow/example_dags/example_sensors.py for tasks to queue
[2024-08-20T03:44:18.229+0000] {logging_mixin.py:190} INFO - [2024-08-20T03:44:18.229+0000] {dagbag.py:587} INFO - Filling up the DagBag from /home/airflow/.local/lib/python3.12/site-packages/airflow/example_dags/example_sensors.py
[2024-08-20T03:44:18.242+0000] {processor.py:925} INFO - DAG(s) 'example_sensors' retrieved from /home/airflow/.local/lib/python3.12/site-packages/airflow/example_dags/example_sensors.py
[2024-08-20T03:44:18.271+0000] {logging_mixin.py:190} INFO - [2024-08-20T03:44:18.270+0000] {dag.py:3211} INFO - Sync 1 DAGs
[2024-08-20T03:44:18.287+0000] {logging_mixin.py:190} INFO - [2024-08-20T03:44:18.287+0000] {dag.py:4138} INFO - Setting next_dagrun for example_sensors to None, run_after=None
[2024-08-20T03:44:18.312+0000] {processor.py:208} INFO - Processing /home/airflow/.local/lib/python3.12/site-packages/airflow/example_dags/example_sensors.py took 0.095 seconds
[2024-08-20T03:44:49.044+0000] {processor.py:186} INFO - Started process (PID=838) to work on /home/airflow/.local/lib/python3.12/site-packages/airflow/example_dags/example_sensors.py
[2024-08-20T03:44:49.046+0000] {processor.py:914} INFO - Processing file /home/airflow/.local/lib/python3.12/site-packages/airflow/example_dags/example_sensors.py for tasks to queue
[2024-08-20T03:44:49.048+0000] {logging_mixin.py:190} INFO - [2024-08-20T03:44:49.048+0000] {dagbag.py:587} INFO - Filling up the DagBag from /home/airflow/.local/lib/python3.12/site-packages/airflow/example_dags/example_sensors.py
[2024-08-20T03:44:49.059+0000] {processor.py:925} INFO - DAG(s) 'example_sensors' retrieved from /home/airflow/.local/lib/python3.12/site-packages/airflow/example_dags/example_sensors.py
[2024-08-20T03:44:49.088+0000] {logging_mixin.py:190} INFO - [2024-08-20T03:44:49.088+0000] {dag.py:3211} INFO - Sync 1 DAGs
[2024-08-20T03:44:49.105+0000] {logging_mixin.py:190} INFO - [2024-08-20T03:44:49.105+0000] {dag.py:4138} INFO - Setting next_dagrun for example_sensors to None, run_after=None
[2024-08-20T03:44:49.128+0000] {processor.py:208} INFO - Processing /home/airflow/.local/lib/python3.12/site-packages/airflow/example_dags/example_sensors.py took 0.091 seconds
[2024-08-20T03:45:19.679+0000] {processor.py:186} INFO - Started process (PID=900) to work on /home/airflow/.local/lib/python3.12/site-packages/airflow/example_dags/example_sensors.py
[2024-08-20T03:45:19.680+0000] {processor.py:914} INFO - Processing file /home/airflow/.local/lib/python3.12/site-packages/airflow/example_dags/example_sensors.py for tasks to queue
[2024-08-20T03:45:19.683+0000] {logging_mixin.py:190} INFO - [2024-08-20T03:45:19.682+0000] {dagbag.py:587} INFO - Filling up the DagBag from /home/airflow/.local/lib/python3.12/site-packages/airflow/example_dags/example_sensors.py
[2024-08-20T03:45:19.696+0000] {processor.py:925} INFO - DAG(s) 'example_sensors' retrieved from /home/airflow/.local/lib/python3.12/site-packages/airflow/example_dags/example_sensors.py
[2024-08-20T03:45:19.730+0000] {logging_mixin.py:190} INFO - [2024-08-20T03:45:19.730+0000] {dag.py:3211} INFO - Sync 1 DAGs
[2024-08-20T03:45:19.747+0000] {logging_mixin.py:190} INFO - [2024-08-20T03:45:19.747+0000] {dag.py:4138} INFO - Setting next_dagrun for example_sensors to None, run_after=None
[2024-08-20T03:45:19.773+0000] {processor.py:208} INFO - Processing /home/airflow/.local/lib/python3.12/site-packages/airflow/example_dags/example_sensors.py took 0.101 seconds
[2024-08-20T03:45:50.314+0000] {processor.py:186} INFO - Started process (PID=962) to work on /home/airflow/.local/lib/python3.12/site-packages/airflow/example_dags/example_sensors.py
[2024-08-20T03:45:50.315+0000] {processor.py:914} INFO - Processing file /home/airflow/.local/lib/python3.12/site-packages/airflow/example_dags/example_sensors.py for tasks to queue
[2024-08-20T03:45:50.318+0000] {logging_mixin.py:190} INFO - [2024-08-20T03:45:50.318+0000] {dagbag.py:587} INFO - Filling up the DagBag from /home/airflow/.local/lib/python3.12/site-packages/airflow/example_dags/example_sensors.py
[2024-08-20T03:45:50.330+0000] {processor.py:925} INFO - DAG(s) 'example_sensors' retrieved from /home/airflow/.local/lib/python3.12/site-packages/airflow/example_dags/example_sensors.py
[2024-08-20T03:45:50.360+0000] {logging_mixin.py:190} INFO - [2024-08-20T03:45:50.359+0000] {dag.py:3211} INFO - Sync 1 DAGs
[2024-08-20T03:45:50.377+0000] {logging_mixin.py:190} INFO - [2024-08-20T03:45:50.377+0000] {dag.py:4138} INFO - Setting next_dagrun for example_sensors to None, run_after=None
[2024-08-20T03:45:50.399+0000] {processor.py:208} INFO - Processing /home/airflow/.local/lib/python3.12/site-packages/airflow/example_dags/example_sensors.py took 0.091 seconds
[2024-08-20T03:46:20.916+0000] {processor.py:186} INFO - Started process (PID=1024) to work on /home/airflow/.local/lib/python3.12/site-packages/airflow/example_dags/example_sensors.py
[2024-08-20T03:46:20.917+0000] {processor.py:914} INFO - Processing file /home/airflow/.local/lib/python3.12/site-packages/airflow/example_dags/example_sensors.py for tasks to queue
[2024-08-20T03:46:20.920+0000] {logging_mixin.py:190} INFO - [2024-08-20T03:46:20.919+0000] {dagbag.py:587} INFO - Filling up the DagBag from /home/airflow/.local/lib/python3.12/site-packages/airflow/example_dags/example_sensors.py
[2024-08-20T03:46:20.932+0000] {processor.py:925} INFO - DAG(s) 'example_sensors' retrieved from /home/airflow/.local/lib/python3.12/site-packages/airflow/example_dags/example_sensors.py
[2024-08-20T03:46:20.960+0000] {logging_mixin.py:190} INFO - [2024-08-20T03:46:20.960+0000] {dag.py:3211} INFO - Sync 1 DAGs
[2024-08-20T03:46:20.977+0000] {logging_mixin.py:190} INFO - [2024-08-20T03:46:20.977+0000] {dag.py:4138} INFO - Setting next_dagrun for example_sensors to None, run_after=None
[2024-08-20T03:46:20.996+0000] {processor.py:208} INFO - Processing /home/airflow/.local/lib/python3.12/site-packages/airflow/example_dags/example_sensors.py took 0.087 seconds
[2024-08-20T03:46:51.509+0000] {processor.py:186} INFO - Started process (PID=1086) to work on /home/airflow/.local/lib/python3.12/site-packages/airflow/example_dags/example_sensors.py
[2024-08-20T03:46:51.510+0000] {processor.py:914} INFO - Processing file /home/airflow/.local/lib/python3.12/site-packages/airflow/example_dags/example_sensors.py for tasks to queue
[2024-08-20T03:46:51.514+0000] {logging_mixin.py:190} INFO - [2024-08-20T03:46:51.513+0000] {dagbag.py:587} INFO - Filling up the DagBag from /home/airflow/.local/lib/python3.12/site-packages/airflow/example_dags/example_sensors.py
[2024-08-20T03:46:51.528+0000] {processor.py:925} INFO - DAG(s) 'example_sensors' retrieved from /home/airflow/.local/lib/python3.12/site-packages/airflow/example_dags/example_sensors.py
[2024-08-20T03:46:51.566+0000] {logging_mixin.py:190} INFO - [2024-08-20T03:46:51.565+0000] {dag.py:3211} INFO - Sync 1 DAGs
[2024-08-20T03:46:51.587+0000] {logging_mixin.py:190} INFO - [2024-08-20T03:46:51.587+0000] {dag.py:4138} INFO - Setting next_dagrun for example_sensors to None, run_after=None
[2024-08-20T03:46:51.611+0000] {processor.py:208} INFO - Processing /home/airflow/.local/lib/python3.12/site-packages/airflow/example_dags/example_sensors.py took 0.111 seconds
[2024-08-20T03:47:22.333+0000] {processor.py:186} INFO - Started process (PID=1148) to work on /home/airflow/.local/lib/python3.12/site-packages/airflow/example_dags/example_sensors.py
[2024-08-20T03:47:22.334+0000] {processor.py:914} INFO - Processing file /home/airflow/.local/lib/python3.12/site-packages/airflow/example_dags/example_sensors.py for tasks to queue
[2024-08-20T03:47:22.337+0000] {logging_mixin.py:190} INFO - [2024-08-20T03:47:22.336+0000] {dagbag.py:587} INFO - Filling up the DagBag from /home/airflow/.local/lib/python3.12/site-packages/airflow/example_dags/example_sensors.py
[2024-08-20T03:47:22.349+0000] {processor.py:925} INFO - DAG(s) 'example_sensors' retrieved from /home/airflow/.local/lib/python3.12/site-packages/airflow/example_dags/example_sensors.py
[2024-08-20T03:47:22.376+0000] {logging_mixin.py:190} INFO - [2024-08-20T03:47:22.375+0000] {dag.py:3211} INFO - Sync 1 DAGs
[2024-08-20T03:47:22.390+0000] {logging_mixin.py:190} INFO - [2024-08-20T03:47:22.390+0000] {dag.py:4138} INFO - Setting next_dagrun for example_sensors to None, run_after=None
[2024-08-20T03:47:22.411+0000] {processor.py:208} INFO - Processing /home/airflow/.local/lib/python3.12/site-packages/airflow/example_dags/example_sensors.py took 0.084 seconds
[2024-08-20T03:47:52.991+0000] {processor.py:186} INFO - Started process (PID=1211) to work on /home/airflow/.local/lib/python3.12/site-packages/airflow/example_dags/example_sensors.py
[2024-08-20T03:47:52.992+0000] {processor.py:914} INFO - Processing file /home/airflow/.local/lib/python3.12/site-packages/airflow/example_dags/example_sensors.py for tasks to queue
[2024-08-20T03:47:52.996+0000] {logging_mixin.py:190} INFO - [2024-08-20T03:47:52.995+0000] {dagbag.py:587} INFO - Filling up the DagBag from /home/airflow/.local/lib/python3.12/site-packages/airflow/example_dags/example_sensors.py
[2024-08-20T03:47:53.005+0000] {processor.py:925} INFO - DAG(s) 'example_sensors' retrieved from /home/airflow/.local/lib/python3.12/site-packages/airflow/example_dags/example_sensors.py
[2024-08-20T03:47:53.038+0000] {logging_mixin.py:190} INFO - [2024-08-20T03:47:53.038+0000] {dag.py:3211} INFO - Sync 1 DAGs
[2024-08-20T03:47:53.053+0000] {logging_mixin.py:190} INFO - [2024-08-20T03:47:53.053+0000] {dag.py:4138} INFO - Setting next_dagrun for example_sensors to None, run_after=None
[2024-08-20T03:47:53.076+0000] {processor.py:208} INFO - Processing /home/airflow/.local/lib/python3.12/site-packages/airflow/example_dags/example_sensors.py took 0.093 seconds
[2024-08-20T03:48:23.667+0000] {processor.py:186} INFO - Started process (PID=1273) to work on /home/airflow/.local/lib/python3.12/site-packages/airflow/example_dags/example_sensors.py
[2024-08-20T03:48:23.669+0000] {processor.py:914} INFO - Processing file /home/airflow/.local/lib/python3.12/site-packages/airflow/example_dags/example_sensors.py for tasks to queue
[2024-08-20T03:48:23.672+0000] {logging_mixin.py:190} INFO - [2024-08-20T03:48:23.671+0000] {dagbag.py:587} INFO - Filling up the DagBag from /home/airflow/.local/lib/python3.12/site-packages/airflow/example_dags/example_sensors.py
[2024-08-20T03:48:23.683+0000] {processor.py:925} INFO - DAG(s) 'example_sensors' retrieved from /home/airflow/.local/lib/python3.12/site-packages/airflow/example_dags/example_sensors.py
[2024-08-20T03:48:23.713+0000] {logging_mixin.py:190} INFO - [2024-08-20T03:48:23.713+0000] {dag.py:3211} INFO - Sync 1 DAGs
[2024-08-20T03:48:23.730+0000] {logging_mixin.py:190} INFO - [2024-08-20T03:48:23.729+0000] {dag.py:4138} INFO - Setting next_dagrun for example_sensors to None, run_after=None
[2024-08-20T03:48:23.752+0000] {processor.py:208} INFO - Processing /home/airflow/.local/lib/python3.12/site-packages/airflow/example_dags/example_sensors.py took 0.090 seconds
[2024-08-20T03:51:14.830+0000] {processor.py:186} INFO - Started process (PID=91) to work on /home/airflow/.local/lib/python3.12/site-packages/airflow/example_dags/example_sensors.py
[2024-08-20T03:51:14.832+0000] {processor.py:914} INFO - Processing file /home/airflow/.local/lib/python3.12/site-packages/airflow/example_dags/example_sensors.py for tasks to queue
[2024-08-20T03:51:14.835+0000] {logging_mixin.py:190} INFO - [2024-08-20T03:51:14.835+0000] {dagbag.py:587} INFO - Filling up the DagBag from /home/airflow/.local/lib/python3.12/site-packages/airflow/example_dags/example_sensors.py
[2024-08-20T03:51:14.850+0000] {processor.py:925} INFO - DAG(s) 'example_sensors' retrieved from /home/airflow/.local/lib/python3.12/site-packages/airflow/example_dags/example_sensors.py
[2024-08-20T03:51:14.889+0000] {logging_mixin.py:190} INFO - [2024-08-20T03:51:14.888+0000] {dag.py:3211} INFO - Sync 1 DAGs
[2024-08-20T03:51:14.906+0000] {logging_mixin.py:190} INFO - [2024-08-20T03:51:14.905+0000] {dag.py:4138} INFO - Setting next_dagrun for example_sensors to None, run_after=None
[2024-08-20T03:51:14.929+0000] {processor.py:208} INFO - Processing /home/airflow/.local/lib/python3.12/site-packages/airflow/example_dags/example_sensors.py took 0.106 seconds
[2024-08-20T03:51:45.584+0000] {processor.py:186} INFO - Started process (PID=154) to work on /home/airflow/.local/lib/python3.12/site-packages/airflow/example_dags/example_sensors.py
[2024-08-20T03:51:45.585+0000] {processor.py:914} INFO - Processing file /home/airflow/.local/lib/python3.12/site-packages/airflow/example_dags/example_sensors.py for tasks to queue
[2024-08-20T03:51:45.588+0000] {logging_mixin.py:190} INFO - [2024-08-20T03:51:45.588+0000] {dagbag.py:587} INFO - Filling up the DagBag from /home/airflow/.local/lib/python3.12/site-packages/airflow/example_dags/example_sensors.py
[2024-08-20T03:51:45.603+0000] {processor.py:925} INFO - DAG(s) 'example_sensors' retrieved from /home/airflow/.local/lib/python3.12/site-packages/airflow/example_dags/example_sensors.py
[2024-08-20T03:51:45.641+0000] {logging_mixin.py:190} INFO - [2024-08-20T03:51:45.640+0000] {dag.py:3211} INFO - Sync 1 DAGs
[2024-08-20T03:51:45.657+0000] {logging_mixin.py:190} INFO - [2024-08-20T03:51:45.656+0000] {dag.py:4138} INFO - Setting next_dagrun for example_sensors to None, run_after=None
[2024-08-20T03:51:45.679+0000] {processor.py:208} INFO - Processing /home/airflow/.local/lib/python3.12/site-packages/airflow/example_dags/example_sensors.py took 0.103 seconds
[2024-08-20T03:52:16.330+0000] {processor.py:186} INFO - Started process (PID=217) to work on /home/airflow/.local/lib/python3.12/site-packages/airflow/example_dags/example_sensors.py
[2024-08-20T03:52:16.331+0000] {processor.py:914} INFO - Processing file /home/airflow/.local/lib/python3.12/site-packages/airflow/example_dags/example_sensors.py for tasks to queue
[2024-08-20T03:52:16.334+0000] {logging_mixin.py:190} INFO - [2024-08-20T03:52:16.334+0000] {dagbag.py:587} INFO - Filling up the DagBag from /home/airflow/.local/lib/python3.12/site-packages/airflow/example_dags/example_sensors.py
[2024-08-20T03:52:16.348+0000] {processor.py:925} INFO - DAG(s) 'example_sensors' retrieved from /home/airflow/.local/lib/python3.12/site-packages/airflow/example_dags/example_sensors.py
[2024-08-20T03:52:16.377+0000] {logging_mixin.py:190} INFO - [2024-08-20T03:52:16.377+0000] {dag.py:3211} INFO - Sync 1 DAGs
[2024-08-20T03:52:16.391+0000] {logging_mixin.py:190} INFO - [2024-08-20T03:52:16.391+0000] {dag.py:4138} INFO - Setting next_dagrun for example_sensors to None, run_after=None
[2024-08-20T03:52:16.410+0000] {processor.py:208} INFO - Processing /home/airflow/.local/lib/python3.12/site-packages/airflow/example_dags/example_sensors.py took 0.089 seconds
[2024-08-20T03:52:47.165+0000] {processor.py:186} INFO - Started process (PID=279) to work on /home/airflow/.local/lib/python3.12/site-packages/airflow/example_dags/example_sensors.py
[2024-08-20T03:52:47.167+0000] {processor.py:914} INFO - Processing file /home/airflow/.local/lib/python3.12/site-packages/airflow/example_dags/example_sensors.py for tasks to queue
[2024-08-20T03:52:47.169+0000] {logging_mixin.py:190} INFO - [2024-08-20T03:52:47.169+0000] {dagbag.py:587} INFO - Filling up the DagBag from /home/airflow/.local/lib/python3.12/site-packages/airflow/example_dags/example_sensors.py
[2024-08-20T03:52:47.182+0000] {processor.py:925} INFO - DAG(s) 'example_sensors' retrieved from /home/airflow/.local/lib/python3.12/site-packages/airflow/example_dags/example_sensors.py
[2024-08-20T03:52:47.214+0000] {logging_mixin.py:190} INFO - [2024-08-20T03:52:47.213+0000] {dag.py:3211} INFO - Sync 1 DAGs
[2024-08-20T03:52:47.231+0000] {logging_mixin.py:190} INFO - [2024-08-20T03:52:47.231+0000] {dag.py:4138} INFO - Setting next_dagrun for example_sensors to None, run_after=None
[2024-08-20T03:52:47.255+0000] {processor.py:208} INFO - Processing /home/airflow/.local/lib/python3.12/site-packages/airflow/example_dags/example_sensors.py took 0.097 seconds
[2024-08-20T03:53:18.199+0000] {processor.py:186} INFO - Started process (PID=341) to work on /home/airflow/.local/lib/python3.12/site-packages/airflow/example_dags/example_sensors.py
[2024-08-20T03:53:18.200+0000] {processor.py:914} INFO - Processing file /home/airflow/.local/lib/python3.12/site-packages/airflow/example_dags/example_sensors.py for tasks to queue
[2024-08-20T03:53:18.203+0000] {logging_mixin.py:190} INFO - [2024-08-20T03:53:18.203+0000] {dagbag.py:587} INFO - Filling up the DagBag from /home/airflow/.local/lib/python3.12/site-packages/airflow/example_dags/example_sensors.py
[2024-08-20T03:53:18.215+0000] {processor.py:925} INFO - DAG(s) 'example_sensors' retrieved from /home/airflow/.local/lib/python3.12/site-packages/airflow/example_dags/example_sensors.py
[2024-08-20T03:53:18.246+0000] {logging_mixin.py:190} INFO - [2024-08-20T03:53:18.246+0000] {dag.py:3211} INFO - Sync 1 DAGs
[2024-08-20T03:53:18.269+0000] {logging_mixin.py:190} INFO - [2024-08-20T03:53:18.269+0000] {dag.py:4138} INFO - Setting next_dagrun for example_sensors to None, run_after=None
[2024-08-20T03:53:18.293+0000] {processor.py:208} INFO - Processing /home/airflow/.local/lib/python3.12/site-packages/airflow/example_dags/example_sensors.py took 0.100 seconds
[2024-08-20T03:53:48.807+0000] {processor.py:186} INFO - Started process (PID=403) to work on /home/airflow/.local/lib/python3.12/site-packages/airflow/example_dags/example_sensors.py
[2024-08-20T03:53:48.808+0000] {processor.py:914} INFO - Processing file /home/airflow/.local/lib/python3.12/site-packages/airflow/example_dags/example_sensors.py for tasks to queue
[2024-08-20T03:53:48.811+0000] {logging_mixin.py:190} INFO - [2024-08-20T03:53:48.811+0000] {dagbag.py:587} INFO - Filling up the DagBag from /home/airflow/.local/lib/python3.12/site-packages/airflow/example_dags/example_sensors.py
[2024-08-20T03:53:48.825+0000] {processor.py:925} INFO - DAG(s) 'example_sensors' retrieved from /home/airflow/.local/lib/python3.12/site-packages/airflow/example_dags/example_sensors.py
[2024-08-20T03:53:48.865+0000] {logging_mixin.py:190} INFO - [2024-08-20T03:53:48.864+0000] {dag.py:3211} INFO - Sync 1 DAGs
[2024-08-20T03:53:48.887+0000] {logging_mixin.py:190} INFO - [2024-08-20T03:53:48.886+0000] {dag.py:4138} INFO - Setting next_dagrun for example_sensors to None, run_after=None
[2024-08-20T03:53:48.914+0000] {processor.py:208} INFO - Processing /home/airflow/.local/lib/python3.12/site-packages/airflow/example_dags/example_sensors.py took 0.115 seconds
[2024-08-20T03:54:19.030+0000] {processor.py:186} INFO - Started process (PID=465) to work on /home/airflow/.local/lib/python3.12/site-packages/airflow/example_dags/example_sensors.py
[2024-08-20T03:54:19.031+0000] {processor.py:914} INFO - Processing file /home/airflow/.local/lib/python3.12/site-packages/airflow/example_dags/example_sensors.py for tasks to queue
[2024-08-20T03:54:19.036+0000] {logging_mixin.py:190} INFO - [2024-08-20T03:54:19.035+0000] {dagbag.py:587} INFO - Filling up the DagBag from /home/airflow/.local/lib/python3.12/site-packages/airflow/example_dags/example_sensors.py
[2024-08-20T03:54:19.054+0000] {processor.py:925} INFO - DAG(s) 'example_sensors' retrieved from /home/airflow/.local/lib/python3.12/site-packages/airflow/example_dags/example_sensors.py
[2024-08-20T03:54:19.089+0000] {logging_mixin.py:190} INFO - [2024-08-20T03:54:19.089+0000] {dag.py:3211} INFO - Sync 1 DAGs
[2024-08-20T03:54:19.113+0000] {logging_mixin.py:190} INFO - [2024-08-20T03:54:19.113+0000] {dag.py:4138} INFO - Setting next_dagrun for example_sensors to None, run_after=None
[2024-08-20T03:54:19.141+0000] {processor.py:208} INFO - Processing /home/airflow/.local/lib/python3.12/site-packages/airflow/example_dags/example_sensors.py took 0.119 seconds
[2024-08-20T03:54:49.586+0000] {processor.py:186} INFO - Started process (PID=527) to work on /home/airflow/.local/lib/python3.12/site-packages/airflow/example_dags/example_sensors.py
[2024-08-20T03:54:49.588+0000] {processor.py:914} INFO - Processing file /home/airflow/.local/lib/python3.12/site-packages/airflow/example_dags/example_sensors.py for tasks to queue
[2024-08-20T03:54:49.592+0000] {logging_mixin.py:190} INFO - [2024-08-20T03:54:49.592+0000] {dagbag.py:587} INFO - Filling up the DagBag from /home/airflow/.local/lib/python3.12/site-packages/airflow/example_dags/example_sensors.py
[2024-08-20T03:54:49.609+0000] {processor.py:925} INFO - DAG(s) 'example_sensors' retrieved from /home/airflow/.local/lib/python3.12/site-packages/airflow/example_dags/example_sensors.py
[2024-08-20T03:54:49.641+0000] {logging_mixin.py:190} INFO - [2024-08-20T03:54:49.641+0000] {dag.py:3211} INFO - Sync 1 DAGs
[2024-08-20T03:54:49.658+0000] {logging_mixin.py:190} INFO - [2024-08-20T03:54:49.658+0000] {dag.py:4138} INFO - Setting next_dagrun for example_sensors to None, run_after=None
[2024-08-20T03:54:49.687+0000] {processor.py:208} INFO - Processing /home/airflow/.local/lib/python3.12/site-packages/airflow/example_dags/example_sensors.py took 0.109 seconds
[2024-08-20T03:55:20.272+0000] {processor.py:186} INFO - Started process (PID=589) to work on /home/airflow/.local/lib/python3.12/site-packages/airflow/example_dags/example_sensors.py
[2024-08-20T03:55:20.275+0000] {processor.py:914} INFO - Processing file /home/airflow/.local/lib/python3.12/site-packages/airflow/example_dags/example_sensors.py for tasks to queue
[2024-08-20T03:55:20.279+0000] {logging_mixin.py:190} INFO - [2024-08-20T03:55:20.279+0000] {dagbag.py:587} INFO - Filling up the DagBag from /home/airflow/.local/lib/python3.12/site-packages/airflow/example_dags/example_sensors.py
[2024-08-20T03:55:20.295+0000] {processor.py:925} INFO - DAG(s) 'example_sensors' retrieved from /home/airflow/.local/lib/python3.12/site-packages/airflow/example_dags/example_sensors.py
[2024-08-20T03:55:20.327+0000] {logging_mixin.py:190} INFO - [2024-08-20T03:55:20.327+0000] {dag.py:3211} INFO - Sync 1 DAGs
[2024-08-20T03:55:20.346+0000] {logging_mixin.py:190} INFO - [2024-08-20T03:55:20.345+0000] {dag.py:4138} INFO - Setting next_dagrun for example_sensors to None, run_after=None
[2024-08-20T03:55:20.373+0000] {processor.py:208} INFO - Processing /home/airflow/.local/lib/python3.12/site-packages/airflow/example_dags/example_sensors.py took 0.110 seconds
[2024-08-20T03:55:50.484+0000] {processor.py:186} INFO - Started process (PID=651) to work on /home/airflow/.local/lib/python3.12/site-packages/airflow/example_dags/example_sensors.py
[2024-08-20T03:55:50.486+0000] {processor.py:914} INFO - Processing file /home/airflow/.local/lib/python3.12/site-packages/airflow/example_dags/example_sensors.py for tasks to queue
[2024-08-20T03:55:50.489+0000] {logging_mixin.py:190} INFO - [2024-08-20T03:55:50.489+0000] {dagbag.py:587} INFO - Filling up the DagBag from /home/airflow/.local/lib/python3.12/site-packages/airflow/example_dags/example_sensors.py
[2024-08-20T03:55:50.502+0000] {processor.py:925} INFO - DAG(s) 'example_sensors' retrieved from /home/airflow/.local/lib/python3.12/site-packages/airflow/example_dags/example_sensors.py
[2024-08-20T03:55:50.532+0000] {logging_mixin.py:190} INFO - [2024-08-20T03:55:50.531+0000] {dag.py:3211} INFO - Sync 1 DAGs
[2024-08-20T03:55:50.547+0000] {logging_mixin.py:190} INFO - [2024-08-20T03:55:50.547+0000] {dag.py:4138} INFO - Setting next_dagrun for example_sensors to None, run_after=None
[2024-08-20T03:55:50.569+0000] {processor.py:208} INFO - Processing /home/airflow/.local/lib/python3.12/site-packages/airflow/example_dags/example_sensors.py took 0.093 seconds
[2024-08-20T03:56:20.963+0000] {processor.py:186} INFO - Started process (PID=713) to work on /home/airflow/.local/lib/python3.12/site-packages/airflow/example_dags/example_sensors.py
[2024-08-20T03:56:20.964+0000] {processor.py:914} INFO - Processing file /home/airflow/.local/lib/python3.12/site-packages/airflow/example_dags/example_sensors.py for tasks to queue
[2024-08-20T03:56:20.967+0000] {logging_mixin.py:190} INFO - [2024-08-20T03:56:20.967+0000] {dagbag.py:587} INFO - Filling up the DagBag from /home/airflow/.local/lib/python3.12/site-packages/airflow/example_dags/example_sensors.py
[2024-08-20T03:56:20.983+0000] {processor.py:925} INFO - DAG(s) 'example_sensors' retrieved from /home/airflow/.local/lib/python3.12/site-packages/airflow/example_dags/example_sensors.py
[2024-08-20T03:56:21.017+0000] {logging_mixin.py:190} INFO - [2024-08-20T03:56:21.016+0000] {dag.py:3211} INFO - Sync 1 DAGs
[2024-08-20T03:56:21.039+0000] {logging_mixin.py:190} INFO - [2024-08-20T03:56:21.038+0000] {dag.py:4138} INFO - Setting next_dagrun for example_sensors to None, run_after=None
[2024-08-20T03:56:21.063+0000] {processor.py:208} INFO - Processing /home/airflow/.local/lib/python3.12/site-packages/airflow/example_dags/example_sensors.py took 0.107 seconds
[2024-08-20T03:56:51.361+0000] {processor.py:186} INFO - Started process (PID=775) to work on /home/airflow/.local/lib/python3.12/site-packages/airflow/example_dags/example_sensors.py
[2024-08-20T03:56:51.362+0000] {processor.py:914} INFO - Processing file /home/airflow/.local/lib/python3.12/site-packages/airflow/example_dags/example_sensors.py for tasks to queue
[2024-08-20T03:56:51.365+0000] {logging_mixin.py:190} INFO - [2024-08-20T03:56:51.365+0000] {dagbag.py:587} INFO - Filling up the DagBag from /home/airflow/.local/lib/python3.12/site-packages/airflow/example_dags/example_sensors.py
[2024-08-20T03:56:51.379+0000] {processor.py:925} INFO - DAG(s) 'example_sensors' retrieved from /home/airflow/.local/lib/python3.12/site-packages/airflow/example_dags/example_sensors.py
[2024-08-20T03:56:51.412+0000] {logging_mixin.py:190} INFO - [2024-08-20T03:56:51.411+0000] {dag.py:3211} INFO - Sync 1 DAGs
[2024-08-20T03:56:51.431+0000] {logging_mixin.py:190} INFO - [2024-08-20T03:56:51.431+0000] {dag.py:4138} INFO - Setting next_dagrun for example_sensors to None, run_after=None
[2024-08-20T03:56:51.457+0000] {processor.py:208} INFO - Processing /home/airflow/.local/lib/python3.12/site-packages/airflow/example_dags/example_sensors.py took 0.105 seconds
[2024-08-20T03:57:21.897+0000] {processor.py:186} INFO - Started process (PID=837) to work on /home/airflow/.local/lib/python3.12/site-packages/airflow/example_dags/example_sensors.py
[2024-08-20T03:57:21.898+0000] {processor.py:914} INFO - Processing file /home/airflow/.local/lib/python3.12/site-packages/airflow/example_dags/example_sensors.py for tasks to queue
[2024-08-20T03:57:21.901+0000] {logging_mixin.py:190} INFO - [2024-08-20T03:57:21.900+0000] {dagbag.py:587} INFO - Filling up the DagBag from /home/airflow/.local/lib/python3.12/site-packages/airflow/example_dags/example_sensors.py
[2024-08-20T03:57:21.916+0000] {processor.py:925} INFO - DAG(s) 'example_sensors' retrieved from /home/airflow/.local/lib/python3.12/site-packages/airflow/example_dags/example_sensors.py
[2024-08-20T03:57:21.952+0000] {logging_mixin.py:190} INFO - [2024-08-20T03:57:21.952+0000] {dag.py:3211} INFO - Sync 1 DAGs
[2024-08-20T03:57:21.969+0000] {logging_mixin.py:190} INFO - [2024-08-20T03:57:21.969+0000] {dag.py:4138} INFO - Setting next_dagrun for example_sensors to None, run_after=None
[2024-08-20T03:57:21.992+0000] {processor.py:208} INFO - Processing /home/airflow/.local/lib/python3.12/site-packages/airflow/example_dags/example_sensors.py took 0.102 seconds
[2024-08-20T03:57:53.055+0000] {processor.py:186} INFO - Started process (PID=899) to work on /home/airflow/.local/lib/python3.12/site-packages/airflow/example_dags/example_sensors.py
[2024-08-20T03:57:53.057+0000] {processor.py:914} INFO - Processing file /home/airflow/.local/lib/python3.12/site-packages/airflow/example_dags/example_sensors.py for tasks to queue
[2024-08-20T03:57:53.060+0000] {logging_mixin.py:190} INFO - [2024-08-20T03:57:53.059+0000] {dagbag.py:587} INFO - Filling up the DagBag from /home/airflow/.local/lib/python3.12/site-packages/airflow/example_dags/example_sensors.py
[2024-08-20T03:57:53.072+0000] {processor.py:925} INFO - DAG(s) 'example_sensors' retrieved from /home/airflow/.local/lib/python3.12/site-packages/airflow/example_dags/example_sensors.py
[2024-08-20T03:57:53.103+0000] {logging_mixin.py:190} INFO - [2024-08-20T03:57:53.103+0000] {dag.py:3211} INFO - Sync 1 DAGs
[2024-08-20T03:57:53.124+0000] {logging_mixin.py:190} INFO - [2024-08-20T03:57:53.123+0000] {dag.py:4138} INFO - Setting next_dagrun for example_sensors to None, run_after=None
[2024-08-20T03:57:53.150+0000] {processor.py:208} INFO - Processing /home/airflow/.local/lib/python3.12/site-packages/airflow/example_dags/example_sensors.py took 0.103 seconds
[2024-08-20T03:58:23.887+0000] {processor.py:186} INFO - Started process (PID=961) to work on /home/airflow/.local/lib/python3.12/site-packages/airflow/example_dags/example_sensors.py
[2024-08-20T03:58:23.888+0000] {processor.py:914} INFO - Processing file /home/airflow/.local/lib/python3.12/site-packages/airflow/example_dags/example_sensors.py for tasks to queue
[2024-08-20T03:58:23.891+0000] {logging_mixin.py:190} INFO - [2024-08-20T03:58:23.891+0000] {dagbag.py:587} INFO - Filling up the DagBag from /home/airflow/.local/lib/python3.12/site-packages/airflow/example_dags/example_sensors.py
[2024-08-20T03:58:23.907+0000] {processor.py:925} INFO - DAG(s) 'example_sensors' retrieved from /home/airflow/.local/lib/python3.12/site-packages/airflow/example_dags/example_sensors.py
[2024-08-20T03:58:23.941+0000] {logging_mixin.py:190} INFO - [2024-08-20T03:58:23.941+0000] {dag.py:3211} INFO - Sync 1 DAGs
[2024-08-20T03:58:23.962+0000] {logging_mixin.py:190} INFO - [2024-08-20T03:58:23.962+0000] {dag.py:4138} INFO - Setting next_dagrun for example_sensors to None, run_after=None
[2024-08-20T03:58:23.987+0000] {processor.py:208} INFO - Processing /home/airflow/.local/lib/python3.12/site-packages/airflow/example_dags/example_sensors.py took 0.109 seconds
[2024-08-20T03:58:54.570+0000] {processor.py:186} INFO - Started process (PID=1023) to work on /home/airflow/.local/lib/python3.12/site-packages/airflow/example_dags/example_sensors.py
[2024-08-20T03:58:54.572+0000] {processor.py:914} INFO - Processing file /home/airflow/.local/lib/python3.12/site-packages/airflow/example_dags/example_sensors.py for tasks to queue
[2024-08-20T03:58:54.574+0000] {logging_mixin.py:190} INFO - [2024-08-20T03:58:54.574+0000] {dagbag.py:587} INFO - Filling up the DagBag from /home/airflow/.local/lib/python3.12/site-packages/airflow/example_dags/example_sensors.py
[2024-08-20T03:58:54.587+0000] {processor.py:925} INFO - DAG(s) 'example_sensors' retrieved from /home/airflow/.local/lib/python3.12/site-packages/airflow/example_dags/example_sensors.py
[2024-08-20T03:58:54.618+0000] {logging_mixin.py:190} INFO - [2024-08-20T03:58:54.618+0000] {dag.py:3211} INFO - Sync 1 DAGs
[2024-08-20T03:58:54.637+0000] {logging_mixin.py:190} INFO - [2024-08-20T03:58:54.637+0000] {dag.py:4138} INFO - Setting next_dagrun for example_sensors to None, run_after=None
[2024-08-20T03:58:54.659+0000] {processor.py:208} INFO - Processing /home/airflow/.local/lib/python3.12/site-packages/airflow/example_dags/example_sensors.py took 0.095 seconds
[2024-08-20T03:59:25.149+0000] {processor.py:186} INFO - Started process (PID=1085) to work on /home/airflow/.local/lib/python3.12/site-packages/airflow/example_dags/example_sensors.py
[2024-08-20T03:59:25.151+0000] {processor.py:914} INFO - Processing file /home/airflow/.local/lib/python3.12/site-packages/airflow/example_dags/example_sensors.py for tasks to queue
[2024-08-20T03:59:25.153+0000] {logging_mixin.py:190} INFO - [2024-08-20T03:59:25.153+0000] {dagbag.py:587} INFO - Filling up the DagBag from /home/airflow/.local/lib/python3.12/site-packages/airflow/example_dags/example_sensors.py
[2024-08-20T03:59:25.166+0000] {processor.py:925} INFO - DAG(s) 'example_sensors' retrieved from /home/airflow/.local/lib/python3.12/site-packages/airflow/example_dags/example_sensors.py
[2024-08-20T03:59:25.199+0000] {logging_mixin.py:190} INFO - [2024-08-20T03:59:25.199+0000] {dag.py:3211} INFO - Sync 1 DAGs
[2024-08-20T03:59:25.216+0000] {logging_mixin.py:190} INFO - [2024-08-20T03:59:25.216+0000] {dag.py:4138} INFO - Setting next_dagrun for example_sensors to None, run_after=None
[2024-08-20T03:59:25.238+0000] {processor.py:208} INFO - Processing /home/airflow/.local/lib/python3.12/site-packages/airflow/example_dags/example_sensors.py took 0.096 seconds
[2024-08-20T03:59:55.705+0000] {processor.py:186} INFO - Started process (PID=1147) to work on /home/airflow/.local/lib/python3.12/site-packages/airflow/example_dags/example_sensors.py
[2024-08-20T03:59:55.707+0000] {processor.py:914} INFO - Processing file /home/airflow/.local/lib/python3.12/site-packages/airflow/example_dags/example_sensors.py for tasks to queue
[2024-08-20T03:59:55.711+0000] {logging_mixin.py:190} INFO - [2024-08-20T03:59:55.710+0000] {dagbag.py:587} INFO - Filling up the DagBag from /home/airflow/.local/lib/python3.12/site-packages/airflow/example_dags/example_sensors.py
[2024-08-20T03:59:55.725+0000] {processor.py:925} INFO - DAG(s) 'example_sensors' retrieved from /home/airflow/.local/lib/python3.12/site-packages/airflow/example_dags/example_sensors.py
[2024-08-20T03:59:55.757+0000] {logging_mixin.py:190} INFO - [2024-08-20T03:59:55.757+0000] {dag.py:3211} INFO - Sync 1 DAGs
[2024-08-20T03:59:55.776+0000] {logging_mixin.py:190} INFO - [2024-08-20T03:59:55.776+0000] {dag.py:4138} INFO - Setting next_dagrun for example_sensors to None, run_after=None
[2024-08-20T03:59:55.803+0000] {processor.py:208} INFO - Processing /home/airflow/.local/lib/python3.12/site-packages/airflow/example_dags/example_sensors.py took 0.107 seconds
[2024-08-20T04:00:26.191+0000] {processor.py:186} INFO - Started process (PID=1209) to work on /home/airflow/.local/lib/python3.12/site-packages/airflow/example_dags/example_sensors.py
[2024-08-20T04:00:26.192+0000] {processor.py:914} INFO - Processing file /home/airflow/.local/lib/python3.12/site-packages/airflow/example_dags/example_sensors.py for tasks to queue
[2024-08-20T04:00:26.195+0000] {logging_mixin.py:190} INFO - [2024-08-20T04:00:26.195+0000] {dagbag.py:587} INFO - Filling up the DagBag from /home/airflow/.local/lib/python3.12/site-packages/airflow/example_dags/example_sensors.py
[2024-08-20T04:00:26.211+0000] {processor.py:925} INFO - DAG(s) 'example_sensors' retrieved from /home/airflow/.local/lib/python3.12/site-packages/airflow/example_dags/example_sensors.py
[2024-08-20T04:00:26.242+0000] {logging_mixin.py:190} INFO - [2024-08-20T04:00:26.242+0000] {dag.py:3211} INFO - Sync 1 DAGs
[2024-08-20T04:00:26.260+0000] {logging_mixin.py:190} INFO - [2024-08-20T04:00:26.260+0000] {dag.py:4138} INFO - Setting next_dagrun for example_sensors to None, run_after=None
[2024-08-20T04:00:26.285+0000] {processor.py:208} INFO - Processing /home/airflow/.local/lib/python3.12/site-packages/airflow/example_dags/example_sensors.py took 0.100 seconds
[2024-08-20T04:00:56.643+0000] {processor.py:186} INFO - Started process (PID=1271) to work on /home/airflow/.local/lib/python3.12/site-packages/airflow/example_dags/example_sensors.py
[2024-08-20T04:00:56.645+0000] {processor.py:914} INFO - Processing file /home/airflow/.local/lib/python3.12/site-packages/airflow/example_dags/example_sensors.py for tasks to queue
[2024-08-20T04:00:56.649+0000] {logging_mixin.py:190} INFO - [2024-08-20T04:00:56.648+0000] {dagbag.py:587} INFO - Filling up the DagBag from /home/airflow/.local/lib/python3.12/site-packages/airflow/example_dags/example_sensors.py
[2024-08-20T04:00:56.663+0000] {processor.py:925} INFO - DAG(s) 'example_sensors' retrieved from /home/airflow/.local/lib/python3.12/site-packages/airflow/example_dags/example_sensors.py
[2024-08-20T04:00:56.699+0000] {logging_mixin.py:190} INFO - [2024-08-20T04:00:56.699+0000] {dag.py:3211} INFO - Sync 1 DAGs
[2024-08-20T04:00:56.715+0000] {logging_mixin.py:190} INFO - [2024-08-20T04:00:56.715+0000] {dag.py:4138} INFO - Setting next_dagrun for example_sensors to None, run_after=None
[2024-08-20T04:00:56.737+0000] {processor.py:208} INFO - Processing /home/airflow/.local/lib/python3.12/site-packages/airflow/example_dags/example_sensors.py took 0.102 seconds
[2024-08-20T04:01:27.113+0000] {processor.py:186} INFO - Started process (PID=1333) to work on /home/airflow/.local/lib/python3.12/site-packages/airflow/example_dags/example_sensors.py
[2024-08-20T04:01:27.115+0000] {processor.py:914} INFO - Processing file /home/airflow/.local/lib/python3.12/site-packages/airflow/example_dags/example_sensors.py for tasks to queue
[2024-08-20T04:01:27.118+0000] {logging_mixin.py:190} INFO - [2024-08-20T04:01:27.118+0000] {dagbag.py:587} INFO - Filling up the DagBag from /home/airflow/.local/lib/python3.12/site-packages/airflow/example_dags/example_sensors.py
[2024-08-20T04:01:27.138+0000] {processor.py:925} INFO - DAG(s) 'example_sensors' retrieved from /home/airflow/.local/lib/python3.12/site-packages/airflow/example_dags/example_sensors.py
[2024-08-20T04:01:27.180+0000] {logging_mixin.py:190} INFO - [2024-08-20T04:01:27.180+0000] {dag.py:3211} INFO - Sync 1 DAGs
[2024-08-20T04:01:27.199+0000] {logging_mixin.py:190} INFO - [2024-08-20T04:01:27.199+0000] {dag.py:4138} INFO - Setting next_dagrun for example_sensors to None, run_after=None
[2024-08-20T04:01:27.225+0000] {processor.py:208} INFO - Processing /home/airflow/.local/lib/python3.12/site-packages/airflow/example_dags/example_sensors.py took 0.120 seconds
[2024-08-20T04:01:57.756+0000] {processor.py:186} INFO - Started process (PID=1395) to work on /home/airflow/.local/lib/python3.12/site-packages/airflow/example_dags/example_sensors.py
[2024-08-20T04:01:57.758+0000] {processor.py:914} INFO - Processing file /home/airflow/.local/lib/python3.12/site-packages/airflow/example_dags/example_sensors.py for tasks to queue
[2024-08-20T04:01:57.762+0000] {logging_mixin.py:190} INFO - [2024-08-20T04:01:57.761+0000] {dagbag.py:587} INFO - Filling up the DagBag from /home/airflow/.local/lib/python3.12/site-packages/airflow/example_dags/example_sensors.py
[2024-08-20T04:01:57.776+0000] {processor.py:925} INFO - DAG(s) 'example_sensors' retrieved from /home/airflow/.local/lib/python3.12/site-packages/airflow/example_dags/example_sensors.py
[2024-08-20T04:01:57.815+0000] {logging_mixin.py:190} INFO - [2024-08-20T04:01:57.815+0000] {dag.py:3211} INFO - Sync 1 DAGs
[2024-08-20T04:01:57.832+0000] {logging_mixin.py:190} INFO - [2024-08-20T04:01:57.832+0000] {dag.py:4138} INFO - Setting next_dagrun for example_sensors to None, run_after=None
[2024-08-20T04:01:57.863+0000] {processor.py:208} INFO - Processing /home/airflow/.local/lib/python3.12/site-packages/airflow/example_dags/example_sensors.py took 0.114 seconds
[2024-08-20T04:02:27.995+0000] {processor.py:186} INFO - Started process (PID=1457) to work on /home/airflow/.local/lib/python3.12/site-packages/airflow/example_dags/example_sensors.py
[2024-08-20T04:02:27.996+0000] {processor.py:914} INFO - Processing file /home/airflow/.local/lib/python3.12/site-packages/airflow/example_dags/example_sensors.py for tasks to queue
[2024-08-20T04:02:27.999+0000] {logging_mixin.py:190} INFO - [2024-08-20T04:02:27.999+0000] {dagbag.py:587} INFO - Filling up the DagBag from /home/airflow/.local/lib/python3.12/site-packages/airflow/example_dags/example_sensors.py
[2024-08-20T04:02:28.011+0000] {processor.py:925} INFO - DAG(s) 'example_sensors' retrieved from /home/airflow/.local/lib/python3.12/site-packages/airflow/example_dags/example_sensors.py
[2024-08-20T04:02:28.038+0000] {logging_mixin.py:190} INFO - [2024-08-20T04:02:28.038+0000] {dag.py:3211} INFO - Sync 1 DAGs
[2024-08-20T04:02:28.054+0000] {logging_mixin.py:190} INFO - [2024-08-20T04:02:28.054+0000] {dag.py:4138} INFO - Setting next_dagrun for example_sensors to None, run_after=None
[2024-08-20T04:02:28.074+0000] {processor.py:208} INFO - Processing /home/airflow/.local/lib/python3.12/site-packages/airflow/example_dags/example_sensors.py took 0.087 seconds
[2024-08-20T04:02:58.873+0000] {processor.py:186} INFO - Started process (PID=1519) to work on /home/airflow/.local/lib/python3.12/site-packages/airflow/example_dags/example_sensors.py
[2024-08-20T04:02:58.874+0000] {processor.py:914} INFO - Processing file /home/airflow/.local/lib/python3.12/site-packages/airflow/example_dags/example_sensors.py for tasks to queue
[2024-08-20T04:02:58.877+0000] {logging_mixin.py:190} INFO - [2024-08-20T04:02:58.877+0000] {dagbag.py:587} INFO - Filling up the DagBag from /home/airflow/.local/lib/python3.12/site-packages/airflow/example_dags/example_sensors.py
[2024-08-20T04:02:58.891+0000] {processor.py:925} INFO - DAG(s) 'example_sensors' retrieved from /home/airflow/.local/lib/python3.12/site-packages/airflow/example_dags/example_sensors.py
[2024-08-20T04:02:58.921+0000] {logging_mixin.py:190} INFO - [2024-08-20T04:02:58.921+0000] {dag.py:3211} INFO - Sync 1 DAGs
[2024-08-20T04:02:58.937+0000] {logging_mixin.py:190} INFO - [2024-08-20T04:02:58.937+0000] {dag.py:4138} INFO - Setting next_dagrun for example_sensors to None, run_after=None
[2024-08-20T04:02:58.958+0000] {processor.py:208} INFO - Processing /home/airflow/.local/lib/python3.12/site-packages/airflow/example_dags/example_sensors.py took 0.091 seconds
[2024-08-20T04:03:29.803+0000] {processor.py:186} INFO - Started process (PID=1581) to work on /home/airflow/.local/lib/python3.12/site-packages/airflow/example_dags/example_sensors.py
[2024-08-20T04:03:29.805+0000] {processor.py:914} INFO - Processing file /home/airflow/.local/lib/python3.12/site-packages/airflow/example_dags/example_sensors.py for tasks to queue
[2024-08-20T04:03:29.809+0000] {logging_mixin.py:190} INFO - [2024-08-20T04:03:29.808+0000] {dagbag.py:587} INFO - Filling up the DagBag from /home/airflow/.local/lib/python3.12/site-packages/airflow/example_dags/example_sensors.py
[2024-08-20T04:03:29.827+0000] {processor.py:925} INFO - DAG(s) 'example_sensors' retrieved from /home/airflow/.local/lib/python3.12/site-packages/airflow/example_dags/example_sensors.py
[2024-08-20T04:03:29.866+0000] {logging_mixin.py:190} INFO - [2024-08-20T04:03:29.865+0000] {dag.py:3211} INFO - Sync 1 DAGs
[2024-08-20T04:03:29.881+0000] {logging_mixin.py:190} INFO - [2024-08-20T04:03:29.881+0000] {dag.py:4138} INFO - Setting next_dagrun for example_sensors to None, run_after=None
[2024-08-20T04:03:29.901+0000] {processor.py:208} INFO - Processing /home/airflow/.local/lib/python3.12/site-packages/airflow/example_dags/example_sensors.py took 0.112 seconds
[2024-08-20T04:04:00.267+0000] {processor.py:186} INFO - Started process (PID=1643) to work on /home/airflow/.local/lib/python3.12/site-packages/airflow/example_dags/example_sensors.py
[2024-08-20T04:04:00.268+0000] {processor.py:914} INFO - Processing file /home/airflow/.local/lib/python3.12/site-packages/airflow/example_dags/example_sensors.py for tasks to queue
[2024-08-20T04:04:00.271+0000] {logging_mixin.py:190} INFO - [2024-08-20T04:04:00.271+0000] {dagbag.py:587} INFO - Filling up the DagBag from /home/airflow/.local/lib/python3.12/site-packages/airflow/example_dags/example_sensors.py
[2024-08-20T04:04:00.284+0000] {processor.py:925} INFO - DAG(s) 'example_sensors' retrieved from /home/airflow/.local/lib/python3.12/site-packages/airflow/example_dags/example_sensors.py
[2024-08-20T04:04:00.319+0000] {logging_mixin.py:190} INFO - [2024-08-20T04:04:00.319+0000] {dag.py:3211} INFO - Sync 1 DAGs
[2024-08-20T04:04:00.336+0000] {logging_mixin.py:190} INFO - [2024-08-20T04:04:00.336+0000] {dag.py:4138} INFO - Setting next_dagrun for example_sensors to None, run_after=None
[2024-08-20T04:04:00.360+0000] {processor.py:208} INFO - Processing /home/airflow/.local/lib/python3.12/site-packages/airflow/example_dags/example_sensors.py took 0.102 seconds
[2024-08-20T04:04:30.524+0000] {processor.py:186} INFO - Started process (PID=1705) to work on /home/airflow/.local/lib/python3.12/site-packages/airflow/example_dags/example_sensors.py
[2024-08-20T04:04:30.525+0000] {processor.py:914} INFO - Processing file /home/airflow/.local/lib/python3.12/site-packages/airflow/example_dags/example_sensors.py for tasks to queue
[2024-08-20T04:04:30.528+0000] {logging_mixin.py:190} INFO - [2024-08-20T04:04:30.527+0000] {dagbag.py:587} INFO - Filling up the DagBag from /home/airflow/.local/lib/python3.12/site-packages/airflow/example_dags/example_sensors.py
[2024-08-20T04:04:30.538+0000] {processor.py:925} INFO - DAG(s) 'example_sensors' retrieved from /home/airflow/.local/lib/python3.12/site-packages/airflow/example_dags/example_sensors.py
[2024-08-20T04:04:30.565+0000] {logging_mixin.py:190} INFO - [2024-08-20T04:04:30.565+0000] {dag.py:3211} INFO - Sync 1 DAGs
[2024-08-20T04:04:30.580+0000] {logging_mixin.py:190} INFO - [2024-08-20T04:04:30.580+0000] {dag.py:4138} INFO - Setting next_dagrun for example_sensors to None, run_after=None
[2024-08-20T04:04:30.602+0000] {processor.py:208} INFO - Processing /home/airflow/.local/lib/python3.12/site-packages/airflow/example_dags/example_sensors.py took 0.084 seconds
[2024-08-20T04:05:01.671+0000] {processor.py:186} INFO - Started process (PID=1767) to work on /home/airflow/.local/lib/python3.12/site-packages/airflow/example_dags/example_sensors.py
[2024-08-20T04:05:01.673+0000] {processor.py:914} INFO - Processing file /home/airflow/.local/lib/python3.12/site-packages/airflow/example_dags/example_sensors.py for tasks to queue
[2024-08-20T04:05:01.677+0000] {logging_mixin.py:190} INFO - [2024-08-20T04:05:01.676+0000] {dagbag.py:587} INFO - Filling up the DagBag from /home/airflow/.local/lib/python3.12/site-packages/airflow/example_dags/example_sensors.py
[2024-08-20T04:05:01.691+0000] {processor.py:925} INFO - DAG(s) 'example_sensors' retrieved from /home/airflow/.local/lib/python3.12/site-packages/airflow/example_dags/example_sensors.py
[2024-08-20T04:05:01.729+0000] {logging_mixin.py:190} INFO - [2024-08-20T04:05:01.728+0000] {dag.py:3211} INFO - Sync 1 DAGs
[2024-08-20T04:05:01.748+0000] {logging_mixin.py:190} INFO - [2024-08-20T04:05:01.747+0000] {dag.py:4138} INFO - Setting next_dagrun for example_sensors to None, run_after=None
[2024-08-20T04:05:01.775+0000] {processor.py:208} INFO - Processing /home/airflow/.local/lib/python3.12/site-packages/airflow/example_dags/example_sensors.py took 0.112 seconds
[2024-08-20T04:05:32.397+0000] {processor.py:186} INFO - Started process (PID=1830) to work on /home/airflow/.local/lib/python3.12/site-packages/airflow/example_dags/example_sensors.py
[2024-08-20T04:05:32.398+0000] {processor.py:914} INFO - Processing file /home/airflow/.local/lib/python3.12/site-packages/airflow/example_dags/example_sensors.py for tasks to queue
[2024-08-20T04:05:32.401+0000] {logging_mixin.py:190} INFO - [2024-08-20T04:05:32.401+0000] {dagbag.py:587} INFO - Filling up the DagBag from /home/airflow/.local/lib/python3.12/site-packages/airflow/example_dags/example_sensors.py
[2024-08-20T04:05:32.419+0000] {processor.py:925} INFO - DAG(s) 'example_sensors' retrieved from /home/airflow/.local/lib/python3.12/site-packages/airflow/example_dags/example_sensors.py
[2024-08-20T04:05:32.464+0000] {logging_mixin.py:190} INFO - [2024-08-20T04:05:32.464+0000] {dag.py:3211} INFO - Sync 1 DAGs
[2024-08-20T04:05:32.485+0000] {logging_mixin.py:190} INFO - [2024-08-20T04:05:32.485+0000] {dag.py:4138} INFO - Setting next_dagrun for example_sensors to None, run_after=None
[2024-08-20T04:05:32.522+0000] {processor.py:208} INFO - Processing /home/airflow/.local/lib/python3.12/site-packages/airflow/example_dags/example_sensors.py took 0.134 seconds
[2024-08-20T04:06:03.219+0000] {processor.py:186} INFO - Started process (PID=1891) to work on /home/airflow/.local/lib/python3.12/site-packages/airflow/example_dags/example_sensors.py
[2024-08-20T04:06:03.220+0000] {processor.py:914} INFO - Processing file /home/airflow/.local/lib/python3.12/site-packages/airflow/example_dags/example_sensors.py for tasks to queue
[2024-08-20T04:06:03.223+0000] {logging_mixin.py:190} INFO - [2024-08-20T04:06:03.222+0000] {dagbag.py:587} INFO - Filling up the DagBag from /home/airflow/.local/lib/python3.12/site-packages/airflow/example_dags/example_sensors.py
[2024-08-20T04:06:03.242+0000] {processor.py:925} INFO - DAG(s) 'example_sensors' retrieved from /home/airflow/.local/lib/python3.12/site-packages/airflow/example_dags/example_sensors.py
[2024-08-20T04:06:03.281+0000] {logging_mixin.py:190} INFO - [2024-08-20T04:06:03.280+0000] {dag.py:3211} INFO - Sync 1 DAGs
[2024-08-20T04:06:03.300+0000] {logging_mixin.py:190} INFO - [2024-08-20T04:06:03.299+0000] {dag.py:4138} INFO - Setting next_dagrun for example_sensors to None, run_after=None
[2024-08-20T04:06:03.327+0000] {processor.py:208} INFO - Processing /home/airflow/.local/lib/python3.12/site-packages/airflow/example_dags/example_sensors.py took 0.117 seconds
[2024-08-20T04:06:34.130+0000] {processor.py:186} INFO - Started process (PID=1959) to work on /home/airflow/.local/lib/python3.12/site-packages/airflow/example_dags/example_sensors.py
[2024-08-20T04:06:34.132+0000] {processor.py:914} INFO - Processing file /home/airflow/.local/lib/python3.12/site-packages/airflow/example_dags/example_sensors.py for tasks to queue
[2024-08-20T04:06:34.138+0000] {logging_mixin.py:190} INFO - [2024-08-20T04:06:34.137+0000] {dagbag.py:587} INFO - Filling up the DagBag from /home/airflow/.local/lib/python3.12/site-packages/airflow/example_dags/example_sensors.py
[2024-08-20T04:06:34.166+0000] {processor.py:925} INFO - DAG(s) 'example_sensors' retrieved from /home/airflow/.local/lib/python3.12/site-packages/airflow/example_dags/example_sensors.py
[2024-08-20T04:06:34.216+0000] {logging_mixin.py:190} INFO - [2024-08-20T04:06:34.216+0000] {dag.py:3211} INFO - Sync 1 DAGs
[2024-08-20T04:06:34.238+0000] {logging_mixin.py:190} INFO - [2024-08-20T04:06:34.238+0000] {dag.py:4138} INFO - Setting next_dagrun for example_sensors to None, run_after=None
[2024-08-20T04:06:34.271+0000] {processor.py:208} INFO - Processing /home/airflow/.local/lib/python3.12/site-packages/airflow/example_dags/example_sensors.py took 0.152 seconds
[2024-08-20T04:07:05.267+0000] {processor.py:186} INFO - Started process (PID=2021) to work on /home/airflow/.local/lib/python3.12/site-packages/airflow/example_dags/example_sensors.py
[2024-08-20T04:07:05.269+0000] {processor.py:914} INFO - Processing file /home/airflow/.local/lib/python3.12/site-packages/airflow/example_dags/example_sensors.py for tasks to queue
[2024-08-20T04:07:05.273+0000] {logging_mixin.py:190} INFO - [2024-08-20T04:07:05.272+0000] {dagbag.py:587} INFO - Filling up the DagBag from /home/airflow/.local/lib/python3.12/site-packages/airflow/example_dags/example_sensors.py
[2024-08-20T04:07:05.291+0000] {processor.py:925} INFO - DAG(s) 'example_sensors' retrieved from /home/airflow/.local/lib/python3.12/site-packages/airflow/example_dags/example_sensors.py
[2024-08-20T04:07:05.329+0000] {logging_mixin.py:190} INFO - [2024-08-20T04:07:05.329+0000] {dag.py:3211} INFO - Sync 1 DAGs
[2024-08-20T04:07:05.349+0000] {logging_mixin.py:190} INFO - [2024-08-20T04:07:05.348+0000] {dag.py:4138} INFO - Setting next_dagrun for example_sensors to None, run_after=None
[2024-08-20T04:07:05.374+0000] {processor.py:208} INFO - Processing /home/airflow/.local/lib/python3.12/site-packages/airflow/example_dags/example_sensors.py took 0.118 seconds
[2024-08-20T04:07:35.861+0000] {processor.py:186} INFO - Started process (PID=2084) to work on /home/airflow/.local/lib/python3.12/site-packages/airflow/example_dags/example_sensors.py
[2024-08-20T04:07:35.863+0000] {processor.py:914} INFO - Processing file /home/airflow/.local/lib/python3.12/site-packages/airflow/example_dags/example_sensors.py for tasks to queue
[2024-08-20T04:07:35.865+0000] {logging_mixin.py:190} INFO - [2024-08-20T04:07:35.865+0000] {dagbag.py:587} INFO - Filling up the DagBag from /home/airflow/.local/lib/python3.12/site-packages/airflow/example_dags/example_sensors.py
[2024-08-20T04:07:35.879+0000] {processor.py:925} INFO - DAG(s) 'example_sensors' retrieved from /home/airflow/.local/lib/python3.12/site-packages/airflow/example_dags/example_sensors.py
[2024-08-20T04:07:35.913+0000] {logging_mixin.py:190} INFO - [2024-08-20T04:07:35.912+0000] {dag.py:3211} INFO - Sync 1 DAGs
[2024-08-20T04:07:35.932+0000] {logging_mixin.py:190} INFO - [2024-08-20T04:07:35.932+0000] {dag.py:4138} INFO - Setting next_dagrun for example_sensors to None, run_after=None
[2024-08-20T04:07:35.954+0000] {processor.py:208} INFO - Processing /home/airflow/.local/lib/python3.12/site-packages/airflow/example_dags/example_sensors.py took 0.101 seconds
[2024-08-20T04:08:06.846+0000] {processor.py:186} INFO - Started process (PID=2147) to work on /home/airflow/.local/lib/python3.12/site-packages/airflow/example_dags/example_sensors.py
[2024-08-20T04:08:06.847+0000] {processor.py:914} INFO - Processing file /home/airflow/.local/lib/python3.12/site-packages/airflow/example_dags/example_sensors.py for tasks to queue
[2024-08-20T04:08:06.850+0000] {logging_mixin.py:190} INFO - [2024-08-20T04:08:06.850+0000] {dagbag.py:587} INFO - Filling up the DagBag from /home/airflow/.local/lib/python3.12/site-packages/airflow/example_dags/example_sensors.py
[2024-08-20T04:08:06.864+0000] {processor.py:925} INFO - DAG(s) 'example_sensors' retrieved from /home/airflow/.local/lib/python3.12/site-packages/airflow/example_dags/example_sensors.py
[2024-08-20T04:08:06.902+0000] {logging_mixin.py:190} INFO - [2024-08-20T04:08:06.902+0000] {dag.py:3211} INFO - Sync 1 DAGs
[2024-08-20T04:08:06.924+0000] {logging_mixin.py:190} INFO - [2024-08-20T04:08:06.923+0000] {dag.py:4138} INFO - Setting next_dagrun for example_sensors to None, run_after=None
[2024-08-20T04:08:06.948+0000] {processor.py:208} INFO - Processing /home/airflow/.local/lib/python3.12/site-packages/airflow/example_dags/example_sensors.py took 0.113 seconds
[2024-08-20T04:08:37.692+0000] {processor.py:186} INFO - Started process (PID=2209) to work on /home/airflow/.local/lib/python3.12/site-packages/airflow/example_dags/example_sensors.py
[2024-08-20T04:08:37.694+0000] {processor.py:914} INFO - Processing file /home/airflow/.local/lib/python3.12/site-packages/airflow/example_dags/example_sensors.py for tasks to queue
[2024-08-20T04:08:37.699+0000] {logging_mixin.py:190} INFO - [2024-08-20T04:08:37.698+0000] {dagbag.py:587} INFO - Filling up the DagBag from /home/airflow/.local/lib/python3.12/site-packages/airflow/example_dags/example_sensors.py
[2024-08-20T04:08:37.719+0000] {processor.py:925} INFO - DAG(s) 'example_sensors' retrieved from /home/airflow/.local/lib/python3.12/site-packages/airflow/example_dags/example_sensors.py
[2024-08-20T04:08:37.761+0000] {logging_mixin.py:190} INFO - [2024-08-20T04:08:37.761+0000] {dag.py:3211} INFO - Sync 1 DAGs
[2024-08-20T04:08:37.789+0000] {logging_mixin.py:190} INFO - [2024-08-20T04:08:37.788+0000] {dag.py:4138} INFO - Setting next_dagrun for example_sensors to None, run_after=None
[2024-08-20T04:08:37.820+0000] {processor.py:208} INFO - Processing /home/airflow/.local/lib/python3.12/site-packages/airflow/example_dags/example_sensors.py took 0.138 seconds
[2024-08-20T04:09:08.556+0000] {processor.py:186} INFO - Started process (PID=2271) to work on /home/airflow/.local/lib/python3.12/site-packages/airflow/example_dags/example_sensors.py
[2024-08-20T04:09:08.558+0000] {processor.py:914} INFO - Processing file /home/airflow/.local/lib/python3.12/site-packages/airflow/example_dags/example_sensors.py for tasks to queue
[2024-08-20T04:09:08.562+0000] {logging_mixin.py:190} INFO - [2024-08-20T04:09:08.561+0000] {dagbag.py:587} INFO - Filling up the DagBag from /home/airflow/.local/lib/python3.12/site-packages/airflow/example_dags/example_sensors.py
[2024-08-20T04:09:08.578+0000] {processor.py:925} INFO - DAG(s) 'example_sensors' retrieved from /home/airflow/.local/lib/python3.12/site-packages/airflow/example_dags/example_sensors.py
[2024-08-20T04:09:08.631+0000] {logging_mixin.py:190} INFO - [2024-08-20T04:09:08.631+0000] {dag.py:3211} INFO - Sync 1 DAGs
[2024-08-20T04:09:08.672+0000] {logging_mixin.py:190} INFO - [2024-08-20T04:09:08.672+0000] {dag.py:4138} INFO - Setting next_dagrun for example_sensors to None, run_after=None
[2024-08-20T04:09:08.710+0000] {processor.py:208} INFO - Processing /home/airflow/.local/lib/python3.12/site-packages/airflow/example_dags/example_sensors.py took 0.164 seconds
[2024-08-20T04:09:40.075+0000] {processor.py:186} INFO - Started process (PID=2333) to work on /home/airflow/.local/lib/python3.12/site-packages/airflow/example_dags/example_sensors.py
[2024-08-20T04:09:40.076+0000] {processor.py:914} INFO - Processing file /home/airflow/.local/lib/python3.12/site-packages/airflow/example_dags/example_sensors.py for tasks to queue
[2024-08-20T04:09:40.080+0000] {logging_mixin.py:190} INFO - [2024-08-20T04:09:40.080+0000] {dagbag.py:587} INFO - Filling up the DagBag from /home/airflow/.local/lib/python3.12/site-packages/airflow/example_dags/example_sensors.py
[2024-08-20T04:09:40.101+0000] {processor.py:925} INFO - DAG(s) 'example_sensors' retrieved from /home/airflow/.local/lib/python3.12/site-packages/airflow/example_dags/example_sensors.py
[2024-08-20T04:09:40.157+0000] {logging_mixin.py:190} INFO - [2024-08-20T04:09:40.156+0000] {dag.py:3211} INFO - Sync 1 DAGs
[2024-08-20T04:09:40.180+0000] {logging_mixin.py:190} INFO - [2024-08-20T04:09:40.180+0000] {dag.py:4138} INFO - Setting next_dagrun for example_sensors to None, run_after=None
[2024-08-20T04:09:40.215+0000] {processor.py:208} INFO - Processing /home/airflow/.local/lib/python3.12/site-packages/airflow/example_dags/example_sensors.py took 0.152 seconds
[2024-08-20T04:10:11.950+0000] {processor.py:186} INFO - Started process (PID=2396) to work on /home/airflow/.local/lib/python3.12/site-packages/airflow/example_dags/example_sensors.py
[2024-08-20T04:10:11.952+0000] {processor.py:914} INFO - Processing file /home/airflow/.local/lib/python3.12/site-packages/airflow/example_dags/example_sensors.py for tasks to queue
[2024-08-20T04:10:11.957+0000] {logging_mixin.py:190} INFO - [2024-08-20T04:10:11.956+0000] {dagbag.py:587} INFO - Filling up the DagBag from /home/airflow/.local/lib/python3.12/site-packages/airflow/example_dags/example_sensors.py
[2024-08-20T04:10:11.980+0000] {processor.py:925} INFO - DAG(s) 'example_sensors' retrieved from /home/airflow/.local/lib/python3.12/site-packages/airflow/example_dags/example_sensors.py
[2024-08-20T04:10:12.049+0000] {logging_mixin.py:190} INFO - [2024-08-20T04:10:12.048+0000] {dag.py:3211} INFO - Sync 1 DAGs
[2024-08-20T04:10:12.104+0000] {logging_mixin.py:190} INFO - [2024-08-20T04:10:12.103+0000] {dag.py:4138} INFO - Setting next_dagrun for example_sensors to None, run_after=None
[2024-08-20T04:10:12.150+0000] {processor.py:208} INFO - Processing /home/airflow/.local/lib/python3.12/site-packages/airflow/example_dags/example_sensors.py took 0.211 seconds
[2024-08-20T04:10:42.885+0000] {processor.py:186} INFO - Started process (PID=2458) to work on /home/airflow/.local/lib/python3.12/site-packages/airflow/example_dags/example_sensors.py
[2024-08-20T04:10:42.887+0000] {processor.py:914} INFO - Processing file /home/airflow/.local/lib/python3.12/site-packages/airflow/example_dags/example_sensors.py for tasks to queue
[2024-08-20T04:10:42.892+0000] {logging_mixin.py:190} INFO - [2024-08-20T04:10:42.891+0000] {dagbag.py:587} INFO - Filling up the DagBag from /home/airflow/.local/lib/python3.12/site-packages/airflow/example_dags/example_sensors.py
[2024-08-20T04:10:42.908+0000] {processor.py:925} INFO - DAG(s) 'example_sensors' retrieved from /home/airflow/.local/lib/python3.12/site-packages/airflow/example_dags/example_sensors.py
[2024-08-20T04:10:42.948+0000] {logging_mixin.py:190} INFO - [2024-08-20T04:10:42.948+0000] {dag.py:3211} INFO - Sync 1 DAGs
[2024-08-20T04:10:42.970+0000] {logging_mixin.py:190} INFO - [2024-08-20T04:10:42.969+0000] {dag.py:4138} INFO - Setting next_dagrun for example_sensors to None, run_after=None
[2024-08-20T04:10:42.996+0000] {processor.py:208} INFO - Processing /home/airflow/.local/lib/python3.12/site-packages/airflow/example_dags/example_sensors.py took 0.142 seconds
[2024-08-20T04:11:13.981+0000] {processor.py:186} INFO - Started process (PID=2520) to work on /home/airflow/.local/lib/python3.12/site-packages/airflow/example_dags/example_sensors.py
[2024-08-20T04:11:13.983+0000] {processor.py:914} INFO - Processing file /home/airflow/.local/lib/python3.12/site-packages/airflow/example_dags/example_sensors.py for tasks to queue
[2024-08-20T04:11:13.986+0000] {logging_mixin.py:190} INFO - [2024-08-20T04:11:13.986+0000] {dagbag.py:587} INFO - Filling up the DagBag from /home/airflow/.local/lib/python3.12/site-packages/airflow/example_dags/example_sensors.py
[2024-08-20T04:11:14.003+0000] {processor.py:925} INFO - DAG(s) 'example_sensors' retrieved from /home/airflow/.local/lib/python3.12/site-packages/airflow/example_dags/example_sensors.py
[2024-08-20T04:11:14.040+0000] {logging_mixin.py:190} INFO - [2024-08-20T04:11:14.040+0000] {dag.py:3211} INFO - Sync 1 DAGs
[2024-08-20T04:11:14.070+0000] {logging_mixin.py:190} INFO - [2024-08-20T04:11:14.069+0000] {dag.py:4138} INFO - Setting next_dagrun for example_sensors to None, run_after=None
[2024-08-20T04:11:14.098+0000] {processor.py:208} INFO - Processing /home/airflow/.local/lib/python3.12/site-packages/airflow/example_dags/example_sensors.py took 0.127 seconds
[2024-08-20T04:11:45.113+0000] {processor.py:186} INFO - Started process (PID=2583) to work on /home/airflow/.local/lib/python3.12/site-packages/airflow/example_dags/example_sensors.py
[2024-08-20T04:11:45.115+0000] {processor.py:914} INFO - Processing file /home/airflow/.local/lib/python3.12/site-packages/airflow/example_dags/example_sensors.py for tasks to queue
[2024-08-20T04:11:45.119+0000] {logging_mixin.py:190} INFO - [2024-08-20T04:11:45.118+0000] {dagbag.py:587} INFO - Filling up the DagBag from /home/airflow/.local/lib/python3.12/site-packages/airflow/example_dags/example_sensors.py
[2024-08-20T04:11:45.141+0000] {processor.py:925} INFO - DAG(s) 'example_sensors' retrieved from /home/airflow/.local/lib/python3.12/site-packages/airflow/example_dags/example_sensors.py
[2024-08-20T04:11:45.197+0000] {logging_mixin.py:190} INFO - [2024-08-20T04:11:45.196+0000] {dag.py:3211} INFO - Sync 1 DAGs
[2024-08-20T04:11:45.223+0000] {logging_mixin.py:190} INFO - [2024-08-20T04:11:45.223+0000] {dag.py:4138} INFO - Setting next_dagrun for example_sensors to None, run_after=None
[2024-08-20T04:11:45.263+0000] {processor.py:208} INFO - Processing /home/airflow/.local/lib/python3.12/site-packages/airflow/example_dags/example_sensors.py took 0.163 seconds
[2024-08-20T04:12:15.682+0000] {processor.py:186} INFO - Started process (PID=2645) to work on /home/airflow/.local/lib/python3.12/site-packages/airflow/example_dags/example_sensors.py
[2024-08-20T04:12:15.683+0000] {processor.py:914} INFO - Processing file /home/airflow/.local/lib/python3.12/site-packages/airflow/example_dags/example_sensors.py for tasks to queue
[2024-08-20T04:12:15.687+0000] {logging_mixin.py:190} INFO - [2024-08-20T04:12:15.686+0000] {dagbag.py:587} INFO - Filling up the DagBag from /home/airflow/.local/lib/python3.12/site-packages/airflow/example_dags/example_sensors.py
[2024-08-20T04:12:15.704+0000] {processor.py:925} INFO - DAG(s) 'example_sensors' retrieved from /home/airflow/.local/lib/python3.12/site-packages/airflow/example_dags/example_sensors.py
[2024-08-20T04:12:15.750+0000] {logging_mixin.py:190} INFO - [2024-08-20T04:12:15.750+0000] {dag.py:3211} INFO - Sync 1 DAGs
[2024-08-20T04:12:15.778+0000] {logging_mixin.py:190} INFO - [2024-08-20T04:12:15.778+0000] {dag.py:4138} INFO - Setting next_dagrun for example_sensors to None, run_after=None
[2024-08-20T04:12:15.814+0000] {processor.py:208} INFO - Processing /home/airflow/.local/lib/python3.12/site-packages/airflow/example_dags/example_sensors.py took 0.141 seconds
[2024-08-20T04:12:46.333+0000] {processor.py:186} INFO - Started process (PID=2707) to work on /home/airflow/.local/lib/python3.12/site-packages/airflow/example_dags/example_sensors.py
[2024-08-20T04:12:46.336+0000] {processor.py:914} INFO - Processing file /home/airflow/.local/lib/python3.12/site-packages/airflow/example_dags/example_sensors.py for tasks to queue
[2024-08-20T04:12:46.339+0000] {logging_mixin.py:190} INFO - [2024-08-20T04:12:46.338+0000] {dagbag.py:587} INFO - Filling up the DagBag from /home/airflow/.local/lib/python3.12/site-packages/airflow/example_dags/example_sensors.py
[2024-08-20T04:12:46.352+0000] {processor.py:925} INFO - DAG(s) 'example_sensors' retrieved from /home/airflow/.local/lib/python3.12/site-packages/airflow/example_dags/example_sensors.py
[2024-08-20T04:12:46.395+0000] {logging_mixin.py:190} INFO - [2024-08-20T04:12:46.394+0000] {dag.py:3211} INFO - Sync 1 DAGs
[2024-08-20T04:12:46.420+0000] {logging_mixin.py:190} INFO - [2024-08-20T04:12:46.419+0000] {dag.py:4138} INFO - Setting next_dagrun for example_sensors to None, run_after=None
[2024-08-20T04:12:46.451+0000] {processor.py:208} INFO - Processing /home/airflow/.local/lib/python3.12/site-packages/airflow/example_dags/example_sensors.py took 0.133 seconds
[2024-08-20T04:13:17.264+0000] {processor.py:186} INFO - Started process (PID=2769) to work on /home/airflow/.local/lib/python3.12/site-packages/airflow/example_dags/example_sensors.py
[2024-08-20T04:13:17.266+0000] {processor.py:914} INFO - Processing file /home/airflow/.local/lib/python3.12/site-packages/airflow/example_dags/example_sensors.py for tasks to queue
[2024-08-20T04:13:17.269+0000] {logging_mixin.py:190} INFO - [2024-08-20T04:13:17.269+0000] {dagbag.py:587} INFO - Filling up the DagBag from /home/airflow/.local/lib/python3.12/site-packages/airflow/example_dags/example_sensors.py
[2024-08-20T04:13:17.286+0000] {processor.py:925} INFO - DAG(s) 'example_sensors' retrieved from /home/airflow/.local/lib/python3.12/site-packages/airflow/example_dags/example_sensors.py
[2024-08-20T04:13:17.329+0000] {logging_mixin.py:190} INFO - [2024-08-20T04:13:17.329+0000] {dag.py:3211} INFO - Sync 1 DAGs
[2024-08-20T04:13:17.357+0000] {logging_mixin.py:190} INFO - [2024-08-20T04:13:17.357+0000] {dag.py:4138} INFO - Setting next_dagrun for example_sensors to None, run_after=None
[2024-08-20T04:13:17.386+0000] {processor.py:208} INFO - Processing /home/airflow/.local/lib/python3.12/site-packages/airflow/example_dags/example_sensors.py took 0.133 seconds
[2024-08-20T04:13:48.011+0000] {processor.py:186} INFO - Started process (PID=2831) to work on /home/airflow/.local/lib/python3.12/site-packages/airflow/example_dags/example_sensors.py
[2024-08-20T04:13:48.013+0000] {processor.py:914} INFO - Processing file /home/airflow/.local/lib/python3.12/site-packages/airflow/example_dags/example_sensors.py for tasks to queue
[2024-08-20T04:13:48.019+0000] {logging_mixin.py:190} INFO - [2024-08-20T04:13:48.019+0000] {dagbag.py:587} INFO - Filling up the DagBag from /home/airflow/.local/lib/python3.12/site-packages/airflow/example_dags/example_sensors.py
[2024-08-20T04:13:48.038+0000] {processor.py:925} INFO - DAG(s) 'example_sensors' retrieved from /home/airflow/.local/lib/python3.12/site-packages/airflow/example_dags/example_sensors.py
[2024-08-20T04:13:48.078+0000] {logging_mixin.py:190} INFO - [2024-08-20T04:13:48.078+0000] {dag.py:3211} INFO - Sync 1 DAGs
[2024-08-20T04:13:48.104+0000] {logging_mixin.py:190} INFO - [2024-08-20T04:13:48.104+0000] {dag.py:4138} INFO - Setting next_dagrun for example_sensors to None, run_after=None
[2024-08-20T04:13:48.137+0000] {processor.py:208} INFO - Processing /home/airflow/.local/lib/python3.12/site-packages/airflow/example_dags/example_sensors.py took 0.136 seconds
[2024-08-20T04:14:19.477+0000] {processor.py:186} INFO - Started process (PID=2893) to work on /home/airflow/.local/lib/python3.12/site-packages/airflow/example_dags/example_sensors.py
[2024-08-20T04:14:19.479+0000] {processor.py:914} INFO - Processing file /home/airflow/.local/lib/python3.12/site-packages/airflow/example_dags/example_sensors.py for tasks to queue
[2024-08-20T04:14:19.483+0000] {logging_mixin.py:190} INFO - [2024-08-20T04:14:19.482+0000] {dagbag.py:587} INFO - Filling up the DagBag from /home/airflow/.local/lib/python3.12/site-packages/airflow/example_dags/example_sensors.py
[2024-08-20T04:14:19.509+0000] {processor.py:925} INFO - DAG(s) 'example_sensors' retrieved from /home/airflow/.local/lib/python3.12/site-packages/airflow/example_dags/example_sensors.py
[2024-08-20T04:14:19.546+0000] {logging_mixin.py:190} INFO - [2024-08-20T04:14:19.545+0000] {dag.py:3211} INFO - Sync 1 DAGs
[2024-08-20T04:14:19.569+0000] {logging_mixin.py:190} INFO - [2024-08-20T04:14:19.568+0000] {dag.py:4138} INFO - Setting next_dagrun for example_sensors to None, run_after=None
[2024-08-20T04:14:19.596+0000] {processor.py:208} INFO - Processing /home/airflow/.local/lib/python3.12/site-packages/airflow/example_dags/example_sensors.py took 0.130 seconds
[2024-08-20T04:14:50.166+0000] {processor.py:186} INFO - Started process (PID=2955) to work on /home/airflow/.local/lib/python3.12/site-packages/airflow/example_dags/example_sensors.py
[2024-08-20T04:14:50.168+0000] {processor.py:914} INFO - Processing file /home/airflow/.local/lib/python3.12/site-packages/airflow/example_dags/example_sensors.py for tasks to queue
[2024-08-20T04:14:50.173+0000] {logging_mixin.py:190} INFO - [2024-08-20T04:14:50.172+0000] {dagbag.py:587} INFO - Filling up the DagBag from /home/airflow/.local/lib/python3.12/site-packages/airflow/example_dags/example_sensors.py
[2024-08-20T04:14:50.190+0000] {processor.py:925} INFO - DAG(s) 'example_sensors' retrieved from /home/airflow/.local/lib/python3.12/site-packages/airflow/example_dags/example_sensors.py
[2024-08-20T04:14:50.237+0000] {logging_mixin.py:190} INFO - [2024-08-20T04:14:50.236+0000] {dag.py:3211} INFO - Sync 1 DAGs
[2024-08-20T04:14:50.263+0000] {logging_mixin.py:190} INFO - [2024-08-20T04:14:50.263+0000] {dag.py:4138} INFO - Setting next_dagrun for example_sensors to None, run_after=None
[2024-08-20T04:14:50.302+0000] {processor.py:208} INFO - Processing /home/airflow/.local/lib/python3.12/site-packages/airflow/example_dags/example_sensors.py took 0.145 seconds
[2024-08-20T04:15:20.755+0000] {processor.py:186} INFO - Started process (PID=3016) to work on /home/airflow/.local/lib/python3.12/site-packages/airflow/example_dags/example_sensors.py
[2024-08-20T04:15:20.758+0000] {processor.py:914} INFO - Processing file /home/airflow/.local/lib/python3.12/site-packages/airflow/example_dags/example_sensors.py for tasks to queue
[2024-08-20T04:15:20.762+0000] {logging_mixin.py:190} INFO - [2024-08-20T04:15:20.761+0000] {dagbag.py:587} INFO - Filling up the DagBag from /home/airflow/.local/lib/python3.12/site-packages/airflow/example_dags/example_sensors.py
[2024-08-20T04:15:20.778+0000] {processor.py:925} INFO - DAG(s) 'example_sensors' retrieved from /home/airflow/.local/lib/python3.12/site-packages/airflow/example_dags/example_sensors.py
[2024-08-20T04:15:20.815+0000] {logging_mixin.py:190} INFO - [2024-08-20T04:15:20.815+0000] {dag.py:3211} INFO - Sync 1 DAGs
[2024-08-20T04:15:20.838+0000] {logging_mixin.py:190} INFO - [2024-08-20T04:15:20.837+0000] {dag.py:4138} INFO - Setting next_dagrun for example_sensors to None, run_after=None
[2024-08-20T04:15:20.868+0000] {processor.py:208} INFO - Processing /home/airflow/.local/lib/python3.12/site-packages/airflow/example_dags/example_sensors.py took 0.123 seconds
[2024-08-20T04:15:51.284+0000] {processor.py:186} INFO - Started process (PID=3077) to work on /home/airflow/.local/lib/python3.12/site-packages/airflow/example_dags/example_sensors.py
[2024-08-20T04:15:51.286+0000] {processor.py:914} INFO - Processing file /home/airflow/.local/lib/python3.12/site-packages/airflow/example_dags/example_sensors.py for tasks to queue
[2024-08-20T04:15:51.290+0000] {logging_mixin.py:190} INFO - [2024-08-20T04:15:51.289+0000] {dagbag.py:587} INFO - Filling up the DagBag from /home/airflow/.local/lib/python3.12/site-packages/airflow/example_dags/example_sensors.py
[2024-08-20T04:15:51.307+0000] {processor.py:925} INFO - DAG(s) 'example_sensors' retrieved from /home/airflow/.local/lib/python3.12/site-packages/airflow/example_dags/example_sensors.py
[2024-08-20T04:15:51.343+0000] {logging_mixin.py:190} INFO - [2024-08-20T04:15:51.343+0000] {dag.py:3211} INFO - Sync 1 DAGs
[2024-08-20T04:15:51.593+0000] {logging_mixin.py:190} INFO - [2024-08-20T04:15:51.593+0000] {dag.py:4138} INFO - Setting next_dagrun for example_sensors to None, run_after=None
[2024-08-20T04:15:51.614+0000] {processor.py:208} INFO - Processing /home/airflow/.local/lib/python3.12/site-packages/airflow/example_dags/example_sensors.py took 0.339 seconds
