[2024-08-20T03:38:41.237+0000] {processor.py:186} INFO - Started process (PID=95) to work on /home/airflow/.local/lib/python3.12/site-packages/airflow/example_dags/example_task_group_decorator.py
[2024-08-20T03:38:41.238+0000] {processor.py:914} INFO - Processing file /home/airflow/.local/lib/python3.12/site-packages/airflow/example_dags/example_task_group_decorator.py for tasks to queue
[2024-08-20T03:38:41.242+0000] {logging_mixin.py:190} INFO - [2024-08-20T03:38:41.241+0000] {dagbag.py:587} INFO - Filling up the DagBag from /home/airflow/.local/lib/python3.12/site-packages/airflow/example_dags/example_task_group_decorator.py
[2024-08-20T03:38:41.262+0000] {processor.py:925} INFO - DAG(s) 'example_task_group_decorator' retrieved from /home/airflow/.local/lib/python3.12/site-packages/airflow/example_dags/example_task_group_decorator.py
[2024-08-20T03:38:41.401+0000] {logging_mixin.py:190} INFO - [2024-08-20T03:38:41.401+0000] {override.py:1858} INFO - Created Permission View: can edit on DAG:example_task_group_decorator
[2024-08-20T03:38:41.416+0000] {logging_mixin.py:190} INFO - [2024-08-20T03:38:41.416+0000] {override.py:1858} INFO - Created Permission View: can read on DAG:example_task_group_decorator
[2024-08-20T03:38:41.424+0000] {logging_mixin.py:190} INFO - [2024-08-20T03:38:41.424+0000] {override.py:1858} INFO - Created Permission View: can delete on DAG:example_task_group_decorator
[2024-08-20T03:38:41.425+0000] {logging_mixin.py:190} INFO - [2024-08-20T03:38:41.425+0000] {dag.py:3211} INFO - Sync 1 DAGs
[2024-08-20T03:38:41.439+0000] {logging_mixin.py:190} INFO - [2024-08-20T03:38:41.439+0000] {dag.py:3234} INFO - Creating ORM DAG for example_task_group_decorator
[2024-08-20T03:38:41.453+0000] {logging_mixin.py:190} INFO - [2024-08-20T03:38:41.453+0000] {dag.py:4138} INFO - Setting next_dagrun for example_task_group_decorator to 2024-08-19 00:00:00+00:00, run_after=2024-08-20 00:00:00+00:00
[2024-08-20T03:38:41.476+0000] {processor.py:208} INFO - Processing /home/airflow/.local/lib/python3.12/site-packages/airflow/example_dags/example_task_group_decorator.py took 0.244 seconds
[2024-08-20T03:39:12.348+0000] {processor.py:186} INFO - Started process (PID=157) to work on /home/airflow/.local/lib/python3.12/site-packages/airflow/example_dags/example_task_group_decorator.py
[2024-08-20T03:39:12.350+0000] {processor.py:914} INFO - Processing file /home/airflow/.local/lib/python3.12/site-packages/airflow/example_dags/example_task_group_decorator.py for tasks to queue
[2024-08-20T03:39:12.353+0000] {logging_mixin.py:190} INFO - [2024-08-20T03:39:12.352+0000] {dagbag.py:587} INFO - Filling up the DagBag from /home/airflow/.local/lib/python3.12/site-packages/airflow/example_dags/example_task_group_decorator.py
[2024-08-20T03:39:12.371+0000] {processor.py:925} INFO - DAG(s) 'example_task_group_decorator' retrieved from /home/airflow/.local/lib/python3.12/site-packages/airflow/example_dags/example_task_group_decorator.py
[2024-08-20T03:39:12.406+0000] {logging_mixin.py:190} INFO - [2024-08-20T03:39:12.406+0000] {dag.py:3211} INFO - Sync 1 DAGs
[2024-08-20T03:39:12.463+0000] {logging_mixin.py:190} INFO - [2024-08-20T03:39:12.462+0000] {dag.py:4138} INFO - Setting next_dagrun for example_task_group_decorator to 2024-08-19 00:00:00+00:00, run_after=2024-08-20 00:00:00+00:00
[2024-08-20T03:39:12.487+0000] {processor.py:208} INFO - Processing /home/airflow/.local/lib/python3.12/site-packages/airflow/example_dags/example_task_group_decorator.py took 0.145 seconds
[2024-08-20T03:39:42.898+0000] {processor.py:186} INFO - Started process (PID=219) to work on /home/airflow/.local/lib/python3.12/site-packages/airflow/example_dags/example_task_group_decorator.py
[2024-08-20T03:39:42.899+0000] {processor.py:914} INFO - Processing file /home/airflow/.local/lib/python3.12/site-packages/airflow/example_dags/example_task_group_decorator.py for tasks to queue
[2024-08-20T03:39:42.902+0000] {logging_mixin.py:190} INFO - [2024-08-20T03:39:42.901+0000] {dagbag.py:587} INFO - Filling up the DagBag from /home/airflow/.local/lib/python3.12/site-packages/airflow/example_dags/example_task_group_decorator.py
[2024-08-20T03:39:42.923+0000] {processor.py:925} INFO - DAG(s) 'example_task_group_decorator' retrieved from /home/airflow/.local/lib/python3.12/site-packages/airflow/example_dags/example_task_group_decorator.py
[2024-08-20T03:39:42.955+0000] {logging_mixin.py:190} INFO - [2024-08-20T03:39:42.955+0000] {dag.py:3211} INFO - Sync 1 DAGs
[2024-08-20T03:39:42.985+0000] {logging_mixin.py:190} INFO - [2024-08-20T03:39:42.984+0000] {dag.py:4138} INFO - Setting next_dagrun for example_task_group_decorator to 2024-08-19 00:00:00+00:00, run_after=2024-08-20 00:00:00+00:00
[2024-08-20T03:39:43.011+0000] {processor.py:208} INFO - Processing /home/airflow/.local/lib/python3.12/site-packages/airflow/example_dags/example_task_group_decorator.py took 0.123 seconds
[2024-08-20T03:40:13.855+0000] {processor.py:186} INFO - Started process (PID=281) to work on /home/airflow/.local/lib/python3.12/site-packages/airflow/example_dags/example_task_group_decorator.py
[2024-08-20T03:40:13.857+0000] {processor.py:914} INFO - Processing file /home/airflow/.local/lib/python3.12/site-packages/airflow/example_dags/example_task_group_decorator.py for tasks to queue
[2024-08-20T03:40:13.861+0000] {logging_mixin.py:190} INFO - [2024-08-20T03:40:13.860+0000] {dagbag.py:587} INFO - Filling up the DagBag from /home/airflow/.local/lib/python3.12/site-packages/airflow/example_dags/example_task_group_decorator.py
[2024-08-20T03:40:13.880+0000] {processor.py:925} INFO - DAG(s) 'example_task_group_decorator' retrieved from /home/airflow/.local/lib/python3.12/site-packages/airflow/example_dags/example_task_group_decorator.py
[2024-08-20T03:40:13.915+0000] {logging_mixin.py:190} INFO - [2024-08-20T03:40:13.915+0000] {dag.py:3211} INFO - Sync 1 DAGs
[2024-08-20T03:40:13.942+0000] {logging_mixin.py:190} INFO - [2024-08-20T03:40:13.942+0000] {dag.py:4138} INFO - Setting next_dagrun for example_task_group_decorator to 2024-08-19 00:00:00+00:00, run_after=2024-08-20 00:00:00+00:00
[2024-08-20T03:40:13.966+0000] {processor.py:208} INFO - Processing /home/airflow/.local/lib/python3.12/site-packages/airflow/example_dags/example_task_group_decorator.py took 0.118 seconds
[2024-08-20T03:40:44.399+0000] {processor.py:186} INFO - Started process (PID=343) to work on /home/airflow/.local/lib/python3.12/site-packages/airflow/example_dags/example_task_group_decorator.py
[2024-08-20T03:40:44.400+0000] {processor.py:914} INFO - Processing file /home/airflow/.local/lib/python3.12/site-packages/airflow/example_dags/example_task_group_decorator.py for tasks to queue
[2024-08-20T03:40:44.404+0000] {logging_mixin.py:190} INFO - [2024-08-20T03:40:44.403+0000] {dagbag.py:587} INFO - Filling up the DagBag from /home/airflow/.local/lib/python3.12/site-packages/airflow/example_dags/example_task_group_decorator.py
[2024-08-20T03:40:44.424+0000] {processor.py:925} INFO - DAG(s) 'example_task_group_decorator' retrieved from /home/airflow/.local/lib/python3.12/site-packages/airflow/example_dags/example_task_group_decorator.py
[2024-08-20T03:40:44.492+0000] {logging_mixin.py:190} INFO - [2024-08-20T03:40:44.492+0000] {dag.py:3211} INFO - Sync 1 DAGs
[2024-08-20T03:40:44.527+0000] {logging_mixin.py:190} INFO - [2024-08-20T03:40:44.527+0000] {dag.py:4138} INFO - Setting next_dagrun for example_task_group_decorator to 2024-08-19 00:00:00+00:00, run_after=2024-08-20 00:00:00+00:00
[2024-08-20T03:40:44.553+0000] {processor.py:208} INFO - Processing /home/airflow/.local/lib/python3.12/site-packages/airflow/example_dags/example_task_group_decorator.py took 0.162 seconds
[2024-08-20T03:41:14.766+0000] {processor.py:186} INFO - Started process (PID=405) to work on /home/airflow/.local/lib/python3.12/site-packages/airflow/example_dags/example_task_group_decorator.py
[2024-08-20T03:41:14.770+0000] {processor.py:914} INFO - Processing file /home/airflow/.local/lib/python3.12/site-packages/airflow/example_dags/example_task_group_decorator.py for tasks to queue
[2024-08-20T03:41:14.776+0000] {logging_mixin.py:190} INFO - [2024-08-20T03:41:14.775+0000] {dagbag.py:587} INFO - Filling up the DagBag from /home/airflow/.local/lib/python3.12/site-packages/airflow/example_dags/example_task_group_decorator.py
[2024-08-20T03:41:14.804+0000] {processor.py:925} INFO - DAG(s) 'example_task_group_decorator' retrieved from /home/airflow/.local/lib/python3.12/site-packages/airflow/example_dags/example_task_group_decorator.py
[2024-08-20T03:41:14.846+0000] {logging_mixin.py:190} INFO - [2024-08-20T03:41:14.846+0000] {dag.py:3211} INFO - Sync 1 DAGs
[2024-08-20T03:41:14.880+0000] {logging_mixin.py:190} INFO - [2024-08-20T03:41:14.880+0000] {dag.py:4138} INFO - Setting next_dagrun for example_task_group_decorator to 2024-08-19 00:00:00+00:00, run_after=2024-08-20 00:00:00+00:00
[2024-08-20T03:41:14.909+0000] {processor.py:208} INFO - Processing /home/airflow/.local/lib/python3.12/site-packages/airflow/example_dags/example_task_group_decorator.py took 0.152 seconds
[2024-08-20T03:41:45.616+0000] {processor.py:186} INFO - Started process (PID=467) to work on /home/airflow/.local/lib/python3.12/site-packages/airflow/example_dags/example_task_group_decorator.py
[2024-08-20T03:41:45.618+0000] {processor.py:914} INFO - Processing file /home/airflow/.local/lib/python3.12/site-packages/airflow/example_dags/example_task_group_decorator.py for tasks to queue
[2024-08-20T03:41:45.621+0000] {logging_mixin.py:190} INFO - [2024-08-20T03:41:45.620+0000] {dagbag.py:587} INFO - Filling up the DagBag from /home/airflow/.local/lib/python3.12/site-packages/airflow/example_dags/example_task_group_decorator.py
[2024-08-20T03:41:45.639+0000] {processor.py:925} INFO - DAG(s) 'example_task_group_decorator' retrieved from /home/airflow/.local/lib/python3.12/site-packages/airflow/example_dags/example_task_group_decorator.py
[2024-08-20T03:41:45.675+0000] {logging_mixin.py:190} INFO - [2024-08-20T03:41:45.674+0000] {dag.py:3211} INFO - Sync 1 DAGs
[2024-08-20T03:41:45.708+0000] {logging_mixin.py:190} INFO - [2024-08-20T03:41:45.708+0000] {dag.py:4138} INFO - Setting next_dagrun for example_task_group_decorator to 2024-08-19 00:00:00+00:00, run_after=2024-08-20 00:00:00+00:00
[2024-08-20T03:41:45.732+0000] {processor.py:208} INFO - Processing /home/airflow/.local/lib/python3.12/site-packages/airflow/example_dags/example_task_group_decorator.py took 0.124 seconds
[2024-08-20T03:42:16.055+0000] {processor.py:186} INFO - Started process (PID=529) to work on /home/airflow/.local/lib/python3.12/site-packages/airflow/example_dags/example_task_group_decorator.py
[2024-08-20T03:42:16.057+0000] {processor.py:914} INFO - Processing file /home/airflow/.local/lib/python3.12/site-packages/airflow/example_dags/example_task_group_decorator.py for tasks to queue
[2024-08-20T03:42:16.060+0000] {logging_mixin.py:190} INFO - [2024-08-20T03:42:16.060+0000] {dagbag.py:587} INFO - Filling up the DagBag from /home/airflow/.local/lib/python3.12/site-packages/airflow/example_dags/example_task_group_decorator.py
[2024-08-20T03:42:16.081+0000] {processor.py:925} INFO - DAG(s) 'example_task_group_decorator' retrieved from /home/airflow/.local/lib/python3.12/site-packages/airflow/example_dags/example_task_group_decorator.py
[2024-08-20T03:42:16.120+0000] {logging_mixin.py:190} INFO - [2024-08-20T03:42:16.120+0000] {dag.py:3211} INFO - Sync 1 DAGs
[2024-08-20T03:42:16.157+0000] {logging_mixin.py:190} INFO - [2024-08-20T03:42:16.156+0000] {dag.py:4138} INFO - Setting next_dagrun for example_task_group_decorator to 2024-08-19 00:00:00+00:00, run_after=2024-08-20 00:00:00+00:00
[2024-08-20T03:42:16.188+0000] {processor.py:208} INFO - Processing /home/airflow/.local/lib/python3.12/site-packages/airflow/example_dags/example_task_group_decorator.py took 0.141 seconds
[2024-08-20T03:42:46.678+0000] {processor.py:186} INFO - Started process (PID=591) to work on /home/airflow/.local/lib/python3.12/site-packages/airflow/example_dags/example_task_group_decorator.py
[2024-08-20T03:42:46.680+0000] {processor.py:914} INFO - Processing file /home/airflow/.local/lib/python3.12/site-packages/airflow/example_dags/example_task_group_decorator.py for tasks to queue
[2024-08-20T03:42:46.683+0000] {logging_mixin.py:190} INFO - [2024-08-20T03:42:46.683+0000] {dagbag.py:587} INFO - Filling up the DagBag from /home/airflow/.local/lib/python3.12/site-packages/airflow/example_dags/example_task_group_decorator.py
[2024-08-20T03:42:46.723+0000] {processor.py:925} INFO - DAG(s) 'example_task_group_decorator' retrieved from /home/airflow/.local/lib/python3.12/site-packages/airflow/example_dags/example_task_group_decorator.py
[2024-08-20T03:42:46.769+0000] {logging_mixin.py:190} INFO - [2024-08-20T03:42:46.769+0000] {dag.py:3211} INFO - Sync 1 DAGs
[2024-08-20T03:42:46.813+0000] {logging_mixin.py:190} INFO - [2024-08-20T03:42:46.813+0000] {dag.py:4138} INFO - Setting next_dagrun for example_task_group_decorator to 2024-08-19 00:00:00+00:00, run_after=2024-08-20 00:00:00+00:00
[2024-08-20T03:42:46.840+0000] {processor.py:208} INFO - Processing /home/airflow/.local/lib/python3.12/site-packages/airflow/example_dags/example_task_group_decorator.py took 0.174 seconds
[2024-08-20T03:43:16.999+0000] {processor.py:186} INFO - Started process (PID=653) to work on /home/airflow/.local/lib/python3.12/site-packages/airflow/example_dags/example_task_group_decorator.py
[2024-08-20T03:43:17.001+0000] {processor.py:914} INFO - Processing file /home/airflow/.local/lib/python3.12/site-packages/airflow/example_dags/example_task_group_decorator.py for tasks to queue
[2024-08-20T03:43:17.003+0000] {logging_mixin.py:190} INFO - [2024-08-20T03:43:17.003+0000] {dagbag.py:587} INFO - Filling up the DagBag from /home/airflow/.local/lib/python3.12/site-packages/airflow/example_dags/example_task_group_decorator.py
[2024-08-20T03:43:17.025+0000] {processor.py:925} INFO - DAG(s) 'example_task_group_decorator' retrieved from /home/airflow/.local/lib/python3.12/site-packages/airflow/example_dags/example_task_group_decorator.py
[2024-08-20T03:43:17.059+0000] {logging_mixin.py:190} INFO - [2024-08-20T03:43:17.059+0000] {dag.py:3211} INFO - Sync 1 DAGs
[2024-08-20T03:43:17.089+0000] {logging_mixin.py:190} INFO - [2024-08-20T03:43:17.089+0000] {dag.py:4138} INFO - Setting next_dagrun for example_task_group_decorator to 2024-08-19 00:00:00+00:00, run_after=2024-08-20 00:00:00+00:00
[2024-08-20T03:43:17.113+0000] {processor.py:208} INFO - Processing /home/airflow/.local/lib/python3.12/site-packages/airflow/example_dags/example_task_group_decorator.py took 0.121 seconds
[2024-08-20T03:43:47.522+0000] {processor.py:186} INFO - Started process (PID=715) to work on /home/airflow/.local/lib/python3.12/site-packages/airflow/example_dags/example_task_group_decorator.py
[2024-08-20T03:43:47.524+0000] {processor.py:914} INFO - Processing file /home/airflow/.local/lib/python3.12/site-packages/airflow/example_dags/example_task_group_decorator.py for tasks to queue
[2024-08-20T03:43:47.528+0000] {logging_mixin.py:190} INFO - [2024-08-20T03:43:47.527+0000] {dagbag.py:587} INFO - Filling up the DagBag from /home/airflow/.local/lib/python3.12/site-packages/airflow/example_dags/example_task_group_decorator.py
[2024-08-20T03:43:47.547+0000] {processor.py:925} INFO - DAG(s) 'example_task_group_decorator' retrieved from /home/airflow/.local/lib/python3.12/site-packages/airflow/example_dags/example_task_group_decorator.py
[2024-08-20T03:43:47.581+0000] {logging_mixin.py:190} INFO - [2024-08-20T03:43:47.581+0000] {dag.py:3211} INFO - Sync 1 DAGs
[2024-08-20T03:43:47.617+0000] {logging_mixin.py:190} INFO - [2024-08-20T03:43:47.617+0000] {dag.py:4138} INFO - Setting next_dagrun for example_task_group_decorator to 2024-08-19 00:00:00+00:00, run_after=2024-08-20 00:00:00+00:00
[2024-08-20T03:43:47.647+0000] {processor.py:208} INFO - Processing /home/airflow/.local/lib/python3.12/site-packages/airflow/example_dags/example_task_group_decorator.py took 0.132 seconds
[2024-08-20T03:44:18.325+0000] {processor.py:186} INFO - Started process (PID=777) to work on /home/airflow/.local/lib/python3.12/site-packages/airflow/example_dags/example_task_group_decorator.py
[2024-08-20T03:44:18.328+0000] {processor.py:914} INFO - Processing file /home/airflow/.local/lib/python3.12/site-packages/airflow/example_dags/example_task_group_decorator.py for tasks to queue
[2024-08-20T03:44:18.332+0000] {logging_mixin.py:190} INFO - [2024-08-20T03:44:18.331+0000] {dagbag.py:587} INFO - Filling up the DagBag from /home/airflow/.local/lib/python3.12/site-packages/airflow/example_dags/example_task_group_decorator.py
[2024-08-20T03:44:18.357+0000] {processor.py:925} INFO - DAG(s) 'example_task_group_decorator' retrieved from /home/airflow/.local/lib/python3.12/site-packages/airflow/example_dags/example_task_group_decorator.py
[2024-08-20T03:44:18.383+0000] {logging_mixin.py:190} INFO - [2024-08-20T03:44:18.383+0000] {dag.py:3211} INFO - Sync 1 DAGs
[2024-08-20T03:44:18.409+0000] {logging_mixin.py:190} INFO - [2024-08-20T03:44:18.409+0000] {dag.py:4138} INFO - Setting next_dagrun for example_task_group_decorator to 2024-08-19 00:00:00+00:00, run_after=2024-08-20 00:00:00+00:00
[2024-08-20T03:44:18.430+0000] {processor.py:208} INFO - Processing /home/airflow/.local/lib/python3.12/site-packages/airflow/example_dags/example_task_group_decorator.py took 0.114 seconds
[2024-08-20T03:44:49.126+0000] {processor.py:186} INFO - Started process (PID=839) to work on /home/airflow/.local/lib/python3.12/site-packages/airflow/example_dags/example_task_group_decorator.py
[2024-08-20T03:44:49.127+0000] {processor.py:914} INFO - Processing file /home/airflow/.local/lib/python3.12/site-packages/airflow/example_dags/example_task_group_decorator.py for tasks to queue
[2024-08-20T03:44:49.130+0000] {logging_mixin.py:190} INFO - [2024-08-20T03:44:49.130+0000] {dagbag.py:587} INFO - Filling up the DagBag from /home/airflow/.local/lib/python3.12/site-packages/airflow/example_dags/example_task_group_decorator.py
[2024-08-20T03:44:49.147+0000] {processor.py:925} INFO - DAG(s) 'example_task_group_decorator' retrieved from /home/airflow/.local/lib/python3.12/site-packages/airflow/example_dags/example_task_group_decorator.py
[2024-08-20T03:44:49.175+0000] {logging_mixin.py:190} INFO - [2024-08-20T03:44:49.174+0000] {dag.py:3211} INFO - Sync 1 DAGs
[2024-08-20T03:44:49.202+0000] {logging_mixin.py:190} INFO - [2024-08-20T03:44:49.202+0000] {dag.py:4138} INFO - Setting next_dagrun for example_task_group_decorator to 2024-08-19 00:00:00+00:00, run_after=2024-08-20 00:00:00+00:00
[2024-08-20T03:44:49.221+0000] {processor.py:208} INFO - Processing /home/airflow/.local/lib/python3.12/site-packages/airflow/example_dags/example_task_group_decorator.py took 0.103 seconds
[2024-08-20T03:45:19.784+0000] {processor.py:186} INFO - Started process (PID=901) to work on /home/airflow/.local/lib/python3.12/site-packages/airflow/example_dags/example_task_group_decorator.py
[2024-08-20T03:45:19.785+0000] {processor.py:914} INFO - Processing file /home/airflow/.local/lib/python3.12/site-packages/airflow/example_dags/example_task_group_decorator.py for tasks to queue
[2024-08-20T03:45:19.788+0000] {logging_mixin.py:190} INFO - [2024-08-20T03:45:19.788+0000] {dagbag.py:587} INFO - Filling up the DagBag from /home/airflow/.local/lib/python3.12/site-packages/airflow/example_dags/example_task_group_decorator.py
[2024-08-20T03:45:19.808+0000] {processor.py:925} INFO - DAG(s) 'example_task_group_decorator' retrieved from /home/airflow/.local/lib/python3.12/site-packages/airflow/example_dags/example_task_group_decorator.py
[2024-08-20T03:45:19.836+0000] {logging_mixin.py:190} INFO - [2024-08-20T03:45:19.836+0000] {dag.py:3211} INFO - Sync 1 DAGs
[2024-08-20T03:45:19.867+0000] {logging_mixin.py:190} INFO - [2024-08-20T03:45:19.866+0000] {dag.py:4138} INFO - Setting next_dagrun for example_task_group_decorator to 2024-08-19 00:00:00+00:00, run_after=2024-08-20 00:00:00+00:00
[2024-08-20T03:45:19.888+0000] {processor.py:208} INFO - Processing /home/airflow/.local/lib/python3.12/site-packages/airflow/example_dags/example_task_group_decorator.py took 0.113 seconds
[2024-08-20T03:45:50.400+0000] {processor.py:186} INFO - Started process (PID=963) to work on /home/airflow/.local/lib/python3.12/site-packages/airflow/example_dags/example_task_group_decorator.py
[2024-08-20T03:45:50.401+0000] {processor.py:914} INFO - Processing file /home/airflow/.local/lib/python3.12/site-packages/airflow/example_dags/example_task_group_decorator.py for tasks to queue
[2024-08-20T03:45:50.404+0000] {logging_mixin.py:190} INFO - [2024-08-20T03:45:50.404+0000] {dagbag.py:587} INFO - Filling up the DagBag from /home/airflow/.local/lib/python3.12/site-packages/airflow/example_dags/example_task_group_decorator.py
[2024-08-20T03:45:50.420+0000] {processor.py:925} INFO - DAG(s) 'example_task_group_decorator' retrieved from /home/airflow/.local/lib/python3.12/site-packages/airflow/example_dags/example_task_group_decorator.py
[2024-08-20T03:45:50.449+0000] {logging_mixin.py:190} INFO - [2024-08-20T03:45:50.449+0000] {dag.py:3211} INFO - Sync 1 DAGs
[2024-08-20T03:45:50.475+0000] {logging_mixin.py:190} INFO - [2024-08-20T03:45:50.475+0000] {dag.py:4138} INFO - Setting next_dagrun for example_task_group_decorator to 2024-08-19 00:00:00+00:00, run_after=2024-08-20 00:00:00+00:00
[2024-08-20T03:45:50.497+0000] {processor.py:208} INFO - Processing /home/airflow/.local/lib/python3.12/site-packages/airflow/example_dags/example_task_group_decorator.py took 0.103 seconds
[2024-08-20T03:46:21.008+0000] {processor.py:186} INFO - Started process (PID=1025) to work on /home/airflow/.local/lib/python3.12/site-packages/airflow/example_dags/example_task_group_decorator.py
[2024-08-20T03:46:21.009+0000] {processor.py:914} INFO - Processing file /home/airflow/.local/lib/python3.12/site-packages/airflow/example_dags/example_task_group_decorator.py for tasks to queue
[2024-08-20T03:46:21.012+0000] {logging_mixin.py:190} INFO - [2024-08-20T03:46:21.011+0000] {dagbag.py:587} INFO - Filling up the DagBag from /home/airflow/.local/lib/python3.12/site-packages/airflow/example_dags/example_task_group_decorator.py
[2024-08-20T03:46:21.029+0000] {processor.py:925} INFO - DAG(s) 'example_task_group_decorator' retrieved from /home/airflow/.local/lib/python3.12/site-packages/airflow/example_dags/example_task_group_decorator.py
[2024-08-20T03:46:21.053+0000] {logging_mixin.py:190} INFO - [2024-08-20T03:46:21.053+0000] {dag.py:3211} INFO - Sync 1 DAGs
[2024-08-20T03:46:21.079+0000] {logging_mixin.py:190} INFO - [2024-08-20T03:46:21.079+0000] {dag.py:4138} INFO - Setting next_dagrun for example_task_group_decorator to 2024-08-19 00:00:00+00:00, run_after=2024-08-20 00:00:00+00:00
[2024-08-20T03:46:21.101+0000] {processor.py:208} INFO - Processing /home/airflow/.local/lib/python3.12/site-packages/airflow/example_dags/example_task_group_decorator.py took 0.100 seconds
[2024-08-20T03:46:51.621+0000] {processor.py:186} INFO - Started process (PID=1087) to work on /home/airflow/.local/lib/python3.12/site-packages/airflow/example_dags/example_task_group_decorator.py
[2024-08-20T03:46:51.622+0000] {processor.py:914} INFO - Processing file /home/airflow/.local/lib/python3.12/site-packages/airflow/example_dags/example_task_group_decorator.py for tasks to queue
[2024-08-20T03:46:51.625+0000] {logging_mixin.py:190} INFO - [2024-08-20T03:46:51.625+0000] {dagbag.py:587} INFO - Filling up the DagBag from /home/airflow/.local/lib/python3.12/site-packages/airflow/example_dags/example_task_group_decorator.py
[2024-08-20T03:46:51.646+0000] {processor.py:925} INFO - DAG(s) 'example_task_group_decorator' retrieved from /home/airflow/.local/lib/python3.12/site-packages/airflow/example_dags/example_task_group_decorator.py
[2024-08-20T03:46:51.682+0000] {logging_mixin.py:190} INFO - [2024-08-20T03:46:51.681+0000] {dag.py:3211} INFO - Sync 1 DAGs
[2024-08-20T03:46:51.713+0000] {logging_mixin.py:190} INFO - [2024-08-20T03:46:51.713+0000] {dag.py:4138} INFO - Setting next_dagrun for example_task_group_decorator to 2024-08-19 00:00:00+00:00, run_after=2024-08-20 00:00:00+00:00
[2024-08-20T03:46:51.738+0000] {processor.py:208} INFO - Processing /home/airflow/.local/lib/python3.12/site-packages/airflow/example_dags/example_task_group_decorator.py took 0.125 seconds
[2024-08-20T03:47:22.456+0000] {processor.py:186} INFO - Started process (PID=1149) to work on /home/airflow/.local/lib/python3.12/site-packages/airflow/example_dags/example_task_group_decorator.py
[2024-08-20T03:47:22.458+0000] {processor.py:914} INFO - Processing file /home/airflow/.local/lib/python3.12/site-packages/airflow/example_dags/example_task_group_decorator.py for tasks to queue
[2024-08-20T03:47:22.460+0000] {logging_mixin.py:190} INFO - [2024-08-20T03:47:22.460+0000] {dagbag.py:587} INFO - Filling up the DagBag from /home/airflow/.local/lib/python3.12/site-packages/airflow/example_dags/example_task_group_decorator.py
[2024-08-20T03:47:22.477+0000] {processor.py:925} INFO - DAG(s) 'example_task_group_decorator' retrieved from /home/airflow/.local/lib/python3.12/site-packages/airflow/example_dags/example_task_group_decorator.py
[2024-08-20T03:47:22.504+0000] {logging_mixin.py:190} INFO - [2024-08-20T03:47:22.504+0000] {dag.py:3211} INFO - Sync 1 DAGs
[2024-08-20T03:47:22.536+0000] {logging_mixin.py:190} INFO - [2024-08-20T03:47:22.536+0000] {dag.py:4138} INFO - Setting next_dagrun for example_task_group_decorator to 2024-08-19 00:00:00+00:00, run_after=2024-08-20 00:00:00+00:00
[2024-08-20T03:47:22.561+0000] {processor.py:208} INFO - Processing /home/airflow/.local/lib/python3.12/site-packages/airflow/example_dags/example_task_group_decorator.py took 0.111 seconds
[2024-08-20T03:47:53.096+0000] {processor.py:186} INFO - Started process (PID=1212) to work on /home/airflow/.local/lib/python3.12/site-packages/airflow/example_dags/example_task_group_decorator.py
[2024-08-20T03:47:53.097+0000] {processor.py:914} INFO - Processing file /home/airflow/.local/lib/python3.12/site-packages/airflow/example_dags/example_task_group_decorator.py for tasks to queue
[2024-08-20T03:47:53.100+0000] {logging_mixin.py:190} INFO - [2024-08-20T03:47:53.100+0000] {dagbag.py:587} INFO - Filling up the DagBag from /home/airflow/.local/lib/python3.12/site-packages/airflow/example_dags/example_task_group_decorator.py
[2024-08-20T03:47:53.122+0000] {processor.py:925} INFO - DAG(s) 'example_task_group_decorator' retrieved from /home/airflow/.local/lib/python3.12/site-packages/airflow/example_dags/example_task_group_decorator.py
[2024-08-20T03:47:53.151+0000] {logging_mixin.py:190} INFO - [2024-08-20T03:47:53.151+0000] {dag.py:3211} INFO - Sync 1 DAGs
[2024-08-20T03:47:53.177+0000] {logging_mixin.py:190} INFO - [2024-08-20T03:47:53.176+0000] {dag.py:4138} INFO - Setting next_dagrun for example_task_group_decorator to 2024-08-19 00:00:00+00:00, run_after=2024-08-20 00:00:00+00:00
[2024-08-20T03:47:53.197+0000] {processor.py:208} INFO - Processing /home/airflow/.local/lib/python3.12/site-packages/airflow/example_dags/example_task_group_decorator.py took 0.108 seconds
[2024-08-20T03:48:23.667+0000] {processor.py:186} INFO - Started process (PID=1274) to work on /home/airflow/.local/lib/python3.12/site-packages/airflow/example_dags/example_task_group_decorator.py
[2024-08-20T03:48:23.669+0000] {processor.py:914} INFO - Processing file /home/airflow/.local/lib/python3.12/site-packages/airflow/example_dags/example_task_group_decorator.py for tasks to queue
[2024-08-20T03:48:23.672+0000] {logging_mixin.py:190} INFO - [2024-08-20T03:48:23.671+0000] {dagbag.py:587} INFO - Filling up the DagBag from /home/airflow/.local/lib/python3.12/site-packages/airflow/example_dags/example_task_group_decorator.py
[2024-08-20T03:48:23.688+0000] {processor.py:925} INFO - DAG(s) 'example_task_group_decorator' retrieved from /home/airflow/.local/lib/python3.12/site-packages/airflow/example_dags/example_task_group_decorator.py
[2024-08-20T03:48:23.716+0000] {logging_mixin.py:190} INFO - [2024-08-20T03:48:23.716+0000] {dag.py:3211} INFO - Sync 1 DAGs
[2024-08-20T03:48:23.741+0000] {logging_mixin.py:190} INFO - [2024-08-20T03:48:23.741+0000] {dag.py:4138} INFO - Setting next_dagrun for example_task_group_decorator to 2024-08-19 00:00:00+00:00, run_after=2024-08-20 00:00:00+00:00
[2024-08-20T03:48:23.764+0000] {processor.py:208} INFO - Processing /home/airflow/.local/lib/python3.12/site-packages/airflow/example_dags/example_task_group_decorator.py took 0.102 seconds
[2024-08-20T03:51:14.912+0000] {processor.py:186} INFO - Started process (PID=92) to work on /home/airflow/.local/lib/python3.12/site-packages/airflow/example_dags/example_task_group_decorator.py
[2024-08-20T03:51:14.914+0000] {processor.py:914} INFO - Processing file /home/airflow/.local/lib/python3.12/site-packages/airflow/example_dags/example_task_group_decorator.py for tasks to queue
[2024-08-20T03:51:14.918+0000] {logging_mixin.py:190} INFO - [2024-08-20T03:51:14.917+0000] {dagbag.py:587} INFO - Filling up the DagBag from /home/airflow/.local/lib/python3.12/site-packages/airflow/example_dags/example_task_group_decorator.py
[2024-08-20T03:51:14.945+0000] {processor.py:925} INFO - DAG(s) 'example_task_group_decorator' retrieved from /home/airflow/.local/lib/python3.12/site-packages/airflow/example_dags/example_task_group_decorator.py
[2024-08-20T03:51:14.987+0000] {logging_mixin.py:190} INFO - [2024-08-20T03:51:14.987+0000] {dag.py:3211} INFO - Sync 1 DAGs
[2024-08-20T03:51:15.018+0000] {logging_mixin.py:190} INFO - [2024-08-20T03:51:15.018+0000] {dag.py:4138} INFO - Setting next_dagrun for example_task_group_decorator to 2024-08-19 00:00:00+00:00, run_after=2024-08-20 00:00:00+00:00
[2024-08-20T03:51:15.043+0000] {processor.py:208} INFO - Processing /home/airflow/.local/lib/python3.12/site-packages/airflow/example_dags/example_task_group_decorator.py took 0.137 seconds
[2024-08-20T03:51:45.694+0000] {processor.py:186} INFO - Started process (PID=155) to work on /home/airflow/.local/lib/python3.12/site-packages/airflow/example_dags/example_task_group_decorator.py
[2024-08-20T03:51:45.695+0000] {processor.py:914} INFO - Processing file /home/airflow/.local/lib/python3.12/site-packages/airflow/example_dags/example_task_group_decorator.py for tasks to queue
[2024-08-20T03:51:45.698+0000] {logging_mixin.py:190} INFO - [2024-08-20T03:51:45.697+0000] {dagbag.py:587} INFO - Filling up the DagBag from /home/airflow/.local/lib/python3.12/site-packages/airflow/example_dags/example_task_group_decorator.py
[2024-08-20T03:51:45.716+0000] {processor.py:925} INFO - DAG(s) 'example_task_group_decorator' retrieved from /home/airflow/.local/lib/python3.12/site-packages/airflow/example_dags/example_task_group_decorator.py
[2024-08-20T03:51:45.742+0000] {logging_mixin.py:190} INFO - [2024-08-20T03:51:45.742+0000] {dag.py:3211} INFO - Sync 1 DAGs
[2024-08-20T03:51:45.770+0000] {logging_mixin.py:190} INFO - [2024-08-20T03:51:45.770+0000] {dag.py:4138} INFO - Setting next_dagrun for example_task_group_decorator to 2024-08-19 00:00:00+00:00, run_after=2024-08-20 00:00:00+00:00
[2024-08-20T03:51:45.790+0000] {processor.py:208} INFO - Processing /home/airflow/.local/lib/python3.12/site-packages/airflow/example_dags/example_task_group_decorator.py took 0.104 seconds
[2024-08-20T03:52:16.431+0000] {processor.py:186} INFO - Started process (PID=218) to work on /home/airflow/.local/lib/python3.12/site-packages/airflow/example_dags/example_task_group_decorator.py
[2024-08-20T03:52:16.432+0000] {processor.py:914} INFO - Processing file /home/airflow/.local/lib/python3.12/site-packages/airflow/example_dags/example_task_group_decorator.py for tasks to queue
[2024-08-20T03:52:16.436+0000] {logging_mixin.py:190} INFO - [2024-08-20T03:52:16.435+0000] {dagbag.py:587} INFO - Filling up the DagBag from /home/airflow/.local/lib/python3.12/site-packages/airflow/example_dags/example_task_group_decorator.py
[2024-08-20T03:52:16.452+0000] {processor.py:925} INFO - DAG(s) 'example_task_group_decorator' retrieved from /home/airflow/.local/lib/python3.12/site-packages/airflow/example_dags/example_task_group_decorator.py
[2024-08-20T03:52:16.480+0000] {logging_mixin.py:190} INFO - [2024-08-20T03:52:16.479+0000] {dag.py:3211} INFO - Sync 1 DAGs
[2024-08-20T03:52:16.502+0000] {logging_mixin.py:190} INFO - [2024-08-20T03:52:16.502+0000] {dag.py:4138} INFO - Setting next_dagrun for example_task_group_decorator to 2024-08-19 00:00:00+00:00, run_after=2024-08-20 00:00:00+00:00
[2024-08-20T03:52:16.523+0000] {processor.py:208} INFO - Processing /home/airflow/.local/lib/python3.12/site-packages/airflow/example_dags/example_task_group_decorator.py took 0.097 seconds
[2024-08-20T03:52:47.235+0000] {processor.py:186} INFO - Started process (PID=280) to work on /home/airflow/.local/lib/python3.12/site-packages/airflow/example_dags/example_task_group_decorator.py
[2024-08-20T03:52:47.236+0000] {processor.py:914} INFO - Processing file /home/airflow/.local/lib/python3.12/site-packages/airflow/example_dags/example_task_group_decorator.py for tasks to queue
[2024-08-20T03:52:47.239+0000] {logging_mixin.py:190} INFO - [2024-08-20T03:52:47.239+0000] {dagbag.py:587} INFO - Filling up the DagBag from /home/airflow/.local/lib/python3.12/site-packages/airflow/example_dags/example_task_group_decorator.py
[2024-08-20T03:52:47.258+0000] {processor.py:925} INFO - DAG(s) 'example_task_group_decorator' retrieved from /home/airflow/.local/lib/python3.12/site-packages/airflow/example_dags/example_task_group_decorator.py
[2024-08-20T03:52:47.298+0000] {logging_mixin.py:190} INFO - [2024-08-20T03:52:47.298+0000] {dag.py:3211} INFO - Sync 1 DAGs
[2024-08-20T03:52:47.333+0000] {logging_mixin.py:190} INFO - [2024-08-20T03:52:47.333+0000] {dag.py:4138} INFO - Setting next_dagrun for example_task_group_decorator to 2024-08-19 00:00:00+00:00, run_after=2024-08-20 00:00:00+00:00
[2024-08-20T03:52:47.360+0000] {processor.py:208} INFO - Processing /home/airflow/.local/lib/python3.12/site-packages/airflow/example_dags/example_task_group_decorator.py took 0.133 seconds
[2024-08-20T03:53:18.338+0000] {processor.py:186} INFO - Started process (PID=342) to work on /home/airflow/.local/lib/python3.12/site-packages/airflow/example_dags/example_task_group_decorator.py
[2024-08-20T03:53:18.339+0000] {processor.py:914} INFO - Processing file /home/airflow/.local/lib/python3.12/site-packages/airflow/example_dags/example_task_group_decorator.py for tasks to queue
[2024-08-20T03:53:18.342+0000] {logging_mixin.py:190} INFO - [2024-08-20T03:53:18.342+0000] {dagbag.py:587} INFO - Filling up the DagBag from /home/airflow/.local/lib/python3.12/site-packages/airflow/example_dags/example_task_group_decorator.py
[2024-08-20T03:53:18.359+0000] {processor.py:925} INFO - DAG(s) 'example_task_group_decorator' retrieved from /home/airflow/.local/lib/python3.12/site-packages/airflow/example_dags/example_task_group_decorator.py
[2024-08-20T03:53:18.394+0000] {logging_mixin.py:190} INFO - [2024-08-20T03:53:18.394+0000] {dag.py:3211} INFO - Sync 1 DAGs
[2024-08-20T03:53:18.431+0000] {logging_mixin.py:190} INFO - [2024-08-20T03:53:18.431+0000] {dag.py:4138} INFO - Setting next_dagrun for example_task_group_decorator to 2024-08-19 00:00:00+00:00, run_after=2024-08-20 00:00:00+00:00
[2024-08-20T03:53:18.459+0000] {processor.py:208} INFO - Processing /home/airflow/.local/lib/python3.12/site-packages/airflow/example_dags/example_task_group_decorator.py took 0.130 seconds
[2024-08-20T03:53:48.877+0000] {processor.py:186} INFO - Started process (PID=404) to work on /home/airflow/.local/lib/python3.12/site-packages/airflow/example_dags/example_task_group_decorator.py
[2024-08-20T03:53:48.878+0000] {processor.py:914} INFO - Processing file /home/airflow/.local/lib/python3.12/site-packages/airflow/example_dags/example_task_group_decorator.py for tasks to queue
[2024-08-20T03:53:48.881+0000] {logging_mixin.py:190} INFO - [2024-08-20T03:53:48.880+0000] {dagbag.py:587} INFO - Filling up the DagBag from /home/airflow/.local/lib/python3.12/site-packages/airflow/example_dags/example_task_group_decorator.py
[2024-08-20T03:53:48.901+0000] {processor.py:925} INFO - DAG(s) 'example_task_group_decorator' retrieved from /home/airflow/.local/lib/python3.12/site-packages/airflow/example_dags/example_task_group_decorator.py
[2024-08-20T03:53:48.934+0000] {logging_mixin.py:190} INFO - [2024-08-20T03:53:48.933+0000] {dag.py:3211} INFO - Sync 1 DAGs
[2024-08-20T03:53:48.958+0000] {logging_mixin.py:190} INFO - [2024-08-20T03:53:48.958+0000] {dag.py:4138} INFO - Setting next_dagrun for example_task_group_decorator to 2024-08-19 00:00:00+00:00, run_after=2024-08-20 00:00:00+00:00
[2024-08-20T03:53:48.981+0000] {processor.py:208} INFO - Processing /home/airflow/.local/lib/python3.12/site-packages/airflow/example_dags/example_task_group_decorator.py took 0.113 seconds
[2024-08-20T03:54:19.155+0000] {processor.py:186} INFO - Started process (PID=466) to work on /home/airflow/.local/lib/python3.12/site-packages/airflow/example_dags/example_task_group_decorator.py
[2024-08-20T03:54:19.156+0000] {processor.py:914} INFO - Processing file /home/airflow/.local/lib/python3.12/site-packages/airflow/example_dags/example_task_group_decorator.py for tasks to queue
[2024-08-20T03:54:19.159+0000] {logging_mixin.py:190} INFO - [2024-08-20T03:54:19.159+0000] {dagbag.py:587} INFO - Filling up the DagBag from /home/airflow/.local/lib/python3.12/site-packages/airflow/example_dags/example_task_group_decorator.py
[2024-08-20T03:54:19.184+0000] {processor.py:925} INFO - DAG(s) 'example_task_group_decorator' retrieved from /home/airflow/.local/lib/python3.12/site-packages/airflow/example_dags/example_task_group_decorator.py
[2024-08-20T03:54:19.217+0000] {logging_mixin.py:190} INFO - [2024-08-20T03:54:19.217+0000] {dag.py:3211} INFO - Sync 1 DAGs
[2024-08-20T03:54:19.245+0000] {logging_mixin.py:190} INFO - [2024-08-20T03:54:19.245+0000] {dag.py:4138} INFO - Setting next_dagrun for example_task_group_decorator to 2024-08-19 00:00:00+00:00, run_after=2024-08-20 00:00:00+00:00
[2024-08-20T03:54:19.273+0000] {processor.py:208} INFO - Processing /home/airflow/.local/lib/python3.12/site-packages/airflow/example_dags/example_task_group_decorator.py took 0.128 seconds
[2024-08-20T03:54:49.707+0000] {processor.py:186} INFO - Started process (PID=528) to work on /home/airflow/.local/lib/python3.12/site-packages/airflow/example_dags/example_task_group_decorator.py
[2024-08-20T03:54:49.709+0000] {processor.py:914} INFO - Processing file /home/airflow/.local/lib/python3.12/site-packages/airflow/example_dags/example_task_group_decorator.py for tasks to queue
[2024-08-20T03:54:49.712+0000] {logging_mixin.py:190} INFO - [2024-08-20T03:54:49.712+0000] {dagbag.py:587} INFO - Filling up the DagBag from /home/airflow/.local/lib/python3.12/site-packages/airflow/example_dags/example_task_group_decorator.py
[2024-08-20T03:54:49.730+0000] {processor.py:925} INFO - DAG(s) 'example_task_group_decorator' retrieved from /home/airflow/.local/lib/python3.12/site-packages/airflow/example_dags/example_task_group_decorator.py
[2024-08-20T03:54:49.760+0000] {logging_mixin.py:190} INFO - [2024-08-20T03:54:49.760+0000] {dag.py:3211} INFO - Sync 1 DAGs
[2024-08-20T03:54:49.794+0000] {logging_mixin.py:190} INFO - [2024-08-20T03:54:49.794+0000] {dag.py:4138} INFO - Setting next_dagrun for example_task_group_decorator to 2024-08-19 00:00:00+00:00, run_after=2024-08-20 00:00:00+00:00
[2024-08-20T03:54:49.821+0000] {processor.py:208} INFO - Processing /home/airflow/.local/lib/python3.12/site-packages/airflow/example_dags/example_task_group_decorator.py took 0.119 seconds
[2024-08-20T03:55:20.376+0000] {processor.py:186} INFO - Started process (PID=590) to work on /home/airflow/.local/lib/python3.12/site-packages/airflow/example_dags/example_task_group_decorator.py
[2024-08-20T03:55:20.377+0000] {processor.py:914} INFO - Processing file /home/airflow/.local/lib/python3.12/site-packages/airflow/example_dags/example_task_group_decorator.py for tasks to queue
[2024-08-20T03:55:20.380+0000] {logging_mixin.py:190} INFO - [2024-08-20T03:55:20.379+0000] {dagbag.py:587} INFO - Filling up the DagBag from /home/airflow/.local/lib/python3.12/site-packages/airflow/example_dags/example_task_group_decorator.py
[2024-08-20T03:55:20.406+0000] {processor.py:925} INFO - DAG(s) 'example_task_group_decorator' retrieved from /home/airflow/.local/lib/python3.12/site-packages/airflow/example_dags/example_task_group_decorator.py
[2024-08-20T03:55:20.443+0000] {logging_mixin.py:190} INFO - [2024-08-20T03:55:20.443+0000] {dag.py:3211} INFO - Sync 1 DAGs
[2024-08-20T03:55:20.486+0000] {logging_mixin.py:190} INFO - [2024-08-20T03:55:20.485+0000] {dag.py:4138} INFO - Setting next_dagrun for example_task_group_decorator to 2024-08-19 00:00:00+00:00, run_after=2024-08-20 00:00:00+00:00
[2024-08-20T03:55:20.519+0000] {processor.py:208} INFO - Processing /home/airflow/.local/lib/python3.12/site-packages/airflow/example_dags/example_task_group_decorator.py took 0.150 seconds
[2024-08-20T03:55:50.612+0000] {processor.py:186} INFO - Started process (PID=652) to work on /home/airflow/.local/lib/python3.12/site-packages/airflow/example_dags/example_task_group_decorator.py
[2024-08-20T03:55:50.613+0000] {processor.py:914} INFO - Processing file /home/airflow/.local/lib/python3.12/site-packages/airflow/example_dags/example_task_group_decorator.py for tasks to queue
[2024-08-20T03:55:50.616+0000] {logging_mixin.py:190} INFO - [2024-08-20T03:55:50.616+0000] {dagbag.py:587} INFO - Filling up the DagBag from /home/airflow/.local/lib/python3.12/site-packages/airflow/example_dags/example_task_group_decorator.py
[2024-08-20T03:55:50.648+0000] {processor.py:925} INFO - DAG(s) 'example_task_group_decorator' retrieved from /home/airflow/.local/lib/python3.12/site-packages/airflow/example_dags/example_task_group_decorator.py
[2024-08-20T03:55:50.688+0000] {logging_mixin.py:190} INFO - [2024-08-20T03:55:50.688+0000] {dag.py:3211} INFO - Sync 1 DAGs
[2024-08-20T03:55:50.716+0000] {logging_mixin.py:190} INFO - [2024-08-20T03:55:50.716+0000] {dag.py:4138} INFO - Setting next_dagrun for example_task_group_decorator to 2024-08-19 00:00:00+00:00, run_after=2024-08-20 00:00:00+00:00
[2024-08-20T03:55:50.737+0000] {processor.py:208} INFO - Processing /home/airflow/.local/lib/python3.12/site-packages/airflow/example_dags/example_task_group_decorator.py took 0.132 seconds
[2024-08-20T03:56:21.029+0000] {processor.py:186} INFO - Started process (PID=714) to work on /home/airflow/.local/lib/python3.12/site-packages/airflow/example_dags/example_task_group_decorator.py
[2024-08-20T03:56:21.031+0000] {processor.py:914} INFO - Processing file /home/airflow/.local/lib/python3.12/site-packages/airflow/example_dags/example_task_group_decorator.py for tasks to queue
[2024-08-20T03:56:21.036+0000] {logging_mixin.py:190} INFO - [2024-08-20T03:56:21.036+0000] {dagbag.py:587} INFO - Filling up the DagBag from /home/airflow/.local/lib/python3.12/site-packages/airflow/example_dags/example_task_group_decorator.py
[2024-08-20T03:56:21.062+0000] {processor.py:925} INFO - DAG(s) 'example_task_group_decorator' retrieved from /home/airflow/.local/lib/python3.12/site-packages/airflow/example_dags/example_task_group_decorator.py
[2024-08-20T03:56:21.096+0000] {logging_mixin.py:190} INFO - [2024-08-20T03:56:21.095+0000] {dag.py:3211} INFO - Sync 1 DAGs
[2024-08-20T03:56:21.123+0000] {logging_mixin.py:190} INFO - [2024-08-20T03:56:21.122+0000] {dag.py:4138} INFO - Setting next_dagrun for example_task_group_decorator to 2024-08-19 00:00:00+00:00, run_after=2024-08-20 00:00:00+00:00
[2024-08-20T03:56:21.147+0000] {processor.py:208} INFO - Processing /home/airflow/.local/lib/python3.12/site-packages/airflow/example_dags/example_task_group_decorator.py took 0.126 seconds
[2024-08-20T03:56:51.405+0000] {processor.py:186} INFO - Started process (PID=776) to work on /home/airflow/.local/lib/python3.12/site-packages/airflow/example_dags/example_task_group_decorator.py
[2024-08-20T03:56:51.406+0000] {processor.py:914} INFO - Processing file /home/airflow/.local/lib/python3.12/site-packages/airflow/example_dags/example_task_group_decorator.py for tasks to queue
[2024-08-20T03:56:51.410+0000] {logging_mixin.py:190} INFO - [2024-08-20T03:56:51.409+0000] {dagbag.py:587} INFO - Filling up the DagBag from /home/airflow/.local/lib/python3.12/site-packages/airflow/example_dags/example_task_group_decorator.py
[2024-08-20T03:56:51.428+0000] {processor.py:925} INFO - DAG(s) 'example_task_group_decorator' retrieved from /home/airflow/.local/lib/python3.12/site-packages/airflow/example_dags/example_task_group_decorator.py
[2024-08-20T03:56:51.466+0000] {logging_mixin.py:190} INFO - [2024-08-20T03:56:51.466+0000] {dag.py:3211} INFO - Sync 1 DAGs
[2024-08-20T03:56:51.504+0000] {logging_mixin.py:190} INFO - [2024-08-20T03:56:51.504+0000] {dag.py:4138} INFO - Setting next_dagrun for example_task_group_decorator to 2024-08-19 00:00:00+00:00, run_after=2024-08-20 00:00:00+00:00
[2024-08-20T03:56:51.544+0000] {processor.py:208} INFO - Processing /home/airflow/.local/lib/python3.12/site-packages/airflow/example_dags/example_task_group_decorator.py took 0.147 seconds
[2024-08-20T03:57:22.001+0000] {processor.py:186} INFO - Started process (PID=838) to work on /home/airflow/.local/lib/python3.12/site-packages/airflow/example_dags/example_task_group_decorator.py
[2024-08-20T03:57:22.002+0000] {processor.py:914} INFO - Processing file /home/airflow/.local/lib/python3.12/site-packages/airflow/example_dags/example_task_group_decorator.py for tasks to queue
[2024-08-20T03:57:22.005+0000] {logging_mixin.py:190} INFO - [2024-08-20T03:57:22.005+0000] {dagbag.py:587} INFO - Filling up the DagBag from /home/airflow/.local/lib/python3.12/site-packages/airflow/example_dags/example_task_group_decorator.py
[2024-08-20T03:57:22.021+0000] {processor.py:925} INFO - DAG(s) 'example_task_group_decorator' retrieved from /home/airflow/.local/lib/python3.12/site-packages/airflow/example_dags/example_task_group_decorator.py
[2024-08-20T03:57:22.058+0000] {logging_mixin.py:190} INFO - [2024-08-20T03:57:22.058+0000] {dag.py:3211} INFO - Sync 1 DAGs
[2024-08-20T03:57:22.086+0000] {logging_mixin.py:190} INFO - [2024-08-20T03:57:22.086+0000] {dag.py:4138} INFO - Setting next_dagrun for example_task_group_decorator to 2024-08-19 00:00:00+00:00, run_after=2024-08-20 00:00:00+00:00
[2024-08-20T03:57:22.105+0000] {processor.py:208} INFO - Processing /home/airflow/.local/lib/python3.12/site-packages/airflow/example_dags/example_task_group_decorator.py took 0.111 seconds
[2024-08-20T03:57:53.161+0000] {processor.py:186} INFO - Started process (PID=900) to work on /home/airflow/.local/lib/python3.12/site-packages/airflow/example_dags/example_task_group_decorator.py
[2024-08-20T03:57:53.163+0000] {processor.py:914} INFO - Processing file /home/airflow/.local/lib/python3.12/site-packages/airflow/example_dags/example_task_group_decorator.py for tasks to queue
[2024-08-20T03:57:53.170+0000] {logging_mixin.py:190} INFO - [2024-08-20T03:57:53.168+0000] {dagbag.py:587} INFO - Filling up the DagBag from /home/airflow/.local/lib/python3.12/site-packages/airflow/example_dags/example_task_group_decorator.py
[2024-08-20T03:57:53.198+0000] {processor.py:925} INFO - DAG(s) 'example_task_group_decorator' retrieved from /home/airflow/.local/lib/python3.12/site-packages/airflow/example_dags/example_task_group_decorator.py
[2024-08-20T03:57:53.244+0000] {logging_mixin.py:190} INFO - [2024-08-20T03:57:53.244+0000] {dag.py:3211} INFO - Sync 1 DAGs
[2024-08-20T03:57:53.279+0000] {logging_mixin.py:190} INFO - [2024-08-20T03:57:53.279+0000] {dag.py:4138} INFO - Setting next_dagrun for example_task_group_decorator to 2024-08-19 00:00:00+00:00, run_after=2024-08-20 00:00:00+00:00
[2024-08-20T03:57:53.303+0000] {processor.py:208} INFO - Processing /home/airflow/.local/lib/python3.12/site-packages/airflow/example_dags/example_task_group_decorator.py took 0.151 seconds
[2024-08-20T03:58:23.997+0000] {processor.py:186} INFO - Started process (PID=962) to work on /home/airflow/.local/lib/python3.12/site-packages/airflow/example_dags/example_task_group_decorator.py
[2024-08-20T03:58:23.999+0000] {processor.py:914} INFO - Processing file /home/airflow/.local/lib/python3.12/site-packages/airflow/example_dags/example_task_group_decorator.py for tasks to queue
[2024-08-20T03:58:24.002+0000] {logging_mixin.py:190} INFO - [2024-08-20T03:58:24.002+0000] {dagbag.py:587} INFO - Filling up the DagBag from /home/airflow/.local/lib/python3.12/site-packages/airflow/example_dags/example_task_group_decorator.py
[2024-08-20T03:58:24.021+0000] {processor.py:925} INFO - DAG(s) 'example_task_group_decorator' retrieved from /home/airflow/.local/lib/python3.12/site-packages/airflow/example_dags/example_task_group_decorator.py
[2024-08-20T03:58:24.053+0000] {logging_mixin.py:190} INFO - [2024-08-20T03:58:24.053+0000] {dag.py:3211} INFO - Sync 1 DAGs
[2024-08-20T03:58:24.083+0000] {logging_mixin.py:190} INFO - [2024-08-20T03:58:24.083+0000] {dag.py:4138} INFO - Setting next_dagrun for example_task_group_decorator to 2024-08-19 00:00:00+00:00, run_after=2024-08-20 00:00:00+00:00
[2024-08-20T03:58:24.104+0000] {processor.py:208} INFO - Processing /home/airflow/.local/lib/python3.12/site-packages/airflow/example_dags/example_task_group_decorator.py took 0.115 seconds
[2024-08-20T03:58:54.684+0000] {processor.py:186} INFO - Started process (PID=1024) to work on /home/airflow/.local/lib/python3.12/site-packages/airflow/example_dags/example_task_group_decorator.py
[2024-08-20T03:58:54.685+0000] {processor.py:914} INFO - Processing file /home/airflow/.local/lib/python3.12/site-packages/airflow/example_dags/example_task_group_decorator.py for tasks to queue
[2024-08-20T03:58:54.688+0000] {logging_mixin.py:190} INFO - [2024-08-20T03:58:54.688+0000] {dagbag.py:587} INFO - Filling up the DagBag from /home/airflow/.local/lib/python3.12/site-packages/airflow/example_dags/example_task_group_decorator.py
[2024-08-20T03:58:54.707+0000] {processor.py:925} INFO - DAG(s) 'example_task_group_decorator' retrieved from /home/airflow/.local/lib/python3.12/site-packages/airflow/example_dags/example_task_group_decorator.py
[2024-08-20T03:58:54.736+0000] {logging_mixin.py:190} INFO - [2024-08-20T03:58:54.736+0000] {dag.py:3211} INFO - Sync 1 DAGs
[2024-08-20T03:58:54.775+0000] {logging_mixin.py:190} INFO - [2024-08-20T03:58:54.775+0000] {dag.py:4138} INFO - Setting next_dagrun for example_task_group_decorator to 2024-08-19 00:00:00+00:00, run_after=2024-08-20 00:00:00+00:00
[2024-08-20T03:58:54.795+0000] {processor.py:208} INFO - Processing /home/airflow/.local/lib/python3.12/site-packages/airflow/example_dags/example_task_group_decorator.py took 0.121 seconds
[2024-08-20T03:59:25.248+0000] {processor.py:186} INFO - Started process (PID=1086) to work on /home/airflow/.local/lib/python3.12/site-packages/airflow/example_dags/example_task_group_decorator.py
[2024-08-20T03:59:25.249+0000] {processor.py:914} INFO - Processing file /home/airflow/.local/lib/python3.12/site-packages/airflow/example_dags/example_task_group_decorator.py for tasks to queue
[2024-08-20T03:59:25.253+0000] {logging_mixin.py:190} INFO - [2024-08-20T03:59:25.252+0000] {dagbag.py:587} INFO - Filling up the DagBag from /home/airflow/.local/lib/python3.12/site-packages/airflow/example_dags/example_task_group_decorator.py
[2024-08-20T03:59:25.273+0000] {processor.py:925} INFO - DAG(s) 'example_task_group_decorator' retrieved from /home/airflow/.local/lib/python3.12/site-packages/airflow/example_dags/example_task_group_decorator.py
[2024-08-20T03:59:25.336+0000] {logging_mixin.py:190} INFO - [2024-08-20T03:59:25.336+0000] {dag.py:3211} INFO - Sync 1 DAGs
[2024-08-20T03:59:25.434+0000] {logging_mixin.py:190} INFO - [2024-08-20T03:59:25.434+0000] {dag.py:4138} INFO - Setting next_dagrun for example_task_group_decorator to 2024-08-19 00:00:00+00:00, run_after=2024-08-20 00:00:00+00:00
[2024-08-20T03:59:25.508+0000] {processor.py:208} INFO - Processing /home/airflow/.local/lib/python3.12/site-packages/airflow/example_dags/example_task_group_decorator.py took 0.268 seconds
[2024-08-20T03:59:55.819+0000] {processor.py:186} INFO - Started process (PID=1148) to work on /home/airflow/.local/lib/python3.12/site-packages/airflow/example_dags/example_task_group_decorator.py
[2024-08-20T03:59:55.820+0000] {processor.py:914} INFO - Processing file /home/airflow/.local/lib/python3.12/site-packages/airflow/example_dags/example_task_group_decorator.py for tasks to queue
[2024-08-20T03:59:55.824+0000] {logging_mixin.py:190} INFO - [2024-08-20T03:59:55.824+0000] {dagbag.py:587} INFO - Filling up the DagBag from /home/airflow/.local/lib/python3.12/site-packages/airflow/example_dags/example_task_group_decorator.py
[2024-08-20T03:59:55.844+0000] {processor.py:925} INFO - DAG(s) 'example_task_group_decorator' retrieved from /home/airflow/.local/lib/python3.12/site-packages/airflow/example_dags/example_task_group_decorator.py
[2024-08-20T03:59:55.874+0000] {logging_mixin.py:190} INFO - [2024-08-20T03:59:55.874+0000] {dag.py:3211} INFO - Sync 1 DAGs
[2024-08-20T03:59:55.903+0000] {logging_mixin.py:190} INFO - [2024-08-20T03:59:55.903+0000] {dag.py:4138} INFO - Setting next_dagrun for example_task_group_decorator to 2024-08-19 00:00:00+00:00, run_after=2024-08-20 00:00:00+00:00
[2024-08-20T03:59:55.935+0000] {processor.py:208} INFO - Processing /home/airflow/.local/lib/python3.12/site-packages/airflow/example_dags/example_task_group_decorator.py took 0.125 seconds
[2024-08-20T04:00:26.322+0000] {processor.py:186} INFO - Started process (PID=1210) to work on /home/airflow/.local/lib/python3.12/site-packages/airflow/example_dags/example_task_group_decorator.py
[2024-08-20T04:00:26.324+0000] {processor.py:914} INFO - Processing file /home/airflow/.local/lib/python3.12/site-packages/airflow/example_dags/example_task_group_decorator.py for tasks to queue
[2024-08-20T04:00:26.327+0000] {logging_mixin.py:190} INFO - [2024-08-20T04:00:26.326+0000] {dagbag.py:587} INFO - Filling up the DagBag from /home/airflow/.local/lib/python3.12/site-packages/airflow/example_dags/example_task_group_decorator.py
[2024-08-20T04:00:26.348+0000] {processor.py:925} INFO - DAG(s) 'example_task_group_decorator' retrieved from /home/airflow/.local/lib/python3.12/site-packages/airflow/example_dags/example_task_group_decorator.py
[2024-08-20T04:00:26.380+0000] {logging_mixin.py:190} INFO - [2024-08-20T04:00:26.380+0000] {dag.py:3211} INFO - Sync 1 DAGs
[2024-08-20T04:00:26.408+0000] {logging_mixin.py:190} INFO - [2024-08-20T04:00:26.408+0000] {dag.py:4138} INFO - Setting next_dagrun for example_task_group_decorator to 2024-08-19 00:00:00+00:00, run_after=2024-08-20 00:00:00+00:00
[2024-08-20T04:00:26.435+0000] {processor.py:208} INFO - Processing /home/airflow/.local/lib/python3.12/site-packages/airflow/example_dags/example_task_group_decorator.py took 0.119 seconds
[2024-08-20T04:00:56.731+0000] {processor.py:186} INFO - Started process (PID=1272) to work on /home/airflow/.local/lib/python3.12/site-packages/airflow/example_dags/example_task_group_decorator.py
[2024-08-20T04:00:56.733+0000] {processor.py:914} INFO - Processing file /home/airflow/.local/lib/python3.12/site-packages/airflow/example_dags/example_task_group_decorator.py for tasks to queue
[2024-08-20T04:00:56.736+0000] {logging_mixin.py:190} INFO - [2024-08-20T04:00:56.735+0000] {dagbag.py:587} INFO - Filling up the DagBag from /home/airflow/.local/lib/python3.12/site-packages/airflow/example_dags/example_task_group_decorator.py
[2024-08-20T04:00:56.755+0000] {processor.py:925} INFO - DAG(s) 'example_task_group_decorator' retrieved from /home/airflow/.local/lib/python3.12/site-packages/airflow/example_dags/example_task_group_decorator.py
[2024-08-20T04:00:56.784+0000] {logging_mixin.py:190} INFO - [2024-08-20T04:00:56.783+0000] {dag.py:3211} INFO - Sync 1 DAGs
[2024-08-20T04:00:56.810+0000] {logging_mixin.py:190} INFO - [2024-08-20T04:00:56.809+0000] {dag.py:4138} INFO - Setting next_dagrun for example_task_group_decorator to 2024-08-19 00:00:00+00:00, run_after=2024-08-20 00:00:00+00:00
[2024-08-20T04:00:56.833+0000] {processor.py:208} INFO - Processing /home/airflow/.local/lib/python3.12/site-packages/airflow/example_dags/example_task_group_decorator.py took 0.108 seconds
[2024-08-20T04:01:27.214+0000] {processor.py:186} INFO - Started process (PID=1334) to work on /home/airflow/.local/lib/python3.12/site-packages/airflow/example_dags/example_task_group_decorator.py
[2024-08-20T04:01:27.216+0000] {processor.py:914} INFO - Processing file /home/airflow/.local/lib/python3.12/site-packages/airflow/example_dags/example_task_group_decorator.py for tasks to queue
[2024-08-20T04:01:27.220+0000] {logging_mixin.py:190} INFO - [2024-08-20T04:01:27.219+0000] {dagbag.py:587} INFO - Filling up the DagBag from /home/airflow/.local/lib/python3.12/site-packages/airflow/example_dags/example_task_group_decorator.py
[2024-08-20T04:01:27.240+0000] {processor.py:925} INFO - DAG(s) 'example_task_group_decorator' retrieved from /home/airflow/.local/lib/python3.12/site-packages/airflow/example_dags/example_task_group_decorator.py
[2024-08-20T04:01:27.278+0000] {logging_mixin.py:190} INFO - [2024-08-20T04:01:27.278+0000] {dag.py:3211} INFO - Sync 1 DAGs
[2024-08-20T04:01:27.317+0000] {logging_mixin.py:190} INFO - [2024-08-20T04:01:27.316+0000] {dag.py:4138} INFO - Setting next_dagrun for example_task_group_decorator to 2024-08-19 00:00:00+00:00, run_after=2024-08-20 00:00:00+00:00
[2024-08-20T04:01:27.344+0000] {processor.py:208} INFO - Processing /home/airflow/.local/lib/python3.12/site-packages/airflow/example_dags/example_task_group_decorator.py took 0.137 seconds
[2024-08-20T04:01:57.756+0000] {processor.py:186} INFO - Started process (PID=1396) to work on /home/airflow/.local/lib/python3.12/site-packages/airflow/example_dags/example_task_group_decorator.py
[2024-08-20T04:01:57.758+0000] {processor.py:914} INFO - Processing file /home/airflow/.local/lib/python3.12/site-packages/airflow/example_dags/example_task_group_decorator.py for tasks to queue
[2024-08-20T04:01:57.762+0000] {logging_mixin.py:190} INFO - [2024-08-20T04:01:57.761+0000] {dagbag.py:587} INFO - Filling up the DagBag from /home/airflow/.local/lib/python3.12/site-packages/airflow/example_dags/example_task_group_decorator.py
[2024-08-20T04:01:57.781+0000] {processor.py:925} INFO - DAG(s) 'example_task_group_decorator' retrieved from /home/airflow/.local/lib/python3.12/site-packages/airflow/example_dags/example_task_group_decorator.py
[2024-08-20T04:01:57.819+0000] {logging_mixin.py:190} INFO - [2024-08-20T04:01:57.819+0000] {dag.py:3211} INFO - Sync 1 DAGs
[2024-08-20T04:01:57.850+0000] {logging_mixin.py:190} INFO - [2024-08-20T04:01:57.850+0000] {dag.py:4138} INFO - Setting next_dagrun for example_task_group_decorator to 2024-08-19 00:00:00+00:00, run_after=2024-08-20 00:00:00+00:00
[2024-08-20T04:01:57.880+0000] {processor.py:208} INFO - Processing /home/airflow/.local/lib/python3.12/site-packages/airflow/example_dags/example_task_group_decorator.py took 0.131 seconds
[2024-08-20T04:02:28.080+0000] {processor.py:186} INFO - Started process (PID=1458) to work on /home/airflow/.local/lib/python3.12/site-packages/airflow/example_dags/example_task_group_decorator.py
[2024-08-20T04:02:28.081+0000] {processor.py:914} INFO - Processing file /home/airflow/.local/lib/python3.12/site-packages/airflow/example_dags/example_task_group_decorator.py for tasks to queue
[2024-08-20T04:02:28.084+0000] {logging_mixin.py:190} INFO - [2024-08-20T04:02:28.084+0000] {dagbag.py:587} INFO - Filling up the DagBag from /home/airflow/.local/lib/python3.12/site-packages/airflow/example_dags/example_task_group_decorator.py
[2024-08-20T04:02:28.102+0000] {processor.py:925} INFO - DAG(s) 'example_task_group_decorator' retrieved from /home/airflow/.local/lib/python3.12/site-packages/airflow/example_dags/example_task_group_decorator.py
[2024-08-20T04:02:28.125+0000] {logging_mixin.py:190} INFO - [2024-08-20T04:02:28.125+0000] {dag.py:3211} INFO - Sync 1 DAGs
[2024-08-20T04:02:28.149+0000] {logging_mixin.py:190} INFO - [2024-08-20T04:02:28.149+0000] {dag.py:4138} INFO - Setting next_dagrun for example_task_group_decorator to 2024-08-19 00:00:00+00:00, run_after=2024-08-20 00:00:00+00:00
[2024-08-20T04:02:28.168+0000] {processor.py:208} INFO - Processing /home/airflow/.local/lib/python3.12/site-packages/airflow/example_dags/example_task_group_decorator.py took 0.094 seconds
[2024-08-20T04:02:58.980+0000] {processor.py:186} INFO - Started process (PID=1520) to work on /home/airflow/.local/lib/python3.12/site-packages/airflow/example_dags/example_task_group_decorator.py
[2024-08-20T04:02:58.982+0000] {processor.py:914} INFO - Processing file /home/airflow/.local/lib/python3.12/site-packages/airflow/example_dags/example_task_group_decorator.py for tasks to queue
[2024-08-20T04:02:58.985+0000] {logging_mixin.py:190} INFO - [2024-08-20T04:02:58.984+0000] {dagbag.py:587} INFO - Filling up the DagBag from /home/airflow/.local/lib/python3.12/site-packages/airflow/example_dags/example_task_group_decorator.py
[2024-08-20T04:02:59.005+0000] {processor.py:925} INFO - DAG(s) 'example_task_group_decorator' retrieved from /home/airflow/.local/lib/python3.12/site-packages/airflow/example_dags/example_task_group_decorator.py
[2024-08-20T04:02:59.043+0000] {logging_mixin.py:190} INFO - [2024-08-20T04:02:59.042+0000] {dag.py:3211} INFO - Sync 1 DAGs
[2024-08-20T04:02:59.078+0000] {logging_mixin.py:190} INFO - [2024-08-20T04:02:59.077+0000] {dag.py:4138} INFO - Setting next_dagrun for example_task_group_decorator to 2024-08-19 00:00:00+00:00, run_after=2024-08-20 00:00:00+00:00
[2024-08-20T04:02:59.106+0000] {processor.py:208} INFO - Processing /home/airflow/.local/lib/python3.12/site-packages/airflow/example_dags/example_task_group_decorator.py took 0.134 seconds
[2024-08-20T04:03:29.844+0000] {processor.py:186} INFO - Started process (PID=1582) to work on /home/airflow/.local/lib/python3.12/site-packages/airflow/example_dags/example_task_group_decorator.py
[2024-08-20T04:03:29.845+0000] {processor.py:914} INFO - Processing file /home/airflow/.local/lib/python3.12/site-packages/airflow/example_dags/example_task_group_decorator.py for tasks to queue
[2024-08-20T04:03:29.848+0000] {logging_mixin.py:190} INFO - [2024-08-20T04:03:29.848+0000] {dagbag.py:587} INFO - Filling up the DagBag from /home/airflow/.local/lib/python3.12/site-packages/airflow/example_dags/example_task_group_decorator.py
[2024-08-20T04:03:29.867+0000] {processor.py:925} INFO - DAG(s) 'example_task_group_decorator' retrieved from /home/airflow/.local/lib/python3.12/site-packages/airflow/example_dags/example_task_group_decorator.py
[2024-08-20T04:03:29.895+0000] {logging_mixin.py:190} INFO - [2024-08-20T04:03:29.895+0000] {dag.py:3211} INFO - Sync 1 DAGs
[2024-08-20T04:03:29.924+0000] {logging_mixin.py:190} INFO - [2024-08-20T04:03:29.924+0000] {dag.py:4138} INFO - Setting next_dagrun for example_task_group_decorator to 2024-08-19 00:00:00+00:00, run_after=2024-08-20 00:00:00+00:00
[2024-08-20T04:03:29.948+0000] {processor.py:208} INFO - Processing /home/airflow/.local/lib/python3.12/site-packages/airflow/example_dags/example_task_group_decorator.py took 0.111 seconds
[2024-08-20T04:04:00.383+0000] {processor.py:186} INFO - Started process (PID=1644) to work on /home/airflow/.local/lib/python3.12/site-packages/airflow/example_dags/example_task_group_decorator.py
[2024-08-20T04:04:00.384+0000] {processor.py:914} INFO - Processing file /home/airflow/.local/lib/python3.12/site-packages/airflow/example_dags/example_task_group_decorator.py for tasks to queue
[2024-08-20T04:04:00.387+0000] {logging_mixin.py:190} INFO - [2024-08-20T04:04:00.386+0000] {dagbag.py:587} INFO - Filling up the DagBag from /home/airflow/.local/lib/python3.12/site-packages/airflow/example_dags/example_task_group_decorator.py
[2024-08-20T04:04:00.406+0000] {processor.py:925} INFO - DAG(s) 'example_task_group_decorator' retrieved from /home/airflow/.local/lib/python3.12/site-packages/airflow/example_dags/example_task_group_decorator.py
[2024-08-20T04:04:00.440+0000] {logging_mixin.py:190} INFO - [2024-08-20T04:04:00.439+0000] {dag.py:3211} INFO - Sync 1 DAGs
[2024-08-20T04:04:00.473+0000] {logging_mixin.py:190} INFO - [2024-08-20T04:04:00.472+0000] {dag.py:4138} INFO - Setting next_dagrun for example_task_group_decorator to 2024-08-19 00:00:00+00:00, run_after=2024-08-20 00:00:00+00:00
[2024-08-20T04:04:00.496+0000] {processor.py:208} INFO - Processing /home/airflow/.local/lib/python3.12/site-packages/airflow/example_dags/example_task_group_decorator.py took 0.122 seconds
[2024-08-20T04:04:30.563+0000] {processor.py:186} INFO - Started process (PID=1706) to work on /home/airflow/.local/lib/python3.12/site-packages/airflow/example_dags/example_task_group_decorator.py
[2024-08-20T04:04:30.565+0000] {processor.py:914} INFO - Processing file /home/airflow/.local/lib/python3.12/site-packages/airflow/example_dags/example_task_group_decorator.py for tasks to queue
[2024-08-20T04:04:30.567+0000] {logging_mixin.py:190} INFO - [2024-08-20T04:04:30.567+0000] {dagbag.py:587} INFO - Filling up the DagBag from /home/airflow/.local/lib/python3.12/site-packages/airflow/example_dags/example_task_group_decorator.py
[2024-08-20T04:04:30.583+0000] {processor.py:925} INFO - DAG(s) 'example_task_group_decorator' retrieved from /home/airflow/.local/lib/python3.12/site-packages/airflow/example_dags/example_task_group_decorator.py
[2024-08-20T04:04:30.613+0000] {logging_mixin.py:190} INFO - [2024-08-20T04:04:30.612+0000] {dag.py:3211} INFO - Sync 1 DAGs
[2024-08-20T04:04:30.640+0000] {logging_mixin.py:190} INFO - [2024-08-20T04:04:30.640+0000] {dag.py:4138} INFO - Setting next_dagrun for example_task_group_decorator to 2024-08-19 00:00:00+00:00, run_after=2024-08-20 00:00:00+00:00
[2024-08-20T04:04:30.663+0000] {processor.py:208} INFO - Processing /home/airflow/.local/lib/python3.12/site-packages/airflow/example_dags/example_task_group_decorator.py took 0.106 seconds
[2024-08-20T04:05:01.837+0000] {processor.py:186} INFO - Started process (PID=1768) to work on /home/airflow/.local/lib/python3.12/site-packages/airflow/example_dags/example_task_group_decorator.py
[2024-08-20T04:05:01.840+0000] {processor.py:914} INFO - Processing file /home/airflow/.local/lib/python3.12/site-packages/airflow/example_dags/example_task_group_decorator.py for tasks to queue
[2024-08-20T04:05:01.844+0000] {logging_mixin.py:190} INFO - [2024-08-20T04:05:01.844+0000] {dagbag.py:587} INFO - Filling up the DagBag from /home/airflow/.local/lib/python3.12/site-packages/airflow/example_dags/example_task_group_decorator.py
[2024-08-20T04:05:01.869+0000] {processor.py:925} INFO - DAG(s) 'example_task_group_decorator' retrieved from /home/airflow/.local/lib/python3.12/site-packages/airflow/example_dags/example_task_group_decorator.py
[2024-08-20T04:05:01.902+0000] {logging_mixin.py:190} INFO - [2024-08-20T04:05:01.902+0000] {dag.py:3211} INFO - Sync 1 DAGs
[2024-08-20T04:05:01.941+0000] {logging_mixin.py:190} INFO - [2024-08-20T04:05:01.941+0000] {dag.py:4138} INFO - Setting next_dagrun for example_task_group_decorator to 2024-08-19 00:00:00+00:00, run_after=2024-08-20 00:00:00+00:00
[2024-08-20T04:05:01.973+0000] {processor.py:208} INFO - Processing /home/airflow/.local/lib/python3.12/site-packages/airflow/example_dags/example_task_group_decorator.py took 0.150 seconds
[2024-08-20T04:05:32.558+0000] {processor.py:186} INFO - Started process (PID=1832) to work on /home/airflow/.local/lib/python3.12/site-packages/airflow/example_dags/example_task_group_decorator.py
[2024-08-20T04:05:32.559+0000] {processor.py:914} INFO - Processing file /home/airflow/.local/lib/python3.12/site-packages/airflow/example_dags/example_task_group_decorator.py for tasks to queue
[2024-08-20T04:05:32.566+0000] {logging_mixin.py:190} INFO - [2024-08-20T04:05:32.565+0000] {dagbag.py:587} INFO - Filling up the DagBag from /home/airflow/.local/lib/python3.12/site-packages/airflow/example_dags/example_task_group_decorator.py
[2024-08-20T04:05:32.599+0000] {processor.py:925} INFO - DAG(s) 'example_task_group_decorator' retrieved from /home/airflow/.local/lib/python3.12/site-packages/airflow/example_dags/example_task_group_decorator.py
[2024-08-20T04:05:32.670+0000] {logging_mixin.py:190} INFO - [2024-08-20T04:05:32.670+0000] {dag.py:3211} INFO - Sync 1 DAGs
[2024-08-20T04:05:32.709+0000] {logging_mixin.py:190} INFO - [2024-08-20T04:05:32.708+0000] {dag.py:4138} INFO - Setting next_dagrun for example_task_group_decorator to 2024-08-19 00:00:00+00:00, run_after=2024-08-20 00:00:00+00:00
[2024-08-20T04:05:32.741+0000] {processor.py:208} INFO - Processing /home/airflow/.local/lib/python3.12/site-packages/airflow/example_dags/example_task_group_decorator.py took 0.195 seconds
[2024-08-20T04:06:03.273+0000] {processor.py:186} INFO - Started process (PID=1892) to work on /home/airflow/.local/lib/python3.12/site-packages/airflow/example_dags/example_task_group_decorator.py
[2024-08-20T04:06:03.275+0000] {processor.py:914} INFO - Processing file /home/airflow/.local/lib/python3.12/site-packages/airflow/example_dags/example_task_group_decorator.py for tasks to queue
[2024-08-20T04:06:03.279+0000] {logging_mixin.py:190} INFO - [2024-08-20T04:06:03.278+0000] {dagbag.py:587} INFO - Filling up the DagBag from /home/airflow/.local/lib/python3.12/site-packages/airflow/example_dags/example_task_group_decorator.py
[2024-08-20T04:06:03.301+0000] {processor.py:925} INFO - DAG(s) 'example_task_group_decorator' retrieved from /home/airflow/.local/lib/python3.12/site-packages/airflow/example_dags/example_task_group_decorator.py
[2024-08-20T04:06:03.344+0000] {logging_mixin.py:190} INFO - [2024-08-20T04:06:03.343+0000] {dag.py:3211} INFO - Sync 1 DAGs
[2024-08-20T04:06:03.384+0000] {logging_mixin.py:190} INFO - [2024-08-20T04:06:03.383+0000] {dag.py:4138} INFO - Setting next_dagrun for example_task_group_decorator to 2024-08-19 00:00:00+00:00, run_after=2024-08-20 00:00:00+00:00
[2024-08-20T04:06:03.411+0000] {processor.py:208} INFO - Processing /home/airflow/.local/lib/python3.12/site-packages/airflow/example_dags/example_task_group_decorator.py took 0.147 seconds
[2024-08-20T04:06:34.143+0000] {processor.py:186} INFO - Started process (PID=1960) to work on /home/airflow/.local/lib/python3.12/site-packages/airflow/example_dags/example_task_group_decorator.py
[2024-08-20T04:06:34.145+0000] {processor.py:914} INFO - Processing file /home/airflow/.local/lib/python3.12/site-packages/airflow/example_dags/example_task_group_decorator.py for tasks to queue
[2024-08-20T04:06:34.149+0000] {logging_mixin.py:190} INFO - [2024-08-20T04:06:34.149+0000] {dagbag.py:587} INFO - Filling up the DagBag from /home/airflow/.local/lib/python3.12/site-packages/airflow/example_dags/example_task_group_decorator.py
[2024-08-20T04:06:34.185+0000] {processor.py:925} INFO - DAG(s) 'example_task_group_decorator' retrieved from /home/airflow/.local/lib/python3.12/site-packages/airflow/example_dags/example_task_group_decorator.py
[2024-08-20T04:06:34.233+0000] {logging_mixin.py:190} INFO - [2024-08-20T04:06:34.232+0000] {dag.py:3211} INFO - Sync 1 DAGs
[2024-08-20T04:06:34.272+0000] {logging_mixin.py:190} INFO - [2024-08-20T04:06:34.271+0000] {dag.py:4138} INFO - Setting next_dagrun for example_task_group_decorator to 2024-08-19 00:00:00+00:00, run_after=2024-08-20 00:00:00+00:00
[2024-08-20T04:06:34.304+0000] {processor.py:208} INFO - Processing /home/airflow/.local/lib/python3.12/site-packages/airflow/example_dags/example_task_group_decorator.py took 0.185 seconds
[2024-08-20T04:07:05.269+0000] {processor.py:186} INFO - Started process (PID=2022) to work on /home/airflow/.local/lib/python3.12/site-packages/airflow/example_dags/example_task_group_decorator.py
[2024-08-20T04:07:05.270+0000] {processor.py:914} INFO - Processing file /home/airflow/.local/lib/python3.12/site-packages/airflow/example_dags/example_task_group_decorator.py for tasks to queue
[2024-08-20T04:07:05.274+0000] {logging_mixin.py:190} INFO - [2024-08-20T04:07:05.273+0000] {dagbag.py:587} INFO - Filling up the DagBag from /home/airflow/.local/lib/python3.12/site-packages/airflow/example_dags/example_task_group_decorator.py
[2024-08-20T04:07:05.299+0000] {processor.py:925} INFO - DAG(s) 'example_task_group_decorator' retrieved from /home/airflow/.local/lib/python3.12/site-packages/airflow/example_dags/example_task_group_decorator.py
[2024-08-20T04:07:05.335+0000] {logging_mixin.py:190} INFO - [2024-08-20T04:07:05.335+0000] {dag.py:3211} INFO - Sync 1 DAGs
[2024-08-20T04:07:05.367+0000] {logging_mixin.py:190} INFO - [2024-08-20T04:07:05.366+0000] {dag.py:4138} INFO - Setting next_dagrun for example_task_group_decorator to 2024-08-19 00:00:00+00:00, run_after=2024-08-20 00:00:00+00:00
[2024-08-20T04:07:05.390+0000] {processor.py:208} INFO - Processing /home/airflow/.local/lib/python3.12/site-packages/airflow/example_dags/example_task_group_decorator.py took 0.131 seconds
[2024-08-20T04:07:35.970+0000] {processor.py:186} INFO - Started process (PID=2085) to work on /home/airflow/.local/lib/python3.12/site-packages/airflow/example_dags/example_task_group_decorator.py
[2024-08-20T04:07:35.971+0000] {processor.py:914} INFO - Processing file /home/airflow/.local/lib/python3.12/site-packages/airflow/example_dags/example_task_group_decorator.py for tasks to queue
[2024-08-20T04:07:35.975+0000] {logging_mixin.py:190} INFO - [2024-08-20T04:07:35.975+0000] {dagbag.py:587} INFO - Filling up the DagBag from /home/airflow/.local/lib/python3.12/site-packages/airflow/example_dags/example_task_group_decorator.py
[2024-08-20T04:07:35.998+0000] {processor.py:925} INFO - DAG(s) 'example_task_group_decorator' retrieved from /home/airflow/.local/lib/python3.12/site-packages/airflow/example_dags/example_task_group_decorator.py
[2024-08-20T04:07:36.031+0000] {logging_mixin.py:190} INFO - [2024-08-20T04:07:36.031+0000] {dag.py:3211} INFO - Sync 1 DAGs
[2024-08-20T04:07:36.067+0000] {logging_mixin.py:190} INFO - [2024-08-20T04:07:36.066+0000] {dag.py:4138} INFO - Setting next_dagrun for example_task_group_decorator to 2024-08-19 00:00:00+00:00, run_after=2024-08-20 00:00:00+00:00
[2024-08-20T04:07:36.091+0000] {processor.py:208} INFO - Processing /home/airflow/.local/lib/python3.12/site-packages/airflow/example_dags/example_task_group_decorator.py took 0.130 seconds
[2024-08-20T04:08:06.844+0000] {processor.py:186} INFO - Started process (PID=2148) to work on /home/airflow/.local/lib/python3.12/site-packages/airflow/example_dags/example_task_group_decorator.py
[2024-08-20T04:08:06.846+0000] {processor.py:914} INFO - Processing file /home/airflow/.local/lib/python3.12/site-packages/airflow/example_dags/example_task_group_decorator.py for tasks to queue
[2024-08-20T04:08:06.850+0000] {logging_mixin.py:190} INFO - [2024-08-20T04:08:06.849+0000] {dagbag.py:587} INFO - Filling up the DagBag from /home/airflow/.local/lib/python3.12/site-packages/airflow/example_dags/example_task_group_decorator.py
[2024-08-20T04:08:06.869+0000] {processor.py:925} INFO - DAG(s) 'example_task_group_decorator' retrieved from /home/airflow/.local/lib/python3.12/site-packages/airflow/example_dags/example_task_group_decorator.py
[2024-08-20T04:08:06.904+0000] {logging_mixin.py:190} INFO - [2024-08-20T04:08:06.904+0000] {dag.py:3211} INFO - Sync 1 DAGs
[2024-08-20T04:08:06.938+0000] {logging_mixin.py:190} INFO - [2024-08-20T04:08:06.937+0000] {dag.py:4138} INFO - Setting next_dagrun for example_task_group_decorator to 2024-08-19 00:00:00+00:00, run_after=2024-08-20 00:00:00+00:00
[2024-08-20T04:08:06.962+0000] {processor.py:208} INFO - Processing /home/airflow/.local/lib/python3.12/site-packages/airflow/example_dags/example_task_group_decorator.py took 0.126 seconds
[2024-08-20T04:08:37.886+0000] {processor.py:186} INFO - Started process (PID=2210) to work on /home/airflow/.local/lib/python3.12/site-packages/airflow/example_dags/example_task_group_decorator.py
[2024-08-20T04:08:37.887+0000] {processor.py:914} INFO - Processing file /home/airflow/.local/lib/python3.12/site-packages/airflow/example_dags/example_task_group_decorator.py for tasks to queue
[2024-08-20T04:08:37.892+0000] {logging_mixin.py:190} INFO - [2024-08-20T04:08:37.891+0000] {dagbag.py:587} INFO - Filling up the DagBag from /home/airflow/.local/lib/python3.12/site-packages/airflow/example_dags/example_task_group_decorator.py
[2024-08-20T04:08:37.924+0000] {processor.py:925} INFO - DAG(s) 'example_task_group_decorator' retrieved from /home/airflow/.local/lib/python3.12/site-packages/airflow/example_dags/example_task_group_decorator.py
[2024-08-20T04:08:37.975+0000] {logging_mixin.py:190} INFO - [2024-08-20T04:08:37.975+0000] {dag.py:3211} INFO - Sync 1 DAGs
[2024-08-20T04:08:38.017+0000] {logging_mixin.py:190} INFO - [2024-08-20T04:08:38.017+0000] {dag.py:4138} INFO - Setting next_dagrun for example_task_group_decorator to 2024-08-19 00:00:00+00:00, run_after=2024-08-20 00:00:00+00:00
[2024-08-20T04:08:38.047+0000] {processor.py:208} INFO - Processing /home/airflow/.local/lib/python3.12/site-packages/airflow/example_dags/example_task_group_decorator.py took 0.171 seconds
[2024-08-20T04:09:08.728+0000] {processor.py:186} INFO - Started process (PID=2272) to work on /home/airflow/.local/lib/python3.12/site-packages/airflow/example_dags/example_task_group_decorator.py
[2024-08-20T04:09:08.730+0000] {processor.py:914} INFO - Processing file /home/airflow/.local/lib/python3.12/site-packages/airflow/example_dags/example_task_group_decorator.py for tasks to queue
[2024-08-20T04:09:08.734+0000] {logging_mixin.py:190} INFO - [2024-08-20T04:09:08.733+0000] {dagbag.py:587} INFO - Filling up the DagBag from /home/airflow/.local/lib/python3.12/site-packages/airflow/example_dags/example_task_group_decorator.py
[2024-08-20T04:09:08.760+0000] {processor.py:925} INFO - DAG(s) 'example_task_group_decorator' retrieved from /home/airflow/.local/lib/python3.12/site-packages/airflow/example_dags/example_task_group_decorator.py
[2024-08-20T04:09:08.808+0000] {logging_mixin.py:190} INFO - [2024-08-20T04:09:08.807+0000] {dag.py:3211} INFO - Sync 1 DAGs
[2024-08-20T04:09:08.891+0000] {logging_mixin.py:190} INFO - [2024-08-20T04:09:08.890+0000] {dag.py:4138} INFO - Setting next_dagrun for example_task_group_decorator to 2024-08-19 00:00:00+00:00, run_after=2024-08-20 00:00:00+00:00
[2024-08-20T04:09:08.928+0000] {processor.py:208} INFO - Processing /home/airflow/.local/lib/python3.12/site-packages/airflow/example_dags/example_task_group_decorator.py took 0.213 seconds
[2024-08-20T04:09:40.286+0000] {processor.py:186} INFO - Started process (PID=2334) to work on /home/airflow/.local/lib/python3.12/site-packages/airflow/example_dags/example_task_group_decorator.py
[2024-08-20T04:09:40.288+0000] {processor.py:914} INFO - Processing file /home/airflow/.local/lib/python3.12/site-packages/airflow/example_dags/example_task_group_decorator.py for tasks to queue
[2024-08-20T04:09:40.292+0000] {logging_mixin.py:190} INFO - [2024-08-20T04:09:40.291+0000] {dagbag.py:587} INFO - Filling up the DagBag from /home/airflow/.local/lib/python3.12/site-packages/airflow/example_dags/example_task_group_decorator.py
[2024-08-20T04:09:40.316+0000] {processor.py:925} INFO - DAG(s) 'example_task_group_decorator' retrieved from /home/airflow/.local/lib/python3.12/site-packages/airflow/example_dags/example_task_group_decorator.py
[2024-08-20T04:09:40.358+0000] {logging_mixin.py:190} INFO - [2024-08-20T04:09:40.357+0000] {dag.py:3211} INFO - Sync 1 DAGs
[2024-08-20T04:09:40.395+0000] {logging_mixin.py:190} INFO - [2024-08-20T04:09:40.395+0000] {dag.py:4138} INFO - Setting next_dagrun for example_task_group_decorator to 2024-08-19 00:00:00+00:00, run_after=2024-08-20 00:00:00+00:00
[2024-08-20T04:09:40.427+0000] {processor.py:208} INFO - Processing /home/airflow/.local/lib/python3.12/site-packages/airflow/example_dags/example_task_group_decorator.py took 0.150 seconds
[2024-08-20T04:10:12.003+0000] {processor.py:186} INFO - Started process (PID=2397) to work on /home/airflow/.local/lib/python3.12/site-packages/airflow/example_dags/example_task_group_decorator.py
[2024-08-20T04:10:12.006+0000] {processor.py:914} INFO - Processing file /home/airflow/.local/lib/python3.12/site-packages/airflow/example_dags/example_task_group_decorator.py for tasks to queue
[2024-08-20T04:10:12.013+0000] {logging_mixin.py:190} INFO - [2024-08-20T04:10:12.012+0000] {dagbag.py:587} INFO - Filling up the DagBag from /home/airflow/.local/lib/python3.12/site-packages/airflow/example_dags/example_task_group_decorator.py
[2024-08-20T04:10:12.070+0000] {processor.py:925} INFO - DAG(s) 'example_task_group_decorator' retrieved from /home/airflow/.local/lib/python3.12/site-packages/airflow/example_dags/example_task_group_decorator.py
[2024-08-20T04:10:12.137+0000] {logging_mixin.py:190} INFO - [2024-08-20T04:10:12.136+0000] {dag.py:3211} INFO - Sync 1 DAGs
[2024-08-20T04:10:12.186+0000] {logging_mixin.py:190} INFO - [2024-08-20T04:10:12.185+0000] {dag.py:4138} INFO - Setting next_dagrun for example_task_group_decorator to 2024-08-19 00:00:00+00:00, run_after=2024-08-20 00:00:00+00:00
[2024-08-20T04:10:12.216+0000] {processor.py:208} INFO - Processing /home/airflow/.local/lib/python3.12/site-packages/airflow/example_dags/example_task_group_decorator.py took 0.224 seconds
[2024-08-20T04:10:42.869+0000] {processor.py:186} INFO - Started process (PID=2459) to work on /home/airflow/.local/lib/python3.12/site-packages/airflow/example_dags/example_task_group_decorator.py
[2024-08-20T04:10:42.871+0000] {processor.py:914} INFO - Processing file /home/airflow/.local/lib/python3.12/site-packages/airflow/example_dags/example_task_group_decorator.py for tasks to queue
[2024-08-20T04:10:42.876+0000] {logging_mixin.py:190} INFO - [2024-08-20T04:10:42.875+0000] {dagbag.py:587} INFO - Filling up the DagBag from /home/airflow/.local/lib/python3.12/site-packages/airflow/example_dags/example_task_group_decorator.py
[2024-08-20T04:10:42.903+0000] {processor.py:925} INFO - DAG(s) 'example_task_group_decorator' retrieved from /home/airflow/.local/lib/python3.12/site-packages/airflow/example_dags/example_task_group_decorator.py
[2024-08-20T04:10:42.948+0000] {logging_mixin.py:190} INFO - [2024-08-20T04:10:42.948+0000] {dag.py:3211} INFO - Sync 1 DAGs
[2024-08-20T04:10:42.982+0000] {logging_mixin.py:190} INFO - [2024-08-20T04:10:42.981+0000] {dag.py:4138} INFO - Setting next_dagrun for example_task_group_decorator to 2024-08-19 00:00:00+00:00, run_after=2024-08-20 00:00:00+00:00
[2024-08-20T04:10:43.011+0000] {processor.py:208} INFO - Processing /home/airflow/.local/lib/python3.12/site-packages/airflow/example_dags/example_task_group_decorator.py took 0.156 seconds
[2024-08-20T04:11:14.132+0000] {processor.py:186} INFO - Started process (PID=2521) to work on /home/airflow/.local/lib/python3.12/site-packages/airflow/example_dags/example_task_group_decorator.py
[2024-08-20T04:11:14.133+0000] {processor.py:914} INFO - Processing file /home/airflow/.local/lib/python3.12/site-packages/airflow/example_dags/example_task_group_decorator.py for tasks to queue
[2024-08-20T04:11:14.137+0000] {logging_mixin.py:190} INFO - [2024-08-20T04:11:14.136+0000] {dagbag.py:587} INFO - Filling up the DagBag from /home/airflow/.local/lib/python3.12/site-packages/airflow/example_dags/example_task_group_decorator.py
[2024-08-20T04:11:14.168+0000] {processor.py:925} INFO - DAG(s) 'example_task_group_decorator' retrieved from /home/airflow/.local/lib/python3.12/site-packages/airflow/example_dags/example_task_group_decorator.py
[2024-08-20T04:11:14.209+0000] {logging_mixin.py:190} INFO - [2024-08-20T04:11:14.208+0000] {dag.py:3211} INFO - Sync 1 DAGs
[2024-08-20T04:11:14.253+0000] {logging_mixin.py:190} INFO - [2024-08-20T04:11:14.253+0000] {dag.py:4138} INFO - Setting next_dagrun for example_task_group_decorator to 2024-08-19 00:00:00+00:00, run_after=2024-08-20 00:00:00+00:00
[2024-08-20T04:11:14.281+0000] {processor.py:208} INFO - Processing /home/airflow/.local/lib/python3.12/site-packages/airflow/example_dags/example_task_group_decorator.py took 0.163 seconds
[2024-08-20T04:11:45.269+0000] {processor.py:186} INFO - Started process (PID=2584) to work on /home/airflow/.local/lib/python3.12/site-packages/airflow/example_dags/example_task_group_decorator.py
[2024-08-20T04:11:45.272+0000] {processor.py:914} INFO - Processing file /home/airflow/.local/lib/python3.12/site-packages/airflow/example_dags/example_task_group_decorator.py for tasks to queue
[2024-08-20T04:11:45.278+0000] {logging_mixin.py:190} INFO - [2024-08-20T04:11:45.277+0000] {dagbag.py:587} INFO - Filling up the DagBag from /home/airflow/.local/lib/python3.12/site-packages/airflow/example_dags/example_task_group_decorator.py
[2024-08-20T04:11:45.302+0000] {processor.py:925} INFO - DAG(s) 'example_task_group_decorator' retrieved from /home/airflow/.local/lib/python3.12/site-packages/airflow/example_dags/example_task_group_decorator.py
[2024-08-20T04:11:45.347+0000] {logging_mixin.py:190} INFO - [2024-08-20T04:11:45.347+0000] {dag.py:3211} INFO - Sync 1 DAGs
[2024-08-20T04:11:45.391+0000] {logging_mixin.py:190} INFO - [2024-08-20T04:11:45.390+0000] {dag.py:4138} INFO - Setting next_dagrun for example_task_group_decorator to 2024-08-19 00:00:00+00:00, run_after=2024-08-20 00:00:00+00:00
[2024-08-20T04:11:45.424+0000] {processor.py:208} INFO - Processing /home/airflow/.local/lib/python3.12/site-packages/airflow/example_dags/example_task_group_decorator.py took 0.165 seconds
[2024-08-20T04:12:15.861+0000] {processor.py:186} INFO - Started process (PID=2646) to work on /home/airflow/.local/lib/python3.12/site-packages/airflow/example_dags/example_task_group_decorator.py
[2024-08-20T04:12:15.863+0000] {processor.py:914} INFO - Processing file /home/airflow/.local/lib/python3.12/site-packages/airflow/example_dags/example_task_group_decorator.py for tasks to queue
[2024-08-20T04:12:15.868+0000] {logging_mixin.py:190} INFO - [2024-08-20T04:12:15.867+0000] {dagbag.py:587} INFO - Filling up the DagBag from /home/airflow/.local/lib/python3.12/site-packages/airflow/example_dags/example_task_group_decorator.py
[2024-08-20T04:12:15.898+0000] {processor.py:925} INFO - DAG(s) 'example_task_group_decorator' retrieved from /home/airflow/.local/lib/python3.12/site-packages/airflow/example_dags/example_task_group_decorator.py
[2024-08-20T04:12:15.942+0000] {logging_mixin.py:190} INFO - [2024-08-20T04:12:15.942+0000] {dag.py:3211} INFO - Sync 1 DAGs
[2024-08-20T04:12:15.993+0000] {logging_mixin.py:190} INFO - [2024-08-20T04:12:15.993+0000] {dag.py:4138} INFO - Setting next_dagrun for example_task_group_decorator to 2024-08-19 00:00:00+00:00, run_after=2024-08-20 00:00:00+00:00
[2024-08-20T04:12:16.029+0000] {processor.py:208} INFO - Processing /home/airflow/.local/lib/python3.12/site-packages/airflow/example_dags/example_task_group_decorator.py took 0.178 seconds
[2024-08-20T04:12:46.510+0000] {processor.py:186} INFO - Started process (PID=2708) to work on /home/airflow/.local/lib/python3.12/site-packages/airflow/example_dags/example_task_group_decorator.py
[2024-08-20T04:12:46.512+0000] {processor.py:914} INFO - Processing file /home/airflow/.local/lib/python3.12/site-packages/airflow/example_dags/example_task_group_decorator.py for tasks to queue
[2024-08-20T04:12:46.516+0000] {logging_mixin.py:190} INFO - [2024-08-20T04:12:46.515+0000] {dagbag.py:587} INFO - Filling up the DagBag from /home/airflow/.local/lib/python3.12/site-packages/airflow/example_dags/example_task_group_decorator.py
[2024-08-20T04:12:46.546+0000] {processor.py:925} INFO - DAG(s) 'example_task_group_decorator' retrieved from /home/airflow/.local/lib/python3.12/site-packages/airflow/example_dags/example_task_group_decorator.py
[2024-08-20T04:12:46.584+0000] {logging_mixin.py:190} INFO - [2024-08-20T04:12:46.584+0000] {dag.py:3211} INFO - Sync 1 DAGs
[2024-08-20T04:12:46.628+0000] {logging_mixin.py:190} INFO - [2024-08-20T04:12:46.628+0000] {dag.py:4138} INFO - Setting next_dagrun for example_task_group_decorator to 2024-08-19 00:00:00+00:00, run_after=2024-08-20 00:00:00+00:00
[2024-08-20T04:12:46.665+0000] {processor.py:208} INFO - Processing /home/airflow/.local/lib/python3.12/site-packages/airflow/example_dags/example_task_group_decorator.py took 0.166 seconds
[2024-08-20T04:13:17.439+0000] {processor.py:186} INFO - Started process (PID=2770) to work on /home/airflow/.local/lib/python3.12/site-packages/airflow/example_dags/example_task_group_decorator.py
[2024-08-20T04:13:17.441+0000] {processor.py:914} INFO - Processing file /home/airflow/.local/lib/python3.12/site-packages/airflow/example_dags/example_task_group_decorator.py for tasks to queue
[2024-08-20T04:13:17.445+0000] {logging_mixin.py:190} INFO - [2024-08-20T04:13:17.444+0000] {dagbag.py:587} INFO - Filling up the DagBag from /home/airflow/.local/lib/python3.12/site-packages/airflow/example_dags/example_task_group_decorator.py
[2024-08-20T04:13:17.475+0000] {processor.py:925} INFO - DAG(s) 'example_task_group_decorator' retrieved from /home/airflow/.local/lib/python3.12/site-packages/airflow/example_dags/example_task_group_decorator.py
[2024-08-20T04:13:17.518+0000] {logging_mixin.py:190} INFO - [2024-08-20T04:13:17.517+0000] {dag.py:3211} INFO - Sync 1 DAGs
[2024-08-20T04:13:17.565+0000] {logging_mixin.py:190} INFO - [2024-08-20T04:13:17.564+0000] {dag.py:4138} INFO - Setting next_dagrun for example_task_group_decorator to 2024-08-19 00:00:00+00:00, run_after=2024-08-20 00:00:00+00:00
[2024-08-20T04:13:17.604+0000] {processor.py:208} INFO - Processing /home/airflow/.local/lib/python3.12/site-packages/airflow/example_dags/example_task_group_decorator.py took 0.177 seconds
[2024-08-20T04:13:48.195+0000] {processor.py:186} INFO - Started process (PID=2832) to work on /home/airflow/.local/lib/python3.12/site-packages/airflow/example_dags/example_task_group_decorator.py
[2024-08-20T04:13:48.197+0000] {processor.py:914} INFO - Processing file /home/airflow/.local/lib/python3.12/site-packages/airflow/example_dags/example_task_group_decorator.py for tasks to queue
[2024-08-20T04:13:48.202+0000] {logging_mixin.py:190} INFO - [2024-08-20T04:13:48.201+0000] {dagbag.py:587} INFO - Filling up the DagBag from /home/airflow/.local/lib/python3.12/site-packages/airflow/example_dags/example_task_group_decorator.py
[2024-08-20T04:13:48.227+0000] {processor.py:925} INFO - DAG(s) 'example_task_group_decorator' retrieved from /home/airflow/.local/lib/python3.12/site-packages/airflow/example_dags/example_task_group_decorator.py
[2024-08-20T04:13:48.265+0000] {logging_mixin.py:190} INFO - [2024-08-20T04:13:48.264+0000] {dag.py:3211} INFO - Sync 1 DAGs
[2024-08-20T04:13:48.306+0000] {logging_mixin.py:190} INFO - [2024-08-20T04:13:48.305+0000] {dag.py:4138} INFO - Setting next_dagrun for example_task_group_decorator to 2024-08-19 00:00:00+00:00, run_after=2024-08-20 00:00:00+00:00
[2024-08-20T04:13:48.334+0000] {processor.py:208} INFO - Processing /home/airflow/.local/lib/python3.12/site-packages/airflow/example_dags/example_task_group_decorator.py took 0.150 seconds
[2024-08-20T04:14:19.562+0000] {processor.py:186} INFO - Started process (PID=2894) to work on /home/airflow/.local/lib/python3.12/site-packages/airflow/example_dags/example_task_group_decorator.py
[2024-08-20T04:14:19.564+0000] {processor.py:914} INFO - Processing file /home/airflow/.local/lib/python3.12/site-packages/airflow/example_dags/example_task_group_decorator.py for tasks to queue
[2024-08-20T04:14:19.568+0000] {logging_mixin.py:190} INFO - [2024-08-20T04:14:19.567+0000] {dagbag.py:587} INFO - Filling up the DagBag from /home/airflow/.local/lib/python3.12/site-packages/airflow/example_dags/example_task_group_decorator.py
[2024-08-20T04:14:19.592+0000] {processor.py:925} INFO - DAG(s) 'example_task_group_decorator' retrieved from /home/airflow/.local/lib/python3.12/site-packages/airflow/example_dags/example_task_group_decorator.py
[2024-08-20T04:14:19.632+0000] {logging_mixin.py:190} INFO - [2024-08-20T04:14:19.631+0000] {dag.py:3211} INFO - Sync 1 DAGs
[2024-08-20T04:14:19.665+0000] {logging_mixin.py:190} INFO - [2024-08-20T04:14:19.664+0000] {dag.py:4138} INFO - Setting next_dagrun for example_task_group_decorator to 2024-08-19 00:00:00+00:00, run_after=2024-08-20 00:00:00+00:00
[2024-08-20T04:14:19.694+0000] {processor.py:208} INFO - Processing /home/airflow/.local/lib/python3.12/site-packages/airflow/example_dags/example_task_group_decorator.py took 0.143 seconds
[2024-08-20T04:14:50.394+0000] {processor.py:186} INFO - Started process (PID=2956) to work on /home/airflow/.local/lib/python3.12/site-packages/airflow/example_dags/example_task_group_decorator.py
[2024-08-20T04:14:50.396+0000] {processor.py:914} INFO - Processing file /home/airflow/.local/lib/python3.12/site-packages/airflow/example_dags/example_task_group_decorator.py for tasks to queue
[2024-08-20T04:14:50.400+0000] {logging_mixin.py:190} INFO - [2024-08-20T04:14:50.399+0000] {dagbag.py:587} INFO - Filling up the DagBag from /home/airflow/.local/lib/python3.12/site-packages/airflow/example_dags/example_task_group_decorator.py
[2024-08-20T04:14:50.434+0000] {processor.py:925} INFO - DAG(s) 'example_task_group_decorator' retrieved from /home/airflow/.local/lib/python3.12/site-packages/airflow/example_dags/example_task_group_decorator.py
[2024-08-20T04:14:50.485+0000] {logging_mixin.py:190} INFO - [2024-08-20T04:14:50.485+0000] {dag.py:3211} INFO - Sync 1 DAGs
[2024-08-20T04:14:50.516+0000] {logging_mixin.py:190} INFO - [2024-08-20T04:14:50.516+0000] {dag.py:4138} INFO - Setting next_dagrun for example_task_group_decorator to 2024-08-19 00:00:00+00:00, run_after=2024-08-20 00:00:00+00:00
[2024-08-20T04:14:50.551+0000] {processor.py:208} INFO - Processing /home/airflow/.local/lib/python3.12/site-packages/airflow/example_dags/example_task_group_decorator.py took 0.185 seconds
[2024-08-20T04:15:20.916+0000] {processor.py:186} INFO - Started process (PID=3017) to work on /home/airflow/.local/lib/python3.12/site-packages/airflow/example_dags/example_task_group_decorator.py
[2024-08-20T04:15:20.918+0000] {processor.py:914} INFO - Processing file /home/airflow/.local/lib/python3.12/site-packages/airflow/example_dags/example_task_group_decorator.py for tasks to queue
[2024-08-20T04:15:20.921+0000] {logging_mixin.py:190} INFO - [2024-08-20T04:15:20.921+0000] {dagbag.py:587} INFO - Filling up the DagBag from /home/airflow/.local/lib/python3.12/site-packages/airflow/example_dags/example_task_group_decorator.py
[2024-08-20T04:15:20.943+0000] {processor.py:925} INFO - DAG(s) 'example_task_group_decorator' retrieved from /home/airflow/.local/lib/python3.12/site-packages/airflow/example_dags/example_task_group_decorator.py
[2024-08-20T04:15:20.982+0000] {logging_mixin.py:190} INFO - [2024-08-20T04:15:20.982+0000] {dag.py:3211} INFO - Sync 1 DAGs
[2024-08-20T04:15:21.016+0000] {logging_mixin.py:190} INFO - [2024-08-20T04:15:21.016+0000] {dag.py:4138} INFO - Setting next_dagrun for example_task_group_decorator to 2024-08-19 00:00:00+00:00, run_after=2024-08-20 00:00:00+00:00
[2024-08-20T04:15:21.042+0000] {processor.py:208} INFO - Processing /home/airflow/.local/lib/python3.12/site-packages/airflow/example_dags/example_task_group_decorator.py took 0.134 seconds
[2024-08-20T04:15:51.284+0000] {processor.py:186} INFO - Started process (PID=3078) to work on /home/airflow/.local/lib/python3.12/site-packages/airflow/example_dags/example_task_group_decorator.py
[2024-08-20T04:15:51.286+0000] {processor.py:914} INFO - Processing file /home/airflow/.local/lib/python3.12/site-packages/airflow/example_dags/example_task_group_decorator.py for tasks to queue
[2024-08-20T04:15:51.290+0000] {logging_mixin.py:190} INFO - [2024-08-20T04:15:51.289+0000] {dagbag.py:587} INFO - Filling up the DagBag from /home/airflow/.local/lib/python3.12/site-packages/airflow/example_dags/example_task_group_decorator.py
[2024-08-20T04:15:51.318+0000] {processor.py:925} INFO - DAG(s) 'example_task_group_decorator' retrieved from /home/airflow/.local/lib/python3.12/site-packages/airflow/example_dags/example_task_group_decorator.py
[2024-08-20T04:15:51.357+0000] {logging_mixin.py:190} INFO - [2024-08-20T04:15:51.357+0000] {dag.py:3211} INFO - Sync 1 DAGs
[2024-08-20T04:15:51.618+0000] {logging_mixin.py:190} INFO - [2024-08-20T04:15:51.618+0000] {dag.py:4138} INFO - Setting next_dagrun for example_task_group_decorator to 2024-08-19 00:00:00+00:00, run_after=2024-08-20 00:00:00+00:00
[2024-08-20T04:15:51.640+0000] {processor.py:208} INFO - Processing /home/airflow/.local/lib/python3.12/site-packages/airflow/example_dags/example_task_group_decorator.py took 0.367 seconds
