[2024-08-20T03:38:38.694+0000] {processor.py:186} INFO - Started process (PID=81) to work on /home/airflow/.local/lib/python3.12/site-packages/airflow/example_dags/example_latest_only_with_trigger.py
[2024-08-20T03:38:38.696+0000] {processor.py:914} INFO - Processing file /home/airflow/.local/lib/python3.12/site-packages/airflow/example_dags/example_latest_only_with_trigger.py for tasks to queue
[2024-08-20T03:38:38.700+0000] {logging_mixin.py:190} INFO - [2024-08-20T03:38:38.699+0000] {dagbag.py:587} INFO - Filling up the DagBag from /home/airflow/.local/lib/python3.12/site-packages/airflow/example_dags/example_latest_only_with_trigger.py
[2024-08-20T03:38:38.718+0000] {processor.py:925} INFO - DAG(s) 'latest_only_with_trigger' retrieved from /home/airflow/.local/lib/python3.12/site-packages/airflow/example_dags/example_latest_only_with_trigger.py
[2024-08-20T03:38:38.883+0000] {logging_mixin.py:190} INFO - [2024-08-20T03:38:38.882+0000] {override.py:1858} INFO - Created Permission View: can edit on DAG:latest_only_with_trigger
[2024-08-20T03:38:38.902+0000] {logging_mixin.py:190} INFO - [2024-08-20T03:38:38.902+0000] {override.py:1858} INFO - Created Permission View: can read on DAG:latest_only_with_trigger
[2024-08-20T03:38:38.914+0000] {logging_mixin.py:190} INFO - [2024-08-20T03:38:38.913+0000] {override.py:1858} INFO - Created Permission View: can delete on DAG:latest_only_with_trigger
[2024-08-20T03:38:38.915+0000] {logging_mixin.py:190} INFO - [2024-08-20T03:38:38.914+0000] {dag.py:3211} INFO - Sync 1 DAGs
[2024-08-20T03:38:38.939+0000] {logging_mixin.py:190} INFO - [2024-08-20T03:38:38.938+0000] {dag.py:3234} INFO - Creating ORM DAG for latest_only_with_trigger
[2024-08-20T03:38:38.954+0000] {logging_mixin.py:190} INFO - [2024-08-20T03:38:38.954+0000] {dag.py:4138} INFO - Setting next_dagrun for latest_only_with_trigger to 2024-08-19 20:00:00+00:00, run_after=2024-08-20 00:00:00+00:00
[2024-08-20T03:38:38.982+0000] {processor.py:208} INFO - Processing /home/airflow/.local/lib/python3.12/site-packages/airflow/example_dags/example_latest_only_with_trigger.py took 0.301 seconds
[2024-08-20T03:39:09.084+0000] {processor.py:186} INFO - Started process (PID=143) to work on /home/airflow/.local/lib/python3.12/site-packages/airflow/example_dags/example_latest_only_with_trigger.py
[2024-08-20T03:39:09.085+0000] {processor.py:914} INFO - Processing file /home/airflow/.local/lib/python3.12/site-packages/airflow/example_dags/example_latest_only_with_trigger.py for tasks to queue
[2024-08-20T03:39:09.088+0000] {logging_mixin.py:190} INFO - [2024-08-20T03:39:09.087+0000] {dagbag.py:587} INFO - Filling up the DagBag from /home/airflow/.local/lib/python3.12/site-packages/airflow/example_dags/example_latest_only_with_trigger.py
[2024-08-20T03:39:09.098+0000] {processor.py:925} INFO - DAG(s) 'latest_only_with_trigger' retrieved from /home/airflow/.local/lib/python3.12/site-packages/airflow/example_dags/example_latest_only_with_trigger.py
[2024-08-20T03:39:09.123+0000] {logging_mixin.py:190} INFO - [2024-08-20T03:39:09.123+0000] {dag.py:3211} INFO - Sync 1 DAGs
[2024-08-20T03:39:09.151+0000] {logging_mixin.py:190} INFO - [2024-08-20T03:39:09.151+0000] {dag.py:4138} INFO - Setting next_dagrun for latest_only_with_trigger to 2024-08-19 20:00:00+00:00, run_after=2024-08-20 00:00:00+00:00
[2024-08-20T03:39:09.173+0000] {processor.py:208} INFO - Processing /home/airflow/.local/lib/python3.12/site-packages/airflow/example_dags/example_latest_only_with_trigger.py took 0.095 seconds
[2024-08-20T03:39:39.870+0000] {processor.py:186} INFO - Started process (PID=205) to work on /home/airflow/.local/lib/python3.12/site-packages/airflow/example_dags/example_latest_only_with_trigger.py
[2024-08-20T03:39:39.871+0000] {processor.py:914} INFO - Processing file /home/airflow/.local/lib/python3.12/site-packages/airflow/example_dags/example_latest_only_with_trigger.py for tasks to queue
[2024-08-20T03:39:39.874+0000] {logging_mixin.py:190} INFO - [2024-08-20T03:39:39.874+0000] {dagbag.py:587} INFO - Filling up the DagBag from /home/airflow/.local/lib/python3.12/site-packages/airflow/example_dags/example_latest_only_with_trigger.py
[2024-08-20T03:39:39.883+0000] {processor.py:925} INFO - DAG(s) 'latest_only_with_trigger' retrieved from /home/airflow/.local/lib/python3.12/site-packages/airflow/example_dags/example_latest_only_with_trigger.py
[2024-08-20T03:39:39.912+0000] {logging_mixin.py:190} INFO - [2024-08-20T03:39:39.912+0000] {dag.py:3211} INFO - Sync 1 DAGs
[2024-08-20T03:39:39.940+0000] {logging_mixin.py:190} INFO - [2024-08-20T03:39:39.939+0000] {dag.py:4138} INFO - Setting next_dagrun for latest_only_with_trigger to 2024-08-19 20:00:00+00:00, run_after=2024-08-20 00:00:00+00:00
[2024-08-20T03:39:39.958+0000] {processor.py:208} INFO - Processing /home/airflow/.local/lib/python3.12/site-packages/airflow/example_dags/example_latest_only_with_trigger.py took 0.093 seconds
[2024-08-20T03:40:10.667+0000] {processor.py:186} INFO - Started process (PID=267) to work on /home/airflow/.local/lib/python3.12/site-packages/airflow/example_dags/example_latest_only_with_trigger.py
[2024-08-20T03:40:10.668+0000] {processor.py:914} INFO - Processing file /home/airflow/.local/lib/python3.12/site-packages/airflow/example_dags/example_latest_only_with_trigger.py for tasks to queue
[2024-08-20T03:40:10.671+0000] {logging_mixin.py:190} INFO - [2024-08-20T03:40:10.670+0000] {dagbag.py:587} INFO - Filling up the DagBag from /home/airflow/.local/lib/python3.12/site-packages/airflow/example_dags/example_latest_only_with_trigger.py
[2024-08-20T03:40:10.680+0000] {processor.py:925} INFO - DAG(s) 'latest_only_with_trigger' retrieved from /home/airflow/.local/lib/python3.12/site-packages/airflow/example_dags/example_latest_only_with_trigger.py
[2024-08-20T03:40:10.702+0000] {logging_mixin.py:190} INFO - [2024-08-20T03:40:10.702+0000] {dag.py:3211} INFO - Sync 1 DAGs
[2024-08-20T03:40:10.731+0000] {logging_mixin.py:190} INFO - [2024-08-20T03:40:10.731+0000] {dag.py:4138} INFO - Setting next_dagrun for latest_only_with_trigger to 2024-08-19 20:00:00+00:00, run_after=2024-08-20 00:00:00+00:00
[2024-08-20T03:40:10.753+0000] {processor.py:208} INFO - Processing /home/airflow/.local/lib/python3.12/site-packages/airflow/example_dags/example_latest_only_with_trigger.py took 0.091 seconds
[2024-08-20T03:40:41.146+0000] {processor.py:186} INFO - Started process (PID=329) to work on /home/airflow/.local/lib/python3.12/site-packages/airflow/example_dags/example_latest_only_with_trigger.py
[2024-08-20T03:40:41.147+0000] {processor.py:914} INFO - Processing file /home/airflow/.local/lib/python3.12/site-packages/airflow/example_dags/example_latest_only_with_trigger.py for tasks to queue
[2024-08-20T03:40:41.150+0000] {logging_mixin.py:190} INFO - [2024-08-20T03:40:41.149+0000] {dagbag.py:587} INFO - Filling up the DagBag from /home/airflow/.local/lib/python3.12/site-packages/airflow/example_dags/example_latest_only_with_trigger.py
[2024-08-20T03:40:41.159+0000] {processor.py:925} INFO - DAG(s) 'latest_only_with_trigger' retrieved from /home/airflow/.local/lib/python3.12/site-packages/airflow/example_dags/example_latest_only_with_trigger.py
[2024-08-20T03:40:41.185+0000] {logging_mixin.py:190} INFO - [2024-08-20T03:40:41.184+0000] {dag.py:3211} INFO - Sync 1 DAGs
[2024-08-20T03:40:41.211+0000] {logging_mixin.py:190} INFO - [2024-08-20T03:40:41.210+0000] {dag.py:4138} INFO - Setting next_dagrun for latest_only_with_trigger to 2024-08-19 20:00:00+00:00, run_after=2024-08-20 00:00:00+00:00
[2024-08-20T03:40:41.237+0000] {processor.py:208} INFO - Processing /home/airflow/.local/lib/python3.12/site-packages/airflow/example_dags/example_latest_only_with_trigger.py took 0.097 seconds
[2024-08-20T03:41:11.396+0000] {processor.py:186} INFO - Started process (PID=391) to work on /home/airflow/.local/lib/python3.12/site-packages/airflow/example_dags/example_latest_only_with_trigger.py
[2024-08-20T03:41:11.398+0000] {processor.py:914} INFO - Processing file /home/airflow/.local/lib/python3.12/site-packages/airflow/example_dags/example_latest_only_with_trigger.py for tasks to queue
[2024-08-20T03:41:11.401+0000] {logging_mixin.py:190} INFO - [2024-08-20T03:41:11.401+0000] {dagbag.py:587} INFO - Filling up the DagBag from /home/airflow/.local/lib/python3.12/site-packages/airflow/example_dags/example_latest_only_with_trigger.py
[2024-08-20T03:41:11.410+0000] {processor.py:925} INFO - DAG(s) 'latest_only_with_trigger' retrieved from /home/airflow/.local/lib/python3.12/site-packages/airflow/example_dags/example_latest_only_with_trigger.py
[2024-08-20T03:41:11.437+0000] {logging_mixin.py:190} INFO - [2024-08-20T03:41:11.437+0000] {dag.py:3211} INFO - Sync 1 DAGs
[2024-08-20T03:41:11.466+0000] {logging_mixin.py:190} INFO - [2024-08-20T03:41:11.466+0000] {dag.py:4138} INFO - Setting next_dagrun for latest_only_with_trigger to 2024-08-19 20:00:00+00:00, run_after=2024-08-20 00:00:00+00:00
[2024-08-20T03:41:11.495+0000] {processor.py:208} INFO - Processing /home/airflow/.local/lib/python3.12/site-packages/airflow/example_dags/example_latest_only_with_trigger.py took 0.109 seconds
[2024-08-20T03:41:42.309+0000] {processor.py:186} INFO - Started process (PID=453) to work on /home/airflow/.local/lib/python3.12/site-packages/airflow/example_dags/example_latest_only_with_trigger.py
[2024-08-20T03:41:42.311+0000] {processor.py:914} INFO - Processing file /home/airflow/.local/lib/python3.12/site-packages/airflow/example_dags/example_latest_only_with_trigger.py for tasks to queue
[2024-08-20T03:41:42.314+0000] {logging_mixin.py:190} INFO - [2024-08-20T03:41:42.313+0000] {dagbag.py:587} INFO - Filling up the DagBag from /home/airflow/.local/lib/python3.12/site-packages/airflow/example_dags/example_latest_only_with_trigger.py
[2024-08-20T03:41:42.323+0000] {processor.py:925} INFO - DAG(s) 'latest_only_with_trigger' retrieved from /home/airflow/.local/lib/python3.12/site-packages/airflow/example_dags/example_latest_only_with_trigger.py
[2024-08-20T03:41:42.348+0000] {logging_mixin.py:190} INFO - [2024-08-20T03:41:42.347+0000] {dag.py:3211} INFO - Sync 1 DAGs
[2024-08-20T03:41:42.374+0000] {logging_mixin.py:190} INFO - [2024-08-20T03:41:42.373+0000] {dag.py:4138} INFO - Setting next_dagrun for latest_only_with_trigger to 2024-08-19 20:00:00+00:00, run_after=2024-08-20 00:00:00+00:00
[2024-08-20T03:41:42.393+0000] {processor.py:208} INFO - Processing /home/airflow/.local/lib/python3.12/site-packages/airflow/example_dags/example_latest_only_with_trigger.py took 0.091 seconds
[2024-08-20T03:42:13.681+0000] {processor.py:186} INFO - Started process (PID=515) to work on /home/airflow/.local/lib/python3.12/site-packages/airflow/example_dags/example_latest_only_with_trigger.py
[2024-08-20T03:42:13.683+0000] {processor.py:914} INFO - Processing file /home/airflow/.local/lib/python3.12/site-packages/airflow/example_dags/example_latest_only_with_trigger.py for tasks to queue
[2024-08-20T03:42:13.686+0000] {logging_mixin.py:190} INFO - [2024-08-20T03:42:13.686+0000] {dagbag.py:587} INFO - Filling up the DagBag from /home/airflow/.local/lib/python3.12/site-packages/airflow/example_dags/example_latest_only_with_trigger.py
[2024-08-20T03:42:13.698+0000] {processor.py:925} INFO - DAG(s) 'latest_only_with_trigger' retrieved from /home/airflow/.local/lib/python3.12/site-packages/airflow/example_dags/example_latest_only_with_trigger.py
[2024-08-20T03:42:13.742+0000] {logging_mixin.py:190} INFO - [2024-08-20T03:42:13.738+0000] {dag.py:3211} INFO - Sync 1 DAGs
[2024-08-20T03:42:13.791+0000] {logging_mixin.py:190} INFO - [2024-08-20T03:42:13.791+0000] {dag.py:4138} INFO - Setting next_dagrun for latest_only_with_trigger to 2024-08-19 20:00:00+00:00, run_after=2024-08-20 00:00:00+00:00
[2024-08-20T03:42:13.824+0000] {processor.py:208} INFO - Processing /home/airflow/.local/lib/python3.12/site-packages/airflow/example_dags/example_latest_only_with_trigger.py took 0.150 seconds
[2024-08-20T03:42:43.892+0000] {processor.py:186} INFO - Started process (PID=577) to work on /home/airflow/.local/lib/python3.12/site-packages/airflow/example_dags/example_latest_only_with_trigger.py
[2024-08-20T03:42:43.893+0000] {processor.py:914} INFO - Processing file /home/airflow/.local/lib/python3.12/site-packages/airflow/example_dags/example_latest_only_with_trigger.py for tasks to queue
[2024-08-20T03:42:43.897+0000] {logging_mixin.py:190} INFO - [2024-08-20T03:42:43.896+0000] {dagbag.py:587} INFO - Filling up the DagBag from /home/airflow/.local/lib/python3.12/site-packages/airflow/example_dags/example_latest_only_with_trigger.py
[2024-08-20T03:42:43.908+0000] {processor.py:925} INFO - DAG(s) 'latest_only_with_trigger' retrieved from /home/airflow/.local/lib/python3.12/site-packages/airflow/example_dags/example_latest_only_with_trigger.py
[2024-08-20T03:42:43.935+0000] {logging_mixin.py:190} INFO - [2024-08-20T03:42:43.934+0000] {dag.py:3211} INFO - Sync 1 DAGs
[2024-08-20T03:42:43.970+0000] {logging_mixin.py:190} INFO - [2024-08-20T03:42:43.970+0000] {dag.py:4138} INFO - Setting next_dagrun for latest_only_with_trigger to 2024-08-19 20:00:00+00:00, run_after=2024-08-20 00:00:00+00:00
[2024-08-20T03:42:44.000+0000] {processor.py:208} INFO - Processing /home/airflow/.local/lib/python3.12/site-packages/airflow/example_dags/example_latest_only_with_trigger.py took 0.118 seconds
[2024-08-20T03:43:14.889+0000] {processor.py:186} INFO - Started process (PID=639) to work on /home/airflow/.local/lib/python3.12/site-packages/airflow/example_dags/example_latest_only_with_trigger.py
[2024-08-20T03:43:14.891+0000] {processor.py:914} INFO - Processing file /home/airflow/.local/lib/python3.12/site-packages/airflow/example_dags/example_latest_only_with_trigger.py for tasks to queue
[2024-08-20T03:43:14.895+0000] {logging_mixin.py:190} INFO - [2024-08-20T03:43:14.894+0000] {dagbag.py:587} INFO - Filling up the DagBag from /home/airflow/.local/lib/python3.12/site-packages/airflow/example_dags/example_latest_only_with_trigger.py
[2024-08-20T03:43:14.902+0000] {processor.py:925} INFO - DAG(s) 'latest_only_with_trigger' retrieved from /home/airflow/.local/lib/python3.12/site-packages/airflow/example_dags/example_latest_only_with_trigger.py
[2024-08-20T03:43:14.929+0000] {logging_mixin.py:190} INFO - [2024-08-20T03:43:14.929+0000] {dag.py:3211} INFO - Sync 1 DAGs
[2024-08-20T03:43:14.962+0000] {logging_mixin.py:190} INFO - [2024-08-20T03:43:14.962+0000] {dag.py:4138} INFO - Setting next_dagrun for latest_only_with_trigger to 2024-08-19 20:00:00+00:00, run_after=2024-08-20 00:00:00+00:00
[2024-08-20T03:43:14.983+0000] {processor.py:208} INFO - Processing /home/airflow/.local/lib/python3.12/site-packages/airflow/example_dags/example_latest_only_with_trigger.py took 0.106 seconds
[2024-08-20T03:43:45.240+0000] {processor.py:186} INFO - Started process (PID=701) to work on /home/airflow/.local/lib/python3.12/site-packages/airflow/example_dags/example_latest_only_with_trigger.py
[2024-08-20T03:43:45.242+0000] {processor.py:914} INFO - Processing file /home/airflow/.local/lib/python3.12/site-packages/airflow/example_dags/example_latest_only_with_trigger.py for tasks to queue
[2024-08-20T03:43:45.245+0000] {logging_mixin.py:190} INFO - [2024-08-20T03:43:45.245+0000] {dagbag.py:587} INFO - Filling up the DagBag from /home/airflow/.local/lib/python3.12/site-packages/airflow/example_dags/example_latest_only_with_trigger.py
[2024-08-20T03:43:45.260+0000] {processor.py:925} INFO - DAG(s) 'latest_only_with_trigger' retrieved from /home/airflow/.local/lib/python3.12/site-packages/airflow/example_dags/example_latest_only_with_trigger.py
[2024-08-20T03:43:45.303+0000] {logging_mixin.py:190} INFO - [2024-08-20T03:43:45.303+0000] {dag.py:3211} INFO - Sync 1 DAGs
[2024-08-20T03:43:45.337+0000] {logging_mixin.py:190} INFO - [2024-08-20T03:43:45.337+0000] {dag.py:4138} INFO - Setting next_dagrun for latest_only_with_trigger to 2024-08-19 20:00:00+00:00, run_after=2024-08-20 00:00:00+00:00
[2024-08-20T03:43:45.370+0000] {processor.py:208} INFO - Processing /home/airflow/.local/lib/python3.12/site-packages/airflow/example_dags/example_latest_only_with_trigger.py took 0.137 seconds
[2024-08-20T03:44:16.376+0000] {processor.py:186} INFO - Started process (PID=763) to work on /home/airflow/.local/lib/python3.12/site-packages/airflow/example_dags/example_latest_only_with_trigger.py
[2024-08-20T03:44:16.378+0000] {processor.py:914} INFO - Processing file /home/airflow/.local/lib/python3.12/site-packages/airflow/example_dags/example_latest_only_with_trigger.py for tasks to queue
[2024-08-20T03:44:16.381+0000] {logging_mixin.py:190} INFO - [2024-08-20T03:44:16.380+0000] {dagbag.py:587} INFO - Filling up the DagBag from /home/airflow/.local/lib/python3.12/site-packages/airflow/example_dags/example_latest_only_with_trigger.py
[2024-08-20T03:44:16.389+0000] {processor.py:925} INFO - DAG(s) 'latest_only_with_trigger' retrieved from /home/airflow/.local/lib/python3.12/site-packages/airflow/example_dags/example_latest_only_with_trigger.py
[2024-08-20T03:44:16.417+0000] {logging_mixin.py:190} INFO - [2024-08-20T03:44:16.417+0000] {dag.py:3211} INFO - Sync 1 DAGs
[2024-08-20T03:44:16.445+0000] {logging_mixin.py:190} INFO - [2024-08-20T03:44:16.445+0000] {dag.py:4138} INFO - Setting next_dagrun for latest_only_with_trigger to 2024-08-19 20:00:00+00:00, run_after=2024-08-20 00:00:00+00:00
[2024-08-20T03:44:16.466+0000] {processor.py:208} INFO - Processing /home/airflow/.local/lib/python3.12/site-packages/airflow/example_dags/example_latest_only_with_trigger.py took 0.100 seconds
[2024-08-20T03:44:47.100+0000] {processor.py:186} INFO - Started process (PID=825) to work on /home/airflow/.local/lib/python3.12/site-packages/airflow/example_dags/example_latest_only_with_trigger.py
[2024-08-20T03:44:47.102+0000] {processor.py:914} INFO - Processing file /home/airflow/.local/lib/python3.12/site-packages/airflow/example_dags/example_latest_only_with_trigger.py for tasks to queue
[2024-08-20T03:44:47.107+0000] {logging_mixin.py:190} INFO - [2024-08-20T03:44:47.106+0000] {dagbag.py:587} INFO - Filling up the DagBag from /home/airflow/.local/lib/python3.12/site-packages/airflow/example_dags/example_latest_only_with_trigger.py
[2024-08-20T03:44:47.115+0000] {processor.py:925} INFO - DAG(s) 'latest_only_with_trigger' retrieved from /home/airflow/.local/lib/python3.12/site-packages/airflow/example_dags/example_latest_only_with_trigger.py
[2024-08-20T03:44:47.145+0000] {logging_mixin.py:190} INFO - [2024-08-20T03:44:47.144+0000] {dag.py:3211} INFO - Sync 1 DAGs
[2024-08-20T03:44:47.178+0000] {logging_mixin.py:190} INFO - [2024-08-20T03:44:47.178+0000] {dag.py:4138} INFO - Setting next_dagrun for latest_only_with_trigger to 2024-08-19 20:00:00+00:00, run_after=2024-08-20 00:00:00+00:00
[2024-08-20T03:44:47.206+0000] {processor.py:208} INFO - Processing /home/airflow/.local/lib/python3.12/site-packages/airflow/example_dags/example_latest_only_with_trigger.py took 0.113 seconds
[2024-08-20T03:45:17.637+0000] {processor.py:186} INFO - Started process (PID=887) to work on /home/airflow/.local/lib/python3.12/site-packages/airflow/example_dags/example_latest_only_with_trigger.py
[2024-08-20T03:45:17.638+0000] {processor.py:914} INFO - Processing file /home/airflow/.local/lib/python3.12/site-packages/airflow/example_dags/example_latest_only_with_trigger.py for tasks to queue
[2024-08-20T03:45:17.643+0000] {logging_mixin.py:190} INFO - [2024-08-20T03:45:17.642+0000] {dagbag.py:587} INFO - Filling up the DagBag from /home/airflow/.local/lib/python3.12/site-packages/airflow/example_dags/example_latest_only_with_trigger.py
[2024-08-20T03:45:17.653+0000] {processor.py:925} INFO - DAG(s) 'latest_only_with_trigger' retrieved from /home/airflow/.local/lib/python3.12/site-packages/airflow/example_dags/example_latest_only_with_trigger.py
[2024-08-20T03:45:17.683+0000] {logging_mixin.py:190} INFO - [2024-08-20T03:45:17.683+0000] {dag.py:3211} INFO - Sync 1 DAGs
[2024-08-20T03:45:17.722+0000] {logging_mixin.py:190} INFO - [2024-08-20T03:45:17.722+0000] {dag.py:4138} INFO - Setting next_dagrun for latest_only_with_trigger to 2024-08-19 20:00:00+00:00, run_after=2024-08-20 00:00:00+00:00
[2024-08-20T03:45:17.754+0000] {processor.py:208} INFO - Processing /home/airflow/.local/lib/python3.12/site-packages/airflow/example_dags/example_latest_only_with_trigger.py took 0.125 seconds
[2024-08-20T03:45:48.417+0000] {processor.py:186} INFO - Started process (PID=949) to work on /home/airflow/.local/lib/python3.12/site-packages/airflow/example_dags/example_latest_only_with_trigger.py
[2024-08-20T03:45:48.419+0000] {processor.py:914} INFO - Processing file /home/airflow/.local/lib/python3.12/site-packages/airflow/example_dags/example_latest_only_with_trigger.py for tasks to queue
[2024-08-20T03:45:48.422+0000] {logging_mixin.py:190} INFO - [2024-08-20T03:45:48.422+0000] {dagbag.py:587} INFO - Filling up the DagBag from /home/airflow/.local/lib/python3.12/site-packages/airflow/example_dags/example_latest_only_with_trigger.py
[2024-08-20T03:45:48.433+0000] {processor.py:925} INFO - DAG(s) 'latest_only_with_trigger' retrieved from /home/airflow/.local/lib/python3.12/site-packages/airflow/example_dags/example_latest_only_with_trigger.py
[2024-08-20T03:45:48.456+0000] {logging_mixin.py:190} INFO - [2024-08-20T03:45:48.455+0000] {dag.py:3211} INFO - Sync 1 DAGs
[2024-08-20T03:45:48.483+0000] {logging_mixin.py:190} INFO - [2024-08-20T03:45:48.483+0000] {dag.py:4138} INFO - Setting next_dagrun for latest_only_with_trigger to 2024-08-19 20:00:00+00:00, run_after=2024-08-20 00:00:00+00:00
[2024-08-20T03:45:48.503+0000] {processor.py:208} INFO - Processing /home/airflow/.local/lib/python3.12/site-packages/airflow/example_dags/example_latest_only_with_trigger.py took 0.093 seconds
[2024-08-20T03:46:19.020+0000] {processor.py:186} INFO - Started process (PID=1011) to work on /home/airflow/.local/lib/python3.12/site-packages/airflow/example_dags/example_latest_only_with_trigger.py
[2024-08-20T03:46:19.021+0000] {processor.py:914} INFO - Processing file /home/airflow/.local/lib/python3.12/site-packages/airflow/example_dags/example_latest_only_with_trigger.py for tasks to queue
[2024-08-20T03:46:19.025+0000] {logging_mixin.py:190} INFO - [2024-08-20T03:46:19.025+0000] {dagbag.py:587} INFO - Filling up the DagBag from /home/airflow/.local/lib/python3.12/site-packages/airflow/example_dags/example_latest_only_with_trigger.py
[2024-08-20T03:46:19.037+0000] {processor.py:925} INFO - DAG(s) 'latest_only_with_trigger' retrieved from /home/airflow/.local/lib/python3.12/site-packages/airflow/example_dags/example_latest_only_with_trigger.py
[2024-08-20T03:46:19.067+0000] {logging_mixin.py:190} INFO - [2024-08-20T03:46:19.067+0000] {dag.py:3211} INFO - Sync 1 DAGs
[2024-08-20T03:46:19.099+0000] {logging_mixin.py:190} INFO - [2024-08-20T03:46:19.099+0000] {dag.py:4138} INFO - Setting next_dagrun for latest_only_with_trigger to 2024-08-19 20:00:00+00:00, run_after=2024-08-20 00:00:00+00:00
[2024-08-20T03:46:19.126+0000] {processor.py:208} INFO - Processing /home/airflow/.local/lib/python3.12/site-packages/airflow/example_dags/example_latest_only_with_trigger.py took 0.113 seconds
[2024-08-20T03:46:49.525+0000] {processor.py:186} INFO - Started process (PID=1073) to work on /home/airflow/.local/lib/python3.12/site-packages/airflow/example_dags/example_latest_only_with_trigger.py
[2024-08-20T03:46:49.527+0000] {processor.py:914} INFO - Processing file /home/airflow/.local/lib/python3.12/site-packages/airflow/example_dags/example_latest_only_with_trigger.py for tasks to queue
[2024-08-20T03:46:49.530+0000] {logging_mixin.py:190} INFO - [2024-08-20T03:46:49.530+0000] {dagbag.py:587} INFO - Filling up the DagBag from /home/airflow/.local/lib/python3.12/site-packages/airflow/example_dags/example_latest_only_with_trigger.py
[2024-08-20T03:46:49.543+0000] {processor.py:925} INFO - DAG(s) 'latest_only_with_trigger' retrieved from /home/airflow/.local/lib/python3.12/site-packages/airflow/example_dags/example_latest_only_with_trigger.py
[2024-08-20T03:46:49.570+0000] {logging_mixin.py:190} INFO - [2024-08-20T03:46:49.569+0000] {dag.py:3211} INFO - Sync 1 DAGs
[2024-08-20T03:46:49.602+0000] {logging_mixin.py:190} INFO - [2024-08-20T03:46:49.602+0000] {dag.py:4138} INFO - Setting next_dagrun for latest_only_with_trigger to 2024-08-19 20:00:00+00:00, run_after=2024-08-20 00:00:00+00:00
[2024-08-20T03:46:49.624+0000] {processor.py:208} INFO - Processing /home/airflow/.local/lib/python3.12/site-packages/airflow/example_dags/example_latest_only_with_trigger.py took 0.109 seconds
[2024-08-20T03:47:20.401+0000] {processor.py:186} INFO - Started process (PID=1135) to work on /home/airflow/.local/lib/python3.12/site-packages/airflow/example_dags/example_latest_only_with_trigger.py
[2024-08-20T03:47:20.403+0000] {processor.py:914} INFO - Processing file /home/airflow/.local/lib/python3.12/site-packages/airflow/example_dags/example_latest_only_with_trigger.py for tasks to queue
[2024-08-20T03:47:20.406+0000] {logging_mixin.py:190} INFO - [2024-08-20T03:47:20.405+0000] {dagbag.py:587} INFO - Filling up the DagBag from /home/airflow/.local/lib/python3.12/site-packages/airflow/example_dags/example_latest_only_with_trigger.py
[2024-08-20T03:47:20.415+0000] {processor.py:925} INFO - DAG(s) 'latest_only_with_trigger' retrieved from /home/airflow/.local/lib/python3.12/site-packages/airflow/example_dags/example_latest_only_with_trigger.py
[2024-08-20T03:47:20.438+0000] {logging_mixin.py:190} INFO - [2024-08-20T03:47:20.438+0000] {dag.py:3211} INFO - Sync 1 DAGs
[2024-08-20T03:47:20.465+0000] {logging_mixin.py:190} INFO - [2024-08-20T03:47:20.465+0000] {dag.py:4138} INFO - Setting next_dagrun for latest_only_with_trigger to 2024-08-19 20:00:00+00:00, run_after=2024-08-20 00:00:00+00:00
[2024-08-20T03:47:20.486+0000] {processor.py:208} INFO - Processing /home/airflow/.local/lib/python3.12/site-packages/airflow/example_dags/example_latest_only_with_trigger.py took 0.091 seconds
[2024-08-20T03:47:51.116+0000] {processor.py:186} INFO - Started process (PID=1198) to work on /home/airflow/.local/lib/python3.12/site-packages/airflow/example_dags/example_latest_only_with_trigger.py
[2024-08-20T03:47:51.118+0000] {processor.py:914} INFO - Processing file /home/airflow/.local/lib/python3.12/site-packages/airflow/example_dags/example_latest_only_with_trigger.py for tasks to queue
[2024-08-20T03:47:51.121+0000] {logging_mixin.py:190} INFO - [2024-08-20T03:47:51.121+0000] {dagbag.py:587} INFO - Filling up the DagBag from /home/airflow/.local/lib/python3.12/site-packages/airflow/example_dags/example_latest_only_with_trigger.py
[2024-08-20T03:47:51.130+0000] {processor.py:925} INFO - DAG(s) 'latest_only_with_trigger' retrieved from /home/airflow/.local/lib/python3.12/site-packages/airflow/example_dags/example_latest_only_with_trigger.py
[2024-08-20T03:47:51.155+0000] {logging_mixin.py:190} INFO - [2024-08-20T03:47:51.154+0000] {dag.py:3211} INFO - Sync 1 DAGs
[2024-08-20T03:47:51.182+0000] {logging_mixin.py:190} INFO - [2024-08-20T03:47:51.181+0000] {dag.py:4138} INFO - Setting next_dagrun for latest_only_with_trigger to 2024-08-19 20:00:00+00:00, run_after=2024-08-20 00:00:00+00:00
[2024-08-20T03:47:51.205+0000] {processor.py:208} INFO - Processing /home/airflow/.local/lib/python3.12/site-packages/airflow/example_dags/example_latest_only_with_trigger.py took 0.097 seconds
[2024-08-20T03:48:21.595+0000] {processor.py:186} INFO - Started process (PID=1260) to work on /home/airflow/.local/lib/python3.12/site-packages/airflow/example_dags/example_latest_only_with_trigger.py
[2024-08-20T03:48:21.596+0000] {processor.py:914} INFO - Processing file /home/airflow/.local/lib/python3.12/site-packages/airflow/example_dags/example_latest_only_with_trigger.py for tasks to queue
[2024-08-20T03:48:21.599+0000] {logging_mixin.py:190} INFO - [2024-08-20T03:48:21.599+0000] {dagbag.py:587} INFO - Filling up the DagBag from /home/airflow/.local/lib/python3.12/site-packages/airflow/example_dags/example_latest_only_with_trigger.py
[2024-08-20T03:48:21.609+0000] {processor.py:925} INFO - DAG(s) 'latest_only_with_trigger' retrieved from /home/airflow/.local/lib/python3.12/site-packages/airflow/example_dags/example_latest_only_with_trigger.py
[2024-08-20T03:48:21.634+0000] {logging_mixin.py:190} INFO - [2024-08-20T03:48:21.634+0000] {dag.py:3211} INFO - Sync 1 DAGs
[2024-08-20T03:48:21.667+0000] {logging_mixin.py:190} INFO - [2024-08-20T03:48:21.666+0000] {dag.py:4138} INFO - Setting next_dagrun for latest_only_with_trigger to 2024-08-19 20:00:00+00:00, run_after=2024-08-20 00:00:00+00:00
[2024-08-20T03:48:21.693+0000] {processor.py:208} INFO - Processing /home/airflow/.local/lib/python3.12/site-packages/airflow/example_dags/example_latest_only_with_trigger.py took 0.105 seconds
[2024-08-20T03:51:13.666+0000] {processor.py:186} INFO - Started process (PID=78) to work on /home/airflow/.local/lib/python3.12/site-packages/airflow/example_dags/example_latest_only_with_trigger.py
[2024-08-20T03:51:13.669+0000] {processor.py:914} INFO - Processing file /home/airflow/.local/lib/python3.12/site-packages/airflow/example_dags/example_latest_only_with_trigger.py for tasks to queue
[2024-08-20T03:51:13.672+0000] {logging_mixin.py:190} INFO - [2024-08-20T03:51:13.671+0000] {dagbag.py:587} INFO - Filling up the DagBag from /home/airflow/.local/lib/python3.12/site-packages/airflow/example_dags/example_latest_only_with_trigger.py
[2024-08-20T03:51:13.683+0000] {processor.py:925} INFO - DAG(s) 'latest_only_with_trigger' retrieved from /home/airflow/.local/lib/python3.12/site-packages/airflow/example_dags/example_latest_only_with_trigger.py
[2024-08-20T03:51:13.723+0000] {logging_mixin.py:190} INFO - [2024-08-20T03:51:13.722+0000] {dag.py:3211} INFO - Sync 1 DAGs
[2024-08-20T03:51:13.758+0000] {logging_mixin.py:190} INFO - [2024-08-20T03:51:13.758+0000] {dag.py:4138} INFO - Setting next_dagrun for latest_only_with_trigger to 2024-08-19 20:00:00+00:00, run_after=2024-08-20 00:00:00+00:00
[2024-08-20T03:51:13.781+0000] {processor.py:208} INFO - Processing /home/airflow/.local/lib/python3.12/site-packages/airflow/example_dags/example_latest_only_with_trigger.py took 0.123 seconds
[2024-08-20T03:51:44.170+0000] {processor.py:186} INFO - Started process (PID=141) to work on /home/airflow/.local/lib/python3.12/site-packages/airflow/example_dags/example_latest_only_with_trigger.py
[2024-08-20T03:51:44.172+0000] {processor.py:914} INFO - Processing file /home/airflow/.local/lib/python3.12/site-packages/airflow/example_dags/example_latest_only_with_trigger.py for tasks to queue
[2024-08-20T03:51:44.174+0000] {logging_mixin.py:190} INFO - [2024-08-20T03:51:44.174+0000] {dagbag.py:587} INFO - Filling up the DagBag from /home/airflow/.local/lib/python3.12/site-packages/airflow/example_dags/example_latest_only_with_trigger.py
[2024-08-20T03:51:44.183+0000] {processor.py:925} INFO - DAG(s) 'latest_only_with_trigger' retrieved from /home/airflow/.local/lib/python3.12/site-packages/airflow/example_dags/example_latest_only_with_trigger.py
[2024-08-20T03:51:44.210+0000] {logging_mixin.py:190} INFO - [2024-08-20T03:51:44.209+0000] {dag.py:3211} INFO - Sync 1 DAGs
[2024-08-20T03:51:44.248+0000] {logging_mixin.py:190} INFO - [2024-08-20T03:51:44.248+0000] {dag.py:4138} INFO - Setting next_dagrun for latest_only_with_trigger to 2024-08-19 20:00:00+00:00, run_after=2024-08-20 00:00:00+00:00
[2024-08-20T03:51:44.323+0000] {processor.py:208} INFO - Processing /home/airflow/.local/lib/python3.12/site-packages/airflow/example_dags/example_latest_only_with_trigger.py took 0.159 seconds
[2024-08-20T03:52:14.421+0000] {processor.py:186} INFO - Started process (PID=204) to work on /home/airflow/.local/lib/python3.12/site-packages/airflow/example_dags/example_latest_only_with_trigger.py
[2024-08-20T03:52:14.423+0000] {processor.py:914} INFO - Processing file /home/airflow/.local/lib/python3.12/site-packages/airflow/example_dags/example_latest_only_with_trigger.py for tasks to queue
[2024-08-20T03:52:14.426+0000] {logging_mixin.py:190} INFO - [2024-08-20T03:52:14.425+0000] {dagbag.py:587} INFO - Filling up the DagBag from /home/airflow/.local/lib/python3.12/site-packages/airflow/example_dags/example_latest_only_with_trigger.py
[2024-08-20T03:52:14.434+0000] {processor.py:925} INFO - DAG(s) 'latest_only_with_trigger' retrieved from /home/airflow/.local/lib/python3.12/site-packages/airflow/example_dags/example_latest_only_with_trigger.py
[2024-08-20T03:52:14.457+0000] {logging_mixin.py:190} INFO - [2024-08-20T03:52:14.457+0000] {dag.py:3211} INFO - Sync 1 DAGs
[2024-08-20T03:52:14.483+0000] {logging_mixin.py:190} INFO - [2024-08-20T03:52:14.483+0000] {dag.py:4138} INFO - Setting next_dagrun for latest_only_with_trigger to 2024-08-19 20:00:00+00:00, run_after=2024-08-20 00:00:00+00:00
[2024-08-20T03:52:14.503+0000] {processor.py:208} INFO - Processing /home/airflow/.local/lib/python3.12/site-packages/airflow/example_dags/example_latest_only_with_trigger.py took 0.088 seconds
[2024-08-20T03:52:44.854+0000] {processor.py:186} INFO - Started process (PID=266) to work on /home/airflow/.local/lib/python3.12/site-packages/airflow/example_dags/example_latest_only_with_trigger.py
[2024-08-20T03:52:44.856+0000] {processor.py:914} INFO - Processing file /home/airflow/.local/lib/python3.12/site-packages/airflow/example_dags/example_latest_only_with_trigger.py for tasks to queue
[2024-08-20T03:52:44.860+0000] {logging_mixin.py:190} INFO - [2024-08-20T03:52:44.859+0000] {dagbag.py:587} INFO - Filling up the DagBag from /home/airflow/.local/lib/python3.12/site-packages/airflow/example_dags/example_latest_only_with_trigger.py
[2024-08-20T03:52:44.871+0000] {processor.py:925} INFO - DAG(s) 'latest_only_with_trigger' retrieved from /home/airflow/.local/lib/python3.12/site-packages/airflow/example_dags/example_latest_only_with_trigger.py
[2024-08-20T03:52:44.912+0000] {logging_mixin.py:190} INFO - [2024-08-20T03:52:44.912+0000] {dag.py:3211} INFO - Sync 1 DAGs
[2024-08-20T03:52:44.957+0000] {logging_mixin.py:190} INFO - [2024-08-20T03:52:44.957+0000] {dag.py:4138} INFO - Setting next_dagrun for latest_only_with_trigger to 2024-08-19 20:00:00+00:00, run_after=2024-08-20 00:00:00+00:00
[2024-08-20T03:52:44.987+0000] {processor.py:208} INFO - Processing /home/airflow/.local/lib/python3.12/site-packages/airflow/example_dags/example_latest_only_with_trigger.py took 0.141 seconds
[2024-08-20T03:53:15.207+0000] {processor.py:186} INFO - Started process (PID=328) to work on /home/airflow/.local/lib/python3.12/site-packages/airflow/example_dags/example_latest_only_with_trigger.py
[2024-08-20T03:53:15.208+0000] {processor.py:914} INFO - Processing file /home/airflow/.local/lib/python3.12/site-packages/airflow/example_dags/example_latest_only_with_trigger.py for tasks to queue
[2024-08-20T03:53:15.211+0000] {logging_mixin.py:190} INFO - [2024-08-20T03:53:15.210+0000] {dagbag.py:587} INFO - Filling up the DagBag from /home/airflow/.local/lib/python3.12/site-packages/airflow/example_dags/example_latest_only_with_trigger.py
[2024-08-20T03:53:15.217+0000] {processor.py:925} INFO - DAG(s) 'latest_only_with_trigger' retrieved from /home/airflow/.local/lib/python3.12/site-packages/airflow/example_dags/example_latest_only_with_trigger.py
[2024-08-20T03:53:15.235+0000] {logging_mixin.py:190} INFO - [2024-08-20T03:53:15.234+0000] {dag.py:3211} INFO - Sync 1 DAGs
[2024-08-20T03:53:15.262+0000] {logging_mixin.py:190} INFO - [2024-08-20T03:53:15.262+0000] {dag.py:4138} INFO - Setting next_dagrun for latest_only_with_trigger to 2024-08-19 20:00:00+00:00, run_after=2024-08-20 00:00:00+00:00
[2024-08-20T03:53:15.288+0000] {processor.py:208} INFO - Processing /home/airflow/.local/lib/python3.12/site-packages/airflow/example_dags/example_latest_only_with_trigger.py took 0.088 seconds
[2024-08-20T03:53:45.593+0000] {processor.py:186} INFO - Started process (PID=390) to work on /home/airflow/.local/lib/python3.12/site-packages/airflow/example_dags/example_latest_only_with_trigger.py
[2024-08-20T03:53:45.595+0000] {processor.py:914} INFO - Processing file /home/airflow/.local/lib/python3.12/site-packages/airflow/example_dags/example_latest_only_with_trigger.py for tasks to queue
[2024-08-20T03:53:45.598+0000] {logging_mixin.py:190} INFO - [2024-08-20T03:53:45.598+0000] {dagbag.py:587} INFO - Filling up the DagBag from /home/airflow/.local/lib/python3.12/site-packages/airflow/example_dags/example_latest_only_with_trigger.py
[2024-08-20T03:53:45.607+0000] {processor.py:925} INFO - DAG(s) 'latest_only_with_trigger' retrieved from /home/airflow/.local/lib/python3.12/site-packages/airflow/example_dags/example_latest_only_with_trigger.py
[2024-08-20T03:53:45.630+0000] {logging_mixin.py:190} INFO - [2024-08-20T03:53:45.629+0000] {dag.py:3211} INFO - Sync 1 DAGs
[2024-08-20T03:53:45.660+0000] {logging_mixin.py:190} INFO - [2024-08-20T03:53:45.660+0000] {dag.py:4138} INFO - Setting next_dagrun for latest_only_with_trigger to 2024-08-19 20:00:00+00:00, run_after=2024-08-20 00:00:00+00:00
[2024-08-20T03:53:45.681+0000] {processor.py:208} INFO - Processing /home/airflow/.local/lib/python3.12/site-packages/airflow/example_dags/example_latest_only_with_trigger.py took 0.097 seconds
[2024-08-20T03:54:16.149+0000] {processor.py:186} INFO - Started process (PID=452) to work on /home/airflow/.local/lib/python3.12/site-packages/airflow/example_dags/example_latest_only_with_trigger.py
[2024-08-20T03:54:16.151+0000] {processor.py:914} INFO - Processing file /home/airflow/.local/lib/python3.12/site-packages/airflow/example_dags/example_latest_only_with_trigger.py for tasks to queue
[2024-08-20T03:54:16.154+0000] {logging_mixin.py:190} INFO - [2024-08-20T03:54:16.154+0000] {dagbag.py:587} INFO - Filling up the DagBag from /home/airflow/.local/lib/python3.12/site-packages/airflow/example_dags/example_latest_only_with_trigger.py
[2024-08-20T03:54:16.161+0000] {processor.py:925} INFO - DAG(s) 'latest_only_with_trigger' retrieved from /home/airflow/.local/lib/python3.12/site-packages/airflow/example_dags/example_latest_only_with_trigger.py
[2024-08-20T03:54:16.186+0000] {logging_mixin.py:190} INFO - [2024-08-20T03:54:16.186+0000] {dag.py:3211} INFO - Sync 1 DAGs
[2024-08-20T03:54:16.211+0000] {logging_mixin.py:190} INFO - [2024-08-20T03:54:16.210+0000] {dag.py:4138} INFO - Setting next_dagrun for latest_only_with_trigger to 2024-08-19 20:00:00+00:00, run_after=2024-08-20 00:00:00+00:00
[2024-08-20T03:54:16.235+0000] {processor.py:208} INFO - Processing /home/airflow/.local/lib/python3.12/site-packages/airflow/example_dags/example_latest_only_with_trigger.py took 0.091 seconds
[2024-08-20T03:54:46.561+0000] {processor.py:186} INFO - Started process (PID=514) to work on /home/airflow/.local/lib/python3.12/site-packages/airflow/example_dags/example_latest_only_with_trigger.py
[2024-08-20T03:54:46.562+0000] {processor.py:914} INFO - Processing file /home/airflow/.local/lib/python3.12/site-packages/airflow/example_dags/example_latest_only_with_trigger.py for tasks to queue
[2024-08-20T03:54:46.568+0000] {logging_mixin.py:190} INFO - [2024-08-20T03:54:46.568+0000] {dagbag.py:587} INFO - Filling up the DagBag from /home/airflow/.local/lib/python3.12/site-packages/airflow/example_dags/example_latest_only_with_trigger.py
[2024-08-20T03:54:46.579+0000] {processor.py:925} INFO - DAG(s) 'latest_only_with_trigger' retrieved from /home/airflow/.local/lib/python3.12/site-packages/airflow/example_dags/example_latest_only_with_trigger.py
[2024-08-20T03:54:46.616+0000] {logging_mixin.py:190} INFO - [2024-08-20T03:54:46.615+0000] {dag.py:3211} INFO - Sync 1 DAGs
[2024-08-20T03:54:46.645+0000] {logging_mixin.py:190} INFO - [2024-08-20T03:54:46.644+0000] {dag.py:4138} INFO - Setting next_dagrun for latest_only_with_trigger to 2024-08-19 20:00:00+00:00, run_after=2024-08-20 00:00:00+00:00
[2024-08-20T03:54:46.673+0000] {processor.py:208} INFO - Processing /home/airflow/.local/lib/python3.12/site-packages/airflow/example_dags/example_latest_only_with_trigger.py took 0.120 seconds
[2024-08-20T03:55:17.096+0000] {processor.py:186} INFO - Started process (PID=576) to work on /home/airflow/.local/lib/python3.12/site-packages/airflow/example_dags/example_latest_only_with_trigger.py
[2024-08-20T03:55:17.099+0000] {processor.py:914} INFO - Processing file /home/airflow/.local/lib/python3.12/site-packages/airflow/example_dags/example_latest_only_with_trigger.py for tasks to queue
[2024-08-20T03:55:17.104+0000] {logging_mixin.py:190} INFO - [2024-08-20T03:55:17.103+0000] {dagbag.py:587} INFO - Filling up the DagBag from /home/airflow/.local/lib/python3.12/site-packages/airflow/example_dags/example_latest_only_with_trigger.py
[2024-08-20T03:55:17.113+0000] {processor.py:925} INFO - DAG(s) 'latest_only_with_trigger' retrieved from /home/airflow/.local/lib/python3.12/site-packages/airflow/example_dags/example_latest_only_with_trigger.py
[2024-08-20T03:55:17.140+0000] {logging_mixin.py:190} INFO - [2024-08-20T03:55:17.140+0000] {dag.py:3211} INFO - Sync 1 DAGs
[2024-08-20T03:55:17.170+0000] {logging_mixin.py:190} INFO - [2024-08-20T03:55:17.170+0000] {dag.py:4138} INFO - Setting next_dagrun for latest_only_with_trigger to 2024-08-19 20:00:00+00:00, run_after=2024-08-20 00:00:00+00:00
[2024-08-20T03:55:17.192+0000] {processor.py:208} INFO - Processing /home/airflow/.local/lib/python3.12/site-packages/airflow/example_dags/example_latest_only_with_trigger.py took 0.103 seconds
[2024-08-20T03:55:47.513+0000] {processor.py:186} INFO - Started process (PID=638) to work on /home/airflow/.local/lib/python3.12/site-packages/airflow/example_dags/example_latest_only_with_trigger.py
[2024-08-20T03:55:47.514+0000] {processor.py:914} INFO - Processing file /home/airflow/.local/lib/python3.12/site-packages/airflow/example_dags/example_latest_only_with_trigger.py for tasks to queue
[2024-08-20T03:55:47.517+0000] {logging_mixin.py:190} INFO - [2024-08-20T03:55:47.517+0000] {dagbag.py:587} INFO - Filling up the DagBag from /home/airflow/.local/lib/python3.12/site-packages/airflow/example_dags/example_latest_only_with_trigger.py
[2024-08-20T03:55:47.526+0000] {processor.py:925} INFO - DAG(s) 'latest_only_with_trigger' retrieved from /home/airflow/.local/lib/python3.12/site-packages/airflow/example_dags/example_latest_only_with_trigger.py
[2024-08-20T03:55:47.557+0000] {logging_mixin.py:190} INFO - [2024-08-20T03:55:47.557+0000] {dag.py:3211} INFO - Sync 1 DAGs
[2024-08-20T03:55:47.593+0000] {logging_mixin.py:190} INFO - [2024-08-20T03:55:47.592+0000] {dag.py:4138} INFO - Setting next_dagrun for latest_only_with_trigger to 2024-08-19 20:00:00+00:00, run_after=2024-08-20 00:00:00+00:00
[2024-08-20T03:55:47.617+0000] {processor.py:208} INFO - Processing /home/airflow/.local/lib/python3.12/site-packages/airflow/example_dags/example_latest_only_with_trigger.py took 0.111 seconds
[2024-08-20T03:56:17.965+0000] {processor.py:186} INFO - Started process (PID=700) to work on /home/airflow/.local/lib/python3.12/site-packages/airflow/example_dags/example_latest_only_with_trigger.py
[2024-08-20T03:56:17.966+0000] {processor.py:914} INFO - Processing file /home/airflow/.local/lib/python3.12/site-packages/airflow/example_dags/example_latest_only_with_trigger.py for tasks to queue
[2024-08-20T03:56:17.969+0000] {logging_mixin.py:190} INFO - [2024-08-20T03:56:17.968+0000] {dagbag.py:587} INFO - Filling up the DagBag from /home/airflow/.local/lib/python3.12/site-packages/airflow/example_dags/example_latest_only_with_trigger.py
[2024-08-20T03:56:17.978+0000] {processor.py:925} INFO - DAG(s) 'latest_only_with_trigger' retrieved from /home/airflow/.local/lib/python3.12/site-packages/airflow/example_dags/example_latest_only_with_trigger.py
[2024-08-20T03:56:17.999+0000] {logging_mixin.py:190} INFO - [2024-08-20T03:56:17.998+0000] {dag.py:3211} INFO - Sync 1 DAGs
[2024-08-20T03:56:18.028+0000] {logging_mixin.py:190} INFO - [2024-08-20T03:56:18.028+0000] {dag.py:4138} INFO - Setting next_dagrun for latest_only_with_trigger to 2024-08-19 20:00:00+00:00, run_after=2024-08-20 00:00:00+00:00
[2024-08-20T03:56:18.053+0000] {processor.py:208} INFO - Processing /home/airflow/.local/lib/python3.12/site-packages/airflow/example_dags/example_latest_only_with_trigger.py took 0.095 seconds
[2024-08-20T03:56:48.377+0000] {processor.py:186} INFO - Started process (PID=762) to work on /home/airflow/.local/lib/python3.12/site-packages/airflow/example_dags/example_latest_only_with_trigger.py
[2024-08-20T03:56:48.378+0000] {processor.py:914} INFO - Processing file /home/airflow/.local/lib/python3.12/site-packages/airflow/example_dags/example_latest_only_with_trigger.py for tasks to queue
[2024-08-20T03:56:48.381+0000] {logging_mixin.py:190} INFO - [2024-08-20T03:56:48.381+0000] {dagbag.py:587} INFO - Filling up the DagBag from /home/airflow/.local/lib/python3.12/site-packages/airflow/example_dags/example_latest_only_with_trigger.py
[2024-08-20T03:56:48.390+0000] {processor.py:925} INFO - DAG(s) 'latest_only_with_trigger' retrieved from /home/airflow/.local/lib/python3.12/site-packages/airflow/example_dags/example_latest_only_with_trigger.py
[2024-08-20T03:56:48.413+0000] {logging_mixin.py:190} INFO - [2024-08-20T03:56:48.413+0000] {dag.py:3211} INFO - Sync 1 DAGs
[2024-08-20T03:56:48.435+0000] {logging_mixin.py:190} INFO - [2024-08-20T03:56:48.435+0000] {dag.py:4138} INFO - Setting next_dagrun for latest_only_with_trigger to 2024-08-19 20:00:00+00:00, run_after=2024-08-20 00:00:00+00:00
[2024-08-20T03:56:48.451+0000] {processor.py:208} INFO - Processing /home/airflow/.local/lib/python3.12/site-packages/airflow/example_dags/example_latest_only_with_trigger.py took 0.081 seconds
[2024-08-20T03:57:18.814+0000] {processor.py:186} INFO - Started process (PID=824) to work on /home/airflow/.local/lib/python3.12/site-packages/airflow/example_dags/example_latest_only_with_trigger.py
[2024-08-20T03:57:18.816+0000] {processor.py:914} INFO - Processing file /home/airflow/.local/lib/python3.12/site-packages/airflow/example_dags/example_latest_only_with_trigger.py for tasks to queue
[2024-08-20T03:57:18.818+0000] {logging_mixin.py:190} INFO - [2024-08-20T03:57:18.818+0000] {dagbag.py:587} INFO - Filling up the DagBag from /home/airflow/.local/lib/python3.12/site-packages/airflow/example_dags/example_latest_only_with_trigger.py
[2024-08-20T03:57:18.828+0000] {processor.py:925} INFO - DAG(s) 'latest_only_with_trigger' retrieved from /home/airflow/.local/lib/python3.12/site-packages/airflow/example_dags/example_latest_only_with_trigger.py
[2024-08-20T03:57:18.852+0000] {logging_mixin.py:190} INFO - [2024-08-20T03:57:18.851+0000] {dag.py:3211} INFO - Sync 1 DAGs
[2024-08-20T03:57:18.875+0000] {logging_mixin.py:190} INFO - [2024-08-20T03:57:18.874+0000] {dag.py:4138} INFO - Setting next_dagrun for latest_only_with_trigger to 2024-08-19 20:00:00+00:00, run_after=2024-08-20 00:00:00+00:00
[2024-08-20T03:57:18.893+0000] {processor.py:208} INFO - Processing /home/airflow/.local/lib/python3.12/site-packages/airflow/example_dags/example_latest_only_with_trigger.py took 0.086 seconds
[2024-08-20T03:57:49.771+0000] {processor.py:186} INFO - Started process (PID=886) to work on /home/airflow/.local/lib/python3.12/site-packages/airflow/example_dags/example_latest_only_with_trigger.py
[2024-08-20T03:57:49.772+0000] {processor.py:914} INFO - Processing file /home/airflow/.local/lib/python3.12/site-packages/airflow/example_dags/example_latest_only_with_trigger.py for tasks to queue
[2024-08-20T03:57:49.776+0000] {logging_mixin.py:190} INFO - [2024-08-20T03:57:49.775+0000] {dagbag.py:587} INFO - Filling up the DagBag from /home/airflow/.local/lib/python3.12/site-packages/airflow/example_dags/example_latest_only_with_trigger.py
[2024-08-20T03:57:49.788+0000] {processor.py:925} INFO - DAG(s) 'latest_only_with_trigger' retrieved from /home/airflow/.local/lib/python3.12/site-packages/airflow/example_dags/example_latest_only_with_trigger.py
[2024-08-20T03:57:49.822+0000] {logging_mixin.py:190} INFO - [2024-08-20T03:57:49.822+0000] {dag.py:3211} INFO - Sync 1 DAGs
[2024-08-20T03:57:49.858+0000] {logging_mixin.py:190} INFO - [2024-08-20T03:57:49.858+0000] {dag.py:4138} INFO - Setting next_dagrun for latest_only_with_trigger to 2024-08-19 20:00:00+00:00, run_after=2024-08-20 00:00:00+00:00
[2024-08-20T03:57:49.887+0000] {processor.py:208} INFO - Processing /home/airflow/.local/lib/python3.12/site-packages/airflow/example_dags/example_latest_only_with_trigger.py took 0.126 seconds
[2024-08-20T03:58:20.028+0000] {processor.py:186} INFO - Started process (PID=948) to work on /home/airflow/.local/lib/python3.12/site-packages/airflow/example_dags/example_latest_only_with_trigger.py
[2024-08-20T03:58:20.029+0000] {processor.py:914} INFO - Processing file /home/airflow/.local/lib/python3.12/site-packages/airflow/example_dags/example_latest_only_with_trigger.py for tasks to queue
[2024-08-20T03:58:20.032+0000] {logging_mixin.py:190} INFO - [2024-08-20T03:58:20.032+0000] {dagbag.py:587} INFO - Filling up the DagBag from /home/airflow/.local/lib/python3.12/site-packages/airflow/example_dags/example_latest_only_with_trigger.py
[2024-08-20T03:58:20.039+0000] {processor.py:925} INFO - DAG(s) 'latest_only_with_trigger' retrieved from /home/airflow/.local/lib/python3.12/site-packages/airflow/example_dags/example_latest_only_with_trigger.py
[2024-08-20T03:58:20.060+0000] {logging_mixin.py:190} INFO - [2024-08-20T03:58:20.059+0000] {dag.py:3211} INFO - Sync 1 DAGs
[2024-08-20T03:58:20.086+0000] {logging_mixin.py:190} INFO - [2024-08-20T03:58:20.085+0000] {dag.py:4138} INFO - Setting next_dagrun for latest_only_with_trigger to 2024-08-19 20:00:00+00:00, run_after=2024-08-20 00:00:00+00:00
[2024-08-20T03:58:20.105+0000] {processor.py:208} INFO - Processing /home/airflow/.local/lib/python3.12/site-packages/airflow/example_dags/example_latest_only_with_trigger.py took 0.083 seconds
[2024-08-20T03:58:50.684+0000] {processor.py:186} INFO - Started process (PID=1010) to work on /home/airflow/.local/lib/python3.12/site-packages/airflow/example_dags/example_latest_only_with_trigger.py
[2024-08-20T03:58:50.686+0000] {processor.py:914} INFO - Processing file /home/airflow/.local/lib/python3.12/site-packages/airflow/example_dags/example_latest_only_with_trigger.py for tasks to queue
[2024-08-20T03:58:50.689+0000] {logging_mixin.py:190} INFO - [2024-08-20T03:58:50.689+0000] {dagbag.py:587} INFO - Filling up the DagBag from /home/airflow/.local/lib/python3.12/site-packages/airflow/example_dags/example_latest_only_with_trigger.py
[2024-08-20T03:58:50.697+0000] {processor.py:925} INFO - DAG(s) 'latest_only_with_trigger' retrieved from /home/airflow/.local/lib/python3.12/site-packages/airflow/example_dags/example_latest_only_with_trigger.py
[2024-08-20T03:58:50.722+0000] {logging_mixin.py:190} INFO - [2024-08-20T03:58:50.722+0000] {dag.py:3211} INFO - Sync 1 DAGs
[2024-08-20T03:58:50.749+0000] {logging_mixin.py:190} INFO - [2024-08-20T03:58:50.749+0000] {dag.py:4138} INFO - Setting next_dagrun for latest_only_with_trigger to 2024-08-19 20:00:00+00:00, run_after=2024-08-20 00:00:00+00:00
[2024-08-20T03:58:50.769+0000] {processor.py:208} INFO - Processing /home/airflow/.local/lib/python3.12/site-packages/airflow/example_dags/example_latest_only_with_trigger.py took 0.092 seconds
[2024-08-20T03:59:21.292+0000] {processor.py:186} INFO - Started process (PID=1072) to work on /home/airflow/.local/lib/python3.12/site-packages/airflow/example_dags/example_latest_only_with_trigger.py
[2024-08-20T03:59:21.293+0000] {processor.py:914} INFO - Processing file /home/airflow/.local/lib/python3.12/site-packages/airflow/example_dags/example_latest_only_with_trigger.py for tasks to queue
[2024-08-20T03:59:21.296+0000] {logging_mixin.py:190} INFO - [2024-08-20T03:59:21.296+0000] {dagbag.py:587} INFO - Filling up the DagBag from /home/airflow/.local/lib/python3.12/site-packages/airflow/example_dags/example_latest_only_with_trigger.py
[2024-08-20T03:59:21.306+0000] {processor.py:925} INFO - DAG(s) 'latest_only_with_trigger' retrieved from /home/airflow/.local/lib/python3.12/site-packages/airflow/example_dags/example_latest_only_with_trigger.py
[2024-08-20T03:59:21.331+0000] {logging_mixin.py:190} INFO - [2024-08-20T03:59:21.331+0000] {dag.py:3211} INFO - Sync 1 DAGs
[2024-08-20T03:59:21.357+0000] {logging_mixin.py:190} INFO - [2024-08-20T03:59:21.356+0000] {dag.py:4138} INFO - Setting next_dagrun for latest_only_with_trigger to 2024-08-19 20:00:00+00:00, run_after=2024-08-20 00:00:00+00:00
[2024-08-20T03:59:21.379+0000] {processor.py:208} INFO - Processing /home/airflow/.local/lib/python3.12/site-packages/airflow/example_dags/example_latest_only_with_trigger.py took 0.093 seconds
[2024-08-20T03:59:52.631+0000] {processor.py:186} INFO - Started process (PID=1134) to work on /home/airflow/.local/lib/python3.12/site-packages/airflow/example_dags/example_latest_only_with_trigger.py
[2024-08-20T03:59:52.632+0000] {processor.py:914} INFO - Processing file /home/airflow/.local/lib/python3.12/site-packages/airflow/example_dags/example_latest_only_with_trigger.py for tasks to queue
[2024-08-20T03:59:52.635+0000] {logging_mixin.py:190} INFO - [2024-08-20T03:59:52.635+0000] {dagbag.py:587} INFO - Filling up the DagBag from /home/airflow/.local/lib/python3.12/site-packages/airflow/example_dags/example_latest_only_with_trigger.py
[2024-08-20T03:59:52.644+0000] {processor.py:925} INFO - DAG(s) 'latest_only_with_trigger' retrieved from /home/airflow/.local/lib/python3.12/site-packages/airflow/example_dags/example_latest_only_with_trigger.py
[2024-08-20T03:59:52.675+0000] {logging_mixin.py:190} INFO - [2024-08-20T03:59:52.674+0000] {dag.py:3211} INFO - Sync 1 DAGs
[2024-08-20T03:59:52.705+0000] {logging_mixin.py:190} INFO - [2024-08-20T03:59:52.705+0000] {dag.py:4138} INFO - Setting next_dagrun for latest_only_with_trigger to 2024-08-19 20:00:00+00:00, run_after=2024-08-20 00:00:00+00:00
[2024-08-20T03:59:52.734+0000] {processor.py:208} INFO - Processing /home/airflow/.local/lib/python3.12/site-packages/airflow/example_dags/example_latest_only_with_trigger.py took 0.112 seconds
[2024-08-20T04:00:23.107+0000] {processor.py:186} INFO - Started process (PID=1196) to work on /home/airflow/.local/lib/python3.12/site-packages/airflow/example_dags/example_latest_only_with_trigger.py
[2024-08-20T04:00:23.108+0000] {processor.py:914} INFO - Processing file /home/airflow/.local/lib/python3.12/site-packages/airflow/example_dags/example_latest_only_with_trigger.py for tasks to queue
[2024-08-20T04:00:23.112+0000] {logging_mixin.py:190} INFO - [2024-08-20T04:00:23.111+0000] {dagbag.py:587} INFO - Filling up the DagBag from /home/airflow/.local/lib/python3.12/site-packages/airflow/example_dags/example_latest_only_with_trigger.py
[2024-08-20T04:00:23.120+0000] {processor.py:925} INFO - DAG(s) 'latest_only_with_trigger' retrieved from /home/airflow/.local/lib/python3.12/site-packages/airflow/example_dags/example_latest_only_with_trigger.py
[2024-08-20T04:00:23.143+0000] {logging_mixin.py:190} INFO - [2024-08-20T04:00:23.143+0000] {dag.py:3211} INFO - Sync 1 DAGs
[2024-08-20T04:00:23.167+0000] {logging_mixin.py:190} INFO - [2024-08-20T04:00:23.167+0000] {dag.py:4138} INFO - Setting next_dagrun for latest_only_with_trigger to 2024-08-20 00:00:00+00:00, run_after=2024-08-20 04:00:00+00:00
[2024-08-20T04:00:23.186+0000] {processor.py:208} INFO - Processing /home/airflow/.local/lib/python3.12/site-packages/airflow/example_dags/example_latest_only_with_trigger.py took 0.087 seconds
[2024-08-20T04:00:54.269+0000] {processor.py:186} INFO - Started process (PID=1258) to work on /home/airflow/.local/lib/python3.12/site-packages/airflow/example_dags/example_latest_only_with_trigger.py
[2024-08-20T04:00:54.271+0000] {processor.py:914} INFO - Processing file /home/airflow/.local/lib/python3.12/site-packages/airflow/example_dags/example_latest_only_with_trigger.py for tasks to queue
[2024-08-20T04:00:54.274+0000] {logging_mixin.py:190} INFO - [2024-08-20T04:00:54.273+0000] {dagbag.py:587} INFO - Filling up the DagBag from /home/airflow/.local/lib/python3.12/site-packages/airflow/example_dags/example_latest_only_with_trigger.py
[2024-08-20T04:00:54.284+0000] {processor.py:925} INFO - DAG(s) 'latest_only_with_trigger' retrieved from /home/airflow/.local/lib/python3.12/site-packages/airflow/example_dags/example_latest_only_with_trigger.py
[2024-08-20T04:00:54.308+0000] {logging_mixin.py:190} INFO - [2024-08-20T04:00:54.308+0000] {dag.py:3211} INFO - Sync 1 DAGs
[2024-08-20T04:00:54.335+0000] {logging_mixin.py:190} INFO - [2024-08-20T04:00:54.335+0000] {dag.py:4138} INFO - Setting next_dagrun for latest_only_with_trigger to 2024-08-20 00:00:00+00:00, run_after=2024-08-20 04:00:00+00:00
[2024-08-20T04:00:54.355+0000] {processor.py:208} INFO - Processing /home/airflow/.local/lib/python3.12/site-packages/airflow/example_dags/example_latest_only_with_trigger.py took 0.092 seconds
[2024-08-20T04:01:24.871+0000] {processor.py:186} INFO - Started process (PID=1320) to work on /home/airflow/.local/lib/python3.12/site-packages/airflow/example_dags/example_latest_only_with_trigger.py
[2024-08-20T04:01:24.872+0000] {processor.py:914} INFO - Processing file /home/airflow/.local/lib/python3.12/site-packages/airflow/example_dags/example_latest_only_with_trigger.py for tasks to queue
[2024-08-20T04:01:24.876+0000] {logging_mixin.py:190} INFO - [2024-08-20T04:01:24.875+0000] {dagbag.py:587} INFO - Filling up the DagBag from /home/airflow/.local/lib/python3.12/site-packages/airflow/example_dags/example_latest_only_with_trigger.py
[2024-08-20T04:01:24.889+0000] {processor.py:925} INFO - DAG(s) 'latest_only_with_trigger' retrieved from /home/airflow/.local/lib/python3.12/site-packages/airflow/example_dags/example_latest_only_with_trigger.py
[2024-08-20T04:01:24.919+0000] {logging_mixin.py:190} INFO - [2024-08-20T04:01:24.919+0000] {dag.py:3211} INFO - Sync 1 DAGs
[2024-08-20T04:01:24.960+0000] {logging_mixin.py:190} INFO - [2024-08-20T04:01:24.959+0000] {dag.py:4138} INFO - Setting next_dagrun for latest_only_with_trigger to 2024-08-20 00:00:00+00:00, run_after=2024-08-20 04:00:00+00:00
[2024-08-20T04:01:24.990+0000] {processor.py:208} INFO - Processing /home/airflow/.local/lib/python3.12/site-packages/airflow/example_dags/example_latest_only_with_trigger.py took 0.128 seconds
[2024-08-20T04:01:55.163+0000] {processor.py:186} INFO - Started process (PID=1382) to work on /home/airflow/.local/lib/python3.12/site-packages/airflow/example_dags/example_latest_only_with_trigger.py
[2024-08-20T04:01:55.164+0000] {processor.py:914} INFO - Processing file /home/airflow/.local/lib/python3.12/site-packages/airflow/example_dags/example_latest_only_with_trigger.py for tasks to queue
[2024-08-20T04:01:55.167+0000] {logging_mixin.py:190} INFO - [2024-08-20T04:01:55.167+0000] {dagbag.py:587} INFO - Filling up the DagBag from /home/airflow/.local/lib/python3.12/site-packages/airflow/example_dags/example_latest_only_with_trigger.py
[2024-08-20T04:01:55.176+0000] {processor.py:925} INFO - DAG(s) 'latest_only_with_trigger' retrieved from /home/airflow/.local/lib/python3.12/site-packages/airflow/example_dags/example_latest_only_with_trigger.py
[2024-08-20T04:01:55.206+0000] {logging_mixin.py:190} INFO - [2024-08-20T04:01:55.206+0000] {dag.py:3211} INFO - Sync 1 DAGs
[2024-08-20T04:01:55.235+0000] {logging_mixin.py:190} INFO - [2024-08-20T04:01:55.235+0000] {dag.py:4138} INFO - Setting next_dagrun for latest_only_with_trigger to 2024-08-20 00:00:00+00:00, run_after=2024-08-20 04:00:00+00:00
[2024-08-20T04:01:55.259+0000] {processor.py:208} INFO - Processing /home/airflow/.local/lib/python3.12/site-packages/airflow/example_dags/example_latest_only_with_trigger.py took 0.103 seconds
[2024-08-20T04:02:26.168+0000] {processor.py:186} INFO - Started process (PID=1444) to work on /home/airflow/.local/lib/python3.12/site-packages/airflow/example_dags/example_latest_only_with_trigger.py
[2024-08-20T04:02:26.170+0000] {processor.py:914} INFO - Processing file /home/airflow/.local/lib/python3.12/site-packages/airflow/example_dags/example_latest_only_with_trigger.py for tasks to queue
[2024-08-20T04:02:26.173+0000] {logging_mixin.py:190} INFO - [2024-08-20T04:02:26.172+0000] {dagbag.py:587} INFO - Filling up the DagBag from /home/airflow/.local/lib/python3.12/site-packages/airflow/example_dags/example_latest_only_with_trigger.py
[2024-08-20T04:02:26.181+0000] {processor.py:925} INFO - DAG(s) 'latest_only_with_trigger' retrieved from /home/airflow/.local/lib/python3.12/site-packages/airflow/example_dags/example_latest_only_with_trigger.py
[2024-08-20T04:02:26.202+0000] {logging_mixin.py:190} INFO - [2024-08-20T04:02:26.202+0000] {dag.py:3211} INFO - Sync 1 DAGs
[2024-08-20T04:02:26.224+0000] {logging_mixin.py:190} INFO - [2024-08-20T04:02:26.224+0000] {dag.py:4138} INFO - Setting next_dagrun for latest_only_with_trigger to 2024-08-20 00:00:00+00:00, run_after=2024-08-20 04:00:00+00:00
[2024-08-20T04:02:26.243+0000] {processor.py:208} INFO - Processing /home/airflow/.local/lib/python3.12/site-packages/airflow/example_dags/example_latest_only_with_trigger.py took 0.080 seconds
[2024-08-20T04:02:56.968+0000] {processor.py:186} INFO - Started process (PID=1506) to work on /home/airflow/.local/lib/python3.12/site-packages/airflow/example_dags/example_latest_only_with_trigger.py
[2024-08-20T04:02:56.969+0000] {processor.py:914} INFO - Processing file /home/airflow/.local/lib/python3.12/site-packages/airflow/example_dags/example_latest_only_with_trigger.py for tasks to queue
[2024-08-20T04:02:56.972+0000] {logging_mixin.py:190} INFO - [2024-08-20T04:02:56.972+0000] {dagbag.py:587} INFO - Filling up the DagBag from /home/airflow/.local/lib/python3.12/site-packages/airflow/example_dags/example_latest_only_with_trigger.py
[2024-08-20T04:02:56.982+0000] {processor.py:925} INFO - DAG(s) 'latest_only_with_trigger' retrieved from /home/airflow/.local/lib/python3.12/site-packages/airflow/example_dags/example_latest_only_with_trigger.py
[2024-08-20T04:02:57.007+0000] {logging_mixin.py:190} INFO - [2024-08-20T04:02:57.006+0000] {dag.py:3211} INFO - Sync 1 DAGs
[2024-08-20T04:02:57.034+0000] {logging_mixin.py:190} INFO - [2024-08-20T04:02:57.034+0000] {dag.py:4138} INFO - Setting next_dagrun for latest_only_with_trigger to 2024-08-20 00:00:00+00:00, run_after=2024-08-20 04:00:00+00:00
[2024-08-20T04:02:57.058+0000] {processor.py:208} INFO - Processing /home/airflow/.local/lib/python3.12/site-packages/airflow/example_dags/example_latest_only_with_trigger.py took 0.098 seconds
[2024-08-20T04:03:27.571+0000] {processor.py:186} INFO - Started process (PID=1568) to work on /home/airflow/.local/lib/python3.12/site-packages/airflow/example_dags/example_latest_only_with_trigger.py
[2024-08-20T04:03:27.572+0000] {processor.py:914} INFO - Processing file /home/airflow/.local/lib/python3.12/site-packages/airflow/example_dags/example_latest_only_with_trigger.py for tasks to queue
[2024-08-20T04:03:27.576+0000] {logging_mixin.py:190} INFO - [2024-08-20T04:03:27.575+0000] {dagbag.py:587} INFO - Filling up the DagBag from /home/airflow/.local/lib/python3.12/site-packages/airflow/example_dags/example_latest_only_with_trigger.py
[2024-08-20T04:03:27.585+0000] {processor.py:925} INFO - DAG(s) 'latest_only_with_trigger' retrieved from /home/airflow/.local/lib/python3.12/site-packages/airflow/example_dags/example_latest_only_with_trigger.py
[2024-08-20T04:03:27.610+0000] {logging_mixin.py:190} INFO - [2024-08-20T04:03:27.610+0000] {dag.py:3211} INFO - Sync 1 DAGs
[2024-08-20T04:03:27.636+0000] {logging_mixin.py:190} INFO - [2024-08-20T04:03:27.636+0000] {dag.py:4138} INFO - Setting next_dagrun for latest_only_with_trigger to 2024-08-20 00:00:00+00:00, run_after=2024-08-20 04:00:00+00:00
[2024-08-20T04:03:27.657+0000] {processor.py:208} INFO - Processing /home/airflow/.local/lib/python3.12/site-packages/airflow/example_dags/example_latest_only_with_trigger.py took 0.092 seconds
[2024-08-20T04:03:58.767+0000] {processor.py:186} INFO - Started process (PID=1630) to work on /home/airflow/.local/lib/python3.12/site-packages/airflow/example_dags/example_latest_only_with_trigger.py
[2024-08-20T04:03:58.768+0000] {processor.py:914} INFO - Processing file /home/airflow/.local/lib/python3.12/site-packages/airflow/example_dags/example_latest_only_with_trigger.py for tasks to queue
[2024-08-20T04:03:58.772+0000] {logging_mixin.py:190} INFO - [2024-08-20T04:03:58.771+0000] {dagbag.py:587} INFO - Filling up the DagBag from /home/airflow/.local/lib/python3.12/site-packages/airflow/example_dags/example_latest_only_with_trigger.py
[2024-08-20T04:03:58.781+0000] {processor.py:925} INFO - DAG(s) 'latest_only_with_trigger' retrieved from /home/airflow/.local/lib/python3.12/site-packages/airflow/example_dags/example_latest_only_with_trigger.py
[2024-08-20T04:03:58.811+0000] {logging_mixin.py:190} INFO - [2024-08-20T04:03:58.811+0000] {dag.py:3211} INFO - Sync 1 DAGs
[2024-08-20T04:03:58.851+0000] {logging_mixin.py:190} INFO - [2024-08-20T04:03:58.851+0000] {dag.py:4138} INFO - Setting next_dagrun for latest_only_with_trigger to 2024-08-20 00:00:00+00:00, run_after=2024-08-20 04:00:00+00:00
[2024-08-20T04:03:58.884+0000] {processor.py:208} INFO - Processing /home/airflow/.local/lib/python3.12/site-packages/airflow/example_dags/example_latest_only_with_trigger.py took 0.127 seconds
[2024-08-20T04:04:29.367+0000] {processor.py:186} INFO - Started process (PID=1692) to work on /home/airflow/.local/lib/python3.12/site-packages/airflow/example_dags/example_latest_only_with_trigger.py
[2024-08-20T04:04:29.368+0000] {processor.py:914} INFO - Processing file /home/airflow/.local/lib/python3.12/site-packages/airflow/example_dags/example_latest_only_with_trigger.py for tasks to queue
[2024-08-20T04:04:29.371+0000] {logging_mixin.py:190} INFO - [2024-08-20T04:04:29.370+0000] {dagbag.py:587} INFO - Filling up the DagBag from /home/airflow/.local/lib/python3.12/site-packages/airflow/example_dags/example_latest_only_with_trigger.py
[2024-08-20T04:04:29.378+0000] {processor.py:925} INFO - DAG(s) 'latest_only_with_trigger' retrieved from /home/airflow/.local/lib/python3.12/site-packages/airflow/example_dags/example_latest_only_with_trigger.py
[2024-08-20T04:04:29.399+0000] {logging_mixin.py:190} INFO - [2024-08-20T04:04:29.398+0000] {dag.py:3211} INFO - Sync 1 DAGs
[2024-08-20T04:04:29.419+0000] {logging_mixin.py:190} INFO - [2024-08-20T04:04:29.419+0000] {dag.py:4138} INFO - Setting next_dagrun for latest_only_with_trigger to 2024-08-20 00:00:00+00:00, run_after=2024-08-20 04:00:00+00:00
[2024-08-20T04:04:29.442+0000] {processor.py:208} INFO - Processing /home/airflow/.local/lib/python3.12/site-packages/airflow/example_dags/example_latest_only_with_trigger.py took 0.081 seconds
[2024-08-20T04:05:00.006+0000] {processor.py:186} INFO - Started process (PID=1754) to work on /home/airflow/.local/lib/python3.12/site-packages/airflow/example_dags/example_latest_only_with_trigger.py
[2024-08-20T04:05:00.008+0000] {processor.py:914} INFO - Processing file /home/airflow/.local/lib/python3.12/site-packages/airflow/example_dags/example_latest_only_with_trigger.py for tasks to queue
[2024-08-20T04:05:00.013+0000] {logging_mixin.py:190} INFO - [2024-08-20T04:05:00.012+0000] {dagbag.py:587} INFO - Filling up the DagBag from /home/airflow/.local/lib/python3.12/site-packages/airflow/example_dags/example_latest_only_with_trigger.py
[2024-08-20T04:05:00.025+0000] {processor.py:925} INFO - DAG(s) 'latest_only_with_trigger' retrieved from /home/airflow/.local/lib/python3.12/site-packages/airflow/example_dags/example_latest_only_with_trigger.py
[2024-08-20T04:05:00.065+0000] {logging_mixin.py:190} INFO - [2024-08-20T04:05:00.065+0000] {dag.py:3211} INFO - Sync 1 DAGs
[2024-08-20T04:05:00.114+0000] {logging_mixin.py:190} INFO - [2024-08-20T04:05:00.113+0000] {dag.py:4138} INFO - Setting next_dagrun for latest_only_with_trigger to 2024-08-20 00:00:00+00:00, run_after=2024-08-20 04:00:00+00:00
[2024-08-20T04:05:00.141+0000] {processor.py:208} INFO - Processing /home/airflow/.local/lib/python3.12/site-packages/airflow/example_dags/example_latest_only_with_trigger.py took 0.151 seconds
[2024-08-20T04:05:30.717+0000] {processor.py:186} INFO - Started process (PID=1816) to work on /home/airflow/.local/lib/python3.12/site-packages/airflow/example_dags/example_latest_only_with_trigger.py
[2024-08-20T04:05:30.719+0000] {processor.py:914} INFO - Processing file /home/airflow/.local/lib/python3.12/site-packages/airflow/example_dags/example_latest_only_with_trigger.py for tasks to queue
[2024-08-20T04:05:30.722+0000] {logging_mixin.py:190} INFO - [2024-08-20T04:05:30.722+0000] {dagbag.py:587} INFO - Filling up the DagBag from /home/airflow/.local/lib/python3.12/site-packages/airflow/example_dags/example_latest_only_with_trigger.py
[2024-08-20T04:05:30.734+0000] {processor.py:925} INFO - DAG(s) 'latest_only_with_trigger' retrieved from /home/airflow/.local/lib/python3.12/site-packages/airflow/example_dags/example_latest_only_with_trigger.py
[2024-08-20T04:05:30.764+0000] {logging_mixin.py:190} INFO - [2024-08-20T04:05:30.764+0000] {dag.py:3211} INFO - Sync 1 DAGs
[2024-08-20T04:05:30.812+0000] {logging_mixin.py:190} INFO - [2024-08-20T04:05:30.811+0000] {dag.py:4138} INFO - Setting next_dagrun for latest_only_with_trigger to 2024-08-20 00:00:00+00:00, run_after=2024-08-20 04:00:00+00:00
[2024-08-20T04:05:30.841+0000] {processor.py:208} INFO - Processing /home/airflow/.local/lib/python3.12/site-packages/airflow/example_dags/example_latest_only_with_trigger.py took 0.134 seconds
[2024-08-20T04:06:01.336+0000] {processor.py:186} INFO - Started process (PID=1877) to work on /home/airflow/.local/lib/python3.12/site-packages/airflow/example_dags/example_latest_only_with_trigger.py
[2024-08-20T04:06:01.337+0000] {processor.py:914} INFO - Processing file /home/airflow/.local/lib/python3.12/site-packages/airflow/example_dags/example_latest_only_with_trigger.py for tasks to queue
[2024-08-20T04:06:01.342+0000] {logging_mixin.py:190} INFO - [2024-08-20T04:06:01.341+0000] {dagbag.py:587} INFO - Filling up the DagBag from /home/airflow/.local/lib/python3.12/site-packages/airflow/example_dags/example_latest_only_with_trigger.py
[2024-08-20T04:06:01.353+0000] {processor.py:925} INFO - DAG(s) 'latest_only_with_trigger' retrieved from /home/airflow/.local/lib/python3.12/site-packages/airflow/example_dags/example_latest_only_with_trigger.py
[2024-08-20T04:06:01.392+0000] {logging_mixin.py:190} INFO - [2024-08-20T04:06:01.391+0000] {dag.py:3211} INFO - Sync 1 DAGs
[2024-08-20T04:06:01.440+0000] {logging_mixin.py:190} INFO - [2024-08-20T04:06:01.440+0000] {dag.py:4138} INFO - Setting next_dagrun for latest_only_with_trigger to 2024-08-20 00:00:00+00:00, run_after=2024-08-20 04:00:00+00:00
[2024-08-20T04:06:01.479+0000] {processor.py:208} INFO - Processing /home/airflow/.local/lib/python3.12/site-packages/airflow/example_dags/example_latest_only_with_trigger.py took 0.154 seconds
[2024-08-20T04:06:31.607+0000] {processor.py:186} INFO - Started process (PID=1939) to work on /home/airflow/.local/lib/python3.12/site-packages/airflow/example_dags/example_latest_only_with_trigger.py
[2024-08-20T04:06:31.609+0000] {processor.py:914} INFO - Processing file /home/airflow/.local/lib/python3.12/site-packages/airflow/example_dags/example_latest_only_with_trigger.py for tasks to queue
[2024-08-20T04:06:31.615+0000] {logging_mixin.py:190} INFO - [2024-08-20T04:06:31.615+0000] {dagbag.py:587} INFO - Filling up the DagBag from /home/airflow/.local/lib/python3.12/site-packages/airflow/example_dags/example_latest_only_with_trigger.py
[2024-08-20T04:06:31.629+0000] {processor.py:925} INFO - DAG(s) 'latest_only_with_trigger' retrieved from /home/airflow/.local/lib/python3.12/site-packages/airflow/example_dags/example_latest_only_with_trigger.py
[2024-08-20T04:06:31.669+0000] {logging_mixin.py:190} INFO - [2024-08-20T04:06:31.668+0000] {dag.py:3211} INFO - Sync 1 DAGs
[2024-08-20T04:06:31.709+0000] {logging_mixin.py:190} INFO - [2024-08-20T04:06:31.708+0000] {dag.py:4138} INFO - Setting next_dagrun for latest_only_with_trigger to 2024-08-20 00:00:00+00:00, run_after=2024-08-20 04:00:00+00:00
[2024-08-20T04:06:31.747+0000] {processor.py:208} INFO - Processing /home/airflow/.local/lib/python3.12/site-packages/airflow/example_dags/example_latest_only_with_trigger.py took 0.153 seconds
[2024-08-20T04:07:02.263+0000] {processor.py:186} INFO - Started process (PID=2000) to work on /home/airflow/.local/lib/python3.12/site-packages/airflow/example_dags/example_latest_only_with_trigger.py
[2024-08-20T04:07:02.265+0000] {processor.py:914} INFO - Processing file /home/airflow/.local/lib/python3.12/site-packages/airflow/example_dags/example_latest_only_with_trigger.py for tasks to queue
[2024-08-20T04:07:02.268+0000] {logging_mixin.py:190} INFO - [2024-08-20T04:07:02.267+0000] {dagbag.py:587} INFO - Filling up the DagBag from /home/airflow/.local/lib/python3.12/site-packages/airflow/example_dags/example_latest_only_with_trigger.py
[2024-08-20T04:07:02.279+0000] {processor.py:925} INFO - DAG(s) 'latest_only_with_trigger' retrieved from /home/airflow/.local/lib/python3.12/site-packages/airflow/example_dags/example_latest_only_with_trigger.py
[2024-08-20T04:07:02.307+0000] {logging_mixin.py:190} INFO - [2024-08-20T04:07:02.307+0000] {dag.py:3211} INFO - Sync 1 DAGs
[2024-08-20T04:07:02.339+0000] {logging_mixin.py:190} INFO - [2024-08-20T04:07:02.339+0000] {dag.py:4138} INFO - Setting next_dagrun for latest_only_with_trigger to 2024-08-20 00:00:00+00:00, run_after=2024-08-20 04:00:00+00:00
[2024-08-20T04:07:02.360+0000] {processor.py:208} INFO - Processing /home/airflow/.local/lib/python3.12/site-packages/airflow/example_dags/example_latest_only_with_trigger.py took 0.107 seconds
[2024-08-20T04:07:33.472+0000] {processor.py:186} INFO - Started process (PID=2063) to work on /home/airflow/.local/lib/python3.12/site-packages/airflow/example_dags/example_latest_only_with_trigger.py
[2024-08-20T04:07:33.474+0000] {processor.py:914} INFO - Processing file /home/airflow/.local/lib/python3.12/site-packages/airflow/example_dags/example_latest_only_with_trigger.py for tasks to queue
[2024-08-20T04:07:33.477+0000] {logging_mixin.py:190} INFO - [2024-08-20T04:07:33.476+0000] {dagbag.py:587} INFO - Filling up the DagBag from /home/airflow/.local/lib/python3.12/site-packages/airflow/example_dags/example_latest_only_with_trigger.py
[2024-08-20T04:07:33.487+0000] {processor.py:925} INFO - DAG(s) 'latest_only_with_trigger' retrieved from /home/airflow/.local/lib/python3.12/site-packages/airflow/example_dags/example_latest_only_with_trigger.py
[2024-08-20T04:07:33.513+0000] {logging_mixin.py:190} INFO - [2024-08-20T04:07:33.513+0000] {dag.py:3211} INFO - Sync 1 DAGs
[2024-08-20T04:07:33.543+0000] {logging_mixin.py:190} INFO - [2024-08-20T04:07:33.542+0000] {dag.py:4138} INFO - Setting next_dagrun for latest_only_with_trigger to 2024-08-20 00:00:00+00:00, run_after=2024-08-20 04:00:00+00:00
[2024-08-20T04:07:33.569+0000] {processor.py:208} INFO - Processing /home/airflow/.local/lib/python3.12/site-packages/airflow/example_dags/example_latest_only_with_trigger.py took 0.106 seconds
[2024-08-20T04:08:04.318+0000] {processor.py:186} INFO - Started process (PID=2133) to work on /home/airflow/.local/lib/python3.12/site-packages/airflow/example_dags/example_latest_only_with_trigger.py
[2024-08-20T04:08:04.320+0000] {processor.py:914} INFO - Processing file /home/airflow/.local/lib/python3.12/site-packages/airflow/example_dags/example_latest_only_with_trigger.py for tasks to queue
[2024-08-20T04:08:04.324+0000] {logging_mixin.py:190} INFO - [2024-08-20T04:08:04.323+0000] {dagbag.py:587} INFO - Filling up the DagBag from /home/airflow/.local/lib/python3.12/site-packages/airflow/example_dags/example_latest_only_with_trigger.py
[2024-08-20T04:08:04.337+0000] {processor.py:925} INFO - DAG(s) 'latest_only_with_trigger' retrieved from /home/airflow/.local/lib/python3.12/site-packages/airflow/example_dags/example_latest_only_with_trigger.py
[2024-08-20T04:08:04.363+0000] {logging_mixin.py:190} INFO - [2024-08-20T04:08:04.362+0000] {dag.py:3211} INFO - Sync 1 DAGs
[2024-08-20T04:08:04.392+0000] {logging_mixin.py:190} INFO - [2024-08-20T04:08:04.391+0000] {dag.py:4138} INFO - Setting next_dagrun for latest_only_with_trigger to 2024-08-20 00:00:00+00:00, run_after=2024-08-20 04:00:00+00:00
[2024-08-20T04:08:04.416+0000] {processor.py:208} INFO - Processing /home/airflow/.local/lib/python3.12/site-packages/airflow/example_dags/example_latest_only_with_trigger.py took 0.106 seconds
[2024-08-20T04:08:34.690+0000] {processor.py:186} INFO - Started process (PID=2195) to work on /home/airflow/.local/lib/python3.12/site-packages/airflow/example_dags/example_latest_only_with_trigger.py
[2024-08-20T04:08:34.693+0000] {processor.py:914} INFO - Processing file /home/airflow/.local/lib/python3.12/site-packages/airflow/example_dags/example_latest_only_with_trigger.py for tasks to queue
[2024-08-20T04:08:34.697+0000] {logging_mixin.py:190} INFO - [2024-08-20T04:08:34.696+0000] {dagbag.py:587} INFO - Filling up the DagBag from /home/airflow/.local/lib/python3.12/site-packages/airflow/example_dags/example_latest_only_with_trigger.py
[2024-08-20T04:08:34.709+0000] {processor.py:925} INFO - DAG(s) 'latest_only_with_trigger' retrieved from /home/airflow/.local/lib/python3.12/site-packages/airflow/example_dags/example_latest_only_with_trigger.py
[2024-08-20T04:08:34.742+0000] {logging_mixin.py:190} INFO - [2024-08-20T04:08:34.742+0000] {dag.py:3211} INFO - Sync 1 DAGs
[2024-08-20T04:08:34.781+0000] {logging_mixin.py:190} INFO - [2024-08-20T04:08:34.781+0000] {dag.py:4138} INFO - Setting next_dagrun for latest_only_with_trigger to 2024-08-20 00:00:00+00:00, run_after=2024-08-20 04:00:00+00:00
[2024-08-20T04:08:34.810+0000] {processor.py:208} INFO - Processing /home/airflow/.local/lib/python3.12/site-packages/airflow/example_dags/example_latest_only_with_trigger.py took 0.129 seconds
[2024-08-20T04:09:05.124+0000] {processor.py:186} INFO - Started process (PID=2256) to work on /home/airflow/.local/lib/python3.12/site-packages/airflow/example_dags/example_latest_only_with_trigger.py
[2024-08-20T04:09:05.126+0000] {processor.py:914} INFO - Processing file /home/airflow/.local/lib/python3.12/site-packages/airflow/example_dags/example_latest_only_with_trigger.py for tasks to queue
[2024-08-20T04:09:05.133+0000] {logging_mixin.py:190} INFO - [2024-08-20T04:09:05.132+0000] {dagbag.py:587} INFO - Filling up the DagBag from /home/airflow/.local/lib/python3.12/site-packages/airflow/example_dags/example_latest_only_with_trigger.py
[2024-08-20T04:09:05.148+0000] {processor.py:925} INFO - DAG(s) 'latest_only_with_trigger' retrieved from /home/airflow/.local/lib/python3.12/site-packages/airflow/example_dags/example_latest_only_with_trigger.py
[2024-08-20T04:09:05.195+0000] {logging_mixin.py:190} INFO - [2024-08-20T04:09:05.195+0000] {dag.py:3211} INFO - Sync 1 DAGs
[2024-08-20T04:09:05.247+0000] {logging_mixin.py:190} INFO - [2024-08-20T04:09:05.247+0000] {dag.py:4138} INFO - Setting next_dagrun for latest_only_with_trigger to 2024-08-20 00:00:00+00:00, run_after=2024-08-20 04:00:00+00:00
[2024-08-20T04:09:05.278+0000] {processor.py:208} INFO - Processing /home/airflow/.local/lib/python3.12/site-packages/airflow/example_dags/example_latest_only_with_trigger.py took 0.165 seconds
[2024-08-20T04:09:35.984+0000] {processor.py:186} INFO - Started process (PID=2318) to work on /home/airflow/.local/lib/python3.12/site-packages/airflow/example_dags/example_latest_only_with_trigger.py
[2024-08-20T04:09:35.986+0000] {processor.py:914} INFO - Processing file /home/airflow/.local/lib/python3.12/site-packages/airflow/example_dags/example_latest_only_with_trigger.py for tasks to queue
[2024-08-20T04:09:35.990+0000] {logging_mixin.py:190} INFO - [2024-08-20T04:09:35.990+0000] {dagbag.py:587} INFO - Filling up the DagBag from /home/airflow/.local/lib/python3.12/site-packages/airflow/example_dags/example_latest_only_with_trigger.py
[2024-08-20T04:09:35.999+0000] {processor.py:925} INFO - DAG(s) 'latest_only_with_trigger' retrieved from /home/airflow/.local/lib/python3.12/site-packages/airflow/example_dags/example_latest_only_with_trigger.py
[2024-08-20T04:09:36.027+0000] {logging_mixin.py:190} INFO - [2024-08-20T04:09:36.027+0000] {dag.py:3211} INFO - Sync 1 DAGs
[2024-08-20T04:09:36.057+0000] {logging_mixin.py:190} INFO - [2024-08-20T04:09:36.057+0000] {dag.py:4138} INFO - Setting next_dagrun for latest_only_with_trigger to 2024-08-20 00:00:00+00:00, run_after=2024-08-20 04:00:00+00:00
[2024-08-20T04:09:36.081+0000] {processor.py:208} INFO - Processing /home/airflow/.local/lib/python3.12/site-packages/airflow/example_dags/example_latest_only_with_trigger.py took 0.104 seconds
[2024-08-20T04:10:06.394+0000] {processor.py:186} INFO - Started process (PID=2381) to work on /home/airflow/.local/lib/python3.12/site-packages/airflow/example_dags/example_latest_only_with_trigger.py
[2024-08-20T04:10:06.397+0000] {processor.py:914} INFO - Processing file /home/airflow/.local/lib/python3.12/site-packages/airflow/example_dags/example_latest_only_with_trigger.py for tasks to queue
[2024-08-20T04:10:06.401+0000] {logging_mixin.py:190} INFO - [2024-08-20T04:10:06.401+0000] {dagbag.py:587} INFO - Filling up the DagBag from /home/airflow/.local/lib/python3.12/site-packages/airflow/example_dags/example_latest_only_with_trigger.py
[2024-08-20T04:10:06.417+0000] {processor.py:925} INFO - DAG(s) 'latest_only_with_trigger' retrieved from /home/airflow/.local/lib/python3.12/site-packages/airflow/example_dags/example_latest_only_with_trigger.py
[2024-08-20T04:10:06.464+0000] {logging_mixin.py:190} INFO - [2024-08-20T04:10:06.463+0000] {dag.py:3211} INFO - Sync 1 DAGs
[2024-08-20T04:10:06.539+0000] {logging_mixin.py:190} INFO - [2024-08-20T04:10:06.539+0000] {dag.py:4138} INFO - Setting next_dagrun for latest_only_with_trigger to 2024-08-20 00:00:00+00:00, run_after=2024-08-20 04:00:00+00:00
[2024-08-20T04:10:06.582+0000] {processor.py:208} INFO - Processing /home/airflow/.local/lib/python3.12/site-packages/airflow/example_dags/example_latest_only_with_trigger.py took 0.202 seconds
[2024-08-20T04:10:37.184+0000] {processor.py:186} INFO - Started process (PID=2443) to work on /home/airflow/.local/lib/python3.12/site-packages/airflow/example_dags/example_latest_only_with_trigger.py
[2024-08-20T04:10:37.186+0000] {processor.py:914} INFO - Processing file /home/airflow/.local/lib/python3.12/site-packages/airflow/example_dags/example_latest_only_with_trigger.py for tasks to queue
[2024-08-20T04:10:37.190+0000] {logging_mixin.py:190} INFO - [2024-08-20T04:10:37.189+0000] {dagbag.py:587} INFO - Filling up the DagBag from /home/airflow/.local/lib/python3.12/site-packages/airflow/example_dags/example_latest_only_with_trigger.py
[2024-08-20T04:10:37.203+0000] {processor.py:925} INFO - DAG(s) 'latest_only_with_trigger' retrieved from /home/airflow/.local/lib/python3.12/site-packages/airflow/example_dags/example_latest_only_with_trigger.py
[2024-08-20T04:10:37.237+0000] {logging_mixin.py:190} INFO - [2024-08-20T04:10:37.237+0000] {dag.py:3211} INFO - Sync 1 DAGs
[2024-08-20T04:10:37.278+0000] {logging_mixin.py:190} INFO - [2024-08-20T04:10:37.278+0000] {dag.py:4138} INFO - Setting next_dagrun for latest_only_with_trigger to 2024-08-20 00:00:00+00:00, run_after=2024-08-20 04:00:00+00:00
[2024-08-20T04:10:37.308+0000] {processor.py:208} INFO - Processing /home/airflow/.local/lib/python3.12/site-packages/airflow/example_dags/example_latest_only_with_trigger.py took 0.134 seconds
[2024-08-20T04:11:07.482+0000] {processor.py:186} INFO - Started process (PID=2505) to work on /home/airflow/.local/lib/python3.12/site-packages/airflow/example_dags/example_latest_only_with_trigger.py
[2024-08-20T04:11:07.484+0000] {processor.py:914} INFO - Processing file /home/airflow/.local/lib/python3.12/site-packages/airflow/example_dags/example_latest_only_with_trigger.py for tasks to queue
[2024-08-20T04:11:07.488+0000] {logging_mixin.py:190} INFO - [2024-08-20T04:11:07.487+0000] {dagbag.py:587} INFO - Filling up the DagBag from /home/airflow/.local/lib/python3.12/site-packages/airflow/example_dags/example_latest_only_with_trigger.py
[2024-08-20T04:11:07.501+0000] {processor.py:925} INFO - DAG(s) 'latest_only_with_trigger' retrieved from /home/airflow/.local/lib/python3.12/site-packages/airflow/example_dags/example_latest_only_with_trigger.py
[2024-08-20T04:11:07.536+0000] {logging_mixin.py:190} INFO - [2024-08-20T04:11:07.536+0000] {dag.py:3211} INFO - Sync 1 DAGs
[2024-08-20T04:11:07.587+0000] {logging_mixin.py:190} INFO - [2024-08-20T04:11:07.586+0000] {dag.py:4138} INFO - Setting next_dagrun for latest_only_with_trigger to 2024-08-20 00:00:00+00:00, run_after=2024-08-20 04:00:00+00:00
[2024-08-20T04:11:07.618+0000] {processor.py:208} INFO - Processing /home/airflow/.local/lib/python3.12/site-packages/airflow/example_dags/example_latest_only_with_trigger.py took 0.147 seconds
[2024-08-20T04:11:37.845+0000] {processor.py:186} INFO - Started process (PID=2568) to work on /home/airflow/.local/lib/python3.12/site-packages/airflow/example_dags/example_latest_only_with_trigger.py
[2024-08-20T04:11:37.847+0000] {processor.py:914} INFO - Processing file /home/airflow/.local/lib/python3.12/site-packages/airflow/example_dags/example_latest_only_with_trigger.py for tasks to queue
[2024-08-20T04:11:37.850+0000] {logging_mixin.py:190} INFO - [2024-08-20T04:11:37.849+0000] {dagbag.py:587} INFO - Filling up the DagBag from /home/airflow/.local/lib/python3.12/site-packages/airflow/example_dags/example_latest_only_with_trigger.py
[2024-08-20T04:11:37.863+0000] {processor.py:925} INFO - DAG(s) 'latest_only_with_trigger' retrieved from /home/airflow/.local/lib/python3.12/site-packages/airflow/example_dags/example_latest_only_with_trigger.py
[2024-08-20T04:11:37.901+0000] {logging_mixin.py:190} INFO - [2024-08-20T04:11:37.901+0000] {dag.py:3211} INFO - Sync 1 DAGs
[2024-08-20T04:11:37.946+0000] {logging_mixin.py:190} INFO - [2024-08-20T04:11:37.945+0000] {dag.py:4138} INFO - Setting next_dagrun for latest_only_with_trigger to 2024-08-20 00:00:00+00:00, run_after=2024-08-20 04:00:00+00:00
[2024-08-20T04:11:37.981+0000] {processor.py:208} INFO - Processing /home/airflow/.local/lib/python3.12/site-packages/airflow/example_dags/example_latest_only_with_trigger.py took 0.145 seconds
[2024-08-20T04:12:08.213+0000] {processor.py:186} INFO - Started process (PID=2630) to work on /home/airflow/.local/lib/python3.12/site-packages/airflow/example_dags/example_latest_only_with_trigger.py
[2024-08-20T04:12:08.215+0000] {processor.py:914} INFO - Processing file /home/airflow/.local/lib/python3.12/site-packages/airflow/example_dags/example_latest_only_with_trigger.py for tasks to queue
[2024-08-20T04:12:08.218+0000] {logging_mixin.py:190} INFO - [2024-08-20T04:12:08.218+0000] {dagbag.py:587} INFO - Filling up the DagBag from /home/airflow/.local/lib/python3.12/site-packages/airflow/example_dags/example_latest_only_with_trigger.py
[2024-08-20T04:12:08.232+0000] {processor.py:925} INFO - DAG(s) 'latest_only_with_trigger' retrieved from /home/airflow/.local/lib/python3.12/site-packages/airflow/example_dags/example_latest_only_with_trigger.py
[2024-08-20T04:12:08.268+0000] {logging_mixin.py:190} INFO - [2024-08-20T04:12:08.268+0000] {dag.py:3211} INFO - Sync 1 DAGs
[2024-08-20T04:12:08.315+0000] {logging_mixin.py:190} INFO - [2024-08-20T04:12:08.314+0000] {dag.py:4138} INFO - Setting next_dagrun for latest_only_with_trigger to 2024-08-20 00:00:00+00:00, run_after=2024-08-20 04:00:00+00:00
[2024-08-20T04:12:08.349+0000] {processor.py:208} INFO - Processing /home/airflow/.local/lib/python3.12/site-packages/airflow/example_dags/example_latest_only_with_trigger.py took 0.150 seconds
[2024-08-20T04:12:39.146+0000] {processor.py:186} INFO - Started process (PID=2692) to work on /home/airflow/.local/lib/python3.12/site-packages/airflow/example_dags/example_latest_only_with_trigger.py
[2024-08-20T04:12:39.148+0000] {processor.py:914} INFO - Processing file /home/airflow/.local/lib/python3.12/site-packages/airflow/example_dags/example_latest_only_with_trigger.py for tasks to queue
[2024-08-20T04:12:39.151+0000] {logging_mixin.py:190} INFO - [2024-08-20T04:12:39.150+0000] {dagbag.py:587} INFO - Filling up the DagBag from /home/airflow/.local/lib/python3.12/site-packages/airflow/example_dags/example_latest_only_with_trigger.py
[2024-08-20T04:12:39.165+0000] {processor.py:925} INFO - DAG(s) 'latest_only_with_trigger' retrieved from /home/airflow/.local/lib/python3.12/site-packages/airflow/example_dags/example_latest_only_with_trigger.py
[2024-08-20T04:12:39.203+0000] {logging_mixin.py:190} INFO - [2024-08-20T04:12:39.202+0000] {dag.py:3211} INFO - Sync 1 DAGs
[2024-08-20T04:12:39.242+0000] {logging_mixin.py:190} INFO - [2024-08-20T04:12:39.242+0000] {dag.py:4138} INFO - Setting next_dagrun for latest_only_with_trigger to 2024-08-20 00:00:00+00:00, run_after=2024-08-20 04:00:00+00:00
[2024-08-20T04:12:39.268+0000] {processor.py:208} INFO - Processing /home/airflow/.local/lib/python3.12/site-packages/airflow/example_dags/example_latest_only_with_trigger.py took 0.133 seconds
[2024-08-20T04:13:09.895+0000] {processor.py:186} INFO - Started process (PID=2754) to work on /home/airflow/.local/lib/python3.12/site-packages/airflow/example_dags/example_latest_only_with_trigger.py
[2024-08-20T04:13:09.896+0000] {processor.py:914} INFO - Processing file /home/airflow/.local/lib/python3.12/site-packages/airflow/example_dags/example_latest_only_with_trigger.py for tasks to queue
[2024-08-20T04:13:09.899+0000] {logging_mixin.py:190} INFO - [2024-08-20T04:13:09.898+0000] {dagbag.py:587} INFO - Filling up the DagBag from /home/airflow/.local/lib/python3.12/site-packages/airflow/example_dags/example_latest_only_with_trigger.py
[2024-08-20T04:13:09.909+0000] {processor.py:925} INFO - DAG(s) 'latest_only_with_trigger' retrieved from /home/airflow/.local/lib/python3.12/site-packages/airflow/example_dags/example_latest_only_with_trigger.py
[2024-08-20T04:13:09.941+0000] {logging_mixin.py:190} INFO - [2024-08-20T04:13:09.940+0000] {dag.py:3211} INFO - Sync 1 DAGs
[2024-08-20T04:13:09.978+0000] {logging_mixin.py:190} INFO - [2024-08-20T04:13:09.977+0000] {dag.py:4138} INFO - Setting next_dagrun for latest_only_with_trigger to 2024-08-20 00:00:00+00:00, run_after=2024-08-20 04:00:00+00:00
[2024-08-20T04:13:10.003+0000] {processor.py:208} INFO - Processing /home/airflow/.local/lib/python3.12/site-packages/airflow/example_dags/example_latest_only_with_trigger.py took 0.119 seconds
[2024-08-20T04:13:40.521+0000] {processor.py:186} INFO - Started process (PID=2816) to work on /home/airflow/.local/lib/python3.12/site-packages/airflow/example_dags/example_latest_only_with_trigger.py
[2024-08-20T04:13:40.522+0000] {processor.py:914} INFO - Processing file /home/airflow/.local/lib/python3.12/site-packages/airflow/example_dags/example_latest_only_with_trigger.py for tasks to queue
[2024-08-20T04:13:40.526+0000] {logging_mixin.py:190} INFO - [2024-08-20T04:13:40.525+0000] {dagbag.py:587} INFO - Filling up the DagBag from /home/airflow/.local/lib/python3.12/site-packages/airflow/example_dags/example_latest_only_with_trigger.py
[2024-08-20T04:13:40.540+0000] {processor.py:925} INFO - DAG(s) 'latest_only_with_trigger' retrieved from /home/airflow/.local/lib/python3.12/site-packages/airflow/example_dags/example_latest_only_with_trigger.py
[2024-08-20T04:13:40.577+0000] {logging_mixin.py:190} INFO - [2024-08-20T04:13:40.577+0000] {dag.py:3211} INFO - Sync 1 DAGs
[2024-08-20T04:13:40.624+0000] {logging_mixin.py:190} INFO - [2024-08-20T04:13:40.624+0000] {dag.py:4138} INFO - Setting next_dagrun for latest_only_with_trigger to 2024-08-20 00:00:00+00:00, run_after=2024-08-20 04:00:00+00:00
[2024-08-20T04:13:40.655+0000] {processor.py:208} INFO - Processing /home/airflow/.local/lib/python3.12/site-packages/airflow/example_dags/example_latest_only_with_trigger.py took 0.146 seconds
[2024-08-20T04:14:11.279+0000] {processor.py:186} INFO - Started process (PID=2878) to work on /home/airflow/.local/lib/python3.12/site-packages/airflow/example_dags/example_latest_only_with_trigger.py
[2024-08-20T04:14:11.281+0000] {processor.py:914} INFO - Processing file /home/airflow/.local/lib/python3.12/site-packages/airflow/example_dags/example_latest_only_with_trigger.py for tasks to queue
[2024-08-20T04:14:11.284+0000] {logging_mixin.py:190} INFO - [2024-08-20T04:14:11.284+0000] {dagbag.py:587} INFO - Filling up the DagBag from /home/airflow/.local/lib/python3.12/site-packages/airflow/example_dags/example_latest_only_with_trigger.py
[2024-08-20T04:14:11.296+0000] {processor.py:925} INFO - DAG(s) 'latest_only_with_trigger' retrieved from /home/airflow/.local/lib/python3.12/site-packages/airflow/example_dags/example_latest_only_with_trigger.py
[2024-08-20T04:14:11.335+0000] {logging_mixin.py:190} INFO - [2024-08-20T04:14:11.335+0000] {dag.py:3211} INFO - Sync 1 DAGs
[2024-08-20T04:14:11.373+0000] {logging_mixin.py:190} INFO - [2024-08-20T04:14:11.373+0000] {dag.py:4138} INFO - Setting next_dagrun for latest_only_with_trigger to 2024-08-20 00:00:00+00:00, run_after=2024-08-20 04:00:00+00:00
[2024-08-20T04:14:11.398+0000] {processor.py:208} INFO - Processing /home/airflow/.local/lib/python3.12/site-packages/airflow/example_dags/example_latest_only_with_trigger.py took 0.127 seconds
[2024-08-20T04:14:42.012+0000] {processor.py:186} INFO - Started process (PID=2940) to work on /home/airflow/.local/lib/python3.12/site-packages/airflow/example_dags/example_latest_only_with_trigger.py
[2024-08-20T04:14:42.014+0000] {processor.py:914} INFO - Processing file /home/airflow/.local/lib/python3.12/site-packages/airflow/example_dags/example_latest_only_with_trigger.py for tasks to queue
[2024-08-20T04:14:42.017+0000] {logging_mixin.py:190} INFO - [2024-08-20T04:14:42.017+0000] {dagbag.py:587} INFO - Filling up the DagBag from /home/airflow/.local/lib/python3.12/site-packages/airflow/example_dags/example_latest_only_with_trigger.py
[2024-08-20T04:14:42.029+0000] {processor.py:925} INFO - DAG(s) 'latest_only_with_trigger' retrieved from /home/airflow/.local/lib/python3.12/site-packages/airflow/example_dags/example_latest_only_with_trigger.py
[2024-08-20T04:14:42.058+0000] {logging_mixin.py:190} INFO - [2024-08-20T04:14:42.058+0000] {dag.py:3211} INFO - Sync 1 DAGs
[2024-08-20T04:14:42.096+0000] {logging_mixin.py:190} INFO - [2024-08-20T04:14:42.096+0000] {dag.py:4138} INFO - Setting next_dagrun for latest_only_with_trigger to 2024-08-20 00:00:00+00:00, run_after=2024-08-20 04:00:00+00:00
[2024-08-20T04:14:42.119+0000] {processor.py:208} INFO - Processing /home/airflow/.local/lib/python3.12/site-packages/airflow/example_dags/example_latest_only_with_trigger.py took 0.116 seconds
[2024-08-20T04:15:13.007+0000] {processor.py:186} INFO - Started process (PID=3002) to work on /home/airflow/.local/lib/python3.12/site-packages/airflow/example_dags/example_latest_only_with_trigger.py
[2024-08-20T04:15:13.008+0000] {processor.py:914} INFO - Processing file /home/airflow/.local/lib/python3.12/site-packages/airflow/example_dags/example_latest_only_with_trigger.py for tasks to queue
[2024-08-20T04:15:13.012+0000] {logging_mixin.py:190} INFO - [2024-08-20T04:15:13.012+0000] {dagbag.py:587} INFO - Filling up the DagBag from /home/airflow/.local/lib/python3.12/site-packages/airflow/example_dags/example_latest_only_with_trigger.py
[2024-08-20T04:15:13.026+0000] {processor.py:925} INFO - DAG(s) 'latest_only_with_trigger' retrieved from /home/airflow/.local/lib/python3.12/site-packages/airflow/example_dags/example_latest_only_with_trigger.py
[2024-08-20T04:15:13.058+0000] {logging_mixin.py:190} INFO - [2024-08-20T04:15:13.057+0000] {dag.py:3211} INFO - Sync 1 DAGs
[2024-08-20T04:15:13.099+0000] {logging_mixin.py:190} INFO - [2024-08-20T04:15:13.098+0000] {dag.py:4138} INFO - Setting next_dagrun for latest_only_with_trigger to 2024-08-20 00:00:00+00:00, run_after=2024-08-20 04:00:00+00:00
[2024-08-20T04:15:13.346+0000] {processor.py:208} INFO - Processing /home/airflow/.local/lib/python3.12/site-packages/airflow/example_dags/example_latest_only_with_trigger.py took 0.350 seconds
[2024-08-20T04:15:43.493+0000] {processor.py:186} INFO - Started process (PID=3064) to work on /home/airflow/.local/lib/python3.12/site-packages/airflow/example_dags/example_latest_only_with_trigger.py
[2024-08-20T04:15:43.494+0000] {processor.py:914} INFO - Processing file /home/airflow/.local/lib/python3.12/site-packages/airflow/example_dags/example_latest_only_with_trigger.py for tasks to queue
[2024-08-20T04:15:43.497+0000] {logging_mixin.py:190} INFO - [2024-08-20T04:15:43.497+0000] {dagbag.py:587} INFO - Filling up the DagBag from /home/airflow/.local/lib/python3.12/site-packages/airflow/example_dags/example_latest_only_with_trigger.py
[2024-08-20T04:15:43.508+0000] {processor.py:925} INFO - DAG(s) 'latest_only_with_trigger' retrieved from /home/airflow/.local/lib/python3.12/site-packages/airflow/example_dags/example_latest_only_with_trigger.py
[2024-08-20T04:15:43.536+0000] {logging_mixin.py:190} INFO - [2024-08-20T04:15:43.536+0000] {dag.py:3211} INFO - Sync 1 DAGs
[2024-08-20T04:15:43.570+0000] {logging_mixin.py:190} INFO - [2024-08-20T04:15:43.570+0000] {dag.py:4138} INFO - Setting next_dagrun for latest_only_with_trigger to 2024-08-20 00:00:00+00:00, run_after=2024-08-20 04:00:00+00:00
[2024-08-20T04:15:43.596+0000] {processor.py:208} INFO - Processing /home/airflow/.local/lib/python3.12/site-packages/airflow/example_dags/example_latest_only_with_trigger.py took 0.112 seconds
