[2024-08-20T03:38:40.705+0000] {processor.py:186} INFO - Started process (PID=93) to work on /home/airflow/.local/lib/python3.12/site-packages/airflow/example_dags/example_branch_labels.py
[2024-08-20T03:38:40.707+0000] {processor.py:914} INFO - Processing file /home/airflow/.local/lib/python3.12/site-packages/airflow/example_dags/example_branch_labels.py for tasks to queue
[2024-08-20T03:38:40.710+0000] {logging_mixin.py:190} INFO - [2024-08-20T03:38:40.709+0000] {dagbag.py:587} INFO - Filling up the DagBag from /home/airflow/.local/lib/python3.12/site-packages/airflow/example_dags/example_branch_labels.py
[2024-08-20T03:38:40.722+0000] {processor.py:925} INFO - DAG(s) 'example_branch_labels' retrieved from /home/airflow/.local/lib/python3.12/site-packages/airflow/example_dags/example_branch_labels.py
[2024-08-20T03:38:40.848+0000] {logging_mixin.py:190} INFO - [2024-08-20T03:38:40.847+0000] {override.py:1858} INFO - Created Permission View: can edit on DAG:example_branch_labels
[2024-08-20T03:38:40.859+0000] {logging_mixin.py:190} INFO - [2024-08-20T03:38:40.858+0000] {override.py:1858} INFO - Created Permission View: can read on DAG:example_branch_labels
[2024-08-20T03:38:40.867+0000] {logging_mixin.py:190} INFO - [2024-08-20T03:38:40.866+0000] {override.py:1858} INFO - Created Permission View: can delete on DAG:example_branch_labels
[2024-08-20T03:38:40.868+0000] {logging_mixin.py:190} INFO - [2024-08-20T03:38:40.867+0000] {dag.py:3211} INFO - Sync 1 DAGs
[2024-08-20T03:38:40.882+0000] {logging_mixin.py:190} INFO - [2024-08-20T03:38:40.881+0000] {dag.py:3234} INFO - Creating ORM DAG for example_branch_labels
[2024-08-20T03:38:40.895+0000] {logging_mixin.py:190} INFO - [2024-08-20T03:38:40.894+0000] {dag.py:4138} INFO - Setting next_dagrun for example_branch_labels to 2024-08-19 00:00:00+00:00, run_after=2024-08-20 00:00:00+00:00
[2024-08-20T03:38:40.913+0000] {processor.py:208} INFO - Processing /home/airflow/.local/lib/python3.12/site-packages/airflow/example_dags/example_branch_labels.py took 0.215 seconds
[2024-08-20T03:39:11.193+0000] {processor.py:186} INFO - Started process (PID=155) to work on /home/airflow/.local/lib/python3.12/site-packages/airflow/example_dags/example_branch_labels.py
[2024-08-20T03:39:11.194+0000] {processor.py:914} INFO - Processing file /home/airflow/.local/lib/python3.12/site-packages/airflow/example_dags/example_branch_labels.py for tasks to queue
[2024-08-20T03:39:11.197+0000] {logging_mixin.py:190} INFO - [2024-08-20T03:39:11.197+0000] {dagbag.py:587} INFO - Filling up the DagBag from /home/airflow/.local/lib/python3.12/site-packages/airflow/example_dags/example_branch_labels.py
[2024-08-20T03:39:11.209+0000] {processor.py:925} INFO - DAG(s) 'example_branch_labels' retrieved from /home/airflow/.local/lib/python3.12/site-packages/airflow/example_dags/example_branch_labels.py
[2024-08-20T03:39:11.234+0000] {logging_mixin.py:190} INFO - [2024-08-20T03:39:11.233+0000] {dag.py:3211} INFO - Sync 1 DAGs
[2024-08-20T03:39:11.265+0000] {logging_mixin.py:190} INFO - [2024-08-20T03:39:11.265+0000] {dag.py:4138} INFO - Setting next_dagrun for example_branch_labels to 2024-08-19 00:00:00+00:00, run_after=2024-08-20 00:00:00+00:00
[2024-08-20T03:39:11.285+0000] {processor.py:208} INFO - Processing /home/airflow/.local/lib/python3.12/site-packages/airflow/example_dags/example_branch_labels.py took 0.100 seconds
[2024-08-20T03:39:41.867+0000] {processor.py:186} INFO - Started process (PID=217) to work on /home/airflow/.local/lib/python3.12/site-packages/airflow/example_dags/example_branch_labels.py
[2024-08-20T03:39:41.868+0000] {processor.py:914} INFO - Processing file /home/airflow/.local/lib/python3.12/site-packages/airflow/example_dags/example_branch_labels.py for tasks to queue
[2024-08-20T03:39:41.871+0000] {logging_mixin.py:190} INFO - [2024-08-20T03:39:41.871+0000] {dagbag.py:587} INFO - Filling up the DagBag from /home/airflow/.local/lib/python3.12/site-packages/airflow/example_dags/example_branch_labels.py
[2024-08-20T03:39:41.883+0000] {processor.py:925} INFO - DAG(s) 'example_branch_labels' retrieved from /home/airflow/.local/lib/python3.12/site-packages/airflow/example_dags/example_branch_labels.py
[2024-08-20T03:39:41.909+0000] {logging_mixin.py:190} INFO - [2024-08-20T03:39:41.908+0000] {dag.py:3211} INFO - Sync 1 DAGs
[2024-08-20T03:39:41.936+0000] {logging_mixin.py:190} INFO - [2024-08-20T03:39:41.935+0000] {dag.py:4138} INFO - Setting next_dagrun for example_branch_labels to 2024-08-19 00:00:00+00:00, run_after=2024-08-20 00:00:00+00:00
[2024-08-20T03:39:41.958+0000] {processor.py:208} INFO - Processing /home/airflow/.local/lib/python3.12/site-packages/airflow/example_dags/example_branch_labels.py took 0.097 seconds
[2024-08-20T03:40:12.705+0000] {processor.py:186} INFO - Started process (PID=279) to work on /home/airflow/.local/lib/python3.12/site-packages/airflow/example_dags/example_branch_labels.py
[2024-08-20T03:40:12.706+0000] {processor.py:914} INFO - Processing file /home/airflow/.local/lib/python3.12/site-packages/airflow/example_dags/example_branch_labels.py for tasks to queue
[2024-08-20T03:40:12.709+0000] {logging_mixin.py:190} INFO - [2024-08-20T03:40:12.709+0000] {dagbag.py:587} INFO - Filling up the DagBag from /home/airflow/.local/lib/python3.12/site-packages/airflow/example_dags/example_branch_labels.py
[2024-08-20T03:40:12.719+0000] {processor.py:925} INFO - DAG(s) 'example_branch_labels' retrieved from /home/airflow/.local/lib/python3.12/site-packages/airflow/example_dags/example_branch_labels.py
[2024-08-20T03:40:12.747+0000] {logging_mixin.py:190} INFO - [2024-08-20T03:40:12.747+0000] {dag.py:3211} INFO - Sync 1 DAGs
[2024-08-20T03:40:12.775+0000] {logging_mixin.py:190} INFO - [2024-08-20T03:40:12.775+0000] {dag.py:4138} INFO - Setting next_dagrun for example_branch_labels to 2024-08-19 00:00:00+00:00, run_after=2024-08-20 00:00:00+00:00
[2024-08-20T03:40:12.798+0000] {processor.py:208} INFO - Processing /home/airflow/.local/lib/python3.12/site-packages/airflow/example_dags/example_branch_labels.py took 0.099 seconds
[2024-08-20T03:40:43.242+0000] {processor.py:186} INFO - Started process (PID=341) to work on /home/airflow/.local/lib/python3.12/site-packages/airflow/example_dags/example_branch_labels.py
[2024-08-20T03:40:43.243+0000] {processor.py:914} INFO - Processing file /home/airflow/.local/lib/python3.12/site-packages/airflow/example_dags/example_branch_labels.py for tasks to queue
[2024-08-20T03:40:43.246+0000] {logging_mixin.py:190} INFO - [2024-08-20T03:40:43.246+0000] {dagbag.py:587} INFO - Filling up the DagBag from /home/airflow/.local/lib/python3.12/site-packages/airflow/example_dags/example_branch_labels.py
[2024-08-20T03:40:43.260+0000] {processor.py:925} INFO - DAG(s) 'example_branch_labels' retrieved from /home/airflow/.local/lib/python3.12/site-packages/airflow/example_dags/example_branch_labels.py
[2024-08-20T03:40:43.286+0000] {logging_mixin.py:190} INFO - [2024-08-20T03:40:43.285+0000] {dag.py:3211} INFO - Sync 1 DAGs
[2024-08-20T03:40:43.316+0000] {logging_mixin.py:190} INFO - [2024-08-20T03:40:43.316+0000] {dag.py:4138} INFO - Setting next_dagrun for example_branch_labels to 2024-08-19 00:00:00+00:00, run_after=2024-08-20 00:00:00+00:00
[2024-08-20T03:40:43.336+0000] {processor.py:208} INFO - Processing /home/airflow/.local/lib/python3.12/site-packages/airflow/example_dags/example_branch_labels.py took 0.102 seconds
[2024-08-20T03:41:13.605+0000] {processor.py:186} INFO - Started process (PID=403) to work on /home/airflow/.local/lib/python3.12/site-packages/airflow/example_dags/example_branch_labels.py
[2024-08-20T03:41:13.607+0000] {processor.py:914} INFO - Processing file /home/airflow/.local/lib/python3.12/site-packages/airflow/example_dags/example_branch_labels.py for tasks to queue
[2024-08-20T03:41:13.610+0000] {logging_mixin.py:190} INFO - [2024-08-20T03:41:13.609+0000] {dagbag.py:587} INFO - Filling up the DagBag from /home/airflow/.local/lib/python3.12/site-packages/airflow/example_dags/example_branch_labels.py
[2024-08-20T03:41:13.621+0000] {processor.py:925} INFO - DAG(s) 'example_branch_labels' retrieved from /home/airflow/.local/lib/python3.12/site-packages/airflow/example_dags/example_branch_labels.py
[2024-08-20T03:41:13.650+0000] {logging_mixin.py:190} INFO - [2024-08-20T03:41:13.650+0000] {dag.py:3211} INFO - Sync 1 DAGs
[2024-08-20T03:41:13.684+0000] {logging_mixin.py:190} INFO - [2024-08-20T03:41:13.684+0000] {dag.py:4138} INFO - Setting next_dagrun for example_branch_labels to 2024-08-19 00:00:00+00:00, run_after=2024-08-20 00:00:00+00:00
[2024-08-20T03:41:13.707+0000] {processor.py:208} INFO - Processing /home/airflow/.local/lib/python3.12/site-packages/airflow/example_dags/example_branch_labels.py took 0.109 seconds
[2024-08-20T03:41:44.459+0000] {processor.py:186} INFO - Started process (PID=465) to work on /home/airflow/.local/lib/python3.12/site-packages/airflow/example_dags/example_branch_labels.py
[2024-08-20T03:41:44.460+0000] {processor.py:914} INFO - Processing file /home/airflow/.local/lib/python3.12/site-packages/airflow/example_dags/example_branch_labels.py for tasks to queue
[2024-08-20T03:41:44.464+0000] {logging_mixin.py:190} INFO - [2024-08-20T03:41:44.463+0000] {dagbag.py:587} INFO - Filling up the DagBag from /home/airflow/.local/lib/python3.12/site-packages/airflow/example_dags/example_branch_labels.py
[2024-08-20T03:41:44.475+0000] {processor.py:925} INFO - DAG(s) 'example_branch_labels' retrieved from /home/airflow/.local/lib/python3.12/site-packages/airflow/example_dags/example_branch_labels.py
[2024-08-20T03:41:44.500+0000] {logging_mixin.py:190} INFO - [2024-08-20T03:41:44.499+0000] {dag.py:3211} INFO - Sync 1 DAGs
[2024-08-20T03:41:44.530+0000] {logging_mixin.py:190} INFO - [2024-08-20T03:41:44.529+0000] {dag.py:4138} INFO - Setting next_dagrun for example_branch_labels to 2024-08-19 00:00:00+00:00, run_after=2024-08-20 00:00:00+00:00
[2024-08-20T03:41:44.553+0000] {processor.py:208} INFO - Processing /home/airflow/.local/lib/python3.12/site-packages/airflow/example_dags/example_branch_labels.py took 0.101 seconds
[2024-08-20T03:42:14.868+0000] {processor.py:186} INFO - Started process (PID=527) to work on /home/airflow/.local/lib/python3.12/site-packages/airflow/example_dags/example_branch_labels.py
[2024-08-20T03:42:14.869+0000] {processor.py:914} INFO - Processing file /home/airflow/.local/lib/python3.12/site-packages/airflow/example_dags/example_branch_labels.py for tasks to queue
[2024-08-20T03:42:14.877+0000] {logging_mixin.py:190} INFO - [2024-08-20T03:42:14.873+0000] {dagbag.py:587} INFO - Filling up the DagBag from /home/airflow/.local/lib/python3.12/site-packages/airflow/example_dags/example_branch_labels.py
[2024-08-20T03:42:14.893+0000] {processor.py:925} INFO - DAG(s) 'example_branch_labels' retrieved from /home/airflow/.local/lib/python3.12/site-packages/airflow/example_dags/example_branch_labels.py
[2024-08-20T03:42:14.929+0000] {logging_mixin.py:190} INFO - [2024-08-20T03:42:14.929+0000] {dag.py:3211} INFO - Sync 1 DAGs
[2024-08-20T03:42:14.965+0000] {logging_mixin.py:190} INFO - [2024-08-20T03:42:14.965+0000] {dag.py:4138} INFO - Setting next_dagrun for example_branch_labels to 2024-08-19 00:00:00+00:00, run_after=2024-08-20 00:00:00+00:00
[2024-08-20T03:42:14.993+0000] {processor.py:208} INFO - Processing /home/airflow/.local/lib/python3.12/site-packages/airflow/example_dags/example_branch_labels.py took 0.137 seconds
[2024-08-20T03:42:46.455+0000] {processor.py:186} INFO - Started process (PID=589) to work on /home/airflow/.local/lib/python3.12/site-packages/airflow/example_dags/example_branch_labels.py
[2024-08-20T03:42:46.457+0000] {processor.py:914} INFO - Processing file /home/airflow/.local/lib/python3.12/site-packages/airflow/example_dags/example_branch_labels.py for tasks to queue
[2024-08-20T03:42:46.461+0000] {logging_mixin.py:190} INFO - [2024-08-20T03:42:46.460+0000] {dagbag.py:587} INFO - Filling up the DagBag from /home/airflow/.local/lib/python3.12/site-packages/airflow/example_dags/example_branch_labels.py
[2024-08-20T03:42:46.486+0000] {processor.py:925} INFO - DAG(s) 'example_branch_labels' retrieved from /home/airflow/.local/lib/python3.12/site-packages/airflow/example_dags/example_branch_labels.py
[2024-08-20T03:42:46.542+0000] {logging_mixin.py:190} INFO - [2024-08-20T03:42:46.542+0000] {dag.py:3211} INFO - Sync 1 DAGs
[2024-08-20T03:42:46.596+0000] {logging_mixin.py:190} INFO - [2024-08-20T03:42:46.596+0000] {dag.py:4138} INFO - Setting next_dagrun for example_branch_labels to 2024-08-19 00:00:00+00:00, run_after=2024-08-20 00:00:00+00:00
[2024-08-20T03:42:46.626+0000] {processor.py:208} INFO - Processing /home/airflow/.local/lib/python3.12/site-packages/airflow/example_dags/example_branch_labels.py took 0.187 seconds
[2024-08-20T03:43:16.863+0000] {processor.py:186} INFO - Started process (PID=651) to work on /home/airflow/.local/lib/python3.12/site-packages/airflow/example_dags/example_branch_labels.py
[2024-08-20T03:43:16.865+0000] {processor.py:914} INFO - Processing file /home/airflow/.local/lib/python3.12/site-packages/airflow/example_dags/example_branch_labels.py for tasks to queue
[2024-08-20T03:43:16.868+0000] {logging_mixin.py:190} INFO - [2024-08-20T03:43:16.867+0000] {dagbag.py:587} INFO - Filling up the DagBag from /home/airflow/.local/lib/python3.12/site-packages/airflow/example_dags/example_branch_labels.py
[2024-08-20T03:43:16.880+0000] {processor.py:925} INFO - DAG(s) 'example_branch_labels' retrieved from /home/airflow/.local/lib/python3.12/site-packages/airflow/example_dags/example_branch_labels.py
[2024-08-20T03:43:16.907+0000] {logging_mixin.py:190} INFO - [2024-08-20T03:43:16.907+0000] {dag.py:3211} INFO - Sync 1 DAGs
[2024-08-20T03:43:16.935+0000] {logging_mixin.py:190} INFO - [2024-08-20T03:43:16.934+0000] {dag.py:4138} INFO - Setting next_dagrun for example_branch_labels to 2024-08-19 00:00:00+00:00, run_after=2024-08-20 00:00:00+00:00
[2024-08-20T03:43:16.963+0000] {processor.py:208} INFO - Processing /home/airflow/.local/lib/python3.12/site-packages/airflow/example_dags/example_branch_labels.py took 0.106 seconds
[2024-08-20T03:43:47.385+0000] {processor.py:186} INFO - Started process (PID=713) to work on /home/airflow/.local/lib/python3.12/site-packages/airflow/example_dags/example_branch_labels.py
[2024-08-20T03:43:47.387+0000] {processor.py:914} INFO - Processing file /home/airflow/.local/lib/python3.12/site-packages/airflow/example_dags/example_branch_labels.py for tasks to queue
[2024-08-20T03:43:47.391+0000] {logging_mixin.py:190} INFO - [2024-08-20T03:43:47.390+0000] {dagbag.py:587} INFO - Filling up the DagBag from /home/airflow/.local/lib/python3.12/site-packages/airflow/example_dags/example_branch_labels.py
[2024-08-20T03:43:47.402+0000] {processor.py:925} INFO - DAG(s) 'example_branch_labels' retrieved from /home/airflow/.local/lib/python3.12/site-packages/airflow/example_dags/example_branch_labels.py
[2024-08-20T03:43:47.428+0000] {logging_mixin.py:190} INFO - [2024-08-20T03:43:47.428+0000] {dag.py:3211} INFO - Sync 1 DAGs
[2024-08-20T03:43:47.458+0000] {logging_mixin.py:190} INFO - [2024-08-20T03:43:47.458+0000] {dag.py:4138} INFO - Setting next_dagrun for example_branch_labels to 2024-08-19 00:00:00+00:00, run_after=2024-08-20 00:00:00+00:00
[2024-08-20T03:43:47.480+0000] {processor.py:208} INFO - Processing /home/airflow/.local/lib/python3.12/site-packages/airflow/example_dags/example_branch_labels.py took 0.102 seconds
[2024-08-20T03:44:18.195+0000] {processor.py:186} INFO - Started process (PID=775) to work on /home/airflow/.local/lib/python3.12/site-packages/airflow/example_dags/example_branch_labels.py
[2024-08-20T03:44:18.196+0000] {processor.py:914} INFO - Processing file /home/airflow/.local/lib/python3.12/site-packages/airflow/example_dags/example_branch_labels.py for tasks to queue
[2024-08-20T03:44:18.199+0000] {logging_mixin.py:190} INFO - [2024-08-20T03:44:18.198+0000] {dagbag.py:587} INFO - Filling up the DagBag from /home/airflow/.local/lib/python3.12/site-packages/airflow/example_dags/example_branch_labels.py
[2024-08-20T03:44:18.210+0000] {processor.py:925} INFO - DAG(s) 'example_branch_labels' retrieved from /home/airflow/.local/lib/python3.12/site-packages/airflow/example_dags/example_branch_labels.py
[2024-08-20T03:44:18.232+0000] {logging_mixin.py:190} INFO - [2024-08-20T03:44:18.231+0000] {dag.py:3211} INFO - Sync 1 DAGs
[2024-08-20T03:44:18.260+0000] {logging_mixin.py:190} INFO - [2024-08-20T03:44:18.260+0000] {dag.py:4138} INFO - Setting next_dagrun for example_branch_labels to 2024-08-19 00:00:00+00:00, run_after=2024-08-20 00:00:00+00:00
[2024-08-20T03:44:18.282+0000] {processor.py:208} INFO - Processing /home/airflow/.local/lib/python3.12/site-packages/airflow/example_dags/example_branch_labels.py took 0.094 seconds
[2024-08-20T03:44:49.000+0000] {processor.py:186} INFO - Started process (PID=837) to work on /home/airflow/.local/lib/python3.12/site-packages/airflow/example_dags/example_branch_labels.py
[2024-08-20T03:44:49.001+0000] {processor.py:914} INFO - Processing file /home/airflow/.local/lib/python3.12/site-packages/airflow/example_dags/example_branch_labels.py for tasks to queue
[2024-08-20T03:44:49.004+0000] {logging_mixin.py:190} INFO - [2024-08-20T03:44:49.004+0000] {dagbag.py:587} INFO - Filling up the DagBag from /home/airflow/.local/lib/python3.12/site-packages/airflow/example_dags/example_branch_labels.py
[2024-08-20T03:44:49.017+0000] {processor.py:925} INFO - DAG(s) 'example_branch_labels' retrieved from /home/airflow/.local/lib/python3.12/site-packages/airflow/example_dags/example_branch_labels.py
[2024-08-20T03:44:49.041+0000] {logging_mixin.py:190} INFO - [2024-08-20T03:44:49.041+0000] {dag.py:3211} INFO - Sync 1 DAGs
[2024-08-20T03:44:49.069+0000] {logging_mixin.py:190} INFO - [2024-08-20T03:44:49.068+0000] {dag.py:4138} INFO - Setting next_dagrun for example_branch_labels to 2024-08-19 00:00:00+00:00, run_after=2024-08-20 00:00:00+00:00
[2024-08-20T03:44:49.088+0000] {processor.py:208} INFO - Processing /home/airflow/.local/lib/python3.12/site-packages/airflow/example_dags/example_branch_labels.py took 0.094 seconds
[2024-08-20T03:45:19.647+0000] {processor.py:186} INFO - Started process (PID=899) to work on /home/airflow/.local/lib/python3.12/site-packages/airflow/example_dags/example_branch_labels.py
[2024-08-20T03:45:19.648+0000] {processor.py:914} INFO - Processing file /home/airflow/.local/lib/python3.12/site-packages/airflow/example_dags/example_branch_labels.py for tasks to queue
[2024-08-20T03:45:19.652+0000] {logging_mixin.py:190} INFO - [2024-08-20T03:45:19.651+0000] {dagbag.py:587} INFO - Filling up the DagBag from /home/airflow/.local/lib/python3.12/site-packages/airflow/example_dags/example_branch_labels.py
[2024-08-20T03:45:19.665+0000] {processor.py:925} INFO - DAG(s) 'example_branch_labels' retrieved from /home/airflow/.local/lib/python3.12/site-packages/airflow/example_dags/example_branch_labels.py
[2024-08-20T03:45:19.688+0000] {logging_mixin.py:190} INFO - [2024-08-20T03:45:19.688+0000] {dag.py:3211} INFO - Sync 1 DAGs
[2024-08-20T03:45:19.718+0000] {logging_mixin.py:190} INFO - [2024-08-20T03:45:19.718+0000] {dag.py:4138} INFO - Setting next_dagrun for example_branch_labels to 2024-08-19 00:00:00+00:00, run_after=2024-08-20 00:00:00+00:00
[2024-08-20T03:45:19.744+0000] {processor.py:208} INFO - Processing /home/airflow/.local/lib/python3.12/site-packages/airflow/example_dags/example_branch_labels.py took 0.108 seconds
[2024-08-20T03:45:50.279+0000] {processor.py:186} INFO - Started process (PID=961) to work on /home/airflow/.local/lib/python3.12/site-packages/airflow/example_dags/example_branch_labels.py
[2024-08-20T03:45:50.280+0000] {processor.py:914} INFO - Processing file /home/airflow/.local/lib/python3.12/site-packages/airflow/example_dags/example_branch_labels.py for tasks to queue
[2024-08-20T03:45:50.283+0000] {logging_mixin.py:190} INFO - [2024-08-20T03:45:50.283+0000] {dagbag.py:587} INFO - Filling up the DagBag from /home/airflow/.local/lib/python3.12/site-packages/airflow/example_dags/example_branch_labels.py
[2024-08-20T03:45:50.295+0000] {processor.py:925} INFO - DAG(s) 'example_branch_labels' retrieved from /home/airflow/.local/lib/python3.12/site-packages/airflow/example_dags/example_branch_labels.py
[2024-08-20T03:45:50.317+0000] {logging_mixin.py:190} INFO - [2024-08-20T03:45:50.317+0000] {dag.py:3211} INFO - Sync 1 DAGs
[2024-08-20T03:45:50.346+0000] {logging_mixin.py:190} INFO - [2024-08-20T03:45:50.345+0000] {dag.py:4138} INFO - Setting next_dagrun for example_branch_labels to 2024-08-19 00:00:00+00:00, run_after=2024-08-20 00:00:00+00:00
[2024-08-20T03:45:50.368+0000] {processor.py:208} INFO - Processing /home/airflow/.local/lib/python3.12/site-packages/airflow/example_dags/example_branch_labels.py took 0.095 seconds
[2024-08-20T03:46:20.881+0000] {processor.py:186} INFO - Started process (PID=1023) to work on /home/airflow/.local/lib/python3.12/site-packages/airflow/example_dags/example_branch_labels.py
[2024-08-20T03:46:20.883+0000] {processor.py:914} INFO - Processing file /home/airflow/.local/lib/python3.12/site-packages/airflow/example_dags/example_branch_labels.py for tasks to queue
[2024-08-20T03:46:20.886+0000] {logging_mixin.py:190} INFO - [2024-08-20T03:46:20.885+0000] {dagbag.py:587} INFO - Filling up the DagBag from /home/airflow/.local/lib/python3.12/site-packages/airflow/example_dags/example_branch_labels.py
[2024-08-20T03:46:20.900+0000] {processor.py:925} INFO - DAG(s) 'example_branch_labels' retrieved from /home/airflow/.local/lib/python3.12/site-packages/airflow/example_dags/example_branch_labels.py
[2024-08-20T03:46:20.925+0000] {logging_mixin.py:190} INFO - [2024-08-20T03:46:20.924+0000] {dag.py:3211} INFO - Sync 1 DAGs
[2024-08-20T03:46:20.950+0000] {logging_mixin.py:190} INFO - [2024-08-20T03:46:20.950+0000] {dag.py:4138} INFO - Setting next_dagrun for example_branch_labels to 2024-08-19 00:00:00+00:00, run_after=2024-08-20 00:00:00+00:00
[2024-08-20T03:46:20.972+0000] {processor.py:208} INFO - Processing /home/airflow/.local/lib/python3.12/site-packages/airflow/example_dags/example_branch_labels.py took 0.097 seconds
[2024-08-20T03:46:51.478+0000] {processor.py:186} INFO - Started process (PID=1085) to work on /home/airflow/.local/lib/python3.12/site-packages/airflow/example_dags/example_branch_labels.py
[2024-08-20T03:46:51.479+0000] {processor.py:914} INFO - Processing file /home/airflow/.local/lib/python3.12/site-packages/airflow/example_dags/example_branch_labels.py for tasks to queue
[2024-08-20T03:46:51.482+0000] {logging_mixin.py:190} INFO - [2024-08-20T03:46:51.482+0000] {dagbag.py:587} INFO - Filling up the DagBag from /home/airflow/.local/lib/python3.12/site-packages/airflow/example_dags/example_branch_labels.py
[2024-08-20T03:46:51.496+0000] {processor.py:925} INFO - DAG(s) 'example_branch_labels' retrieved from /home/airflow/.local/lib/python3.12/site-packages/airflow/example_dags/example_branch_labels.py
[2024-08-20T03:46:51.523+0000] {logging_mixin.py:190} INFO - [2024-08-20T03:46:51.523+0000] {dag.py:3211} INFO - Sync 1 DAGs
[2024-08-20T03:46:51.554+0000] {logging_mixin.py:190} INFO - [2024-08-20T03:46:51.554+0000] {dag.py:4138} INFO - Setting next_dagrun for example_branch_labels to 2024-08-19 00:00:00+00:00, run_after=2024-08-20 00:00:00+00:00
[2024-08-20T03:46:51.580+0000] {processor.py:208} INFO - Processing /home/airflow/.local/lib/python3.12/site-packages/airflow/example_dags/example_branch_labels.py took 0.112 seconds
[2024-08-20T03:47:22.313+0000] {processor.py:186} INFO - Started process (PID=1147) to work on /home/airflow/.local/lib/python3.12/site-packages/airflow/example_dags/example_branch_labels.py
[2024-08-20T03:47:22.315+0000] {processor.py:914} INFO - Processing file /home/airflow/.local/lib/python3.12/site-packages/airflow/example_dags/example_branch_labels.py for tasks to queue
[2024-08-20T03:47:22.318+0000] {logging_mixin.py:190} INFO - [2024-08-20T03:47:22.317+0000] {dagbag.py:587} INFO - Filling up the DagBag from /home/airflow/.local/lib/python3.12/site-packages/airflow/example_dags/example_branch_labels.py
[2024-08-20T03:47:22.330+0000] {processor.py:925} INFO - DAG(s) 'example_branch_labels' retrieved from /home/airflow/.local/lib/python3.12/site-packages/airflow/example_dags/example_branch_labels.py
[2024-08-20T03:47:22.351+0000] {logging_mixin.py:190} INFO - [2024-08-20T03:47:22.351+0000] {dag.py:3211} INFO - Sync 1 DAGs
[2024-08-20T03:47:22.377+0000] {logging_mixin.py:190} INFO - [2024-08-20T03:47:22.377+0000] {dag.py:4138} INFO - Setting next_dagrun for example_branch_labels to 2024-08-19 00:00:00+00:00, run_after=2024-08-20 00:00:00+00:00
[2024-08-20T03:47:22.396+0000] {processor.py:208} INFO - Processing /home/airflow/.local/lib/python3.12/site-packages/airflow/example_dags/example_branch_labels.py took 0.090 seconds
[2024-08-20T03:47:52.969+0000] {processor.py:186} INFO - Started process (PID=1210) to work on /home/airflow/.local/lib/python3.12/site-packages/airflow/example_dags/example_branch_labels.py
[2024-08-20T03:47:52.970+0000] {processor.py:914} INFO - Processing file /home/airflow/.local/lib/python3.12/site-packages/airflow/example_dags/example_branch_labels.py for tasks to queue
[2024-08-20T03:47:52.973+0000] {logging_mixin.py:190} INFO - [2024-08-20T03:47:52.972+0000] {dagbag.py:587} INFO - Filling up the DagBag from /home/airflow/.local/lib/python3.12/site-packages/airflow/example_dags/example_branch_labels.py
[2024-08-20T03:47:52.983+0000] {processor.py:925} INFO - DAG(s) 'example_branch_labels' retrieved from /home/airflow/.local/lib/python3.12/site-packages/airflow/example_dags/example_branch_labels.py
[2024-08-20T03:47:53.008+0000] {logging_mixin.py:190} INFO - [2024-08-20T03:47:53.008+0000] {dag.py:3211} INFO - Sync 1 DAGs
[2024-08-20T03:47:53.036+0000] {logging_mixin.py:190} INFO - [2024-08-20T03:47:53.036+0000] {dag.py:4138} INFO - Setting next_dagrun for example_branch_labels to 2024-08-19 00:00:00+00:00, run_after=2024-08-20 00:00:00+00:00
[2024-08-20T03:47:53.059+0000] {processor.py:208} INFO - Processing /home/airflow/.local/lib/python3.12/site-packages/airflow/example_dags/example_branch_labels.py took 0.096 seconds
[2024-08-20T03:48:23.487+0000] {processor.py:186} INFO - Started process (PID=1272) to work on /home/airflow/.local/lib/python3.12/site-packages/airflow/example_dags/example_branch_labels.py
[2024-08-20T03:48:23.488+0000] {processor.py:914} INFO - Processing file /home/airflow/.local/lib/python3.12/site-packages/airflow/example_dags/example_branch_labels.py for tasks to queue
[2024-08-20T03:48:23.492+0000] {logging_mixin.py:190} INFO - [2024-08-20T03:48:23.491+0000] {dagbag.py:587} INFO - Filling up the DagBag from /home/airflow/.local/lib/python3.12/site-packages/airflow/example_dags/example_branch_labels.py
[2024-08-20T03:48:23.536+0000] {processor.py:925} INFO - DAG(s) 'example_branch_labels' retrieved from /home/airflow/.local/lib/python3.12/site-packages/airflow/example_dags/example_branch_labels.py
[2024-08-20T03:48:23.562+0000] {logging_mixin.py:190} INFO - [2024-08-20T03:48:23.561+0000] {dag.py:3211} INFO - Sync 1 DAGs
[2024-08-20T03:48:23.593+0000] {logging_mixin.py:190} INFO - [2024-08-20T03:48:23.593+0000] {dag.py:4138} INFO - Setting next_dagrun for example_branch_labels to 2024-08-19 00:00:00+00:00, run_after=2024-08-20 00:00:00+00:00
[2024-08-20T03:48:23.621+0000] {processor.py:208} INFO - Processing /home/airflow/.local/lib/python3.12/site-packages/airflow/example_dags/example_branch_labels.py took 0.139 seconds
[2024-08-20T03:51:14.770+0000] {processor.py:186} INFO - Started process (PID=90) to work on /home/airflow/.local/lib/python3.12/site-packages/airflow/example_dags/example_branch_labels.py
[2024-08-20T03:51:14.772+0000] {processor.py:914} INFO - Processing file /home/airflow/.local/lib/python3.12/site-packages/airflow/example_dags/example_branch_labels.py for tasks to queue
[2024-08-20T03:51:14.775+0000] {logging_mixin.py:190} INFO - [2024-08-20T03:51:14.775+0000] {dagbag.py:587} INFO - Filling up the DagBag from /home/airflow/.local/lib/python3.12/site-packages/airflow/example_dags/example_branch_labels.py
[2024-08-20T03:51:14.791+0000] {processor.py:925} INFO - DAG(s) 'example_branch_labels' retrieved from /home/airflow/.local/lib/python3.12/site-packages/airflow/example_dags/example_branch_labels.py
[2024-08-20T03:51:14.824+0000] {logging_mixin.py:190} INFO - [2024-08-20T03:51:14.823+0000] {dag.py:3211} INFO - Sync 1 DAGs
[2024-08-20T03:51:14.854+0000] {logging_mixin.py:190} INFO - [2024-08-20T03:51:14.853+0000] {dag.py:4138} INFO - Setting next_dagrun for example_branch_labels to 2024-08-19 00:00:00+00:00, run_after=2024-08-20 00:00:00+00:00
[2024-08-20T03:51:14.875+0000] {processor.py:208} INFO - Processing /home/airflow/.local/lib/python3.12/site-packages/airflow/example_dags/example_branch_labels.py took 0.112 seconds
[2024-08-20T03:51:45.559+0000] {processor.py:186} INFO - Started process (PID=153) to work on /home/airflow/.local/lib/python3.12/site-packages/airflow/example_dags/example_branch_labels.py
[2024-08-20T03:51:45.561+0000] {processor.py:914} INFO - Processing file /home/airflow/.local/lib/python3.12/site-packages/airflow/example_dags/example_branch_labels.py for tasks to queue
[2024-08-20T03:51:45.563+0000] {logging_mixin.py:190} INFO - [2024-08-20T03:51:45.563+0000] {dagbag.py:587} INFO - Filling up the DagBag from /home/airflow/.local/lib/python3.12/site-packages/airflow/example_dags/example_branch_labels.py
[2024-08-20T03:51:45.579+0000] {processor.py:925} INFO - DAG(s) 'example_branch_labels' retrieved from /home/airflow/.local/lib/python3.12/site-packages/airflow/example_dags/example_branch_labels.py
[2024-08-20T03:51:45.608+0000] {logging_mixin.py:190} INFO - [2024-08-20T03:51:45.607+0000] {dag.py:3211} INFO - Sync 1 DAGs
[2024-08-20T03:51:45.638+0000] {logging_mixin.py:190} INFO - [2024-08-20T03:51:45.637+0000] {dag.py:4138} INFO - Setting next_dagrun for example_branch_labels to 2024-08-19 00:00:00+00:00, run_after=2024-08-20 00:00:00+00:00
[2024-08-20T03:51:45.660+0000] {processor.py:208} INFO - Processing /home/airflow/.local/lib/python3.12/site-packages/airflow/example_dags/example_branch_labels.py took 0.109 seconds
[2024-08-20T03:52:16.303+0000] {processor.py:186} INFO - Started process (PID=216) to work on /home/airflow/.local/lib/python3.12/site-packages/airflow/example_dags/example_branch_labels.py
[2024-08-20T03:52:16.304+0000] {processor.py:914} INFO - Processing file /home/airflow/.local/lib/python3.12/site-packages/airflow/example_dags/example_branch_labels.py for tasks to queue
[2024-08-20T03:52:16.307+0000] {logging_mixin.py:190} INFO - [2024-08-20T03:52:16.306+0000] {dagbag.py:587} INFO - Filling up the DagBag from /home/airflow/.local/lib/python3.12/site-packages/airflow/example_dags/example_branch_labels.py
[2024-08-20T03:52:16.321+0000] {processor.py:925} INFO - DAG(s) 'example_branch_labels' retrieved from /home/airflow/.local/lib/python3.12/site-packages/airflow/example_dags/example_branch_labels.py
[2024-08-20T03:52:16.347+0000] {logging_mixin.py:190} INFO - [2024-08-20T03:52:16.346+0000] {dag.py:3211} INFO - Sync 1 DAGs
[2024-08-20T03:52:16.375+0000] {logging_mixin.py:190} INFO - [2024-08-20T03:52:16.375+0000] {dag.py:4138} INFO - Setting next_dagrun for example_branch_labels to 2024-08-19 00:00:00+00:00, run_after=2024-08-20 00:00:00+00:00
[2024-08-20T03:52:16.395+0000] {processor.py:208} INFO - Processing /home/airflow/.local/lib/python3.12/site-packages/airflow/example_dags/example_branch_labels.py took 0.099 seconds
[2024-08-20T03:52:47.098+0000] {processor.py:186} INFO - Started process (PID=278) to work on /home/airflow/.local/lib/python3.12/site-packages/airflow/example_dags/example_branch_labels.py
[2024-08-20T03:52:47.100+0000] {processor.py:914} INFO - Processing file /home/airflow/.local/lib/python3.12/site-packages/airflow/example_dags/example_branch_labels.py for tasks to queue
[2024-08-20T03:52:47.103+0000] {logging_mixin.py:190} INFO - [2024-08-20T03:52:47.102+0000] {dagbag.py:587} INFO - Filling up the DagBag from /home/airflow/.local/lib/python3.12/site-packages/airflow/example_dags/example_branch_labels.py
[2024-08-20T03:52:47.114+0000] {processor.py:925} INFO - DAG(s) 'example_branch_labels' retrieved from /home/airflow/.local/lib/python3.12/site-packages/airflow/example_dags/example_branch_labels.py
[2024-08-20T03:52:47.145+0000] {logging_mixin.py:190} INFO - [2024-08-20T03:52:47.145+0000] {dag.py:3211} INFO - Sync 1 DAGs
[2024-08-20T03:52:47.173+0000] {logging_mixin.py:190} INFO - [2024-08-20T03:52:47.173+0000] {dag.py:4138} INFO - Setting next_dagrun for example_branch_labels to 2024-08-19 00:00:00+00:00, run_after=2024-08-20 00:00:00+00:00
[2024-08-20T03:52:47.194+0000] {processor.py:208} INFO - Processing /home/airflow/.local/lib/python3.12/site-packages/airflow/example_dags/example_branch_labels.py took 0.105 seconds
[2024-08-20T03:53:18.188+0000] {processor.py:186} INFO - Started process (PID=340) to work on /home/airflow/.local/lib/python3.12/site-packages/airflow/example_dags/example_branch_labels.py
[2024-08-20T03:53:18.189+0000] {processor.py:914} INFO - Processing file /home/airflow/.local/lib/python3.12/site-packages/airflow/example_dags/example_branch_labels.py for tasks to queue
[2024-08-20T03:53:18.192+0000] {logging_mixin.py:190} INFO - [2024-08-20T03:53:18.192+0000] {dagbag.py:587} INFO - Filling up the DagBag from /home/airflow/.local/lib/python3.12/site-packages/airflow/example_dags/example_branch_labels.py
[2024-08-20T03:53:18.205+0000] {processor.py:925} INFO - DAG(s) 'example_branch_labels' retrieved from /home/airflow/.local/lib/python3.12/site-packages/airflow/example_dags/example_branch_labels.py
[2024-08-20T03:53:18.229+0000] {logging_mixin.py:190} INFO - [2024-08-20T03:53:18.229+0000] {dag.py:3211} INFO - Sync 1 DAGs
[2024-08-20T03:53:18.264+0000] {logging_mixin.py:190} INFO - [2024-08-20T03:53:18.264+0000] {dag.py:4138} INFO - Setting next_dagrun for example_branch_labels to 2024-08-19 00:00:00+00:00, run_after=2024-08-20 00:00:00+00:00
[2024-08-20T03:53:18.290+0000] {processor.py:208} INFO - Processing /home/airflow/.local/lib/python3.12/site-packages/airflow/example_dags/example_branch_labels.py took 0.108 seconds
[2024-08-20T03:53:48.710+0000] {processor.py:186} INFO - Started process (PID=402) to work on /home/airflow/.local/lib/python3.12/site-packages/airflow/example_dags/example_branch_labels.py
[2024-08-20T03:53:48.713+0000] {processor.py:914} INFO - Processing file /home/airflow/.local/lib/python3.12/site-packages/airflow/example_dags/example_branch_labels.py for tasks to queue
[2024-08-20T03:53:48.718+0000] {logging_mixin.py:190} INFO - [2024-08-20T03:53:48.717+0000] {dagbag.py:587} INFO - Filling up the DagBag from /home/airflow/.local/lib/python3.12/site-packages/airflow/example_dags/example_branch_labels.py
[2024-08-20T03:53:48.729+0000] {processor.py:925} INFO - DAG(s) 'example_branch_labels' retrieved from /home/airflow/.local/lib/python3.12/site-packages/airflow/example_dags/example_branch_labels.py
[2024-08-20T03:53:48.764+0000] {logging_mixin.py:190} INFO - [2024-08-20T03:53:48.763+0000] {dag.py:3211} INFO - Sync 1 DAGs
[2024-08-20T03:53:48.801+0000] {logging_mixin.py:190} INFO - [2024-08-20T03:53:48.801+0000] {dag.py:4138} INFO - Setting next_dagrun for example_branch_labels to 2024-08-19 00:00:00+00:00, run_after=2024-08-20 00:00:00+00:00
[2024-08-20T03:53:48.825+0000] {processor.py:208} INFO - Processing /home/airflow/.local/lib/python3.12/site-packages/airflow/example_dags/example_branch_labels.py took 0.122 seconds
[2024-08-20T03:54:18.995+0000] {processor.py:186} INFO - Started process (PID=464) to work on /home/airflow/.local/lib/python3.12/site-packages/airflow/example_dags/example_branch_labels.py
[2024-08-20T03:54:18.996+0000] {processor.py:914} INFO - Processing file /home/airflow/.local/lib/python3.12/site-packages/airflow/example_dags/example_branch_labels.py for tasks to queue
[2024-08-20T03:54:19.001+0000] {logging_mixin.py:190} INFO - [2024-08-20T03:54:19.000+0000] {dagbag.py:587} INFO - Filling up the DagBag from /home/airflow/.local/lib/python3.12/site-packages/airflow/example_dags/example_branch_labels.py
[2024-08-20T03:54:19.013+0000] {processor.py:925} INFO - DAG(s) 'example_branch_labels' retrieved from /home/airflow/.local/lib/python3.12/site-packages/airflow/example_dags/example_branch_labels.py
[2024-08-20T03:54:19.042+0000] {logging_mixin.py:190} INFO - [2024-08-20T03:54:19.042+0000] {dag.py:3211} INFO - Sync 1 DAGs
[2024-08-20T03:54:19.080+0000] {logging_mixin.py:190} INFO - [2024-08-20T03:54:19.079+0000] {dag.py:4138} INFO - Setting next_dagrun for example_branch_labels to 2024-08-19 00:00:00+00:00, run_after=2024-08-20 00:00:00+00:00
[2024-08-20T03:54:19.111+0000] {processor.py:208} INFO - Processing /home/airflow/.local/lib/python3.12/site-packages/airflow/example_dags/example_branch_labels.py took 0.125 seconds
[2024-08-20T03:54:49.564+0000] {processor.py:186} INFO - Started process (PID=526) to work on /home/airflow/.local/lib/python3.12/site-packages/airflow/example_dags/example_branch_labels.py
[2024-08-20T03:54:49.567+0000] {processor.py:914} INFO - Processing file /home/airflow/.local/lib/python3.12/site-packages/airflow/example_dags/example_branch_labels.py for tasks to queue
[2024-08-20T03:54:49.571+0000] {logging_mixin.py:190} INFO - [2024-08-20T03:54:49.570+0000] {dagbag.py:587} INFO - Filling up the DagBag from /home/airflow/.local/lib/python3.12/site-packages/airflow/example_dags/example_branch_labels.py
[2024-08-20T03:54:49.584+0000] {processor.py:925} INFO - DAG(s) 'example_branch_labels' retrieved from /home/airflow/.local/lib/python3.12/site-packages/airflow/example_dags/example_branch_labels.py
[2024-08-20T03:54:49.612+0000] {logging_mixin.py:190} INFO - [2024-08-20T03:54:49.612+0000] {dag.py:3211} INFO - Sync 1 DAGs
[2024-08-20T03:54:49.642+0000] {logging_mixin.py:190} INFO - [2024-08-20T03:54:49.642+0000] {dag.py:4138} INFO - Setting next_dagrun for example_branch_labels to 2024-08-19 00:00:00+00:00, run_after=2024-08-20 00:00:00+00:00
[2024-08-20T03:54:49.667+0000] {processor.py:208} INFO - Processing /home/airflow/.local/lib/python3.12/site-packages/airflow/example_dags/example_branch_labels.py took 0.110 seconds
[2024-08-20T03:55:20.234+0000] {processor.py:186} INFO - Started process (PID=588) to work on /home/airflow/.local/lib/python3.12/site-packages/airflow/example_dags/example_branch_labels.py
[2024-08-20T03:55:20.236+0000] {processor.py:914} INFO - Processing file /home/airflow/.local/lib/python3.12/site-packages/airflow/example_dags/example_branch_labels.py for tasks to queue
[2024-08-20T03:55:20.239+0000] {logging_mixin.py:190} INFO - [2024-08-20T03:55:20.238+0000] {dagbag.py:587} INFO - Filling up the DagBag from /home/airflow/.local/lib/python3.12/site-packages/airflow/example_dags/example_branch_labels.py
[2024-08-20T03:55:20.252+0000] {processor.py:925} INFO - DAG(s) 'example_branch_labels' retrieved from /home/airflow/.local/lib/python3.12/site-packages/airflow/example_dags/example_branch_labels.py
[2024-08-20T03:55:20.281+0000] {logging_mixin.py:190} INFO - [2024-08-20T03:55:20.281+0000] {dag.py:3211} INFO - Sync 1 DAGs
[2024-08-20T03:55:20.312+0000] {logging_mixin.py:190} INFO - [2024-08-20T03:55:20.312+0000] {dag.py:4138} INFO - Setting next_dagrun for example_branch_labels to 2024-08-19 00:00:00+00:00, run_after=2024-08-20 00:00:00+00:00
[2024-08-20T03:55:20.334+0000] {processor.py:208} INFO - Processing /home/airflow/.local/lib/python3.12/site-packages/airflow/example_dags/example_branch_labels.py took 0.110 seconds
[2024-08-20T03:55:50.477+0000] {processor.py:186} INFO - Started process (PID=650) to work on /home/airflow/.local/lib/python3.12/site-packages/airflow/example_dags/example_branch_labels.py
[2024-08-20T03:55:50.479+0000] {processor.py:914} INFO - Processing file /home/airflow/.local/lib/python3.12/site-packages/airflow/example_dags/example_branch_labels.py for tasks to queue
[2024-08-20T03:55:50.483+0000] {logging_mixin.py:190} INFO - [2024-08-20T03:55:50.482+0000] {dagbag.py:587} INFO - Filling up the DagBag from /home/airflow/.local/lib/python3.12/site-packages/airflow/example_dags/example_branch_labels.py
[2024-08-20T03:55:50.494+0000] {processor.py:925} INFO - DAG(s) 'example_branch_labels' retrieved from /home/airflow/.local/lib/python3.12/site-packages/airflow/example_dags/example_branch_labels.py
[2024-08-20T03:55:50.518+0000] {logging_mixin.py:190} INFO - [2024-08-20T03:55:50.518+0000] {dag.py:3211} INFO - Sync 1 DAGs
[2024-08-20T03:55:50.545+0000] {logging_mixin.py:190} INFO - [2024-08-20T03:55:50.545+0000] {dag.py:4138} INFO - Setting next_dagrun for example_branch_labels to 2024-08-19 00:00:00+00:00, run_after=2024-08-20 00:00:00+00:00
[2024-08-20T03:55:50.568+0000] {processor.py:208} INFO - Processing /home/airflow/.local/lib/python3.12/site-packages/airflow/example_dags/example_branch_labels.py took 0.098 seconds
[2024-08-20T03:56:20.894+0000] {processor.py:186} INFO - Started process (PID=712) to work on /home/airflow/.local/lib/python3.12/site-packages/airflow/example_dags/example_branch_labels.py
[2024-08-20T03:56:20.895+0000] {processor.py:914} INFO - Processing file /home/airflow/.local/lib/python3.12/site-packages/airflow/example_dags/example_branch_labels.py for tasks to queue
[2024-08-20T03:56:20.898+0000] {logging_mixin.py:190} INFO - [2024-08-20T03:56:20.897+0000] {dagbag.py:587} INFO - Filling up the DagBag from /home/airflow/.local/lib/python3.12/site-packages/airflow/example_dags/example_branch_labels.py
[2024-08-20T03:56:20.910+0000] {processor.py:925} INFO - DAG(s) 'example_branch_labels' retrieved from /home/airflow/.local/lib/python3.12/site-packages/airflow/example_dags/example_branch_labels.py
[2024-08-20T03:56:20.937+0000] {logging_mixin.py:190} INFO - [2024-08-20T03:56:20.936+0000] {dag.py:3211} INFO - Sync 1 DAGs
[2024-08-20T03:56:20.966+0000] {logging_mixin.py:190} INFO - [2024-08-20T03:56:20.965+0000] {dag.py:4138} INFO - Setting next_dagrun for example_branch_labels to 2024-08-19 00:00:00+00:00, run_after=2024-08-20 00:00:00+00:00
[2024-08-20T03:56:20.986+0000] {processor.py:208} INFO - Processing /home/airflow/.local/lib/python3.12/site-packages/airflow/example_dags/example_branch_labels.py took 0.100 seconds
[2024-08-20T03:56:51.267+0000] {processor.py:186} INFO - Started process (PID=774) to work on /home/airflow/.local/lib/python3.12/site-packages/airflow/example_dags/example_branch_labels.py
[2024-08-20T03:56:51.268+0000] {processor.py:914} INFO - Processing file /home/airflow/.local/lib/python3.12/site-packages/airflow/example_dags/example_branch_labels.py for tasks to queue
[2024-08-20T03:56:51.271+0000] {logging_mixin.py:190} INFO - [2024-08-20T03:56:51.270+0000] {dagbag.py:587} INFO - Filling up the DagBag from /home/airflow/.local/lib/python3.12/site-packages/airflow/example_dags/example_branch_labels.py
[2024-08-20T03:56:51.282+0000] {processor.py:925} INFO - DAG(s) 'example_branch_labels' retrieved from /home/airflow/.local/lib/python3.12/site-packages/airflow/example_dags/example_branch_labels.py
[2024-08-20T03:56:51.306+0000] {logging_mixin.py:190} INFO - [2024-08-20T03:56:51.305+0000] {dag.py:3211} INFO - Sync 1 DAGs
[2024-08-20T03:56:51.335+0000] {logging_mixin.py:190} INFO - [2024-08-20T03:56:51.335+0000] {dag.py:4138} INFO - Setting next_dagrun for example_branch_labels to 2024-08-19 00:00:00+00:00, run_after=2024-08-20 00:00:00+00:00
[2024-08-20T03:56:51.358+0000] {processor.py:208} INFO - Processing /home/airflow/.local/lib/python3.12/site-packages/airflow/example_dags/example_branch_labels.py took 0.099 seconds
[2024-08-20T03:57:21.859+0000] {processor.py:186} INFO - Started process (PID=836) to work on /home/airflow/.local/lib/python3.12/site-packages/airflow/example_dags/example_branch_labels.py
[2024-08-20T03:57:21.861+0000] {processor.py:914} INFO - Processing file /home/airflow/.local/lib/python3.12/site-packages/airflow/example_dags/example_branch_labels.py for tasks to queue
[2024-08-20T03:57:21.865+0000] {logging_mixin.py:190} INFO - [2024-08-20T03:57:21.864+0000] {dagbag.py:587} INFO - Filling up the DagBag from /home/airflow/.local/lib/python3.12/site-packages/airflow/example_dags/example_branch_labels.py
[2024-08-20T03:57:21.880+0000] {processor.py:925} INFO - DAG(s) 'example_branch_labels' retrieved from /home/airflow/.local/lib/python3.12/site-packages/airflow/example_dags/example_branch_labels.py
[2024-08-20T03:57:21.906+0000] {logging_mixin.py:190} INFO - [2024-08-20T03:57:21.906+0000] {dag.py:3211} INFO - Sync 1 DAGs
[2024-08-20T03:57:21.940+0000] {logging_mixin.py:190} INFO - [2024-08-20T03:57:21.940+0000] {dag.py:4138} INFO - Setting next_dagrun for example_branch_labels to 2024-08-19 00:00:00+00:00, run_after=2024-08-20 00:00:00+00:00
[2024-08-20T03:57:21.963+0000] {processor.py:208} INFO - Processing /home/airflow/.local/lib/python3.12/site-packages/airflow/example_dags/example_branch_labels.py took 0.113 seconds
[2024-08-20T03:57:53.017+0000] {processor.py:186} INFO - Started process (PID=898) to work on /home/airflow/.local/lib/python3.12/site-packages/airflow/example_dags/example_branch_labels.py
[2024-08-20T03:57:53.018+0000] {processor.py:914} INFO - Processing file /home/airflow/.local/lib/python3.12/site-packages/airflow/example_dags/example_branch_labels.py for tasks to queue
[2024-08-20T03:57:53.021+0000] {logging_mixin.py:190} INFO - [2024-08-20T03:57:53.021+0000] {dagbag.py:587} INFO - Filling up the DagBag from /home/airflow/.local/lib/python3.12/site-packages/airflow/example_dags/example_branch_labels.py
[2024-08-20T03:57:53.038+0000] {processor.py:925} INFO - DAG(s) 'example_branch_labels' retrieved from /home/airflow/.local/lib/python3.12/site-packages/airflow/example_dags/example_branch_labels.py
[2024-08-20T03:57:53.066+0000] {logging_mixin.py:190} INFO - [2024-08-20T03:57:53.066+0000] {dag.py:3211} INFO - Sync 1 DAGs
[2024-08-20T03:57:53.092+0000] {logging_mixin.py:190} INFO - [2024-08-20T03:57:53.092+0000] {dag.py:4138} INFO - Setting next_dagrun for example_branch_labels to 2024-08-19 00:00:00+00:00, run_after=2024-08-20 00:00:00+00:00
[2024-08-20T03:57:53.119+0000] {processor.py:208} INFO - Processing /home/airflow/.local/lib/python3.12/site-packages/airflow/example_dags/example_branch_labels.py took 0.111 seconds
[2024-08-20T03:58:23.853+0000] {processor.py:186} INFO - Started process (PID=960) to work on /home/airflow/.local/lib/python3.12/site-packages/airflow/example_dags/example_branch_labels.py
[2024-08-20T03:58:23.854+0000] {processor.py:914} INFO - Processing file /home/airflow/.local/lib/python3.12/site-packages/airflow/example_dags/example_branch_labels.py for tasks to queue
[2024-08-20T03:58:23.857+0000] {logging_mixin.py:190} INFO - [2024-08-20T03:58:23.856+0000] {dagbag.py:587} INFO - Filling up the DagBag from /home/airflow/.local/lib/python3.12/site-packages/airflow/example_dags/example_branch_labels.py
[2024-08-20T03:58:23.869+0000] {processor.py:925} INFO - DAG(s) 'example_branch_labels' retrieved from /home/airflow/.local/lib/python3.12/site-packages/airflow/example_dags/example_branch_labels.py
[2024-08-20T03:58:23.897+0000] {logging_mixin.py:190} INFO - [2024-08-20T03:58:23.895+0000] {dag.py:3211} INFO - Sync 1 DAGs
[2024-08-20T03:58:23.931+0000] {logging_mixin.py:190} INFO - [2024-08-20T03:58:23.931+0000] {dag.py:4138} INFO - Setting next_dagrun for example_branch_labels to 2024-08-19 00:00:00+00:00, run_after=2024-08-20 00:00:00+00:00
[2024-08-20T03:58:23.955+0000] {processor.py:208} INFO - Processing /home/airflow/.local/lib/python3.12/site-packages/airflow/example_dags/example_branch_labels.py took 0.111 seconds
[2024-08-20T03:58:54.550+0000] {processor.py:186} INFO - Started process (PID=1022) to work on /home/airflow/.local/lib/python3.12/site-packages/airflow/example_dags/example_branch_labels.py
[2024-08-20T03:58:54.551+0000] {processor.py:914} INFO - Processing file /home/airflow/.local/lib/python3.12/site-packages/airflow/example_dags/example_branch_labels.py for tasks to queue
[2024-08-20T03:58:54.554+0000] {logging_mixin.py:190} INFO - [2024-08-20T03:58:54.554+0000] {dagbag.py:587} INFO - Filling up the DagBag from /home/airflow/.local/lib/python3.12/site-packages/airflow/example_dags/example_branch_labels.py
[2024-08-20T03:58:54.568+0000] {processor.py:925} INFO - DAG(s) 'example_branch_labels' retrieved from /home/airflow/.local/lib/python3.12/site-packages/airflow/example_dags/example_branch_labels.py
[2024-08-20T03:58:54.590+0000] {logging_mixin.py:190} INFO - [2024-08-20T03:58:54.590+0000] {dag.py:3211} INFO - Sync 1 DAGs
[2024-08-20T03:58:54.621+0000] {logging_mixin.py:190} INFO - [2024-08-20T03:58:54.620+0000] {dag.py:4138} INFO - Setting next_dagrun for example_branch_labels to 2024-08-19 00:00:00+00:00, run_after=2024-08-20 00:00:00+00:00
[2024-08-20T03:58:54.642+0000] {processor.py:208} INFO - Processing /home/airflow/.local/lib/python3.12/site-packages/airflow/example_dags/example_branch_labels.py took 0.101 seconds
[2024-08-20T03:59:25.119+0000] {processor.py:186} INFO - Started process (PID=1084) to work on /home/airflow/.local/lib/python3.12/site-packages/airflow/example_dags/example_branch_labels.py
[2024-08-20T03:59:25.120+0000] {processor.py:914} INFO - Processing file /home/airflow/.local/lib/python3.12/site-packages/airflow/example_dags/example_branch_labels.py for tasks to queue
[2024-08-20T03:59:25.123+0000] {logging_mixin.py:190} INFO - [2024-08-20T03:59:25.123+0000] {dagbag.py:587} INFO - Filling up the DagBag from /home/airflow/.local/lib/python3.12/site-packages/airflow/example_dags/example_branch_labels.py
[2024-08-20T03:59:25.135+0000] {processor.py:925} INFO - DAG(s) 'example_branch_labels' retrieved from /home/airflow/.local/lib/python3.12/site-packages/airflow/example_dags/example_branch_labels.py
[2024-08-20T03:59:25.158+0000] {logging_mixin.py:190} INFO - [2024-08-20T03:59:25.158+0000] {dag.py:3211} INFO - Sync 1 DAGs
[2024-08-20T03:59:25.187+0000] {logging_mixin.py:190} INFO - [2024-08-20T03:59:25.186+0000] {dag.py:4138} INFO - Setting next_dagrun for example_branch_labels to 2024-08-19 00:00:00+00:00, run_after=2024-08-20 00:00:00+00:00
[2024-08-20T03:59:25.209+0000] {processor.py:208} INFO - Processing /home/airflow/.local/lib/python3.12/site-packages/airflow/example_dags/example_branch_labels.py took 0.097 seconds
[2024-08-20T03:59:55.674+0000] {processor.py:186} INFO - Started process (PID=1146) to work on /home/airflow/.local/lib/python3.12/site-packages/airflow/example_dags/example_branch_labels.py
[2024-08-20T03:59:55.675+0000] {processor.py:914} INFO - Processing file /home/airflow/.local/lib/python3.12/site-packages/airflow/example_dags/example_branch_labels.py for tasks to queue
[2024-08-20T03:59:55.678+0000] {logging_mixin.py:190} INFO - [2024-08-20T03:59:55.678+0000] {dagbag.py:587} INFO - Filling up the DagBag from /home/airflow/.local/lib/python3.12/site-packages/airflow/example_dags/example_branch_labels.py
[2024-08-20T03:59:55.690+0000] {processor.py:925} INFO - DAG(s) 'example_branch_labels' retrieved from /home/airflow/.local/lib/python3.12/site-packages/airflow/example_dags/example_branch_labels.py
[2024-08-20T03:59:55.718+0000] {logging_mixin.py:190} INFO - [2024-08-20T03:59:55.717+0000] {dag.py:3211} INFO - Sync 1 DAGs
[2024-08-20T03:59:55.749+0000] {logging_mixin.py:190} INFO - [2024-08-20T03:59:55.748+0000] {dag.py:4138} INFO - Setting next_dagrun for example_branch_labels to 2024-08-19 00:00:00+00:00, run_after=2024-08-20 00:00:00+00:00
[2024-08-20T03:59:55.775+0000] {processor.py:208} INFO - Processing /home/airflow/.local/lib/python3.12/site-packages/airflow/example_dags/example_branch_labels.py took 0.109 seconds
[2024-08-20T04:00:26.173+0000] {processor.py:186} INFO - Started process (PID=1208) to work on /home/airflow/.local/lib/python3.12/site-packages/airflow/example_dags/example_branch_labels.py
[2024-08-20T04:00:26.174+0000] {processor.py:914} INFO - Processing file /home/airflow/.local/lib/python3.12/site-packages/airflow/example_dags/example_branch_labels.py for tasks to queue
[2024-08-20T04:00:26.177+0000] {logging_mixin.py:190} INFO - [2024-08-20T04:00:26.176+0000] {dagbag.py:587} INFO - Filling up the DagBag from /home/airflow/.local/lib/python3.12/site-packages/airflow/example_dags/example_branch_labels.py
[2024-08-20T04:00:26.190+0000] {processor.py:925} INFO - DAG(s) 'example_branch_labels' retrieved from /home/airflow/.local/lib/python3.12/site-packages/airflow/example_dags/example_branch_labels.py
[2024-08-20T04:00:26.213+0000] {logging_mixin.py:190} INFO - [2024-08-20T04:00:26.212+0000] {dag.py:3211} INFO - Sync 1 DAGs
[2024-08-20T04:00:26.249+0000] {logging_mixin.py:190} INFO - [2024-08-20T04:00:26.248+0000] {dag.py:4138} INFO - Setting next_dagrun for example_branch_labels to 2024-08-19 00:00:00+00:00, run_after=2024-08-20 00:00:00+00:00
[2024-08-20T04:00:26.272+0000] {processor.py:208} INFO - Processing /home/airflow/.local/lib/python3.12/site-packages/airflow/example_dags/example_branch_labels.py took 0.106 seconds
[2024-08-20T04:00:56.551+0000] {processor.py:186} INFO - Started process (PID=1270) to work on /home/airflow/.local/lib/python3.12/site-packages/airflow/example_dags/example_branch_labels.py
[2024-08-20T04:00:56.553+0000] {processor.py:914} INFO - Processing file /home/airflow/.local/lib/python3.12/site-packages/airflow/example_dags/example_branch_labels.py for tasks to queue
[2024-08-20T04:00:56.556+0000] {logging_mixin.py:190} INFO - [2024-08-20T04:00:56.555+0000] {dagbag.py:587} INFO - Filling up the DagBag from /home/airflow/.local/lib/python3.12/site-packages/airflow/example_dags/example_branch_labels.py
[2024-08-20T04:00:56.588+0000] {processor.py:925} INFO - DAG(s) 'example_branch_labels' retrieved from /home/airflow/.local/lib/python3.12/site-packages/airflow/example_dags/example_branch_labels.py
[2024-08-20T04:00:56.635+0000] {logging_mixin.py:190} INFO - [2024-08-20T04:00:56.635+0000] {dag.py:3211} INFO - Sync 1 DAGs
[2024-08-20T04:00:56.666+0000] {logging_mixin.py:190} INFO - [2024-08-20T04:00:56.665+0000] {dag.py:4138} INFO - Setting next_dagrun for example_branch_labels to 2024-08-19 00:00:00+00:00, run_after=2024-08-20 00:00:00+00:00
[2024-08-20T04:00:56.687+0000] {processor.py:208} INFO - Processing /home/airflow/.local/lib/python3.12/site-packages/airflow/example_dags/example_branch_labels.py took 0.144 seconds
[2024-08-20T04:01:27.044+0000] {processor.py:186} INFO - Started process (PID=1332) to work on /home/airflow/.local/lib/python3.12/site-packages/airflow/example_dags/example_branch_labels.py
[2024-08-20T04:01:27.046+0000] {processor.py:914} INFO - Processing file /home/airflow/.local/lib/python3.12/site-packages/airflow/example_dags/example_branch_labels.py for tasks to queue
[2024-08-20T04:01:27.050+0000] {logging_mixin.py:190} INFO - [2024-08-20T04:01:27.050+0000] {dagbag.py:587} INFO - Filling up the DagBag from /home/airflow/.local/lib/python3.12/site-packages/airflow/example_dags/example_branch_labels.py
[2024-08-20T04:01:27.066+0000] {processor.py:925} INFO - DAG(s) 'example_branch_labels' retrieved from /home/airflow/.local/lib/python3.12/site-packages/airflow/example_dags/example_branch_labels.py
[2024-08-20T04:01:27.102+0000] {logging_mixin.py:190} INFO - [2024-08-20T04:01:27.101+0000] {dag.py:3211} INFO - Sync 1 DAGs
[2024-08-20T04:01:27.145+0000] {logging_mixin.py:190} INFO - [2024-08-20T04:01:27.144+0000] {dag.py:4138} INFO - Setting next_dagrun for example_branch_labels to 2024-08-19 00:00:00+00:00, run_after=2024-08-20 00:00:00+00:00
[2024-08-20T04:01:27.173+0000] {processor.py:208} INFO - Processing /home/airflow/.local/lib/python3.12/site-packages/airflow/example_dags/example_branch_labels.py took 0.137 seconds
[2024-08-20T04:01:57.589+0000] {processor.py:186} INFO - Started process (PID=1394) to work on /home/airflow/.local/lib/python3.12/site-packages/airflow/example_dags/example_branch_labels.py
[2024-08-20T04:01:57.591+0000] {processor.py:914} INFO - Processing file /home/airflow/.local/lib/python3.12/site-packages/airflow/example_dags/example_branch_labels.py for tasks to queue
[2024-08-20T04:01:57.594+0000] {logging_mixin.py:190} INFO - [2024-08-20T04:01:57.593+0000] {dagbag.py:587} INFO - Filling up the DagBag from /home/airflow/.local/lib/python3.12/site-packages/airflow/example_dags/example_branch_labels.py
[2024-08-20T04:01:57.608+0000] {processor.py:925} INFO - DAG(s) 'example_branch_labels' retrieved from /home/airflow/.local/lib/python3.12/site-packages/airflow/example_dags/example_branch_labels.py
[2024-08-20T04:01:57.638+0000] {logging_mixin.py:190} INFO - [2024-08-20T04:01:57.638+0000] {dag.py:3211} INFO - Sync 1 DAGs
[2024-08-20T04:01:57.670+0000] {logging_mixin.py:190} INFO - [2024-08-20T04:01:57.669+0000] {dag.py:4138} INFO - Setting next_dagrun for example_branch_labels to 2024-08-19 00:00:00+00:00, run_after=2024-08-20 00:00:00+00:00
[2024-08-20T04:01:57.698+0000] {processor.py:208} INFO - Processing /home/airflow/.local/lib/python3.12/site-packages/airflow/example_dags/example_branch_labels.py took 0.120 seconds
[2024-08-20T04:02:27.964+0000] {processor.py:186} INFO - Started process (PID=1456) to work on /home/airflow/.local/lib/python3.12/site-packages/airflow/example_dags/example_branch_labels.py
[2024-08-20T04:02:27.966+0000] {processor.py:914} INFO - Processing file /home/airflow/.local/lib/python3.12/site-packages/airflow/example_dags/example_branch_labels.py for tasks to queue
[2024-08-20T04:02:27.969+0000] {logging_mixin.py:190} INFO - [2024-08-20T04:02:27.969+0000] {dagbag.py:587} INFO - Filling up the DagBag from /home/airflow/.local/lib/python3.12/site-packages/airflow/example_dags/example_branch_labels.py
[2024-08-20T04:02:27.983+0000] {processor.py:925} INFO - DAG(s) 'example_branch_labels' retrieved from /home/airflow/.local/lib/python3.12/site-packages/airflow/example_dags/example_branch_labels.py
[2024-08-20T04:02:28.004+0000] {logging_mixin.py:190} INFO - [2024-08-20T04:02:28.004+0000] {dag.py:3211} INFO - Sync 1 DAGs
[2024-08-20T04:02:28.029+0000] {logging_mixin.py:190} INFO - [2024-08-20T04:02:28.029+0000] {dag.py:4138} INFO - Setting next_dagrun for example_branch_labels to 2024-08-19 00:00:00+00:00, run_after=2024-08-20 00:00:00+00:00
[2024-08-20T04:02:28.046+0000] {processor.py:208} INFO - Processing /home/airflow/.local/lib/python3.12/site-packages/airflow/example_dags/example_branch_labels.py took 0.088 seconds
[2024-08-20T04:02:58.850+0000] {processor.py:186} INFO - Started process (PID=1518) to work on /home/airflow/.local/lib/python3.12/site-packages/airflow/example_dags/example_branch_labels.py
[2024-08-20T04:02:58.852+0000] {processor.py:914} INFO - Processing file /home/airflow/.local/lib/python3.12/site-packages/airflow/example_dags/example_branch_labels.py for tasks to queue
[2024-08-20T04:02:58.855+0000] {logging_mixin.py:190} INFO - [2024-08-20T04:02:58.854+0000] {dagbag.py:587} INFO - Filling up the DagBag from /home/airflow/.local/lib/python3.12/site-packages/airflow/example_dags/example_branch_labels.py
[2024-08-20T04:02:58.867+0000] {processor.py:925} INFO - DAG(s) 'example_branch_labels' retrieved from /home/airflow/.local/lib/python3.12/site-packages/airflow/example_dags/example_branch_labels.py
[2024-08-20T04:02:58.890+0000] {logging_mixin.py:190} INFO - [2024-08-20T04:02:58.889+0000] {dag.py:3211} INFO - Sync 1 DAGs
[2024-08-20T04:02:58.918+0000] {logging_mixin.py:190} INFO - [2024-08-20T04:02:58.918+0000] {dag.py:4138} INFO - Setting next_dagrun for example_branch_labels to 2024-08-19 00:00:00+00:00, run_after=2024-08-20 00:00:00+00:00
[2024-08-20T04:02:58.937+0000] {processor.py:208} INFO - Processing /home/airflow/.local/lib/python3.12/site-packages/airflow/example_dags/example_branch_labels.py took 0.094 seconds
[2024-08-20T04:03:29.690+0000] {processor.py:186} INFO - Started process (PID=1580) to work on /home/airflow/.local/lib/python3.12/site-packages/airflow/example_dags/example_branch_labels.py
[2024-08-20T04:03:29.692+0000] {processor.py:914} INFO - Processing file /home/airflow/.local/lib/python3.12/site-packages/airflow/example_dags/example_branch_labels.py for tasks to queue
[2024-08-20T04:03:29.695+0000] {logging_mixin.py:190} INFO - [2024-08-20T04:03:29.694+0000] {dagbag.py:587} INFO - Filling up the DagBag from /home/airflow/.local/lib/python3.12/site-packages/airflow/example_dags/example_branch_labels.py
[2024-08-20T04:03:29.708+0000] {processor.py:925} INFO - DAG(s) 'example_branch_labels' retrieved from /home/airflow/.local/lib/python3.12/site-packages/airflow/example_dags/example_branch_labels.py
[2024-08-20T04:03:29.739+0000] {logging_mixin.py:190} INFO - [2024-08-20T04:03:29.738+0000] {dag.py:3211} INFO - Sync 1 DAGs
[2024-08-20T04:03:29.772+0000] {logging_mixin.py:190} INFO - [2024-08-20T04:03:29.771+0000] {dag.py:4138} INFO - Setting next_dagrun for example_branch_labels to 2024-08-19 00:00:00+00:00, run_after=2024-08-20 00:00:00+00:00
[2024-08-20T04:03:29.800+0000] {processor.py:208} INFO - Processing /home/airflow/.local/lib/python3.12/site-packages/airflow/example_dags/example_branch_labels.py took 0.117 seconds
[2024-08-20T04:04:00.242+0000] {processor.py:186} INFO - Started process (PID=1642) to work on /home/airflow/.local/lib/python3.12/site-packages/airflow/example_dags/example_branch_labels.py
[2024-08-20T04:04:00.243+0000] {processor.py:914} INFO - Processing file /home/airflow/.local/lib/python3.12/site-packages/airflow/example_dags/example_branch_labels.py for tasks to queue
[2024-08-20T04:04:00.246+0000] {logging_mixin.py:190} INFO - [2024-08-20T04:04:00.246+0000] {dagbag.py:587} INFO - Filling up the DagBag from /home/airflow/.local/lib/python3.12/site-packages/airflow/example_dags/example_branch_labels.py
[2024-08-20T04:04:00.259+0000] {processor.py:925} INFO - DAG(s) 'example_branch_labels' retrieved from /home/airflow/.local/lib/python3.12/site-packages/airflow/example_dags/example_branch_labels.py
[2024-08-20T04:04:00.287+0000] {logging_mixin.py:190} INFO - [2024-08-20T04:04:00.287+0000] {dag.py:3211} INFO - Sync 1 DAGs
[2024-08-20T04:04:00.322+0000] {logging_mixin.py:190} INFO - [2024-08-20T04:04:00.321+0000] {dag.py:4138} INFO - Setting next_dagrun for example_branch_labels to 2024-08-19 00:00:00+00:00, run_after=2024-08-20 00:00:00+00:00
[2024-08-20T04:04:00.343+0000] {processor.py:208} INFO - Processing /home/airflow/.local/lib/python3.12/site-packages/airflow/example_dags/example_branch_labels.py took 0.108 seconds
[2024-08-20T04:04:30.405+0000] {processor.py:186} INFO - Started process (PID=1704) to work on /home/airflow/.local/lib/python3.12/site-packages/airflow/example_dags/example_branch_labels.py
[2024-08-20T04:04:30.406+0000] {processor.py:914} INFO - Processing file /home/airflow/.local/lib/python3.12/site-packages/airflow/example_dags/example_branch_labels.py for tasks to queue
[2024-08-20T04:04:30.409+0000] {logging_mixin.py:190} INFO - [2024-08-20T04:04:30.409+0000] {dagbag.py:587} INFO - Filling up the DagBag from /home/airflow/.local/lib/python3.12/site-packages/airflow/example_dags/example_branch_labels.py
[2024-08-20T04:04:30.418+0000] {processor.py:925} INFO - DAG(s) 'example_branch_labels' retrieved from /home/airflow/.local/lib/python3.12/site-packages/airflow/example_dags/example_branch_labels.py
[2024-08-20T04:04:30.444+0000] {logging_mixin.py:190} INFO - [2024-08-20T04:04:30.444+0000] {dag.py:3211} INFO - Sync 1 DAGs
[2024-08-20T04:04:30.469+0000] {logging_mixin.py:190} INFO - [2024-08-20T04:04:30.469+0000] {dag.py:4138} INFO - Setting next_dagrun for example_branch_labels to 2024-08-19 00:00:00+00:00, run_after=2024-08-20 00:00:00+00:00
[2024-08-20T04:04:30.488+0000] {processor.py:208} INFO - Processing /home/airflow/.local/lib/python3.12/site-packages/airflow/example_dags/example_branch_labels.py took 0.089 seconds
[2024-08-20T04:05:01.479+0000] {processor.py:186} INFO - Started process (PID=1766) to work on /home/airflow/.local/lib/python3.12/site-packages/airflow/example_dags/example_branch_labels.py
[2024-08-20T04:05:01.481+0000] {processor.py:914} INFO - Processing file /home/airflow/.local/lib/python3.12/site-packages/airflow/example_dags/example_branch_labels.py for tasks to queue
[2024-08-20T04:05:01.485+0000] {logging_mixin.py:190} INFO - [2024-08-20T04:05:01.485+0000] {dagbag.py:587} INFO - Filling up the DagBag from /home/airflow/.local/lib/python3.12/site-packages/airflow/example_dags/example_branch_labels.py
[2024-08-20T04:05:01.502+0000] {processor.py:925} INFO - DAG(s) 'example_branch_labels' retrieved from /home/airflow/.local/lib/python3.12/site-packages/airflow/example_dags/example_branch_labels.py
[2024-08-20T04:05:01.538+0000] {logging_mixin.py:190} INFO - [2024-08-20T04:05:01.538+0000] {dag.py:3211} INFO - Sync 1 DAGs
[2024-08-20T04:05:01.581+0000] {logging_mixin.py:190} INFO - [2024-08-20T04:05:01.580+0000] {dag.py:4138} INFO - Setting next_dagrun for example_branch_labels to 2024-08-19 00:00:00+00:00, run_after=2024-08-20 00:00:00+00:00
[2024-08-20T04:05:01.615+0000] {processor.py:208} INFO - Processing /home/airflow/.local/lib/python3.12/site-packages/airflow/example_dags/example_branch_labels.py took 0.143 seconds
[2024-08-20T04:05:32.210+0000] {processor.py:186} INFO - Started process (PID=1829) to work on /home/airflow/.local/lib/python3.12/site-packages/airflow/example_dags/example_branch_labels.py
[2024-08-20T04:05:32.212+0000] {processor.py:914} INFO - Processing file /home/airflow/.local/lib/python3.12/site-packages/airflow/example_dags/example_branch_labels.py for tasks to queue
[2024-08-20T04:05:32.215+0000] {logging_mixin.py:190} INFO - [2024-08-20T04:05:32.215+0000] {dagbag.py:587} INFO - Filling up the DagBag from /home/airflow/.local/lib/python3.12/site-packages/airflow/example_dags/example_branch_labels.py
[2024-08-20T04:05:32.231+0000] {processor.py:925} INFO - DAG(s) 'example_branch_labels' retrieved from /home/airflow/.local/lib/python3.12/site-packages/airflow/example_dags/example_branch_labels.py
[2024-08-20T04:05:32.270+0000] {logging_mixin.py:190} INFO - [2024-08-20T04:05:32.270+0000] {dag.py:3211} INFO - Sync 1 DAGs
[2024-08-20T04:05:32.308+0000] {logging_mixin.py:190} INFO - [2024-08-20T04:05:32.307+0000] {dag.py:4138} INFO - Setting next_dagrun for example_branch_labels to 2024-08-19 00:00:00+00:00, run_after=2024-08-20 00:00:00+00:00
[2024-08-20T04:05:32.335+0000] {processor.py:208} INFO - Processing /home/airflow/.local/lib/python3.12/site-packages/airflow/example_dags/example_branch_labels.py took 0.134 seconds
[2024-08-20T04:06:03.117+0000] {processor.py:186} INFO - Started process (PID=1890) to work on /home/airflow/.local/lib/python3.12/site-packages/airflow/example_dags/example_branch_labels.py
[2024-08-20T04:06:03.118+0000] {processor.py:914} INFO - Processing file /home/airflow/.local/lib/python3.12/site-packages/airflow/example_dags/example_branch_labels.py for tasks to queue
[2024-08-20T04:06:03.121+0000] {logging_mixin.py:190} INFO - [2024-08-20T04:06:03.121+0000] {dagbag.py:587} INFO - Filling up the DagBag from /home/airflow/.local/lib/python3.12/site-packages/airflow/example_dags/example_branch_labels.py
[2024-08-20T04:06:03.138+0000] {processor.py:925} INFO - DAG(s) 'example_branch_labels' retrieved from /home/airflow/.local/lib/python3.12/site-packages/airflow/example_dags/example_branch_labels.py
[2024-08-20T04:06:03.171+0000] {logging_mixin.py:190} INFO - [2024-08-20T04:06:03.170+0000] {dag.py:3211} INFO - Sync 1 DAGs
[2024-08-20T04:06:03.204+0000] {logging_mixin.py:190} INFO - [2024-08-20T04:06:03.204+0000] {dag.py:4138} INFO - Setting next_dagrun for example_branch_labels to 2024-08-19 00:00:00+00:00, run_after=2024-08-20 00:00:00+00:00
[2024-08-20T04:06:03.227+0000] {processor.py:208} INFO - Processing /home/airflow/.local/lib/python3.12/site-packages/airflow/example_dags/example_branch_labels.py took 0.118 seconds
[2024-08-20T04:06:33.911+0000] {processor.py:186} INFO - Started process (PID=1952) to work on /home/airflow/.local/lib/python3.12/site-packages/airflow/example_dags/example_branch_labels.py
[2024-08-20T04:06:33.914+0000] {processor.py:914} INFO - Processing file /home/airflow/.local/lib/python3.12/site-packages/airflow/example_dags/example_branch_labels.py for tasks to queue
[2024-08-20T04:06:33.920+0000] {logging_mixin.py:190} INFO - [2024-08-20T04:06:33.920+0000] {dagbag.py:587} INFO - Filling up the DagBag from /home/airflow/.local/lib/python3.12/site-packages/airflow/example_dags/example_branch_labels.py
[2024-08-20T04:06:33.941+0000] {processor.py:925} INFO - DAG(s) 'example_branch_labels' retrieved from /home/airflow/.local/lib/python3.12/site-packages/airflow/example_dags/example_branch_labels.py
[2024-08-20T04:06:33.982+0000] {logging_mixin.py:190} INFO - [2024-08-20T04:06:33.981+0000] {dag.py:3211} INFO - Sync 1 DAGs
[2024-08-20T04:06:34.022+0000] {logging_mixin.py:190} INFO - [2024-08-20T04:06:34.021+0000] {dag.py:4138} INFO - Setting next_dagrun for example_branch_labels to 2024-08-19 00:00:00+00:00, run_after=2024-08-20 00:00:00+00:00
[2024-08-20T04:06:34.047+0000] {processor.py:208} INFO - Processing /home/airflow/.local/lib/python3.12/site-packages/airflow/example_dags/example_branch_labels.py took 0.150 seconds
[2024-08-20T04:07:05.100+0000] {processor.py:186} INFO - Started process (PID=2020) to work on /home/airflow/.local/lib/python3.12/site-packages/airflow/example_dags/example_branch_labels.py
[2024-08-20T04:07:05.101+0000] {processor.py:914} INFO - Processing file /home/airflow/.local/lib/python3.12/site-packages/airflow/example_dags/example_branch_labels.py for tasks to queue
[2024-08-20T04:07:05.105+0000] {logging_mixin.py:190} INFO - [2024-08-20T04:07:05.104+0000] {dagbag.py:587} INFO - Filling up the DagBag from /home/airflow/.local/lib/python3.12/site-packages/airflow/example_dags/example_branch_labels.py
[2024-08-20T04:07:05.117+0000] {processor.py:925} INFO - DAG(s) 'example_branch_labels' retrieved from /home/airflow/.local/lib/python3.12/site-packages/airflow/example_dags/example_branch_labels.py
[2024-08-20T04:07:05.148+0000] {logging_mixin.py:190} INFO - [2024-08-20T04:07:05.148+0000] {dag.py:3211} INFO - Sync 1 DAGs
[2024-08-20T04:07:05.186+0000] {logging_mixin.py:190} INFO - [2024-08-20T04:07:05.185+0000] {dag.py:4138} INFO - Setting next_dagrun for example_branch_labels to 2024-08-19 00:00:00+00:00, run_after=2024-08-20 00:00:00+00:00
[2024-08-20T04:07:05.211+0000] {processor.py:208} INFO - Processing /home/airflow/.local/lib/python3.12/site-packages/airflow/example_dags/example_branch_labels.py took 0.123 seconds
[2024-08-20T04:07:35.830+0000] {processor.py:186} INFO - Started process (PID=2083) to work on /home/airflow/.local/lib/python3.12/site-packages/airflow/example_dags/example_branch_labels.py
[2024-08-20T04:07:35.832+0000] {processor.py:914} INFO - Processing file /home/airflow/.local/lib/python3.12/site-packages/airflow/example_dags/example_branch_labels.py for tasks to queue
[2024-08-20T04:07:35.835+0000] {logging_mixin.py:190} INFO - [2024-08-20T04:07:35.835+0000] {dagbag.py:587} INFO - Filling up the DagBag from /home/airflow/.local/lib/python3.12/site-packages/airflow/example_dags/example_branch_labels.py
[2024-08-20T04:07:35.848+0000] {processor.py:925} INFO - DAG(s) 'example_branch_labels' retrieved from /home/airflow/.local/lib/python3.12/site-packages/airflow/example_dags/example_branch_labels.py
[2024-08-20T04:07:35.874+0000] {logging_mixin.py:190} INFO - [2024-08-20T04:07:35.873+0000] {dag.py:3211} INFO - Sync 1 DAGs
[2024-08-20T04:07:35.904+0000] {logging_mixin.py:190} INFO - [2024-08-20T04:07:35.904+0000] {dag.py:4138} INFO - Setting next_dagrun for example_branch_labels to 2024-08-19 00:00:00+00:00, run_after=2024-08-20 00:00:00+00:00
[2024-08-20T04:07:35.925+0000] {processor.py:208} INFO - Processing /home/airflow/.local/lib/python3.12/site-packages/airflow/example_dags/example_branch_labels.py took 0.103 seconds
[2024-08-20T04:08:06.691+0000] {processor.py:186} INFO - Started process (PID=2146) to work on /home/airflow/.local/lib/python3.12/site-packages/airflow/example_dags/example_branch_labels.py
[2024-08-20T04:08:06.693+0000] {processor.py:914} INFO - Processing file /home/airflow/.local/lib/python3.12/site-packages/airflow/example_dags/example_branch_labels.py for tasks to queue
[2024-08-20T04:08:06.696+0000] {logging_mixin.py:190} INFO - [2024-08-20T04:08:06.696+0000] {dagbag.py:587} INFO - Filling up the DagBag from /home/airflow/.local/lib/python3.12/site-packages/airflow/example_dags/example_branch_labels.py
[2024-08-20T04:08:06.708+0000] {processor.py:925} INFO - DAG(s) 'example_branch_labels' retrieved from /home/airflow/.local/lib/python3.12/site-packages/airflow/example_dags/example_branch_labels.py
[2024-08-20T04:08:06.733+0000] {logging_mixin.py:190} INFO - [2024-08-20T04:08:06.733+0000] {dag.py:3211} INFO - Sync 1 DAGs
[2024-08-20T04:08:06.765+0000] {logging_mixin.py:190} INFO - [2024-08-20T04:08:06.765+0000] {dag.py:4138} INFO - Setting next_dagrun for example_branch_labels to 2024-08-19 00:00:00+00:00, run_after=2024-08-20 00:00:00+00:00
[2024-08-20T04:08:06.791+0000] {processor.py:208} INFO - Processing /home/airflow/.local/lib/python3.12/site-packages/airflow/example_dags/example_branch_labels.py took 0.107 seconds
[2024-08-20T04:08:37.521+0000] {processor.py:186} INFO - Started process (PID=2208) to work on /home/airflow/.local/lib/python3.12/site-packages/airflow/example_dags/example_branch_labels.py
[2024-08-20T04:08:37.523+0000] {processor.py:914} INFO - Processing file /home/airflow/.local/lib/python3.12/site-packages/airflow/example_dags/example_branch_labels.py for tasks to queue
[2024-08-20T04:08:37.527+0000] {logging_mixin.py:190} INFO - [2024-08-20T04:08:37.526+0000] {dagbag.py:587} INFO - Filling up the DagBag from /home/airflow/.local/lib/python3.12/site-packages/airflow/example_dags/example_branch_labels.py
[2024-08-20T04:08:37.540+0000] {processor.py:925} INFO - DAG(s) 'example_branch_labels' retrieved from /home/airflow/.local/lib/python3.12/site-packages/airflow/example_dags/example_branch_labels.py
[2024-08-20T04:08:37.571+0000] {logging_mixin.py:190} INFO - [2024-08-20T04:08:37.571+0000] {dag.py:3211} INFO - Sync 1 DAGs
[2024-08-20T04:08:37.608+0000] {logging_mixin.py:190} INFO - [2024-08-20T04:08:37.608+0000] {dag.py:4138} INFO - Setting next_dagrun for example_branch_labels to 2024-08-19 00:00:00+00:00, run_after=2024-08-20 00:00:00+00:00
[2024-08-20T04:08:37.635+0000] {processor.py:208} INFO - Processing /home/airflow/.local/lib/python3.12/site-packages/airflow/example_dags/example_branch_labels.py took 0.121 seconds
[2024-08-20T04:09:08.523+0000] {processor.py:186} INFO - Started process (PID=2270) to work on /home/airflow/.local/lib/python3.12/site-packages/airflow/example_dags/example_branch_labels.py
[2024-08-20T04:09:08.525+0000] {processor.py:914} INFO - Processing file /home/airflow/.local/lib/python3.12/site-packages/airflow/example_dags/example_branch_labels.py for tasks to queue
[2024-08-20T04:09:08.530+0000] {logging_mixin.py:190} INFO - [2024-08-20T04:09:08.529+0000] {dagbag.py:587} INFO - Filling up the DagBag from /home/airflow/.local/lib/python3.12/site-packages/airflow/example_dags/example_branch_labels.py
[2024-08-20T04:09:08.545+0000] {processor.py:925} INFO - DAG(s) 'example_branch_labels' retrieved from /home/airflow/.local/lib/python3.12/site-packages/airflow/example_dags/example_branch_labels.py
[2024-08-20T04:09:08.579+0000] {logging_mixin.py:190} INFO - [2024-08-20T04:09:08.579+0000] {dag.py:3211} INFO - Sync 1 DAGs
[2024-08-20T04:09:08.631+0000] {logging_mixin.py:190} INFO - [2024-08-20T04:09:08.630+0000] {dag.py:4138} INFO - Setting next_dagrun for example_branch_labels to 2024-08-19 00:00:00+00:00, run_after=2024-08-20 00:00:00+00:00
[2024-08-20T04:09:08.671+0000] {processor.py:208} INFO - Processing /home/airflow/.local/lib/python3.12/site-packages/airflow/example_dags/example_branch_labels.py took 0.157 seconds
[2024-08-20T04:09:39.862+0000] {processor.py:186} INFO - Started process (PID=2332) to work on /home/airflow/.local/lib/python3.12/site-packages/airflow/example_dags/example_branch_labels.py
[2024-08-20T04:09:39.864+0000] {processor.py:914} INFO - Processing file /home/airflow/.local/lib/python3.12/site-packages/airflow/example_dags/example_branch_labels.py for tasks to queue
[2024-08-20T04:09:39.868+0000] {logging_mixin.py:190} INFO - [2024-08-20T04:09:39.867+0000] {dagbag.py:587} INFO - Filling up the DagBag from /home/airflow/.local/lib/python3.12/site-packages/airflow/example_dags/example_branch_labels.py
[2024-08-20T04:09:39.883+0000] {processor.py:925} INFO - DAG(s) 'example_branch_labels' retrieved from /home/airflow/.local/lib/python3.12/site-packages/airflow/example_dags/example_branch_labels.py
[2024-08-20T04:09:39.919+0000] {logging_mixin.py:190} INFO - [2024-08-20T04:09:39.918+0000] {dag.py:3211} INFO - Sync 1 DAGs
[2024-08-20T04:09:39.964+0000] {logging_mixin.py:190} INFO - [2024-08-20T04:09:39.964+0000] {dag.py:4138} INFO - Setting next_dagrun for example_branch_labels to 2024-08-19 00:00:00+00:00, run_after=2024-08-20 00:00:00+00:00
[2024-08-20T04:09:40.030+0000] {processor.py:208} INFO - Processing /home/airflow/.local/lib/python3.12/site-packages/airflow/example_dags/example_branch_labels.py took 0.179 seconds
[2024-08-20T04:10:11.722+0000] {processor.py:186} INFO - Started process (PID=2395) to work on /home/airflow/.local/lib/python3.12/site-packages/airflow/example_dags/example_branch_labels.py
[2024-08-20T04:10:11.724+0000] {processor.py:914} INFO - Processing file /home/airflow/.local/lib/python3.12/site-packages/airflow/example_dags/example_branch_labels.py for tasks to queue
[2024-08-20T04:10:11.729+0000] {logging_mixin.py:190} INFO - [2024-08-20T04:10:11.728+0000] {dagbag.py:587} INFO - Filling up the DagBag from /home/airflow/.local/lib/python3.12/site-packages/airflow/example_dags/example_branch_labels.py
[2024-08-20T04:10:11.758+0000] {processor.py:925} INFO - DAG(s) 'example_branch_labels' retrieved from /home/airflow/.local/lib/python3.12/site-packages/airflow/example_dags/example_branch_labels.py
[2024-08-20T04:10:11.824+0000] {logging_mixin.py:190} INFO - [2024-08-20T04:10:11.823+0000] {dag.py:3211} INFO - Sync 1 DAGs
[2024-08-20T04:10:11.897+0000] {logging_mixin.py:190} INFO - [2024-08-20T04:10:11.896+0000] {dag.py:4138} INFO - Setting next_dagrun for example_branch_labels to 2024-08-19 00:00:00+00:00, run_after=2024-08-20 00:00:00+00:00
[2024-08-20T04:10:11.946+0000] {processor.py:208} INFO - Processing /home/airflow/.local/lib/python3.12/site-packages/airflow/example_dags/example_branch_labels.py took 0.242 seconds
[2024-08-20T04:10:42.653+0000] {processor.py:186} INFO - Started process (PID=2457) to work on /home/airflow/.local/lib/python3.12/site-packages/airflow/example_dags/example_branch_labels.py
[2024-08-20T04:10:42.655+0000] {processor.py:914} INFO - Processing file /home/airflow/.local/lib/python3.12/site-packages/airflow/example_dags/example_branch_labels.py for tasks to queue
[2024-08-20T04:10:42.659+0000] {logging_mixin.py:190} INFO - [2024-08-20T04:10:42.659+0000] {dagbag.py:587} INFO - Filling up the DagBag from /home/airflow/.local/lib/python3.12/site-packages/airflow/example_dags/example_branch_labels.py
[2024-08-20T04:10:42.675+0000] {processor.py:925} INFO - DAG(s) 'example_branch_labels' retrieved from /home/airflow/.local/lib/python3.12/site-packages/airflow/example_dags/example_branch_labels.py
[2024-08-20T04:10:42.717+0000] {logging_mixin.py:190} INFO - [2024-08-20T04:10:42.716+0000] {dag.py:3211} INFO - Sync 1 DAGs
[2024-08-20T04:10:42.767+0000] {logging_mixin.py:190} INFO - [2024-08-20T04:10:42.767+0000] {dag.py:4138} INFO - Setting next_dagrun for example_branch_labels to 2024-08-19 00:00:00+00:00, run_after=2024-08-20 00:00:00+00:00
[2024-08-20T04:10:42.799+0000] {processor.py:208} INFO - Processing /home/airflow/.local/lib/python3.12/site-packages/airflow/example_dags/example_branch_labels.py took 0.154 seconds
[2024-08-20T04:11:13.955+0000] {processor.py:186} INFO - Started process (PID=2519) to work on /home/airflow/.local/lib/python3.12/site-packages/airflow/example_dags/example_branch_labels.py
[2024-08-20T04:11:13.957+0000] {processor.py:914} INFO - Processing file /home/airflow/.local/lib/python3.12/site-packages/airflow/example_dags/example_branch_labels.py for tasks to queue
[2024-08-20T04:11:13.962+0000] {logging_mixin.py:190} INFO - [2024-08-20T04:11:13.961+0000] {dagbag.py:587} INFO - Filling up the DagBag from /home/airflow/.local/lib/python3.12/site-packages/airflow/example_dags/example_branch_labels.py
[2024-08-20T04:11:13.977+0000] {processor.py:925} INFO - DAG(s) 'example_branch_labels' retrieved from /home/airflow/.local/lib/python3.12/site-packages/airflow/example_dags/example_branch_labels.py
[2024-08-20T04:11:14.008+0000] {logging_mixin.py:190} INFO - [2024-08-20T04:11:14.007+0000] {dag.py:3211} INFO - Sync 1 DAGs
[2024-08-20T04:11:14.042+0000] {logging_mixin.py:190} INFO - [2024-08-20T04:11:14.041+0000] {dag.py:4138} INFO - Setting next_dagrun for example_branch_labels to 2024-08-19 00:00:00+00:00, run_after=2024-08-20 00:00:00+00:00
[2024-08-20T04:11:14.075+0000] {processor.py:208} INFO - Processing /home/airflow/.local/lib/python3.12/site-packages/airflow/example_dags/example_branch_labels.py took 0.129 seconds
[2024-08-20T04:11:45.068+0000] {processor.py:186} INFO - Started process (PID=2582) to work on /home/airflow/.local/lib/python3.12/site-packages/airflow/example_dags/example_branch_labels.py
[2024-08-20T04:11:45.069+0000] {processor.py:914} INFO - Processing file /home/airflow/.local/lib/python3.12/site-packages/airflow/example_dags/example_branch_labels.py for tasks to queue
[2024-08-20T04:11:45.074+0000] {logging_mixin.py:190} INFO - [2024-08-20T04:11:45.073+0000] {dagbag.py:587} INFO - Filling up the DagBag from /home/airflow/.local/lib/python3.12/site-packages/airflow/example_dags/example_branch_labels.py
[2024-08-20T04:11:45.086+0000] {processor.py:925} INFO - DAG(s) 'example_branch_labels' retrieved from /home/airflow/.local/lib/python3.12/site-packages/airflow/example_dags/example_branch_labels.py
[2024-08-20T04:11:45.118+0000] {logging_mixin.py:190} INFO - [2024-08-20T04:11:45.118+0000] {dag.py:3211} INFO - Sync 1 DAGs
[2024-08-20T04:11:45.175+0000] {logging_mixin.py:190} INFO - [2024-08-20T04:11:45.174+0000] {dag.py:4138} INFO - Setting next_dagrun for example_branch_labels to 2024-08-19 00:00:00+00:00, run_after=2024-08-20 00:00:00+00:00
[2024-08-20T04:11:45.214+0000] {processor.py:208} INFO - Processing /home/airflow/.local/lib/python3.12/site-packages/airflow/example_dags/example_branch_labels.py took 0.155 seconds
[2024-08-20T04:12:15.488+0000] {processor.py:186} INFO - Started process (PID=2644) to work on /home/airflow/.local/lib/python3.12/site-packages/airflow/example_dags/example_branch_labels.py
[2024-08-20T04:12:15.491+0000] {processor.py:914} INFO - Processing file /home/airflow/.local/lib/python3.12/site-packages/airflow/example_dags/example_branch_labels.py for tasks to queue
[2024-08-20T04:12:15.496+0000] {logging_mixin.py:190} INFO - [2024-08-20T04:12:15.495+0000] {dagbag.py:587} INFO - Filling up the DagBag from /home/airflow/.local/lib/python3.12/site-packages/airflow/example_dags/example_branch_labels.py
[2024-08-20T04:12:15.514+0000] {processor.py:925} INFO - DAG(s) 'example_branch_labels' retrieved from /home/airflow/.local/lib/python3.12/site-packages/airflow/example_dags/example_branch_labels.py
[2024-08-20T04:12:15.551+0000] {logging_mixin.py:190} INFO - [2024-08-20T04:12:15.550+0000] {dag.py:3211} INFO - Sync 1 DAGs
[2024-08-20T04:12:15.601+0000] {logging_mixin.py:190} INFO - [2024-08-20T04:12:15.601+0000] {dag.py:4138} INFO - Setting next_dagrun for example_branch_labels to 2024-08-19 00:00:00+00:00, run_after=2024-08-20 00:00:00+00:00
[2024-08-20T04:12:15.638+0000] {processor.py:208} INFO - Processing /home/airflow/.local/lib/python3.12/site-packages/airflow/example_dags/example_branch_labels.py took 0.163 seconds
[2024-08-20T04:12:46.151+0000] {processor.py:186} INFO - Started process (PID=2706) to work on /home/airflow/.local/lib/python3.12/site-packages/airflow/example_dags/example_branch_labels.py
[2024-08-20T04:12:46.153+0000] {processor.py:914} INFO - Processing file /home/airflow/.local/lib/python3.12/site-packages/airflow/example_dags/example_branch_labels.py for tasks to queue
[2024-08-20T04:12:46.159+0000] {logging_mixin.py:190} INFO - [2024-08-20T04:12:46.158+0000] {dagbag.py:587} INFO - Filling up the DagBag from /home/airflow/.local/lib/python3.12/site-packages/airflow/example_dags/example_branch_labels.py
[2024-08-20T04:12:46.173+0000] {processor.py:925} INFO - DAG(s) 'example_branch_labels' retrieved from /home/airflow/.local/lib/python3.12/site-packages/airflow/example_dags/example_branch_labels.py
[2024-08-20T04:12:46.204+0000] {logging_mixin.py:190} INFO - [2024-08-20T04:12:46.203+0000] {dag.py:3211} INFO - Sync 1 DAGs
[2024-08-20T04:12:46.243+0000] {logging_mixin.py:190} INFO - [2024-08-20T04:12:46.242+0000] {dag.py:4138} INFO - Setting next_dagrun for example_branch_labels to 2024-08-19 00:00:00+00:00, run_after=2024-08-20 00:00:00+00:00
[2024-08-20T04:12:46.277+0000] {processor.py:208} INFO - Processing /home/airflow/.local/lib/python3.12/site-packages/airflow/example_dags/example_branch_labels.py took 0.141 seconds
[2024-08-20T04:13:16.733+0000] {processor.py:186} INFO - Started process (PID=2767) to work on /home/airflow/.local/lib/python3.12/site-packages/airflow/example_dags/example_branch_labels.py
[2024-08-20T04:13:16.734+0000] {processor.py:914} INFO - Processing file /home/airflow/.local/lib/python3.12/site-packages/airflow/example_dags/example_branch_labels.py for tasks to queue
[2024-08-20T04:13:16.737+0000] {logging_mixin.py:190} INFO - [2024-08-20T04:13:16.737+0000] {dagbag.py:587} INFO - Filling up the DagBag from /home/airflow/.local/lib/python3.12/site-packages/airflow/example_dags/example_branch_labels.py
[2024-08-20T04:13:16.752+0000] {processor.py:925} INFO - DAG(s) 'example_branch_labels' retrieved from /home/airflow/.local/lib/python3.12/site-packages/airflow/example_dags/example_branch_labels.py
[2024-08-20T04:13:16.784+0000] {logging_mixin.py:190} INFO - [2024-08-20T04:13:16.783+0000] {dag.py:3211} INFO - Sync 1 DAGs
[2024-08-20T04:13:16.824+0000] {logging_mixin.py:190} INFO - [2024-08-20T04:13:16.823+0000] {dag.py:4138} INFO - Setting next_dagrun for example_branch_labels to 2024-08-19 00:00:00+00:00, run_after=2024-08-20 00:00:00+00:00
[2024-08-20T04:13:16.866+0000] {processor.py:208} INFO - Processing /home/airflow/.local/lib/python3.12/site-packages/airflow/example_dags/example_branch_labels.py took 0.141 seconds
[2024-08-20T04:13:47.155+0000] {processor.py:186} INFO - Started process (PID=2828) to work on /home/airflow/.local/lib/python3.12/site-packages/airflow/example_dags/example_branch_labels.py
[2024-08-20T04:13:47.156+0000] {processor.py:914} INFO - Processing file /home/airflow/.local/lib/python3.12/site-packages/airflow/example_dags/example_branch_labels.py for tasks to queue
[2024-08-20T04:13:47.160+0000] {logging_mixin.py:190} INFO - [2024-08-20T04:13:47.159+0000] {dagbag.py:587} INFO - Filling up the DagBag from /home/airflow/.local/lib/python3.12/site-packages/airflow/example_dags/example_branch_labels.py
[2024-08-20T04:13:47.177+0000] {processor.py:925} INFO - DAG(s) 'example_branch_labels' retrieved from /home/airflow/.local/lib/python3.12/site-packages/airflow/example_dags/example_branch_labels.py
[2024-08-20T04:13:47.212+0000] {logging_mixin.py:190} INFO - [2024-08-20T04:13:47.212+0000] {dag.py:3211} INFO - Sync 1 DAGs
[2024-08-20T04:13:47.248+0000] {logging_mixin.py:190} INFO - [2024-08-20T04:13:47.248+0000] {dag.py:4138} INFO - Setting next_dagrun for example_branch_labels to 2024-08-19 00:00:00+00:00, run_after=2024-08-20 00:00:00+00:00
[2024-08-20T04:13:47.275+0000] {processor.py:208} INFO - Processing /home/airflow/.local/lib/python3.12/site-packages/airflow/example_dags/example_branch_labels.py took 0.130 seconds
[2024-08-20T04:14:17.743+0000] {processor.py:186} INFO - Started process (PID=2890) to work on /home/airflow/.local/lib/python3.12/site-packages/airflow/example_dags/example_branch_labels.py
[2024-08-20T04:14:17.744+0000] {processor.py:914} INFO - Processing file /home/airflow/.local/lib/python3.12/site-packages/airflow/example_dags/example_branch_labels.py for tasks to queue
[2024-08-20T04:14:17.747+0000] {logging_mixin.py:190} INFO - [2024-08-20T04:14:17.746+0000] {dagbag.py:587} INFO - Filling up the DagBag from /home/airflow/.local/lib/python3.12/site-packages/airflow/example_dags/example_branch_labels.py
[2024-08-20T04:14:17.764+0000] {processor.py:925} INFO - DAG(s) 'example_branch_labels' retrieved from /home/airflow/.local/lib/python3.12/site-packages/airflow/example_dags/example_branch_labels.py
[2024-08-20T04:14:17.794+0000] {logging_mixin.py:190} INFO - [2024-08-20T04:14:17.793+0000] {dag.py:3211} INFO - Sync 1 DAGs
[2024-08-20T04:14:17.828+0000] {logging_mixin.py:190} INFO - [2024-08-20T04:14:17.827+0000] {dag.py:4138} INFO - Setting next_dagrun for example_branch_labels to 2024-08-19 00:00:00+00:00, run_after=2024-08-20 00:00:00+00:00
[2024-08-20T04:14:17.850+0000] {processor.py:208} INFO - Processing /home/airflow/.local/lib/python3.12/site-packages/airflow/example_dags/example_branch_labels.py took 0.117 seconds
[2024-08-20T04:14:48.280+0000] {processor.py:186} INFO - Started process (PID=2952) to work on /home/airflow/.local/lib/python3.12/site-packages/airflow/example_dags/example_branch_labels.py
[2024-08-20T04:14:48.281+0000] {processor.py:914} INFO - Processing file /home/airflow/.local/lib/python3.12/site-packages/airflow/example_dags/example_branch_labels.py for tasks to queue
[2024-08-20T04:14:48.285+0000] {logging_mixin.py:190} INFO - [2024-08-20T04:14:48.285+0000] {dagbag.py:587} INFO - Filling up the DagBag from /home/airflow/.local/lib/python3.12/site-packages/airflow/example_dags/example_branch_labels.py
[2024-08-20T04:14:48.298+0000] {processor.py:925} INFO - DAG(s) 'example_branch_labels' retrieved from /home/airflow/.local/lib/python3.12/site-packages/airflow/example_dags/example_branch_labels.py
[2024-08-20T04:14:48.339+0000] {logging_mixin.py:190} INFO - [2024-08-20T04:14:48.337+0000] {dag.py:3211} INFO - Sync 1 DAGs
[2024-08-20T04:14:48.409+0000] {logging_mixin.py:190} INFO - [2024-08-20T04:14:48.409+0000] {dag.py:4138} INFO - Setting next_dagrun for example_branch_labels to 2024-08-19 00:00:00+00:00, run_after=2024-08-20 00:00:00+00:00
[2024-08-20T04:14:48.434+0000] {processor.py:208} INFO - Processing /home/airflow/.local/lib/python3.12/site-packages/airflow/example_dags/example_branch_labels.py took 0.161 seconds
[2024-08-20T04:15:18.716+0000] {processor.py:186} INFO - Started process (PID=3014) to work on /home/airflow/.local/lib/python3.12/site-packages/airflow/example_dags/example_branch_labels.py
[2024-08-20T04:15:18.718+0000] {processor.py:914} INFO - Processing file /home/airflow/.local/lib/python3.12/site-packages/airflow/example_dags/example_branch_labels.py for tasks to queue
[2024-08-20T04:15:18.721+0000] {logging_mixin.py:190} INFO - [2024-08-20T04:15:18.721+0000] {dagbag.py:587} INFO - Filling up the DagBag from /home/airflow/.local/lib/python3.12/site-packages/airflow/example_dags/example_branch_labels.py
[2024-08-20T04:15:18.733+0000] {processor.py:925} INFO - DAG(s) 'example_branch_labels' retrieved from /home/airflow/.local/lib/python3.12/site-packages/airflow/example_dags/example_branch_labels.py
[2024-08-20T04:15:18.758+0000] {logging_mixin.py:190} INFO - [2024-08-20T04:15:18.757+0000] {dag.py:3211} INFO - Sync 1 DAGs
[2024-08-20T04:15:18.791+0000] {logging_mixin.py:190} INFO - [2024-08-20T04:15:18.791+0000] {dag.py:4138} INFO - Setting next_dagrun for example_branch_labels to 2024-08-19 00:00:00+00:00, run_after=2024-08-20 00:00:00+00:00
[2024-08-20T04:15:19.028+0000] {processor.py:208} INFO - Processing /home/airflow/.local/lib/python3.12/site-packages/airflow/example_dags/example_branch_labels.py took 0.322 seconds
[2024-08-20T04:15:49.852+0000] {processor.py:186} INFO - Started process (PID=3076) to work on /home/airflow/.local/lib/python3.12/site-packages/airflow/example_dags/example_branch_labels.py
[2024-08-20T04:15:49.853+0000] {processor.py:914} INFO - Processing file /home/airflow/.local/lib/python3.12/site-packages/airflow/example_dags/example_branch_labels.py for tasks to queue
[2024-08-20T04:15:49.857+0000] {logging_mixin.py:190} INFO - [2024-08-20T04:15:49.857+0000] {dagbag.py:587} INFO - Filling up the DagBag from /home/airflow/.local/lib/python3.12/site-packages/airflow/example_dags/example_branch_labels.py
[2024-08-20T04:15:49.870+0000] {processor.py:925} INFO - DAG(s) 'example_branch_labels' retrieved from /home/airflow/.local/lib/python3.12/site-packages/airflow/example_dags/example_branch_labels.py
[2024-08-20T04:15:49.905+0000] {logging_mixin.py:190} INFO - [2024-08-20T04:15:49.904+0000] {dag.py:3211} INFO - Sync 1 DAGs
[2024-08-20T04:15:49.963+0000] {logging_mixin.py:190} INFO - [2024-08-20T04:15:49.962+0000] {dag.py:4138} INFO - Setting next_dagrun for example_branch_labels to 2024-08-19 00:00:00+00:00, run_after=2024-08-20 00:00:00+00:00
[2024-08-20T04:15:50.234+0000] {processor.py:208} INFO - Processing /home/airflow/.local/lib/python3.12/site-packages/airflow/example_dags/example_branch_labels.py took 0.392 seconds
