[2024-08-20T03:38:36.949+0000] {processor.py:186} INFO - Started process (PID=72) to work on /home/airflow/.local/lib/python3.12/site-packages/airflow/example_dags/example_task_group.py
[2024-08-20T03:38:36.950+0000] {processor.py:914} INFO - Processing file /home/airflow/.local/lib/python3.12/site-packages/airflow/example_dags/example_task_group.py for tasks to queue
[2024-08-20T03:38:36.954+0000] {logging_mixin.py:190} INFO - [2024-08-20T03:38:36.953+0000] {dagbag.py:587} INFO - Filling up the DagBag from /home/airflow/.local/lib/python3.12/site-packages/airflow/example_dags/example_task_group.py
[2024-08-20T03:38:36.966+0000] {processor.py:925} INFO - DAG(s) 'example_task_group' retrieved from /home/airflow/.local/lib/python3.12/site-packages/airflow/example_dags/example_task_group.py
[2024-08-20T03:38:37.090+0000] {logging_mixin.py:190} INFO - [2024-08-20T03:38:37.090+0000] {override.py:1858} INFO - Created Permission View: can edit on DAG:example_task_group
[2024-08-20T03:38:37.102+0000] {logging_mixin.py:190} INFO - [2024-08-20T03:38:37.102+0000] {override.py:1858} INFO - Created Permission View: can read on DAG:example_task_group
[2024-08-20T03:38:37.110+0000] {logging_mixin.py:190} INFO - [2024-08-20T03:38:37.110+0000] {override.py:1858} INFO - Created Permission View: can delete on DAG:example_task_group
[2024-08-20T03:38:37.111+0000] {logging_mixin.py:190} INFO - [2024-08-20T03:38:37.111+0000] {dag.py:3211} INFO - Sync 1 DAGs
[2024-08-20T03:38:37.129+0000] {logging_mixin.py:190} INFO - [2024-08-20T03:38:37.129+0000] {dag.py:3234} INFO - Creating ORM DAG for example_task_group
[2024-08-20T03:38:37.144+0000] {logging_mixin.py:190} INFO - [2024-08-20T03:38:37.144+0000] {dag.py:4138} INFO - Setting next_dagrun for example_task_group to 2024-08-19 00:00:00+00:00, run_after=2024-08-20 00:00:00+00:00
[2024-08-20T03:38:37.170+0000] {processor.py:208} INFO - Processing /home/airflow/.local/lib/python3.12/site-packages/airflow/example_dags/example_task_group.py took 0.229 seconds
[2024-08-20T03:39:07.838+0000] {processor.py:186} INFO - Started process (PID=134) to work on /home/airflow/.local/lib/python3.12/site-packages/airflow/example_dags/example_task_group.py
[2024-08-20T03:39:07.839+0000] {processor.py:914} INFO - Processing file /home/airflow/.local/lib/python3.12/site-packages/airflow/example_dags/example_task_group.py for tasks to queue
[2024-08-20T03:39:07.842+0000] {logging_mixin.py:190} INFO - [2024-08-20T03:39:07.842+0000] {dagbag.py:587} INFO - Filling up the DagBag from /home/airflow/.local/lib/python3.12/site-packages/airflow/example_dags/example_task_group.py
[2024-08-20T03:39:07.854+0000] {processor.py:925} INFO - DAG(s) 'example_task_group' retrieved from /home/airflow/.local/lib/python3.12/site-packages/airflow/example_dags/example_task_group.py
[2024-08-20T03:39:07.885+0000] {logging_mixin.py:190} INFO - [2024-08-20T03:39:07.885+0000] {dag.py:3211} INFO - Sync 1 DAGs
[2024-08-20T03:39:07.914+0000] {logging_mixin.py:190} INFO - [2024-08-20T03:39:07.914+0000] {dag.py:4138} INFO - Setting next_dagrun for example_task_group to 2024-08-19 00:00:00+00:00, run_after=2024-08-20 00:00:00+00:00
[2024-08-20T03:39:07.939+0000] {processor.py:208} INFO - Processing /home/airflow/.local/lib/python3.12/site-packages/airflow/example_dags/example_task_group.py took 0.107 seconds
[2024-08-20T03:39:38.988+0000] {processor.py:186} INFO - Started process (PID=196) to work on /home/airflow/.local/lib/python3.12/site-packages/airflow/example_dags/example_task_group.py
[2024-08-20T03:39:38.990+0000] {processor.py:914} INFO - Processing file /home/airflow/.local/lib/python3.12/site-packages/airflow/example_dags/example_task_group.py for tasks to queue
[2024-08-20T03:39:38.994+0000] {logging_mixin.py:190} INFO - [2024-08-20T03:39:38.993+0000] {dagbag.py:587} INFO - Filling up the DagBag from /home/airflow/.local/lib/python3.12/site-packages/airflow/example_dags/example_task_group.py
[2024-08-20T03:39:39.006+0000] {processor.py:925} INFO - DAG(s) 'example_task_group' retrieved from /home/airflow/.local/lib/python3.12/site-packages/airflow/example_dags/example_task_group.py
[2024-08-20T03:39:39.035+0000] {logging_mixin.py:190} INFO - [2024-08-20T03:39:39.035+0000] {dag.py:3211} INFO - Sync 1 DAGs
[2024-08-20T03:39:39.065+0000] {logging_mixin.py:190} INFO - [2024-08-20T03:39:39.065+0000] {dag.py:4138} INFO - Setting next_dagrun for example_task_group to 2024-08-19 00:00:00+00:00, run_after=2024-08-20 00:00:00+00:00
[2024-08-20T03:39:39.090+0000] {processor.py:208} INFO - Processing /home/airflow/.local/lib/python3.12/site-packages/airflow/example_dags/example_task_group.py took 0.108 seconds
[2024-08-20T03:40:09.841+0000] {processor.py:186} INFO - Started process (PID=258) to work on /home/airflow/.local/lib/python3.12/site-packages/airflow/example_dags/example_task_group.py
[2024-08-20T03:40:09.842+0000] {processor.py:914} INFO - Processing file /home/airflow/.local/lib/python3.12/site-packages/airflow/example_dags/example_task_group.py for tasks to queue
[2024-08-20T03:40:09.845+0000] {logging_mixin.py:190} INFO - [2024-08-20T03:40:09.845+0000] {dagbag.py:587} INFO - Filling up the DagBag from /home/airflow/.local/lib/python3.12/site-packages/airflow/example_dags/example_task_group.py
[2024-08-20T03:40:09.855+0000] {processor.py:925} INFO - DAG(s) 'example_task_group' retrieved from /home/airflow/.local/lib/python3.12/site-packages/airflow/example_dags/example_task_group.py
[2024-08-20T03:40:09.880+0000] {logging_mixin.py:190} INFO - [2024-08-20T03:40:09.879+0000] {dag.py:3211} INFO - Sync 1 DAGs
[2024-08-20T03:40:09.904+0000] {logging_mixin.py:190} INFO - [2024-08-20T03:40:09.904+0000] {dag.py:4138} INFO - Setting next_dagrun for example_task_group to 2024-08-19 00:00:00+00:00, run_after=2024-08-20 00:00:00+00:00
[2024-08-20T03:40:09.930+0000] {processor.py:208} INFO - Processing /home/airflow/.local/lib/python3.12/site-packages/airflow/example_dags/example_task_group.py took 0.097 seconds
[2024-08-20T03:40:40.306+0000] {processor.py:186} INFO - Started process (PID=320) to work on /home/airflow/.local/lib/python3.12/site-packages/airflow/example_dags/example_task_group.py
[2024-08-20T03:40:40.308+0000] {processor.py:914} INFO - Processing file /home/airflow/.local/lib/python3.12/site-packages/airflow/example_dags/example_task_group.py for tasks to queue
[2024-08-20T03:40:40.311+0000] {logging_mixin.py:190} INFO - [2024-08-20T03:40:40.310+0000] {dagbag.py:587} INFO - Filling up the DagBag from /home/airflow/.local/lib/python3.12/site-packages/airflow/example_dags/example_task_group.py
[2024-08-20T03:40:40.322+0000] {processor.py:925} INFO - DAG(s) 'example_task_group' retrieved from /home/airflow/.local/lib/python3.12/site-packages/airflow/example_dags/example_task_group.py
[2024-08-20T03:40:40.349+0000] {logging_mixin.py:190} INFO - [2024-08-20T03:40:40.349+0000] {dag.py:3211} INFO - Sync 1 DAGs
[2024-08-20T03:40:40.376+0000] {logging_mixin.py:190} INFO - [2024-08-20T03:40:40.376+0000] {dag.py:4138} INFO - Setting next_dagrun for example_task_group to 2024-08-19 00:00:00+00:00, run_after=2024-08-20 00:00:00+00:00
[2024-08-20T03:40:40.398+0000] {processor.py:208} INFO - Processing /home/airflow/.local/lib/python3.12/site-packages/airflow/example_dags/example_task_group.py took 0.098 seconds
[2024-08-20T03:41:10.550+0000] {processor.py:186} INFO - Started process (PID=382) to work on /home/airflow/.local/lib/python3.12/site-packages/airflow/example_dags/example_task_group.py
[2024-08-20T03:41:10.551+0000] {processor.py:914} INFO - Processing file /home/airflow/.local/lib/python3.12/site-packages/airflow/example_dags/example_task_group.py for tasks to queue
[2024-08-20T03:41:10.554+0000] {logging_mixin.py:190} INFO - [2024-08-20T03:41:10.554+0000] {dagbag.py:587} INFO - Filling up the DagBag from /home/airflow/.local/lib/python3.12/site-packages/airflow/example_dags/example_task_group.py
[2024-08-20T03:41:10.569+0000] {processor.py:925} INFO - DAG(s) 'example_task_group' retrieved from /home/airflow/.local/lib/python3.12/site-packages/airflow/example_dags/example_task_group.py
[2024-08-20T03:41:10.607+0000] {logging_mixin.py:190} INFO - [2024-08-20T03:41:10.607+0000] {dag.py:3211} INFO - Sync 1 DAGs
[2024-08-20T03:41:10.667+0000] {logging_mixin.py:190} INFO - [2024-08-20T03:41:10.667+0000] {dag.py:4138} INFO - Setting next_dagrun for example_task_group to 2024-08-19 00:00:00+00:00, run_after=2024-08-20 00:00:00+00:00
[2024-08-20T03:41:10.696+0000] {processor.py:208} INFO - Processing /home/airflow/.local/lib/python3.12/site-packages/airflow/example_dags/example_task_group.py took 0.153 seconds
[2024-08-20T03:41:41.618+0000] {processor.py:186} INFO - Started process (PID=444) to work on /home/airflow/.local/lib/python3.12/site-packages/airflow/example_dags/example_task_group.py
[2024-08-20T03:41:41.620+0000] {processor.py:914} INFO - Processing file /home/airflow/.local/lib/python3.12/site-packages/airflow/example_dags/example_task_group.py for tasks to queue
[2024-08-20T03:41:41.623+0000] {logging_mixin.py:190} INFO - [2024-08-20T03:41:41.622+0000] {dagbag.py:587} INFO - Filling up the DagBag from /home/airflow/.local/lib/python3.12/site-packages/airflow/example_dags/example_task_group.py
[2024-08-20T03:41:41.633+0000] {processor.py:925} INFO - DAG(s) 'example_task_group' retrieved from /home/airflow/.local/lib/python3.12/site-packages/airflow/example_dags/example_task_group.py
[2024-08-20T03:41:41.658+0000] {logging_mixin.py:190} INFO - [2024-08-20T03:41:41.657+0000] {dag.py:3211} INFO - Sync 1 DAGs
[2024-08-20T03:41:41.690+0000] {logging_mixin.py:190} INFO - [2024-08-20T03:41:41.690+0000] {dag.py:4138} INFO - Setting next_dagrun for example_task_group to 2024-08-19 00:00:00+00:00, run_after=2024-08-20 00:00:00+00:00
[2024-08-20T03:41:41.721+0000] {processor.py:208} INFO - Processing /home/airflow/.local/lib/python3.12/site-packages/airflow/example_dags/example_task_group.py took 0.110 seconds
[2024-08-20T03:42:12.649+0000] {processor.py:186} INFO - Started process (PID=506) to work on /home/airflow/.local/lib/python3.12/site-packages/airflow/example_dags/example_task_group.py
[2024-08-20T03:42:12.650+0000] {processor.py:914} INFO - Processing file /home/airflow/.local/lib/python3.12/site-packages/airflow/example_dags/example_task_group.py for tasks to queue
[2024-08-20T03:42:12.653+0000] {logging_mixin.py:190} INFO - [2024-08-20T03:42:12.653+0000] {dagbag.py:587} INFO - Filling up the DagBag from /home/airflow/.local/lib/python3.12/site-packages/airflow/example_dags/example_task_group.py
[2024-08-20T03:42:12.666+0000] {processor.py:925} INFO - DAG(s) 'example_task_group' retrieved from /home/airflow/.local/lib/python3.12/site-packages/airflow/example_dags/example_task_group.py
[2024-08-20T03:42:12.703+0000] {logging_mixin.py:190} INFO - [2024-08-20T03:42:12.702+0000] {dag.py:3211} INFO - Sync 1 DAGs
[2024-08-20T03:42:12.736+0000] {logging_mixin.py:190} INFO - [2024-08-20T03:42:12.735+0000] {dag.py:4138} INFO - Setting next_dagrun for example_task_group to 2024-08-19 00:00:00+00:00, run_after=2024-08-20 00:00:00+00:00
[2024-08-20T03:42:12.762+0000] {processor.py:208} INFO - Processing /home/airflow/.local/lib/python3.12/site-packages/airflow/example_dags/example_task_group.py took 0.125 seconds
[2024-08-20T03:42:42.977+0000] {processor.py:186} INFO - Started process (PID=568) to work on /home/airflow/.local/lib/python3.12/site-packages/airflow/example_dags/example_task_group.py
[2024-08-20T03:42:42.978+0000] {processor.py:914} INFO - Processing file /home/airflow/.local/lib/python3.12/site-packages/airflow/example_dags/example_task_group.py for tasks to queue
[2024-08-20T03:42:42.981+0000] {logging_mixin.py:190} INFO - [2024-08-20T03:42:42.980+0000] {dagbag.py:587} INFO - Filling up the DagBag from /home/airflow/.local/lib/python3.12/site-packages/airflow/example_dags/example_task_group.py
[2024-08-20T03:42:42.991+0000] {processor.py:925} INFO - DAG(s) 'example_task_group' retrieved from /home/airflow/.local/lib/python3.12/site-packages/airflow/example_dags/example_task_group.py
[2024-08-20T03:42:43.021+0000] {logging_mixin.py:190} INFO - [2024-08-20T03:42:43.020+0000] {dag.py:3211} INFO - Sync 1 DAGs
[2024-08-20T03:42:43.051+0000] {logging_mixin.py:190} INFO - [2024-08-20T03:42:43.050+0000] {dag.py:4138} INFO - Setting next_dagrun for example_task_group to 2024-08-19 00:00:00+00:00, run_after=2024-08-20 00:00:00+00:00
[2024-08-20T03:42:43.077+0000] {processor.py:208} INFO - Processing /home/airflow/.local/lib/python3.12/site-packages/airflow/example_dags/example_task_group.py took 0.109 seconds
[2024-08-20T03:43:13.762+0000] {processor.py:186} INFO - Started process (PID=630) to work on /home/airflow/.local/lib/python3.12/site-packages/airflow/example_dags/example_task_group.py
[2024-08-20T03:43:13.764+0000] {processor.py:914} INFO - Processing file /home/airflow/.local/lib/python3.12/site-packages/airflow/example_dags/example_task_group.py for tasks to queue
[2024-08-20T03:43:13.768+0000] {logging_mixin.py:190} INFO - [2024-08-20T03:43:13.768+0000] {dagbag.py:587} INFO - Filling up the DagBag from /home/airflow/.local/lib/python3.12/site-packages/airflow/example_dags/example_task_group.py
[2024-08-20T03:43:13.792+0000] {processor.py:925} INFO - DAG(s) 'example_task_group' retrieved from /home/airflow/.local/lib/python3.12/site-packages/airflow/example_dags/example_task_group.py
[2024-08-20T03:43:13.841+0000] {logging_mixin.py:190} INFO - [2024-08-20T03:43:13.840+0000] {dag.py:3211} INFO - Sync 1 DAGs
[2024-08-20T03:43:13.882+0000] {logging_mixin.py:190} INFO - [2024-08-20T03:43:13.882+0000] {dag.py:4138} INFO - Setting next_dagrun for example_task_group to 2024-08-19 00:00:00+00:00, run_after=2024-08-20 00:00:00+00:00
[2024-08-20T03:43:13.913+0000] {processor.py:208} INFO - Processing /home/airflow/.local/lib/python3.12/site-packages/airflow/example_dags/example_task_group.py took 0.169 seconds
[2024-08-20T03:43:44.384+0000] {processor.py:186} INFO - Started process (PID=692) to work on /home/airflow/.local/lib/python3.12/site-packages/airflow/example_dags/example_task_group.py
[2024-08-20T03:43:44.386+0000] {processor.py:914} INFO - Processing file /home/airflow/.local/lib/python3.12/site-packages/airflow/example_dags/example_task_group.py for tasks to queue
[2024-08-20T03:43:44.389+0000] {logging_mixin.py:190} INFO - [2024-08-20T03:43:44.388+0000] {dagbag.py:587} INFO - Filling up the DagBag from /home/airflow/.local/lib/python3.12/site-packages/airflow/example_dags/example_task_group.py
[2024-08-20T03:43:44.400+0000] {processor.py:925} INFO - DAG(s) 'example_task_group' retrieved from /home/airflow/.local/lib/python3.12/site-packages/airflow/example_dags/example_task_group.py
[2024-08-20T03:43:44.425+0000] {logging_mixin.py:190} INFO - [2024-08-20T03:43:44.425+0000] {dag.py:3211} INFO - Sync 1 DAGs
[2024-08-20T03:43:44.451+0000] {logging_mixin.py:190} INFO - [2024-08-20T03:43:44.451+0000] {dag.py:4138} INFO - Setting next_dagrun for example_task_group to 2024-08-19 00:00:00+00:00, run_after=2024-08-20 00:00:00+00:00
[2024-08-20T03:43:44.474+0000] {processor.py:208} INFO - Processing /home/airflow/.local/lib/python3.12/site-packages/airflow/example_dags/example_task_group.py took 0.096 seconds
[2024-08-20T03:44:14.567+0000] {processor.py:186} INFO - Started process (PID=754) to work on /home/airflow/.local/lib/python3.12/site-packages/airflow/example_dags/example_task_group.py
[2024-08-20T03:44:14.568+0000] {processor.py:914} INFO - Processing file /home/airflow/.local/lib/python3.12/site-packages/airflow/example_dags/example_task_group.py for tasks to queue
[2024-08-20T03:44:14.570+0000] {logging_mixin.py:190} INFO - [2024-08-20T03:44:14.570+0000] {dagbag.py:587} INFO - Filling up the DagBag from /home/airflow/.local/lib/python3.12/site-packages/airflow/example_dags/example_task_group.py
[2024-08-20T03:44:14.581+0000] {processor.py:925} INFO - DAG(s) 'example_task_group' retrieved from /home/airflow/.local/lib/python3.12/site-packages/airflow/example_dags/example_task_group.py
[2024-08-20T03:44:14.607+0000] {logging_mixin.py:190} INFO - [2024-08-20T03:44:14.607+0000] {dag.py:3211} INFO - Sync 1 DAGs
[2024-08-20T03:44:14.634+0000] {logging_mixin.py:190} INFO - [2024-08-20T03:44:14.633+0000] {dag.py:4138} INFO - Setting next_dagrun for example_task_group to 2024-08-19 00:00:00+00:00, run_after=2024-08-20 00:00:00+00:00
[2024-08-20T03:44:14.661+0000] {processor.py:208} INFO - Processing /home/airflow/.local/lib/python3.12/site-packages/airflow/example_dags/example_task_group.py took 0.101 seconds
[2024-08-20T03:44:44.944+0000] {processor.py:186} INFO - Started process (PID=815) to work on /home/airflow/.local/lib/python3.12/site-packages/airflow/example_dags/example_task_group.py
[2024-08-20T03:44:44.945+0000] {processor.py:914} INFO - Processing file /home/airflow/.local/lib/python3.12/site-packages/airflow/example_dags/example_task_group.py for tasks to queue
[2024-08-20T03:44:44.949+0000] {logging_mixin.py:190} INFO - [2024-08-20T03:44:44.948+0000] {dagbag.py:587} INFO - Filling up the DagBag from /home/airflow/.local/lib/python3.12/site-packages/airflow/example_dags/example_task_group.py
[2024-08-20T03:44:44.962+0000] {processor.py:925} INFO - DAG(s) 'example_task_group' retrieved from /home/airflow/.local/lib/python3.12/site-packages/airflow/example_dags/example_task_group.py
[2024-08-20T03:44:44.994+0000] {logging_mixin.py:190} INFO - [2024-08-20T03:44:44.993+0000] {dag.py:3211} INFO - Sync 1 DAGs
[2024-08-20T03:44:45.034+0000] {logging_mixin.py:190} INFO - [2024-08-20T03:44:45.034+0000] {dag.py:4138} INFO - Setting next_dagrun for example_task_group to 2024-08-19 00:00:00+00:00, run_after=2024-08-20 00:00:00+00:00
[2024-08-20T03:44:45.056+0000] {processor.py:208} INFO - Processing /home/airflow/.local/lib/python3.12/site-packages/airflow/example_dags/example_task_group.py took 0.122 seconds
[2024-08-20T03:45:16.270+0000] {processor.py:186} INFO - Started process (PID=878) to work on /home/airflow/.local/lib/python3.12/site-packages/airflow/example_dags/example_task_group.py
[2024-08-20T03:45:16.275+0000] {processor.py:914} INFO - Processing file /home/airflow/.local/lib/python3.12/site-packages/airflow/example_dags/example_task_group.py for tasks to queue
[2024-08-20T03:45:16.281+0000] {logging_mixin.py:190} INFO - [2024-08-20T03:45:16.280+0000] {dagbag.py:587} INFO - Filling up the DagBag from /home/airflow/.local/lib/python3.12/site-packages/airflow/example_dags/example_task_group.py
[2024-08-20T03:45:16.307+0000] {processor.py:925} INFO - DAG(s) 'example_task_group' retrieved from /home/airflow/.local/lib/python3.12/site-packages/airflow/example_dags/example_task_group.py
[2024-08-20T03:45:16.352+0000] {logging_mixin.py:190} INFO - [2024-08-20T03:45:16.351+0000] {dag.py:3211} INFO - Sync 1 DAGs
[2024-08-20T03:45:16.412+0000] {logging_mixin.py:190} INFO - [2024-08-20T03:45:16.411+0000] {dag.py:4138} INFO - Setting next_dagrun for example_task_group to 2024-08-19 00:00:00+00:00, run_after=2024-08-20 00:00:00+00:00
[2024-08-20T03:45:16.452+0000] {processor.py:208} INFO - Processing /home/airflow/.local/lib/python3.12/site-packages/airflow/example_dags/example_task_group.py took 0.197 seconds
[2024-08-20T03:45:46.729+0000] {processor.py:186} INFO - Started process (PID=940) to work on /home/airflow/.local/lib/python3.12/site-packages/airflow/example_dags/example_task_group.py
[2024-08-20T03:45:46.730+0000] {processor.py:914} INFO - Processing file /home/airflow/.local/lib/python3.12/site-packages/airflow/example_dags/example_task_group.py for tasks to queue
[2024-08-20T03:45:46.733+0000] {logging_mixin.py:190} INFO - [2024-08-20T03:45:46.732+0000] {dagbag.py:587} INFO - Filling up the DagBag from /home/airflow/.local/lib/python3.12/site-packages/airflow/example_dags/example_task_group.py
[2024-08-20T03:45:46.743+0000] {processor.py:925} INFO - DAG(s) 'example_task_group' retrieved from /home/airflow/.local/lib/python3.12/site-packages/airflow/example_dags/example_task_group.py
[2024-08-20T03:45:46.766+0000] {logging_mixin.py:190} INFO - [2024-08-20T03:45:46.766+0000] {dag.py:3211} INFO - Sync 1 DAGs
[2024-08-20T03:45:46.792+0000] {logging_mixin.py:190} INFO - [2024-08-20T03:45:46.792+0000] {dag.py:4138} INFO - Setting next_dagrun for example_task_group to 2024-08-19 00:00:00+00:00, run_after=2024-08-20 00:00:00+00:00
[2024-08-20T03:45:46.812+0000] {processor.py:208} INFO - Processing /home/airflow/.local/lib/python3.12/site-packages/airflow/example_dags/example_task_group.py took 0.089 seconds
[2024-08-20T03:46:17.221+0000] {processor.py:186} INFO - Started process (PID=1002) to work on /home/airflow/.local/lib/python3.12/site-packages/airflow/example_dags/example_task_group.py
[2024-08-20T03:46:17.222+0000] {processor.py:914} INFO - Processing file /home/airflow/.local/lib/python3.12/site-packages/airflow/example_dags/example_task_group.py for tasks to queue
[2024-08-20T03:46:17.226+0000] {logging_mixin.py:190} INFO - [2024-08-20T03:46:17.225+0000] {dagbag.py:587} INFO - Filling up the DagBag from /home/airflow/.local/lib/python3.12/site-packages/airflow/example_dags/example_task_group.py
[2024-08-20T03:46:17.238+0000] {processor.py:925} INFO - DAG(s) 'example_task_group' retrieved from /home/airflow/.local/lib/python3.12/site-packages/airflow/example_dags/example_task_group.py
[2024-08-20T03:46:17.264+0000] {logging_mixin.py:190} INFO - [2024-08-20T03:46:17.264+0000] {dag.py:3211} INFO - Sync 1 DAGs
[2024-08-20T03:46:17.293+0000] {logging_mixin.py:190} INFO - [2024-08-20T03:46:17.293+0000] {dag.py:4138} INFO - Setting next_dagrun for example_task_group to 2024-08-19 00:00:00+00:00, run_after=2024-08-20 00:00:00+00:00
[2024-08-20T03:46:17.317+0000] {processor.py:208} INFO - Processing /home/airflow/.local/lib/python3.12/site-packages/airflow/example_dags/example_task_group.py took 0.102 seconds
[2024-08-20T03:46:47.802+0000] {processor.py:186} INFO - Started process (PID=1064) to work on /home/airflow/.local/lib/python3.12/site-packages/airflow/example_dags/example_task_group.py
[2024-08-20T03:46:47.803+0000] {processor.py:914} INFO - Processing file /home/airflow/.local/lib/python3.12/site-packages/airflow/example_dags/example_task_group.py for tasks to queue
[2024-08-20T03:46:47.807+0000] {logging_mixin.py:190} INFO - [2024-08-20T03:46:47.806+0000] {dagbag.py:587} INFO - Filling up the DagBag from /home/airflow/.local/lib/python3.12/site-packages/airflow/example_dags/example_task_group.py
[2024-08-20T03:46:47.818+0000] {processor.py:925} INFO - DAG(s) 'example_task_group' retrieved from /home/airflow/.local/lib/python3.12/site-packages/airflow/example_dags/example_task_group.py
[2024-08-20T03:46:47.844+0000] {logging_mixin.py:190} INFO - [2024-08-20T03:46:47.844+0000] {dag.py:3211} INFO - Sync 1 DAGs
[2024-08-20T03:46:47.873+0000] {logging_mixin.py:190} INFO - [2024-08-20T03:46:47.873+0000] {dag.py:4138} INFO - Setting next_dagrun for example_task_group to 2024-08-19 00:00:00+00:00, run_after=2024-08-20 00:00:00+00:00
[2024-08-20T03:46:47.896+0000] {processor.py:208} INFO - Processing /home/airflow/.local/lib/python3.12/site-packages/airflow/example_dags/example_task_group.py took 0.101 seconds
[2024-08-20T03:47:18.709+0000] {processor.py:186} INFO - Started process (PID=1126) to work on /home/airflow/.local/lib/python3.12/site-packages/airflow/example_dags/example_task_group.py
[2024-08-20T03:47:18.711+0000] {processor.py:914} INFO - Processing file /home/airflow/.local/lib/python3.12/site-packages/airflow/example_dags/example_task_group.py for tasks to queue
[2024-08-20T03:47:18.714+0000] {logging_mixin.py:190} INFO - [2024-08-20T03:47:18.714+0000] {dagbag.py:587} INFO - Filling up the DagBag from /home/airflow/.local/lib/python3.12/site-packages/airflow/example_dags/example_task_group.py
[2024-08-20T03:47:18.726+0000] {processor.py:925} INFO - DAG(s) 'example_task_group' retrieved from /home/airflow/.local/lib/python3.12/site-packages/airflow/example_dags/example_task_group.py
[2024-08-20T03:47:18.753+0000] {logging_mixin.py:190} INFO - [2024-08-20T03:47:18.752+0000] {dag.py:3211} INFO - Sync 1 DAGs
[2024-08-20T03:47:18.779+0000] {logging_mixin.py:190} INFO - [2024-08-20T03:47:18.779+0000] {dag.py:4138} INFO - Setting next_dagrun for example_task_group to 2024-08-19 00:00:00+00:00, run_after=2024-08-20 00:00:00+00:00
[2024-08-20T03:47:18.800+0000] {processor.py:208} INFO - Processing /home/airflow/.local/lib/python3.12/site-packages/airflow/example_dags/example_task_group.py took 0.099 seconds
[2024-08-20T03:47:49.384+0000] {processor.py:186} INFO - Started process (PID=1189) to work on /home/airflow/.local/lib/python3.12/site-packages/airflow/example_dags/example_task_group.py
[2024-08-20T03:47:49.386+0000] {processor.py:914} INFO - Processing file /home/airflow/.local/lib/python3.12/site-packages/airflow/example_dags/example_task_group.py for tasks to queue
[2024-08-20T03:47:49.389+0000] {logging_mixin.py:190} INFO - [2024-08-20T03:47:49.389+0000] {dagbag.py:587} INFO - Filling up the DagBag from /home/airflow/.local/lib/python3.12/site-packages/airflow/example_dags/example_task_group.py
[2024-08-20T03:47:49.400+0000] {processor.py:925} INFO - DAG(s) 'example_task_group' retrieved from /home/airflow/.local/lib/python3.12/site-packages/airflow/example_dags/example_task_group.py
[2024-08-20T03:47:49.428+0000] {logging_mixin.py:190} INFO - [2024-08-20T03:47:49.428+0000] {dag.py:3211} INFO - Sync 1 DAGs
[2024-08-20T03:47:49.459+0000] {logging_mixin.py:190} INFO - [2024-08-20T03:47:49.458+0000] {dag.py:4138} INFO - Setting next_dagrun for example_task_group to 2024-08-19 00:00:00+00:00, run_after=2024-08-20 00:00:00+00:00
[2024-08-20T03:47:49.482+0000] {processor.py:208} INFO - Processing /home/airflow/.local/lib/python3.12/site-packages/airflow/example_dags/example_task_group.py took 0.104 seconds
[2024-08-20T03:48:19.869+0000] {processor.py:186} INFO - Started process (PID=1251) to work on /home/airflow/.local/lib/python3.12/site-packages/airflow/example_dags/example_task_group.py
[2024-08-20T03:48:19.870+0000] {processor.py:914} INFO - Processing file /home/airflow/.local/lib/python3.12/site-packages/airflow/example_dags/example_task_group.py for tasks to queue
[2024-08-20T03:48:19.872+0000] {logging_mixin.py:190} INFO - [2024-08-20T03:48:19.872+0000] {dagbag.py:587} INFO - Filling up the DagBag from /home/airflow/.local/lib/python3.12/site-packages/airflow/example_dags/example_task_group.py
[2024-08-20T03:48:19.883+0000] {processor.py:925} INFO - DAG(s) 'example_task_group' retrieved from /home/airflow/.local/lib/python3.12/site-packages/airflow/example_dags/example_task_group.py
[2024-08-20T03:48:19.910+0000] {logging_mixin.py:190} INFO - [2024-08-20T03:48:19.909+0000] {dag.py:3211} INFO - Sync 1 DAGs
[2024-08-20T03:48:19.946+0000] {logging_mixin.py:190} INFO - [2024-08-20T03:48:19.945+0000] {dag.py:4138} INFO - Setting next_dagrun for example_task_group to 2024-08-19 00:00:00+00:00, run_after=2024-08-20 00:00:00+00:00
[2024-08-20T03:48:19.977+0000] {processor.py:208} INFO - Processing /home/airflow/.local/lib/python3.12/site-packages/airflow/example_dags/example_task_group.py took 0.115 seconds
[2024-08-20T03:51:12.259+0000] {processor.py:186} INFO - Started process (PID=69) to work on /home/airflow/.local/lib/python3.12/site-packages/airflow/example_dags/example_task_group.py
[2024-08-20T03:51:12.261+0000] {processor.py:914} INFO - Processing file /home/airflow/.local/lib/python3.12/site-packages/airflow/example_dags/example_task_group.py for tasks to queue
[2024-08-20T03:51:12.265+0000] {logging_mixin.py:190} INFO - [2024-08-20T03:51:12.264+0000] {dagbag.py:587} INFO - Filling up the DagBag from /home/airflow/.local/lib/python3.12/site-packages/airflow/example_dags/example_task_group.py
[2024-08-20T03:51:12.280+0000] {processor.py:925} INFO - DAG(s) 'example_task_group' retrieved from /home/airflow/.local/lib/python3.12/site-packages/airflow/example_dags/example_task_group.py
[2024-08-20T03:51:12.354+0000] {logging_mixin.py:190} INFO - [2024-08-20T03:51:12.353+0000] {dag.py:3211} INFO - Sync 1 DAGs
[2024-08-20T03:51:12.400+0000] {logging_mixin.py:190} INFO - [2024-08-20T03:51:12.400+0000] {dag.py:4138} INFO - Setting next_dagrun for example_task_group to 2024-08-19 00:00:00+00:00, run_after=2024-08-20 00:00:00+00:00
[2024-08-20T03:51:12.432+0000] {processor.py:208} INFO - Processing /home/airflow/.local/lib/python3.12/site-packages/airflow/example_dags/example_task_group.py took 0.183 seconds
[2024-08-20T03:51:43.210+0000] {processor.py:186} INFO - Started process (PID=132) to work on /home/airflow/.local/lib/python3.12/site-packages/airflow/example_dags/example_task_group.py
[2024-08-20T03:51:43.212+0000] {processor.py:914} INFO - Processing file /home/airflow/.local/lib/python3.12/site-packages/airflow/example_dags/example_task_group.py for tasks to queue
[2024-08-20T03:51:43.215+0000] {logging_mixin.py:190} INFO - [2024-08-20T03:51:43.214+0000] {dagbag.py:587} INFO - Filling up the DagBag from /home/airflow/.local/lib/python3.12/site-packages/airflow/example_dags/example_task_group.py
[2024-08-20T03:51:43.227+0000] {processor.py:925} INFO - DAG(s) 'example_task_group' retrieved from /home/airflow/.local/lib/python3.12/site-packages/airflow/example_dags/example_task_group.py
[2024-08-20T03:51:43.251+0000] {logging_mixin.py:190} INFO - [2024-08-20T03:51:43.250+0000] {dag.py:3211} INFO - Sync 1 DAGs
[2024-08-20T03:51:43.284+0000] {logging_mixin.py:190} INFO - [2024-08-20T03:51:43.283+0000] {dag.py:4138} INFO - Setting next_dagrun for example_task_group to 2024-08-19 00:00:00+00:00, run_after=2024-08-20 00:00:00+00:00
[2024-08-20T03:51:43.307+0000] {processor.py:208} INFO - Processing /home/airflow/.local/lib/python3.12/site-packages/airflow/example_dags/example_task_group.py took 0.104 seconds
[2024-08-20T03:52:13.376+0000] {processor.py:186} INFO - Started process (PID=195) to work on /home/airflow/.local/lib/python3.12/site-packages/airflow/example_dags/example_task_group.py
[2024-08-20T03:52:13.378+0000] {processor.py:914} INFO - Processing file /home/airflow/.local/lib/python3.12/site-packages/airflow/example_dags/example_task_group.py for tasks to queue
[2024-08-20T03:52:13.381+0000] {logging_mixin.py:190} INFO - [2024-08-20T03:52:13.381+0000] {dagbag.py:587} INFO - Filling up the DagBag from /home/airflow/.local/lib/python3.12/site-packages/airflow/example_dags/example_task_group.py
[2024-08-20T03:52:13.398+0000] {processor.py:925} INFO - DAG(s) 'example_task_group' retrieved from /home/airflow/.local/lib/python3.12/site-packages/airflow/example_dags/example_task_group.py
[2024-08-20T03:52:13.434+0000] {logging_mixin.py:190} INFO - [2024-08-20T03:52:13.434+0000] {dag.py:3211} INFO - Sync 1 DAGs
[2024-08-20T03:52:13.473+0000] {logging_mixin.py:190} INFO - [2024-08-20T03:52:13.472+0000] {dag.py:4138} INFO - Setting next_dagrun for example_task_group to 2024-08-19 00:00:00+00:00, run_after=2024-08-20 00:00:00+00:00
[2024-08-20T03:52:13.499+0000] {processor.py:208} INFO - Processing /home/airflow/.local/lib/python3.12/site-packages/airflow/example_dags/example_task_group.py took 0.133 seconds
[2024-08-20T03:52:43.799+0000] {processor.py:186} INFO - Started process (PID=256) to work on /home/airflow/.local/lib/python3.12/site-packages/airflow/example_dags/example_task_group.py
[2024-08-20T03:52:43.801+0000] {processor.py:914} INFO - Processing file /home/airflow/.local/lib/python3.12/site-packages/airflow/example_dags/example_task_group.py for tasks to queue
[2024-08-20T03:52:43.803+0000] {logging_mixin.py:190} INFO - [2024-08-20T03:52:43.803+0000] {dagbag.py:587} INFO - Filling up the DagBag from /home/airflow/.local/lib/python3.12/site-packages/airflow/example_dags/example_task_group.py
[2024-08-20T03:52:43.816+0000] {processor.py:925} INFO - DAG(s) 'example_task_group' retrieved from /home/airflow/.local/lib/python3.12/site-packages/airflow/example_dags/example_task_group.py
[2024-08-20T03:52:43.843+0000] {logging_mixin.py:190} INFO - [2024-08-20T03:52:43.843+0000] {dag.py:3211} INFO - Sync 1 DAGs
[2024-08-20T03:52:43.871+0000] {logging_mixin.py:190} INFO - [2024-08-20T03:52:43.871+0000] {dag.py:4138} INFO - Setting next_dagrun for example_task_group to 2024-08-19 00:00:00+00:00, run_after=2024-08-20 00:00:00+00:00
[2024-08-20T03:52:43.895+0000] {processor.py:208} INFO - Processing /home/airflow/.local/lib/python3.12/site-packages/airflow/example_dags/example_task_group.py took 0.103 seconds
[2024-08-20T03:53:14.168+0000] {processor.py:186} INFO - Started process (PID=318) to work on /home/airflow/.local/lib/python3.12/site-packages/airflow/example_dags/example_task_group.py
[2024-08-20T03:53:14.169+0000] {processor.py:914} INFO - Processing file /home/airflow/.local/lib/python3.12/site-packages/airflow/example_dags/example_task_group.py for tasks to queue
[2024-08-20T03:53:14.172+0000] {logging_mixin.py:190} INFO - [2024-08-20T03:53:14.172+0000] {dagbag.py:587} INFO - Filling up the DagBag from /home/airflow/.local/lib/python3.12/site-packages/airflow/example_dags/example_task_group.py
[2024-08-20T03:53:14.189+0000] {processor.py:925} INFO - DAG(s) 'example_task_group' retrieved from /home/airflow/.local/lib/python3.12/site-packages/airflow/example_dags/example_task_group.py
[2024-08-20T03:53:14.226+0000] {logging_mixin.py:190} INFO - [2024-08-20T03:53:14.225+0000] {dag.py:3211} INFO - Sync 1 DAGs
[2024-08-20T03:53:14.276+0000] {logging_mixin.py:190} INFO - [2024-08-20T03:53:14.276+0000] {dag.py:4138} INFO - Setting next_dagrun for example_task_group to 2024-08-19 00:00:00+00:00, run_after=2024-08-20 00:00:00+00:00
[2024-08-20T03:53:14.322+0000] {processor.py:208} INFO - Processing /home/airflow/.local/lib/python3.12/site-packages/airflow/example_dags/example_task_group.py took 0.165 seconds
[2024-08-20T03:53:44.502+0000] {processor.py:186} INFO - Started process (PID=380) to work on /home/airflow/.local/lib/python3.12/site-packages/airflow/example_dags/example_task_group.py
[2024-08-20T03:53:44.504+0000] {processor.py:914} INFO - Processing file /home/airflow/.local/lib/python3.12/site-packages/airflow/example_dags/example_task_group.py for tasks to queue
[2024-08-20T03:53:44.509+0000] {logging_mixin.py:190} INFO - [2024-08-20T03:53:44.508+0000] {dagbag.py:587} INFO - Filling up the DagBag from /home/airflow/.local/lib/python3.12/site-packages/airflow/example_dags/example_task_group.py
[2024-08-20T03:53:44.523+0000] {processor.py:925} INFO - DAG(s) 'example_task_group' retrieved from /home/airflow/.local/lib/python3.12/site-packages/airflow/example_dags/example_task_group.py
[2024-08-20T03:53:44.550+0000] {logging_mixin.py:190} INFO - [2024-08-20T03:53:44.549+0000] {dag.py:3211} INFO - Sync 1 DAGs
[2024-08-20T03:53:44.588+0000] {logging_mixin.py:190} INFO - [2024-08-20T03:53:44.588+0000] {dag.py:4138} INFO - Setting next_dagrun for example_task_group to 2024-08-19 00:00:00+00:00, run_after=2024-08-20 00:00:00+00:00
[2024-08-20T03:53:44.610+0000] {processor.py:208} INFO - Processing /home/airflow/.local/lib/python3.12/site-packages/airflow/example_dags/example_task_group.py took 0.115 seconds
[2024-08-20T03:54:14.680+0000] {processor.py:186} INFO - Started process (PID=442) to work on /home/airflow/.local/lib/python3.12/site-packages/airflow/example_dags/example_task_group.py
[2024-08-20T03:54:14.681+0000] {processor.py:914} INFO - Processing file /home/airflow/.local/lib/python3.12/site-packages/airflow/example_dags/example_task_group.py for tasks to queue
[2024-08-20T03:54:14.685+0000] {logging_mixin.py:190} INFO - [2024-08-20T03:54:14.684+0000] {dagbag.py:587} INFO - Filling up the DagBag from /home/airflow/.local/lib/python3.12/site-packages/airflow/example_dags/example_task_group.py
[2024-08-20T03:54:14.697+0000] {processor.py:925} INFO - DAG(s) 'example_task_group' retrieved from /home/airflow/.local/lib/python3.12/site-packages/airflow/example_dags/example_task_group.py
[2024-08-20T03:54:14.725+0000] {logging_mixin.py:190} INFO - [2024-08-20T03:54:14.724+0000] {dag.py:3211} INFO - Sync 1 DAGs
[2024-08-20T03:54:14.750+0000] {logging_mixin.py:190} INFO - [2024-08-20T03:54:14.749+0000] {dag.py:4138} INFO - Setting next_dagrun for example_task_group to 2024-08-19 00:00:00+00:00, run_after=2024-08-20 00:00:00+00:00
[2024-08-20T03:54:14.775+0000] {processor.py:208} INFO - Processing /home/airflow/.local/lib/python3.12/site-packages/airflow/example_dags/example_task_group.py took 0.103 seconds
[2024-08-20T03:54:44.841+0000] {processor.py:186} INFO - Started process (PID=503) to work on /home/airflow/.local/lib/python3.12/site-packages/airflow/example_dags/example_task_group.py
[2024-08-20T03:54:44.843+0000] {processor.py:914} INFO - Processing file /home/airflow/.local/lib/python3.12/site-packages/airflow/example_dags/example_task_group.py for tasks to queue
[2024-08-20T03:54:44.847+0000] {logging_mixin.py:190} INFO - [2024-08-20T03:54:44.846+0000] {dagbag.py:587} INFO - Filling up the DagBag from /home/airflow/.local/lib/python3.12/site-packages/airflow/example_dags/example_task_group.py
[2024-08-20T03:54:44.861+0000] {processor.py:925} INFO - DAG(s) 'example_task_group' retrieved from /home/airflow/.local/lib/python3.12/site-packages/airflow/example_dags/example_task_group.py
[2024-08-20T03:54:44.896+0000] {logging_mixin.py:190} INFO - [2024-08-20T03:54:44.895+0000] {dag.py:3211} INFO - Sync 1 DAGs
[2024-08-20T03:54:44.957+0000] {logging_mixin.py:190} INFO - [2024-08-20T03:54:44.957+0000] {dag.py:4138} INFO - Setting next_dagrun for example_task_group to 2024-08-19 00:00:00+00:00, run_after=2024-08-20 00:00:00+00:00
[2024-08-20T03:54:44.985+0000] {processor.py:208} INFO - Processing /home/airflow/.local/lib/python3.12/site-packages/airflow/example_dags/example_task_group.py took 0.155 seconds
[2024-08-20T03:55:15.785+0000] {processor.py:186} INFO - Started process (PID=566) to work on /home/airflow/.local/lib/python3.12/site-packages/airflow/example_dags/example_task_group.py
[2024-08-20T03:55:15.787+0000] {processor.py:914} INFO - Processing file /home/airflow/.local/lib/python3.12/site-packages/airflow/example_dags/example_task_group.py for tasks to queue
[2024-08-20T03:55:15.790+0000] {logging_mixin.py:190} INFO - [2024-08-20T03:55:15.790+0000] {dagbag.py:587} INFO - Filling up the DagBag from /home/airflow/.local/lib/python3.12/site-packages/airflow/example_dags/example_task_group.py
[2024-08-20T03:55:15.801+0000] {processor.py:925} INFO - DAG(s) 'example_task_group' retrieved from /home/airflow/.local/lib/python3.12/site-packages/airflow/example_dags/example_task_group.py
[2024-08-20T03:55:15.834+0000] {logging_mixin.py:190} INFO - [2024-08-20T03:55:15.833+0000] {dag.py:3211} INFO - Sync 1 DAGs
[2024-08-20T03:55:15.864+0000] {logging_mixin.py:190} INFO - [2024-08-20T03:55:15.863+0000] {dag.py:4138} INFO - Setting next_dagrun for example_task_group to 2024-08-19 00:00:00+00:00, run_after=2024-08-20 00:00:00+00:00
[2024-08-20T03:55:15.891+0000] {processor.py:208} INFO - Processing /home/airflow/.local/lib/python3.12/site-packages/airflow/example_dags/example_task_group.py took 0.115 seconds
[2024-08-20T03:55:46.585+0000] {processor.py:186} INFO - Started process (PID=628) to work on /home/airflow/.local/lib/python3.12/site-packages/airflow/example_dags/example_task_group.py
[2024-08-20T03:55:46.586+0000] {processor.py:914} INFO - Processing file /home/airflow/.local/lib/python3.12/site-packages/airflow/example_dags/example_task_group.py for tasks to queue
[2024-08-20T03:55:46.589+0000] {logging_mixin.py:190} INFO - [2024-08-20T03:55:46.589+0000] {dagbag.py:587} INFO - Filling up the DagBag from /home/airflow/.local/lib/python3.12/site-packages/airflow/example_dags/example_task_group.py
[2024-08-20T03:55:46.601+0000] {processor.py:925} INFO - DAG(s) 'example_task_group' retrieved from /home/airflow/.local/lib/python3.12/site-packages/airflow/example_dags/example_task_group.py
[2024-08-20T03:55:46.625+0000] {logging_mixin.py:190} INFO - [2024-08-20T03:55:46.625+0000] {dag.py:3211} INFO - Sync 1 DAGs
[2024-08-20T03:55:46.650+0000] {logging_mixin.py:190} INFO - [2024-08-20T03:55:46.650+0000] {dag.py:4138} INFO - Setting next_dagrun for example_task_group to 2024-08-19 00:00:00+00:00, run_after=2024-08-20 00:00:00+00:00
[2024-08-20T03:55:46.673+0000] {processor.py:208} INFO - Processing /home/airflow/.local/lib/python3.12/site-packages/airflow/example_dags/example_task_group.py took 0.096 seconds
[2024-08-20T03:56:17.019+0000] {processor.py:186} INFO - Started process (PID=690) to work on /home/airflow/.local/lib/python3.12/site-packages/airflow/example_dags/example_task_group.py
[2024-08-20T03:56:17.021+0000] {processor.py:914} INFO - Processing file /home/airflow/.local/lib/python3.12/site-packages/airflow/example_dags/example_task_group.py for tasks to queue
[2024-08-20T03:56:17.025+0000] {logging_mixin.py:190} INFO - [2024-08-20T03:56:17.024+0000] {dagbag.py:587} INFO - Filling up the DagBag from /home/airflow/.local/lib/python3.12/site-packages/airflow/example_dags/example_task_group.py
[2024-08-20T03:56:17.036+0000] {processor.py:925} INFO - DAG(s) 'example_task_group' retrieved from /home/airflow/.local/lib/python3.12/site-packages/airflow/example_dags/example_task_group.py
[2024-08-20T03:56:17.065+0000] {logging_mixin.py:190} INFO - [2024-08-20T03:56:17.065+0000] {dag.py:3211} INFO - Sync 1 DAGs
[2024-08-20T03:56:17.100+0000] {logging_mixin.py:190} INFO - [2024-08-20T03:56:17.100+0000] {dag.py:4138} INFO - Setting next_dagrun for example_task_group to 2024-08-19 00:00:00+00:00, run_after=2024-08-20 00:00:00+00:00
[2024-08-20T03:56:17.124+0000] {processor.py:208} INFO - Processing /home/airflow/.local/lib/python3.12/site-packages/airflow/example_dags/example_task_group.py took 0.113 seconds
[2024-08-20T03:56:47.501+0000] {processor.py:186} INFO - Started process (PID=752) to work on /home/airflow/.local/lib/python3.12/site-packages/airflow/example_dags/example_task_group.py
[2024-08-20T03:56:47.502+0000] {processor.py:914} INFO - Processing file /home/airflow/.local/lib/python3.12/site-packages/airflow/example_dags/example_task_group.py for tasks to queue
[2024-08-20T03:56:47.505+0000] {logging_mixin.py:190} INFO - [2024-08-20T03:56:47.505+0000] {dagbag.py:587} INFO - Filling up the DagBag from /home/airflow/.local/lib/python3.12/site-packages/airflow/example_dags/example_task_group.py
[2024-08-20T03:56:47.516+0000] {processor.py:925} INFO - DAG(s) 'example_task_group' retrieved from /home/airflow/.local/lib/python3.12/site-packages/airflow/example_dags/example_task_group.py
[2024-08-20T03:56:47.542+0000] {logging_mixin.py:190} INFO - [2024-08-20T03:56:47.542+0000] {dag.py:3211} INFO - Sync 1 DAGs
[2024-08-20T03:56:47.567+0000] {logging_mixin.py:190} INFO - [2024-08-20T03:56:47.567+0000] {dag.py:4138} INFO - Setting next_dagrun for example_task_group to 2024-08-19 00:00:00+00:00, run_after=2024-08-20 00:00:00+00:00
[2024-08-20T03:56:47.588+0000] {processor.py:208} INFO - Processing /home/airflow/.local/lib/python3.12/site-packages/airflow/example_dags/example_task_group.py took 0.095 seconds
[2024-08-20T03:57:17.888+0000] {processor.py:186} INFO - Started process (PID=814) to work on /home/airflow/.local/lib/python3.12/site-packages/airflow/example_dags/example_task_group.py
[2024-08-20T03:57:17.890+0000] {processor.py:914} INFO - Processing file /home/airflow/.local/lib/python3.12/site-packages/airflow/example_dags/example_task_group.py for tasks to queue
[2024-08-20T03:57:17.893+0000] {logging_mixin.py:190} INFO - [2024-08-20T03:57:17.893+0000] {dagbag.py:587} INFO - Filling up the DagBag from /home/airflow/.local/lib/python3.12/site-packages/airflow/example_dags/example_task_group.py
[2024-08-20T03:57:17.906+0000] {processor.py:925} INFO - DAG(s) 'example_task_group' retrieved from /home/airflow/.local/lib/python3.12/site-packages/airflow/example_dags/example_task_group.py
[2024-08-20T03:57:17.935+0000] {logging_mixin.py:190} INFO - [2024-08-20T03:57:17.934+0000] {dag.py:3211} INFO - Sync 1 DAGs
[2024-08-20T03:57:17.967+0000] {logging_mixin.py:190} INFO - [2024-08-20T03:57:17.967+0000] {dag.py:4138} INFO - Setting next_dagrun for example_task_group to 2024-08-19 00:00:00+00:00, run_after=2024-08-20 00:00:00+00:00
[2024-08-20T03:57:17.991+0000] {processor.py:208} INFO - Processing /home/airflow/.local/lib/python3.12/site-packages/airflow/example_dags/example_task_group.py took 0.112 seconds
[2024-08-20T03:57:48.440+0000] {processor.py:186} INFO - Started process (PID=876) to work on /home/airflow/.local/lib/python3.12/site-packages/airflow/example_dags/example_task_group.py
[2024-08-20T03:57:48.442+0000] {processor.py:914} INFO - Processing file /home/airflow/.local/lib/python3.12/site-packages/airflow/example_dags/example_task_group.py for tasks to queue
[2024-08-20T03:57:48.445+0000] {logging_mixin.py:190} INFO - [2024-08-20T03:57:48.445+0000] {dagbag.py:587} INFO - Filling up the DagBag from /home/airflow/.local/lib/python3.12/site-packages/airflow/example_dags/example_task_group.py
[2024-08-20T03:57:48.456+0000] {processor.py:925} INFO - DAG(s) 'example_task_group' retrieved from /home/airflow/.local/lib/python3.12/site-packages/airflow/example_dags/example_task_group.py
[2024-08-20T03:57:48.483+0000] {logging_mixin.py:190} INFO - [2024-08-20T03:57:48.483+0000] {dag.py:3211} INFO - Sync 1 DAGs
[2024-08-20T03:57:48.512+0000] {logging_mixin.py:190} INFO - [2024-08-20T03:57:48.511+0000] {dag.py:4138} INFO - Setting next_dagrun for example_task_group to 2024-08-19 00:00:00+00:00, run_after=2024-08-20 00:00:00+00:00
[2024-08-20T03:57:48.538+0000] {processor.py:208} INFO - Processing /home/airflow/.local/lib/python3.12/site-packages/airflow/example_dags/example_task_group.py took 0.106 seconds
[2024-08-20T03:58:19.058+0000] {processor.py:186} INFO - Started process (PID=938) to work on /home/airflow/.local/lib/python3.12/site-packages/airflow/example_dags/example_task_group.py
[2024-08-20T03:58:19.060+0000] {processor.py:914} INFO - Processing file /home/airflow/.local/lib/python3.12/site-packages/airflow/example_dags/example_task_group.py for tasks to queue
[2024-08-20T03:58:19.065+0000] {logging_mixin.py:190} INFO - [2024-08-20T03:58:19.065+0000] {dagbag.py:587} INFO - Filling up the DagBag from /home/airflow/.local/lib/python3.12/site-packages/airflow/example_dags/example_task_group.py
[2024-08-20T03:58:19.076+0000] {processor.py:925} INFO - DAG(s) 'example_task_group' retrieved from /home/airflow/.local/lib/python3.12/site-packages/airflow/example_dags/example_task_group.py
[2024-08-20T03:58:19.107+0000] {logging_mixin.py:190} INFO - [2024-08-20T03:58:19.107+0000] {dag.py:3211} INFO - Sync 1 DAGs
[2024-08-20T03:58:19.136+0000] {logging_mixin.py:190} INFO - [2024-08-20T03:58:19.136+0000] {dag.py:4138} INFO - Setting next_dagrun for example_task_group to 2024-08-19 00:00:00+00:00, run_after=2024-08-20 00:00:00+00:00
[2024-08-20T03:58:19.160+0000] {processor.py:208} INFO - Processing /home/airflow/.local/lib/python3.12/site-packages/airflow/example_dags/example_task_group.py took 0.109 seconds
[2024-08-20T03:58:49.838+0000] {processor.py:186} INFO - Started process (PID=1000) to work on /home/airflow/.local/lib/python3.12/site-packages/airflow/example_dags/example_task_group.py
[2024-08-20T03:58:49.840+0000] {processor.py:914} INFO - Processing file /home/airflow/.local/lib/python3.12/site-packages/airflow/example_dags/example_task_group.py for tasks to queue
[2024-08-20T03:58:49.846+0000] {logging_mixin.py:190} INFO - [2024-08-20T03:58:49.845+0000] {dagbag.py:587} INFO - Filling up the DagBag from /home/airflow/.local/lib/python3.12/site-packages/airflow/example_dags/example_task_group.py
[2024-08-20T03:58:49.855+0000] {processor.py:925} INFO - DAG(s) 'example_task_group' retrieved from /home/airflow/.local/lib/python3.12/site-packages/airflow/example_dags/example_task_group.py
[2024-08-20T03:58:49.889+0000] {logging_mixin.py:190} INFO - [2024-08-20T03:58:49.889+0000] {dag.py:3211} INFO - Sync 1 DAGs
[2024-08-20T03:58:49.917+0000] {logging_mixin.py:190} INFO - [2024-08-20T03:58:49.917+0000] {dag.py:4138} INFO - Setting next_dagrun for example_task_group to 2024-08-19 00:00:00+00:00, run_after=2024-08-20 00:00:00+00:00
[2024-08-20T03:58:49.939+0000] {processor.py:208} INFO - Processing /home/airflow/.local/lib/python3.12/site-packages/airflow/example_dags/example_task_group.py took 0.108 seconds
[2024-08-20T03:59:20.215+0000] {processor.py:186} INFO - Started process (PID=1062) to work on /home/airflow/.local/lib/python3.12/site-packages/airflow/example_dags/example_task_group.py
[2024-08-20T03:59:20.216+0000] {processor.py:914} INFO - Processing file /home/airflow/.local/lib/python3.12/site-packages/airflow/example_dags/example_task_group.py for tasks to queue
[2024-08-20T03:59:20.220+0000] {logging_mixin.py:190} INFO - [2024-08-20T03:59:20.219+0000] {dagbag.py:587} INFO - Filling up the DagBag from /home/airflow/.local/lib/python3.12/site-packages/airflow/example_dags/example_task_group.py
[2024-08-20T03:59:20.231+0000] {processor.py:925} INFO - DAG(s) 'example_task_group' retrieved from /home/airflow/.local/lib/python3.12/site-packages/airflow/example_dags/example_task_group.py
[2024-08-20T03:59:20.268+0000] {logging_mixin.py:190} INFO - [2024-08-20T03:59:20.267+0000] {dag.py:3211} INFO - Sync 1 DAGs
[2024-08-20T03:59:20.297+0000] {logging_mixin.py:190} INFO - [2024-08-20T03:59:20.297+0000] {dag.py:4138} INFO - Setting next_dagrun for example_task_group to 2024-08-19 00:00:00+00:00, run_after=2024-08-20 00:00:00+00:00
[2024-08-20T03:59:20.321+0000] {processor.py:208} INFO - Processing /home/airflow/.local/lib/python3.12/site-packages/airflow/example_dags/example_task_group.py took 0.114 seconds
[2024-08-20T03:59:50.997+0000] {processor.py:186} INFO - Started process (PID=1124) to work on /home/airflow/.local/lib/python3.12/site-packages/airflow/example_dags/example_task_group.py
[2024-08-20T03:59:50.999+0000] {processor.py:914} INFO - Processing file /home/airflow/.local/lib/python3.12/site-packages/airflow/example_dags/example_task_group.py for tasks to queue
[2024-08-20T03:59:51.003+0000] {logging_mixin.py:190} INFO - [2024-08-20T03:59:51.002+0000] {dagbag.py:587} INFO - Filling up the DagBag from /home/airflow/.local/lib/python3.12/site-packages/airflow/example_dags/example_task_group.py
[2024-08-20T03:59:51.019+0000] {processor.py:925} INFO - DAG(s) 'example_task_group' retrieved from /home/airflow/.local/lib/python3.12/site-packages/airflow/example_dags/example_task_group.py
[2024-08-20T03:59:51.060+0000] {logging_mixin.py:190} INFO - [2024-08-20T03:59:51.059+0000] {dag.py:3211} INFO - Sync 1 DAGs
[2024-08-20T03:59:51.106+0000] {logging_mixin.py:190} INFO - [2024-08-20T03:59:51.105+0000] {dag.py:4138} INFO - Setting next_dagrun for example_task_group to 2024-08-19 00:00:00+00:00, run_after=2024-08-20 00:00:00+00:00
[2024-08-20T03:59:51.139+0000] {processor.py:208} INFO - Processing /home/airflow/.local/lib/python3.12/site-packages/airflow/example_dags/example_task_group.py took 0.151 seconds
[2024-08-20T04:00:22.065+0000] {processor.py:186} INFO - Started process (PID=1186) to work on /home/airflow/.local/lib/python3.12/site-packages/airflow/example_dags/example_task_group.py
[2024-08-20T04:00:22.067+0000] {processor.py:914} INFO - Processing file /home/airflow/.local/lib/python3.12/site-packages/airflow/example_dags/example_task_group.py for tasks to queue
[2024-08-20T04:00:22.071+0000] {logging_mixin.py:190} INFO - [2024-08-20T04:00:22.070+0000] {dagbag.py:587} INFO - Filling up the DagBag from /home/airflow/.local/lib/python3.12/site-packages/airflow/example_dags/example_task_group.py
[2024-08-20T04:00:22.082+0000] {processor.py:925} INFO - DAG(s) 'example_task_group' retrieved from /home/airflow/.local/lib/python3.12/site-packages/airflow/example_dags/example_task_group.py
[2024-08-20T04:00:22.118+0000] {logging_mixin.py:190} INFO - [2024-08-20T04:00:22.118+0000] {dag.py:3211} INFO - Sync 1 DAGs
[2024-08-20T04:00:22.158+0000] {logging_mixin.py:190} INFO - [2024-08-20T04:00:22.157+0000] {dag.py:4138} INFO - Setting next_dagrun for example_task_group to 2024-08-19 00:00:00+00:00, run_after=2024-08-20 00:00:00+00:00
[2024-08-20T04:00:22.184+0000] {processor.py:208} INFO - Processing /home/airflow/.local/lib/python3.12/site-packages/airflow/example_dags/example_task_group.py took 0.127 seconds
[2024-08-20T04:00:52.389+0000] {processor.py:186} INFO - Started process (PID=1248) to work on /home/airflow/.local/lib/python3.12/site-packages/airflow/example_dags/example_task_group.py
[2024-08-20T04:00:52.390+0000] {processor.py:914} INFO - Processing file /home/airflow/.local/lib/python3.12/site-packages/airflow/example_dags/example_task_group.py for tasks to queue
[2024-08-20T04:00:52.394+0000] {logging_mixin.py:190} INFO - [2024-08-20T04:00:52.394+0000] {dagbag.py:587} INFO - Filling up the DagBag from /home/airflow/.local/lib/python3.12/site-packages/airflow/example_dags/example_task_group.py
[2024-08-20T04:00:52.408+0000] {processor.py:925} INFO - DAG(s) 'example_task_group' retrieved from /home/airflow/.local/lib/python3.12/site-packages/airflow/example_dags/example_task_group.py
[2024-08-20T04:00:52.442+0000] {logging_mixin.py:190} INFO - [2024-08-20T04:00:52.442+0000] {dag.py:3211} INFO - Sync 1 DAGs
[2024-08-20T04:00:52.470+0000] {logging_mixin.py:190} INFO - [2024-08-20T04:00:52.470+0000] {dag.py:4138} INFO - Setting next_dagrun for example_task_group to 2024-08-19 00:00:00+00:00, run_after=2024-08-20 00:00:00+00:00
[2024-08-20T04:00:52.495+0000] {processor.py:208} INFO - Processing /home/airflow/.local/lib/python3.12/site-packages/airflow/example_dags/example_task_group.py took 0.117 seconds
[2024-08-20T04:01:22.638+0000] {processor.py:186} INFO - Started process (PID=1310) to work on /home/airflow/.local/lib/python3.12/site-packages/airflow/example_dags/example_task_group.py
[2024-08-20T04:01:22.639+0000] {processor.py:914} INFO - Processing file /home/airflow/.local/lib/python3.12/site-packages/airflow/example_dags/example_task_group.py for tasks to queue
[2024-08-20T04:01:22.642+0000] {logging_mixin.py:190} INFO - [2024-08-20T04:01:22.642+0000] {dagbag.py:587} INFO - Filling up the DagBag from /home/airflow/.local/lib/python3.12/site-packages/airflow/example_dags/example_task_group.py
[2024-08-20T04:01:22.655+0000] {processor.py:925} INFO - DAG(s) 'example_task_group' retrieved from /home/airflow/.local/lib/python3.12/site-packages/airflow/example_dags/example_task_group.py
[2024-08-20T04:01:22.682+0000] {logging_mixin.py:190} INFO - [2024-08-20T04:01:22.682+0000] {dag.py:3211} INFO - Sync 1 DAGs
[2024-08-20T04:01:22.710+0000] {logging_mixin.py:190} INFO - [2024-08-20T04:01:22.710+0000] {dag.py:4138} INFO - Setting next_dagrun for example_task_group to 2024-08-19 00:00:00+00:00, run_after=2024-08-20 00:00:00+00:00
[2024-08-20T04:01:22.743+0000] {processor.py:208} INFO - Processing /home/airflow/.local/lib/python3.12/site-packages/airflow/example_dags/example_task_group.py took 0.113 seconds
[2024-08-20T04:01:53.154+0000] {processor.py:186} INFO - Started process (PID=1372) to work on /home/airflow/.local/lib/python3.12/site-packages/airflow/example_dags/example_task_group.py
[2024-08-20T04:01:53.155+0000] {processor.py:914} INFO - Processing file /home/airflow/.local/lib/python3.12/site-packages/airflow/example_dags/example_task_group.py for tasks to queue
[2024-08-20T04:01:53.159+0000] {logging_mixin.py:190} INFO - [2024-08-20T04:01:53.159+0000] {dagbag.py:587} INFO - Filling up the DagBag from /home/airflow/.local/lib/python3.12/site-packages/airflow/example_dags/example_task_group.py
[2024-08-20T04:01:53.171+0000] {processor.py:925} INFO - DAG(s) 'example_task_group' retrieved from /home/airflow/.local/lib/python3.12/site-packages/airflow/example_dags/example_task_group.py
[2024-08-20T04:01:53.201+0000] {logging_mixin.py:190} INFO - [2024-08-20T04:01:53.200+0000] {dag.py:3211} INFO - Sync 1 DAGs
[2024-08-20T04:01:53.230+0000] {logging_mixin.py:190} INFO - [2024-08-20T04:01:53.230+0000] {dag.py:4138} INFO - Setting next_dagrun for example_task_group to 2024-08-19 00:00:00+00:00, run_after=2024-08-20 00:00:00+00:00
[2024-08-20T04:01:53.255+0000] {processor.py:208} INFO - Processing /home/airflow/.local/lib/python3.12/site-packages/airflow/example_dags/example_task_group.py took 0.110 seconds
[2024-08-20T04:02:23.420+0000] {processor.py:186} INFO - Started process (PID=1434) to work on /home/airflow/.local/lib/python3.12/site-packages/airflow/example_dags/example_task_group.py
[2024-08-20T04:02:23.422+0000] {processor.py:914} INFO - Processing file /home/airflow/.local/lib/python3.12/site-packages/airflow/example_dags/example_task_group.py for tasks to queue
[2024-08-20T04:02:23.426+0000] {logging_mixin.py:190} INFO - [2024-08-20T04:02:23.425+0000] {dagbag.py:587} INFO - Filling up the DagBag from /home/airflow/.local/lib/python3.12/site-packages/airflow/example_dags/example_task_group.py
[2024-08-20T04:02:23.436+0000] {processor.py:925} INFO - DAG(s) 'example_task_group' retrieved from /home/airflow/.local/lib/python3.12/site-packages/airflow/example_dags/example_task_group.py
[2024-08-20T04:02:23.462+0000] {logging_mixin.py:190} INFO - [2024-08-20T04:02:23.461+0000] {dag.py:3211} INFO - Sync 1 DAGs
[2024-08-20T04:02:23.486+0000] {logging_mixin.py:190} INFO - [2024-08-20T04:02:23.486+0000] {dag.py:4138} INFO - Setting next_dagrun for example_task_group to 2024-08-19 00:00:00+00:00, run_after=2024-08-20 00:00:00+00:00
[2024-08-20T04:02:23.507+0000] {processor.py:208} INFO - Processing /home/airflow/.local/lib/python3.12/site-packages/airflow/example_dags/example_task_group.py took 0.094 seconds
[2024-08-20T04:02:54.014+0000] {processor.py:186} INFO - Started process (PID=1496) to work on /home/airflow/.local/lib/python3.12/site-packages/airflow/example_dags/example_task_group.py
[2024-08-20T04:02:54.016+0000] {processor.py:914} INFO - Processing file /home/airflow/.local/lib/python3.12/site-packages/airflow/example_dags/example_task_group.py for tasks to queue
[2024-08-20T04:02:54.019+0000] {logging_mixin.py:190} INFO - [2024-08-20T04:02:54.019+0000] {dagbag.py:587} INFO - Filling up the DagBag from /home/airflow/.local/lib/python3.12/site-packages/airflow/example_dags/example_task_group.py
[2024-08-20T04:02:54.030+0000] {processor.py:925} INFO - DAG(s) 'example_task_group' retrieved from /home/airflow/.local/lib/python3.12/site-packages/airflow/example_dags/example_task_group.py
[2024-08-20T04:02:54.060+0000] {logging_mixin.py:190} INFO - [2024-08-20T04:02:54.059+0000] {dag.py:3211} INFO - Sync 1 DAGs
[2024-08-20T04:02:54.109+0000] {logging_mixin.py:190} INFO - [2024-08-20T04:02:54.109+0000] {dag.py:4138} INFO - Setting next_dagrun for example_task_group to 2024-08-19 00:00:00+00:00, run_after=2024-08-20 00:00:00+00:00
[2024-08-20T04:02:54.141+0000] {processor.py:208} INFO - Processing /home/airflow/.local/lib/python3.12/site-packages/airflow/example_dags/example_task_group.py took 0.134 seconds
[2024-08-20T04:03:24.402+0000] {processor.py:186} INFO - Started process (PID=1558) to work on /home/airflow/.local/lib/python3.12/site-packages/airflow/example_dags/example_task_group.py
[2024-08-20T04:03:24.403+0000] {processor.py:914} INFO - Processing file /home/airflow/.local/lib/python3.12/site-packages/airflow/example_dags/example_task_group.py for tasks to queue
[2024-08-20T04:03:24.407+0000] {logging_mixin.py:190} INFO - [2024-08-20T04:03:24.407+0000] {dagbag.py:587} INFO - Filling up the DagBag from /home/airflow/.local/lib/python3.12/site-packages/airflow/example_dags/example_task_group.py
[2024-08-20T04:03:24.419+0000] {processor.py:925} INFO - DAG(s) 'example_task_group' retrieved from /home/airflow/.local/lib/python3.12/site-packages/airflow/example_dags/example_task_group.py
[2024-08-20T04:03:24.444+0000] {logging_mixin.py:190} INFO - [2024-08-20T04:03:24.444+0000] {dag.py:3211} INFO - Sync 1 DAGs
[2024-08-20T04:03:24.477+0000] {logging_mixin.py:190} INFO - [2024-08-20T04:03:24.476+0000] {dag.py:4138} INFO - Setting next_dagrun for example_task_group to 2024-08-19 00:00:00+00:00, run_after=2024-08-20 00:00:00+00:00
[2024-08-20T04:03:24.502+0000] {processor.py:208} INFO - Processing /home/airflow/.local/lib/python3.12/site-packages/airflow/example_dags/example_task_group.py took 0.107 seconds
[2024-08-20T04:03:55.553+0000] {processor.py:186} INFO - Started process (PID=1620) to work on /home/airflow/.local/lib/python3.12/site-packages/airflow/example_dags/example_task_group.py
[2024-08-20T04:03:55.555+0000] {processor.py:914} INFO - Processing file /home/airflow/.local/lib/python3.12/site-packages/airflow/example_dags/example_task_group.py for tasks to queue
[2024-08-20T04:03:55.559+0000] {logging_mixin.py:190} INFO - [2024-08-20T04:03:55.559+0000] {dagbag.py:587} INFO - Filling up the DagBag from /home/airflow/.local/lib/python3.12/site-packages/airflow/example_dags/example_task_group.py
[2024-08-20T04:03:55.576+0000] {processor.py:925} INFO - DAG(s) 'example_task_group' retrieved from /home/airflow/.local/lib/python3.12/site-packages/airflow/example_dags/example_task_group.py
[2024-08-20T04:03:55.610+0000] {logging_mixin.py:190} INFO - [2024-08-20T04:03:55.610+0000] {dag.py:3211} INFO - Sync 1 DAGs
[2024-08-20T04:03:55.652+0000] {logging_mixin.py:190} INFO - [2024-08-20T04:03:55.652+0000] {dag.py:4138} INFO - Setting next_dagrun for example_task_group to 2024-08-19 00:00:00+00:00, run_after=2024-08-20 00:00:00+00:00
[2024-08-20T04:03:55.681+0000] {processor.py:208} INFO - Processing /home/airflow/.local/lib/python3.12/site-packages/airflow/example_dags/example_task_group.py took 0.139 seconds
[2024-08-20T04:04:26.327+0000] {processor.py:186} INFO - Started process (PID=1682) to work on /home/airflow/.local/lib/python3.12/site-packages/airflow/example_dags/example_task_group.py
[2024-08-20T04:04:26.328+0000] {processor.py:914} INFO - Processing file /home/airflow/.local/lib/python3.12/site-packages/airflow/example_dags/example_task_group.py for tasks to queue
[2024-08-20T04:04:26.333+0000] {logging_mixin.py:190} INFO - [2024-08-20T04:04:26.333+0000] {dagbag.py:587} INFO - Filling up the DagBag from /home/airflow/.local/lib/python3.12/site-packages/airflow/example_dags/example_task_group.py
[2024-08-20T04:04:26.345+0000] {processor.py:925} INFO - DAG(s) 'example_task_group' retrieved from /home/airflow/.local/lib/python3.12/site-packages/airflow/example_dags/example_task_group.py
[2024-08-20T04:04:26.372+0000] {logging_mixin.py:190} INFO - [2024-08-20T04:04:26.372+0000] {dag.py:3211} INFO - Sync 1 DAGs
[2024-08-20T04:04:26.399+0000] {logging_mixin.py:190} INFO - [2024-08-20T04:04:26.399+0000] {dag.py:4138} INFO - Setting next_dagrun for example_task_group to 2024-08-19 00:00:00+00:00, run_after=2024-08-20 00:00:00+00:00
[2024-08-20T04:04:26.421+0000] {processor.py:208} INFO - Processing /home/airflow/.local/lib/python3.12/site-packages/airflow/example_dags/example_task_group.py took 0.101 seconds
[2024-08-20T04:04:56.778+0000] {processor.py:186} INFO - Started process (PID=1744) to work on /home/airflow/.local/lib/python3.12/site-packages/airflow/example_dags/example_task_group.py
[2024-08-20T04:04:56.781+0000] {processor.py:914} INFO - Processing file /home/airflow/.local/lib/python3.12/site-packages/airflow/example_dags/example_task_group.py for tasks to queue
[2024-08-20T04:04:56.785+0000] {logging_mixin.py:190} INFO - [2024-08-20T04:04:56.785+0000] {dagbag.py:587} INFO - Filling up the DagBag from /home/airflow/.local/lib/python3.12/site-packages/airflow/example_dags/example_task_group.py
[2024-08-20T04:04:56.799+0000] {processor.py:925} INFO - DAG(s) 'example_task_group' retrieved from /home/airflow/.local/lib/python3.12/site-packages/airflow/example_dags/example_task_group.py
[2024-08-20T04:04:56.839+0000] {logging_mixin.py:190} INFO - [2024-08-20T04:04:56.838+0000] {dag.py:3211} INFO - Sync 1 DAGs
[2024-08-20T04:04:56.894+0000] {logging_mixin.py:190} INFO - [2024-08-20T04:04:56.893+0000] {dag.py:4138} INFO - Setting next_dagrun for example_task_group to 2024-08-19 00:00:00+00:00, run_after=2024-08-20 00:00:00+00:00
[2024-08-20T04:04:56.929+0000] {processor.py:208} INFO - Processing /home/airflow/.local/lib/python3.12/site-packages/airflow/example_dags/example_task_group.py took 0.163 seconds
[2024-08-20T04:05:27.787+0000] {processor.py:186} INFO - Started process (PID=1807) to work on /home/airflow/.local/lib/python3.12/site-packages/airflow/example_dags/example_task_group.py
[2024-08-20T04:05:27.789+0000] {processor.py:914} INFO - Processing file /home/airflow/.local/lib/python3.12/site-packages/airflow/example_dags/example_task_group.py for tasks to queue
[2024-08-20T04:05:27.792+0000] {logging_mixin.py:190} INFO - [2024-08-20T04:05:27.792+0000] {dagbag.py:587} INFO - Filling up the DagBag from /home/airflow/.local/lib/python3.12/site-packages/airflow/example_dags/example_task_group.py
[2024-08-20T04:05:27.809+0000] {processor.py:925} INFO - DAG(s) 'example_task_group' retrieved from /home/airflow/.local/lib/python3.12/site-packages/airflow/example_dags/example_task_group.py
[2024-08-20T04:05:27.841+0000] {logging_mixin.py:190} INFO - [2024-08-20T04:05:27.840+0000] {dag.py:3211} INFO - Sync 1 DAGs
[2024-08-20T04:05:27.876+0000] {logging_mixin.py:190} INFO - [2024-08-20T04:05:27.876+0000] {dag.py:4138} INFO - Setting next_dagrun for example_task_group to 2024-08-19 00:00:00+00:00, run_after=2024-08-20 00:00:00+00:00
[2024-08-20T04:05:27.904+0000] {processor.py:208} INFO - Processing /home/airflow/.local/lib/python3.12/site-packages/airflow/example_dags/example_task_group.py took 0.126 seconds
[2024-08-20T04:05:58.181+0000] {processor.py:186} INFO - Started process (PID=1868) to work on /home/airflow/.local/lib/python3.12/site-packages/airflow/example_dags/example_task_group.py
[2024-08-20T04:05:58.184+0000] {processor.py:914} INFO - Processing file /home/airflow/.local/lib/python3.12/site-packages/airflow/example_dags/example_task_group.py for tasks to queue
[2024-08-20T04:05:58.191+0000] {logging_mixin.py:190} INFO - [2024-08-20T04:05:58.191+0000] {dagbag.py:587} INFO - Filling up the DagBag from /home/airflow/.local/lib/python3.12/site-packages/airflow/example_dags/example_task_group.py
[2024-08-20T04:05:58.210+0000] {processor.py:925} INFO - DAG(s) 'example_task_group' retrieved from /home/airflow/.local/lib/python3.12/site-packages/airflow/example_dags/example_task_group.py
[2024-08-20T04:05:58.259+0000] {logging_mixin.py:190} INFO - [2024-08-20T04:05:58.259+0000] {dag.py:3211} INFO - Sync 1 DAGs
[2024-08-20T04:05:58.313+0000] {logging_mixin.py:190} INFO - [2024-08-20T04:05:58.313+0000] {dag.py:4138} INFO - Setting next_dagrun for example_task_group to 2024-08-19 00:00:00+00:00, run_after=2024-08-20 00:00:00+00:00
[2024-08-20T04:05:58.358+0000] {processor.py:208} INFO - Processing /home/airflow/.local/lib/python3.12/site-packages/airflow/example_dags/example_task_group.py took 0.189 seconds
[2024-08-20T04:06:28.705+0000] {processor.py:186} INFO - Started process (PID=1930) to work on /home/airflow/.local/lib/python3.12/site-packages/airflow/example_dags/example_task_group.py
[2024-08-20T04:06:28.707+0000] {processor.py:914} INFO - Processing file /home/airflow/.local/lib/python3.12/site-packages/airflow/example_dags/example_task_group.py for tasks to queue
[2024-08-20T04:06:28.713+0000] {logging_mixin.py:190} INFO - [2024-08-20T04:06:28.711+0000] {dagbag.py:587} INFO - Filling up the DagBag from /home/airflow/.local/lib/python3.12/site-packages/airflow/example_dags/example_task_group.py
[2024-08-20T04:06:28.731+0000] {processor.py:925} INFO - DAG(s) 'example_task_group' retrieved from /home/airflow/.local/lib/python3.12/site-packages/airflow/example_dags/example_task_group.py
[2024-08-20T04:06:28.769+0000] {logging_mixin.py:190} INFO - [2024-08-20T04:06:28.768+0000] {dag.py:3211} INFO - Sync 1 DAGs
[2024-08-20T04:06:28.814+0000] {logging_mixin.py:190} INFO - [2024-08-20T04:06:28.814+0000] {dag.py:4138} INFO - Setting next_dagrun for example_task_group to 2024-08-19 00:00:00+00:00, run_after=2024-08-20 00:00:00+00:00
[2024-08-20T04:06:28.849+0000] {processor.py:208} INFO - Processing /home/airflow/.local/lib/python3.12/site-packages/airflow/example_dags/example_task_group.py took 0.158 seconds
[2024-08-20T04:06:59.652+0000] {processor.py:186} INFO - Started process (PID=1992) to work on /home/airflow/.local/lib/python3.12/site-packages/airflow/example_dags/example_task_group.py
[2024-08-20T04:06:59.654+0000] {processor.py:914} INFO - Processing file /home/airflow/.local/lib/python3.12/site-packages/airflow/example_dags/example_task_group.py for tasks to queue
[2024-08-20T04:06:59.658+0000] {logging_mixin.py:190} INFO - [2024-08-20T04:06:59.657+0000] {dagbag.py:587} INFO - Filling up the DagBag from /home/airflow/.local/lib/python3.12/site-packages/airflow/example_dags/example_task_group.py
[2024-08-20T04:06:59.671+0000] {processor.py:925} INFO - DAG(s) 'example_task_group' retrieved from /home/airflow/.local/lib/python3.12/site-packages/airflow/example_dags/example_task_group.py
[2024-08-20T04:06:59.697+0000] {logging_mixin.py:190} INFO - [2024-08-20T04:06:59.696+0000] {dag.py:3211} INFO - Sync 1 DAGs
[2024-08-20T04:06:59.731+0000] {logging_mixin.py:190} INFO - [2024-08-20T04:06:59.731+0000] {dag.py:4138} INFO - Setting next_dagrun for example_task_group to 2024-08-19 00:00:00+00:00, run_after=2024-08-20 00:00:00+00:00
[2024-08-20T04:06:59.756+0000] {processor.py:208} INFO - Processing /home/airflow/.local/lib/python3.12/site-packages/airflow/example_dags/example_task_group.py took 0.113 seconds
[2024-08-20T04:07:30.722+0000] {processor.py:186} INFO - Started process (PID=2054) to work on /home/airflow/.local/lib/python3.12/site-packages/airflow/example_dags/example_task_group.py
[2024-08-20T04:07:30.723+0000] {processor.py:914} INFO - Processing file /home/airflow/.local/lib/python3.12/site-packages/airflow/example_dags/example_task_group.py for tasks to queue
[2024-08-20T04:07:30.728+0000] {logging_mixin.py:190} INFO - [2024-08-20T04:07:30.727+0000] {dagbag.py:587} INFO - Filling up the DagBag from /home/airflow/.local/lib/python3.12/site-packages/airflow/example_dags/example_task_group.py
[2024-08-20T04:07:30.740+0000] {processor.py:925} INFO - DAG(s) 'example_task_group' retrieved from /home/airflow/.local/lib/python3.12/site-packages/airflow/example_dags/example_task_group.py
[2024-08-20T04:07:30.766+0000] {logging_mixin.py:190} INFO - [2024-08-20T04:07:30.765+0000] {dag.py:3211} INFO - Sync 1 DAGs
[2024-08-20T04:07:30.801+0000] {logging_mixin.py:190} INFO - [2024-08-20T04:07:30.801+0000] {dag.py:4138} INFO - Setting next_dagrun for example_task_group to 2024-08-19 00:00:00+00:00, run_after=2024-08-20 00:00:00+00:00
[2024-08-20T04:07:30.823+0000] {processor.py:208} INFO - Processing /home/airflow/.local/lib/python3.12/site-packages/airflow/example_dags/example_task_group.py took 0.109 seconds
[2024-08-20T04:08:01.343+0000] {processor.py:186} INFO - Started process (PID=2117) to work on /home/airflow/.local/lib/python3.12/site-packages/airflow/example_dags/example_task_group.py
[2024-08-20T04:08:01.345+0000] {processor.py:914} INFO - Processing file /home/airflow/.local/lib/python3.12/site-packages/airflow/example_dags/example_task_group.py for tasks to queue
[2024-08-20T04:08:01.352+0000] {logging_mixin.py:190} INFO - [2024-08-20T04:08:01.351+0000] {dagbag.py:587} INFO - Filling up the DagBag from /home/airflow/.local/lib/python3.12/site-packages/airflow/example_dags/example_task_group.py
[2024-08-20T04:08:01.364+0000] {processor.py:925} INFO - DAG(s) 'example_task_group' retrieved from /home/airflow/.local/lib/python3.12/site-packages/airflow/example_dags/example_task_group.py
[2024-08-20T04:08:01.405+0000] {logging_mixin.py:190} INFO - [2024-08-20T04:08:01.405+0000] {dag.py:3211} INFO - Sync 1 DAGs
[2024-08-20T04:08:01.449+0000] {logging_mixin.py:190} INFO - [2024-08-20T04:08:01.449+0000] {dag.py:4138} INFO - Setting next_dagrun for example_task_group to 2024-08-19 00:00:00+00:00, run_after=2024-08-20 00:00:00+00:00
[2024-08-20T04:08:01.480+0000] {processor.py:208} INFO - Processing /home/airflow/.local/lib/python3.12/site-packages/airflow/example_dags/example_task_group.py took 0.148 seconds
[2024-08-20T04:08:31.903+0000] {processor.py:186} INFO - Started process (PID=2180) to work on /home/airflow/.local/lib/python3.12/site-packages/airflow/example_dags/example_task_group.py
[2024-08-20T04:08:31.906+0000] {processor.py:914} INFO - Processing file /home/airflow/.local/lib/python3.12/site-packages/airflow/example_dags/example_task_group.py for tasks to queue
[2024-08-20T04:08:31.916+0000] {logging_mixin.py:190} INFO - [2024-08-20T04:08:31.916+0000] {dagbag.py:587} INFO - Filling up the DagBag from /home/airflow/.local/lib/python3.12/site-packages/airflow/example_dags/example_task_group.py
[2024-08-20T04:08:31.933+0000] {processor.py:925} INFO - DAG(s) 'example_task_group' retrieved from /home/airflow/.local/lib/python3.12/site-packages/airflow/example_dags/example_task_group.py
[2024-08-20T04:08:31.968+0000] {logging_mixin.py:190} INFO - [2024-08-20T04:08:31.968+0000] {dag.py:3211} INFO - Sync 1 DAGs
[2024-08-20T04:08:32.033+0000] {logging_mixin.py:190} INFO - [2024-08-20T04:08:32.032+0000] {dag.py:4138} INFO - Setting next_dagrun for example_task_group to 2024-08-19 00:00:00+00:00, run_after=2024-08-20 00:00:00+00:00
[2024-08-20T04:08:32.060+0000] {processor.py:208} INFO - Processing /home/airflow/.local/lib/python3.12/site-packages/airflow/example_dags/example_task_group.py took 0.172 seconds
[2024-08-20T04:09:02.364+0000] {processor.py:186} INFO - Started process (PID=2242) to work on /home/airflow/.local/lib/python3.12/site-packages/airflow/example_dags/example_task_group.py
[2024-08-20T04:09:02.365+0000] {processor.py:914} INFO - Processing file /home/airflow/.local/lib/python3.12/site-packages/airflow/example_dags/example_task_group.py for tasks to queue
[2024-08-20T04:09:02.369+0000] {logging_mixin.py:190} INFO - [2024-08-20T04:09:02.369+0000] {dagbag.py:587} INFO - Filling up the DagBag from /home/airflow/.local/lib/python3.12/site-packages/airflow/example_dags/example_task_group.py
[2024-08-20T04:09:02.383+0000] {processor.py:925} INFO - DAG(s) 'example_task_group' retrieved from /home/airflow/.local/lib/python3.12/site-packages/airflow/example_dags/example_task_group.py
[2024-08-20T04:09:02.412+0000] {logging_mixin.py:190} INFO - [2024-08-20T04:09:02.412+0000] {dag.py:3211} INFO - Sync 1 DAGs
[2024-08-20T04:09:02.444+0000] {logging_mixin.py:190} INFO - [2024-08-20T04:09:02.444+0000] {dag.py:4138} INFO - Setting next_dagrun for example_task_group to 2024-08-19 00:00:00+00:00, run_after=2024-08-20 00:00:00+00:00
[2024-08-20T04:09:02.470+0000] {processor.py:208} INFO - Processing /home/airflow/.local/lib/python3.12/site-packages/airflow/example_dags/example_task_group.py took 0.115 seconds
[2024-08-20T04:09:33.418+0000] {processor.py:186} INFO - Started process (PID=2304) to work on /home/airflow/.local/lib/python3.12/site-packages/airflow/example_dags/example_task_group.py
[2024-08-20T04:09:33.419+0000] {processor.py:914} INFO - Processing file /home/airflow/.local/lib/python3.12/site-packages/airflow/example_dags/example_task_group.py for tasks to queue
[2024-08-20T04:09:33.423+0000] {logging_mixin.py:190} INFO - [2024-08-20T04:09:33.423+0000] {dagbag.py:587} INFO - Filling up the DagBag from /home/airflow/.local/lib/python3.12/site-packages/airflow/example_dags/example_task_group.py
[2024-08-20T04:09:33.439+0000] {processor.py:925} INFO - DAG(s) 'example_task_group' retrieved from /home/airflow/.local/lib/python3.12/site-packages/airflow/example_dags/example_task_group.py
[2024-08-20T04:09:33.472+0000] {logging_mixin.py:190} INFO - [2024-08-20T04:09:33.472+0000] {dag.py:3211} INFO - Sync 1 DAGs
[2024-08-20T04:09:33.506+0000] {logging_mixin.py:190} INFO - [2024-08-20T04:09:33.505+0000] {dag.py:4138} INFO - Setting next_dagrun for example_task_group to 2024-08-19 00:00:00+00:00, run_after=2024-08-20 00:00:00+00:00
[2024-08-20T04:09:33.529+0000] {processor.py:208} INFO - Processing /home/airflow/.local/lib/python3.12/site-packages/airflow/example_dags/example_task_group.py took 0.120 seconds
[2024-08-20T04:10:03.946+0000] {processor.py:186} INFO - Started process (PID=2366) to work on /home/airflow/.local/lib/python3.12/site-packages/airflow/example_dags/example_task_group.py
[2024-08-20T04:10:03.948+0000] {processor.py:914} INFO - Processing file /home/airflow/.local/lib/python3.12/site-packages/airflow/example_dags/example_task_group.py for tasks to queue
[2024-08-20T04:10:03.954+0000] {logging_mixin.py:190} INFO - [2024-08-20T04:10:03.953+0000] {dagbag.py:587} INFO - Filling up the DagBag from /home/airflow/.local/lib/python3.12/site-packages/airflow/example_dags/example_task_group.py
[2024-08-20T04:10:03.976+0000] {processor.py:925} INFO - DAG(s) 'example_task_group' retrieved from /home/airflow/.local/lib/python3.12/site-packages/airflow/example_dags/example_task_group.py
[2024-08-20T04:10:04.018+0000] {logging_mixin.py:190} INFO - [2024-08-20T04:10:04.017+0000] {dag.py:3211} INFO - Sync 1 DAGs
[2024-08-20T04:10:04.074+0000] {logging_mixin.py:190} INFO - [2024-08-20T04:10:04.074+0000] {dag.py:4138} INFO - Setting next_dagrun for example_task_group to 2024-08-19 00:00:00+00:00, run_after=2024-08-20 00:00:00+00:00
[2024-08-20T04:10:04.142+0000] {processor.py:208} INFO - Processing /home/airflow/.local/lib/python3.12/site-packages/airflow/example_dags/example_task_group.py took 0.207 seconds
[2024-08-20T04:10:34.488+0000] {processor.py:186} INFO - Started process (PID=2429) to work on /home/airflow/.local/lib/python3.12/site-packages/airflow/example_dags/example_task_group.py
[2024-08-20T04:10:34.491+0000] {processor.py:914} INFO - Processing file /home/airflow/.local/lib/python3.12/site-packages/airflow/example_dags/example_task_group.py for tasks to queue
[2024-08-20T04:10:34.499+0000] {logging_mixin.py:190} INFO - [2024-08-20T04:10:34.498+0000] {dagbag.py:587} INFO - Filling up the DagBag from /home/airflow/.local/lib/python3.12/site-packages/airflow/example_dags/example_task_group.py
[2024-08-20T04:10:34.514+0000] {processor.py:925} INFO - DAG(s) 'example_task_group' retrieved from /home/airflow/.local/lib/python3.12/site-packages/airflow/example_dags/example_task_group.py
[2024-08-20T04:10:34.560+0000] {logging_mixin.py:190} INFO - [2024-08-20T04:10:34.559+0000] {dag.py:3211} INFO - Sync 1 DAGs
[2024-08-20T04:10:34.595+0000] {logging_mixin.py:190} INFO - [2024-08-20T04:10:34.594+0000] {dag.py:4138} INFO - Setting next_dagrun for example_task_group to 2024-08-19 00:00:00+00:00, run_after=2024-08-20 00:00:00+00:00
[2024-08-20T04:10:34.635+0000] {processor.py:208} INFO - Processing /home/airflow/.local/lib/python3.12/site-packages/airflow/example_dags/example_task_group.py took 0.166 seconds
[2024-08-20T04:11:05.548+0000] {processor.py:186} INFO - Started process (PID=2497) to work on /home/airflow/.local/lib/python3.12/site-packages/airflow/example_dags/example_task_group.py
[2024-08-20T04:11:05.550+0000] {processor.py:914} INFO - Processing file /home/airflow/.local/lib/python3.12/site-packages/airflow/example_dags/example_task_group.py for tasks to queue
[2024-08-20T04:11:05.554+0000] {logging_mixin.py:190} INFO - [2024-08-20T04:11:05.553+0000] {dagbag.py:587} INFO - Filling up the DagBag from /home/airflow/.local/lib/python3.12/site-packages/airflow/example_dags/example_task_group.py
[2024-08-20T04:11:05.574+0000] {processor.py:925} INFO - DAG(s) 'example_task_group' retrieved from /home/airflow/.local/lib/python3.12/site-packages/airflow/example_dags/example_task_group.py
[2024-08-20T04:11:05.618+0000] {logging_mixin.py:190} INFO - [2024-08-20T04:11:05.617+0000] {dag.py:3211} INFO - Sync 1 DAGs
[2024-08-20T04:11:05.664+0000] {logging_mixin.py:190} INFO - [2024-08-20T04:11:05.664+0000] {dag.py:4138} INFO - Setting next_dagrun for example_task_group to 2024-08-19 00:00:00+00:00, run_after=2024-08-20 00:00:00+00:00
[2024-08-20T04:11:05.706+0000] {processor.py:208} INFO - Processing /home/airflow/.local/lib/python3.12/site-packages/airflow/example_dags/example_task_group.py took 0.176 seconds
[2024-08-20T04:11:36.204+0000] {processor.py:186} INFO - Started process (PID=2560) to work on /home/airflow/.local/lib/python3.12/site-packages/airflow/example_dags/example_task_group.py
[2024-08-20T04:11:36.206+0000] {processor.py:914} INFO - Processing file /home/airflow/.local/lib/python3.12/site-packages/airflow/example_dags/example_task_group.py for tasks to queue
[2024-08-20T04:11:36.212+0000] {logging_mixin.py:190} INFO - [2024-08-20T04:11:36.211+0000] {dagbag.py:587} INFO - Filling up the DagBag from /home/airflow/.local/lib/python3.12/site-packages/airflow/example_dags/example_task_group.py
[2024-08-20T04:11:36.228+0000] {processor.py:925} INFO - DAG(s) 'example_task_group' retrieved from /home/airflow/.local/lib/python3.12/site-packages/airflow/example_dags/example_task_group.py
[2024-08-20T04:11:36.260+0000] {logging_mixin.py:190} INFO - [2024-08-20T04:11:36.259+0000] {dag.py:3211} INFO - Sync 1 DAGs
[2024-08-20T04:11:36.294+0000] {logging_mixin.py:190} INFO - [2024-08-20T04:11:36.294+0000] {dag.py:4138} INFO - Setting next_dagrun for example_task_group to 2024-08-19 00:00:00+00:00, run_after=2024-08-20 00:00:00+00:00
[2024-08-20T04:11:36.321+0000] {processor.py:208} INFO - Processing /home/airflow/.local/lib/python3.12/site-packages/airflow/example_dags/example_task_group.py took 0.128 seconds
[2024-08-20T04:12:07.219+0000] {processor.py:186} INFO - Started process (PID=2622) to work on /home/airflow/.local/lib/python3.12/site-packages/airflow/example_dags/example_task_group.py
[2024-08-20T04:12:07.221+0000] {processor.py:914} INFO - Processing file /home/airflow/.local/lib/python3.12/site-packages/airflow/example_dags/example_task_group.py for tasks to queue
[2024-08-20T04:12:07.230+0000] {logging_mixin.py:190} INFO - [2024-08-20T04:12:07.229+0000] {dagbag.py:587} INFO - Filling up the DagBag from /home/airflow/.local/lib/python3.12/site-packages/airflow/example_dags/example_task_group.py
[2024-08-20T04:12:07.246+0000] {processor.py:925} INFO - DAG(s) 'example_task_group' retrieved from /home/airflow/.local/lib/python3.12/site-packages/airflow/example_dags/example_task_group.py
[2024-08-20T04:12:07.291+0000] {logging_mixin.py:190} INFO - [2024-08-20T04:12:07.290+0000] {dag.py:3211} INFO - Sync 1 DAGs
[2024-08-20T04:12:07.347+0000] {logging_mixin.py:190} INFO - [2024-08-20T04:12:07.347+0000] {dag.py:4138} INFO - Setting next_dagrun for example_task_group to 2024-08-19 00:00:00+00:00, run_after=2024-08-20 00:00:00+00:00
[2024-08-20T04:12:07.385+0000] {processor.py:208} INFO - Processing /home/airflow/.local/lib/python3.12/site-packages/airflow/example_dags/example_task_group.py took 0.173 seconds
[2024-08-20T04:12:38.368+0000] {processor.py:186} INFO - Started process (PID=2684) to work on /home/airflow/.local/lib/python3.12/site-packages/airflow/example_dags/example_task_group.py
[2024-08-20T04:12:38.370+0000] {processor.py:914} INFO - Processing file /home/airflow/.local/lib/python3.12/site-packages/airflow/example_dags/example_task_group.py for tasks to queue
[2024-08-20T04:12:38.375+0000] {logging_mixin.py:190} INFO - [2024-08-20T04:12:38.374+0000] {dagbag.py:587} INFO - Filling up the DagBag from /home/airflow/.local/lib/python3.12/site-packages/airflow/example_dags/example_task_group.py
[2024-08-20T04:12:38.389+0000] {processor.py:925} INFO - DAG(s) 'example_task_group' retrieved from /home/airflow/.local/lib/python3.12/site-packages/airflow/example_dags/example_task_group.py
[2024-08-20T04:12:38.427+0000] {logging_mixin.py:190} INFO - [2024-08-20T04:12:38.426+0000] {dag.py:3211} INFO - Sync 1 DAGs
[2024-08-20T04:12:38.468+0000] {logging_mixin.py:190} INFO - [2024-08-20T04:12:38.467+0000] {dag.py:4138} INFO - Setting next_dagrun for example_task_group to 2024-08-19 00:00:00+00:00, run_after=2024-08-20 00:00:00+00:00
[2024-08-20T04:12:38.499+0000] {processor.py:208} INFO - Processing /home/airflow/.local/lib/python3.12/site-packages/airflow/example_dags/example_task_group.py took 0.144 seconds
[2024-08-20T04:13:09.214+0000] {processor.py:186} INFO - Started process (PID=2746) to work on /home/airflow/.local/lib/python3.12/site-packages/airflow/example_dags/example_task_group.py
[2024-08-20T04:13:09.216+0000] {processor.py:914} INFO - Processing file /home/airflow/.local/lib/python3.12/site-packages/airflow/example_dags/example_task_group.py for tasks to queue
[2024-08-20T04:13:09.221+0000] {logging_mixin.py:190} INFO - [2024-08-20T04:13:09.220+0000] {dagbag.py:587} INFO - Filling up the DagBag from /home/airflow/.local/lib/python3.12/site-packages/airflow/example_dags/example_task_group.py
[2024-08-20T04:13:09.239+0000] {processor.py:925} INFO - DAG(s) 'example_task_group' retrieved from /home/airflow/.local/lib/python3.12/site-packages/airflow/example_dags/example_task_group.py
[2024-08-20T04:13:09.274+0000] {logging_mixin.py:190} INFO - [2024-08-20T04:13:09.272+0000] {dag.py:3211} INFO - Sync 1 DAGs
[2024-08-20T04:13:09.313+0000] {logging_mixin.py:190} INFO - [2024-08-20T04:13:09.312+0000] {dag.py:4138} INFO - Setting next_dagrun for example_task_group to 2024-08-19 00:00:00+00:00, run_after=2024-08-20 00:00:00+00:00
[2024-08-20T04:13:09.338+0000] {processor.py:208} INFO - Processing /home/airflow/.local/lib/python3.12/site-packages/airflow/example_dags/example_task_group.py took 0.134 seconds
[2024-08-20T04:13:39.714+0000] {processor.py:186} INFO - Started process (PID=2808) to work on /home/airflow/.local/lib/python3.12/site-packages/airflow/example_dags/example_task_group.py
[2024-08-20T04:13:39.715+0000] {processor.py:914} INFO - Processing file /home/airflow/.local/lib/python3.12/site-packages/airflow/example_dags/example_task_group.py for tasks to queue
[2024-08-20T04:13:39.718+0000] {logging_mixin.py:190} INFO - [2024-08-20T04:13:39.718+0000] {dagbag.py:587} INFO - Filling up the DagBag from /home/airflow/.local/lib/python3.12/site-packages/airflow/example_dags/example_task_group.py
[2024-08-20T04:13:39.735+0000] {processor.py:925} INFO - DAG(s) 'example_task_group' retrieved from /home/airflow/.local/lib/python3.12/site-packages/airflow/example_dags/example_task_group.py
[2024-08-20T04:13:39.772+0000] {logging_mixin.py:190} INFO - [2024-08-20T04:13:39.771+0000] {dag.py:3211} INFO - Sync 1 DAGs
[2024-08-20T04:13:39.816+0000] {logging_mixin.py:190} INFO - [2024-08-20T04:13:39.815+0000] {dag.py:4138} INFO - Setting next_dagrun for example_task_group to 2024-08-19 00:00:00+00:00, run_after=2024-08-20 00:00:00+00:00
[2024-08-20T04:13:39.848+0000] {processor.py:208} INFO - Processing /home/airflow/.local/lib/python3.12/site-packages/airflow/example_dags/example_task_group.py took 0.144 seconds
[2024-08-20T04:14:10.373+0000] {processor.py:186} INFO - Started process (PID=2870) to work on /home/airflow/.local/lib/python3.12/site-packages/airflow/example_dags/example_task_group.py
[2024-08-20T04:14:10.375+0000] {processor.py:914} INFO - Processing file /home/airflow/.local/lib/python3.12/site-packages/airflow/example_dags/example_task_group.py for tasks to queue
[2024-08-20T04:14:10.379+0000] {logging_mixin.py:190} INFO - [2024-08-20T04:14:10.378+0000] {dagbag.py:587} INFO - Filling up the DagBag from /home/airflow/.local/lib/python3.12/site-packages/airflow/example_dags/example_task_group.py
[2024-08-20T04:14:10.393+0000] {processor.py:925} INFO - DAG(s) 'example_task_group' retrieved from /home/airflow/.local/lib/python3.12/site-packages/airflow/example_dags/example_task_group.py
[2024-08-20T04:14:10.424+0000] {logging_mixin.py:190} INFO - [2024-08-20T04:14:10.423+0000] {dag.py:3211} INFO - Sync 1 DAGs
[2024-08-20T04:14:10.461+0000] {logging_mixin.py:190} INFO - [2024-08-20T04:14:10.460+0000] {dag.py:4138} INFO - Setting next_dagrun for example_task_group to 2024-08-19 00:00:00+00:00, run_after=2024-08-20 00:00:00+00:00
[2024-08-20T04:14:10.743+0000] {processor.py:208} INFO - Processing /home/airflow/.local/lib/python3.12/site-packages/airflow/example_dags/example_task_group.py took 0.385 seconds
[2024-08-20T04:14:41.247+0000] {processor.py:186} INFO - Started process (PID=2932) to work on /home/airflow/.local/lib/python3.12/site-packages/airflow/example_dags/example_task_group.py
[2024-08-20T04:14:41.249+0000] {processor.py:914} INFO - Processing file /home/airflow/.local/lib/python3.12/site-packages/airflow/example_dags/example_task_group.py for tasks to queue
[2024-08-20T04:14:41.252+0000] {logging_mixin.py:190} INFO - [2024-08-20T04:14:41.252+0000] {dagbag.py:587} INFO - Filling up the DagBag from /home/airflow/.local/lib/python3.12/site-packages/airflow/example_dags/example_task_group.py
[2024-08-20T04:14:41.269+0000] {processor.py:925} INFO - DAG(s) 'example_task_group' retrieved from /home/airflow/.local/lib/python3.12/site-packages/airflow/example_dags/example_task_group.py
[2024-08-20T04:14:41.300+0000] {logging_mixin.py:190} INFO - [2024-08-20T04:14:41.299+0000] {dag.py:3211} INFO - Sync 1 DAGs
[2024-08-20T04:14:41.349+0000] {logging_mixin.py:190} INFO - [2024-08-20T04:14:41.348+0000] {dag.py:4138} INFO - Setting next_dagrun for example_task_group to 2024-08-19 00:00:00+00:00, run_after=2024-08-20 00:00:00+00:00
[2024-08-20T04:14:41.378+0000] {processor.py:208} INFO - Processing /home/airflow/.local/lib/python3.12/site-packages/airflow/example_dags/example_task_group.py took 0.167 seconds
[2024-08-20T04:15:11.897+0000] {processor.py:186} INFO - Started process (PID=2994) to work on /home/airflow/.local/lib/python3.12/site-packages/airflow/example_dags/example_task_group.py
[2024-08-20T04:15:11.899+0000] {processor.py:914} INFO - Processing file /home/airflow/.local/lib/python3.12/site-packages/airflow/example_dags/example_task_group.py for tasks to queue
[2024-08-20T04:15:11.903+0000] {logging_mixin.py:190} INFO - [2024-08-20T04:15:11.903+0000] {dagbag.py:587} INFO - Filling up the DagBag from /home/airflow/.local/lib/python3.12/site-packages/airflow/example_dags/example_task_group.py
[2024-08-20T04:15:11.917+0000] {processor.py:925} INFO - DAG(s) 'example_task_group' retrieved from /home/airflow/.local/lib/python3.12/site-packages/airflow/example_dags/example_task_group.py
[2024-08-20T04:15:11.947+0000] {logging_mixin.py:190} INFO - [2024-08-20T04:15:11.947+0000] {dag.py:3211} INFO - Sync 1 DAGs
[2024-08-20T04:15:11.982+0000] {logging_mixin.py:190} INFO - [2024-08-20T04:15:11.981+0000] {dag.py:4138} INFO - Setting next_dagrun for example_task_group to 2024-08-19 00:00:00+00:00, run_after=2024-08-20 00:00:00+00:00
[2024-08-20T04:15:12.011+0000] {processor.py:208} INFO - Processing /home/airflow/.local/lib/python3.12/site-packages/airflow/example_dags/example_task_group.py took 0.124 seconds
[2024-08-20T04:15:42.587+0000] {processor.py:186} INFO - Started process (PID=3056) to work on /home/airflow/.local/lib/python3.12/site-packages/airflow/example_dags/example_task_group.py
[2024-08-20T04:15:42.589+0000] {processor.py:914} INFO - Processing file /home/airflow/.local/lib/python3.12/site-packages/airflow/example_dags/example_task_group.py for tasks to queue
[2024-08-20T04:15:42.592+0000] {logging_mixin.py:190} INFO - [2024-08-20T04:15:42.592+0000] {dagbag.py:587} INFO - Filling up the DagBag from /home/airflow/.local/lib/python3.12/site-packages/airflow/example_dags/example_task_group.py
[2024-08-20T04:15:42.606+0000] {processor.py:925} INFO - DAG(s) 'example_task_group' retrieved from /home/airflow/.local/lib/python3.12/site-packages/airflow/example_dags/example_task_group.py
[2024-08-20T04:15:42.635+0000] {logging_mixin.py:190} INFO - [2024-08-20T04:15:42.635+0000] {dag.py:3211} INFO - Sync 1 DAGs
[2024-08-20T04:15:42.666+0000] {logging_mixin.py:190} INFO - [2024-08-20T04:15:42.666+0000] {dag.py:4138} INFO - Setting next_dagrun for example_task_group to 2024-08-19 00:00:00+00:00, run_after=2024-08-20 00:00:00+00:00
[2024-08-20T04:15:42.689+0000] {processor.py:208} INFO - Processing /home/airflow/.local/lib/python3.12/site-packages/airflow/example_dags/example_task_group.py took 0.109 seconds
