[2024-08-20T03:38:41.528+0000] {processor.py:186} INFO - Started process (PID=97) to work on /home/airflow/.local/lib/python3.12/site-packages/airflow/example_dags/tutorial_dag.py
[2024-08-20T03:38:41.529+0000] {processor.py:914} INFO - Processing file /home/airflow/.local/lib/python3.12/site-packages/airflow/example_dags/tutorial_dag.py for tasks to queue
[2024-08-20T03:38:41.533+0000] {logging_mixin.py:190} INFO - [2024-08-20T03:38:41.533+0000] {dagbag.py:587} INFO - Filling up the DagBag from /home/airflow/.local/lib/python3.12/site-packages/airflow/example_dags/tutorial_dag.py
[2024-08-20T03:38:41.548+0000] {processor.py:925} INFO - DAG(s) 'tutorial_dag' retrieved from /home/airflow/.local/lib/python3.12/site-packages/airflow/example_dags/tutorial_dag.py
[2024-08-20T03:38:41.686+0000] {logging_mixin.py:190} INFO - [2024-08-20T03:38:41.685+0000] {override.py:1858} INFO - Created Permission View: can edit on DAG:tutorial_dag
[2024-08-20T03:38:41.702+0000] {logging_mixin.py:190} INFO - [2024-08-20T03:38:41.702+0000] {override.py:1858} INFO - Created Permission View: can read on DAG:tutorial_dag
[2024-08-20T03:38:41.712+0000] {logging_mixin.py:190} INFO - [2024-08-20T03:38:41.711+0000] {override.py:1858} INFO - Created Permission View: can delete on DAG:tutorial_dag
[2024-08-20T03:38:41.713+0000] {logging_mixin.py:190} INFO - [2024-08-20T03:38:41.713+0000] {dag.py:3211} INFO - Sync 1 DAGs
[2024-08-20T03:38:41.731+0000] {logging_mixin.py:190} INFO - [2024-08-20T03:38:41.730+0000] {dag.py:3234} INFO - Creating ORM DAG for tutorial_dag
[2024-08-20T03:38:41.732+0000] {logging_mixin.py:190} INFO - [2024-08-20T03:38:41.732+0000] {dag.py:4138} INFO - Setting next_dagrun for tutorial_dag to None, run_after=None
[2024-08-20T03:38:41.753+0000] {processor.py:208} INFO - Processing /home/airflow/.local/lib/python3.12/site-packages/airflow/example_dags/tutorial_dag.py took 0.235 seconds
[2024-08-20T03:39:12.531+0000] {processor.py:186} INFO - Started process (PID=159) to work on /home/airflow/.local/lib/python3.12/site-packages/airflow/example_dags/tutorial_dag.py
[2024-08-20T03:39:12.533+0000] {processor.py:914} INFO - Processing file /home/airflow/.local/lib/python3.12/site-packages/airflow/example_dags/tutorial_dag.py for tasks to queue
[2024-08-20T03:39:12.535+0000] {logging_mixin.py:190} INFO - [2024-08-20T03:39:12.535+0000] {dagbag.py:587} INFO - Filling up the DagBag from /home/airflow/.local/lib/python3.12/site-packages/airflow/example_dags/tutorial_dag.py
[2024-08-20T03:39:12.544+0000] {processor.py:925} INFO - DAG(s) 'tutorial_dag' retrieved from /home/airflow/.local/lib/python3.12/site-packages/airflow/example_dags/tutorial_dag.py
[2024-08-20T03:39:12.570+0000] {logging_mixin.py:190} INFO - [2024-08-20T03:39:12.570+0000] {dag.py:3211} INFO - Sync 1 DAGs
[2024-08-20T03:39:12.587+0000] {logging_mixin.py:190} INFO - [2024-08-20T03:39:12.586+0000] {dag.py:4138} INFO - Setting next_dagrun for tutorial_dag to None, run_after=None
[2024-08-20T03:39:12.615+0000] {processor.py:208} INFO - Processing /home/airflow/.local/lib/python3.12/site-packages/airflow/example_dags/tutorial_dag.py took 0.092 seconds
[2024-08-20T03:39:43.052+0000] {processor.py:186} INFO - Started process (PID=221) to work on /home/airflow/.local/lib/python3.12/site-packages/airflow/example_dags/tutorial_dag.py
[2024-08-20T03:39:43.053+0000] {processor.py:914} INFO - Processing file /home/airflow/.local/lib/python3.12/site-packages/airflow/example_dags/tutorial_dag.py for tasks to queue
[2024-08-20T03:39:43.057+0000] {logging_mixin.py:190} INFO - [2024-08-20T03:39:43.056+0000] {dagbag.py:587} INFO - Filling up the DagBag from /home/airflow/.local/lib/python3.12/site-packages/airflow/example_dags/tutorial_dag.py
[2024-08-20T03:39:43.066+0000] {processor.py:925} INFO - DAG(s) 'tutorial_dag' retrieved from /home/airflow/.local/lib/python3.12/site-packages/airflow/example_dags/tutorial_dag.py
[2024-08-20T03:39:43.091+0000] {logging_mixin.py:190} INFO - [2024-08-20T03:39:43.089+0000] {dag.py:3211} INFO - Sync 1 DAGs
[2024-08-20T03:39:43.108+0000] {logging_mixin.py:190} INFO - [2024-08-20T03:39:43.108+0000] {dag.py:4138} INFO - Setting next_dagrun for tutorial_dag to None, run_after=None
[2024-08-20T03:39:43.134+0000] {processor.py:208} INFO - Processing /home/airflow/.local/lib/python3.12/site-packages/airflow/example_dags/tutorial_dag.py took 0.089 seconds
[2024-08-20T03:40:14.008+0000] {processor.py:186} INFO - Started process (PID=283) to work on /home/airflow/.local/lib/python3.12/site-packages/airflow/example_dags/tutorial_dag.py
[2024-08-20T03:40:14.010+0000] {processor.py:914} INFO - Processing file /home/airflow/.local/lib/python3.12/site-packages/airflow/example_dags/tutorial_dag.py for tasks to queue
[2024-08-20T03:40:14.014+0000] {logging_mixin.py:190} INFO - [2024-08-20T03:40:14.013+0000] {dagbag.py:587} INFO - Filling up the DagBag from /home/airflow/.local/lib/python3.12/site-packages/airflow/example_dags/tutorial_dag.py
[2024-08-20T03:40:14.023+0000] {processor.py:925} INFO - DAG(s) 'tutorial_dag' retrieved from /home/airflow/.local/lib/python3.12/site-packages/airflow/example_dags/tutorial_dag.py
[2024-08-20T03:40:14.049+0000] {logging_mixin.py:190} INFO - [2024-08-20T03:40:14.049+0000] {dag.py:3211} INFO - Sync 1 DAGs
[2024-08-20T03:40:14.065+0000] {logging_mixin.py:190} INFO - [2024-08-20T03:40:14.065+0000] {dag.py:4138} INFO - Setting next_dagrun for tutorial_dag to None, run_after=None
[2024-08-20T03:40:14.086+0000] {processor.py:208} INFO - Processing /home/airflow/.local/lib/python3.12/site-packages/airflow/example_dags/tutorial_dag.py took 0.085 seconds
[2024-08-20T03:40:44.593+0000] {processor.py:186} INFO - Started process (PID=345) to work on /home/airflow/.local/lib/python3.12/site-packages/airflow/example_dags/tutorial_dag.py
[2024-08-20T03:40:44.595+0000] {processor.py:914} INFO - Processing file /home/airflow/.local/lib/python3.12/site-packages/airflow/example_dags/tutorial_dag.py for tasks to queue
[2024-08-20T03:40:44.599+0000] {logging_mixin.py:190} INFO - [2024-08-20T03:40:44.598+0000] {dagbag.py:587} INFO - Filling up the DagBag from /home/airflow/.local/lib/python3.12/site-packages/airflow/example_dags/tutorial_dag.py
[2024-08-20T03:40:44.611+0000] {processor.py:925} INFO - DAG(s) 'tutorial_dag' retrieved from /home/airflow/.local/lib/python3.12/site-packages/airflow/example_dags/tutorial_dag.py
[2024-08-20T03:40:44.640+0000] {logging_mixin.py:190} INFO - [2024-08-20T03:40:44.639+0000] {dag.py:3211} INFO - Sync 1 DAGs
[2024-08-20T03:40:44.661+0000] {logging_mixin.py:190} INFO - [2024-08-20T03:40:44.661+0000] {dag.py:4138} INFO - Setting next_dagrun for tutorial_dag to None, run_after=None
[2024-08-20T03:40:44.683+0000] {processor.py:208} INFO - Processing /home/airflow/.local/lib/python3.12/site-packages/airflow/example_dags/tutorial_dag.py took 0.099 seconds
[2024-08-20T03:41:14.775+0000] {processor.py:186} INFO - Started process (PID=406) to work on /home/airflow/.local/lib/python3.12/site-packages/airflow/example_dags/tutorial_dag.py
[2024-08-20T03:41:14.776+0000] {processor.py:914} INFO - Processing file /home/airflow/.local/lib/python3.12/site-packages/airflow/example_dags/tutorial_dag.py for tasks to queue
[2024-08-20T03:41:14.781+0000] {logging_mixin.py:190} INFO - [2024-08-20T03:41:14.780+0000] {dagbag.py:587} INFO - Filling up the DagBag from /home/airflow/.local/lib/python3.12/site-packages/airflow/example_dags/tutorial_dag.py
[2024-08-20T03:41:14.793+0000] {processor.py:925} INFO - DAG(s) 'tutorial_dag' retrieved from /home/airflow/.local/lib/python3.12/site-packages/airflow/example_dags/tutorial_dag.py
[2024-08-20T03:41:14.829+0000] {logging_mixin.py:190} INFO - [2024-08-20T03:41:14.828+0000] {dag.py:3211} INFO - Sync 1 DAGs
[2024-08-20T03:41:14.850+0000] {logging_mixin.py:190} INFO - [2024-08-20T03:41:14.850+0000] {dag.py:4138} INFO - Setting next_dagrun for tutorial_dag to None, run_after=None
[2024-08-20T03:41:14.878+0000] {processor.py:208} INFO - Processing /home/airflow/.local/lib/python3.12/site-packages/airflow/example_dags/tutorial_dag.py took 0.115 seconds
[2024-08-20T03:41:45.774+0000] {processor.py:186} INFO - Started process (PID=469) to work on /home/airflow/.local/lib/python3.12/site-packages/airflow/example_dags/tutorial_dag.py
[2024-08-20T03:41:45.776+0000] {processor.py:914} INFO - Processing file /home/airflow/.local/lib/python3.12/site-packages/airflow/example_dags/tutorial_dag.py for tasks to queue
[2024-08-20T03:41:45.779+0000] {logging_mixin.py:190} INFO - [2024-08-20T03:41:45.779+0000] {dagbag.py:587} INFO - Filling up the DagBag from /home/airflow/.local/lib/python3.12/site-packages/airflow/example_dags/tutorial_dag.py
[2024-08-20T03:41:45.787+0000] {processor.py:925} INFO - DAG(s) 'tutorial_dag' retrieved from /home/airflow/.local/lib/python3.12/site-packages/airflow/example_dags/tutorial_dag.py
[2024-08-20T03:41:45.812+0000] {logging_mixin.py:190} INFO - [2024-08-20T03:41:45.811+0000] {dag.py:3211} INFO - Sync 1 DAGs
[2024-08-20T03:41:45.829+0000] {logging_mixin.py:190} INFO - [2024-08-20T03:41:45.828+0000] {dag.py:4138} INFO - Setting next_dagrun for tutorial_dag to None, run_after=None
[2024-08-20T03:41:45.851+0000] {processor.py:208} INFO - Processing /home/airflow/.local/lib/python3.12/site-packages/airflow/example_dags/tutorial_dag.py took 0.085 seconds
[2024-08-20T03:42:16.237+0000] {processor.py:186} INFO - Started process (PID=531) to work on /home/airflow/.local/lib/python3.12/site-packages/airflow/example_dags/tutorial_dag.py
[2024-08-20T03:42:16.239+0000] {processor.py:914} INFO - Processing file /home/airflow/.local/lib/python3.12/site-packages/airflow/example_dags/tutorial_dag.py for tasks to queue
[2024-08-20T03:42:16.244+0000] {logging_mixin.py:190} INFO - [2024-08-20T03:42:16.243+0000] {dagbag.py:587} INFO - Filling up the DagBag from /home/airflow/.local/lib/python3.12/site-packages/airflow/example_dags/tutorial_dag.py
[2024-08-20T03:42:16.258+0000] {processor.py:925} INFO - DAG(s) 'tutorial_dag' retrieved from /home/airflow/.local/lib/python3.12/site-packages/airflow/example_dags/tutorial_dag.py
[2024-08-20T03:42:16.288+0000] {logging_mixin.py:190} INFO - [2024-08-20T03:42:16.288+0000] {dag.py:3211} INFO - Sync 1 DAGs
[2024-08-20T03:42:16.314+0000] {logging_mixin.py:190} INFO - [2024-08-20T03:42:16.313+0000] {dag.py:4138} INFO - Setting next_dagrun for tutorial_dag to None, run_after=None
[2024-08-20T03:42:16.339+0000] {processor.py:208} INFO - Processing /home/airflow/.local/lib/python3.12/site-packages/airflow/example_dags/tutorial_dag.py took 0.113 seconds
[2024-08-20T03:42:46.882+0000] {processor.py:186} INFO - Started process (PID=593) to work on /home/airflow/.local/lib/python3.12/site-packages/airflow/example_dags/tutorial_dag.py
[2024-08-20T03:42:46.884+0000] {processor.py:914} INFO - Processing file /home/airflow/.local/lib/python3.12/site-packages/airflow/example_dags/tutorial_dag.py for tasks to queue
[2024-08-20T03:42:46.887+0000] {logging_mixin.py:190} INFO - [2024-08-20T03:42:46.887+0000] {dagbag.py:587} INFO - Filling up the DagBag from /home/airflow/.local/lib/python3.12/site-packages/airflow/example_dags/tutorial_dag.py
[2024-08-20T03:42:46.899+0000] {processor.py:925} INFO - DAG(s) 'tutorial_dag' retrieved from /home/airflow/.local/lib/python3.12/site-packages/airflow/example_dags/tutorial_dag.py
[2024-08-20T03:42:46.930+0000] {logging_mixin.py:190} INFO - [2024-08-20T03:42:46.930+0000] {dag.py:3211} INFO - Sync 1 DAGs
[2024-08-20T03:42:46.956+0000] {logging_mixin.py:190} INFO - [2024-08-20T03:42:46.956+0000] {dag.py:4138} INFO - Setting next_dagrun for tutorial_dag to None, run_after=None
[2024-08-20T03:42:47.002+0000] {processor.py:208} INFO - Processing /home/airflow/.local/lib/python3.12/site-packages/airflow/example_dags/tutorial_dag.py took 0.128 seconds
[2024-08-20T03:43:17.175+0000] {processor.py:186} INFO - Started process (PID=654) to work on /home/airflow/.local/lib/python3.12/site-packages/airflow/example_dags/tutorial_dag.py
[2024-08-20T03:43:17.177+0000] {processor.py:914} INFO - Processing file /home/airflow/.local/lib/python3.12/site-packages/airflow/example_dags/tutorial_dag.py for tasks to queue
[2024-08-20T03:43:17.180+0000] {logging_mixin.py:190} INFO - [2024-08-20T03:43:17.179+0000] {dagbag.py:587} INFO - Filling up the DagBag from /home/airflow/.local/lib/python3.12/site-packages/airflow/example_dags/tutorial_dag.py
[2024-08-20T03:43:17.190+0000] {processor.py:925} INFO - DAG(s) 'tutorial_dag' retrieved from /home/airflow/.local/lib/python3.12/site-packages/airflow/example_dags/tutorial_dag.py
[2024-08-20T03:43:17.216+0000] {logging_mixin.py:190} INFO - [2024-08-20T03:43:17.216+0000] {dag.py:3211} INFO - Sync 1 DAGs
[2024-08-20T03:43:17.236+0000] {logging_mixin.py:190} INFO - [2024-08-20T03:43:17.235+0000] {dag.py:4138} INFO - Setting next_dagrun for tutorial_dag to None, run_after=None
[2024-08-20T03:43:17.259+0000] {processor.py:208} INFO - Processing /home/airflow/.local/lib/python3.12/site-packages/airflow/example_dags/tutorial_dag.py took 0.091 seconds
[2024-08-20T03:43:47.614+0000] {processor.py:186} INFO - Started process (PID=716) to work on /home/airflow/.local/lib/python3.12/site-packages/airflow/example_dags/tutorial_dag.py
[2024-08-20T03:43:47.616+0000] {processor.py:914} INFO - Processing file /home/airflow/.local/lib/python3.12/site-packages/airflow/example_dags/tutorial_dag.py for tasks to queue
[2024-08-20T03:43:47.618+0000] {logging_mixin.py:190} INFO - [2024-08-20T03:43:47.618+0000] {dagbag.py:587} INFO - Filling up the DagBag from /home/airflow/.local/lib/python3.12/site-packages/airflow/example_dags/tutorial_dag.py
[2024-08-20T03:43:47.632+0000] {processor.py:925} INFO - DAG(s) 'tutorial_dag' retrieved from /home/airflow/.local/lib/python3.12/site-packages/airflow/example_dags/tutorial_dag.py
[2024-08-20T03:43:47.659+0000] {logging_mixin.py:190} INFO - [2024-08-20T03:43:47.659+0000] {dag.py:3211} INFO - Sync 1 DAGs
[2024-08-20T03:43:47.679+0000] {logging_mixin.py:190} INFO - [2024-08-20T03:43:47.679+0000] {dag.py:4138} INFO - Setting next_dagrun for tutorial_dag to None, run_after=None
[2024-08-20T03:43:47.708+0000] {processor.py:208} INFO - Processing /home/airflow/.local/lib/python3.12/site-packages/airflow/example_dags/tutorial_dag.py took 0.103 seconds
[2024-08-20T03:44:18.469+0000] {processor.py:186} INFO - Started process (PID=779) to work on /home/airflow/.local/lib/python3.12/site-packages/airflow/example_dags/tutorial_dag.py
[2024-08-20T03:44:18.470+0000] {processor.py:914} INFO - Processing file /home/airflow/.local/lib/python3.12/site-packages/airflow/example_dags/tutorial_dag.py for tasks to queue
[2024-08-20T03:44:18.473+0000] {logging_mixin.py:190} INFO - [2024-08-20T03:44:18.473+0000] {dagbag.py:587} INFO - Filling up the DagBag from /home/airflow/.local/lib/python3.12/site-packages/airflow/example_dags/tutorial_dag.py
[2024-08-20T03:44:18.482+0000] {processor.py:925} INFO - DAG(s) 'tutorial_dag' retrieved from /home/airflow/.local/lib/python3.12/site-packages/airflow/example_dags/tutorial_dag.py
[2024-08-20T03:44:18.506+0000] {logging_mixin.py:190} INFO - [2024-08-20T03:44:18.505+0000] {dag.py:3211} INFO - Sync 1 DAGs
[2024-08-20T03:44:18.521+0000] {logging_mixin.py:190} INFO - [2024-08-20T03:44:18.521+0000] {dag.py:4138} INFO - Setting next_dagrun for tutorial_dag to None, run_after=None
[2024-08-20T03:44:18.545+0000] {processor.py:208} INFO - Processing /home/airflow/.local/lib/python3.12/site-packages/airflow/example_dags/tutorial_dag.py took 0.083 seconds
[2024-08-20T03:44:49.262+0000] {processor.py:186} INFO - Started process (PID=841) to work on /home/airflow/.local/lib/python3.12/site-packages/airflow/example_dags/tutorial_dag.py
[2024-08-20T03:44:49.264+0000] {processor.py:914} INFO - Processing file /home/airflow/.local/lib/python3.12/site-packages/airflow/example_dags/tutorial_dag.py for tasks to queue
[2024-08-20T03:44:49.267+0000] {logging_mixin.py:190} INFO - [2024-08-20T03:44:49.266+0000] {dagbag.py:587} INFO - Filling up the DagBag from /home/airflow/.local/lib/python3.12/site-packages/airflow/example_dags/tutorial_dag.py
[2024-08-20T03:44:49.276+0000] {processor.py:925} INFO - DAG(s) 'tutorial_dag' retrieved from /home/airflow/.local/lib/python3.12/site-packages/airflow/example_dags/tutorial_dag.py
[2024-08-20T03:44:49.301+0000] {logging_mixin.py:190} INFO - [2024-08-20T03:44:49.301+0000] {dag.py:3211} INFO - Sync 1 DAGs
[2024-08-20T03:44:49.317+0000] {logging_mixin.py:190} INFO - [2024-08-20T03:44:49.316+0000] {dag.py:4138} INFO - Setting next_dagrun for tutorial_dag to None, run_after=None
[2024-08-20T03:44:49.338+0000] {processor.py:208} INFO - Processing /home/airflow/.local/lib/python3.12/site-packages/airflow/example_dags/tutorial_dag.py took 0.083 seconds
[2024-08-20T03:45:19.931+0000] {processor.py:186} INFO - Started process (PID=903) to work on /home/airflow/.local/lib/python3.12/site-packages/airflow/example_dags/tutorial_dag.py
[2024-08-20T03:45:19.933+0000] {processor.py:914} INFO - Processing file /home/airflow/.local/lib/python3.12/site-packages/airflow/example_dags/tutorial_dag.py for tasks to queue
[2024-08-20T03:45:19.936+0000] {logging_mixin.py:190} INFO - [2024-08-20T03:45:19.936+0000] {dagbag.py:587} INFO - Filling up the DagBag from /home/airflow/.local/lib/python3.12/site-packages/airflow/example_dags/tutorial_dag.py
[2024-08-20T03:45:19.948+0000] {processor.py:925} INFO - DAG(s) 'tutorial_dag' retrieved from /home/airflow/.local/lib/python3.12/site-packages/airflow/example_dags/tutorial_dag.py
[2024-08-20T03:45:19.977+0000] {logging_mixin.py:190} INFO - [2024-08-20T03:45:19.977+0000] {dag.py:3211} INFO - Sync 1 DAGs
[2024-08-20T03:45:19.997+0000] {logging_mixin.py:190} INFO - [2024-08-20T03:45:19.997+0000] {dag.py:4138} INFO - Setting next_dagrun for tutorial_dag to None, run_after=None
[2024-08-20T03:45:20.022+0000] {processor.py:208} INFO - Processing /home/airflow/.local/lib/python3.12/site-packages/airflow/example_dags/tutorial_dag.py took 0.097 seconds
[2024-08-20T03:45:50.533+0000] {processor.py:186} INFO - Started process (PID=965) to work on /home/airflow/.local/lib/python3.12/site-packages/airflow/example_dags/tutorial_dag.py
[2024-08-20T03:45:50.534+0000] {processor.py:914} INFO - Processing file /home/airflow/.local/lib/python3.12/site-packages/airflow/example_dags/tutorial_dag.py for tasks to queue
[2024-08-20T03:45:50.537+0000] {logging_mixin.py:190} INFO - [2024-08-20T03:45:50.536+0000] {dagbag.py:587} INFO - Filling up the DagBag from /home/airflow/.local/lib/python3.12/site-packages/airflow/example_dags/tutorial_dag.py
[2024-08-20T03:45:50.544+0000] {processor.py:925} INFO - DAG(s) 'tutorial_dag' retrieved from /home/airflow/.local/lib/python3.12/site-packages/airflow/example_dags/tutorial_dag.py
[2024-08-20T03:45:50.568+0000] {logging_mixin.py:190} INFO - [2024-08-20T03:45:50.567+0000] {dag.py:3211} INFO - Sync 1 DAGs
[2024-08-20T03:45:50.584+0000] {logging_mixin.py:190} INFO - [2024-08-20T03:45:50.584+0000] {dag.py:4138} INFO - Setting next_dagrun for tutorial_dag to None, run_after=None
[2024-08-20T03:45:50.604+0000] {processor.py:208} INFO - Processing /home/airflow/.local/lib/python3.12/site-packages/airflow/example_dags/tutorial_dag.py took 0.077 seconds
[2024-08-20T03:46:21.136+0000] {processor.py:186} INFO - Started process (PID=1027) to work on /home/airflow/.local/lib/python3.12/site-packages/airflow/example_dags/tutorial_dag.py
[2024-08-20T03:46:21.138+0000] {processor.py:914} INFO - Processing file /home/airflow/.local/lib/python3.12/site-packages/airflow/example_dags/tutorial_dag.py for tasks to queue
[2024-08-20T03:46:21.141+0000] {logging_mixin.py:190} INFO - [2024-08-20T03:46:21.140+0000] {dagbag.py:587} INFO - Filling up the DagBag from /home/airflow/.local/lib/python3.12/site-packages/airflow/example_dags/tutorial_dag.py
[2024-08-20T03:46:21.150+0000] {processor.py:925} INFO - DAG(s) 'tutorial_dag' retrieved from /home/airflow/.local/lib/python3.12/site-packages/airflow/example_dags/tutorial_dag.py
[2024-08-20T03:46:21.172+0000] {logging_mixin.py:190} INFO - [2024-08-20T03:46:21.171+0000] {dag.py:3211} INFO - Sync 1 DAGs
[2024-08-20T03:46:21.191+0000] {logging_mixin.py:190} INFO - [2024-08-20T03:46:21.191+0000] {dag.py:4138} INFO - Setting next_dagrun for tutorial_dag to None, run_after=None
[2024-08-20T03:46:21.212+0000] {processor.py:208} INFO - Processing /home/airflow/.local/lib/python3.12/site-packages/airflow/example_dags/tutorial_dag.py took 0.082 seconds
[2024-08-20T03:46:51.780+0000] {processor.py:186} INFO - Started process (PID=1089) to work on /home/airflow/.local/lib/python3.12/site-packages/airflow/example_dags/tutorial_dag.py
[2024-08-20T03:46:51.781+0000] {processor.py:914} INFO - Processing file /home/airflow/.local/lib/python3.12/site-packages/airflow/example_dags/tutorial_dag.py for tasks to queue
[2024-08-20T03:46:51.784+0000] {logging_mixin.py:190} INFO - [2024-08-20T03:46:51.784+0000] {dagbag.py:587} INFO - Filling up the DagBag from /home/airflow/.local/lib/python3.12/site-packages/airflow/example_dags/tutorial_dag.py
[2024-08-20T03:46:51.793+0000] {processor.py:925} INFO - DAG(s) 'tutorial_dag' retrieved from /home/airflow/.local/lib/python3.12/site-packages/airflow/example_dags/tutorial_dag.py
[2024-08-20T03:46:51.817+0000] {logging_mixin.py:190} INFO - [2024-08-20T03:46:51.817+0000] {dag.py:3211} INFO - Sync 1 DAGs
[2024-08-20T03:46:51.834+0000] {logging_mixin.py:190} INFO - [2024-08-20T03:46:51.834+0000] {dag.py:4138} INFO - Setting next_dagrun for tutorial_dag to None, run_after=None
[2024-08-20T03:46:51.861+0000] {processor.py:208} INFO - Processing /home/airflow/.local/lib/python3.12/site-packages/airflow/example_dags/tutorial_dag.py took 0.089 seconds
[2024-08-20T03:47:22.601+0000] {processor.py:186} INFO - Started process (PID=1151) to work on /home/airflow/.local/lib/python3.12/site-packages/airflow/example_dags/tutorial_dag.py
[2024-08-20T03:47:22.602+0000] {processor.py:914} INFO - Processing file /home/airflow/.local/lib/python3.12/site-packages/airflow/example_dags/tutorial_dag.py for tasks to queue
[2024-08-20T03:47:22.605+0000] {logging_mixin.py:190} INFO - [2024-08-20T03:47:22.605+0000] {dagbag.py:587} INFO - Filling up the DagBag from /home/airflow/.local/lib/python3.12/site-packages/airflow/example_dags/tutorial_dag.py
[2024-08-20T03:47:22.615+0000] {processor.py:925} INFO - DAG(s) 'tutorial_dag' retrieved from /home/airflow/.local/lib/python3.12/site-packages/airflow/example_dags/tutorial_dag.py
[2024-08-20T03:47:22.640+0000] {logging_mixin.py:190} INFO - [2024-08-20T03:47:22.639+0000] {dag.py:3211} INFO - Sync 1 DAGs
[2024-08-20T03:47:22.658+0000] {logging_mixin.py:190} INFO - [2024-08-20T03:47:22.658+0000] {dag.py:4138} INFO - Setting next_dagrun for tutorial_dag to None, run_after=None
[2024-08-20T03:47:22.682+0000] {processor.py:208} INFO - Processing /home/airflow/.local/lib/python3.12/site-packages/airflow/example_dags/tutorial_dag.py took 0.089 seconds
[2024-08-20T03:47:53.239+0000] {processor.py:186} INFO - Started process (PID=1214) to work on /home/airflow/.local/lib/python3.12/site-packages/airflow/example_dags/tutorial_dag.py
[2024-08-20T03:47:53.240+0000] {processor.py:914} INFO - Processing file /home/airflow/.local/lib/python3.12/site-packages/airflow/example_dags/tutorial_dag.py for tasks to queue
[2024-08-20T03:47:53.244+0000] {logging_mixin.py:190} INFO - [2024-08-20T03:47:53.244+0000] {dagbag.py:587} INFO - Filling up the DagBag from /home/airflow/.local/lib/python3.12/site-packages/airflow/example_dags/tutorial_dag.py
[2024-08-20T03:47:53.254+0000] {processor.py:925} INFO - DAG(s) 'tutorial_dag' retrieved from /home/airflow/.local/lib/python3.12/site-packages/airflow/example_dags/tutorial_dag.py
[2024-08-20T03:47:53.282+0000] {logging_mixin.py:190} INFO - [2024-08-20T03:47:53.282+0000] {dag.py:3211} INFO - Sync 1 DAGs
[2024-08-20T03:47:53.300+0000] {logging_mixin.py:190} INFO - [2024-08-20T03:47:53.300+0000] {dag.py:4138} INFO - Setting next_dagrun for tutorial_dag to None, run_after=None
[2024-08-20T03:47:53.322+0000] {processor.py:208} INFO - Processing /home/airflow/.local/lib/python3.12/site-packages/airflow/example_dags/tutorial_dag.py took 0.092 seconds
[2024-08-20T03:48:23.806+0000] {processor.py:186} INFO - Started process (PID=1275) to work on /home/airflow/.local/lib/python3.12/site-packages/airflow/example_dags/tutorial_dag.py
[2024-08-20T03:48:23.807+0000] {processor.py:914} INFO - Processing file /home/airflow/.local/lib/python3.12/site-packages/airflow/example_dags/tutorial_dag.py for tasks to queue
[2024-08-20T03:48:23.811+0000] {logging_mixin.py:190} INFO - [2024-08-20T03:48:23.811+0000] {dagbag.py:587} INFO - Filling up the DagBag from /home/airflow/.local/lib/python3.12/site-packages/airflow/example_dags/tutorial_dag.py
[2024-08-20T03:48:23.819+0000] {processor.py:925} INFO - DAG(s) 'tutorial_dag' retrieved from /home/airflow/.local/lib/python3.12/site-packages/airflow/example_dags/tutorial_dag.py
[2024-08-20T03:48:23.841+0000] {logging_mixin.py:190} INFO - [2024-08-20T03:48:23.841+0000] {dag.py:3211} INFO - Sync 1 DAGs
[2024-08-20T03:48:23.855+0000] {logging_mixin.py:190} INFO - [2024-08-20T03:48:23.855+0000] {dag.py:4138} INFO - Setting next_dagrun for tutorial_dag to None, run_after=None
[2024-08-20T03:48:23.876+0000] {processor.py:208} INFO - Processing /home/airflow/.local/lib/python3.12/site-packages/airflow/example_dags/tutorial_dag.py took 0.076 seconds
[2024-08-20T03:51:15.086+0000] {processor.py:186} INFO - Started process (PID=94) to work on /home/airflow/.local/lib/python3.12/site-packages/airflow/example_dags/tutorial_dag.py
[2024-08-20T03:51:15.088+0000] {processor.py:914} INFO - Processing file /home/airflow/.local/lib/python3.12/site-packages/airflow/example_dags/tutorial_dag.py for tasks to queue
[2024-08-20T03:51:15.091+0000] {logging_mixin.py:190} INFO - [2024-08-20T03:51:15.091+0000] {dagbag.py:587} INFO - Filling up the DagBag from /home/airflow/.local/lib/python3.12/site-packages/airflow/example_dags/tutorial_dag.py
[2024-08-20T03:51:15.101+0000] {processor.py:925} INFO - DAG(s) 'tutorial_dag' retrieved from /home/airflow/.local/lib/python3.12/site-packages/airflow/example_dags/tutorial_dag.py
[2024-08-20T03:51:15.136+0000] {logging_mixin.py:190} INFO - [2024-08-20T03:51:15.136+0000] {dag.py:3211} INFO - Sync 1 DAGs
[2024-08-20T03:51:15.157+0000] {logging_mixin.py:190} INFO - [2024-08-20T03:51:15.157+0000] {dag.py:4138} INFO - Setting next_dagrun for tutorial_dag to None, run_after=None
[2024-08-20T03:51:15.186+0000] {processor.py:208} INFO - Processing /home/airflow/.local/lib/python3.12/site-packages/airflow/example_dags/tutorial_dag.py took 0.107 seconds
[2024-08-20T03:51:45.713+0000] {processor.py:186} INFO - Started process (PID=156) to work on /home/airflow/.local/lib/python3.12/site-packages/airflow/example_dags/tutorial_dag.py
[2024-08-20T03:51:45.715+0000] {processor.py:914} INFO - Processing file /home/airflow/.local/lib/python3.12/site-packages/airflow/example_dags/tutorial_dag.py for tasks to queue
[2024-08-20T03:51:45.717+0000] {logging_mixin.py:190} INFO - [2024-08-20T03:51:45.717+0000] {dagbag.py:587} INFO - Filling up the DagBag from /home/airflow/.local/lib/python3.12/site-packages/airflow/example_dags/tutorial_dag.py
[2024-08-20T03:51:45.726+0000] {processor.py:925} INFO - DAG(s) 'tutorial_dag' retrieved from /home/airflow/.local/lib/python3.12/site-packages/airflow/example_dags/tutorial_dag.py
[2024-08-20T03:51:45.747+0000] {logging_mixin.py:190} INFO - [2024-08-20T03:51:45.747+0000] {dag.py:3211} INFO - Sync 1 DAGs
[2024-08-20T03:51:45.763+0000] {logging_mixin.py:190} INFO - [2024-08-20T03:51:45.763+0000] {dag.py:4138} INFO - Setting next_dagrun for tutorial_dag to None, run_after=None
[2024-08-20T03:51:45.782+0000] {processor.py:208} INFO - Processing /home/airflow/.local/lib/python3.12/site-packages/airflow/example_dags/tutorial_dag.py took 0.074 seconds
[2024-08-20T03:52:16.560+0000] {processor.py:186} INFO - Started process (PID=220) to work on /home/airflow/.local/lib/python3.12/site-packages/airflow/example_dags/tutorial_dag.py
[2024-08-20T03:52:16.561+0000] {processor.py:914} INFO - Processing file /home/airflow/.local/lib/python3.12/site-packages/airflow/example_dags/tutorial_dag.py for tasks to queue
[2024-08-20T03:52:16.564+0000] {logging_mixin.py:190} INFO - [2024-08-20T03:52:16.563+0000] {dagbag.py:587} INFO - Filling up the DagBag from /home/airflow/.local/lib/python3.12/site-packages/airflow/example_dags/tutorial_dag.py
[2024-08-20T03:52:16.571+0000] {processor.py:925} INFO - DAG(s) 'tutorial_dag' retrieved from /home/airflow/.local/lib/python3.12/site-packages/airflow/example_dags/tutorial_dag.py
[2024-08-20T03:52:16.593+0000] {logging_mixin.py:190} INFO - [2024-08-20T03:52:16.593+0000] {dag.py:3211} INFO - Sync 1 DAGs
[2024-08-20T03:52:16.608+0000] {logging_mixin.py:190} INFO - [2024-08-20T03:52:16.608+0000] {dag.py:4138} INFO - Setting next_dagrun for tutorial_dag to None, run_after=None
[2024-08-20T03:52:16.627+0000] {processor.py:208} INFO - Processing /home/airflow/.local/lib/python3.12/site-packages/airflow/example_dags/tutorial_dag.py took 0.074 seconds
[2024-08-20T03:52:47.403+0000] {processor.py:186} INFO - Started process (PID=282) to work on /home/airflow/.local/lib/python3.12/site-packages/airflow/example_dags/tutorial_dag.py
[2024-08-20T03:52:47.405+0000] {processor.py:914} INFO - Processing file /home/airflow/.local/lib/python3.12/site-packages/airflow/example_dags/tutorial_dag.py for tasks to queue
[2024-08-20T03:52:47.409+0000] {logging_mixin.py:190} INFO - [2024-08-20T03:52:47.409+0000] {dagbag.py:587} INFO - Filling up the DagBag from /home/airflow/.local/lib/python3.12/site-packages/airflow/example_dags/tutorial_dag.py
[2024-08-20T03:52:47.419+0000] {processor.py:925} INFO - DAG(s) 'tutorial_dag' retrieved from /home/airflow/.local/lib/python3.12/site-packages/airflow/example_dags/tutorial_dag.py
[2024-08-20T03:52:47.446+0000] {logging_mixin.py:190} INFO - [2024-08-20T03:52:47.446+0000] {dag.py:3211} INFO - Sync 1 DAGs
[2024-08-20T03:52:47.464+0000] {logging_mixin.py:190} INFO - [2024-08-20T03:52:47.464+0000] {dag.py:4138} INFO - Setting next_dagrun for tutorial_dag to None, run_after=None
[2024-08-20T03:52:47.488+0000] {processor.py:208} INFO - Processing /home/airflow/.local/lib/python3.12/site-packages/airflow/example_dags/tutorial_dag.py took 0.093 seconds
[2024-08-20T03:53:18.512+0000] {processor.py:186} INFO - Started process (PID=344) to work on /home/airflow/.local/lib/python3.12/site-packages/airflow/example_dags/tutorial_dag.py
[2024-08-20T03:53:18.513+0000] {processor.py:914} INFO - Processing file /home/airflow/.local/lib/python3.12/site-packages/airflow/example_dags/tutorial_dag.py for tasks to queue
[2024-08-20T03:53:18.517+0000] {logging_mixin.py:190} INFO - [2024-08-20T03:53:18.516+0000] {dagbag.py:587} INFO - Filling up the DagBag from /home/airflow/.local/lib/python3.12/site-packages/airflow/example_dags/tutorial_dag.py
[2024-08-20T03:53:18.529+0000] {processor.py:925} INFO - DAG(s) 'tutorial_dag' retrieved from /home/airflow/.local/lib/python3.12/site-packages/airflow/example_dags/tutorial_dag.py
[2024-08-20T03:53:18.555+0000] {logging_mixin.py:190} INFO - [2024-08-20T03:53:18.555+0000] {dag.py:3211} INFO - Sync 1 DAGs
[2024-08-20T03:53:18.574+0000] {logging_mixin.py:190} INFO - [2024-08-20T03:53:18.573+0000] {dag.py:4138} INFO - Setting next_dagrun for tutorial_dag to None, run_after=None
[2024-08-20T03:53:18.597+0000] {processor.py:208} INFO - Processing /home/airflow/.local/lib/python3.12/site-packages/airflow/example_dags/tutorial_dag.py took 0.095 seconds
[2024-08-20T03:53:49.020+0000] {processor.py:186} INFO - Started process (PID=406) to work on /home/airflow/.local/lib/python3.12/site-packages/airflow/example_dags/tutorial_dag.py
[2024-08-20T03:53:49.022+0000] {processor.py:914} INFO - Processing file /home/airflow/.local/lib/python3.12/site-packages/airflow/example_dags/tutorial_dag.py for tasks to queue
[2024-08-20T03:53:49.027+0000] {logging_mixin.py:190} INFO - [2024-08-20T03:53:49.026+0000] {dagbag.py:587} INFO - Filling up the DagBag from /home/airflow/.local/lib/python3.12/site-packages/airflow/example_dags/tutorial_dag.py
[2024-08-20T03:53:49.038+0000] {processor.py:925} INFO - DAG(s) 'tutorial_dag' retrieved from /home/airflow/.local/lib/python3.12/site-packages/airflow/example_dags/tutorial_dag.py
[2024-08-20T03:53:49.062+0000] {logging_mixin.py:190} INFO - [2024-08-20T03:53:49.061+0000] {dag.py:3211} INFO - Sync 1 DAGs
[2024-08-20T03:53:49.077+0000] {logging_mixin.py:190} INFO - [2024-08-20T03:53:49.077+0000] {dag.py:4138} INFO - Setting next_dagrun for tutorial_dag to None, run_after=None
[2024-08-20T03:53:49.105+0000] {processor.py:208} INFO - Processing /home/airflow/.local/lib/python3.12/site-packages/airflow/example_dags/tutorial_dag.py took 0.093 seconds
[2024-08-20T03:54:19.181+0000] {processor.py:186} INFO - Started process (PID=467) to work on /home/airflow/.local/lib/python3.12/site-packages/airflow/example_dags/tutorial_dag.py
[2024-08-20T03:54:19.183+0000] {processor.py:914} INFO - Processing file /home/airflow/.local/lib/python3.12/site-packages/airflow/example_dags/tutorial_dag.py for tasks to queue
[2024-08-20T03:54:19.186+0000] {logging_mixin.py:190} INFO - [2024-08-20T03:54:19.186+0000] {dagbag.py:587} INFO - Filling up the DagBag from /home/airflow/.local/lib/python3.12/site-packages/airflow/example_dags/tutorial_dag.py
[2024-08-20T03:54:19.196+0000] {processor.py:925} INFO - DAG(s) 'tutorial_dag' retrieved from /home/airflow/.local/lib/python3.12/site-packages/airflow/example_dags/tutorial_dag.py
[2024-08-20T03:54:19.220+0000] {logging_mixin.py:190} INFO - [2024-08-20T03:54:19.220+0000] {dag.py:3211} INFO - Sync 1 DAGs
[2024-08-20T03:54:19.239+0000] {logging_mixin.py:190} INFO - [2024-08-20T03:54:19.239+0000] {dag.py:4138} INFO - Setting next_dagrun for tutorial_dag to None, run_after=None
[2024-08-20T03:54:19.265+0000] {processor.py:208} INFO - Processing /home/airflow/.local/lib/python3.12/site-packages/airflow/example_dags/tutorial_dag.py took 0.091 seconds
[2024-08-20T03:54:49.727+0000] {processor.py:186} INFO - Started process (PID=529) to work on /home/airflow/.local/lib/python3.12/site-packages/airflow/example_dags/tutorial_dag.py
[2024-08-20T03:54:49.729+0000] {processor.py:914} INFO - Processing file /home/airflow/.local/lib/python3.12/site-packages/airflow/example_dags/tutorial_dag.py for tasks to queue
[2024-08-20T03:54:49.733+0000] {logging_mixin.py:190} INFO - [2024-08-20T03:54:49.732+0000] {dagbag.py:587} INFO - Filling up the DagBag from /home/airflow/.local/lib/python3.12/site-packages/airflow/example_dags/tutorial_dag.py
[2024-08-20T03:54:49.742+0000] {processor.py:925} INFO - DAG(s) 'tutorial_dag' retrieved from /home/airflow/.local/lib/python3.12/site-packages/airflow/example_dags/tutorial_dag.py
[2024-08-20T03:54:49.766+0000] {logging_mixin.py:190} INFO - [2024-08-20T03:54:49.765+0000] {dag.py:3211} INFO - Sync 1 DAGs
[2024-08-20T03:54:49.783+0000] {logging_mixin.py:190} INFO - [2024-08-20T03:54:49.783+0000] {dag.py:4138} INFO - Setting next_dagrun for tutorial_dag to None, run_after=None
[2024-08-20T03:54:49.812+0000] {processor.py:208} INFO - Processing /home/airflow/.local/lib/python3.12/site-packages/airflow/example_dags/tutorial_dag.py took 0.093 seconds
[2024-08-20T03:55:20.418+0000] {processor.py:186} INFO - Started process (PID=591) to work on /home/airflow/.local/lib/python3.12/site-packages/airflow/example_dags/tutorial_dag.py
[2024-08-20T03:55:20.419+0000] {processor.py:914} INFO - Processing file /home/airflow/.local/lib/python3.12/site-packages/airflow/example_dags/tutorial_dag.py for tasks to queue
[2024-08-20T03:55:20.422+0000] {logging_mixin.py:190} INFO - [2024-08-20T03:55:20.422+0000] {dagbag.py:587} INFO - Filling up the DagBag from /home/airflow/.local/lib/python3.12/site-packages/airflow/example_dags/tutorial_dag.py
[2024-08-20T03:55:20.434+0000] {processor.py:925} INFO - DAG(s) 'tutorial_dag' retrieved from /home/airflow/.local/lib/python3.12/site-packages/airflow/example_dags/tutorial_dag.py
[2024-08-20T03:55:20.460+0000] {logging_mixin.py:190} INFO - [2024-08-20T03:55:20.460+0000] {dag.py:3211} INFO - Sync 1 DAGs
[2024-08-20T03:55:20.498+0000] {logging_mixin.py:190} INFO - [2024-08-20T03:55:20.497+0000] {dag.py:4138} INFO - Setting next_dagrun for tutorial_dag to None, run_after=None
[2024-08-20T03:55:20.538+0000] {processor.py:208} INFO - Processing /home/airflow/.local/lib/python3.12/site-packages/airflow/example_dags/tutorial_dag.py took 0.129 seconds
[2024-08-20T03:55:50.790+0000] {processor.py:186} INFO - Started process (PID=653) to work on /home/airflow/.local/lib/python3.12/site-packages/airflow/example_dags/tutorial_dag.py
[2024-08-20T03:55:50.791+0000] {processor.py:914} INFO - Processing file /home/airflow/.local/lib/python3.12/site-packages/airflow/example_dags/tutorial_dag.py for tasks to queue
[2024-08-20T03:55:50.794+0000] {logging_mixin.py:190} INFO - [2024-08-20T03:55:50.793+0000] {dagbag.py:587} INFO - Filling up the DagBag from /home/airflow/.local/lib/python3.12/site-packages/airflow/example_dags/tutorial_dag.py
[2024-08-20T03:55:50.802+0000] {processor.py:925} INFO - DAG(s) 'tutorial_dag' retrieved from /home/airflow/.local/lib/python3.12/site-packages/airflow/example_dags/tutorial_dag.py
[2024-08-20T03:55:50.823+0000] {logging_mixin.py:190} INFO - [2024-08-20T03:55:50.823+0000] {dag.py:3211} INFO - Sync 1 DAGs
[2024-08-20T03:55:50.838+0000] {logging_mixin.py:190} INFO - [2024-08-20T03:55:50.838+0000] {dag.py:4138} INFO - Setting next_dagrun for tutorial_dag to None, run_after=None
[2024-08-20T03:55:50.857+0000] {processor.py:208} INFO - Processing /home/airflow/.local/lib/python3.12/site-packages/airflow/example_dags/tutorial_dag.py took 0.075 seconds
[2024-08-20T03:56:21.106+0000] {processor.py:186} INFO - Started process (PID=715) to work on /home/airflow/.local/lib/python3.12/site-packages/airflow/example_dags/tutorial_dag.py
[2024-08-20T03:56:21.107+0000] {processor.py:914} INFO - Processing file /home/airflow/.local/lib/python3.12/site-packages/airflow/example_dags/tutorial_dag.py for tasks to queue
[2024-08-20T03:56:21.110+0000] {logging_mixin.py:190} INFO - [2024-08-20T03:56:21.110+0000] {dagbag.py:587} INFO - Filling up the DagBag from /home/airflow/.local/lib/python3.12/site-packages/airflow/example_dags/tutorial_dag.py
[2024-08-20T03:56:21.120+0000] {processor.py:925} INFO - DAG(s) 'tutorial_dag' retrieved from /home/airflow/.local/lib/python3.12/site-packages/airflow/example_dags/tutorial_dag.py
[2024-08-20T03:56:21.144+0000] {logging_mixin.py:190} INFO - [2024-08-20T03:56:21.144+0000] {dag.py:3211} INFO - Sync 1 DAGs
[2024-08-20T03:56:21.160+0000] {logging_mixin.py:190} INFO - [2024-08-20T03:56:21.160+0000] {dag.py:4138} INFO - Setting next_dagrun for tutorial_dag to None, run_after=None
[2024-08-20T03:56:21.178+0000] {processor.py:208} INFO - Processing /home/airflow/.local/lib/python3.12/site-packages/airflow/example_dags/tutorial_dag.py took 0.078 seconds
[2024-08-20T03:56:51.502+0000] {processor.py:186} INFO - Started process (PID=777) to work on /home/airflow/.local/lib/python3.12/site-packages/airflow/example_dags/tutorial_dag.py
[2024-08-20T03:56:51.504+0000] {processor.py:914} INFO - Processing file /home/airflow/.local/lib/python3.12/site-packages/airflow/example_dags/tutorial_dag.py for tasks to queue
[2024-08-20T03:56:51.507+0000] {logging_mixin.py:190} INFO - [2024-08-20T03:56:51.507+0000] {dagbag.py:587} INFO - Filling up the DagBag from /home/airflow/.local/lib/python3.12/site-packages/airflow/example_dags/tutorial_dag.py
[2024-08-20T03:56:51.523+0000] {processor.py:925} INFO - DAG(s) 'tutorial_dag' retrieved from /home/airflow/.local/lib/python3.12/site-packages/airflow/example_dags/tutorial_dag.py
[2024-08-20T03:56:51.561+0000] {logging_mixin.py:190} INFO - [2024-08-20T03:56:51.561+0000] {dag.py:3211} INFO - Sync 1 DAGs
[2024-08-20T03:56:51.582+0000] {logging_mixin.py:190} INFO - [2024-08-20T03:56:51.581+0000] {dag.py:4138} INFO - Setting next_dagrun for tutorial_dag to None, run_after=None
[2024-08-20T03:56:51.603+0000] {processor.py:208} INFO - Processing /home/airflow/.local/lib/python3.12/site-packages/airflow/example_dags/tutorial_dag.py took 0.110 seconds
[2024-08-20T03:57:22.028+0000] {processor.py:186} INFO - Started process (PID=839) to work on /home/airflow/.local/lib/python3.12/site-packages/airflow/example_dags/tutorial_dag.py
[2024-08-20T03:57:22.029+0000] {processor.py:914} INFO - Processing file /home/airflow/.local/lib/python3.12/site-packages/airflow/example_dags/tutorial_dag.py for tasks to queue
[2024-08-20T03:57:22.032+0000] {logging_mixin.py:190} INFO - [2024-08-20T03:57:22.031+0000] {dagbag.py:587} INFO - Filling up the DagBag from /home/airflow/.local/lib/python3.12/site-packages/airflow/example_dags/tutorial_dag.py
[2024-08-20T03:57:22.044+0000] {processor.py:925} INFO - DAG(s) 'tutorial_dag' retrieved from /home/airflow/.local/lib/python3.12/site-packages/airflow/example_dags/tutorial_dag.py
[2024-08-20T03:57:22.072+0000] {logging_mixin.py:190} INFO - [2024-08-20T03:57:22.072+0000] {dag.py:3211} INFO - Sync 1 DAGs
[2024-08-20T03:57:22.088+0000] {logging_mixin.py:190} INFO - [2024-08-20T03:57:22.088+0000] {dag.py:4138} INFO - Setting next_dagrun for tutorial_dag to None, run_after=None
[2024-08-20T03:57:22.110+0000] {processor.py:208} INFO - Processing /home/airflow/.local/lib/python3.12/site-packages/airflow/example_dags/tutorial_dag.py took 0.090 seconds
[2024-08-20T03:57:53.203+0000] {processor.py:186} INFO - Started process (PID=901) to work on /home/airflow/.local/lib/python3.12/site-packages/airflow/example_dags/tutorial_dag.py
[2024-08-20T03:57:53.206+0000] {processor.py:914} INFO - Processing file /home/airflow/.local/lib/python3.12/site-packages/airflow/example_dags/tutorial_dag.py for tasks to queue
[2024-08-20T03:57:53.214+0000] {logging_mixin.py:190} INFO - [2024-08-20T03:57:53.213+0000] {dagbag.py:587} INFO - Filling up the DagBag from /home/airflow/.local/lib/python3.12/site-packages/airflow/example_dags/tutorial_dag.py
[2024-08-20T03:57:53.226+0000] {processor.py:925} INFO - DAG(s) 'tutorial_dag' retrieved from /home/airflow/.local/lib/python3.12/site-packages/airflow/example_dags/tutorial_dag.py
[2024-08-20T03:57:53.255+0000] {logging_mixin.py:190} INFO - [2024-08-20T03:57:53.255+0000] {dag.py:3211} INFO - Sync 1 DAGs
[2024-08-20T03:57:53.278+0000] {logging_mixin.py:190} INFO - [2024-08-20T03:57:53.277+0000] {dag.py:4138} INFO - Setting next_dagrun for tutorial_dag to None, run_after=None
[2024-08-20T03:57:53.305+0000] {processor.py:208} INFO - Processing /home/airflow/.local/lib/python3.12/site-packages/airflow/example_dags/tutorial_dag.py took 0.113 seconds
[2024-08-20T03:58:24.034+0000] {processor.py:186} INFO - Started process (PID=963) to work on /home/airflow/.local/lib/python3.12/site-packages/airflow/example_dags/tutorial_dag.py
[2024-08-20T03:58:24.036+0000] {processor.py:914} INFO - Processing file /home/airflow/.local/lib/python3.12/site-packages/airflow/example_dags/tutorial_dag.py for tasks to queue
[2024-08-20T03:58:24.039+0000] {logging_mixin.py:190} INFO - [2024-08-20T03:58:24.038+0000] {dagbag.py:587} INFO - Filling up the DagBag from /home/airflow/.local/lib/python3.12/site-packages/airflow/example_dags/tutorial_dag.py
[2024-08-20T03:58:24.047+0000] {processor.py:925} INFO - DAG(s) 'tutorial_dag' retrieved from /home/airflow/.local/lib/python3.12/site-packages/airflow/example_dags/tutorial_dag.py
[2024-08-20T03:58:24.071+0000] {logging_mixin.py:190} INFO - [2024-08-20T03:58:24.071+0000] {dag.py:3211} INFO - Sync 1 DAGs
[2024-08-20T03:58:24.091+0000] {logging_mixin.py:190} INFO - [2024-08-20T03:58:24.091+0000] {dag.py:4138} INFO - Setting next_dagrun for tutorial_dag to None, run_after=None
[2024-08-20T03:58:24.116+0000] {processor.py:208} INFO - Processing /home/airflow/.local/lib/python3.12/site-packages/airflow/example_dags/tutorial_dag.py took 0.090 seconds
[2024-08-20T03:58:54.703+0000] {processor.py:186} INFO - Started process (PID=1025) to work on /home/airflow/.local/lib/python3.12/site-packages/airflow/example_dags/tutorial_dag.py
[2024-08-20T03:58:54.704+0000] {processor.py:914} INFO - Processing file /home/airflow/.local/lib/python3.12/site-packages/airflow/example_dags/tutorial_dag.py for tasks to queue
[2024-08-20T03:58:54.707+0000] {logging_mixin.py:190} INFO - [2024-08-20T03:58:54.707+0000] {dagbag.py:587} INFO - Filling up the DagBag from /home/airflow/.local/lib/python3.12/site-packages/airflow/example_dags/tutorial_dag.py
[2024-08-20T03:58:54.717+0000] {processor.py:925} INFO - DAG(s) 'tutorial_dag' retrieved from /home/airflow/.local/lib/python3.12/site-packages/airflow/example_dags/tutorial_dag.py
[2024-08-20T03:58:54.739+0000] {logging_mixin.py:190} INFO - [2024-08-20T03:58:54.739+0000] {dag.py:3211} INFO - Sync 1 DAGs
[2024-08-20T03:58:54.770+0000] {logging_mixin.py:190} INFO - [2024-08-20T03:58:54.770+0000] {dag.py:4138} INFO - Setting next_dagrun for tutorial_dag to None, run_after=None
[2024-08-20T03:58:54.791+0000] {processor.py:208} INFO - Processing /home/airflow/.local/lib/python3.12/site-packages/airflow/example_dags/tutorial_dag.py took 0.097 seconds
[2024-08-20T03:59:25.283+0000] {processor.py:186} INFO - Started process (PID=1087) to work on /home/airflow/.local/lib/python3.12/site-packages/airflow/example_dags/tutorial_dag.py
[2024-08-20T03:59:25.330+0000] {processor.py:914} INFO - Processing file /home/airflow/.local/lib/python3.12/site-packages/airflow/example_dags/tutorial_dag.py for tasks to queue
[2024-08-20T03:59:25.335+0000] {logging_mixin.py:190} INFO - [2024-08-20T03:59:25.334+0000] {dagbag.py:587} INFO - Filling up the DagBag from /home/airflow/.local/lib/python3.12/site-packages/airflow/example_dags/tutorial_dag.py
[2024-08-20T03:59:25.390+0000] {processor.py:925} INFO - DAG(s) 'tutorial_dag' retrieved from /home/airflow/.local/lib/python3.12/site-packages/airflow/example_dags/tutorial_dag.py
[2024-08-20T03:59:25.482+0000] {logging_mixin.py:190} INFO - [2024-08-20T03:59:25.482+0000] {dag.py:3211} INFO - Sync 1 DAGs
[2024-08-20T03:59:25.532+0000] {logging_mixin.py:190} INFO - [2024-08-20T03:59:25.532+0000] {dag.py:4138} INFO - Setting next_dagrun for tutorial_dag to None, run_after=None
[2024-08-20T03:59:25.617+0000] {processor.py:208} INFO - Processing /home/airflow/.local/lib/python3.12/site-packages/airflow/example_dags/tutorial_dag.py took 0.346 seconds
[2024-08-20T03:59:55.845+0000] {processor.py:186} INFO - Started process (PID=1149) to work on /home/airflow/.local/lib/python3.12/site-packages/airflow/example_dags/tutorial_dag.py
[2024-08-20T03:59:55.846+0000] {processor.py:914} INFO - Processing file /home/airflow/.local/lib/python3.12/site-packages/airflow/example_dags/tutorial_dag.py for tasks to queue
[2024-08-20T03:59:55.850+0000] {logging_mixin.py:190} INFO - [2024-08-20T03:59:55.850+0000] {dagbag.py:587} INFO - Filling up the DagBag from /home/airflow/.local/lib/python3.12/site-packages/airflow/example_dags/tutorial_dag.py
[2024-08-20T03:59:55.859+0000] {processor.py:925} INFO - DAG(s) 'tutorial_dag' retrieved from /home/airflow/.local/lib/python3.12/site-packages/airflow/example_dags/tutorial_dag.py
[2024-08-20T03:59:55.884+0000] {logging_mixin.py:190} INFO - [2024-08-20T03:59:55.884+0000] {dag.py:3211} INFO - Sync 1 DAGs
[2024-08-20T03:59:55.900+0000] {logging_mixin.py:190} INFO - [2024-08-20T03:59:55.900+0000] {dag.py:4138} INFO - Setting next_dagrun for tutorial_dag to None, run_after=None
[2024-08-20T03:59:55.935+0000] {processor.py:208} INFO - Processing /home/airflow/.local/lib/python3.12/site-packages/airflow/example_dags/tutorial_dag.py took 0.096 seconds
[2024-08-20T04:00:26.500+0000] {processor.py:186} INFO - Started process (PID=1211) to work on /home/airflow/.local/lib/python3.12/site-packages/airflow/example_dags/tutorial_dag.py
[2024-08-20T04:00:26.501+0000] {processor.py:914} INFO - Processing file /home/airflow/.local/lib/python3.12/site-packages/airflow/example_dags/tutorial_dag.py for tasks to queue
[2024-08-20T04:00:26.504+0000] {logging_mixin.py:190} INFO - [2024-08-20T04:00:26.504+0000] {dagbag.py:587} INFO - Filling up the DagBag from /home/airflow/.local/lib/python3.12/site-packages/airflow/example_dags/tutorial_dag.py
[2024-08-20T04:00:26.512+0000] {processor.py:925} INFO - DAG(s) 'tutorial_dag' retrieved from /home/airflow/.local/lib/python3.12/site-packages/airflow/example_dags/tutorial_dag.py
[2024-08-20T04:00:26.538+0000] {logging_mixin.py:190} INFO - [2024-08-20T04:00:26.537+0000] {dag.py:3211} INFO - Sync 1 DAGs
[2024-08-20T04:00:26.556+0000] {logging_mixin.py:190} INFO - [2024-08-20T04:00:26.555+0000] {dag.py:4138} INFO - Setting next_dagrun for tutorial_dag to None, run_after=None
[2024-08-20T04:00:26.581+0000] {processor.py:208} INFO - Processing /home/airflow/.local/lib/python3.12/site-packages/airflow/example_dags/tutorial_dag.py took 0.090 seconds
[2024-08-20T04:00:56.777+0000] {processor.py:186} INFO - Started process (PID=1273) to work on /home/airflow/.local/lib/python3.12/site-packages/airflow/example_dags/tutorial_dag.py
[2024-08-20T04:00:56.778+0000] {processor.py:914} INFO - Processing file /home/airflow/.local/lib/python3.12/site-packages/airflow/example_dags/tutorial_dag.py for tasks to queue
[2024-08-20T04:00:56.781+0000] {logging_mixin.py:190} INFO - [2024-08-20T04:00:56.781+0000] {dagbag.py:587} INFO - Filling up the DagBag from /home/airflow/.local/lib/python3.12/site-packages/airflow/example_dags/tutorial_dag.py
[2024-08-20T04:00:56.789+0000] {processor.py:925} INFO - DAG(s) 'tutorial_dag' retrieved from /home/airflow/.local/lib/python3.12/site-packages/airflow/example_dags/tutorial_dag.py
[2024-08-20T04:00:56.814+0000] {logging_mixin.py:190} INFO - [2024-08-20T04:00:56.813+0000] {dag.py:3211} INFO - Sync 1 DAGs
[2024-08-20T04:00:56.829+0000] {logging_mixin.py:190} INFO - [2024-08-20T04:00:56.829+0000] {dag.py:4138} INFO - Setting next_dagrun for tutorial_dag to None, run_after=None
[2024-08-20T04:00:56.852+0000] {processor.py:208} INFO - Processing /home/airflow/.local/lib/python3.12/site-packages/airflow/example_dags/tutorial_dag.py took 0.081 seconds
[2024-08-20T04:01:27.269+0000] {processor.py:186} INFO - Started process (PID=1335) to work on /home/airflow/.local/lib/python3.12/site-packages/airflow/example_dags/tutorial_dag.py
[2024-08-20T04:01:27.270+0000] {processor.py:914} INFO - Processing file /home/airflow/.local/lib/python3.12/site-packages/airflow/example_dags/tutorial_dag.py for tasks to queue
[2024-08-20T04:01:27.273+0000] {logging_mixin.py:190} INFO - [2024-08-20T04:01:27.273+0000] {dagbag.py:587} INFO - Filling up the DagBag from /home/airflow/.local/lib/python3.12/site-packages/airflow/example_dags/tutorial_dag.py
[2024-08-20T04:01:27.288+0000] {processor.py:925} INFO - DAG(s) 'tutorial_dag' retrieved from /home/airflow/.local/lib/python3.12/site-packages/airflow/example_dags/tutorial_dag.py
[2024-08-20T04:01:27.318+0000] {logging_mixin.py:190} INFO - [2024-08-20T04:01:27.318+0000] {dag.py:3211} INFO - Sync 1 DAGs
[2024-08-20T04:01:27.338+0000] {logging_mixin.py:190} INFO - [2024-08-20T04:01:27.338+0000] {dag.py:4138} INFO - Setting next_dagrun for tutorial_dag to None, run_after=None
[2024-08-20T04:01:27.374+0000] {processor.py:208} INFO - Processing /home/airflow/.local/lib/python3.12/site-packages/airflow/example_dags/tutorial_dag.py took 0.114 seconds
[2024-08-20T04:01:57.922+0000] {processor.py:186} INFO - Started process (PID=1397) to work on /home/airflow/.local/lib/python3.12/site-packages/airflow/example_dags/tutorial_dag.py
[2024-08-20T04:01:57.924+0000] {processor.py:914} INFO - Processing file /home/airflow/.local/lib/python3.12/site-packages/airflow/example_dags/tutorial_dag.py for tasks to queue
[2024-08-20T04:01:57.927+0000] {logging_mixin.py:190} INFO - [2024-08-20T04:01:57.926+0000] {dagbag.py:587} INFO - Filling up the DagBag from /home/airflow/.local/lib/python3.12/site-packages/airflow/example_dags/tutorial_dag.py
[2024-08-20T04:01:57.936+0000] {processor.py:925} INFO - DAG(s) 'tutorial_dag' retrieved from /home/airflow/.local/lib/python3.12/site-packages/airflow/example_dags/tutorial_dag.py
[2024-08-20T04:01:57.963+0000] {logging_mixin.py:190} INFO - [2024-08-20T04:01:57.962+0000] {dag.py:3211} INFO - Sync 1 DAGs
[2024-08-20T04:01:57.980+0000] {logging_mixin.py:190} INFO - [2024-08-20T04:01:57.980+0000] {dag.py:4138} INFO - Setting next_dagrun for tutorial_dag to None, run_after=None
[2024-08-20T04:01:58.005+0000] {processor.py:208} INFO - Processing /home/airflow/.local/lib/python3.12/site-packages/airflow/example_dags/tutorial_dag.py took 0.089 seconds
[2024-08-20T04:02:28.110+0000] {processor.py:186} INFO - Started process (PID=1459) to work on /home/airflow/.local/lib/python3.12/site-packages/airflow/example_dags/tutorial_dag.py
[2024-08-20T04:02:28.111+0000] {processor.py:914} INFO - Processing file /home/airflow/.local/lib/python3.12/site-packages/airflow/example_dags/tutorial_dag.py for tasks to queue
[2024-08-20T04:02:28.114+0000] {logging_mixin.py:190} INFO - [2024-08-20T04:02:28.113+0000] {dagbag.py:587} INFO - Filling up the DagBag from /home/airflow/.local/lib/python3.12/site-packages/airflow/example_dags/tutorial_dag.py
[2024-08-20T04:02:28.121+0000] {processor.py:925} INFO - DAG(s) 'tutorial_dag' retrieved from /home/airflow/.local/lib/python3.12/site-packages/airflow/example_dags/tutorial_dag.py
[2024-08-20T04:02:28.142+0000] {logging_mixin.py:190} INFO - [2024-08-20T04:02:28.141+0000] {dag.py:3211} INFO - Sync 1 DAGs
[2024-08-20T04:02:28.157+0000] {logging_mixin.py:190} INFO - [2024-08-20T04:02:28.157+0000] {dag.py:4138} INFO - Setting next_dagrun for tutorial_dag to None, run_after=None
[2024-08-20T04:02:28.176+0000] {processor.py:208} INFO - Processing /home/airflow/.local/lib/python3.12/site-packages/airflow/example_dags/tutorial_dag.py took 0.072 seconds
[2024-08-20T04:02:59.001+0000] {processor.py:186} INFO - Started process (PID=1521) to work on /home/airflow/.local/lib/python3.12/site-packages/airflow/example_dags/tutorial_dag.py
[2024-08-20T04:02:59.003+0000] {processor.py:914} INFO - Processing file /home/airflow/.local/lib/python3.12/site-packages/airflow/example_dags/tutorial_dag.py for tasks to queue
[2024-08-20T04:02:59.007+0000] {logging_mixin.py:190} INFO - [2024-08-20T04:02:59.006+0000] {dagbag.py:587} INFO - Filling up the DagBag from /home/airflow/.local/lib/python3.12/site-packages/airflow/example_dags/tutorial_dag.py
[2024-08-20T04:02:59.020+0000] {processor.py:925} INFO - DAG(s) 'tutorial_dag' retrieved from /home/airflow/.local/lib/python3.12/site-packages/airflow/example_dags/tutorial_dag.py
[2024-08-20T04:02:59.049+0000] {logging_mixin.py:190} INFO - [2024-08-20T04:02:59.049+0000] {dag.py:3211} INFO - Sync 1 DAGs
[2024-08-20T04:02:59.073+0000] {logging_mixin.py:190} INFO - [2024-08-20T04:02:59.072+0000] {dag.py:4138} INFO - Setting next_dagrun for tutorial_dag to None, run_after=None
[2024-08-20T04:02:59.101+0000] {processor.py:208} INFO - Processing /home/airflow/.local/lib/python3.12/site-packages/airflow/example_dags/tutorial_dag.py took 0.107 seconds
[2024-08-20T04:03:29.941+0000] {processor.py:186} INFO - Started process (PID=1583) to work on /home/airflow/.local/lib/python3.12/site-packages/airflow/example_dags/tutorial_dag.py
[2024-08-20T04:03:29.943+0000] {processor.py:914} INFO - Processing file /home/airflow/.local/lib/python3.12/site-packages/airflow/example_dags/tutorial_dag.py for tasks to queue
[2024-08-20T04:03:29.946+0000] {logging_mixin.py:190} INFO - [2024-08-20T04:03:29.946+0000] {dagbag.py:587} INFO - Filling up the DagBag from /home/airflow/.local/lib/python3.12/site-packages/airflow/example_dags/tutorial_dag.py
[2024-08-20T04:03:29.958+0000] {processor.py:925} INFO - DAG(s) 'tutorial_dag' retrieved from /home/airflow/.local/lib/python3.12/site-packages/airflow/example_dags/tutorial_dag.py
[2024-08-20T04:03:29.979+0000] {logging_mixin.py:190} INFO - [2024-08-20T04:03:29.979+0000] {dag.py:3211} INFO - Sync 1 DAGs
[2024-08-20T04:03:29.995+0000] {logging_mixin.py:190} INFO - [2024-08-20T04:03:29.995+0000] {dag.py:4138} INFO - Setting next_dagrun for tutorial_dag to None, run_after=None
[2024-08-20T04:03:30.015+0000] {processor.py:208} INFO - Processing /home/airflow/.local/lib/python3.12/site-packages/airflow/example_dags/tutorial_dag.py took 0.081 seconds
[2024-08-20T04:04:00.403+0000] {processor.py:186} INFO - Started process (PID=1645) to work on /home/airflow/.local/lib/python3.12/site-packages/airflow/example_dags/tutorial_dag.py
[2024-08-20T04:04:00.404+0000] {processor.py:914} INFO - Processing file /home/airflow/.local/lib/python3.12/site-packages/airflow/example_dags/tutorial_dag.py for tasks to queue
[2024-08-20T04:04:00.407+0000] {logging_mixin.py:190} INFO - [2024-08-20T04:04:00.407+0000] {dagbag.py:587} INFO - Filling up the DagBag from /home/airflow/.local/lib/python3.12/site-packages/airflow/example_dags/tutorial_dag.py
[2024-08-20T04:04:00.417+0000] {processor.py:925} INFO - DAG(s) 'tutorial_dag' retrieved from /home/airflow/.local/lib/python3.12/site-packages/airflow/example_dags/tutorial_dag.py
[2024-08-20T04:04:00.445+0000] {logging_mixin.py:190} INFO - [2024-08-20T04:04:00.445+0000] {dag.py:3211} INFO - Sync 1 DAGs
[2024-08-20T04:04:00.463+0000] {logging_mixin.py:190} INFO - [2024-08-20T04:04:00.463+0000] {dag.py:4138} INFO - Setting next_dagrun for tutorial_dag to None, run_after=None
[2024-08-20T04:04:00.489+0000] {processor.py:208} INFO - Processing /home/airflow/.local/lib/python3.12/site-packages/airflow/example_dags/tutorial_dag.py took 0.095 seconds
[2024-08-20T04:04:30.645+0000] {processor.py:186} INFO - Started process (PID=1707) to work on /home/airflow/.local/lib/python3.12/site-packages/airflow/example_dags/tutorial_dag.py
[2024-08-20T04:04:30.647+0000] {processor.py:914} INFO - Processing file /home/airflow/.local/lib/python3.12/site-packages/airflow/example_dags/tutorial_dag.py for tasks to queue
[2024-08-20T04:04:30.649+0000] {logging_mixin.py:190} INFO - [2024-08-20T04:04:30.649+0000] {dagbag.py:587} INFO - Filling up the DagBag from /home/airflow/.local/lib/python3.12/site-packages/airflow/example_dags/tutorial_dag.py
[2024-08-20T04:04:30.658+0000] {processor.py:925} INFO - DAG(s) 'tutorial_dag' retrieved from /home/airflow/.local/lib/python3.12/site-packages/airflow/example_dags/tutorial_dag.py
[2024-08-20T04:04:30.683+0000] {logging_mixin.py:190} INFO - [2024-08-20T04:04:30.682+0000] {dag.py:3211} INFO - Sync 1 DAGs
[2024-08-20T04:04:30.698+0000] {logging_mixin.py:190} INFO - [2024-08-20T04:04:30.697+0000] {dag.py:4138} INFO - Setting next_dagrun for tutorial_dag to None, run_after=None
[2024-08-20T04:04:30.720+0000] {processor.py:208} INFO - Processing /home/airflow/.local/lib/python3.12/site-packages/airflow/example_dags/tutorial_dag.py took 0.081 seconds
[2024-08-20T04:05:01.836+0000] {processor.py:186} INFO - Started process (PID=1769) to work on /home/airflow/.local/lib/python3.12/site-packages/airflow/example_dags/tutorial_dag.py
[2024-08-20T04:05:01.840+0000] {processor.py:914} INFO - Processing file /home/airflow/.local/lib/python3.12/site-packages/airflow/example_dags/tutorial_dag.py for tasks to queue
[2024-08-20T04:05:01.844+0000] {logging_mixin.py:190} INFO - [2024-08-20T04:05:01.844+0000] {dagbag.py:587} INFO - Filling up the DagBag from /home/airflow/.local/lib/python3.12/site-packages/airflow/example_dags/tutorial_dag.py
[2024-08-20T04:05:01.856+0000] {processor.py:925} INFO - DAG(s) 'tutorial_dag' retrieved from /home/airflow/.local/lib/python3.12/site-packages/airflow/example_dags/tutorial_dag.py
[2024-08-20T04:05:01.886+0000] {logging_mixin.py:190} INFO - [2024-08-20T04:05:01.885+0000] {dag.py:3211} INFO - Sync 1 DAGs
[2024-08-20T04:05:01.906+0000] {logging_mixin.py:190} INFO - [2024-08-20T04:05:01.906+0000] {dag.py:4138} INFO - Setting next_dagrun for tutorial_dag to None, run_after=None
[2024-08-20T04:05:01.938+0000] {processor.py:208} INFO - Processing /home/airflow/.local/lib/python3.12/site-packages/airflow/example_dags/tutorial_dag.py took 0.113 seconds
[2024-08-20T04:05:32.396+0000] {processor.py:186} INFO - Started process (PID=1831) to work on /home/airflow/.local/lib/python3.12/site-packages/airflow/example_dags/tutorial_dag.py
[2024-08-20T04:05:32.397+0000] {processor.py:914} INFO - Processing file /home/airflow/.local/lib/python3.12/site-packages/airflow/example_dags/tutorial_dag.py for tasks to queue
[2024-08-20T04:05:32.401+0000] {logging_mixin.py:190} INFO - [2024-08-20T04:05:32.400+0000] {dagbag.py:587} INFO - Filling up the DagBag from /home/airflow/.local/lib/python3.12/site-packages/airflow/example_dags/tutorial_dag.py
[2024-08-20T04:05:32.412+0000] {processor.py:925} INFO - DAG(s) 'tutorial_dag' retrieved from /home/airflow/.local/lib/python3.12/site-packages/airflow/example_dags/tutorial_dag.py
[2024-08-20T04:05:32.445+0000] {logging_mixin.py:190} INFO - [2024-08-20T04:05:32.445+0000] {dag.py:3211} INFO - Sync 1 DAGs
[2024-08-20T04:05:32.470+0000] {logging_mixin.py:190} INFO - [2024-08-20T04:05:32.470+0000] {dag.py:4138} INFO - Setting next_dagrun for tutorial_dag to None, run_after=None
[2024-08-20T04:05:32.496+0000] {processor.py:208} INFO - Processing /home/airflow/.local/lib/python3.12/site-packages/airflow/example_dags/tutorial_dag.py took 0.108 seconds
[2024-08-20T04:06:03.378+0000] {processor.py:186} INFO - Started process (PID=1893) to work on /home/airflow/.local/lib/python3.12/site-packages/airflow/example_dags/tutorial_dag.py
[2024-08-20T04:06:03.379+0000] {processor.py:914} INFO - Processing file /home/airflow/.local/lib/python3.12/site-packages/airflow/example_dags/tutorial_dag.py for tasks to queue
[2024-08-20T04:06:03.384+0000] {logging_mixin.py:190} INFO - [2024-08-20T04:06:03.383+0000] {dagbag.py:587} INFO - Filling up the DagBag from /home/airflow/.local/lib/python3.12/site-packages/airflow/example_dags/tutorial_dag.py
[2024-08-20T04:06:03.396+0000] {processor.py:925} INFO - DAG(s) 'tutorial_dag' retrieved from /home/airflow/.local/lib/python3.12/site-packages/airflow/example_dags/tutorial_dag.py
[2024-08-20T04:06:03.425+0000] {logging_mixin.py:190} INFO - [2024-08-20T04:06:03.425+0000] {dag.py:3211} INFO - Sync 1 DAGs
[2024-08-20T04:06:03.448+0000] {logging_mixin.py:190} INFO - [2024-08-20T04:06:03.448+0000] {dag.py:4138} INFO - Setting next_dagrun for tutorial_dag to None, run_after=None
[2024-08-20T04:06:03.472+0000] {processor.py:208} INFO - Processing /home/airflow/.local/lib/python3.12/site-packages/airflow/example_dags/tutorial_dag.py took 0.103 seconds
[2024-08-20T04:06:34.324+0000] {processor.py:186} INFO - Started process (PID=1961) to work on /home/airflow/.local/lib/python3.12/site-packages/airflow/example_dags/tutorial_dag.py
[2024-08-20T04:06:34.325+0000] {processor.py:914} INFO - Processing file /home/airflow/.local/lib/python3.12/site-packages/airflow/example_dags/tutorial_dag.py for tasks to queue
[2024-08-20T04:06:34.329+0000] {logging_mixin.py:190} INFO - [2024-08-20T04:06:34.328+0000] {dagbag.py:587} INFO - Filling up the DagBag from /home/airflow/.local/lib/python3.12/site-packages/airflow/example_dags/tutorial_dag.py
[2024-08-20T04:06:34.343+0000] {processor.py:925} INFO - DAG(s) 'tutorial_dag' retrieved from /home/airflow/.local/lib/python3.12/site-packages/airflow/example_dags/tutorial_dag.py
[2024-08-20T04:06:34.376+0000] {logging_mixin.py:190} INFO - [2024-08-20T04:06:34.376+0000] {dag.py:3211} INFO - Sync 1 DAGs
[2024-08-20T04:06:34.400+0000] {logging_mixin.py:190} INFO - [2024-08-20T04:06:34.399+0000] {dag.py:4138} INFO - Setting next_dagrun for tutorial_dag to None, run_after=None
[2024-08-20T04:06:34.433+0000] {processor.py:208} INFO - Processing /home/airflow/.local/lib/python3.12/site-packages/airflow/example_dags/tutorial_dag.py took 0.118 seconds
[2024-08-20T04:07:05.433+0000] {processor.py:186} INFO - Started process (PID=2023) to work on /home/airflow/.local/lib/python3.12/site-packages/airflow/example_dags/tutorial_dag.py
[2024-08-20T04:07:05.435+0000] {processor.py:914} INFO - Processing file /home/airflow/.local/lib/python3.12/site-packages/airflow/example_dags/tutorial_dag.py for tasks to queue
[2024-08-20T04:07:05.439+0000] {logging_mixin.py:190} INFO - [2024-08-20T04:07:05.439+0000] {dagbag.py:587} INFO - Filling up the DagBag from /home/airflow/.local/lib/python3.12/site-packages/airflow/example_dags/tutorial_dag.py
[2024-08-20T04:07:05.456+0000] {processor.py:925} INFO - DAG(s) 'tutorial_dag' retrieved from /home/airflow/.local/lib/python3.12/site-packages/airflow/example_dags/tutorial_dag.py
[2024-08-20T04:07:05.486+0000] {logging_mixin.py:190} INFO - [2024-08-20T04:07:05.486+0000] {dag.py:3211} INFO - Sync 1 DAGs
[2024-08-20T04:07:05.508+0000] {logging_mixin.py:190} INFO - [2024-08-20T04:07:05.508+0000] {dag.py:4138} INFO - Setting next_dagrun for tutorial_dag to None, run_after=None
[2024-08-20T04:07:05.538+0000] {processor.py:208} INFO - Processing /home/airflow/.local/lib/python3.12/site-packages/airflow/example_dags/tutorial_dag.py took 0.118 seconds
[2024-08-20T04:07:36.001+0000] {processor.py:186} INFO - Started process (PID=2086) to work on /home/airflow/.local/lib/python3.12/site-packages/airflow/example_dags/tutorial_dag.py
[2024-08-20T04:07:36.003+0000] {processor.py:914} INFO - Processing file /home/airflow/.local/lib/python3.12/site-packages/airflow/example_dags/tutorial_dag.py for tasks to queue
[2024-08-20T04:07:36.006+0000] {logging_mixin.py:190} INFO - [2024-08-20T04:07:36.006+0000] {dagbag.py:587} INFO - Filling up the DagBag from /home/airflow/.local/lib/python3.12/site-packages/airflow/example_dags/tutorial_dag.py
[2024-08-20T04:07:36.016+0000] {processor.py:925} INFO - DAG(s) 'tutorial_dag' retrieved from /home/airflow/.local/lib/python3.12/site-packages/airflow/example_dags/tutorial_dag.py
[2024-08-20T04:07:36.051+0000] {logging_mixin.py:190} INFO - [2024-08-20T04:07:36.050+0000] {dag.py:3211} INFO - Sync 1 DAGs
[2024-08-20T04:07:36.070+0000] {logging_mixin.py:190} INFO - [2024-08-20T04:07:36.069+0000] {dag.py:4138} INFO - Setting next_dagrun for tutorial_dag to None, run_after=None
[2024-08-20T04:07:36.091+0000] {processor.py:208} INFO - Processing /home/airflow/.local/lib/python3.12/site-packages/airflow/example_dags/tutorial_dag.py took 0.098 seconds
[2024-08-20T04:08:07.000+0000] {processor.py:186} INFO - Started process (PID=2149) to work on /home/airflow/.local/lib/python3.12/site-packages/airflow/example_dags/tutorial_dag.py
[2024-08-20T04:08:07.002+0000] {processor.py:914} INFO - Processing file /home/airflow/.local/lib/python3.12/site-packages/airflow/example_dags/tutorial_dag.py for tasks to queue
[2024-08-20T04:08:07.005+0000] {logging_mixin.py:190} INFO - [2024-08-20T04:08:07.004+0000] {dagbag.py:587} INFO - Filling up the DagBag from /home/airflow/.local/lib/python3.12/site-packages/airflow/example_dags/tutorial_dag.py
[2024-08-20T04:08:07.014+0000] {processor.py:925} INFO - DAG(s) 'tutorial_dag' retrieved from /home/airflow/.local/lib/python3.12/site-packages/airflow/example_dags/tutorial_dag.py
[2024-08-20T04:08:07.039+0000] {logging_mixin.py:190} INFO - [2024-08-20T04:08:07.038+0000] {dag.py:3211} INFO - Sync 1 DAGs
[2024-08-20T04:08:07.056+0000] {logging_mixin.py:190} INFO - [2024-08-20T04:08:07.056+0000] {dag.py:4138} INFO - Setting next_dagrun for tutorial_dag to None, run_after=None
[2024-08-20T04:08:07.079+0000] {processor.py:208} INFO - Processing /home/airflow/.local/lib/python3.12/site-packages/airflow/example_dags/tutorial_dag.py took 0.086 seconds
[2024-08-20T04:08:37.888+0000] {processor.py:186} INFO - Started process (PID=2211) to work on /home/airflow/.local/lib/python3.12/site-packages/airflow/example_dags/tutorial_dag.py
[2024-08-20T04:08:37.890+0000] {processor.py:914} INFO - Processing file /home/airflow/.local/lib/python3.12/site-packages/airflow/example_dags/tutorial_dag.py for tasks to queue
[2024-08-20T04:08:37.896+0000] {logging_mixin.py:190} INFO - [2024-08-20T04:08:37.896+0000] {dagbag.py:587} INFO - Filling up the DagBag from /home/airflow/.local/lib/python3.12/site-packages/airflow/example_dags/tutorial_dag.py
[2024-08-20T04:08:37.911+0000] {processor.py:925} INFO - DAG(s) 'tutorial_dag' retrieved from /home/airflow/.local/lib/python3.12/site-packages/airflow/example_dags/tutorial_dag.py
[2024-08-20T04:08:37.947+0000] {logging_mixin.py:190} INFO - [2024-08-20T04:08:37.946+0000] {dag.py:3211} INFO - Sync 1 DAGs
[2024-08-20T04:08:37.983+0000] {logging_mixin.py:190} INFO - [2024-08-20T04:08:37.982+0000] {dag.py:4138} INFO - Setting next_dagrun for tutorial_dag to None, run_after=None
[2024-08-20T04:08:38.016+0000] {processor.py:208} INFO - Processing /home/airflow/.local/lib/python3.12/site-packages/airflow/example_dags/tutorial_dag.py took 0.137 seconds
[2024-08-20T04:09:08.767+0000] {processor.py:186} INFO - Started process (PID=2273) to work on /home/airflow/.local/lib/python3.12/site-packages/airflow/example_dags/tutorial_dag.py
[2024-08-20T04:09:08.770+0000] {processor.py:914} INFO - Processing file /home/airflow/.local/lib/python3.12/site-packages/airflow/example_dags/tutorial_dag.py for tasks to queue
[2024-08-20T04:09:08.774+0000] {logging_mixin.py:190} INFO - [2024-08-20T04:09:08.774+0000] {dagbag.py:587} INFO - Filling up the DagBag from /home/airflow/.local/lib/python3.12/site-packages/airflow/example_dags/tutorial_dag.py
[2024-08-20T04:09:08.786+0000] {processor.py:925} INFO - DAG(s) 'tutorial_dag' retrieved from /home/airflow/.local/lib/python3.12/site-packages/airflow/example_dags/tutorial_dag.py
[2024-08-20T04:09:08.827+0000] {logging_mixin.py:190} INFO - [2024-08-20T04:09:08.826+0000] {dag.py:3211} INFO - Sync 1 DAGs
[2024-08-20T04:09:08.881+0000] {logging_mixin.py:190} INFO - [2024-08-20T04:09:08.881+0000] {dag.py:4138} INFO - Setting next_dagrun for tutorial_dag to None, run_after=None
[2024-08-20T04:09:08.924+0000] {processor.py:208} INFO - Processing /home/airflow/.local/lib/python3.12/site-packages/airflow/example_dags/tutorial_dag.py took 0.168 seconds
[2024-08-20T04:09:40.287+0000] {processor.py:186} INFO - Started process (PID=2335) to work on /home/airflow/.local/lib/python3.12/site-packages/airflow/example_dags/tutorial_dag.py
[2024-08-20T04:09:40.288+0000] {processor.py:914} INFO - Processing file /home/airflow/.local/lib/python3.12/site-packages/airflow/example_dags/tutorial_dag.py for tasks to queue
[2024-08-20T04:09:40.292+0000] {logging_mixin.py:190} INFO - [2024-08-20T04:09:40.292+0000] {dagbag.py:587} INFO - Filling up the DagBag from /home/airflow/.local/lib/python3.12/site-packages/airflow/example_dags/tutorial_dag.py
[2024-08-20T04:09:40.302+0000] {processor.py:925} INFO - DAG(s) 'tutorial_dag' retrieved from /home/airflow/.local/lib/python3.12/site-packages/airflow/example_dags/tutorial_dag.py
[2024-08-20T04:09:40.333+0000] {logging_mixin.py:190} INFO - [2024-08-20T04:09:40.332+0000] {dag.py:3211} INFO - Sync 1 DAGs
[2024-08-20T04:09:40.354+0000] {logging_mixin.py:190} INFO - [2024-08-20T04:09:40.353+0000] {dag.py:4138} INFO - Setting next_dagrun for tutorial_dag to None, run_after=None
[2024-08-20T04:09:40.383+0000] {processor.py:208} INFO - Processing /home/airflow/.local/lib/python3.12/site-packages/airflow/example_dags/tutorial_dag.py took 0.105 seconds
[2024-08-20T04:10:12.203+0000] {processor.py:186} INFO - Started process (PID=2398) to work on /home/airflow/.local/lib/python3.12/site-packages/airflow/example_dags/tutorial_dag.py
[2024-08-20T04:10:12.205+0000] {processor.py:914} INFO - Processing file /home/airflow/.local/lib/python3.12/site-packages/airflow/example_dags/tutorial_dag.py for tasks to queue
[2024-08-20T04:10:12.209+0000] {logging_mixin.py:190} INFO - [2024-08-20T04:10:12.208+0000] {dagbag.py:587} INFO - Filling up the DagBag from /home/airflow/.local/lib/python3.12/site-packages/airflow/example_dags/tutorial_dag.py
[2024-08-20T04:10:12.220+0000] {processor.py:925} INFO - DAG(s) 'tutorial_dag' retrieved from /home/airflow/.local/lib/python3.12/site-packages/airflow/example_dags/tutorial_dag.py
[2024-08-20T04:10:12.275+0000] {logging_mixin.py:190} INFO - [2024-08-20T04:10:12.275+0000] {dag.py:3211} INFO - Sync 1 DAGs
[2024-08-20T04:10:12.319+0000] {logging_mixin.py:190} INFO - [2024-08-20T04:10:12.318+0000] {dag.py:4138} INFO - Setting next_dagrun for tutorial_dag to None, run_after=None
[2024-08-20T04:10:12.378+0000] {processor.py:208} INFO - Processing /home/airflow/.local/lib/python3.12/site-packages/airflow/example_dags/tutorial_dag.py took 0.185 seconds
[2024-08-20T04:10:43.053+0000] {processor.py:186} INFO - Started process (PID=2460) to work on /home/airflow/.local/lib/python3.12/site-packages/airflow/example_dags/tutorial_dag.py
[2024-08-20T04:10:43.055+0000] {processor.py:914} INFO - Processing file /home/airflow/.local/lib/python3.12/site-packages/airflow/example_dags/tutorial_dag.py for tasks to queue
[2024-08-20T04:10:43.059+0000] {logging_mixin.py:190} INFO - [2024-08-20T04:10:43.059+0000] {dagbag.py:587} INFO - Filling up the DagBag from /home/airflow/.local/lib/python3.12/site-packages/airflow/example_dags/tutorial_dag.py
[2024-08-20T04:10:43.070+0000] {processor.py:925} INFO - DAG(s) 'tutorial_dag' retrieved from /home/airflow/.local/lib/python3.12/site-packages/airflow/example_dags/tutorial_dag.py
[2024-08-20T04:10:43.097+0000] {logging_mixin.py:190} INFO - [2024-08-20T04:10:43.097+0000] {dag.py:3211} INFO - Sync 1 DAGs
[2024-08-20T04:10:43.118+0000] {logging_mixin.py:190} INFO - [2024-08-20T04:10:43.117+0000] {dag.py:4138} INFO - Setting next_dagrun for tutorial_dag to None, run_after=None
[2024-08-20T04:10:43.147+0000] {processor.py:208} INFO - Processing /home/airflow/.local/lib/python3.12/site-packages/airflow/example_dags/tutorial_dag.py took 0.102 seconds
[2024-08-20T04:11:14.164+0000] {processor.py:186} INFO - Started process (PID=2522) to work on /home/airflow/.local/lib/python3.12/site-packages/airflow/example_dags/tutorial_dag.py
[2024-08-20T04:11:14.165+0000] {processor.py:914} INFO - Processing file /home/airflow/.local/lib/python3.12/site-packages/airflow/example_dags/tutorial_dag.py for tasks to queue
[2024-08-20T04:11:14.169+0000] {logging_mixin.py:190} INFO - [2024-08-20T04:11:14.169+0000] {dagbag.py:587} INFO - Filling up the DagBag from /home/airflow/.local/lib/python3.12/site-packages/airflow/example_dags/tutorial_dag.py
[2024-08-20T04:11:14.182+0000] {processor.py:925} INFO - DAG(s) 'tutorial_dag' retrieved from /home/airflow/.local/lib/python3.12/site-packages/airflow/example_dags/tutorial_dag.py
[2024-08-20T04:11:14.218+0000] {logging_mixin.py:190} INFO - [2024-08-20T04:11:14.217+0000] {dag.py:3211} INFO - Sync 1 DAGs
[2024-08-20T04:11:14.243+0000] {logging_mixin.py:190} INFO - [2024-08-20T04:11:14.243+0000] {dag.py:4138} INFO - Setting next_dagrun for tutorial_dag to None, run_after=None
[2024-08-20T04:11:14.271+0000] {processor.py:208} INFO - Processing /home/airflow/.local/lib/python3.12/site-packages/airflow/example_dags/tutorial_dag.py took 0.120 seconds
[2024-08-20T04:11:45.318+0000] {processor.py:186} INFO - Started process (PID=2585) to work on /home/airflow/.local/lib/python3.12/site-packages/airflow/example_dags/tutorial_dag.py
[2024-08-20T04:11:45.320+0000] {processor.py:914} INFO - Processing file /home/airflow/.local/lib/python3.12/site-packages/airflow/example_dags/tutorial_dag.py for tasks to queue
[2024-08-20T04:11:45.326+0000] {logging_mixin.py:190} INFO - [2024-08-20T04:11:45.325+0000] {dagbag.py:587} INFO - Filling up the DagBag from /home/airflow/.local/lib/python3.12/site-packages/airflow/example_dags/tutorial_dag.py
[2024-08-20T04:11:45.337+0000] {processor.py:925} INFO - DAG(s) 'tutorial_dag' retrieved from /home/airflow/.local/lib/python3.12/site-packages/airflow/example_dags/tutorial_dag.py
[2024-08-20T04:11:45.374+0000] {logging_mixin.py:190} INFO - [2024-08-20T04:11:45.374+0000] {dag.py:3211} INFO - Sync 1 DAGs
[2024-08-20T04:11:45.401+0000] {logging_mixin.py:190} INFO - [2024-08-20T04:11:45.401+0000] {dag.py:4138} INFO - Setting next_dagrun for tutorial_dag to None, run_after=None
[2024-08-20T04:11:45.440+0000] {processor.py:208} INFO - Processing /home/airflow/.local/lib/python3.12/site-packages/airflow/example_dags/tutorial_dag.py took 0.135 seconds
[2024-08-20T04:12:15.942+0000] {processor.py:186} INFO - Started process (PID=2647) to work on /home/airflow/.local/lib/python3.12/site-packages/airflow/example_dags/tutorial_dag.py
[2024-08-20T04:12:15.943+0000] {processor.py:914} INFO - Processing file /home/airflow/.local/lib/python3.12/site-packages/airflow/example_dags/tutorial_dag.py for tasks to queue
[2024-08-20T04:12:15.948+0000] {logging_mixin.py:190} INFO - [2024-08-20T04:12:15.947+0000] {dagbag.py:587} INFO - Filling up the DagBag from /home/airflow/.local/lib/python3.12/site-packages/airflow/example_dags/tutorial_dag.py
[2024-08-20T04:12:15.966+0000] {processor.py:925} INFO - DAG(s) 'tutorial_dag' retrieved from /home/airflow/.local/lib/python3.12/site-packages/airflow/example_dags/tutorial_dag.py
[2024-08-20T04:12:16.011+0000] {logging_mixin.py:190} INFO - [2024-08-20T04:12:16.010+0000] {dag.py:3211} INFO - Sync 1 DAGs
[2024-08-20T04:12:16.038+0000] {logging_mixin.py:190} INFO - [2024-08-20T04:12:16.038+0000] {dag.py:4138} INFO - Setting next_dagrun for tutorial_dag to None, run_after=None
[2024-08-20T04:12:16.072+0000] {processor.py:208} INFO - Processing /home/airflow/.local/lib/python3.12/site-packages/airflow/example_dags/tutorial_dag.py took 0.140 seconds
[2024-08-20T04:12:46.718+0000] {processor.py:186} INFO - Started process (PID=2709) to work on /home/airflow/.local/lib/python3.12/site-packages/airflow/example_dags/tutorial_dag.py
[2024-08-20T04:12:46.719+0000] {processor.py:914} INFO - Processing file /home/airflow/.local/lib/python3.12/site-packages/airflow/example_dags/tutorial_dag.py for tasks to queue
[2024-08-20T04:12:46.724+0000] {logging_mixin.py:190} INFO - [2024-08-20T04:12:46.723+0000] {dagbag.py:587} INFO - Filling up the DagBag from /home/airflow/.local/lib/python3.12/site-packages/airflow/example_dags/tutorial_dag.py
[2024-08-20T04:12:46.734+0000] {processor.py:925} INFO - DAG(s) 'tutorial_dag' retrieved from /home/airflow/.local/lib/python3.12/site-packages/airflow/example_dags/tutorial_dag.py
[2024-08-20T04:12:46.766+0000] {logging_mixin.py:190} INFO - [2024-08-20T04:12:46.765+0000] {dag.py:3211} INFO - Sync 1 DAGs
[2024-08-20T04:12:46.788+0000] {logging_mixin.py:190} INFO - [2024-08-20T04:12:46.788+0000] {dag.py:4138} INFO - Setting next_dagrun for tutorial_dag to None, run_after=None
[2024-08-20T04:12:46.817+0000] {processor.py:208} INFO - Processing /home/airflow/.local/lib/python3.12/site-packages/airflow/example_dags/tutorial_dag.py took 0.107 seconds
[2024-08-20T04:13:17.668+0000] {processor.py:186} INFO - Started process (PID=2771) to work on /home/airflow/.local/lib/python3.12/site-packages/airflow/example_dags/tutorial_dag.py
[2024-08-20T04:13:17.669+0000] {processor.py:914} INFO - Processing file /home/airflow/.local/lib/python3.12/site-packages/airflow/example_dags/tutorial_dag.py for tasks to queue
[2024-08-20T04:13:17.677+0000] {logging_mixin.py:190} INFO - [2024-08-20T04:13:17.677+0000] {dagbag.py:587} INFO - Filling up the DagBag from /home/airflow/.local/lib/python3.12/site-packages/airflow/example_dags/tutorial_dag.py
[2024-08-20T04:13:17.690+0000] {processor.py:925} INFO - DAG(s) 'tutorial_dag' retrieved from /home/airflow/.local/lib/python3.12/site-packages/airflow/example_dags/tutorial_dag.py
[2024-08-20T04:13:17.735+0000] {logging_mixin.py:190} INFO - [2024-08-20T04:13:17.735+0000] {dag.py:3211} INFO - Sync 1 DAGs
[2024-08-20T04:13:17.755+0000] {logging_mixin.py:190} INFO - [2024-08-20T04:13:17.755+0000] {dag.py:4138} INFO - Setting next_dagrun for tutorial_dag to None, run_after=None
[2024-08-20T04:13:17.781+0000] {processor.py:208} INFO - Processing /home/airflow/.local/lib/python3.12/site-packages/airflow/example_dags/tutorial_dag.py took 0.123 seconds
[2024-08-20T04:13:48.388+0000] {processor.py:186} INFO - Started process (PID=2833) to work on /home/airflow/.local/lib/python3.12/site-packages/airflow/example_dags/tutorial_dag.py
[2024-08-20T04:13:48.392+0000] {processor.py:914} INFO - Processing file /home/airflow/.local/lib/python3.12/site-packages/airflow/example_dags/tutorial_dag.py for tasks to queue
[2024-08-20T04:13:48.400+0000] {logging_mixin.py:190} INFO - [2024-08-20T04:13:48.399+0000] {dagbag.py:587} INFO - Filling up the DagBag from /home/airflow/.local/lib/python3.12/site-packages/airflow/example_dags/tutorial_dag.py
[2024-08-20T04:13:48.413+0000] {processor.py:925} INFO - DAG(s) 'tutorial_dag' retrieved from /home/airflow/.local/lib/python3.12/site-packages/airflow/example_dags/tutorial_dag.py
[2024-08-20T04:13:48.445+0000] {logging_mixin.py:190} INFO - [2024-08-20T04:13:48.444+0000] {dag.py:3211} INFO - Sync 1 DAGs
[2024-08-20T04:13:48.468+0000] {logging_mixin.py:190} INFO - [2024-08-20T04:13:48.468+0000] {dag.py:4138} INFO - Setting next_dagrun for tutorial_dag to None, run_after=None
[2024-08-20T04:13:48.504+0000] {processor.py:208} INFO - Processing /home/airflow/.local/lib/python3.12/site-packages/airflow/example_dags/tutorial_dag.py took 0.126 seconds
[2024-08-20T04:14:19.644+0000] {processor.py:186} INFO - Started process (PID=2895) to work on /home/airflow/.local/lib/python3.12/site-packages/airflow/example_dags/tutorial_dag.py
[2024-08-20T04:14:19.645+0000] {processor.py:914} INFO - Processing file /home/airflow/.local/lib/python3.12/site-packages/airflow/example_dags/tutorial_dag.py for tasks to queue
[2024-08-20T04:14:19.649+0000] {logging_mixin.py:190} INFO - [2024-08-20T04:14:19.648+0000] {dagbag.py:587} INFO - Filling up the DagBag from /home/airflow/.local/lib/python3.12/site-packages/airflow/example_dags/tutorial_dag.py
[2024-08-20T04:14:19.659+0000] {processor.py:925} INFO - DAG(s) 'tutorial_dag' retrieved from /home/airflow/.local/lib/python3.12/site-packages/airflow/example_dags/tutorial_dag.py
[2024-08-20T04:14:19.690+0000] {logging_mixin.py:190} INFO - [2024-08-20T04:14:19.690+0000] {dag.py:3211} INFO - Sync 1 DAGs
[2024-08-20T04:14:19.709+0000] {logging_mixin.py:190} INFO - [2024-08-20T04:14:19.709+0000] {dag.py:4138} INFO - Setting next_dagrun for tutorial_dag to None, run_after=None
[2024-08-20T04:14:19.735+0000] {processor.py:208} INFO - Processing /home/airflow/.local/lib/python3.12/site-packages/airflow/example_dags/tutorial_dag.py took 0.101 seconds
[2024-08-20T04:14:50.600+0000] {processor.py:186} INFO - Started process (PID=2957) to work on /home/airflow/.local/lib/python3.12/site-packages/airflow/example_dags/tutorial_dag.py
[2024-08-20T04:14:50.602+0000] {processor.py:914} INFO - Processing file /home/airflow/.local/lib/python3.12/site-packages/airflow/example_dags/tutorial_dag.py for tasks to queue
[2024-08-20T04:14:50.607+0000] {logging_mixin.py:190} INFO - [2024-08-20T04:14:50.607+0000] {dagbag.py:587} INFO - Filling up the DagBag from /home/airflow/.local/lib/python3.12/site-packages/airflow/example_dags/tutorial_dag.py
[2024-08-20T04:14:50.618+0000] {processor.py:925} INFO - DAG(s) 'tutorial_dag' retrieved from /home/airflow/.local/lib/python3.12/site-packages/airflow/example_dags/tutorial_dag.py
[2024-08-20T04:14:50.655+0000] {logging_mixin.py:190} INFO - [2024-08-20T04:14:50.654+0000] {dag.py:3211} INFO - Sync 1 DAGs
[2024-08-20T04:14:50.676+0000] {logging_mixin.py:190} INFO - [2024-08-20T04:14:50.676+0000] {dag.py:4138} INFO - Setting next_dagrun for tutorial_dag to None, run_after=None
[2024-08-20T04:14:50.709+0000] {processor.py:208} INFO - Processing /home/airflow/.local/lib/python3.12/site-packages/airflow/example_dags/tutorial_dag.py took 0.117 seconds
[2024-08-20T04:15:21.346+0000] {processor.py:186} INFO - Started process (PID=3019) to work on /home/airflow/.local/lib/python3.12/site-packages/airflow/example_dags/tutorial_dag.py
[2024-08-20T04:15:21.347+0000] {processor.py:914} INFO - Processing file /home/airflow/.local/lib/python3.12/site-packages/airflow/example_dags/tutorial_dag.py for tasks to queue
[2024-08-20T04:15:21.350+0000] {logging_mixin.py:190} INFO - [2024-08-20T04:15:21.349+0000] {dagbag.py:587} INFO - Filling up the DagBag from /home/airflow/.local/lib/python3.12/site-packages/airflow/example_dags/tutorial_dag.py
[2024-08-20T04:15:21.359+0000] {processor.py:925} INFO - DAG(s) 'tutorial_dag' retrieved from /home/airflow/.local/lib/python3.12/site-packages/airflow/example_dags/tutorial_dag.py
[2024-08-20T04:15:21.383+0000] {logging_mixin.py:190} INFO - [2024-08-20T04:15:21.383+0000] {dag.py:3211} INFO - Sync 1 DAGs
[2024-08-20T04:15:21.407+0000] {logging_mixin.py:190} INFO - [2024-08-20T04:15:21.406+0000] {dag.py:4138} INFO - Setting next_dagrun for tutorial_dag to None, run_after=None
[2024-08-20T04:15:21.430+0000] {processor.py:208} INFO - Processing /home/airflow/.local/lib/python3.12/site-packages/airflow/example_dags/tutorial_dag.py took 0.093 seconds
[2024-08-20T04:15:51.690+0000] {processor.py:186} INFO - Started process (PID=3080) to work on /home/airflow/.local/lib/python3.12/site-packages/airflow/example_dags/tutorial_dag.py
[2024-08-20T04:15:51.691+0000] {processor.py:914} INFO - Processing file /home/airflow/.local/lib/python3.12/site-packages/airflow/example_dags/tutorial_dag.py for tasks to queue
[2024-08-20T04:15:51.695+0000] {logging_mixin.py:190} INFO - [2024-08-20T04:15:51.695+0000] {dagbag.py:587} INFO - Filling up the DagBag from /home/airflow/.local/lib/python3.12/site-packages/airflow/example_dags/tutorial_dag.py
[2024-08-20T04:15:51.705+0000] {processor.py:925} INFO - DAG(s) 'tutorial_dag' retrieved from /home/airflow/.local/lib/python3.12/site-packages/airflow/example_dags/tutorial_dag.py
[2024-08-20T04:15:51.732+0000] {logging_mixin.py:190} INFO - [2024-08-20T04:15:51.731+0000] {dag.py:3211} INFO - Sync 1 DAGs
[2024-08-20T04:15:51.755+0000] {logging_mixin.py:190} INFO - [2024-08-20T04:15:51.754+0000] {dag.py:4138} INFO - Setting next_dagrun for tutorial_dag to None, run_after=None
[2024-08-20T04:15:52.005+0000] {processor.py:208} INFO - Processing /home/airflow/.local/lib/python3.12/site-packages/airflow/example_dags/tutorial_dag.py took 0.323 seconds
