[2024-08-20T04:42:43.007+0000] {local_task_job_runner.py:123} INFO - ::group::Pre task execution logs
[2024-08-20T04:42:43.033+0000] {taskinstance.py:2603} INFO - Dependencies all met for dep_context=non-requeueable deps ti=<TaskInstance: fetch_and_store_DE_books.create_table scheduled__2024-07-01T00:00:00+00:00 [queued]>
[2024-08-20T04:42:43.045+0000] {taskinstance.py:2603} INFO - Dependencies all met for dep_context=requeueable deps ti=<TaskInstance: fetch_and_store_DE_books.create_table scheduled__2024-07-01T00:00:00+00:00 [queued]>
[2024-08-20T04:42:43.046+0000] {taskinstance.py:2856} INFO - Starting attempt 1 of 2
[2024-08-20T04:42:43.064+0000] {taskinstance.py:2879} INFO - Executing <Task(PostgresOperator): create_table> on 2024-07-01 00:00:00+00:00
[2024-08-20T04:42:43.077+0000] {warnings.py:112} WARNING - /home/***/.local/lib/python3.12/site-packages/***/task/task_runner/standard_task_runner.py:70: DeprecationWarning: This process (pid=749) is multi-threaded, use of fork() may lead to deadlocks in the child.
  pid = os.fork()

[2024-08-20T04:42:43.079+0000] {standard_task_runner.py:72} INFO - Started process 760 to run task
[2024-08-20T04:42:43.083+0000] {standard_task_runner.py:104} INFO - Running: ['***', 'tasks', 'run', 'fetch_and_store_DE_books', 'create_table', 'scheduled__2024-07-01T00:00:00+00:00', '--job-id', '12', '--raw', '--subdir', 'DAGS_FOLDER/app.py', '--cfg-path', '/tmp/tmpwj8icz_6']
[2024-08-20T04:42:43.084+0000] {standard_task_runner.py:105} INFO - Job 12: Subtask create_table
[2024-08-20T04:42:43.148+0000] {task_command.py:467} INFO - Running <TaskInstance: fetch_and_store_DE_books.create_table scheduled__2024-07-01T00:00:00+00:00 [running]> on host 668944ed7238
[2024-08-20T04:42:43.269+0000] {taskinstance.py:3122} INFO - Exporting env vars: AIRFLOW_CTX_DAG_OWNER='***' AIRFLOW_CTX_DAG_ID='fetch_and_store_DE_books' AIRFLOW_CTX_TASK_ID='create_table' AIRFLOW_CTX_EXECUTION_DATE='2024-07-01T00:00:00+00:00' AIRFLOW_CTX_TRY_NUMBER='1' AIRFLOW_CTX_DAG_RUN_ID='scheduled__2024-07-01T00:00:00+00:00'
[2024-08-20T04:42:43.271+0000] {logging_mixin.py:190} INFO - Task instance is in running state
[2024-08-20T04:42:43.273+0000] {logging_mixin.py:190} INFO -  Previous state of the Task instance: queued
[2024-08-20T04:42:43.274+0000] {logging_mixin.py:190} INFO - Current task name:create_table state:running start_date:2024-08-20 04:42:43.033795+00:00
[2024-08-20T04:42:43.274+0000] {logging_mixin.py:190} INFO - Dag name:fetch_and_store_DE_books and current dag run status:running
[2024-08-20T04:42:43.275+0000] {taskinstance.py:731} INFO - ::endgroup::
[2024-08-20T04:42:43.276+0000] {sql.py:282} INFO - Executing: 
    CREATE TABLE IF NOT EXISTS books (
        id SERIAL PRIMARY KEY,
        title TEXT NOT NULL,
        authors TEXT,
        price TEXT,
        rating TEXT
    );
    
[2024-08-20T04:42:43.289+0000] {base.py:84} INFO - Retrieving connection 'books_connection'
[2024-08-20T04:42:43.302+0000] {base.py:84} INFO - Retrieving connection 'books_connection'
[2024-08-20T04:42:43.307+0000] {sql.py:509} INFO - Running statement: 
    CREATE TABLE IF NOT EXISTS books (
        id SERIAL PRIMARY KEY,
        title TEXT NOT NULL,
        authors TEXT,
        price TEXT,
        rating TEXT
    );
    , parameters: None
[2024-08-20T04:42:43.322+0000] {taskinstance.py:340} INFO - ::group::Post task execution logs
[2024-08-20T04:42:43.324+0000] {taskinstance.py:352} INFO - Marking task as SUCCESS. dag_id=fetch_and_store_DE_books, task_id=create_table, run_id=scheduled__2024-07-01T00:00:00+00:00, execution_date=20240701T000000, start_date=20240820T044243, end_date=20240820T044243
[2024-08-20T04:42:43.337+0000] {logging_mixin.py:190} INFO - Task instance in success state
[2024-08-20T04:42:43.338+0000] {logging_mixin.py:190} INFO -  Previous state of the Task instance: running
[2024-08-20T04:42:43.338+0000] {logging_mixin.py:190} INFO - Dag name:fetch_and_store_DE_books queued_at:2024-08-20 04:41:45.049268+00:00
[2024-08-20T04:42:43.339+0000] {logging_mixin.py:190} INFO - Task hostname:668944ed7238 operator:PostgresOperator
[2024-08-20T04:42:43.377+0000] {local_task_job_runner.py:261} INFO - Task exited with return code 0
[2024-08-20T04:42:43.388+0000] {warnings.py:112} WARNING - /home/***/.local/lib/python3.12/site-packages/***/models/baseoperator.py:1378: AirflowProviderDeprecationWarning: Call to deprecated class PostgresOperator. (Please use `***.providers.common.sql.operators.sql.SQLExecuteQueryOperator`.Also, you can provide `hook_params={'schema': <database>}`.)
  result = cls.__new__(cls)

[2024-08-20T04:42:43.404+0000] {taskinstance.py:3891} INFO - 1 downstream tasks scheduled from follow-on schedule check
[2024-08-20T04:42:43.406+0000] {local_task_job_runner.py:240} INFO - ::endgroup::
