[2024-08-20T04:44:25.580+0000] {local_task_job_runner.py:123} INFO - ::group::Pre task execution logs
[2024-08-20T04:44:25.599+0000] {taskinstance.py:2603} INFO - Dependencies all met for dep_context=non-requeueable deps ti=<TaskInstance: fetch_and_store_DE_books.insert_book_data scheduled__2024-07-17T00:00:00+00:00 [queued]>
[2024-08-20T04:44:25.610+0000] {taskinstance.py:2603} INFO - Dependencies all met for dep_context=requeueable deps ti=<TaskInstance: fetch_and_store_DE_books.insert_book_data scheduled__2024-07-17T00:00:00+00:00 [queued]>
[2024-08-20T04:44:25.611+0000] {taskinstance.py:2856} INFO - Starting attempt 1 of 2
[2024-08-20T04:44:25.626+0000] {taskinstance.py:2879} INFO - Executing <Task(PythonOperator): insert_book_data> on 2024-07-17 00:00:00+00:00
[2024-08-20T04:44:25.636+0000] {warnings.py:112} WARNING - /home/***/.local/lib/python3.12/site-packages/***/task/task_runner/standard_task_runner.py:70: DeprecationWarning: This process (pid=953) is multi-threaded, use of fork() may lead to deadlocks in the child.
  pid = os.fork()

[2024-08-20T04:44:25.638+0000] {standard_task_runner.py:72} INFO - Started process 955 to run task
[2024-08-20T04:44:25.638+0000] {standard_task_runner.py:104} INFO - Running: ['***', 'tasks', 'run', 'fetch_and_store_DE_books', 'insert_book_data', 'scheduled__2024-07-17T00:00:00+00:00', '--job-id', '56', '--raw', '--subdir', 'DAGS_FOLDER/app.py', '--cfg-path', '/tmp/tmpel6d24fq']
[2024-08-20T04:44:25.639+0000] {standard_task_runner.py:105} INFO - Job 56: Subtask insert_book_data
[2024-08-20T04:44:25.693+0000] {task_command.py:467} INFO - Running <TaskInstance: fetch_and_store_DE_books.insert_book_data scheduled__2024-07-17T00:00:00+00:00 [running]> on host 668944ed7238
[2024-08-20T04:44:25.789+0000] {taskinstance.py:3122} INFO - Exporting env vars: AIRFLOW_CTX_DAG_OWNER='***' AIRFLOW_CTX_DAG_ID='fetch_and_store_DE_books' AIRFLOW_CTX_TASK_ID='insert_book_data' AIRFLOW_CTX_EXECUTION_DATE='2024-07-17T00:00:00+00:00' AIRFLOW_CTX_TRY_NUMBER='1' AIRFLOW_CTX_DAG_RUN_ID='scheduled__2024-07-17T00:00:00+00:00'
[2024-08-20T04:44:25.791+0000] {logging_mixin.py:190} INFO - Task instance is in running state
[2024-08-20T04:44:25.792+0000] {logging_mixin.py:190} INFO -  Previous state of the Task instance: queued
[2024-08-20T04:44:25.792+0000] {logging_mixin.py:190} INFO - Current task name:insert_book_data state:running start_date:2024-08-20 04:44:25.600259+00:00
[2024-08-20T04:44:25.793+0000] {logging_mixin.py:190} INFO - Dag name:fetch_and_store_DE_books and current dag run status:running
[2024-08-20T04:44:25.794+0000] {taskinstance.py:731} INFO - ::endgroup::
[2024-08-20T04:44:25.814+0000] {base.py:84} INFO - Retrieving connection 'books_connection'
[2024-08-20T04:44:25.818+0000] {sql.py:509} INFO - Running statement: 
    INSERT INTO books (title, authors, price, rating)
    VALUES (%s, %s, %s, %s)
    , parameters: ('Ace the Data Engineering Interview: Questions and Answers for Python, SQL, Data Modeling and More', 'Sean Coyne', '24.', '4.1 out of 5 stars')
[2024-08-20T04:44:25.820+0000] {sql.py:518} INFO - Rows affected: 1
[2024-08-20T04:44:25.831+0000] {base.py:84} INFO - Retrieving connection 'books_connection'
[2024-08-20T04:44:25.835+0000] {sql.py:509} INFO - Running statement: 
    INSERT INTO books (title, authors, price, rating)
    VALUES (%s, %s, %s, %s)
    , parameters: ('Data Engineering with AWS - Second Edition: Acquire the skills to design and build AWS-based data transformation pipelines like a pro', 'Gareth Eagar', '41.', '4.4 out of 5 stars')
[2024-08-20T04:44:25.837+0000] {sql.py:518} INFO - Rows affected: 1
[2024-08-20T04:44:25.846+0000] {base.py:84} INFO - Retrieving connection 'books_connection'
[2024-08-20T04:44:25.850+0000] {sql.py:509} INFO - Running statement: 
    INSERT INTO books (title, authors, price, rating)
    VALUES (%s, %s, %s, %s)
    , parameters: ('Azure Data Engineer Associate Certification Guide: Ace the DP-203 exam with advanced data engineering skills', 'Giacinto Palmieri', '39.', '4.5 out of 5 stars')
[2024-08-20T04:44:25.852+0000] {sql.py:518} INFO - Rows affected: 1
[2024-08-20T04:44:25.861+0000] {base.py:84} INFO - Retrieving connection 'books_connection'
[2024-08-20T04:44:25.865+0000] {sql.py:509} INFO - Running statement: 
    INSERT INTO books (title, authors, price, rating)
    VALUES (%s, %s, %s, %s)
    , parameters: ('Data Engineering 101', 'Paperback', '22.', '5.0 out of 5 stars')
[2024-08-20T04:44:25.867+0000] {sql.py:518} INFO - Rows affected: 1
[2024-08-20T04:44:25.876+0000] {base.py:84} INFO - Retrieving connection 'books_connection'
[2024-08-20T04:44:25.880+0000] {sql.py:509} INFO - Running statement: 
    INSERT INTO books (title, authors, price, rating)
    VALUES (%s, %s, %s, %s)
    , parameters: ('Fundamentals of Data Engineering: Plan and Build Robust Data Systems', 'Joe Reis', '38.', '4.7 out of 5 stars')
[2024-08-20T04:44:25.882+0000] {sql.py:518} INFO - Rows affected: 1
[2024-08-20T04:44:25.891+0000] {base.py:84} INFO - Retrieving connection 'books_connection'
[2024-08-20T04:44:25.895+0000] {sql.py:509} INFO - Running statement: 
    INSERT INTO books (title, authors, price, rating)
    VALUES (%s, %s, %s, %s)
    , parameters: ('Data Pipelines Pocket Reference: Moving and Processing Data for Analytics', 'James Densmore', '17.', '4.5 out of 5 stars')
[2024-08-20T04:44:25.897+0000] {sql.py:518} INFO - Rows affected: 1
[2024-08-20T04:44:25.908+0000] {base.py:84} INFO - Retrieving connection 'books_connection'
[2024-08-20T04:44:25.913+0000] {sql.py:509} INFO - Running statement: 
    INSERT INTO books (title, authors, price, rating)
    VALUES (%s, %s, %s, %s)
    , parameters: ('Designing Data-Intensive Applications: The Big Ideas Behind Reliable, Scalable, and Maintainable Systems', 'Martin Kleppmann', '35.', '4.8 out of 5 stars')
[2024-08-20T04:44:25.914+0000] {sql.py:518} INFO - Rows affected: 1
[2024-08-20T04:44:25.924+0000] {base.py:84} INFO - Retrieving connection 'books_connection'
[2024-08-20T04:44:25.928+0000] {sql.py:509} INFO - Running statement: 
    INSERT INTO books (title, authors, price, rating)
    VALUES (%s, %s, %s, %s)
    , parameters: ('Data Analysis with Python and PySpark', 'Jonathan Rioux', '55.', '4.4 out of 5 stars')
[2024-08-20T04:44:25.930+0000] {sql.py:518} INFO - Rows affected: 1
[2024-08-20T04:44:25.940+0000] {base.py:84} INFO - Retrieving connection 'books_connection'
[2024-08-20T04:44:25.944+0000] {sql.py:509} INFO - Running statement: 
    INSERT INTO books (title, authors, price, rating)
    VALUES (%s, %s, %s, %s)
    , parameters: ("Azure Data Factory Cookbook - Second Edition: A data engineer's guide to building and managing ETL and ELT pipelines with data integration", 'Dmitry Foshin', '51.', '4.4 out of 5 stars')
[2024-08-20T04:44:25.947+0000] {sql.py:518} INFO - Rows affected: 1
[2024-08-20T04:44:25.956+0000] {base.py:84} INFO - Retrieving connection 'books_connection'
[2024-08-20T04:44:25.960+0000] {sql.py:509} INFO - Running statement: 
    INSERT INTO books (title, authors, price, rating)
    VALUES (%s, %s, %s, %s)
    , parameters: ('Data Engineering with dbt: A practical guide to building a cloud-based, pragmatic, and dependable data platform with SQL', 'Roberto Zagni', '37.', '4.6 out of 5 stars')
[2024-08-20T04:44:25.962+0000] {sql.py:518} INFO - Rows affected: 1
[2024-08-20T04:44:25.972+0000] {base.py:84} INFO - Retrieving connection 'books_connection'
[2024-08-20T04:44:25.977+0000] {sql.py:509} INFO - Running statement: 
    INSERT INTO books (title, authors, price, rating)
    VALUES (%s, %s, %s, %s)
    , parameters: ('Data Engineering with Python: Work with massive datasets to design data models and automate data pipelines using Python', 'Paul Crickard', '37.', '4.1 out of 5 stars')
[2024-08-20T04:44:25.978+0000] {sql.py:518} INFO - Rows affected: 1
[2024-08-20T04:44:25.988+0000] {base.py:84} INFO - Retrieving connection 'books_connection'
[2024-08-20T04:44:25.992+0000] {sql.py:509} INFO - Running statement: 
    INSERT INTO books (title, authors, price, rating)
    VALUES (%s, %s, %s, %s)
    , parameters: ('Data Engineering with Python cookbook: Learn to build efficient data pipelines using the Modern Cloud Data Stack', 'Adithyan Ramanujakootam', '29.', '5.0 out of 5 stars')
[2024-08-20T04:44:25.993+0000] {sql.py:518} INFO - Rows affected: 1
[2024-08-20T04:44:26.001+0000] {base.py:84} INFO - Retrieving connection 'books_connection'
[2024-08-20T04:44:26.005+0000] {sql.py:509} INFO - Running statement: 
    INSERT INTO books (title, authors, price, rating)
    VALUES (%s, %s, %s, %s)
    , parameters: ('Cracking the Data Engineering Interview: Land your dream job with the help of resume-building tips, over 100 mock questions, and a unique portfolio', 'Kedeisha Bryan', '26.', '4.4 out of 5 stars')
[2024-08-20T04:44:26.008+0000] {sql.py:518} INFO - Rows affected: 1
[2024-08-20T04:44:26.016+0000] {base.py:84} INFO - Retrieving connection 'books_connection'
[2024-08-20T04:44:26.020+0000] {sql.py:509} INFO - Running statement: 
    INSERT INTO books (title, authors, price, rating)
    VALUES (%s, %s, %s, %s)
    , parameters: ('Data Engineering with AWS: Learn how to design and build cloud-based data transformation pipelines using AWS', 'Gareth Eagar', '49.', '4.4 out of 5 stars')
[2024-08-20T04:44:26.022+0000] {sql.py:518} INFO - Rows affected: 1
[2024-08-20T04:44:26.031+0000] {base.py:84} INFO - Retrieving connection 'books_connection'
[2024-08-20T04:44:26.035+0000] {sql.py:509} INFO - Running statement: 
    INSERT INTO books (title, authors, price, rating)
    VALUES (%s, %s, %s, %s)
    , parameters: ('Data Engineering with Google Cloud Platform: A guide to leveling up as a data engineer by building a scalable data platform with Google Cloud', 'Adi Wijaya', '41.', '5.0 out of 5 stars')
[2024-08-20T04:44:26.037+0000] {sql.py:518} INFO - Rows affected: 1
[2024-08-20T04:44:26.046+0000] {base.py:84} INFO - Retrieving connection 'books_connection'
[2024-08-20T04:44:26.050+0000] {sql.py:509} INFO - Running statement: 
    INSERT INTO books (title, authors, price, rating)
    VALUES (%s, %s, %s, %s)
    , parameters: ('Software Engineering for Data Scientists: From Notebooks to Scalable Systems', 'Catherine Nelson', '52.', '4.5 out of 5 stars')
[2024-08-20T04:44:26.052+0000] {sql.py:518} INFO - Rows affected: 1
[2024-08-20T04:44:26.059+0000] {base.py:84} INFO - Retrieving connection 'books_connection'
[2024-08-20T04:44:26.063+0000] {sql.py:509} INFO - Running statement: 
    INSERT INTO books (title, authors, price, rating)
    VALUES (%s, %s, %s, %s)
    , parameters: ('Mastering Large Datasets with Python: Parallelize and Distribute Your Python Code', 'John T. Wolohan', '49.', '3.9 out of 5 stars')
[2024-08-20T04:44:26.064+0000] {sql.py:518} INFO - Rows affected: 1
[2024-08-20T04:44:26.077+0000] {base.py:84} INFO - Retrieving connection 'books_connection'
[2024-08-20T04:44:26.081+0000] {sql.py:509} INFO - Running statement: 
    INSERT INTO books (title, authors, price, rating)
    VALUES (%s, %s, %s, %s)
    , parameters: ('Python Data Engineering Resources: Boost Your Career With This Python Handbook; Prepare For Python Interview; Python Programming Cookbook For Beginners and Experienced; Python Data Analysis and More', 'Vajo Lukic', '9.', '4.8 out of 5 stars')
[2024-08-20T04:44:26.082+0000] {sql.py:518} INFO - Rows affected: 1
[2024-08-20T04:44:26.091+0000] {base.py:84} INFO - Retrieving connection 'books_connection'
[2024-08-20T04:44:26.094+0000] {sql.py:509} INFO - Running statement: 
    INSERT INTO books (title, authors, price, rating)
    VALUES (%s, %s, %s, %s)
    , parameters: ('Data Engineering Fundamentals for Beginners: Mastering the Art of Building, Managing, and Scaling Data Systems', 'Paperback', '14.', '5.0 out of 5 stars')
[2024-08-20T04:44:26.096+0000] {sql.py:518} INFO - Rows affected: 1
[2024-08-20T04:44:26.104+0000] {base.py:84} INFO - Retrieving connection 'books_connection'
[2024-08-20T04:44:26.108+0000] {sql.py:509} INFO - Running statement: 
    INSERT INTO books (title, authors, price, rating)
    VALUES (%s, %s, %s, %s)
    , parameters: ('Build a Career in Data Science', 'Emily Robinson', '35.', '4.6 out of 5 stars')
[2024-08-20T04:44:26.110+0000] {sql.py:518} INFO - Rows affected: 1
[2024-08-20T04:44:26.118+0000] {base.py:84} INFO - Retrieving connection 'books_connection'
[2024-08-20T04:44:26.122+0000] {sql.py:509} INFO - Running statement: 
    INSERT INTO books (title, authors, price, rating)
    VALUES (%s, %s, %s, %s)
    , parameters: ("Data: Principles To Practice - Volume 1 'Foundations': Essential Foundations: Key Concepts behind Data Architecture, Engineering and Analysis for Professionals", 'Mr Alex Holloway', '11.', '4.7 out of 5 stars')
[2024-08-20T04:44:26.124+0000] {sql.py:518} INFO - Rows affected: 1
[2024-08-20T04:44:26.132+0000] {base.py:84} INFO - Retrieving connection 'books_connection'
[2024-08-20T04:44:26.135+0000] {sql.py:509} INFO - Running statement: 
    INSERT INTO books (title, authors, price, rating)
    VALUES (%s, %s, %s, %s)
    , parameters: ('Data Observability for Data Engineering: Proactive strategies for ensuring data accuracy and addressing broken data pipelines', 'Michele Pinto', '36.', '3.7 out of 5 stars')
[2024-08-20T04:44:26.137+0000] {sql.py:518} INFO - Rows affected: 1
[2024-08-20T04:44:26.145+0000] {base.py:84} INFO - Retrieving connection 'books_connection'
[2024-08-20T04:44:26.149+0000] {sql.py:509} INFO - Running statement: 
    INSERT INTO books (title, authors, price, rating)
    VALUES (%s, %s, %s, %s)
    , parameters: ('Data Engineering with Databricks Cookbook: Build effective data and AI solutions using Apache Spark, Databricks, and Delta Lake', 'Pulkit Chadha', '42.', '4.2 out of 5 stars')
[2024-08-20T04:44:26.151+0000] {sql.py:518} INFO - Rows affected: 1
[2024-08-20T04:44:26.159+0000] {base.py:84} INFO - Retrieving connection 'books_connection'
[2024-08-20T04:44:26.163+0000] {sql.py:509} INFO - Running statement: 
    INSERT INTO books (title, authors, price, rating)
    VALUES (%s, %s, %s, %s)
    , parameters: ('Data-Driven Science and Engineering: Machine Learning, Dynamical Systems, and Control', 'Steven L. Brunton', '64.', '4.7 out of 5 stars')
[2024-08-20T04:44:26.164+0000] {sql.py:518} INFO - Rows affected: 1
[2024-08-20T04:44:26.172+0000] {base.py:84} INFO - Retrieving connection 'books_connection'
[2024-08-20T04:44:26.176+0000] {sql.py:509} INFO - Running statement: 
    INSERT INTO books (title, authors, price, rating)
    VALUES (%s, %s, %s, %s)
    , parameters: ('Data Engineering with Apache Spark, Delta Lake, and Lakehouse: Create scalable pipelines that ingest, curate, and aggregate complex data in a timely and secure way', 'Manoj Kukreja', '29.', '3.9 out of 5 stars')
[2024-08-20T04:44:26.177+0000] {sql.py:518} INFO - Rows affected: 1
[2024-08-20T04:44:26.185+0000] {base.py:84} INFO - Retrieving connection 'books_connection'
[2024-08-20T04:44:26.189+0000] {sql.py:509} INFO - Running statement: 
    INSERT INTO books (title, authors, price, rating)
    VALUES (%s, %s, %s, %s)
    , parameters: ('DATA ENGINEERING AND AI FOR BEGINNERS: Revolutionizing Data Processing and Analytics by Leveraging Artificial Intelligence for Efficient Input Collection, Storage, and Transformation (World of AI)', 'Paperback', '13.', '4.4 out of 5 stars')
[2024-08-20T04:44:26.190+0000] {sql.py:518} INFO - Rows affected: 1
[2024-08-20T04:44:26.199+0000] {base.py:84} INFO - Retrieving connection 'books_connection'
[2024-08-20T04:44:26.202+0000] {sql.py:509} INFO - Running statement: 
    INSERT INTO books (title, authors, price, rating)
    VALUES (%s, %s, %s, %s)
    , parameters: ('Data Mesh: Delivering Data-Driven Value at Scale', 'Zhamak Dehghani', '43.', '4.5 out of 5 stars')
[2024-08-20T04:44:26.204+0000] {sql.py:518} INFO - Rows affected: 1
[2024-08-20T04:44:26.212+0000] {base.py:84} INFO - Retrieving connection 'books_connection'
[2024-08-20T04:44:26.215+0000] {sql.py:509} INFO - Running statement: 
    INSERT INTO books (title, authors, price, rating)
    VALUES (%s, %s, %s, %s)
    , parameters: ('The Enterprise Data Catalog: Improve Data Discovery, Ensure Data Governance, and Enable Innovation', 'Ole Olesen-Bagneux', '31.', '4.5 out of 5 stars')
[2024-08-20T04:44:26.217+0000] {sql.py:518} INFO - Rows affected: 1
[2024-08-20T04:44:26.224+0000] {base.py:84} INFO - Retrieving connection 'books_connection'
[2024-08-20T04:44:26.228+0000] {sql.py:509} INFO - Running statement: 
    INSERT INTO books (title, authors, price, rating)
    VALUES (%s, %s, %s, %s)
    , parameters: ('Machine Learning Engineering', 'Andriy Burkov', '39.', '4.7 out of 5 stars')
[2024-08-20T04:44:26.230+0000] {sql.py:518} INFO - Rows affected: 1
[2024-08-20T04:44:26.238+0000] {base.py:84} INFO - Retrieving connection 'books_connection'
[2024-08-20T04:44:26.242+0000] {sql.py:509} INFO - Running statement: 
    INSERT INTO books (title, authors, price, rating)
    VALUES (%s, %s, %s, %s)
    , parameters: ('Data Engineering with Databricks', 'Paperback', '25.', '3.4 out of 5 stars')
[2024-08-20T04:44:26.244+0000] {sql.py:518} INFO - Rows affected: 1
[2024-08-20T04:44:26.252+0000] {base.py:84} INFO - Retrieving connection 'books_connection'
[2024-08-20T04:44:26.255+0000] {sql.py:509} INFO - Running statement: 
    INSERT INTO books (title, authors, price, rating)
    VALUES (%s, %s, %s, %s)
    , parameters: ('Modern Data Engineering with Apache Spark: A Hands-On Guide for Building Mission-Critical Streaming Applications', 'Scott Haines', '30.', '4.1 out of 5 stars')
[2024-08-20T04:44:26.257+0000] {sql.py:518} INFO - Rows affected: 1
[2024-08-20T04:44:26.265+0000] {base.py:84} INFO - Retrieving connection 'books_connection'
[2024-08-20T04:44:26.269+0000] {sql.py:509} INFO - Running statement: 
    INSERT INTO books (title, authors, price, rating)
    VALUES (%s, %s, %s, %s)
    , parameters: ('Data Modeling with Snowflake: A practical guide to accelerating Snowflake development using universal data modeling techniques', 'Serge Gershkovich', '36.', '4.8 out of 5 stars')
[2024-08-20T04:44:26.270+0000] {sql.py:518} INFO - Rows affected: 1
[2024-08-20T04:44:26.279+0000] {base.py:84} INFO - Retrieving connection 'books_connection'
[2024-08-20T04:44:26.282+0000] {sql.py:509} INFO - Running statement: 
    INSERT INTO books (title, authors, price, rating)
    VALUES (%s, %s, %s, %s)
    , parameters: ('Ace the Data Science Interview: 201 Real Interview Questions Asked By FAANG, Tech Startups, & Wall Street', 'Nick Singh', '42.', '4.5 out of 5 stars')
[2024-08-20T04:44:26.284+0000] {sql.py:518} INFO - Rows affected: 1
[2024-08-20T04:44:26.292+0000] {base.py:84} INFO - Retrieving connection 'books_connection'
[2024-08-20T04:44:26.297+0000] {sql.py:509} INFO - Running statement: 
    INSERT INTO books (title, authors, price, rating)
    VALUES (%s, %s, %s, %s)
    , parameters: ('Storytelling with Data: A Data Visualization Guide for Business Professionals', 'Cole Nussbaumer Knaflic', '27.', '4.6 out of 5 stars')
[2024-08-20T04:44:26.298+0000] {sql.py:518} INFO - Rows affected: 1
[2024-08-20T04:44:26.307+0000] {base.py:84} INFO - Retrieving connection 'books_connection'
[2024-08-20T04:44:26.311+0000] {sql.py:509} INFO - Running statement: 
    INSERT INTO books (title, authors, price, rating)
    VALUES (%s, %s, %s, %s)
    , parameters: ('Data Engineering with Google Cloud Platform: A practical guide to operationalizing scalable data analytics systems on GCP', 'Adi Wijaya', '41.', '4.7 out of 5 stars')
[2024-08-20T04:44:26.313+0000] {sql.py:518} INFO - Rows affected: 1
[2024-08-20T04:44:26.321+0000] {base.py:84} INFO - Retrieving connection 'books_connection'
[2024-08-20T04:44:26.326+0000] {sql.py:509} INFO - Running statement: 
    INSERT INTO books (title, authors, price, rating)
    VALUES (%s, %s, %s, %s)
    , parameters: ('Fundamentals of Data Analytics: Learn Essential Skills, Embrace the Future, and Catapult Your Career in the Data-Driven World—A Comprehensive Guide to Data Literacy for Beginners', 'Russell Dawson', '16.', '4.8 out of 5 stars')
[2024-08-20T04:44:26.328+0000] {sql.py:518} INFO - Rows affected: 1
[2024-08-20T04:44:26.342+0000] {base.py:84} INFO - Retrieving connection 'books_connection'
[2024-08-20T04:44:26.346+0000] {sql.py:509} INFO - Running statement: 
    INSERT INTO books (title, authors, price, rating)
    VALUES (%s, %s, %s, %s)
    , parameters: ("Data Quality Fundamentals: A Practitioner's Guide to Building Trustworthy Data Pipelines", 'Paperback', '45.', '4.1 out of 5 stars')
[2024-08-20T04:44:26.347+0000] {sql.py:518} INFO - Rows affected: 1
[2024-08-20T04:44:26.355+0000] {base.py:84} INFO - Retrieving connection 'books_connection'
[2024-08-20T04:44:26.360+0000] {sql.py:509} INFO - Running statement: 
    INSERT INTO books (title, authors, price, rating)
    VALUES (%s, %s, %s, %s)
    , parameters: ('97 Things Every Data Engineer Should Know: Collective Wisdom from the Experts', 'Audible Audiobook', '0.', '4.1 out of 5 stars')
[2024-08-20T04:44:26.361+0000] {sql.py:518} INFO - Rows affected: 1
[2024-08-20T04:44:26.371+0000] {base.py:84} INFO - Retrieving connection 'books_connection'
[2024-08-20T04:44:26.374+0000] {sql.py:509} INFO - Running statement: 
    INSERT INTO books (title, authors, price, rating)
    VALUES (%s, %s, %s, %s)
    , parameters: ('Analytics Engineering with SQL and dbt: Building Meaningful Data Models at Scale', 'Rui Pedro Machado', '41.', '3.8 out of 5 stars')
[2024-08-20T04:44:26.376+0000] {sql.py:518} INFO - Rows affected: 1
[2024-08-20T04:44:26.384+0000] {base.py:84} INFO - Retrieving connection 'books_connection'
[2024-08-20T04:44:26.389+0000] {sql.py:509} INFO - Running statement: 
    INSERT INTO books (title, authors, price, rating)
    VALUES (%s, %s, %s, %s)
    , parameters: ('Data Engineering and Data Science for Babies: Activity Workbook Part 1', 'Paperback', '9.', '4.1 out of 5 stars')
[2024-08-20T04:44:26.390+0000] {sql.py:518} INFO - Rows affected: 1
[2024-08-20T04:44:26.399+0000] {base.py:84} INFO - Retrieving connection 'books_connection'
[2024-08-20T04:44:26.402+0000] {sql.py:509} INFO - Running statement: 
    INSERT INTO books (title, authors, price, rating)
    VALUES (%s, %s, %s, %s)
    , parameters: ('Prompt Engineering for Generative AI: Future-Proof Inputs for Reliable AI Outputs', 'James Phoenix', '57.', '4.4 out of 5 stars')
[2024-08-20T04:44:26.404+0000] {sql.py:518} INFO - Rows affected: 1
[2024-08-20T04:44:26.414+0000] {base.py:84} INFO - Retrieving connection 'books_connection'
[2024-08-20T04:44:26.417+0000] {sql.py:509} INFO - Running statement: 
    INSERT INTO books (title, authors, price, rating)
    VALUES (%s, %s, %s, %s)
    , parameters: ('Azure Data Engineering Cookbook - Second Edition: Get well versed in various data engineering techniques in Azure using this recipe-based guide', 'Nagaraj Venkatesan', '51.', '3.5 out of 5 stars')
[2024-08-20T04:44:26.419+0000] {sql.py:518} INFO - Rows affected: 1
[2024-08-20T04:44:26.427+0000] {base.py:84} INFO - Retrieving connection 'books_connection'
[2024-08-20T04:44:26.430+0000] {sql.py:509} INFO - Running statement: 
    INSERT INTO books (title, authors, price, rating)
    VALUES (%s, %s, %s, %s)
    , parameters: ('The Data Warehouse Toolkit: The Definitive Guide to Dimensional Modeling', 'Paperback', '47.', '4.7 out of 5 stars')
[2024-08-20T04:44:26.432+0000] {sql.py:518} INFO - Rows affected: 1
[2024-08-20T04:44:26.440+0000] {base.py:84} INFO - Retrieving connection 'books_connection'
[2024-08-20T04:44:26.444+0000] {sql.py:509} INFO - Running statement: 
    INSERT INTO books (title, authors, price, rating)
    VALUES (%s, %s, %s, %s)
    , parameters: ('Official Google Cloud Certified Professional Data Engineer Study Guide', 'Dan Sullivan', '33.', '4.5 out of 5 stars')
[2024-08-20T04:44:26.446+0000] {sql.py:518} INFO - Rows affected: 1
[2024-08-20T04:44:26.455+0000] {base.py:84} INFO - Retrieving connection 'books_connection'
[2024-08-20T04:44:26.459+0000] {sql.py:509} INFO - Running statement: 
    INSERT INTO books (title, authors, price, rating)
    VALUES (%s, %s, %s, %s)
    , parameters: ('Python Programming and SQL: 5 books in 1 - The #1 Coding Course from Beginner to Advanced. Learn it Well & Fast (2024) (Computer Programming)', 'Paperback', '32.', '4.3 out of 5 stars')
[2024-08-20T04:44:26.460+0000] {sql.py:518} INFO - Rows affected: 1
[2024-08-20T04:44:26.468+0000] {base.py:84} INFO - Retrieving connection 'books_connection'
[2024-08-20T04:44:26.472+0000] {sql.py:509} INFO - Running statement: 
    INSERT INTO books (title, authors, price, rating)
    VALUES (%s, %s, %s, %s)
    , parameters: ('Data Engineering with Scala and Spark: A practical guide helping you build streaming and batch pipelines that process massive amounts of data using Scala', 'Eric Tome', '36.', '4.3 out of 5 stars')
[2024-08-20T04:44:26.474+0000] {sql.py:518} INFO - Rows affected: 1
[2024-08-20T04:44:26.482+0000] {base.py:84} INFO - Retrieving connection 'books_connection'
[2024-08-20T04:44:26.489+0000] {sql.py:509} INFO - Running statement: 
    INSERT INTO books (title, authors, price, rating)
    VALUES (%s, %s, %s, %s)
    , parameters: ('Data Privacy: A runbook for engineers', 'Nishant Bhajaria', '32.', '4.8 out of 5 stars')
[2024-08-20T04:44:26.491+0000] {sql.py:518} INFO - Rows affected: 1
[2024-08-20T04:44:26.500+0000] {base.py:84} INFO - Retrieving connection 'books_connection'
[2024-08-20T04:44:26.504+0000] {sql.py:509} INFO - Running statement: 
    INSERT INTO books (title, authors, price, rating)
    VALUES (%s, %s, %s, %s)
    , parameters: ('Azure Data Engineer Associate Certification Guide: A hands-on reference guide to developing your data engineering skills and preparing for the DP-203 exam', 'Newton Alex', '54.', '3.9 out of 5 stars')
[2024-08-20T04:44:26.506+0000] {sql.py:518} INFO - Rows affected: 1
[2024-08-20T04:44:26.514+0000] {base.py:84} INFO - Retrieving connection 'books_connection'
[2024-08-20T04:44:26.518+0000] {sql.py:509} INFO - Running statement: 
    INSERT INTO books (title, authors, price, rating)
    VALUES (%s, %s, %s, %s)
    , parameters: ("SQL QuickStart Guide: The Simplified Beginner's Guide to Managing, Analyzing, and Manipulating Data With SQL (Coding & Programming - QuickStart Guides)", 'Paperback', '23.', '4.6 out of 5 stars')
[2024-08-20T04:44:26.519+0000] {sql.py:518} INFO - Rows affected: 1
[2024-08-20T04:44:26.528+0000] {base.py:84} INFO - Retrieving connection 'books_connection'
[2024-08-20T04:44:26.532+0000] {sql.py:509} INFO - Running statement: 
    INSERT INTO books (title, authors, price, rating)
    VALUES (%s, %s, %s, %s)
    , parameters: ('Concepts of Generative AI and Data Engineering: Vital Concepts in Data Engineering and the World of Generative AI', 'Kindle', '29.', '5.0 out of 5 stars')
[2024-08-20T04:44:26.534+0000] {sql.py:518} INFO - Rows affected: 1
[2024-08-20T04:44:26.542+0000] {base.py:84} INFO - Retrieving connection 'books_connection'
[2024-08-20T04:44:26.546+0000] {sql.py:509} INFO - Running statement: 
    INSERT INTO books (title, authors, price, rating)
    VALUES (%s, %s, %s, %s)
    , parameters: ('Electrical engineering without prior knowledge: Understand the basics within 7 days (Become an Engineer Without Prior Knowledge)', 'Paperback', '17.', '4.4 out of 5 stars')
[2024-08-20T04:44:26.548+0000] {sql.py:518} INFO - Rows affected: 1
[2024-08-20T04:44:26.557+0000] {base.py:84} INFO - Retrieving connection 'books_connection'
[2024-08-20T04:44:26.561+0000] {sql.py:509} INFO - Running statement: 
    INSERT INTO books (title, authors, price, rating)
    VALUES (%s, %s, %s, %s)
    , parameters: ('Data Analytics, Data Visualization & Communicating Data: 3 books in 1: Learn the Processes of Data Analytics and Data Science, Create Engaging Data Visualizations, and Present Data Effectively', 'Audible Audiobook', '0.', '4.5 out of 5 stars')
[2024-08-20T04:44:26.562+0000] {sql.py:518} INFO - Rows affected: 1
[2024-08-20T04:44:26.572+0000] {base.py:84} INFO - Retrieving connection 'books_connection'
[2024-08-20T04:44:26.575+0000] {sql.py:509} INFO - Running statement: 
    INSERT INTO books (title, authors, price, rating)
    VALUES (%s, %s, %s, %s)
    , parameters: ("The Baofeng Radio Guerrilla's Bible 16 Books in 1: The Guerrilla's Comprehensive Manual: Mastering Your Baofeng Radio for Every Situation - Essential Tactics for Emergencies,Disasters,Covert Oper...", 'Paperback', '34.', '4.5 out of 5 stars')
[2024-08-20T04:44:26.577+0000] {sql.py:518} INFO - Rows affected: 1
[2024-08-20T04:44:26.586+0000] {base.py:84} INFO - Retrieving connection 'books_connection'
[2024-08-20T04:44:26.590+0000] {sql.py:509} INFO - Running statement: 
    INSERT INTO books (title, authors, price, rating)
    VALUES (%s, %s, %s, %s)
    , parameters: ('Salesforce CRM Administration Handbook: A comprehensive guide to administering, configuring, and customizing Salesforce CRM', 'Krzysztof Nowacki', '35.', '5.0 out of 5 stars')
[2024-08-20T04:44:26.592+0000] {sql.py:518} INFO - Rows affected: 1
[2024-08-20T04:44:26.601+0000] {base.py:84} INFO - Retrieving connection 'books_connection'
[2024-08-20T04:44:26.605+0000] {sql.py:509} INFO - Running statement: 
    INSERT INTO books (title, authors, price, rating)
    VALUES (%s, %s, %s, %s)
    , parameters: ('Systems Engineering Demystified - Second Edition: Apply modern, model-based systems engineering techniques to build complex systems', 'Jon Holt', '45.', '4.7 out of 5 stars')
[2024-08-20T04:44:26.606+0000] {sql.py:518} INFO - Rows affected: 1
[2024-08-20T04:44:26.615+0000] {base.py:84} INFO - Retrieving connection 'books_connection'
[2024-08-20T04:44:26.619+0000] {sql.py:509} INFO - Running statement: 
    INSERT INTO books (title, authors, price, rating)
    VALUES (%s, %s, %s, %s)
    , parameters: ('Database Internals: A Deep Dive into How Distributed Data Systems Work', 'Alex Petrov', '36.', '4.6 out of 5 stars')
[2024-08-20T04:44:26.620+0000] {sql.py:518} INFO - Rows affected: 1
[2024-08-20T04:44:26.628+0000] {base.py:84} INFO - Retrieving connection 'books_connection'
[2024-08-20T04:44:26.632+0000] {sql.py:509} INFO - Running statement: 
    INSERT INTO books (title, authors, price, rating)
    VALUES (%s, %s, %s, %s)
    , parameters: ('Machine Learning Engineering with Python - Second Edition: Manage the lifecycle of machine learning models using MLOps with practical examples', 'Andrew McMahon', '32.', '4.7 out of 5 stars')
[2024-08-20T04:44:26.633+0000] {sql.py:518} INFO - Rows affected: 1
[2024-08-20T04:44:26.641+0000] {base.py:84} INFO - Retrieving connection 'books_connection'
[2024-08-20T04:44:26.645+0000] {sql.py:509} INFO - Running statement: 
    INSERT INTO books (title, authors, price, rating)
    VALUES (%s, %s, %s, %s)
    , parameters: ('Data Science (The MIT Press Essential Knowledge series)', 'Paperback', '10.', '4.4 out of 5 stars')
[2024-08-20T04:44:26.646+0000] {sql.py:518} INFO - Rows affected: 1
[2024-08-20T04:44:26.654+0000] {base.py:84} INFO - Retrieving connection 'books_connection'
[2024-08-20T04:44:26.657+0000] {sql.py:509} INFO - Running statement: 
    INSERT INTO books (title, authors, price, rating)
    VALUES (%s, %s, %s, %s)
    , parameters: ('Engineers Survival Guide: Advice, tactics, and tricks After a decade of working at Facebook, Snapchat, and Microsoft', 'Merih Taze', '29.', '4.4 out of 5 stars')
[2024-08-20T04:44:26.659+0000] {sql.py:518} INFO - Rows affected: 1
[2024-08-20T04:44:26.667+0000] {base.py:84} INFO - Retrieving connection 'books_connection'
[2024-08-20T04:44:26.670+0000] {sql.py:509} INFO - Running statement: 
    INSERT INTO books (title, authors, price, rating)
    VALUES (%s, %s, %s, %s)
    , parameters: ('How Data Happened: A History from the Age of Reason to the Age of Algorithms', 'Chris Wiggins', '16.', '4.2 out of 5 stars')
[2024-08-20T04:44:26.672+0000] {sql.py:518} INFO - Rows affected: 1
[2024-08-20T04:44:26.680+0000] {base.py:84} INFO - Retrieving connection 'books_connection'
[2024-08-20T04:44:26.684+0000] {sql.py:509} INFO - Running statement: 
    INSERT INTO books (title, authors, price, rating)
    VALUES (%s, %s, %s, %s)
    , parameters: ("System Design Interview – An insider's guide", 'Alex Xu', '37.', '4.6 out of 5 stars')
[2024-08-20T04:44:26.685+0000] {sql.py:518} INFO - Rows affected: 1
[2024-08-20T04:44:26.693+0000] {base.py:84} INFO - Retrieving connection 'books_connection'
[2024-08-20T04:44:26.697+0000] {sql.py:509} INFO - Running statement: 
    INSERT INTO books (title, authors, price, rating)
    VALUES (%s, %s, %s, %s)
    , parameters: ('Mastering the Data Paradox: Key to Winning in the AI Age', 'Nitin Seth', '18.', '4.8 out of 5 stars')
[2024-08-20T04:44:26.699+0000] {sql.py:518} INFO - Rows affected: 1
[2024-08-20T04:44:26.708+0000] {base.py:84} INFO - Retrieving connection 'books_connection'
[2024-08-20T04:44:26.711+0000] {sql.py:509} INFO - Running statement: 
    INSERT INTO books (title, authors, price, rating)
    VALUES (%s, %s, %s, %s)
    , parameters: ('Data Science on AWS: Implementing End-to-End, Continuous AI and Machine Learning Pipelines', 'Chris Fregly', '11.', '4.5 out of 5 stars')
[2024-08-20T04:44:26.713+0000] {sql.py:518} INFO - Rows affected: 1
[2024-08-20T04:44:26.722+0000] {base.py:84} INFO - Retrieving connection 'books_connection'
[2024-08-20T04:44:26.726+0000] {sql.py:509} INFO - Running statement: 
    INSERT INTO books (title, authors, price, rating)
    VALUES (%s, %s, %s, %s)
    , parameters: ("Applied Machine Learning and AI for Engineers: Solve Business Problems That Can't Be Solved Algorithmically", 'Jeff Prosise', '55.', '4.5 out of 5 stars')
[2024-08-20T04:44:26.728+0000] {sql.py:518} INFO - Rows affected: 1
[2024-08-20T04:44:26.738+0000] {base.py:84} INFO - Retrieving connection 'books_connection'
[2024-08-20T04:44:26.742+0000] {sql.py:509} INFO - Running statement: 
    INSERT INTO books (title, authors, price, rating)
    VALUES (%s, %s, %s, %s)
    , parameters: ('Feature Engineering for Machine Learning: Principles and Techniques for Data Scientists', 'Alice Zheng', '41.', '4.4 out of 5 stars')
[2024-08-20T04:44:26.744+0000] {sql.py:518} INFO - Rows affected: 1
[2024-08-20T04:44:26.754+0000] {base.py:84} INFO - Retrieving connection 'books_connection'
[2024-08-20T04:44:26.758+0000] {sql.py:509} INFO - Running statement: 
    INSERT INTO books (title, authors, price, rating)
    VALUES (%s, %s, %s, %s)
    , parameters: ('Better Data Visualizations: A Guide for Scholars, Researchers, and Wonks', 'Jonathan Schwabish', '26.', '4.5 out of 5 stars')
[2024-08-20T04:44:26.760+0000] {sql.py:518} INFO - Rows affected: 1
[2024-08-20T04:44:26.770+0000] {base.py:84} INFO - Retrieving connection 'books_connection'
[2024-08-20T04:44:26.774+0000] {sql.py:509} INFO - Running statement: 
    INSERT INTO books (title, authors, price, rating)
    VALUES (%s, %s, %s, %s)
    , parameters: ('SQL Data Analytics Made Easy: Your Step-by-Step Guide to Unlocking Data’s Hidden Secrets: Demystify complex concepts, and harness the power of data to drive intelligent decision-making effortlessly.', 'L.D. Knowings', '14.', '4.1 out of 5 stars')
[2024-08-20T04:44:26.776+0000] {sql.py:518} INFO - Rows affected: 1
[2024-08-20T04:44:26.785+0000] {base.py:84} INFO - Retrieving connection 'books_connection'
[2024-08-20T04:44:26.790+0000] {sql.py:509} INFO - Running statement: 
    INSERT INTO books (title, authors, price, rating)
    VALUES (%s, %s, %s, %s)
    , parameters: ('The Art of Doing Science and Engineering: Learning to Learn', 'Richard W. Hamming', '19.', '4.6 out of 5 stars')
[2024-08-20T04:44:26.792+0000] {sql.py:518} INFO - Rows affected: 1
[2024-08-20T04:44:26.801+0000] {base.py:84} INFO - Retrieving connection 'books_connection'
[2024-08-20T04:44:26.805+0000] {sql.py:509} INFO - Running statement: 
    INSERT INTO books (title, authors, price, rating)
    VALUES (%s, %s, %s, %s)
    , parameters: ('A Common-Sense Guide to Data Structures and Algorithms, Second Edition: Level Up Your Core Programming Skills', 'Jay Wengrow', '39.', '4.7 out of 5 stars')
[2024-08-20T04:44:26.808+0000] {sql.py:518} INFO - Rows affected: 1
[2024-08-20T04:44:26.818+0000] {base.py:84} INFO - Retrieving connection 'books_connection'
[2024-08-20T04:44:26.822+0000] {sql.py:509} INFO - Running statement: 
    INSERT INTO books (title, authors, price, rating)
    VALUES (%s, %s, %s, %s)
    , parameters: ('Fundamentals of Data Visualization: A Primer on Making Informative and Compelling Figures', 'Claus Wilke', '49.', '4.6 out of 5 stars')
[2024-08-20T04:44:26.824+0000] {sql.py:518} INFO - Rows affected: 1
[2024-08-20T04:44:26.835+0000] {base.py:84} INFO - Retrieving connection 'books_connection'
[2024-08-20T04:44:26.839+0000] {sql.py:509} INFO - Running statement: 
    INSERT INTO books (title, authors, price, rating)
    VALUES (%s, %s, %s, %s)
    , parameters: ('Hypothesis Testing: An Intuitive Guide for Making Data Driven Decisions', 'Jim Frost', '23.', '4.5 out of 5 stars')
[2024-08-20T04:44:26.841+0000] {sql.py:518} INFO - Rows affected: 1
[2024-08-20T04:44:26.852+0000] {base.py:84} INFO - Retrieving connection 'books_connection'
[2024-08-20T04:44:26.856+0000] {sql.py:509} INFO - Running statement: 
    INSERT INTO books (title, authors, price, rating)
    VALUES (%s, %s, %s, %s)
    , parameters: ('Modeling and Simulation in Python: An Introduction for Scientists and Engineers', 'Allen B. Downey', '32.', '4.5 out of 5 stars')
[2024-08-20T04:44:26.858+0000] {sql.py:518} INFO - Rows affected: 1
[2024-08-20T04:44:26.869+0000] {base.py:84} INFO - Retrieving connection 'books_connection'
[2024-08-20T04:44:26.873+0000] {sql.py:509} INFO - Running statement: 
    INSERT INTO books (title, authors, price, rating)
    VALUES (%s, %s, %s, %s)
    , parameters: ('The Data Governance Guidebook and Playbook: By a Practitioner for Practitioners', 'Paperback', '25.', '4.3 out of 5 stars')
[2024-08-20T04:44:26.875+0000] {sql.py:518} INFO - Rows affected: 1
[2024-08-20T04:44:26.884+0000] {base.py:84} INFO - Retrieving connection 'books_connection'
[2024-08-20T04:44:26.888+0000] {sql.py:509} INFO - Running statement: 
    INSERT INTO books (title, authors, price, rating)
    VALUES (%s, %s, %s, %s)
    , parameters: ('AWS Certified Data Analytics Study Guide: Specialty (DAS-C01) Exam', 'Asif Abbasi', '31.', '4.6 out of 5 stars')
[2024-08-20T04:44:26.890+0000] {sql.py:518} INFO - Rows affected: 1
[2024-08-20T04:44:26.900+0000] {base.py:84} INFO - Retrieving connection 'books_connection'
[2024-08-20T04:44:26.904+0000] {sql.py:509} INFO - Running statement: 
    INSERT INTO books (title, authors, price, rating)
    VALUES (%s, %s, %s, %s)
    , parameters: ('50 Algorithms Every Programmer Should Know - Second Edition: An unbeatable arsenal of algorithmic solutions for real-world problems', 'Imran Ahmad', '37.', '4.4 out of 5 stars')
[2024-08-20T04:44:26.906+0000] {sql.py:518} INFO - Rows affected: 1
[2024-08-20T04:44:26.915+0000] {base.py:84} INFO - Retrieving connection 'books_connection'
[2024-08-20T04:44:26.919+0000] {sql.py:509} INFO - Running statement: 
    INSERT INTO books (title, authors, price, rating)
    VALUES (%s, %s, %s, %s)
    , parameters: ('Technology is Dead', 'Paperback', '23.', '5.0 out of 5 stars')
[2024-08-20T04:44:26.921+0000] {sql.py:518} INFO - Rows affected: 1
[2024-08-20T04:44:26.931+0000] {base.py:84} INFO - Retrieving connection 'books_connection'
[2024-08-20T04:44:26.935+0000] {sql.py:509} INFO - Running statement: 
    INSERT INTO books (title, authors, price, rating)
    VALUES (%s, %s, %s, %s)
    , parameters: ('Designing Cloud Data Platforms', 'Audible Audiobook', '0.', '4.7 out of 5 stars')
[2024-08-20T04:44:26.937+0000] {sql.py:518} INFO - Rows affected: 1
[2024-08-20T04:44:26.946+0000] {base.py:84} INFO - Retrieving connection 'books_connection'
[2024-08-20T04:44:26.950+0000] {sql.py:509} INFO - Running statement: 
    INSERT INTO books (title, authors, price, rating)
    VALUES (%s, %s, %s, %s)
    , parameters: ('Data Science: The Hard Parts: Techniques for Excelling at Data Science', 'Daniel Vaughan', '48.', '5.0 out of 5 stars')
[2024-08-20T04:44:26.952+0000] {sql.py:518} INFO - Rows affected: 1
[2024-08-20T04:44:26.961+0000] {base.py:84} INFO - Retrieving connection 'books_connection'
[2024-08-20T04:44:26.965+0000] {sql.py:509} INFO - Running statement: 
    INSERT INTO books (title, authors, price, rating)
    VALUES (%s, %s, %s, %s)
    , parameters: ('Data Management at Scale: Modern Data Architecture with Data Mesh and Data Fabric', 'Piethein Strengholt', '47.', '4.5 out of 5 stars')
[2024-08-20T04:44:26.967+0000] {sql.py:518} INFO - Rows affected: 1
[2024-08-20T04:44:26.976+0000] {base.py:84} INFO - Retrieving connection 'books_connection'
[2024-08-20T04:44:26.980+0000] {sql.py:509} INFO - Running statement: 
    INSERT INTO books (title, authors, price, rating)
    VALUES (%s, %s, %s, %s)
    , parameters: ('Practical Fraud Prevention: Fraud and AML Analytics for Fintech and eCommerce, Using SQL and Python', 'Gilit Saporta', '47.', '4.4 out of 5 stars')
[2024-08-20T04:44:26.983+0000] {sql.py:518} INFO - Rows affected: 1
[2024-08-20T04:44:26.993+0000] {base.py:84} INFO - Retrieving connection 'books_connection'
[2024-08-20T04:44:26.998+0000] {sql.py:509} INFO - Running statement: 
    INSERT INTO books (title, authors, price, rating)
    VALUES (%s, %s, %s, %s)
    , parameters: ('Data Quality Engineering in Financial Services: Applying Manufacturing Techniques to Data', 'Brian Buzzelli', '30.', '4.4 out of 5 stars')
[2024-08-20T04:44:27.000+0000] {sql.py:518} INFO - Rows affected: 1
[2024-08-20T04:44:27.009+0000] {base.py:84} INFO - Retrieving connection 'books_connection'
[2024-08-20T04:44:27.013+0000] {sql.py:509} INFO - Running statement: 
    INSERT INTO books (title, authors, price, rating)
    VALUES (%s, %s, %s, %s)
    , parameters: ('Ultimate Azure Data Engineering: Build Robust Data Engineering Systems on Azure with SQL, ETL, Data Modeling, and Power BI for Business Insights and Crack Azure Certifications (English Edition)', 'Ashish Agarwal', '39.', '5.0 out of 5 stars')
[2024-08-20T04:44:27.015+0000] {sql.py:518} INFO - Rows affected: 1
[2024-08-20T04:44:27.024+0000] {base.py:84} INFO - Retrieving connection 'books_connection'
[2024-08-20T04:44:27.029+0000] {sql.py:509} INFO - Running statement: 
    INSERT INTO books (title, authors, price, rating)
    VALUES (%s, %s, %s, %s)
    , parameters: ('Data Structures and Algorithms: 100 Interview Questions (Advanced Topics in Programming Book 2)', 'Kindle', '9.', '5.0 out of 5 stars')
[2024-08-20T04:44:27.031+0000] {sql.py:518} INFO - Rows affected: 1
[2024-08-20T04:44:27.040+0000] {base.py:84} INFO - Retrieving connection 'books_connection'
[2024-08-20T04:44:27.044+0000] {sql.py:509} INFO - Running statement: 
    INSERT INTO books (title, authors, price, rating)
    VALUES (%s, %s, %s, %s)
    , parameters: ('Data-Centric Machine Learning with Python: The ultimate guide to engineering and deploying high-quality models based on good data', 'Jonas Christensen', '49.', '4.6 out of 5 stars')
[2024-08-20T04:44:27.046+0000] {sql.py:518} INFO - Rows affected: 1
[2024-08-20T04:44:27.056+0000] {base.py:84} INFO - Retrieving connection 'books_connection'
[2024-08-20T04:44:27.060+0000] {sql.py:509} INFO - Running statement: 
    INSERT INTO books (title, authors, price, rating)
    VALUES (%s, %s, %s, %s)
    , parameters: ('Architecting Data and Machine Learning Platforms: Enable Analytics and AI-Driven Innovation in the Cloud', 'Marco Tranquillin', '37.', '4.3 out of 5 stars')
[2024-08-20T04:44:27.062+0000] {sql.py:518} INFO - Rows affected: 1
[2024-08-20T04:44:27.070+0000] {base.py:84} INFO - Retrieving connection 'books_connection'
[2024-08-20T04:44:27.075+0000] {sql.py:509} INFO - Running statement: 
    INSERT INTO books (title, authors, price, rating)
    VALUES (%s, %s, %s, %s)
    , parameters: ('Killed by a Traffic Engineer: Shattering the Delusion that Science Underlies our Transportation System', 'Wes Marshall', '33.', '4.5 out of 5 stars')
[2024-08-20T04:44:27.076+0000] {sql.py:518} INFO - Rows affected: 1
[2024-08-20T04:44:27.088+0000] {base.py:84} INFO - Retrieving connection 'books_connection'
[2024-08-20T04:44:27.092+0000] {sql.py:509} INFO - Running statement: 
    INSERT INTO books (title, authors, price, rating)
    VALUES (%s, %s, %s, %s)
    , parameters: ('Restricted Data: The History of Nuclear Secrecy in the United States', 'Alex Wellerstein', '2.', '4.7 out of 5 stars')
[2024-08-20T04:44:27.094+0000] {sql.py:518} INFO - Rows affected: 1
[2024-08-20T04:44:27.103+0000] {base.py:84} INFO - Retrieving connection 'books_connection'
[2024-08-20T04:44:27.107+0000] {sql.py:509} INFO - Running statement: 
    INSERT INTO books (title, authors, price, rating)
    VALUES (%s, %s, %s, %s)
    , parameters: ('Data Driven: Truckers, Technology, and the New Workplace Surveillance', 'Karen Levy', '21.', '4.3 out of 5 stars')
[2024-08-20T04:44:27.109+0000] {sql.py:518} INFO - Rows affected: 1
[2024-08-20T04:44:27.119+0000] {base.py:84} INFO - Retrieving connection 'books_connection'
[2024-08-20T04:44:27.123+0000] {sql.py:509} INFO - Running statement: 
    INSERT INTO books (title, authors, price, rating)
    VALUES (%s, %s, %s, %s)
    , parameters: ("Engineers' Practical Databook: A Technical Reference Guide for Students and Professionals", 'Jay Smith', '18.', '4.6 out of 5 stars')
[2024-08-20T04:44:27.125+0000] {sql.py:518} INFO - Rows affected: 1
[2024-08-20T04:44:27.133+0000] {base.py:84} INFO - Retrieving connection 'books_connection'
[2024-08-20T04:44:27.137+0000] {sql.py:509} INFO - Running statement: 
    INSERT INTO books (title, authors, price, rating)
    VALUES (%s, %s, %s, %s)
    , parameters: ('Understanding Cryptography: A Textbook for Students and Practitioners', 'Christof Paar', '29.', '4.6 out of 5 stars')
[2024-08-20T04:44:27.139+0000] {sql.py:518} INFO - Rows affected: 1
[2024-08-20T04:44:27.148+0000] {base.py:84} INFO - Retrieving connection 'books_connection'
[2024-08-20T04:44:27.152+0000] {sql.py:509} INFO - Running statement: 
    INSERT INTO books (title, authors, price, rating)
    VALUES (%s, %s, %s, %s)
    , parameters: ('Grokking Algorithms', 'Audible Audiobook', '0.', '4.6 out of 5 stars')
[2024-08-20T04:44:27.154+0000] {sql.py:518} INFO - Rows affected: 1
[2024-08-20T04:44:27.163+0000] {base.py:84} INFO - Retrieving connection 'books_connection'
[2024-08-20T04:44:27.167+0000] {sql.py:509} INFO - Running statement: 
    INSERT INTO books (title, authors, price, rating)
    VALUES (%s, %s, %s, %s)
    , parameters: ('Observability Engineering: Achieving Production Excellence', 'Charity Majors', '34.', '4.3 out of 5 stars')
[2024-08-20T04:44:27.168+0000] {sql.py:518} INFO - Rows affected: 1
[2024-08-20T04:44:27.178+0000] {base.py:84} INFO - Retrieving connection 'books_connection'
[2024-08-20T04:44:27.182+0000] {sql.py:509} INFO - Running statement: 
    INSERT INTO books (title, authors, price, rating)
    VALUES (%s, %s, %s, %s)
    , parameters: ('Python Feature Engineering Cookbook: Over 70 recipes for creating, engineering, and transforming features to build machine learning models, 2nd Edition', 'Soledad Galli', '44.', '4.4 out of 5 stars')
[2024-08-20T04:44:27.184+0000] {sql.py:518} INFO - Rows affected: 1
[2024-08-20T04:44:27.193+0000] {base.py:84} INFO - Retrieving connection 'books_connection'
[2024-08-20T04:44:27.197+0000] {sql.py:509} INFO - Running statement: 
    INSERT INTO books (title, authors, price, rating)
    VALUES (%s, %s, %s, %s)
    , parameters: ('Learning Tableau 2022 - Fifth Edition: Create effective data visualizations, build interactive visual analytics, and improve your data storytelling capabilities', 'Joshua N Milligan', '57.', '4.5 out of 5 stars')
[2024-08-20T04:44:27.198+0000] {sql.py:518} INFO - Rows affected: 1
[2024-08-20T04:44:27.207+0000] {base.py:84} INFO - Retrieving connection 'books_connection'
[2024-08-20T04:44:27.211+0000] {sql.py:509} INFO - Running statement: 
    INSERT INTO books (title, authors, price, rating)
    VALUES (%s, %s, %s, %s)
    , parameters: ('Practical Reverse Engineering: x86, x64, ARM, Windows Kernel, Reversing Tools, and Obfuscation', 'Bruce Dang', '34.', '4.6 out of 5 stars')
[2024-08-20T04:44:27.213+0000] {sql.py:518} INFO - Rows affected: 1
[2024-08-20T04:44:27.222+0000] {base.py:84} INFO - Retrieving connection 'books_connection'
[2024-08-20T04:44:27.226+0000] {sql.py:509} INFO - Running statement: 
    INSERT INTO books (title, authors, price, rating)
    VALUES (%s, %s, %s, %s)
    , parameters: ('Building ETL Pipelines with Python: Create and deploy enterprise-ready ETL pipelines by employing modern methods', 'Brij Kishore Pandey', '17.', '4.2 out of 5 stars')
[2024-08-20T04:44:27.227+0000] {sql.py:518} INFO - Rows affected: 1
[2024-08-20T04:44:27.237+0000] {base.py:84} INFO - Retrieving connection 'books_connection'
[2024-08-20T04:44:27.240+0000] {sql.py:509} INFO - Running statement: 
    INSERT INTO books (title, authors, price, rating)
    VALUES (%s, %s, %s, %s)
    , parameters: ('Mastering Databricks Lakehouse Platform: Perform Data Warehousing, Data Engineering, Machine Learning, DevOps, and BI into a Single Platform (English Edition)', 'Sagar Lad', '26.', '3.6 out of 5 stars')
[2024-08-20T04:44:27.242+0000] {sql.py:518} INFO - Rows affected: 1
[2024-08-20T04:44:27.251+0000] {base.py:84} INFO - Retrieving connection 'books_connection'
[2024-08-20T04:44:27.255+0000] {sql.py:509} INFO - Running statement: 
    INSERT INTO books (title, authors, price, rating)
    VALUES (%s, %s, %s, %s)
    , parameters: ('The Data Model Resource Book, Vol. 1: A Library of Universal Data Models for All Enterprises', 'Len Silverston', '63.', '4.3 out of 5 stars')
[2024-08-20T04:44:27.257+0000] {sql.py:518} INFO - Rows affected: 1
[2024-08-20T04:44:27.265+0000] {base.py:84} INFO - Retrieving connection 'books_connection'
[2024-08-20T04:44:27.269+0000] {sql.py:509} INFO - Running statement: 
    INSERT INTO books (title, authors, price, rating)
    VALUES (%s, %s, %s, %s)
    , parameters: ('Data Grab: The New Colonialism of Big Tech and How to Fight Back', 'Ulises A. Mejias', '21.', '5.0 out of 5 stars')
[2024-08-20T04:44:27.271+0000] {sql.py:518} INFO - Rows affected: 1
[2024-08-20T04:44:27.279+0000] {base.py:84} INFO - Retrieving connection 'books_connection'
[2024-08-20T04:44:27.283+0000] {sql.py:509} INFO - Running statement: 
    INSERT INTO books (title, authors, price, rating)
    VALUES (%s, %s, %s, %s)
    , parameters: ('The Data Model Resource Book, Vol. 2: A Library of Data Models for Specific Industries', 'Len Silverston', '68.', '4.1 out of 5 stars')
[2024-08-20T04:44:27.285+0000] {sql.py:518} INFO - Rows affected: 1
[2024-08-20T04:44:27.288+0000] {python.py:240} INFO - Done. Returned value was: None
[2024-08-20T04:44:27.300+0000] {taskinstance.py:340} INFO - ::group::Post task execution logs
[2024-08-20T04:44:27.301+0000] {taskinstance.py:352} INFO - Marking task as SUCCESS. dag_id=fetch_and_store_DE_books, task_id=insert_book_data, run_id=scheduled__2024-07-17T00:00:00+00:00, execution_date=20240717T000000, start_date=20240820T044425, end_date=20240820T044427
[2024-08-20T04:44:27.313+0000] {logging_mixin.py:190} INFO - Task instance in success state
[2024-08-20T04:44:27.313+0000] {logging_mixin.py:190} INFO -  Previous state of the Task instance: running
[2024-08-20T04:44:27.314+0000] {logging_mixin.py:190} INFO - Dag name:fetch_and_store_DE_books queued_at:2024-08-20 04:44:12.146358+00:00
[2024-08-20T04:44:27.315+0000] {logging_mixin.py:190} INFO - Task hostname:668944ed7238 operator:PythonOperator
[2024-08-20T04:44:27.340+0000] {local_task_job_runner.py:261} INFO - Task exited with return code 0
[2024-08-20T04:44:27.359+0000] {taskinstance.py:3891} INFO - 0 downstream tasks scheduled from follow-on schedule check
[2024-08-20T04:44:27.361+0000] {local_task_job_runner.py:240} INFO - ::endgroup::
