[2024-08-20T04:46:38.802+0000] {local_task_job_runner.py:123} INFO - ::group::Pre task execution logs
[2024-08-20T04:46:38.823+0000] {taskinstance.py:2603} INFO - Dependencies all met for dep_context=non-requeueable deps ti=<TaskInstance: fetch_and_store_DE_books.insert_book_data scheduled__2024-08-08T00:00:00+00:00 [queued]>
[2024-08-20T04:46:38.832+0000] {taskinstance.py:2603} INFO - Dependencies all met for dep_context=requeueable deps ti=<TaskInstance: fetch_and_store_DE_books.insert_book_data scheduled__2024-08-08T00:00:00+00:00 [queued]>
[2024-08-20T04:46:38.832+0000] {taskinstance.py:2856} INFO - Starting attempt 1 of 2
[2024-08-20T04:46:38.847+0000] {taskinstance.py:2879} INFO - Executing <Task(PythonOperator): insert_book_data> on 2024-08-08 00:00:00+00:00
[2024-08-20T04:46:38.857+0000] {warnings.py:112} WARNING - /home/***/.local/lib/python3.12/site-packages/***/task/task_runner/standard_task_runner.py:70: DeprecationWarning: This process (pid=1244) is multi-threaded, use of fork() may lead to deadlocks in the child.
  pid = os.fork()

[2024-08-20T04:46:38.859+0000] {standard_task_runner.py:72} INFO - Started process 1250 to run task
[2024-08-20T04:46:38.859+0000] {standard_task_runner.py:104} INFO - Running: ['***', 'tasks', 'run', 'fetch_and_store_DE_books', 'insert_book_data', 'scheduled__2024-08-08T00:00:00+00:00', '--job-id', '122', '--raw', '--subdir', 'DAGS_FOLDER/app.py', '--cfg-path', '/tmp/tmpl7dwo2ed']
[2024-08-20T04:46:38.860+0000] {standard_task_runner.py:105} INFO - Job 122: Subtask insert_book_data
[2024-08-20T04:46:38.911+0000] {task_command.py:467} INFO - Running <TaskInstance: fetch_and_store_DE_books.insert_book_data scheduled__2024-08-08T00:00:00+00:00 [running]> on host 668944ed7238
[2024-08-20T04:46:39.018+0000] {taskinstance.py:3122} INFO - Exporting env vars: AIRFLOW_CTX_DAG_OWNER='***' AIRFLOW_CTX_DAG_ID='fetch_and_store_DE_books' AIRFLOW_CTX_TASK_ID='insert_book_data' AIRFLOW_CTX_EXECUTION_DATE='2024-08-08T00:00:00+00:00' AIRFLOW_CTX_TRY_NUMBER='1' AIRFLOW_CTX_DAG_RUN_ID='scheduled__2024-08-08T00:00:00+00:00'
[2024-08-20T04:46:39.020+0000] {logging_mixin.py:190} INFO - Task instance is in running state
[2024-08-20T04:46:39.021+0000] {logging_mixin.py:190} INFO -  Previous state of the Task instance: queued
[2024-08-20T04:46:39.021+0000] {logging_mixin.py:190} INFO - Current task name:insert_book_data state:running start_date:2024-08-20 04:46:38.823779+00:00
[2024-08-20T04:46:39.022+0000] {logging_mixin.py:190} INFO - Dag name:fetch_and_store_DE_books and current dag run status:running
[2024-08-20T04:46:39.022+0000] {taskinstance.py:731} INFO - ::endgroup::
[2024-08-20T04:46:39.042+0000] {base.py:84} INFO - Retrieving connection 'books_connection'
[2024-08-20T04:46:39.046+0000] {sql.py:509} INFO - Running statement: 
    INSERT INTO books (title, authors, price, rating)
    VALUES (%s, %s, %s, %s)
    , parameters: ('Ace the Data Engineering Interview: Questions and Answers for Python, SQL, Data Modeling and More', 'Sean Coyne', '24.', '4.1 out of 5 stars')
[2024-08-20T04:46:39.049+0000] {sql.py:518} INFO - Rows affected: 1
[2024-08-20T04:46:39.057+0000] {base.py:84} INFO - Retrieving connection 'books_connection'
[2024-08-20T04:46:39.061+0000] {sql.py:509} INFO - Running statement: 
    INSERT INTO books (title, authors, price, rating)
    VALUES (%s, %s, %s, %s)
    , parameters: ('Data Engineering with AWS - Second Edition: Acquire the skills to design and build AWS-based data transformation pipelines like a pro', 'Gareth Eagar', '41.', '4.4 out of 5 stars')
[2024-08-20T04:46:39.063+0000] {sql.py:518} INFO - Rows affected: 1
[2024-08-20T04:46:39.070+0000] {base.py:84} INFO - Retrieving connection 'books_connection'
[2024-08-20T04:46:39.074+0000] {sql.py:509} INFO - Running statement: 
    INSERT INTO books (title, authors, price, rating)
    VALUES (%s, %s, %s, %s)
    , parameters: ('Azure Data Engineer Associate Certification Guide: Ace the DP-203 exam with advanced data engineering skills', 'Giacinto Palmieri', '39.', '4.5 out of 5 stars')
[2024-08-20T04:46:39.076+0000] {sql.py:518} INFO - Rows affected: 1
[2024-08-20T04:46:39.083+0000] {base.py:84} INFO - Retrieving connection 'books_connection'
[2024-08-20T04:46:39.086+0000] {sql.py:509} INFO - Running statement: 
    INSERT INTO books (title, authors, price, rating)
    VALUES (%s, %s, %s, %s)
    , parameters: ('Data Engineering 101', 'Paperback', '22.', '5.0 out of 5 stars')
[2024-08-20T04:46:39.088+0000] {sql.py:518} INFO - Rows affected: 1
[2024-08-20T04:46:39.095+0000] {base.py:84} INFO - Retrieving connection 'books_connection'
[2024-08-20T04:46:39.099+0000] {sql.py:509} INFO - Running statement: 
    INSERT INTO books (title, authors, price, rating)
    VALUES (%s, %s, %s, %s)
    , parameters: ('Fundamentals of Data Engineering: Plan and Build Robust Data Systems', 'Joe Reis', '38.', '4.7 out of 5 stars')
[2024-08-20T04:46:39.100+0000] {sql.py:518} INFO - Rows affected: 1
[2024-08-20T04:46:39.108+0000] {base.py:84} INFO - Retrieving connection 'books_connection'
[2024-08-20T04:46:39.112+0000] {sql.py:509} INFO - Running statement: 
    INSERT INTO books (title, authors, price, rating)
    VALUES (%s, %s, %s, %s)
    , parameters: ('Data Pipelines Pocket Reference: Moving and Processing Data for Analytics', 'James Densmore', '17.', '4.5 out of 5 stars')
[2024-08-20T04:46:39.114+0000] {sql.py:518} INFO - Rows affected: 1
[2024-08-20T04:46:39.122+0000] {base.py:84} INFO - Retrieving connection 'books_connection'
[2024-08-20T04:46:39.125+0000] {sql.py:509} INFO - Running statement: 
    INSERT INTO books (title, authors, price, rating)
    VALUES (%s, %s, %s, %s)
    , parameters: ('Fundamentals of Data Analytics: Learn Essential Skills, Embrace the Future, and Catapult Your Career in the Data-Driven World—A Comprehensive Guide to Data Literacy for Beginners', 'Russell Dawson', '16.', '4.8 out of 5 stars')
[2024-08-20T04:46:39.127+0000] {sql.py:518} INFO - Rows affected: 1
[2024-08-20T04:46:39.134+0000] {base.py:84} INFO - Retrieving connection 'books_connection'
[2024-08-20T04:46:39.138+0000] {sql.py:509} INFO - Running statement: 
    INSERT INTO books (title, authors, price, rating)
    VALUES (%s, %s, %s, %s)
    , parameters: ("Azure Data Factory Cookbook - Second Edition: A data engineer's guide to building and managing ETL and ELT pipelines with data integration", 'Dmitry Foshin', '51.', '4.4 out of 5 stars')
[2024-08-20T04:46:39.139+0000] {sql.py:518} INFO - Rows affected: 1
[2024-08-20T04:46:39.149+0000] {base.py:84} INFO - Retrieving connection 'books_connection'
[2024-08-20T04:46:39.152+0000] {sql.py:509} INFO - Running statement: 
    INSERT INTO books (title, authors, price, rating)
    VALUES (%s, %s, %s, %s)
    , parameters: ('Data Analysis with Python and PySpark', 'Jonathan Rioux', '55.', '4.4 out of 5 stars')
[2024-08-20T04:46:39.154+0000] {sql.py:518} INFO - Rows affected: 1
[2024-08-20T04:46:39.163+0000] {base.py:84} INFO - Retrieving connection 'books_connection'
[2024-08-20T04:46:39.168+0000] {sql.py:509} INFO - Running statement: 
    INSERT INTO books (title, authors, price, rating)
    VALUES (%s, %s, %s, %s)
    , parameters: ('Designing Data-Intensive Applications: The Big Ideas Behind Reliable, Scalable, and Maintainable Systems', 'Martin Kleppmann', '35.', '4.8 out of 5 stars')
[2024-08-20T04:46:39.169+0000] {sql.py:518} INFO - Rows affected: 1
[2024-08-20T04:46:39.179+0000] {base.py:84} INFO - Retrieving connection 'books_connection'
[2024-08-20T04:46:39.183+0000] {sql.py:509} INFO - Running statement: 
    INSERT INTO books (title, authors, price, rating)
    VALUES (%s, %s, %s, %s)
    , parameters: ('Data Engineering with Python: Work with massive datasets to design data models and automate data pipelines using Python', 'Paul Crickard', '37.', '4.1 out of 5 stars')
[2024-08-20T04:46:39.185+0000] {sql.py:518} INFO - Rows affected: 1
[2024-08-20T04:46:39.194+0000] {base.py:84} INFO - Retrieving connection 'books_connection'
[2024-08-20T04:46:39.198+0000] {sql.py:509} INFO - Running statement: 
    INSERT INTO books (title, authors, price, rating)
    VALUES (%s, %s, %s, %s)
    , parameters: ('Data Engineering with Python cookbook: Learn to build efficient data pipelines using the Modern Cloud Data Stack', 'Adithyan Ramanujakootam', '29.', '5.0 out of 5 stars')
[2024-08-20T04:46:39.199+0000] {sql.py:518} INFO - Rows affected: 1
[2024-08-20T04:46:39.209+0000] {base.py:84} INFO - Retrieving connection 'books_connection'
[2024-08-20T04:46:39.214+0000] {sql.py:509} INFO - Running statement: 
    INSERT INTO books (title, authors, price, rating)
    VALUES (%s, %s, %s, %s)
    , parameters: ('Cracking the Data Engineering Interview: Land your dream job with the help of resume-building tips, over 100 mock questions, and a unique portfolio', 'Kedeisha Bryan', '26.', '4.4 out of 5 stars')
[2024-08-20T04:46:39.215+0000] {sql.py:518} INFO - Rows affected: 1
[2024-08-20T04:46:39.225+0000] {base.py:84} INFO - Retrieving connection 'books_connection'
[2024-08-20T04:46:39.228+0000] {sql.py:509} INFO - Running statement: 
    INSERT INTO books (title, authors, price, rating)
    VALUES (%s, %s, %s, %s)
    , parameters: ('Data Engineering with AWS: Learn how to design and build cloud-based data transformation pipelines using AWS', 'Gareth Eagar', '49.', '4.4 out of 5 stars')
[2024-08-20T04:46:39.230+0000] {sql.py:518} INFO - Rows affected: 1
[2024-08-20T04:46:39.238+0000] {base.py:84} INFO - Retrieving connection 'books_connection'
[2024-08-20T04:46:39.242+0000] {sql.py:509} INFO - Running statement: 
    INSERT INTO books (title, authors, price, rating)
    VALUES (%s, %s, %s, %s)
    , parameters: ('Data Engineering with Google Cloud Platform: A guide to leveling up as a data engineer by building a scalable data platform with Google Cloud', 'Adi Wijaya', '41.', '5.0 out of 5 stars')
[2024-08-20T04:46:39.244+0000] {sql.py:518} INFO - Rows affected: 1
[2024-08-20T04:46:39.252+0000] {base.py:84} INFO - Retrieving connection 'books_connection'
[2024-08-20T04:46:39.256+0000] {sql.py:509} INFO - Running statement: 
    INSERT INTO books (title, authors, price, rating)
    VALUES (%s, %s, %s, %s)
    , parameters: ('Data Engineering with dbt: A practical guide to building a cloud-based, pragmatic, and dependable data platform with SQL', 'Roberto Zagni', '37.', '4.6 out of 5 stars')
[2024-08-20T04:46:39.258+0000] {sql.py:518} INFO - Rows affected: 1
[2024-08-20T04:46:39.272+0000] {base.py:84} INFO - Retrieving connection 'books_connection'
[2024-08-20T04:46:39.276+0000] {sql.py:509} INFO - Running statement: 
    INSERT INTO books (title, authors, price, rating)
    VALUES (%s, %s, %s, %s)
    , parameters: ("Data: Principles To Practice - Volume 1 'Foundations': Essential Foundations: Key Concepts behind Data Architecture, Engineering and Analysis for Professionals", 'Mr Alex Holloway', '11.', '4.7 out of 5 stars')
[2024-08-20T04:46:39.277+0000] {sql.py:518} INFO - Rows affected: 1
[2024-08-20T04:46:39.285+0000] {base.py:84} INFO - Retrieving connection 'books_connection'
[2024-08-20T04:46:39.289+0000] {sql.py:509} INFO - Running statement: 
    INSERT INTO books (title, authors, price, rating)
    VALUES (%s, %s, %s, %s)
    , parameters: ('Driving Data Quality with Data Contracts: A comprehensive guide to building reliable, trusted, and effective data platforms', 'Andrew Jones', '28.', '4.6 out of 5 stars')
[2024-08-20T04:46:39.291+0000] {sql.py:518} INFO - Rows affected: 1
[2024-08-20T04:46:39.299+0000] {base.py:84} INFO - Retrieving connection 'books_connection'
[2024-08-20T04:46:39.303+0000] {sql.py:509} INFO - Running statement: 
    INSERT INTO books (title, authors, price, rating)
    VALUES (%s, %s, %s, %s)
    , parameters: ('Data Privacy: A runbook for engineers', 'Nishant Bhajaria', '32.', '4.8 out of 5 stars')
[2024-08-20T04:46:39.304+0000] {sql.py:518} INFO - Rows affected: 1
[2024-08-20T04:46:39.313+0000] {base.py:84} INFO - Retrieving connection 'books_connection'
[2024-08-20T04:46:39.317+0000] {sql.py:509} INFO - Running statement: 
    INSERT INTO books (title, authors, price, rating)
    VALUES (%s, %s, %s, %s)
    , parameters: ('Joyful Infographics: A Friendly, Human Approach to Data (AK Peters Visualization Series)', 'Paperback', '29.', '4.4 out of 5 stars')
[2024-08-20T04:46:39.319+0000] {sql.py:518} INFO - Rows affected: 1
[2024-08-20T04:46:39.329+0000] {base.py:84} INFO - Retrieving connection 'books_connection'
[2024-08-20T04:46:39.333+0000] {sql.py:509} INFO - Running statement: 
    INSERT INTO books (title, authors, price, rating)
    VALUES (%s, %s, %s, %s)
    , parameters: ('Software Engineering for Data Scientists: From Notebooks to Scalable Systems', 'Catherine Nelson', '52.', '4.5 out of 5 stars')
[2024-08-20T04:46:39.335+0000] {sql.py:518} INFO - Rows affected: 1
[2024-08-20T04:46:39.345+0000] {base.py:84} INFO - Retrieving connection 'books_connection'
[2024-08-20T04:46:39.349+0000] {sql.py:509} INFO - Running statement: 
    INSERT INTO books (title, authors, price, rating)
    VALUES (%s, %s, %s, %s)
    , parameters: ('Data Engineering with Databricks Cookbook: Build effective data and AI solutions using Apache Spark, Databricks, and Delta Lake', 'Pulkit Chadha', '42.', '4.2 out of 5 stars')
[2024-08-20T04:46:39.350+0000] {sql.py:518} INFO - Rows affected: 1
[2024-08-20T04:46:39.360+0000] {base.py:84} INFO - Retrieving connection 'books_connection'
[2024-08-20T04:46:39.364+0000] {sql.py:509} INFO - Running statement: 
    INSERT INTO books (title, authors, price, rating)
    VALUES (%s, %s, %s, %s)
    , parameters: ('Data-Driven Science and Engineering: Machine Learning, Dynamical Systems, and Control', 'Steven L. Brunton', '64.', '4.7 out of 5 stars')
[2024-08-20T04:46:39.366+0000] {sql.py:518} INFO - Rows affected: 1
[2024-08-20T04:46:39.376+0000] {base.py:84} INFO - Retrieving connection 'books_connection'
[2024-08-20T04:46:39.381+0000] {sql.py:509} INFO - Running statement: 
    INSERT INTO books (title, authors, price, rating)
    VALUES (%s, %s, %s, %s)
    , parameters: ('Data Engineering with Apache Spark, Delta Lake, and Lakehouse: Create scalable pipelines that ingest, curate, and aggregate complex data in a timely and secure way', 'Manoj Kukreja', '29.', '3.9 out of 5 stars')
[2024-08-20T04:46:39.382+0000] {sql.py:518} INFO - Rows affected: 1
[2024-08-20T04:46:39.394+0000] {base.py:84} INFO - Retrieving connection 'books_connection'
[2024-08-20T04:46:39.398+0000] {sql.py:509} INFO - Running statement: 
    INSERT INTO books (title, authors, price, rating)
    VALUES (%s, %s, %s, %s)
    , parameters: ('Data Engineering Fundamentals for Beginners: Mastering the Art of Building, Managing, and Scaling Data Systems', 'Paperback', '14.', '5.0 out of 5 stars')
[2024-08-20T04:46:39.400+0000] {sql.py:518} INFO - Rows affected: 1
[2024-08-20T04:46:39.409+0000] {base.py:84} INFO - Retrieving connection 'books_connection'
[2024-08-20T04:46:39.413+0000] {sql.py:509} INFO - Running statement: 
    INSERT INTO books (title, authors, price, rating)
    VALUES (%s, %s, %s, %s)
    , parameters: ('Build a Career in Data Science', 'Emily Robinson', '35.', '4.6 out of 5 stars')
[2024-08-20T04:46:39.415+0000] {sql.py:518} INFO - Rows affected: 1
[2024-08-20T04:46:39.423+0000] {base.py:84} INFO - Retrieving connection 'books_connection'
[2024-08-20T04:46:39.427+0000] {sql.py:509} INFO - Running statement: 
    INSERT INTO books (title, authors, price, rating)
    VALUES (%s, %s, %s, %s)
    , parameters: ('DATA ENGINEERING AND AI FOR BEGINNERS: Revolutionizing Data Processing and Analytics by Leveraging Artificial Intelligence for Efficient Input Collection, Storage, and Transformation (World of AI)', 'Paperback', '13.', '4.4 out of 5 stars')
[2024-08-20T04:46:39.429+0000] {sql.py:518} INFO - Rows affected: 1
[2024-08-20T04:46:39.437+0000] {base.py:84} INFO - Retrieving connection 'books_connection'
[2024-08-20T04:46:39.443+0000] {sql.py:509} INFO - Running statement: 
    INSERT INTO books (title, authors, price, rating)
    VALUES (%s, %s, %s, %s)
    , parameters: ('Data Mesh: Delivering Data-Driven Value at Scale', 'Zhamak Dehghani', '43.', '4.5 out of 5 stars')
[2024-08-20T04:46:39.445+0000] {sql.py:518} INFO - Rows affected: 1
[2024-08-20T04:46:39.453+0000] {base.py:84} INFO - Retrieving connection 'books_connection'
[2024-08-20T04:46:39.457+0000] {sql.py:509} INFO - Running statement: 
    INSERT INTO books (title, authors, price, rating)
    VALUES (%s, %s, %s, %s)
    , parameters: ('The Enterprise Data Catalog: Improve Data Discovery, Ensure Data Governance, and Enable Innovation', 'Ole Olesen-Bagneux', '31.', '4.5 out of 5 stars')
[2024-08-20T04:46:39.458+0000] {sql.py:518} INFO - Rows affected: 1
[2024-08-20T04:46:39.468+0000] {base.py:84} INFO - Retrieving connection 'books_connection'
[2024-08-20T04:46:39.472+0000] {sql.py:509} INFO - Running statement: 
    INSERT INTO books (title, authors, price, rating)
    VALUES (%s, %s, %s, %s)
    , parameters: ('Machine Learning Engineering', 'Andriy Burkov', '39.', '4.7 out of 5 stars')
[2024-08-20T04:46:39.473+0000] {sql.py:518} INFO - Rows affected: 1
[2024-08-20T04:46:39.481+0000] {base.py:84} INFO - Retrieving connection 'books_connection'
[2024-08-20T04:46:39.485+0000] {sql.py:509} INFO - Running statement: 
    INSERT INTO books (title, authors, price, rating)
    VALUES (%s, %s, %s, %s)
    , parameters: ('Data Modeling with Snowflake: A practical guide to accelerating Snowflake development using universal data modeling techniques', 'Serge Gershkovich', '36.', '4.8 out of 5 stars')
[2024-08-20T04:46:39.487+0000] {sql.py:518} INFO - Rows affected: 1
[2024-08-20T04:46:39.496+0000] {base.py:84} INFO - Retrieving connection 'books_connection'
[2024-08-20T04:46:39.500+0000] {sql.py:509} INFO - Running statement: 
    INSERT INTO books (title, authors, price, rating)
    VALUES (%s, %s, %s, %s)
    , parameters: ('Data Engineering with Databricks', 'Paperback', '25.', '3.4 out of 5 stars')
[2024-08-20T04:46:39.502+0000] {sql.py:518} INFO - Rows affected: 1
[2024-08-20T04:46:39.514+0000] {base.py:84} INFO - Retrieving connection 'books_connection'
[2024-08-20T04:46:39.519+0000] {sql.py:509} INFO - Running statement: 
    INSERT INTO books (title, authors, price, rating)
    VALUES (%s, %s, %s, %s)
    , parameters: ('Modern Data Engineering with Apache Spark: A Hands-On Guide for Building Mission-Critical Streaming Applications', 'Scott Haines', '30.', '4.1 out of 5 stars')
[2024-08-20T04:46:39.520+0000] {sql.py:518} INFO - Rows affected: 1
[2024-08-20T04:46:39.532+0000] {base.py:84} INFO - Retrieving connection 'books_connection'
[2024-08-20T04:46:39.538+0000] {sql.py:509} INFO - Running statement: 
    INSERT INTO books (title, authors, price, rating)
    VALUES (%s, %s, %s, %s)
    , parameters: ('Ace the Data Science Interview: 201 Real Interview Questions Asked By FAANG, Tech Startups, & Wall Street', 'Nick Singh', '42.', '4.5 out of 5 stars')
[2024-08-20T04:46:39.540+0000] {sql.py:518} INFO - Rows affected: 1
[2024-08-20T04:46:39.551+0000] {base.py:84} INFO - Retrieving connection 'books_connection'
[2024-08-20T04:46:39.556+0000] {sql.py:509} INFO - Running statement: 
    INSERT INTO books (title, authors, price, rating)
    VALUES (%s, %s, %s, %s)
    , parameters: ("Data Quality Fundamentals: A Practitioner's Guide to Building Trustworthy Data Pipelines", 'Paperback', '45.', '4.1 out of 5 stars')
[2024-08-20T04:46:39.557+0000] {sql.py:518} INFO - Rows affected: 1
[2024-08-20T04:46:39.566+0000] {base.py:84} INFO - Retrieving connection 'books_connection'
[2024-08-20T04:46:39.570+0000] {sql.py:509} INFO - Running statement: 
    INSERT INTO books (title, authors, price, rating)
    VALUES (%s, %s, %s, %s)
    , parameters: ('Storytelling with Data: A Data Visualization Guide for Business Professionals', 'Cole Nussbaumer Knaflic', '27.', '4.6 out of 5 stars')
[2024-08-20T04:46:39.572+0000] {sql.py:518} INFO - Rows affected: 1
[2024-08-20T04:46:39.582+0000] {base.py:84} INFO - Retrieving connection 'books_connection'
[2024-08-20T04:46:39.587+0000] {sql.py:509} INFO - Running statement: 
    INSERT INTO books (title, authors, price, rating)
    VALUES (%s, %s, %s, %s)
    , parameters: ('97 Things Every Data Engineer Should Know: Collective Wisdom from the Experts', 'Audible Audiobook', '0.', '4.1 out of 5 stars')
[2024-08-20T04:46:39.589+0000] {sql.py:518} INFO - Rows affected: 1
[2024-08-20T04:46:39.598+0000] {base.py:84} INFO - Retrieving connection 'books_connection'
[2024-08-20T04:46:39.602+0000] {sql.py:509} INFO - Running statement: 
    INSERT INTO books (title, authors, price, rating)
    VALUES (%s, %s, %s, %s)
    , parameters: ('Data Engineering with Google Cloud Platform: A practical guide to operationalizing scalable data analytics systems on GCP', 'Adi Wijaya', '41.', '4.7 out of 5 stars')
[2024-08-20T04:46:39.604+0000] {sql.py:518} INFO - Rows affected: 1
[2024-08-20T04:46:39.613+0000] {base.py:84} INFO - Retrieving connection 'books_connection'
[2024-08-20T04:46:39.618+0000] {sql.py:509} INFO - Running statement: 
    INSERT INTO books (title, authors, price, rating)
    VALUES (%s, %s, %s, %s)
    , parameters: ('Prompt Engineering for Generative AI: Future-Proof Inputs for Reliable AI Outputs', 'James Phoenix', '57.', '4.4 out of 5 stars')
[2024-08-20T04:46:39.620+0000] {sql.py:518} INFO - Rows affected: 1
[2024-08-20T04:46:39.629+0000] {base.py:84} INFO - Retrieving connection 'books_connection'
[2024-08-20T04:46:39.633+0000] {sql.py:509} INFO - Running statement: 
    INSERT INTO books (title, authors, price, rating)
    VALUES (%s, %s, %s, %s)
    , parameters: ('Analytics Engineering with SQL and dbt: Building Meaningful Data Models at Scale', 'Rui Pedro Machado', '41.', '3.8 out of 5 stars')
[2024-08-20T04:46:39.635+0000] {sql.py:518} INFO - Rows affected: 1
[2024-08-20T04:46:39.643+0000] {base.py:84} INFO - Retrieving connection 'books_connection'
[2024-08-20T04:46:39.647+0000] {sql.py:509} INFO - Running statement: 
    INSERT INTO books (title, authors, price, rating)
    VALUES (%s, %s, %s, %s)
    , parameters: ('Data Observability for Data Engineering: Proactive strategies for ensuring data accuracy and addressing broken data pipelines', 'Michele Pinto', '18.', '3.7 out of 5 stars')
[2024-08-20T04:46:39.648+0000] {sql.py:518} INFO - Rows affected: 1
[2024-08-20T04:46:39.658+0000] {base.py:84} INFO - Retrieving connection 'books_connection'
[2024-08-20T04:46:39.662+0000] {sql.py:509} INFO - Running statement: 
    INSERT INTO books (title, authors, price, rating)
    VALUES (%s, %s, %s, %s)
    , parameters: ('Azure Data Engineering Cookbook - Second Edition: Get well versed in various data engineering techniques in Azure using this recipe-based guide', 'Nagaraj Venkatesan', '51.', '3.5 out of 5 stars')
[2024-08-20T04:46:39.663+0000] {sql.py:518} INFO - Rows affected: 1
[2024-08-20T04:46:39.672+0000] {base.py:84} INFO - Retrieving connection 'books_connection'
[2024-08-20T04:46:39.677+0000] {sql.py:509} INFO - Running statement: 
    INSERT INTO books (title, authors, price, rating)
    VALUES (%s, %s, %s, %s)
    , parameters: ('Python Programming and SQL: 5 books in 1 - The #1 Coding Course from Beginner to Advanced. Learn it Well & Fast (2024) (Computer Programming)', 'Paperback', '32.', '4.3 out of 5 stars')
[2024-08-20T04:46:39.678+0000] {sql.py:518} INFO - Rows affected: 1
[2024-08-20T04:46:39.687+0000] {base.py:84} INFO - Retrieving connection 'books_connection'
[2024-08-20T04:46:39.691+0000] {sql.py:509} INFO - Running statement: 
    INSERT INTO books (title, authors, price, rating)
    VALUES (%s, %s, %s, %s)
    , parameters: ('The Data Warehouse Toolkit: The Definitive Guide to Dimensional Modeling', 'Paperback', '47.', '4.7 out of 5 stars')
[2024-08-20T04:46:39.693+0000] {sql.py:518} INFO - Rows affected: 1
[2024-08-20T04:46:39.703+0000] {base.py:84} INFO - Retrieving connection 'books_connection'
[2024-08-20T04:46:39.707+0000] {sql.py:509} INFO - Running statement: 
    INSERT INTO books (title, authors, price, rating)
    VALUES (%s, %s, %s, %s)
    , parameters: ('Official Google Cloud Certified Professional Data Engineer Study Guide', 'Dan Sullivan', '33.', '4.5 out of 5 stars')
[2024-08-20T04:46:39.709+0000] {sql.py:518} INFO - Rows affected: 1
[2024-08-20T04:46:39.719+0000] {base.py:84} INFO - Retrieving connection 'books_connection'
[2024-08-20T04:46:39.724+0000] {sql.py:509} INFO - Running statement: 
    INSERT INTO books (title, authors, price, rating)
    VALUES (%s, %s, %s, %s)
    , parameters: ('Azure Data Engineer Associate Certification Guide: A hands-on reference guide to developing your data engineering skills and preparing for the DP-203 exam', 'Newton Alex', '54.', '3.9 out of 5 stars')
[2024-08-20T04:46:39.726+0000] {sql.py:518} INFO - Rows affected: 1
[2024-08-20T04:46:39.736+0000] {base.py:84} INFO - Retrieving connection 'books_connection'
[2024-08-20T04:46:39.741+0000] {sql.py:509} INFO - Running statement: 
    INSERT INTO books (title, authors, price, rating)
    VALUES (%s, %s, %s, %s)
    , parameters: ('Data Engineering with Scala and Spark: A practical guide helping you build streaming and batch pipelines that process massive amounts of data using Scala', 'Eric Tome', '36.', '4.3 out of 5 stars')
[2024-08-20T04:46:39.743+0000] {sql.py:518} INFO - Rows affected: 1
[2024-08-20T04:46:39.753+0000] {base.py:84} INFO - Retrieving connection 'books_connection'
[2024-08-20T04:46:39.759+0000] {sql.py:509} INFO - Running statement: 
    INSERT INTO books (title, authors, price, rating)
    VALUES (%s, %s, %s, %s)
    , parameters: ('Learning Spark: Lightning-Fast Data Analytics', 'Jules S. Damji', '43.', '4.7 out of 5 stars')
[2024-08-20T04:46:39.760+0000] {sql.py:518} INFO - Rows affected: 1
[2024-08-20T04:46:39.773+0000] {base.py:84} INFO - Retrieving connection 'books_connection'
[2024-08-20T04:46:39.778+0000] {sql.py:509} INFO - Running statement: 
    INSERT INTO books (title, authors, price, rating)
    VALUES (%s, %s, %s, %s)
    , parameters: ('Data Engineering and Data Science for Babies: Activity Workbook Part 1', 'Paperback', '9.', '4.1 out of 5 stars')
[2024-08-20T04:46:39.781+0000] {sql.py:518} INFO - Rows affected: 1
[2024-08-20T04:46:39.790+0000] {base.py:84} INFO - Retrieving connection 'books_connection'
[2024-08-20T04:46:39.796+0000] {sql.py:509} INFO - Running statement: 
    INSERT INTO books (title, authors, price, rating)
    VALUES (%s, %s, %s, %s)
    , parameters: ('Electrical engineering without prior knowledge: Understand the basics within 7 days (Become an Engineer Without Prior Knowledge)', 'Paperback', '17.', '4.4 out of 5 stars')
[2024-08-20T04:46:39.798+0000] {sql.py:518} INFO - Rows affected: 1
[2024-08-20T04:46:39.807+0000] {base.py:84} INFO - Retrieving connection 'books_connection'
[2024-08-20T04:46:39.811+0000] {sql.py:509} INFO - Running statement: 
    INSERT INTO books (title, authors, price, rating)
    VALUES (%s, %s, %s, %s)
    , parameters: ("SQL QuickStart Guide: The Simplified Beginner's Guide to Managing, Analyzing, and Manipulating Data With SQL (Coding & Programming - QuickStart Guides)", 'Paperback', '18.', '4.6 out of 5 stars')
[2024-08-20T04:46:39.814+0000] {sql.py:518} INFO - Rows affected: 1
[2024-08-20T04:46:39.824+0000] {base.py:84} INFO - Retrieving connection 'books_connection'
[2024-08-20T04:46:39.828+0000] {sql.py:509} INFO - Running statement: 
    INSERT INTO books (title, authors, price, rating)
    VALUES (%s, %s, %s, %s)
    , parameters: ('Concepts of Generative AI and Data Engineering: Vital Concepts in Data Engineering and the World of Generative AI', 'Kindle', '29.', '5.0 out of 5 stars')
[2024-08-20T04:46:39.830+0000] {sql.py:518} INFO - Rows affected: 1
[2024-08-20T04:46:39.840+0000] {base.py:84} INFO - Retrieving connection 'books_connection'
[2024-08-20T04:46:39.845+0000] {sql.py:509} INFO - Running statement: 
    INSERT INTO books (title, authors, price, rating)
    VALUES (%s, %s, %s, %s)
    , parameters: ('Data Analytics, Data Visualization & Communicating Data: 3 books in 1: Learn the Processes of Data Analytics and Data Science, Create Engaging Data Visualizations, and Present Data Effectively', 'Audible Audiobook', '0.', '4.5 out of 5 stars')
[2024-08-20T04:46:39.848+0000] {sql.py:518} INFO - Rows affected: 1
[2024-08-20T04:46:39.858+0000] {base.py:84} INFO - Retrieving connection 'books_connection'
[2024-08-20T04:46:39.862+0000] {sql.py:509} INFO - Running statement: 
    INSERT INTO books (title, authors, price, rating)
    VALUES (%s, %s, %s, %s)
    , parameters: ('Systems Engineering Demystified - Second Edition: Apply modern, model-based systems engineering techniques to build complex systems', 'Jon Holt', '45.', '4.7 out of 5 stars')
[2024-08-20T04:46:39.864+0000] {sql.py:518} INFO - Rows affected: 1
[2024-08-20T04:46:39.874+0000] {base.py:84} INFO - Retrieving connection 'books_connection'
[2024-08-20T04:46:39.879+0000] {sql.py:509} INFO - Running statement: 
    INSERT INTO books (title, authors, price, rating)
    VALUES (%s, %s, %s, %s)
    , parameters: ('Salesforce CRM Administration Handbook: A comprehensive guide to administering, configuring, and customizing Salesforce CRM', 'Krzysztof Nowacki', '35.', '5.0 out of 5 stars')
[2024-08-20T04:46:39.883+0000] {sql.py:518} INFO - Rows affected: 1
[2024-08-20T04:46:39.895+0000] {base.py:84} INFO - Retrieving connection 'books_connection'
[2024-08-20T04:46:39.899+0000] {sql.py:509} INFO - Running statement: 
    INSERT INTO books (title, authors, price, rating)
    VALUES (%s, %s, %s, %s)
    , parameters: ('Learning Tableau 2022 - Fifth Edition: Create effective data visualizations, build interactive visual analytics, and improve your data storytelling capabilities', 'Joshua N Milligan', '57.', '4.5 out of 5 stars')
[2024-08-20T04:46:39.901+0000] {sql.py:518} INFO - Rows affected: 1
[2024-08-20T04:46:39.911+0000] {base.py:84} INFO - Retrieving connection 'books_connection'
[2024-08-20T04:46:39.916+0000] {sql.py:509} INFO - Running statement: 
    INSERT INTO books (title, authors, price, rating)
    VALUES (%s, %s, %s, %s)
    , parameters: ('Better Data Visualizations: A Guide for Scholars, Researchers, and Wonks', 'Jonathan Schwabish', '26.', '4.5 out of 5 stars')
[2024-08-20T04:46:39.918+0000] {sql.py:518} INFO - Rows affected: 1
[2024-08-20T04:46:39.930+0000] {base.py:84} INFO - Retrieving connection 'books_connection'
[2024-08-20T04:46:39.933+0000] {sql.py:509} INFO - Running statement: 
    INSERT INTO books (title, authors, price, rating)
    VALUES (%s, %s, %s, %s)
    , parameters: ('Restricted Data: The History of Nuclear Secrecy in the United States', 'Alex Wellerstein', '2.', '4.7 out of 5 stars')
[2024-08-20T04:46:39.938+0000] {sql.py:518} INFO - Rows affected: 1
[2024-08-20T04:46:39.950+0000] {base.py:84} INFO - Retrieving connection 'books_connection'
[2024-08-20T04:46:39.955+0000] {sql.py:509} INFO - Running statement: 
    INSERT INTO books (title, authors, price, rating)
    VALUES (%s, %s, %s, %s)
    , parameters: ('Mastering the Data Paradox: Key to Winning in the AI Age', 'Nitin Seth', '18.', '4.8 out of 5 stars')
[2024-08-20T04:46:39.957+0000] {sql.py:518} INFO - Rows affected: 1
[2024-08-20T04:46:39.970+0000] {base.py:84} INFO - Retrieving connection 'books_connection'
[2024-08-20T04:46:39.975+0000] {sql.py:509} INFO - Running statement: 
    INSERT INTO books (title, authors, price, rating)
    VALUES (%s, %s, %s, %s)
    , parameters: ('Data Wise in Action: Stories of Schools Using Data to Improve Teaching and Learning', 'Kathryn Parker Boudett', '30.', '4.5 out of 5 stars')
[2024-08-20T04:46:39.978+0000] {sql.py:518} INFO - Rows affected: 1
[2024-08-20T04:46:39.988+0000] {base.py:84} INFO - Retrieving connection 'books_connection'
[2024-08-20T04:46:39.992+0000] {sql.py:509} INFO - Running statement: 
    INSERT INTO books (title, authors, price, rating)
    VALUES (%s, %s, %s, %s)
    , parameters: ('Practical Reverse Engineering: x86, x64, ARM, Windows Kernel, Reversing Tools, and Obfuscation', 'Bruce Dang', '34.', '4.6 out of 5 stars')
[2024-08-20T04:46:39.994+0000] {sql.py:518} INFO - Rows affected: 1
[2024-08-20T04:46:40.004+0000] {base.py:84} INFO - Retrieving connection 'books_connection'
[2024-08-20T04:46:40.009+0000] {sql.py:509} INFO - Running statement: 
    INSERT INTO books (title, authors, price, rating)
    VALUES (%s, %s, %s, %s)
    , parameters: ('The Art of Doing Science and Engineering: Learning to Learn', 'Richard W. Hamming', '19.', '4.6 out of 5 stars')
[2024-08-20T04:46:40.011+0000] {sql.py:518} INFO - Rows affected: 1
[2024-08-20T04:46:40.022+0000] {base.py:84} INFO - Retrieving connection 'books_connection'
[2024-08-20T04:46:40.027+0000] {sql.py:509} INFO - Running statement: 
    INSERT INTO books (title, authors, price, rating)
    VALUES (%s, %s, %s, %s)
    , parameters: ('Machine Learning Engineering with Python - Second Edition: Manage the lifecycle of machine learning models using MLOps with practical examples', 'Andrew McMahon', '32.', '4.7 out of 5 stars')
[2024-08-20T04:46:40.029+0000] {sql.py:518} INFO - Rows affected: 1
[2024-08-20T04:46:40.041+0000] {base.py:84} INFO - Retrieving connection 'books_connection'
[2024-08-20T04:46:40.046+0000] {sql.py:509} INFO - Running statement: 
    INSERT INTO books (title, authors, price, rating)
    VALUES (%s, %s, %s, %s)
    , parameters: ('Data Juice: 101 Stories of How Organizations Are Squeezing Value from Available Data Assets', 'Douglas B. Laney', '27.', '4.1 out of 5 stars')
[2024-08-20T04:46:40.048+0000] {sql.py:518} INFO - Rows affected: 1
[2024-08-20T04:46:40.057+0000] {base.py:84} INFO - Retrieving connection 'books_connection'
[2024-08-20T04:46:40.061+0000] {sql.py:509} INFO - Running statement: 
    INSERT INTO books (title, authors, price, rating)
    VALUES (%s, %s, %s, %s)
    , parameters: ('Mastering Large Datasets with Python: Parallelize and Distribute Your Python Code', 'John T. Wolohan', '49.', '3.9 out of 5 stars')
[2024-08-20T04:46:40.063+0000] {sql.py:518} INFO - Rows affected: 1
[2024-08-20T04:46:40.073+0000] {base.py:84} INFO - Retrieving connection 'books_connection'
[2024-08-20T04:46:40.078+0000] {sql.py:509} INFO - Running statement: 
    INSERT INTO books (title, authors, price, rating)
    VALUES (%s, %s, %s, %s)
    , parameters: ('Modeling and Simulation in Python: An Introduction for Scientists and Engineers', 'Allen B. Downey', '32.', '4.5 out of 5 stars')
[2024-08-20T04:46:40.080+0000] {sql.py:518} INFO - Rows affected: 1
[2024-08-20T04:46:40.089+0000] {base.py:84} INFO - Retrieving connection 'books_connection'
[2024-08-20T04:46:40.094+0000] {sql.py:509} INFO - Running statement: 
    INSERT INTO books (title, authors, price, rating)
    VALUES (%s, %s, %s, %s)
    , parameters: ("System Design Interview – An insider's guide", 'Alex Xu', '37.', '4.6 out of 5 stars')
[2024-08-20T04:46:40.096+0000] {sql.py:518} INFO - Rows affected: 1
[2024-08-20T04:46:40.106+0000] {base.py:84} INFO - Retrieving connection 'books_connection'
[2024-08-20T04:46:40.110+0000] {sql.py:509} INFO - Running statement: 
    INSERT INTO books (title, authors, price, rating)
    VALUES (%s, %s, %s, %s)
    , parameters: ('Feature Engineering for Machine Learning: Principles and Techniques for Data Scientists', 'Alice Zheng', '41.', '4.4 out of 5 stars')
[2024-08-20T04:46:40.112+0000] {sql.py:518} INFO - Rows affected: 1
[2024-08-20T04:46:40.122+0000] {base.py:84} INFO - Retrieving connection 'books_connection'
[2024-08-20T04:46:40.127+0000] {sql.py:509} INFO - Running statement: 
    INSERT INTO books (title, authors, price, rating)
    VALUES (%s, %s, %s, %s)
    , parameters: ('Master in 30 Days: AWS Certified Data Engineer Associate Exam', 'Bryant Pollard II', '0.', '5.0 out of 5 stars')
[2024-08-20T04:46:40.129+0000] {sql.py:518} INFO - Rows affected: 1
[2024-08-20T04:46:40.140+0000] {base.py:84} INFO - Retrieving connection 'books_connection'
[2024-08-20T04:46:40.145+0000] {sql.py:509} INFO - Running statement: 
    INSERT INTO books (title, authors, price, rating)
    VALUES (%s, %s, %s, %s)
    , parameters: ('Engineers Survival Guide: Advice, tactics, and tricks After a decade of working at Facebook, Snapchat, and Microsoft', 'Merih Taze', '29.', '4.4 out of 5 stars')
[2024-08-20T04:46:40.147+0000] {sql.py:518} INFO - Rows affected: 1
[2024-08-20T04:46:40.162+0000] {base.py:84} INFO - Retrieving connection 'books_connection'
[2024-08-20T04:46:40.166+0000] {sql.py:509} INFO - Running statement: 
    INSERT INTO books (title, authors, price, rating)
    VALUES (%s, %s, %s, %s)
    , parameters: ('A Common-Sense Guide to Data Structures and Algorithms, Second Edition: Level Up Your Core Programming Skills', 'Jay Wengrow', '39.', '4.7 out of 5 stars')
[2024-08-20T04:46:40.168+0000] {sql.py:518} INFO - Rows affected: 1
[2024-08-20T04:46:40.178+0000] {base.py:84} INFO - Retrieving connection 'books_connection'
[2024-08-20T04:46:40.182+0000] {sql.py:509} INFO - Running statement: 
    INSERT INTO books (title, authors, price, rating)
    VALUES (%s, %s, %s, %s)
    , parameters: ('SQL Data Analytics Made Easy: Your Step-by-Step Guide to Unlocking Data’s Hidden Secrets: Demystify complex concepts, and harness the power of data to drive intelligent decision-making effortlessly.', 'L.D. Knowings', '14.', '4.1 out of 5 stars')
[2024-08-20T04:46:40.184+0000] {sql.py:518} INFO - Rows affected: 1
[2024-08-20T04:46:40.194+0000] {base.py:84} INFO - Retrieving connection 'books_connection'
[2024-08-20T04:46:40.199+0000] {sql.py:509} INFO - Running statement: 
    INSERT INTO books (title, authors, price, rating)
    VALUES (%s, %s, %s, %s)
    , parameters: ('Data Science (The MIT Press Essential Knowledge series)', 'Paperback', '10.', '4.4 out of 5 stars')
[2024-08-20T04:46:40.201+0000] {sql.py:518} INFO - Rows affected: 1
[2024-08-20T04:46:40.210+0000] {base.py:84} INFO - Retrieving connection 'books_connection'
[2024-08-20T04:46:40.215+0000] {sql.py:509} INFO - Running statement: 
    INSERT INTO books (title, authors, price, rating)
    VALUES (%s, %s, %s, %s)
    , parameters: ('Data Wise, Revised and Expanded Edition: A Step-by-Step Guide to Using Assessment Results to Improve Teaching and Learning', 'Kathryn Parker Boudett', '32.', '4.6 out of 5 stars')
[2024-08-20T04:46:40.217+0000] {sql.py:518} INFO - Rows affected: 1
[2024-08-20T04:46:40.227+0000] {base.py:84} INFO - Retrieving connection 'books_connection'
[2024-08-20T04:46:40.231+0000] {sql.py:509} INFO - Running statement: 
    INSERT INTO books (title, authors, price, rating)
    VALUES (%s, %s, %s, %s)
    , parameters: ('Fundamentals of Data Visualization: A Primer on Making Informative and Compelling Figures', 'Claus Wilke', '49.', '4.6 out of 5 stars')
[2024-08-20T04:46:40.233+0000] {sql.py:518} INFO - Rows affected: 1
[2024-08-20T04:46:40.243+0000] {base.py:84} INFO - Retrieving connection 'books_connection'
[2024-08-20T04:46:40.247+0000] {sql.py:509} INFO - Running statement: 
    INSERT INTO books (title, authors, price, rating)
    VALUES (%s, %s, %s, %s)
    , parameters: ('Technology is Dead', 'Paperback', '23.', '5.0 out of 5 stars')
[2024-08-20T04:46:40.249+0000] {sql.py:518} INFO - Rows affected: 1
[2024-08-20T04:46:40.259+0000] {base.py:84} INFO - Retrieving connection 'books_connection'
[2024-08-20T04:46:40.263+0000] {sql.py:509} INFO - Running statement: 
    INSERT INTO books (title, authors, price, rating)
    VALUES (%s, %s, %s, %s)
    , parameters: ('Building ETL Pipelines with Python: Create and deploy enterprise-ready ETL pipelines by employing modern methods', 'Brij Kishore Pandey', '17.', '4.2 out of 5 stars')
[2024-08-20T04:46:40.265+0000] {sql.py:518} INFO - Rows affected: 1
[2024-08-20T04:46:40.274+0000] {base.py:84} INFO - Retrieving connection 'books_connection'
[2024-08-20T04:46:40.279+0000] {sql.py:509} INFO - Running statement: 
    INSERT INTO books (title, authors, price, rating)
    VALUES (%s, %s, %s, %s)
    , parameters: ('Hypothesis Testing: An Intuitive Guide for Making Data Driven Decisions', 'Jim Frost', '23.', '4.5 out of 5 stars')
[2024-08-20T04:46:40.280+0000] {sql.py:518} INFO - Rows affected: 1
[2024-08-20T04:46:40.290+0000] {base.py:84} INFO - Retrieving connection 'books_connection'
[2024-08-20T04:46:40.294+0000] {sql.py:509} INFO - Running statement: 
    INSERT INTO books (title, authors, price, rating)
    VALUES (%s, %s, %s, %s)
    , parameters: ("Applied Machine Learning and AI for Engineers: Solve Business Problems That Can't Be Solved Algorithmically", 'Jeff Prosise', '55.', '4.5 out of 5 stars')
[2024-08-20T04:46:40.295+0000] {sql.py:518} INFO - Rows affected: 1
[2024-08-20T04:46:40.305+0000] {base.py:84} INFO - Retrieving connection 'books_connection'
[2024-08-20T04:46:40.310+0000] {sql.py:509} INFO - Running statement: 
    INSERT INTO books (title, authors, price, rating)
    VALUES (%s, %s, %s, %s)
    , parameters: ('Data Management at Scale: Modern Data Architecture with Data Mesh and Data Fabric', 'Piethein Strengholt', '47.', '4.5 out of 5 stars')
[2024-08-20T04:46:40.311+0000] {sql.py:518} INFO - Rows affected: 1
[2024-08-20T04:46:40.321+0000] {base.py:84} INFO - Retrieving connection 'books_connection'
[2024-08-20T04:46:40.325+0000] {sql.py:509} INFO - Running statement: 
    INSERT INTO books (title, authors, price, rating)
    VALUES (%s, %s, %s, %s)
    , parameters: ('Ultimate Azure Data Engineering: Build Robust Data Engineering Systems on Azure with SQL, ETL, Data Modeling, and Power BI for Business Insights and Crack Azure Certifications (English Edition)', 'Ashish Agarwal', '39.', '5.0 out of 5 stars')
[2024-08-20T04:46:40.327+0000] {sql.py:518} INFO - Rows affected: 1
[2024-08-20T04:46:40.336+0000] {base.py:84} INFO - Retrieving connection 'books_connection'
[2024-08-20T04:46:40.340+0000] {sql.py:509} INFO - Running statement: 
    INSERT INTO books (title, authors, price, rating)
    VALUES (%s, %s, %s, %s)
    , parameters: ('Practical Fraud Prevention: Fraud and AML Analytics for Fintech and eCommerce, Using SQL and Python', 'Gilit Saporta', '47.', '4.4 out of 5 stars')
[2024-08-20T04:46:40.342+0000] {sql.py:518} INFO - Rows affected: 1
[2024-08-20T04:46:40.351+0000] {base.py:84} INFO - Retrieving connection 'books_connection'
[2024-08-20T04:46:40.357+0000] {sql.py:509} INFO - Running statement: 
    INSERT INTO books (title, authors, price, rating)
    VALUES (%s, %s, %s, %s)
    , parameters: ('The Data Governance Guidebook and Playbook: By a Practitioner for Practitioners', 'Paperback', '25.', '4.3 out of 5 stars')
[2024-08-20T04:46:40.358+0000] {sql.py:518} INFO - Rows affected: 1
[2024-08-20T04:46:40.368+0000] {base.py:84} INFO - Retrieving connection 'books_connection'
[2024-08-20T04:46:40.374+0000] {sql.py:509} INFO - Running statement: 
    INSERT INTO books (title, authors, price, rating)
    VALUES (%s, %s, %s, %s)
    , parameters: ('Data Science on AWS: Implementing End-to-End, Continuous AI and Machine Learning Pipelines', 'Chris Fregly', '11.', '4.5 out of 5 stars')
[2024-08-20T04:46:40.376+0000] {sql.py:518} INFO - Rows affected: 1
[2024-08-20T04:46:40.387+0000] {base.py:84} INFO - Retrieving connection 'books_connection'
[2024-08-20T04:46:40.392+0000] {sql.py:509} INFO - Running statement: 
    INSERT INTO books (title, authors, price, rating)
    VALUES (%s, %s, %s, %s)
    , parameters: ('Superconvergence: How the Genetics, Biotech, and AI Revolutions Will Transform our Lives, Work, and World', 'Jamie Metzl', '23.', '4.3 out of 5 stars')
[2024-08-20T04:46:40.394+0000] {sql.py:518} INFO - Rows affected: 1
[2024-08-20T04:46:40.405+0000] {base.py:84} INFO - Retrieving connection 'books_connection'
[2024-08-20T04:46:40.409+0000] {sql.py:509} INFO - Running statement: 
    INSERT INTO books (title, authors, price, rating)
    VALUES (%s, %s, %s, %s)
    , parameters: ('Python Data Engineering Resources: Boost Your Career With This Python Handbook; Prepare For Python Interview; Python Programming Cookbook For Beginners and Experienced; Python Data Analysis and More', 'Vajo Lukic', '9.', '4.8 out of 5 stars')
[2024-08-20T04:46:40.411+0000] {sql.py:518} INFO - Rows affected: 1
[2024-08-20T04:46:40.422+0000] {base.py:84} INFO - Retrieving connection 'books_connection'
[2024-08-20T04:46:40.427+0000] {sql.py:509} INFO - Running statement: 
    INSERT INTO books (title, authors, price, rating)
    VALUES (%s, %s, %s, %s)
    , parameters: ('Understanding Cryptography: A Textbook for Students and Practitioners', 'Christof Paar', '29.', '4.6 out of 5 stars')
[2024-08-20T04:46:40.429+0000] {sql.py:518} INFO - Rows affected: 1
[2024-08-20T04:46:40.439+0000] {base.py:84} INFO - Retrieving connection 'books_connection'
[2024-08-20T04:46:40.444+0000] {sql.py:509} INFO - Running statement: 
    INSERT INTO books (title, authors, price, rating)
    VALUES (%s, %s, %s, %s)
    , parameters: ('Data Grab: The New Colonialism of Big Tech and How to Fight Back', 'Ulises A. Mejias', '21.', '5.0 out of 5 stars')
[2024-08-20T04:46:40.447+0000] {sql.py:518} INFO - Rows affected: 1
[2024-08-20T04:46:40.460+0000] {base.py:84} INFO - Retrieving connection 'books_connection'
[2024-08-20T04:46:40.465+0000] {sql.py:509} INFO - Running statement: 
    INSERT INTO books (title, authors, price, rating)
    VALUES (%s, %s, %s, %s)
    , parameters: ('Competing in the Age of AI: Strategy and Leadership When Algorithms and Networks Run the World', 'Marco Iansiti', '17.', '4.6 out of 5 stars')
[2024-08-20T04:46:40.467+0000] {sql.py:518} INFO - Rows affected: 1
[2024-08-20T04:46:40.477+0000] {base.py:84} INFO - Retrieving connection 'books_connection'
[2024-08-20T04:46:40.481+0000] {sql.py:509} INFO - Running statement: 
    INSERT INTO books (title, authors, price, rating)
    VALUES (%s, %s, %s, %s)
    , parameters: ('Killed by a Traffic Engineer: Shattering the Delusion that Science Underlies our Transportation System', 'Wes Marshall', '33.', '4.5 out of 5 stars')
[2024-08-20T04:46:40.483+0000] {sql.py:518} INFO - Rows affected: 1
[2024-08-20T04:46:40.492+0000] {base.py:84} INFO - Retrieving connection 'books_connection'
[2024-08-20T04:46:40.497+0000] {sql.py:509} INFO - Running statement: 
    INSERT INTO books (title, authors, price, rating)
    VALUES (%s, %s, %s, %s)
    , parameters: ('Modern Java in Action: Lambdas, streams, functional and reactive programming', 'Paperback', '52.', '4.5 out of 5 stars')
[2024-08-20T04:46:40.499+0000] {sql.py:518} INFO - Rows affected: 1
[2024-08-20T04:46:40.509+0000] {base.py:84} INFO - Retrieving connection 'books_connection'
[2024-08-20T04:46:40.513+0000] {sql.py:509} INFO - Running statement: 
    INSERT INTO books (title, authors, price, rating)
    VALUES (%s, %s, %s, %s)
    , parameters: ('The Data Model Resource Book, Vol. 2: A Library of Data Models for Specific Industries', 'Len Silverston', '68.', '4.1 out of 5 stars')
[2024-08-20T04:46:40.515+0000] {sql.py:518} INFO - Rows affected: 1
[2024-08-20T04:46:40.524+0000] {base.py:84} INFO - Retrieving connection 'books_connection'
[2024-08-20T04:46:40.528+0000] {sql.py:509} INFO - Running statement: 
    INSERT INTO books (title, authors, price, rating)
    VALUES (%s, %s, %s, %s)
    , parameters: ('The Data Model Resource Book, Vol. 1: A Library of Universal Data Models for All Enterprises', 'Len Silverston', '63.', '4.3 out of 5 stars')
[2024-08-20T04:46:40.530+0000] {sql.py:518} INFO - Rows affected: 1
[2024-08-20T04:46:40.539+0000] {base.py:84} INFO - Retrieving connection 'books_connection'
[2024-08-20T04:46:40.544+0000] {sql.py:509} INFO - Running statement: 
    INSERT INTO books (title, authors, price, rating)
    VALUES (%s, %s, %s, %s)
    , parameters: ("Everything Data Analytics A Beginner's Guide to Data Literacy: Understanding the Processes That Turn Data Into Insights", 'Audible Audiobook', '0.', '4.4 out of 5 stars')
[2024-08-20T04:46:40.546+0000] {sql.py:518} INFO - Rows affected: 1
[2024-08-20T04:46:40.555+0000] {base.py:84} INFO - Retrieving connection 'books_connection'
[2024-08-20T04:46:40.559+0000] {sql.py:509} INFO - Running statement: 
    INSERT INTO books (title, authors, price, rating)
    VALUES (%s, %s, %s, %s)
    , parameters: ('Microsoft Azure Data Engineering: The Big Reference Guide (The Data Engineering Series)', 'Kindle', '0.', '4.6 out of 5 stars')
[2024-08-20T04:46:40.561+0000] {sql.py:518} INFO - Rows affected: 1
[2024-08-20T04:46:40.572+0000] {base.py:84} INFO - Retrieving connection 'books_connection'
[2024-08-20T04:46:40.576+0000] {sql.py:509} INFO - Running statement: 
    INSERT INTO books (title, authors, price, rating)
    VALUES (%s, %s, %s, %s)
    , parameters: ('Practical Data Quality: Learn practical, real-world strategies to transform the quality of data in your organization', 'Robert Hawker', '17.', '4.8 out of 5 stars')
[2024-08-20T04:46:40.578+0000] {sql.py:518} INFO - Rows affected: 1
[2024-08-20T04:46:40.588+0000] {base.py:84} INFO - Retrieving connection 'books_connection'
[2024-08-20T04:46:40.592+0000] {sql.py:509} INFO - Running statement: 
    INSERT INTO books (title, authors, price, rating)
    VALUES (%s, %s, %s, %s)
    , parameters: ('The Definitive Guide to Azure Data Engineering: Modern ELT, DevOps, and Analytics on the Azure Cloud Platform', "Ron C. L'Esteve", '36.', '3.8 out of 5 stars')
[2024-08-20T04:46:40.639+0000] {sql.py:518} INFO - Rows affected: 1
[2024-08-20T04:46:40.766+0000] {base.py:84} INFO - Retrieving connection 'books_connection'
[2024-08-20T04:46:40.842+0000] {sql.py:509} INFO - Running statement: 
    INSERT INTO books (title, authors, price, rating)
    VALUES (%s, %s, %s, %s)
    , parameters: ('Data Analytics for Absolute Beginners: Make Decisions Using Every Variable: (Introduction to Data, Data Visualization, Business Intelligence & Machine ... Science, Python & Statistics for Beginners)', 'Kindle', '0.', '4.5 out of 5 stars')
[2024-08-20T04:46:40.895+0000] {sql.py:518} INFO - Rows affected: 1
[2024-08-20T04:46:40.979+0000] {base.py:84} INFO - Retrieving connection 'books_connection'
[2024-08-20T04:46:41.027+0000] {sql.py:509} INFO - Running statement: 
    INSERT INTO books (title, authors, price, rating)
    VALUES (%s, %s, %s, %s)
    , parameters: ("Engineers' Practical Databook: A Technical Reference Guide for Students and Professionals", 'Jay Smith', '18.', '4.6 out of 5 stars')
[2024-08-20T04:46:41.059+0000] {sql.py:518} INFO - Rows affected: 1
[2024-08-20T04:46:41.102+0000] {base.py:84} INFO - Retrieving connection 'books_connection'
[2024-08-20T04:46:41.108+0000] {sql.py:509} INFO - Running statement: 
    INSERT INTO books (title, authors, price, rating)
    VALUES (%s, %s, %s, %s)
    , parameters: ('Geospatial Data Science Essentials: 101 Practical Python Tips and Tricks', 'Milan Janosov', '7.', '4.7 out of 5 stars')
[2024-08-20T04:46:41.111+0000] {sql.py:518} INFO - Rows affected: 1
[2024-08-20T04:46:41.114+0000] {python.py:240} INFO - Done. Returned value was: None
[2024-08-20T04:46:41.129+0000] {taskinstance.py:340} INFO - ::group::Post task execution logs
[2024-08-20T04:46:41.130+0000] {taskinstance.py:352} INFO - Marking task as SUCCESS. dag_id=fetch_and_store_DE_books, task_id=insert_book_data, run_id=scheduled__2024-08-08T00:00:00+00:00, execution_date=20240808T000000, start_date=20240820T044638, end_date=20240820T044641
[2024-08-20T04:46:41.152+0000] {logging_mixin.py:190} INFO - Task instance in success state
[2024-08-20T04:46:41.155+0000] {logging_mixin.py:190} INFO -  Previous state of the Task instance: running
[2024-08-20T04:46:41.157+0000] {logging_mixin.py:190} INFO - Dag name:fetch_and_store_DE_books queued_at:2024-08-20 04:46:26.427945+00:00
[2024-08-20T04:46:41.158+0000] {logging_mixin.py:190} INFO - Task hostname:668944ed7238 operator:PythonOperator
[2024-08-20T04:46:41.200+0000] {local_task_job_runner.py:261} INFO - Task exited with return code 0
[2024-08-20T04:46:41.223+0000] {local_task_job_runner.py:240} INFO - ::endgroup::
