[2024-08-21T00:00:07.462+0000] {local_task_job_runner.py:123} INFO - ::group::Pre task execution logs
[2024-08-21T00:00:07.483+0000] {taskinstance.py:2603} INFO - Dependencies all met for dep_context=non-requeueable deps ti=<TaskInstance: fetch_and_store_DE_books.Extract_books_data scheduled__2024-08-20T00:00:00+00:00 [queued]>
[2024-08-21T00:00:07.494+0000] {taskinstance.py:2603} INFO - Dependencies all met for dep_context=requeueable deps ti=<TaskInstance: fetch_and_store_DE_books.Extract_books_data scheduled__2024-08-20T00:00:00+00:00 [queued]>
[2024-08-21T00:00:07.495+0000] {taskinstance.py:2856} INFO - Starting attempt 1 of 2
[2024-08-21T00:00:07.507+0000] {taskinstance.py:2879} INFO - Executing <Task(PythonOperator): Extract_books_data> on 2024-08-20 00:00:00+00:00
[2024-08-21T00:00:07.520+0000] {warnings.py:112} WARNING - /home/***/.local/lib/python3.12/site-packages/***/task/task_runner/standard_task_runner.py:70: DeprecationWarning: This process (pid=10577) is multi-threaded, use of fork() may lead to deadlocks in the child.
  pid = os.fork()

[2024-08-21T00:00:07.522+0000] {standard_task_runner.py:72} INFO - Started process 10579 to run task
[2024-08-21T00:00:07.521+0000] {standard_task_runner.py:104} INFO - Running: ['***', 'tasks', 'run', 'fetch_and_store_DE_books', 'Extract_books_data', 'scheduled__2024-08-20T00:00:00+00:00', '--job-id', '200', '--raw', '--subdir', 'DAGS_FOLDER/app.py', '--cfg-path', '/tmp/tmpzo5f6u5c']
[2024-08-21T00:00:07.522+0000] {standard_task_runner.py:105} INFO - Job 200: Subtask Extract_books_data
[2024-08-21T00:00:07.567+0000] {task_command.py:467} INFO - Running <TaskInstance: fetch_and_store_DE_books.Extract_books_data scheduled__2024-08-20T00:00:00+00:00 [running]> on host 668944ed7238
[2024-08-21T00:00:07.653+0000] {taskinstance.py:3122} INFO - Exporting env vars: AIRFLOW_CTX_DAG_OWNER='***' AIRFLOW_CTX_DAG_ID='fetch_and_store_DE_books' AIRFLOW_CTX_TASK_ID='Extract_books_data' AIRFLOW_CTX_EXECUTION_DATE='2024-08-20T00:00:00+00:00' AIRFLOW_CTX_TRY_NUMBER='1' AIRFLOW_CTX_DAG_RUN_ID='scheduled__2024-08-20T00:00:00+00:00'
[2024-08-21T00:00:07.654+0000] {logging_mixin.py:190} INFO - Task instance is in running state
[2024-08-21T00:00:07.655+0000] {logging_mixin.py:190} INFO -  Previous state of the Task instance: queued
[2024-08-21T00:00:07.655+0000] {logging_mixin.py:190} INFO - Current task name:Extract_books_data state:running start_date:2024-08-21 00:00:07.484204+00:00
[2024-08-21T00:00:07.656+0000] {logging_mixin.py:190} INFO - Dag name:fetch_and_store_DE_books and current dag run status:running
[2024-08-21T00:00:07.656+0000] {taskinstance.py:731} INFO - ::endgroup::
[2024-08-21T00:00:12.575+0000] {python.py:240} INFO - Done. Returned value was: None
[2024-08-21T00:00:12.583+0000] {taskinstance.py:340} INFO - ::group::Post task execution logs
[2024-08-21T00:00:12.584+0000] {taskinstance.py:352} INFO - Marking task as SUCCESS. dag_id=fetch_and_store_DE_books, task_id=Extract_books_data, run_id=scheduled__2024-08-20T00:00:00+00:00, execution_date=20240820T000000, start_date=20240821T000007, end_date=20240821T000012
[2024-08-21T00:00:12.593+0000] {logging_mixin.py:190} INFO - Task instance in success state
[2024-08-21T00:00:12.594+0000] {logging_mixin.py:190} INFO -  Previous state of the Task instance: running
[2024-08-21T00:00:12.594+0000] {logging_mixin.py:190} INFO - Dag name:fetch_and_store_DE_books queued_at:2024-08-21 00:00:00.244258+00:00
[2024-08-21T00:00:12.595+0000] {logging_mixin.py:190} INFO - Task hostname:668944ed7238 operator:PythonOperator
[2024-08-21T00:00:12.628+0000] {local_task_job_runner.py:261} INFO - Task exited with return code 0
[2024-08-21T00:00:12.638+0000] {warnings.py:112} WARNING - /home/***/.local/lib/python3.12/site-packages/***/models/baseoperator.py:1378: AirflowProviderDeprecationWarning: Call to deprecated class PostgresOperator. (Please use `***.providers.common.sql.operators.sql.SQLExecuteQueryOperator`.Also, you can provide `hook_params={'schema': <database>}`.)
  result = cls.__new__(cls)

[2024-08-21T00:00:12.652+0000] {taskinstance.py:3891} INFO - 1 downstream tasks scheduled from follow-on schedule check
[2024-08-21T00:00:12.654+0000] {local_task_job_runner.py:240} INFO - ::endgroup::
