[2024-08-20T04:47:38.254+0000] {local_task_job_runner.py:123} INFO - ::group::Pre task execution logs
[2024-08-20T04:47:38.294+0000] {taskinstance.py:2603} INFO - Dependencies all met for dep_context=non-requeueable deps ti=<TaskInstance: fetch_and_store_DE_books.fetch_book_data scheduled__2024-06-29T00:00:00+00:00 [queued]>
[2024-08-20T04:47:38.322+0000] {taskinstance.py:2603} INFO - Dependencies all met for dep_context=requeueable deps ti=<TaskInstance: fetch_and_store_DE_books.fetch_book_data scheduled__2024-06-29T00:00:00+00:00 [queued]>
[2024-08-20T04:47:38.325+0000] {taskinstance.py:2856} INFO - Starting attempt 2 of 2
[2024-08-20T04:47:38.399+0000] {taskinstance.py:2879} INFO - Executing <Task(PythonOperator): fetch_book_data> on 2024-06-29 00:00:00+00:00
[2024-08-20T04:47:38.421+0000] {warnings.py:112} WARNING - /home/***/.local/lib/python3.12/site-packages/***/task/task_runner/standard_task_runner.py:70: DeprecationWarning: This process (pid=1380) is multi-threaded, use of fork() may lead to deadlocks in the child.
  pid = os.fork()

[2024-08-20T04:47:38.432+0000] {standard_task_runner.py:72} INFO - Started process 1407 to run task
[2024-08-20T04:47:38.441+0000] {standard_task_runner.py:104} INFO - Running: ['***', 'tasks', 'run', 'fetch_and_store_DE_books', 'fetch_book_data', 'scheduled__2024-06-29T00:00:00+00:00', '--job-id', '154', '--raw', '--subdir', 'DAGS_FOLDER/app.py', '--cfg-path', '/tmp/tmpml8bof80']
[2024-08-20T04:47:38.448+0000] {standard_task_runner.py:105} INFO - Job 154: Subtask fetch_book_data
[2024-08-20T04:47:38.659+0000] {task_command.py:467} INFO - Running <TaskInstance: fetch_and_store_DE_books.fetch_book_data scheduled__2024-06-29T00:00:00+00:00 [running]> on host 668944ed7238
[2024-08-20T04:47:39.033+0000] {taskinstance.py:3122} INFO - Exporting env vars: AIRFLOW_CTX_DAG_OWNER='***' AIRFLOW_CTX_DAG_ID='fetch_and_store_DE_books' AIRFLOW_CTX_TASK_ID='fetch_book_data' AIRFLOW_CTX_EXECUTION_DATE='2024-06-29T00:00:00+00:00' AIRFLOW_CTX_TRY_NUMBER='2' AIRFLOW_CTX_DAG_RUN_ID='scheduled__2024-06-29T00:00:00+00:00'
[2024-08-20T04:47:39.035+0000] {logging_mixin.py:190} INFO - Task instance is in running state
[2024-08-20T04:47:39.036+0000] {logging_mixin.py:190} INFO -  Previous state of the Task instance: queued
[2024-08-20T04:47:39.039+0000] {logging_mixin.py:190} INFO - Current task name:fetch_book_data state:running start_date:2024-08-20 04:47:38.298859+00:00
[2024-08-20T04:47:39.041+0000] {logging_mixin.py:190} INFO - Dag name:fetch_and_store_DE_books and current dag run status:running
[2024-08-20T04:47:39.041+0000] {taskinstance.py:731} INFO - ::endgroup::
[2024-08-20T04:47:49.106+0000] {logging_mixin.py:190} INFO - Failed to retrieve the page
[2024-08-20T04:47:49.346+0000] {python.py:240} INFO - Done. Returned value was: None
[2024-08-20T04:47:49.397+0000] {taskinstance.py:340} INFO - ::group::Post task execution logs
[2024-08-20T04:47:49.415+0000] {taskinstance.py:352} INFO - Marking task as SUCCESS. dag_id=fetch_and_store_DE_books, task_id=fetch_book_data, run_id=scheduled__2024-06-29T00:00:00+00:00, execution_date=20240629T000000, start_date=20240820T044738, end_date=20240820T044749
[2024-08-20T04:47:49.902+0000] {logging_mixin.py:190} INFO - Task instance in success state
[2024-08-20T04:47:49.913+0000] {logging_mixin.py:190} INFO -  Previous state of the Task instance: running
[2024-08-20T04:47:49.914+0000] {logging_mixin.py:190} INFO - Dag name:fetch_and_store_DE_books queued_at:2024-08-20 04:41:44.354834+00:00
[2024-08-20T04:47:49.934+0000] {logging_mixin.py:190} INFO - Task hostname:668944ed7238 operator:PythonOperator
[2024-08-20T04:47:50.054+0000] {local_task_job_runner.py:261} INFO - Task exited with return code 0
[2024-08-20T04:47:50.131+0000] {warnings.py:112} WARNING - /home/***/.local/lib/python3.12/site-packages/***/models/baseoperator.py:1378: AirflowProviderDeprecationWarning: Call to deprecated class PostgresOperator. (Please use `***.providers.common.sql.operators.sql.SQLExecuteQueryOperator`.Also, you can provide `hook_params={'schema': <database>}`.)
  result = cls.__new__(cls)

[2024-08-20T04:47:50.228+0000] {taskinstance.py:3891} INFO - 1 downstream tasks scheduled from follow-on schedule check
[2024-08-20T04:47:50.264+0000] {local_task_job_runner.py:240} INFO - ::endgroup::
