[2024-08-20T04:46:37.408+0000] {local_task_job_runner.py:123} INFO - ::group::Pre task execution logs
[2024-08-20T04:46:37.430+0000] {taskinstance.py:2603} INFO - Dependencies all met for dep_context=non-requeueable deps ti=<TaskInstance: fetch_and_store_DE_books.fetch_book_data scheduled__2024-08-10T00:00:00+00:00 [queued]>
[2024-08-20T04:46:37.442+0000] {taskinstance.py:2603} INFO - Dependencies all met for dep_context=requeueable deps ti=<TaskInstance: fetch_and_store_DE_books.fetch_book_data scheduled__2024-08-10T00:00:00+00:00 [queued]>
[2024-08-20T04:46:37.443+0000] {taskinstance.py:2856} INFO - Starting attempt 1 of 2
[2024-08-20T04:46:37.462+0000] {taskinstance.py:2879} INFO - Executing <Task(PythonOperator): fetch_book_data> on 2024-08-10 00:00:00+00:00
[2024-08-20T04:46:37.474+0000] {warnings.py:112} WARNING - /home/***/.local/lib/python3.12/site-packages/***/task/task_runner/standard_task_runner.py:70: DeprecationWarning: This process (pid=1240) is multi-threaded, use of fork() may lead to deadlocks in the child.
  pid = os.fork()

[2024-08-20T04:46:37.476+0000] {standard_task_runner.py:72} INFO - Started process 1248 to run task
[2024-08-20T04:46:37.476+0000] {standard_task_runner.py:104} INFO - Running: ['***', 'tasks', 'run', 'fetch_and_store_DE_books', 'fetch_book_data', 'scheduled__2024-08-10T00:00:00+00:00', '--job-id', '121', '--raw', '--subdir', 'DAGS_FOLDER/app.py', '--cfg-path', '/tmp/tmpwd5191c5']
[2024-08-20T04:46:37.478+0000] {standard_task_runner.py:105} INFO - Job 121: Subtask fetch_book_data
[2024-08-20T04:46:37.537+0000] {task_command.py:467} INFO - Running <TaskInstance: fetch_and_store_DE_books.fetch_book_data scheduled__2024-08-10T00:00:00+00:00 [running]> on host 668944ed7238
[2024-08-20T04:46:37.650+0000] {taskinstance.py:3122} INFO - Exporting env vars: AIRFLOW_CTX_DAG_OWNER='***' AIRFLOW_CTX_DAG_ID='fetch_and_store_DE_books' AIRFLOW_CTX_TASK_ID='fetch_book_data' AIRFLOW_CTX_EXECUTION_DATE='2024-08-10T00:00:00+00:00' AIRFLOW_CTX_TRY_NUMBER='1' AIRFLOW_CTX_DAG_RUN_ID='scheduled__2024-08-10T00:00:00+00:00'
[2024-08-20T04:46:37.651+0000] {logging_mixin.py:190} INFO - Task instance is in running state
[2024-08-20T04:46:37.652+0000] {logging_mixin.py:190} INFO -  Previous state of the Task instance: queued
[2024-08-20T04:46:37.653+0000] {logging_mixin.py:190} INFO - Current task name:fetch_book_data state:running start_date:2024-08-20 04:46:37.431537+00:00
[2024-08-20T04:46:37.653+0000] {logging_mixin.py:190} INFO - Dag name:fetch_and_store_DE_books and current dag run status:running
[2024-08-20T04:46:37.654+0000] {taskinstance.py:731} INFO - ::endgroup::
[2024-08-20T04:46:43.390+0000] {python.py:240} INFO - Done. Returned value was: None
[2024-08-20T04:46:43.412+0000] {taskinstance.py:340} INFO - ::group::Post task execution logs
[2024-08-20T04:46:43.413+0000] {taskinstance.py:352} INFO - Marking task as SUCCESS. dag_id=fetch_and_store_DE_books, task_id=fetch_book_data, run_id=scheduled__2024-08-10T00:00:00+00:00, execution_date=20240810T000000, start_date=20240820T044637, end_date=20240820T044643
[2024-08-20T04:46:43.438+0000] {logging_mixin.py:190} INFO - Task instance in success state
[2024-08-20T04:46:43.439+0000] {logging_mixin.py:190} INFO -  Previous state of the Task instance: running
[2024-08-20T04:46:43.440+0000] {logging_mixin.py:190} INFO - Dag name:fetch_and_store_DE_books queued_at:2024-08-20 04:46:35.425536+00:00
[2024-08-20T04:46:43.445+0000] {logging_mixin.py:190} INFO - Task hostname:668944ed7238 operator:PythonOperator
[2024-08-20T04:46:43.472+0000] {local_task_job_runner.py:261} INFO - Task exited with return code 0
[2024-08-20T04:46:43.483+0000] {warnings.py:112} WARNING - /home/***/.local/lib/python3.12/site-packages/***/models/baseoperator.py:1378: AirflowProviderDeprecationWarning: Call to deprecated class PostgresOperator. (Please use `***.providers.common.sql.operators.sql.SQLExecuteQueryOperator`.Also, you can provide `hook_params={'schema': <database>}`.)
  result = cls.__new__(cls)

[2024-08-20T04:46:43.501+0000] {taskinstance.py:3891} INFO - 1 downstream tasks scheduled from follow-on schedule check
[2024-08-20T04:46:43.503+0000] {local_task_job_runner.py:240} INFO - ::endgroup::
