[2024-08-20T04:48:08.032+0000] {local_task_job_runner.py:123} INFO - ::group::Pre task execution logs
[2024-08-20T04:48:08.090+0000] {taskinstance.py:2603} INFO - Dependencies all met for dep_context=non-requeueable deps ti=<TaskInstance: fetch_and_store_DE_books.insert_book_data scheduled__2024-06-29T00:00:00+00:00 [queued]>
[2024-08-20T04:48:08.115+0000] {taskinstance.py:2603} INFO - Dependencies all met for dep_context=requeueable deps ti=<TaskInstance: fetch_and_store_DE_books.insert_book_data scheduled__2024-06-29T00:00:00+00:00 [queued]>
[2024-08-20T04:48:08.117+0000] {taskinstance.py:2856} INFO - Starting attempt 1 of 2
[2024-08-20T04:48:08.160+0000] {taskinstance.py:2879} INFO - Executing <Task(PythonOperator): insert_book_data> on 2024-06-29 00:00:00+00:00
[2024-08-20T04:48:08.184+0000] {warnings.py:112} WARNING - /home/***/.local/lib/python3.12/site-packages/***/task/task_runner/standard_task_runner.py:70: DeprecationWarning: This process (pid=1497) is multi-threaded, use of fork() may lead to deadlocks in the child.
  pid = os.fork()

[2024-08-20T04:48:08.192+0000] {standard_task_runner.py:72} INFO - Started process 1521 to run task
[2024-08-20T04:48:08.200+0000] {standard_task_runner.py:104} INFO - Running: ['***', 'tasks', 'run', 'fetch_and_store_DE_books', 'insert_book_data', 'scheduled__2024-06-29T00:00:00+00:00', '--job-id', '183', '--raw', '--subdir', 'DAGS_FOLDER/app.py', '--cfg-path', '/tmp/tmp2fnu2g6r']
[2024-08-20T04:48:08.214+0000] {standard_task_runner.py:105} INFO - Job 183: Subtask insert_book_data
[2024-08-20T04:48:08.373+0000] {task_command.py:467} INFO - Running <TaskInstance: fetch_and_store_DE_books.insert_book_data scheduled__2024-06-29T00:00:00+00:00 [running]> on host 668944ed7238
[2024-08-20T04:48:08.613+0000] {taskinstance.py:3122} INFO - Exporting env vars: AIRFLOW_CTX_DAG_OWNER='***' AIRFLOW_CTX_DAG_ID='fetch_and_store_DE_books' AIRFLOW_CTX_TASK_ID='insert_book_data' AIRFLOW_CTX_EXECUTION_DATE='2024-06-29T00:00:00+00:00' AIRFLOW_CTX_TRY_NUMBER='1' AIRFLOW_CTX_DAG_RUN_ID='scheduled__2024-06-29T00:00:00+00:00'
[2024-08-20T04:48:08.618+0000] {logging_mixin.py:190} INFO - Task instance is in running state
[2024-08-20T04:48:08.627+0000] {logging_mixin.py:190} INFO -  Previous state of the Task instance: queued
[2024-08-20T04:48:08.631+0000] {logging_mixin.py:190} INFO - Current task name:insert_book_data state:running start_date:2024-08-20 04:48:08.091075+00:00
[2024-08-20T04:48:08.640+0000] {logging_mixin.py:190} INFO - Dag name:fetch_and_store_DE_books and current dag run status:running
[2024-08-20T04:48:08.642+0000] {taskinstance.py:731} INFO - ::endgroup::
[2024-08-20T04:48:08.739+0000] {base.py:84} INFO - Retrieving connection 'books_connection'
[2024-08-20T04:48:08.754+0000] {sql.py:509} INFO - Running statement: 
    INSERT INTO books (title, authors, price, rating)
    VALUES (%s, %s, %s, %s)
    , parameters: ('Ace the Data Engineering Interview: Questions and Answers for Python, SQL, Data Modeling and More', 'Sean Coyne', '24.', '4.1 out of 5 stars')
[2024-08-20T04:48:08.757+0000] {sql.py:518} INFO - Rows affected: 1
[2024-08-20T04:48:08.841+0000] {base.py:84} INFO - Retrieving connection 'books_connection'
[2024-08-20T04:48:08.862+0000] {sql.py:509} INFO - Running statement: 
    INSERT INTO books (title, authors, price, rating)
    VALUES (%s, %s, %s, %s)
    , parameters: ('Data Engineering with AWS - Second Edition: Acquire the skills to design and build AWS-based data transformation pipelines like a pro', 'Gareth Eagar', '41.', '4.4 out of 5 stars')
[2024-08-20T04:48:08.865+0000] {sql.py:518} INFO - Rows affected: 1
[2024-08-20T04:48:08.955+0000] {base.py:84} INFO - Retrieving connection 'books_connection'
[2024-08-20T04:48:08.962+0000] {sql.py:509} INFO - Running statement: 
    INSERT INTO books (title, authors, price, rating)
    VALUES (%s, %s, %s, %s)
    , parameters: ('Azure Data Engineer Associate Certification Guide: Ace the DP-203 exam with advanced data engineering skills', 'Giacinto Palmieri', '39.', '4.5 out of 5 stars')
[2024-08-20T04:48:08.981+0000] {sql.py:518} INFO - Rows affected: 1
[2024-08-20T04:48:09.081+0000] {base.py:84} INFO - Retrieving connection 'books_connection'
[2024-08-20T04:48:09.101+0000] {sql.py:509} INFO - Running statement: 
    INSERT INTO books (title, authors, price, rating)
    VALUES (%s, %s, %s, %s)
    , parameters: ('Data Engineering 101', 'Paperback', '22.', '5.0 out of 5 stars')
[2024-08-20T04:48:09.122+0000] {sql.py:518} INFO - Rows affected: 1
[2024-08-20T04:48:09.169+0000] {base.py:84} INFO - Retrieving connection 'books_connection'
[2024-08-20T04:48:09.210+0000] {sql.py:509} INFO - Running statement: 
    INSERT INTO books (title, authors, price, rating)
    VALUES (%s, %s, %s, %s)
    , parameters: ('Fundamentals of Data Engineering: Plan and Build Robust Data Systems', 'Joe Reis', '38.', '4.7 out of 5 stars')
[2024-08-20T04:48:09.222+0000] {sql.py:518} INFO - Rows affected: 1
[2024-08-20T04:48:09.296+0000] {base.py:84} INFO - Retrieving connection 'books_connection'
[2024-08-20T04:48:09.329+0000] {sql.py:509} INFO - Running statement: 
    INSERT INTO books (title, authors, price, rating)
    VALUES (%s, %s, %s, %s)
    , parameters: ('Data Pipelines Pocket Reference: Moving and Processing Data for Analytics', 'James Densmore', '17.', '4.5 out of 5 stars')
[2024-08-20T04:48:09.351+0000] {sql.py:518} INFO - Rows affected: 1
[2024-08-20T04:48:09.408+0000] {base.py:84} INFO - Retrieving connection 'books_connection'
[2024-08-20T04:48:09.428+0000] {sql.py:509} INFO - Running statement: 
    INSERT INTO books (title, authors, price, rating)
    VALUES (%s, %s, %s, %s)
    , parameters: ('Designing Data-Intensive Applications: The Big Ideas Behind Reliable, Scalable, and Maintainable Systems', 'Martin Kleppmann', '35.', '4.8 out of 5 stars')
[2024-08-20T04:48:09.441+0000] {sql.py:518} INFO - Rows affected: 1
[2024-08-20T04:48:09.531+0000] {base.py:84} INFO - Retrieving connection 'books_connection'
[2024-08-20T04:48:09.541+0000] {sql.py:509} INFO - Running statement: 
    INSERT INTO books (title, authors, price, rating)
    VALUES (%s, %s, %s, %s)
    , parameters: ('Data Engineering with Python: Work with massive datasets to design data models and automate data pipelines using Python', 'Paul Crickard', '37.', '4.1 out of 5 stars')
[2024-08-20T04:48:09.545+0000] {sql.py:518} INFO - Rows affected: 1
[2024-08-20T04:48:09.562+0000] {base.py:84} INFO - Retrieving connection 'books_connection'
[2024-08-20T04:48:09.571+0000] {sql.py:509} INFO - Running statement: 
    INSERT INTO books (title, authors, price, rating)
    VALUES (%s, %s, %s, %s)
    , parameters: ('Data Engineering with Python cookbook: Learn to build efficient data pipelines using the Modern Cloud Data Stack', 'Adithyan Ramanujakootam', '29.', '5.0 out of 5 stars')
[2024-08-20T04:48:09.576+0000] {sql.py:518} INFO - Rows affected: 1
[2024-08-20T04:48:09.591+0000] {base.py:84} INFO - Retrieving connection 'books_connection'
[2024-08-20T04:48:09.602+0000] {sql.py:509} INFO - Running statement: 
    INSERT INTO books (title, authors, price, rating)
    VALUES (%s, %s, %s, %s)
    , parameters: ('Data Engineering with AWS: Learn how to design and build cloud-based data transformation pipelines using AWS', 'Gareth Eagar', '49.', '4.4 out of 5 stars')
[2024-08-20T04:48:09.606+0000] {sql.py:518} INFO - Rows affected: 1
[2024-08-20T04:48:09.630+0000] {base.py:84} INFO - Retrieving connection 'books_connection'
[2024-08-20T04:48:09.638+0000] {sql.py:509} INFO - Running statement: 
    INSERT INTO books (title, authors, price, rating)
    VALUES (%s, %s, %s, %s)
    , parameters: ('Cracking the Data Engineering Interview: Land your dream job with the help of resume-building tips, over 100 mock questions, and a unique portfolio', 'Kedeisha Bryan', '26.', '4.4 out of 5 stars')
[2024-08-20T04:48:09.644+0000] {sql.py:518} INFO - Rows affected: 1
[2024-08-20T04:48:09.660+0000] {base.py:84} INFO - Retrieving connection 'books_connection'
[2024-08-20T04:48:09.668+0000] {sql.py:509} INFO - Running statement: 
    INSERT INTO books (title, authors, price, rating)
    VALUES (%s, %s, %s, %s)
    , parameters: ('Software Engineering for Data Scientists: From Notebooks to Scalable Systems', 'Catherine Nelson', '52.', '4.5 out of 5 stars')
[2024-08-20T04:48:09.674+0000] {sql.py:518} INFO - Rows affected: 1
[2024-08-20T04:48:09.698+0000] {base.py:84} INFO - Retrieving connection 'books_connection'
[2024-08-20T04:48:09.706+0000] {sql.py:509} INFO - Running statement: 
    INSERT INTO books (title, authors, price, rating)
    VALUES (%s, %s, %s, %s)
    , parameters: ('Data Engineering with Google Cloud Platform: A guide to leveling up as a data engineer by building a scalable data platform with Google Cloud', 'Adi Wijaya', '41.', '5.0 out of 5 stars')
[2024-08-20T04:48:09.708+0000] {sql.py:518} INFO - Rows affected: 1
[2024-08-20T04:48:09.723+0000] {base.py:84} INFO - Retrieving connection 'books_connection'
[2024-08-20T04:48:09.731+0000] {sql.py:509} INFO - Running statement: 
    INSERT INTO books (title, authors, price, rating)
    VALUES (%s, %s, %s, %s)
    , parameters: ('Driving Data Quality with Data Contracts: A comprehensive guide to building reliable, trusted, and effective data platforms', 'Andrew Jones', '28.', '4.6 out of 5 stars')
[2024-08-20T04:48:09.733+0000] {sql.py:518} INFO - Rows affected: 1
[2024-08-20T04:48:09.749+0000] {base.py:84} INFO - Retrieving connection 'books_connection'
[2024-08-20T04:48:09.761+0000] {sql.py:509} INFO - Running statement: 
    INSERT INTO books (title, authors, price, rating)
    VALUES (%s, %s, %s, %s)
    , parameters: ('Data Engineering Fundamentals for Beginners: Mastering the Art of Building, Managing, and Scaling Data Systems', 'Paperback', '14.', '5.0 out of 5 stars')
[2024-08-20T04:48:09.763+0000] {sql.py:518} INFO - Rows affected: 1
[2024-08-20T04:48:09.799+0000] {base.py:84} INFO - Retrieving connection 'books_connection'
[2024-08-20T04:48:09.816+0000] {sql.py:509} INFO - Running statement: 
    INSERT INTO books (title, authors, price, rating)
    VALUES (%s, %s, %s, %s)
    , parameters: ('Data Privacy: A runbook for engineers', 'Nishant Bhajaria', '34.', '4.8 out of 5 stars')
[2024-08-20T04:48:09.818+0000] {sql.py:518} INFO - Rows affected: 1
[2024-08-20T04:48:09.849+0000] {base.py:84} INFO - Retrieving connection 'books_connection'
[2024-08-20T04:48:09.867+0000] {sql.py:509} INFO - Running statement: 
    INSERT INTO books (title, authors, price, rating)
    VALUES (%s, %s, %s, %s)
    , parameters: ('Data Engineering with Databricks Cookbook: Build effective data and AI solutions using Apache Spark, Databricks, and Delta Lake', 'Pulkit Chadha', '42.', '4.2 out of 5 stars')
[2024-08-20T04:48:09.870+0000] {sql.py:518} INFO - Rows affected: 1
[2024-08-20T04:48:09.887+0000] {base.py:84} INFO - Retrieving connection 'books_connection'
[2024-08-20T04:48:09.901+0000] {sql.py:509} INFO - Running statement: 
    INSERT INTO books (title, authors, price, rating)
    VALUES (%s, %s, %s, %s)
    , parameters: ('Data Engineering with dbt: A practical guide to building a cloud-based, pragmatic, and dependable data platform with SQL', 'Roberto Zagni', '37.', '4.6 out of 5 stars')
[2024-08-20T04:48:09.904+0000] {sql.py:518} INFO - Rows affected: 1
[2024-08-20T04:48:09.984+0000] {base.py:84} INFO - Retrieving connection 'books_connection'
[2024-08-20T04:48:10.006+0000] {sql.py:509} INFO - Running statement: 
    INSERT INTO books (title, authors, price, rating)
    VALUES (%s, %s, %s, %s)
    , parameters: ('Data-Driven Science and Engineering: Machine Learning, Dynamical Systems, and Control', 'Steven L. Brunton', '64.', '4.7 out of 5 stars')
[2024-08-20T04:48:10.027+0000] {sql.py:518} INFO - Rows affected: 1
[2024-08-20T04:48:10.058+0000] {base.py:84} INFO - Retrieving connection 'books_connection'
[2024-08-20T04:48:10.072+0000] {sql.py:509} INFO - Running statement: 
    INSERT INTO books (title, authors, price, rating)
    VALUES (%s, %s, %s, %s)
    , parameters: ("Azure Data Factory Cookbook - Second Edition: A data engineer's guide to building and managing ETL and ELT pipelines with data integration", 'Dmitry Foshin', '51.', '4.4 out of 5 stars')
[2024-08-20T04:48:10.076+0000] {sql.py:518} INFO - Rows affected: 1
[2024-08-20T04:48:10.124+0000] {base.py:84} INFO - Retrieving connection 'books_connection'
[2024-08-20T04:48:10.144+0000] {sql.py:509} INFO - Running statement: 
    INSERT INTO books (title, authors, price, rating)
    VALUES (%s, %s, %s, %s)
    , parameters: ('Mastering Large Datasets with Python: Parallelize and Distribute Your Python Code', 'John T. Wolohan', '49.', '3.9 out of 5 stars')
[2024-08-20T04:48:10.165+0000] {sql.py:518} INFO - Rows affected: 1
[2024-08-20T04:48:10.274+0000] {base.py:84} INFO - Retrieving connection 'books_connection'
[2024-08-20T04:48:10.305+0000] {sql.py:509} INFO - Running statement: 
    INSERT INTO books (title, authors, price, rating)
    VALUES (%s, %s, %s, %s)
    , parameters: ('Data Engineering with Alteryx: Helping data engineers apply DataOps practices with Alteryx', 'Paul Houghton', '44.', '4.3 out of 5 stars')
[2024-08-20T04:48:10.330+0000] {sql.py:518} INFO - Rows affected: 1
[2024-08-20T04:48:10.435+0000] {base.py:84} INFO - Retrieving connection 'books_connection'
[2024-08-20T04:48:10.474+0000] {sql.py:509} INFO - Running statement: 
    INSERT INTO books (title, authors, price, rating)
    VALUES (%s, %s, %s, %s)
    , parameters: ('Expert Data Modeling with Power BI - Second Edition: Enrich and optimize your data models to get the best out of Power BI for reporting and business needs', 'Soheil Bakhshi', '47.', '4.8 out of 5 stars')
[2024-08-20T04:48:10.482+0000] {sql.py:518} INFO - Rows affected: 1
[2024-08-20T04:48:10.529+0000] {base.py:84} INFO - Retrieving connection 'books_connection'
[2024-08-20T04:48:10.547+0000] {sql.py:509} INFO - Running statement: 
    INSERT INTO books (title, authors, price, rating)
    VALUES (%s, %s, %s, %s)
    , parameters: ('DATA ENGINEERING AND AI FOR BEGINNERS: Revolutionizing Data Processing and Analytics by Leveraging Artificial Intelligence for Efficient Input Collection, Storage, and Transformation (World of AI)', 'Paperback', '13.', '4.4 out of 5 stars')
[2024-08-20T04:48:10.567+0000] {sql.py:518} INFO - Rows affected: 1
[2024-08-20T04:48:10.596+0000] {base.py:84} INFO - Retrieving connection 'books_connection'
[2024-08-20T04:48:10.616+0000] {sql.py:509} INFO - Running statement: 
    INSERT INTO books (title, authors, price, rating)
    VALUES (%s, %s, %s, %s)
    , parameters: ('Data Engineering with Apache Spark, Delta Lake, and Lakehouse: Create scalable pipelines that ingest, curate, and aggregate complex data in a timely and secure way', 'Manoj Kukreja', '29.', '3.9 out of 5 stars')
[2024-08-20T04:48:10.649+0000] {sql.py:518} INFO - Rows affected: 1
[2024-08-20T04:48:10.798+0000] {base.py:84} INFO - Retrieving connection 'books_connection'
[2024-08-20T04:48:10.812+0000] {sql.py:509} INFO - Running statement: 
    INSERT INTO books (title, authors, price, rating)
    VALUES (%s, %s, %s, %s)
    , parameters: ('Data Mesh: Delivering Data-Driven Value at Scale', 'Zhamak Dehghani', '43.', '4.5 out of 5 stars')
[2024-08-20T04:48:10.823+0000] {sql.py:518} INFO - Rows affected: 1
[2024-08-20T04:48:10.872+0000] {base.py:84} INFO - Retrieving connection 'books_connection'
[2024-08-20T04:48:10.895+0000] {sql.py:509} INFO - Running statement: 
    INSERT INTO books (title, authors, price, rating)
    VALUES (%s, %s, %s, %s)
    , parameters: ('Machine Learning Engineering', 'Andriy Burkov', '39.', '4.7 out of 5 stars')
[2024-08-20T04:48:10.906+0000] {sql.py:518} INFO - Rows affected: 1
[2024-08-20T04:48:11.016+0000] {base.py:84} INFO - Retrieving connection 'books_connection'
[2024-08-20T04:48:11.048+0000] {sql.py:509} INFO - Running statement: 
    INSERT INTO books (title, authors, price, rating)
    VALUES (%s, %s, %s, %s)
    , parameters: ('Python Data Engineering Resources: Boost Your Career With This Python Handbook; Prepare For Python Interview; Python Programming Cookbook For Beginners and Experienced; Python Data Analysis and More', 'Vajo Lukic', '9.', '4.8 out of 5 stars')
[2024-08-20T04:48:11.053+0000] {sql.py:518} INFO - Rows affected: 1
[2024-08-20T04:48:11.091+0000] {base.py:84} INFO - Retrieving connection 'books_connection'
[2024-08-20T04:48:11.105+0000] {sql.py:509} INFO - Running statement: 
    INSERT INTO books (title, authors, price, rating)
    VALUES (%s, %s, %s, %s)
    , parameters: ('The Enterprise Data Catalog: Improve Data Discovery, Ensure Data Governance, and Enable Innovation', 'Ole Olesen-Bagneux', '31.', '4.5 out of 5 stars')
[2024-08-20T04:48:11.117+0000] {sql.py:518} INFO - Rows affected: 1
[2024-08-20T04:48:11.142+0000] {base.py:84} INFO - Retrieving connection 'books_connection'
[2024-08-20T04:48:11.158+0000] {sql.py:509} INFO - Running statement: 
    INSERT INTO books (title, authors, price, rating)
    VALUES (%s, %s, %s, %s)
    , parameters: ('Data Engineering with Databricks', 'Paperback', '25.', '3.4 out of 5 stars')
[2024-08-20T04:48:11.162+0000] {sql.py:518} INFO - Rows affected: 1
[2024-08-20T04:48:11.190+0000] {base.py:84} INFO - Retrieving connection 'books_connection'
[2024-08-20T04:48:11.215+0000] {sql.py:509} INFO - Running statement: 
    INSERT INTO books (title, authors, price, rating)
    VALUES (%s, %s, %s, %s)
    , parameters: ('Ace the Data Science Interview: 201 Real Interview Questions Asked By FAANG, Tech Startups, & Wall Street', 'Nick Singh', '42.', '4.5 out of 5 stars')
[2024-08-20T04:48:11.218+0000] {sql.py:518} INFO - Rows affected: 1
[2024-08-20T04:48:11.289+0000] {base.py:84} INFO - Retrieving connection 'books_connection'
[2024-08-20T04:48:11.296+0000] {sql.py:509} INFO - Running statement: 
    INSERT INTO books (title, authors, price, rating)
    VALUES (%s, %s, %s, %s)
    , parameters: ('Modern Data Engineering with Apache Spark: A Hands-On Guide for Building Mission-Critical Streaming Applications', 'Scott Haines', '30.', '4.1 out of 5 stars')
[2024-08-20T04:48:11.315+0000] {sql.py:518} INFO - Rows affected: 1
[2024-08-20T04:48:11.375+0000] {base.py:84} INFO - Retrieving connection 'books_connection'
[2024-08-20T04:48:11.394+0000] {sql.py:509} INFO - Running statement: 
    INSERT INTO books (title, authors, price, rating)
    VALUES (%s, %s, %s, %s)
    , parameters: ('Data Modeling with Snowflake: A practical guide to accelerating Snowflake development using universal data modeling techniques', 'Serge Gershkovich', '36.', '4.8 out of 5 stars')
[2024-08-20T04:48:11.399+0000] {sql.py:518} INFO - Rows affected: 1
[2024-08-20T04:48:11.422+0000] {base.py:84} INFO - Retrieving connection 'books_connection'
[2024-08-20T04:48:11.437+0000] {sql.py:509} INFO - Running statement: 
    INSERT INTO books (title, authors, price, rating)
    VALUES (%s, %s, %s, %s)
    , parameters: ('Storytelling with Data: A Data Visualization Guide for Business Professionals', 'Cole Nussbaumer Knaflic', '27.', '4.6 out of 5 stars')
[2024-08-20T04:48:11.441+0000] {sql.py:518} INFO - Rows affected: 1
[2024-08-20T04:48:11.479+0000] {base.py:84} INFO - Retrieving connection 'books_connection'
[2024-08-20T04:48:11.494+0000] {sql.py:509} INFO - Running statement: 
    INSERT INTO books (title, authors, price, rating)
    VALUES (%s, %s, %s, %s)
    , parameters: ('97 Things Every Data Engineer Should Know: Collective Wisdom from the Experts', 'Audible Audiobook', '0.', '4.1 out of 5 stars')
[2024-08-20T04:48:11.509+0000] {sql.py:518} INFO - Rows affected: 1
[2024-08-20T04:48:11.549+0000] {base.py:84} INFO - Retrieving connection 'books_connection'
[2024-08-20T04:48:11.569+0000] {sql.py:509} INFO - Running statement: 
    INSERT INTO books (title, authors, price, rating)
    VALUES (%s, %s, %s, %s)
    , parameters: ("Data Quality Fundamentals: A Practitioner's Guide to Building Trustworthy Data Pipelines", 'Paperback', '45.', '4.1 out of 5 stars')
[2024-08-20T04:48:11.582+0000] {sql.py:518} INFO - Rows affected: 1
[2024-08-20T04:48:11.622+0000] {base.py:84} INFO - Retrieving connection 'books_connection'
[2024-08-20T04:48:11.652+0000] {sql.py:509} INFO - Running statement: 
    INSERT INTO books (title, authors, price, rating)
    VALUES (%s, %s, %s, %s)
    , parameters: ('Data Engineering with Google Cloud Platform: A practical guide to operationalizing scalable data analytics systems on GCP', 'Adi Wijaya', '41.', '4.7 out of 5 stars')
[2024-08-20T04:48:11.655+0000] {sql.py:518} INFO - Rows affected: 1
[2024-08-20T04:48:11.675+0000] {base.py:84} INFO - Retrieving connection 'books_connection'
[2024-08-20T04:48:11.688+0000] {sql.py:509} INFO - Running statement: 
    INSERT INTO books (title, authors, price, rating)
    VALUES (%s, %s, %s, %s)
    , parameters: ('Fundamentals of Data Analytics: Learn Essential Skills, Embrace the Future, and Catapult Your Career in the Data-Driven World—A Comprehensive Guide to Data Literacy for Beginners', 'Russell Dawson', '16.', '4.8 out of 5 stars')
[2024-08-20T04:48:11.691+0000] {sql.py:518} INFO - Rows affected: 1
[2024-08-20T04:48:11.712+0000] {base.py:84} INFO - Retrieving connection 'books_connection'
[2024-08-20T04:48:11.723+0000] {sql.py:509} INFO - Running statement: 
    INSERT INTO books (title, authors, price, rating)
    VALUES (%s, %s, %s, %s)
    , parameters: ('Prompt Engineering for Generative AI: Future-Proof Inputs for Reliable AI Outputs', 'James Phoenix', '57.', '4.4 out of 5 stars')
[2024-08-20T04:48:11.725+0000] {sql.py:518} INFO - Rows affected: 1
[2024-08-20T04:48:11.749+0000] {base.py:84} INFO - Retrieving connection 'books_connection'
[2024-08-20T04:48:11.771+0000] {sql.py:509} INFO - Running statement: 
    INSERT INTO books (title, authors, price, rating)
    VALUES (%s, %s, %s, %s)
    , parameters: ('Analytics Engineering with SQL and dbt: Building Meaningful Data Models at Scale', 'Rui Pedro Machado', '41.', '3.8 out of 5 stars')
[2024-08-20T04:48:11.785+0000] {sql.py:518} INFO - Rows affected: 1
[2024-08-20T04:48:11.823+0000] {base.py:84} INFO - Retrieving connection 'books_connection'
[2024-08-20T04:48:11.842+0000] {sql.py:509} INFO - Running statement: 
    INSERT INTO books (title, authors, price, rating)
    VALUES (%s, %s, %s, %s)
    , parameters: ('Python Programming and SQL: 5 books in 1 - The #1 Coding Course from Beginner to Advanced. Learn it Well & Fast (2024) (Computer Programming)', 'Paperback', '32.', '4.3 out of 5 stars')
[2024-08-20T04:48:11.854+0000] {sql.py:518} INFO - Rows affected: 1
[2024-08-20T04:48:11.911+0000] {base.py:84} INFO - Retrieving connection 'books_connection'
[2024-08-20T04:48:11.926+0000] {sql.py:509} INFO - Running statement: 
    INSERT INTO books (title, authors, price, rating)
    VALUES (%s, %s, %s, %s)
    , parameters: ('Data Observability for Data Engineering: Proactive strategies for ensuring data accuracy and addressing broken data pipelines', 'Michele Pinto', '18.', '3.7 out of 5 stars')
[2024-08-20T04:48:11.930+0000] {sql.py:518} INFO - Rows affected: 1
[2024-08-20T04:48:11.992+0000] {base.py:84} INFO - Retrieving connection 'books_connection'
[2024-08-20T04:48:12.046+0000] {sql.py:509} INFO - Running statement: 
    INSERT INTO books (title, authors, price, rating)
    VALUES (%s, %s, %s, %s)
    , parameters: ("Ultimate Data Engineering with Databricks: Develop Scalable Data Pipelines Using Data Engineering's Core Tenets Such as Delta Tables, Ingestion, ... Security, and Scalability (English Edition)", 'Mayank Malhotra', '37.', '3.8 out of 5 stars')
[2024-08-20T04:48:12.058+0000] {sql.py:518} INFO - Rows affected: 1
[2024-08-20T04:48:12.127+0000] {base.py:84} INFO - Retrieving connection 'books_connection'
[2024-08-20T04:48:12.135+0000] {sql.py:509} INFO - Running statement: 
    INSERT INTO books (title, authors, price, rating)
    VALUES (%s, %s, %s, %s)
    , parameters: ('The Data Warehouse Toolkit: The Definitive Guide to Dimensional Modeling', 'Paperback', '47.', '4.7 out of 5 stars')
[2024-08-20T04:48:12.153+0000] {sql.py:518} INFO - Rows affected: 1
[2024-08-20T04:48:12.179+0000] {base.py:84} INFO - Retrieving connection 'books_connection'
[2024-08-20T04:48:12.194+0000] {sql.py:509} INFO - Running statement: 
    INSERT INTO books (title, authors, price, rating)
    VALUES (%s, %s, %s, %s)
    , parameters: ('Official Google Cloud Certified Professional Data Engineer Study Guide', 'Dan Sullivan', '33.', '4.5 out of 5 stars')
[2024-08-20T04:48:12.199+0000] {sql.py:518} INFO - Rows affected: 1
[2024-08-20T04:48:12.231+0000] {base.py:84} INFO - Retrieving connection 'books_connection'
[2024-08-20T04:48:12.239+0000] {sql.py:509} INFO - Running statement: 
    INSERT INTO books (title, authors, price, rating)
    VALUES (%s, %s, %s, %s)
    , parameters: ('Concepts of Generative AI and Data Engineering: Vital Concepts in Data Engineering and the World of Generative AI', 'Kindle', '29.', '5.0 out of 5 stars')
[2024-08-20T04:48:12.245+0000] {sql.py:518} INFO - Rows affected: 1
[2024-08-20T04:48:12.281+0000] {base.py:84} INFO - Retrieving connection 'books_connection'
[2024-08-20T04:48:12.305+0000] {sql.py:509} INFO - Running statement: 
    INSERT INTO books (title, authors, price, rating)
    VALUES (%s, %s, %s, %s)
    , parameters: ('Data Engineering and Data Science for Babies: Activity Workbook Part 1', 'Paperback', '9.', '4.1 out of 5 stars')
[2024-08-20T04:48:12.308+0000] {sql.py:518} INFO - Rows affected: 1
[2024-08-20T04:48:12.331+0000] {base.py:84} INFO - Retrieving connection 'books_connection'
[2024-08-20T04:48:12.343+0000] {sql.py:509} INFO - Running statement: 
    INSERT INTO books (title, authors, price, rating)
    VALUES (%s, %s, %s, %s)
    , parameters: ('Data Analytics, Data Visualization & Communicating Data: 3 books in 1: Learn the Processes of Data Analytics and Data Science, Create Engaging Data Visualizations, and Present Data Effectively', 'Audible Audiobook', '0.', '4.5 out of 5 stars')
[2024-08-20T04:48:12.349+0000] {sql.py:518} INFO - Rows affected: 1
[2024-08-20T04:48:12.373+0000] {base.py:84} INFO - Retrieving connection 'books_connection'
[2024-08-20T04:48:12.391+0000] {sql.py:509} INFO - Running statement: 
    INSERT INTO books (title, authors, price, rating)
    VALUES (%s, %s, %s, %s)
    , parameters: ('Learning Spark: Lightning-Fast Data Analytics', 'Jules S. Damji', '43.', '4.7 out of 5 stars')
[2024-08-20T04:48:12.393+0000] {sql.py:518} INFO - Rows affected: 1
[2024-08-20T04:48:12.412+0000] {base.py:84} INFO - Retrieving connection 'books_connection'
[2024-08-20T04:48:12.427+0000] {sql.py:509} INFO - Running statement: 
    INSERT INTO books (title, authors, price, rating)
    VALUES (%s, %s, %s, %s)
    , parameters: ('Fundamentals of Data Engineering: Efficiency, Insight, Impact: Transforming Data into Value through Expert Engineering Practices', 'Joseph Achakji', '0.', '4.6 out of 5 stars')
[2024-08-20T04:48:12.429+0000] {sql.py:518} INFO - Rows affected: 1
[2024-08-20T04:48:12.463+0000] {base.py:84} INFO - Retrieving connection 'books_connection'
[2024-08-20T04:48:12.473+0000] {sql.py:509} INFO - Running statement: 
    INSERT INTO books (title, authors, price, rating)
    VALUES (%s, %s, %s, %s)
    , parameters: ('Data Stewardship: An Actionable Guide to Effective Data Management and Data Governance', 'Paperback', '46.', '4.7 out of 5 stars')
[2024-08-20T04:48:12.477+0000] {sql.py:518} INFO - Rows affected: 1
[2024-08-20T04:48:12.506+0000] {base.py:84} INFO - Retrieving connection 'books_connection'
[2024-08-20T04:48:12.532+0000] {sql.py:509} INFO - Running statement: 
    INSERT INTO books (title, authors, price, rating)
    VALUES (%s, %s, %s, %s)
    , parameters: ("SQL QuickStart Guide: The Simplified Beginner's Guide to Managing, Analyzing, and Manipulating Data With SQL (Coding & Programming - QuickStart Guides)", 'Paperback', '23.', '4.6 out of 5 stars')
[2024-08-20T04:48:12.541+0000] {sql.py:518} INFO - Rows affected: 1
[2024-08-20T04:48:12.576+0000] {base.py:84} INFO - Retrieving connection 'books_connection'
[2024-08-20T04:48:12.593+0000] {sql.py:509} INFO - Running statement: 
    INSERT INTO books (title, authors, price, rating)
    VALUES (%s, %s, %s, %s)
    , parameters: ('Database Internals: A Deep Dive into How Distributed Data Systems Work', 'Alex Petrov', '36.', '4.6 out of 5 stars')
[2024-08-20T04:48:12.596+0000] {sql.py:518} INFO - Rows affected: 1
[2024-08-20T04:48:12.623+0000] {base.py:84} INFO - Retrieving connection 'books_connection'
[2024-08-20T04:48:12.642+0000] {sql.py:509} INFO - Running statement: 
    INSERT INTO books (title, authors, price, rating)
    VALUES (%s, %s, %s, %s)
    , parameters: ('Electrical engineering without prior knowledge: Understand the basics within 7 days (Become an Engineer Without Prior Knowledge)', 'Paperback', '17.', '4.4 out of 5 stars')
[2024-08-20T04:48:12.646+0000] {sql.py:518} INFO - Rows affected: 1
[2024-08-20T04:48:12.658+0000] {base.py:84} INFO - Retrieving connection 'books_connection'
[2024-08-20T04:48:12.666+0000] {sql.py:509} INFO - Running statement: 
    INSERT INTO books (title, authors, price, rating)
    VALUES (%s, %s, %s, %s)
    , parameters: ('Systems Engineering Demystified - Second Edition: Apply modern, model-based systems engineering techniques to build complex systems', 'Jon Holt', '45.', '4.7 out of 5 stars')
[2024-08-20T04:48:12.668+0000] {sql.py:518} INFO - Rows affected: 1
[2024-08-20T04:48:12.702+0000] {base.py:84} INFO - Retrieving connection 'books_connection'
[2024-08-20T04:48:12.710+0000] {sql.py:509} INFO - Running statement: 
    INSERT INTO books (title, authors, price, rating)
    VALUES (%s, %s, %s, %s)
    , parameters: ('Machine Learning Engineering with Python - Second Edition: Manage the lifecycle of machine learning models using MLOps with practical examples', 'Andrew McMahon', '32.', '4.7 out of 5 stars')
[2024-08-20T04:48:12.718+0000] {sql.py:518} INFO - Rows affected: 1
[2024-08-20T04:48:12.744+0000] {base.py:84} INFO - Retrieving connection 'books_connection'
[2024-08-20T04:48:12.770+0000] {sql.py:509} INFO - Running statement: 
    INSERT INTO books (title, authors, price, rating)
    VALUES (%s, %s, %s, %s)
    , parameters: ('Python Feature Engineering Cookbook: Over 70 recipes for creating, engineering, and transforming features to build machine learning models, 2nd Edition', 'Soledad Galli', '44.', '4.4 out of 5 stars')
[2024-08-20T04:48:12.774+0000] {sql.py:518} INFO - Rows affected: 1
[2024-08-20T04:48:12.792+0000] {base.py:84} INFO - Retrieving connection 'books_connection'
[2024-08-20T04:48:12.806+0000] {sql.py:509} INFO - Running statement: 
    INSERT INTO books (title, authors, price, rating)
    VALUES (%s, %s, %s, %s)
    , parameters: ("Applied Machine Learning and AI for Engineers: Solve Business Problems That Can't Be Solved Algorithmically", 'Jeff Prosise', '55.', '4.5 out of 5 stars')
[2024-08-20T04:48:12.809+0000] {sql.py:518} INFO - Rows affected: 1
[2024-08-20T04:48:12.826+0000] {base.py:84} INFO - Retrieving connection 'books_connection'
[2024-08-20T04:48:12.835+0000] {sql.py:509} INFO - Running statement: 
    INSERT INTO books (title, authors, price, rating)
    VALUES (%s, %s, %s, %s)
    , parameters: ('Fundamentals of Data Visualization: A Primer on Making Informative and Compelling Figures', 'Claus Wilke', '49.', '4.6 out of 5 stars')
[2024-08-20T04:48:12.840+0000] {sql.py:518} INFO - Rows affected: 1
[2024-08-20T04:48:12.852+0000] {base.py:84} INFO - Retrieving connection 'books_connection'
[2024-08-20T04:48:12.859+0000] {sql.py:509} INFO - Running statement: 
    INSERT INTO books (title, authors, price, rating)
    VALUES (%s, %s, %s, %s)
    , parameters: ("Data: Principles To Practice - Volume 1 'Foundations': Essential Foundations: Key Concepts behind Data Architecture, Engineering and Analysis for Professionals", 'Alex Holloway', '0.', '4.7 out of 5 stars')
[2024-08-20T04:48:12.864+0000] {sql.py:518} INFO - Rows affected: 1
[2024-08-20T04:48:12.893+0000] {base.py:84} INFO - Retrieving connection 'books_connection'
[2024-08-20T04:48:12.906+0000] {sql.py:509} INFO - Running statement: 
    INSERT INTO books (title, authors, price, rating)
    VALUES (%s, %s, %s, %s)
    , parameters: ('How Data Happened: A History from the Age of Reason to the Age of Algorithms', 'Chris Wiggins', '16.', '4.2 out of 5 stars')
[2024-08-20T04:48:12.911+0000] {sql.py:518} INFO - Rows affected: 1
[2024-08-20T04:48:12.931+0000] {base.py:84} INFO - Retrieving connection 'books_connection'
[2024-08-20T04:48:12.939+0000] {sql.py:509} INFO - Running statement: 
    INSERT INTO books (title, authors, price, rating)
    VALUES (%s, %s, %s, %s)
    , parameters: ('Data Science (The MIT Press Essential Knowledge series)', 'Paperback', '10.', '4.4 out of 5 stars')
[2024-08-20T04:48:12.944+0000] {sql.py:518} INFO - Rows affected: 1
[2024-08-20T04:48:12.961+0000] {base.py:84} INFO - Retrieving connection 'books_connection'
[2024-08-20T04:48:12.967+0000] {sql.py:509} INFO - Running statement: 
    INSERT INTO books (title, authors, price, rating)
    VALUES (%s, %s, %s, %s)
    , parameters: ('Better Data Visualizations: A Guide for Scholars, Researchers, and Wonks', 'Jonathan Schwabish', '26.', '4.5 out of 5 stars')
[2024-08-20T04:48:12.970+0000] {sql.py:518} INFO - Rows affected: 1
[2024-08-20T04:48:12.991+0000] {base.py:84} INFO - Retrieving connection 'books_connection'
[2024-08-20T04:48:12.999+0000] {sql.py:509} INFO - Running statement: 
    INSERT INTO books (title, authors, price, rating)
    VALUES (%s, %s, %s, %s)
    , parameters: ('Mastering the Data Paradox: Key to Winning in the AI Age', 'Nitin Seth', '18.', '4.8 out of 5 stars')
[2024-08-20T04:48:13.001+0000] {sql.py:518} INFO - Rows affected: 1
[2024-08-20T04:48:13.061+0000] {base.py:84} INFO - Retrieving connection 'books_connection'
[2024-08-20T04:48:13.079+0000] {sql.py:509} INFO - Running statement: 
    INSERT INTO books (title, authors, price, rating)
    VALUES (%s, %s, %s, %s)
    , parameters: ("System Design Interview – An insider's guide", 'Alex Xu', '37.', '4.6 out of 5 stars')
[2024-08-20T04:48:13.084+0000] {sql.py:518} INFO - Rows affected: 1
[2024-08-20T04:48:13.145+0000] {base.py:84} INFO - Retrieving connection 'books_connection'
[2024-08-20T04:48:13.155+0000] {sql.py:509} INFO - Running statement: 
    INSERT INTO books (title, authors, price, rating)
    VALUES (%s, %s, %s, %s)
    , parameters: ('Data Science on AWS: Implementing End-to-End, Continuous AI and Machine Learning Pipelines', 'Chris Fregly', '11.', '4.5 out of 5 stars')
[2024-08-20T04:48:13.161+0000] {sql.py:518} INFO - Rows affected: 1
[2024-08-20T04:48:13.179+0000] {base.py:84} INFO - Retrieving connection 'books_connection'
[2024-08-20T04:48:13.190+0000] {sql.py:509} INFO - Running statement: 
    INSERT INTO books (title, authors, price, rating)
    VALUES (%s, %s, %s, %s)
    , parameters: ('A Common-Sense Guide to Data Structures and Algorithms, Second Edition: Level Up Your Core Programming Skills', 'Jay Wengrow', '39.', '4.7 out of 5 stars')
[2024-08-20T04:48:13.192+0000] {sql.py:518} INFO - Rows affected: 1
[2024-08-20T04:48:13.216+0000] {base.py:84} INFO - Retrieving connection 'books_connection'
[2024-08-20T04:48:13.223+0000] {sql.py:509} INFO - Running statement: 
    INSERT INTO books (title, authors, price, rating)
    VALUES (%s, %s, %s, %s)
    , parameters: ('Ultimate Azure Data Engineering: Build Robust Data Engineering Systems on Azure with SQL, ETL, Data Modeling, and Power BI for Business Insights and Crack Azure Certifications (English Edition)', 'Ashish Agarwal', '39.', '5.0 out of 5 stars')
[2024-08-20T04:48:13.260+0000] {sql.py:518} INFO - Rows affected: 1
[2024-08-20T04:48:13.297+0000] {base.py:84} INFO - Retrieving connection 'books_connection'
[2024-08-20T04:48:13.314+0000] {sql.py:509} INFO - Running statement: 
    INSERT INTO books (title, authors, price, rating)
    VALUES (%s, %s, %s, %s)
    , parameters: ('Feature Engineering for Machine Learning: Principles and Techniques for Data Scientists', 'Alice Zheng', '41.', '4.4 out of 5 stars')
[2024-08-20T04:48:13.316+0000] {sql.py:518} INFO - Rows affected: 1
[2024-08-20T04:48:13.344+0000] {base.py:84} INFO - Retrieving connection 'books_connection'
[2024-08-20T04:48:13.359+0000] {sql.py:509} INFO - Running statement: 
    INSERT INTO books (title, authors, price, rating)
    VALUES (%s, %s, %s, %s)
    , parameters: ('Data Quality Engineering in Financial Services: Applying Manufacturing Techniques to Data', 'Brian Buzzelli', '30.', '4.4 out of 5 stars')
[2024-08-20T04:48:13.361+0000] {sql.py:518} INFO - Rows affected: 1
[2024-08-20T04:48:13.405+0000] {base.py:84} INFO - Retrieving connection 'books_connection'
[2024-08-20T04:48:13.429+0000] {sql.py:509} INFO - Running statement: 
    INSERT INTO books (title, authors, price, rating)
    VALUES (%s, %s, %s, %s)
    , parameters: ('The Data Governance Guidebook and Playbook: By a Practitioner for Practitioners', 'Paperback', '25.', '4.3 out of 5 stars')
[2024-08-20T04:48:13.437+0000] {sql.py:518} INFO - Rows affected: 1
[2024-08-20T04:48:13.471+0000] {base.py:84} INFO - Retrieving connection 'books_connection'
[2024-08-20T04:48:13.483+0000] {sql.py:509} INFO - Running statement: 
    INSERT INTO books (title, authors, price, rating)
    VALUES (%s, %s, %s, %s)
    , parameters: ('Engineers Survival Guide: Advice, tactics, and tricks After a decade of working at Facebook, Snapchat, and Microsoft', 'Merih Taze', '29.', '4.4 out of 5 stars')
[2024-08-20T04:48:13.485+0000] {sql.py:518} INFO - Rows affected: 1
[2024-08-20T04:48:13.516+0000] {base.py:84} INFO - Retrieving connection 'books_connection'
[2024-08-20T04:48:13.545+0000] {sql.py:509} INFO - Running statement: 
    INSERT INTO books (title, authors, price, rating)
    VALUES (%s, %s, %s, %s)
    , parameters: ('SQL Data Analytics Made Easy: Your Step-by-Step Guide to Unlocking Data’s Hidden Secrets: Demystify complex concepts, and harness the power of data to drive intelligent decision-making effortlessly.', 'L.D. Knowings', '14.', '4.1 out of 5 stars')
[2024-08-20T04:48:13.580+0000] {sql.py:518} INFO - Rows affected: 1
[2024-08-20T04:48:13.616+0000] {base.py:84} INFO - Retrieving connection 'books_connection'
[2024-08-20T04:48:13.633+0000] {sql.py:509} INFO - Running statement: 
    INSERT INTO books (title, authors, price, rating)
    VALUES (%s, %s, %s, %s)
    , parameters: ('AWS Certified Data Analytics Study Guide: Specialty (DAS-C01) Exam', 'Asif Abbasi', '31.', '4.6 out of 5 stars')
[2024-08-20T04:48:13.636+0000] {sql.py:518} INFO - Rows affected: 1
[2024-08-20T04:48:13.691+0000] {base.py:84} INFO - Retrieving connection 'books_connection'
[2024-08-20T04:48:13.711+0000] {sql.py:509} INFO - Running statement: 
    INSERT INTO books (title, authors, price, rating)
    VALUES (%s, %s, %s, %s)
    , parameters: ('Modeling and Simulation in Python: An Introduction for Scientists and Engineers', 'Allen B. Downey', '32.', '4.5 out of 5 stars')
[2024-08-20T04:48:13.715+0000] {sql.py:518} INFO - Rows affected: 1
[2024-08-20T04:48:13.749+0000] {base.py:84} INFO - Retrieving connection 'books_connection'
[2024-08-20T04:48:13.775+0000] {sql.py:509} INFO - Running statement: 
    INSERT INTO books (title, authors, price, rating)
    VALUES (%s, %s, %s, %s)
    , parameters: ('50 Algorithms Every Programmer Should Know - Second Edition: An unbeatable arsenal of algorithmic solutions for real-world problems', 'Imran Ahmad', '37.', '4.4 out of 5 stars')
[2024-08-20T04:48:13.778+0000] {sql.py:518} INFO - Rows affected: 1
[2024-08-20T04:48:13.816+0000] {base.py:84} INFO - Retrieving connection 'books_connection'
[2024-08-20T04:48:13.827+0000] {sql.py:509} INFO - Running statement: 
    INSERT INTO books (title, authors, price, rating)
    VALUES (%s, %s, %s, %s)
    , parameters: ('Data Science: The Hard Parts: Techniques for Excelling at Data Science', 'Daniel Vaughan', '48.', '5.0 out of 5 stars')
[2024-08-20T04:48:13.830+0000] {sql.py:518} INFO - Rows affected: 1
[2024-08-20T04:48:13.857+0000] {base.py:84} INFO - Retrieving connection 'books_connection'
[2024-08-20T04:48:13.869+0000] {sql.py:509} INFO - Running statement: 
    INSERT INTO books (title, authors, price, rating)
    VALUES (%s, %s, %s, %s)
    , parameters: ('Data Management at Scale: Modern Data Architecture with Data Mesh and Data Fabric', 'Piethein Strengholt', '47.', '4.5 out of 5 stars')
[2024-08-20T04:48:13.886+0000] {sql.py:518} INFO - Rows affected: 1
[2024-08-20T04:48:13.914+0000] {base.py:84} INFO - Retrieving connection 'books_connection'
[2024-08-20T04:48:13.930+0000] {sql.py:509} INFO - Running statement: 
    INSERT INTO books (title, authors, price, rating)
    VALUES (%s, %s, %s, %s)
    , parameters: ('Architecting Data and Machine Learning Platforms: Enable Analytics and AI-Driven Innovation in the Cloud', 'Marco Tranquillin', '37.', '4.3 out of 5 stars')
[2024-08-20T04:48:13.935+0000] {sql.py:518} INFO - Rows affected: 1
[2024-08-20T04:48:13.963+0000] {base.py:84} INFO - Retrieving connection 'books_connection'
[2024-08-20T04:48:13.981+0000] {sql.py:509} INFO - Running statement: 
    INSERT INTO books (title, authors, price, rating)
    VALUES (%s, %s, %s, %s)
    , parameters: ('Data-Centric Machine Learning with Python: The ultimate guide to engineering and deploying high-quality models based on good data', 'Jonas Christensen', '49.', '4.6 out of 5 stars')
[2024-08-20T04:48:13.993+0000] {sql.py:518} INFO - Rows affected: 1
[2024-08-20T04:48:14.018+0000] {base.py:84} INFO - Retrieving connection 'books_connection'
[2024-08-20T04:48:14.030+0000] {sql.py:509} INFO - Running statement: 
    INSERT INTO books (title, authors, price, rating)
    VALUES (%s, %s, %s, %s)
    , parameters: ('Building ETL Pipelines with Python: Create and deploy enterprise-ready ETL pipelines by employing modern methods', 'Brij Kishore Pandey', '17.', '4.2 out of 5 stars')
[2024-08-20T04:48:14.033+0000] {sql.py:518} INFO - Rows affected: 1
[2024-08-20T04:48:14.053+0000] {base.py:84} INFO - Retrieving connection 'books_connection'
[2024-08-20T04:48:14.064+0000] {sql.py:509} INFO - Running statement: 
    INSERT INTO books (title, authors, price, rating)
    VALUES (%s, %s, %s, %s)
    , parameters: ('Hypothesis Testing: An Intuitive Guide for Making Data Driven Decisions', 'Jim Frost', '23.', '4.5 out of 5 stars')
[2024-08-20T04:48:14.066+0000] {sql.py:518} INFO - Rows affected: 1
[2024-08-20T04:48:14.081+0000] {base.py:84} INFO - Retrieving connection 'books_connection'
[2024-08-20T04:48:14.091+0000] {sql.py:509} INFO - Running statement: 
    INSERT INTO books (title, authors, price, rating)
    VALUES (%s, %s, %s, %s)
    , parameters: ('The Art of Doing Science and Engineering: Learning to Learn', 'Richard W. Hamming', '19.', '4.6 out of 5 stars')
[2024-08-20T04:48:14.093+0000] {sql.py:518} INFO - Rows affected: 1
[2024-08-20T04:48:14.110+0000] {base.py:84} INFO - Retrieving connection 'books_connection'
[2024-08-20T04:48:14.135+0000] {sql.py:509} INFO - Running statement: 
    INSERT INTO books (title, authors, price, rating)
    VALUES (%s, %s, %s, %s)
    , parameters: ('Designing Cloud Data Platforms', 'Audible Audiobook', '0.', '4.7 out of 5 stars')
[2024-08-20T04:48:14.145+0000] {sql.py:518} INFO - Rows affected: 1
[2024-08-20T04:48:14.192+0000] {base.py:84} INFO - Retrieving connection 'books_connection'
[2024-08-20T04:48:14.212+0000] {sql.py:509} INFO - Running statement: 
    INSERT INTO books (title, authors, price, rating)
    VALUES (%s, %s, %s, %s)
    , parameters: ('Practical Reverse Engineering: x86, x64, ARM, Windows Kernel, Reversing Tools, and Obfuscation', 'Bruce Dang', '34.', '4.6 out of 5 stars')
[2024-08-20T04:48:14.217+0000] {sql.py:518} INFO - Rows affected: 1
[2024-08-20T04:48:14.270+0000] {base.py:84} INFO - Retrieving connection 'books_connection'
[2024-08-20T04:48:14.286+0000] {sql.py:509} INFO - Running statement: 
    INSERT INTO books (title, authors, price, rating)
    VALUES (%s, %s, %s, %s)
    , parameters: ('Mastering Databricks Lakehouse Platform: Perform Data Warehousing, Data Engineering, Machine Learning, DevOps, and BI into a Single Platform (English Edition)', 'Sagar Lad', '26.', '3.6 out of 5 stars')
[2024-08-20T04:48:14.291+0000] {sql.py:518} INFO - Rows affected: 1
[2024-08-20T04:48:14.314+0000] {base.py:84} INFO - Retrieving connection 'books_connection'
[2024-08-20T04:48:14.326+0000] {sql.py:509} INFO - Running statement: 
    INSERT INTO books (title, authors, price, rating)
    VALUES (%s, %s, %s, %s)
    , parameters: ('Practical Fraud Prevention: Fraud and AML Analytics for Fintech and eCommerce, Using SQL and Python', 'Gilit Saporta', '47.', '4.4 out of 5 stars')
[2024-08-20T04:48:14.331+0000] {sql.py:518} INFO - Rows affected: 1
[2024-08-20T04:48:14.346+0000] {base.py:84} INFO - Retrieving connection 'books_connection'
[2024-08-20T04:48:14.359+0000] {sql.py:509} INFO - Running statement: 
    INSERT INTO books (title, authors, price, rating)
    VALUES (%s, %s, %s, %s)
    , parameters: ('Observability Engineering: Achieving Production Excellence', 'Charity Majors', '34.', '4.3 out of 5 stars')
[2024-08-20T04:48:14.362+0000] {sql.py:518} INFO - Rows affected: 1
[2024-08-20T04:48:14.384+0000] {base.py:84} INFO - Retrieving connection 'books_connection'
[2024-08-20T04:48:14.398+0000] {sql.py:509} INFO - Running statement: 
    INSERT INTO books (title, authors, price, rating)
    VALUES (%s, %s, %s, %s)
    , parameters: ('Data Structures and Algorithms: 100 Interview Questions (Advanced Topics in Programming Book 2)', 'Kindle', '9.', '5.0 out of 5 stars')
[2024-08-20T04:48:14.400+0000] {sql.py:518} INFO - Rows affected: 1
[2024-08-20T04:48:14.427+0000] {base.py:84} INFO - Retrieving connection 'books_connection'
[2024-08-20T04:48:14.443+0000] {sql.py:509} INFO - Running statement: 
    INSERT INTO books (title, authors, price, rating)
    VALUES (%s, %s, %s, %s)
    , parameters: ('Grokking Algorithms', 'Audible Audiobook', '0.', '4.6 out of 5 stars')
[2024-08-20T04:48:14.445+0000] {sql.py:518} INFO - Rows affected: 1
[2024-08-20T04:48:14.482+0000] {base.py:84} INFO - Retrieving connection 'books_connection'
[2024-08-20T04:48:14.496+0000] {sql.py:509} INFO - Running statement: 
    INSERT INTO books (title, authors, price, rating)
    VALUES (%s, %s, %s, %s)
    , parameters: ("Storytelling with Data: Let's Practice!", 'Cole Nussbaumer Knaflic', '28.', '4.7 out of 5 stars')
[2024-08-20T04:48:14.499+0000] {sql.py:518} INFO - Rows affected: 1
[2024-08-20T04:48:14.519+0000] {base.py:84} INFO - Retrieving connection 'books_connection'
[2024-08-20T04:48:14.535+0000] {sql.py:509} INFO - Running statement: 
    INSERT INTO books (title, authors, price, rating)
    VALUES (%s, %s, %s, %s)
    , parameters: ('Restricted Data: The History of Nuclear Secrecy in the United States', 'Alex Wellerstein', '2.', '4.7 out of 5 stars')
[2024-08-20T04:48:14.541+0000] {sql.py:518} INFO - Rows affected: 1
[2024-08-20T04:48:14.544+0000] {python.py:240} INFO - Done. Returned value was: None
[2024-08-20T04:48:14.566+0000] {taskinstance.py:340} INFO - ::group::Post task execution logs
[2024-08-20T04:48:14.569+0000] {taskinstance.py:352} INFO - Marking task as SUCCESS. dag_id=fetch_and_store_DE_books, task_id=insert_book_data, run_id=scheduled__2024-06-29T00:00:00+00:00, execution_date=20240629T000000, start_date=20240820T044808, end_date=20240820T044814
[2024-08-20T04:48:14.650+0000] {logging_mixin.py:190} INFO - Task instance in success state
[2024-08-20T04:48:14.651+0000] {logging_mixin.py:190} INFO -  Previous state of the Task instance: running
[2024-08-20T04:48:14.651+0000] {logging_mixin.py:190} INFO - Dag name:fetch_and_store_DE_books queued_at:2024-08-20 04:41:44.354834+00:00
[2024-08-20T04:48:14.653+0000] {logging_mixin.py:190} INFO - Task hostname:668944ed7238 operator:PythonOperator
[2024-08-20T04:48:14.696+0000] {local_task_job_runner.py:261} INFO - Task exited with return code 0
[2024-08-20T04:48:14.742+0000] {taskinstance.py:3891} INFO - 0 downstream tasks scheduled from follow-on schedule check
[2024-08-20T04:48:14.748+0000] {local_task_job_runner.py:240} INFO - ::endgroup::
