[2024-08-20T04:44:27.451+0000] {local_task_job_runner.py:123} INFO - ::group::Pre task execution logs
[2024-08-20T04:44:27.469+0000] {taskinstance.py:2603} INFO - Dependencies all met for dep_context=non-requeueable deps ti=<TaskInstance: fetch_and_store_DE_books.create_table scheduled__2024-07-18T00:00:00+00:00 [queued]>
[2024-08-20T04:44:27.478+0000] {taskinstance.py:2603} INFO - Dependencies all met for dep_context=requeueable deps ti=<TaskInstance: fetch_and_store_DE_books.create_table scheduled__2024-07-18T00:00:00+00:00 [queued]>
[2024-08-20T04:44:27.478+0000] {taskinstance.py:2856} INFO - Starting attempt 1 of 2
[2024-08-20T04:44:27.493+0000] {taskinstance.py:2879} INFO - Executing <Task(PostgresOperator): create_table> on 2024-07-18 00:00:00+00:00
[2024-08-20T04:44:27.501+0000] {warnings.py:112} WARNING - /home/***/.local/lib/python3.12/site-packages/***/task/task_runner/standard_task_runner.py:70: DeprecationWarning: This process (pid=957) is multi-threaded, use of fork() may lead to deadlocks in the child.
  pid = os.fork()

[2024-08-20T04:44:27.503+0000] {standard_task_runner.py:72} INFO - Started process 959 to run task
[2024-08-20T04:44:27.504+0000] {standard_task_runner.py:104} INFO - Running: ['***', 'tasks', 'run', 'fetch_and_store_DE_books', 'create_table', 'scheduled__2024-07-18T00:00:00+00:00', '--job-id', '57', '--raw', '--subdir', 'DAGS_FOLDER/app.py', '--cfg-path', '/tmp/tmpnn7t3ag5']
[2024-08-20T04:44:27.505+0000] {standard_task_runner.py:105} INFO - Job 57: Subtask create_table
[2024-08-20T04:44:27.554+0000] {task_command.py:467} INFO - Running <TaskInstance: fetch_and_store_DE_books.create_table scheduled__2024-07-18T00:00:00+00:00 [running]> on host 668944ed7238
[2024-08-20T04:44:27.658+0000] {taskinstance.py:3122} INFO - Exporting env vars: AIRFLOW_CTX_DAG_OWNER='***' AIRFLOW_CTX_DAG_ID='fetch_and_store_DE_books' AIRFLOW_CTX_TASK_ID='create_table' AIRFLOW_CTX_EXECUTION_DATE='2024-07-18T00:00:00+00:00' AIRFLOW_CTX_TRY_NUMBER='1' AIRFLOW_CTX_DAG_RUN_ID='scheduled__2024-07-18T00:00:00+00:00'
[2024-08-20T04:44:27.659+0000] {logging_mixin.py:190} INFO - Task instance is in running state
[2024-08-20T04:44:27.660+0000] {logging_mixin.py:190} INFO -  Previous state of the Task instance: queued
[2024-08-20T04:44:27.661+0000] {logging_mixin.py:190} INFO - Current task name:create_table state:running start_date:2024-08-20 04:44:27.469926+00:00
[2024-08-20T04:44:27.662+0000] {logging_mixin.py:190} INFO - Dag name:fetch_and_store_DE_books and current dag run status:running
[2024-08-20T04:44:27.663+0000] {taskinstance.py:731} INFO - ::endgroup::
[2024-08-20T04:44:27.664+0000] {sql.py:282} INFO - Executing: 
    CREATE TABLE IF NOT EXISTS books (
        id SERIAL PRIMARY KEY,
        title TEXT NOT NULL,
        authors TEXT,
        price TEXT,
        rating TEXT
    );
    
[2024-08-20T04:44:27.674+0000] {base.py:84} INFO - Retrieving connection 'books_connection'
[2024-08-20T04:44:27.684+0000] {base.py:84} INFO - Retrieving connection 'books_connection'
[2024-08-20T04:44:27.688+0000] {sql.py:509} INFO - Running statement: 
    CREATE TABLE IF NOT EXISTS books (
        id SERIAL PRIMARY KEY,
        title TEXT NOT NULL,
        authors TEXT,
        price TEXT,
        rating TEXT
    );
    , parameters: None
[2024-08-20T04:44:27.700+0000] {taskinstance.py:340} INFO - ::group::Post task execution logs
[2024-08-20T04:44:27.701+0000] {taskinstance.py:352} INFO - Marking task as SUCCESS. dag_id=fetch_and_store_DE_books, task_id=create_table, run_id=scheduled__2024-07-18T00:00:00+00:00, execution_date=20240718T000000, start_date=20240820T044427, end_date=20240820T044427
[2024-08-20T04:44:27.716+0000] {logging_mixin.py:190} INFO - Task instance in success state
[2024-08-20T04:44:27.717+0000] {logging_mixin.py:190} INFO -  Previous state of the Task instance: running
[2024-08-20T04:44:27.718+0000] {logging_mixin.py:190} INFO - Dag name:fetch_and_store_DE_books queued_at:2024-08-20 04:44:15.473165+00:00
[2024-08-20T04:44:27.719+0000] {logging_mixin.py:190} INFO - Task hostname:668944ed7238 operator:PostgresOperator
[2024-08-20T04:44:27.759+0000] {local_task_job_runner.py:261} INFO - Task exited with return code 0
[2024-08-20T04:44:27.771+0000] {warnings.py:112} WARNING - /home/***/.local/lib/python3.12/site-packages/***/models/baseoperator.py:1378: AirflowProviderDeprecationWarning: Call to deprecated class PostgresOperator. (Please use `***.providers.common.sql.operators.sql.SQLExecuteQueryOperator`.Also, you can provide `hook_params={'schema': <database>}`.)
  result = cls.__new__(cls)

[2024-08-20T04:44:27.786+0000] {taskinstance.py:3891} INFO - 1 downstream tasks scheduled from follow-on schedule check
[2024-08-20T04:44:27.789+0000] {local_task_job_runner.py:240} INFO - ::endgroup::
