[2024-08-20T04:44:35.921+0000] {local_task_job_runner.py:123} INFO - ::group::Pre task execution logs
[2024-08-20T04:44:35.944+0000] {taskinstance.py:2603} INFO - Dependencies all met for dep_context=non-requeueable deps ti=<TaskInstance: fetch_and_store_DE_books.insert_book_data scheduled__2024-07-19T00:00:00+00:00 [queued]>
[2024-08-20T04:44:35.959+0000] {taskinstance.py:2603} INFO - Dependencies all met for dep_context=requeueable deps ti=<TaskInstance: fetch_and_store_DE_books.insert_book_data scheduled__2024-07-19T00:00:00+00:00 [queued]>
[2024-08-20T04:44:35.961+0000] {taskinstance.py:2856} INFO - Starting attempt 1 of 2
[2024-08-20T04:44:35.984+0000] {taskinstance.py:2879} INFO - Executing <Task(PythonOperator): insert_book_data> on 2024-07-19 00:00:00+00:00
[2024-08-20T04:44:35.995+0000] {warnings.py:112} WARNING - /home/***/.local/lib/python3.12/site-packages/***/task/task_runner/standard_task_runner.py:70: DeprecationWarning: This process (pid=981) is multi-threaded, use of fork() may lead to deadlocks in the child.
  pid = os.fork()

[2024-08-20T04:44:35.998+0000] {standard_task_runner.py:72} INFO - Started process 985 to run task
[2024-08-20T04:44:35.999+0000] {standard_task_runner.py:104} INFO - Running: ['***', 'tasks', 'run', 'fetch_and_store_DE_books', 'insert_book_data', 'scheduled__2024-07-19T00:00:00+00:00', '--job-id', '61', '--raw', '--subdir', 'DAGS_FOLDER/app.py', '--cfg-path', '/tmp/tmpx0yiwrqo']
[2024-08-20T04:44:36.000+0000] {standard_task_runner.py:105} INFO - Job 61: Subtask insert_book_data
[2024-08-20T04:44:36.059+0000] {task_command.py:467} INFO - Running <TaskInstance: fetch_and_store_DE_books.insert_book_data scheduled__2024-07-19T00:00:00+00:00 [running]> on host 668944ed7238
[2024-08-20T04:44:36.156+0000] {taskinstance.py:3122} INFO - Exporting env vars: AIRFLOW_CTX_DAG_OWNER='***' AIRFLOW_CTX_DAG_ID='fetch_and_store_DE_books' AIRFLOW_CTX_TASK_ID='insert_book_data' AIRFLOW_CTX_EXECUTION_DATE='2024-07-19T00:00:00+00:00' AIRFLOW_CTX_TRY_NUMBER='1' AIRFLOW_CTX_DAG_RUN_ID='scheduled__2024-07-19T00:00:00+00:00'
[2024-08-20T04:44:36.158+0000] {logging_mixin.py:190} INFO - Task instance is in running state
[2024-08-20T04:44:36.159+0000] {logging_mixin.py:190} INFO -  Previous state of the Task instance: queued
[2024-08-20T04:44:36.160+0000] {logging_mixin.py:190} INFO - Current task name:insert_book_data state:running start_date:2024-08-20 04:44:35.946062+00:00
[2024-08-20T04:44:36.160+0000] {logging_mixin.py:190} INFO - Dag name:fetch_and_store_DE_books and current dag run status:running
[2024-08-20T04:44:36.161+0000] {taskinstance.py:731} INFO - ::endgroup::
[2024-08-20T04:44:36.184+0000] {base.py:84} INFO - Retrieving connection 'books_connection'
[2024-08-20T04:44:36.188+0000] {sql.py:509} INFO - Running statement: 
    INSERT INTO books (title, authors, price, rating)
    VALUES (%s, %s, %s, %s)
    , parameters: ('Ace the Data Engineering Interview: Questions and Answers for Python, SQL, Data Modeling and More', 'Sean Coyne', '24.', '4.1 out of 5 stars')
[2024-08-20T04:44:36.191+0000] {sql.py:518} INFO - Rows affected: 1
[2024-08-20T04:44:36.200+0000] {base.py:84} INFO - Retrieving connection 'books_connection'
[2024-08-20T04:44:36.204+0000] {sql.py:509} INFO - Running statement: 
    INSERT INTO books (title, authors, price, rating)
    VALUES (%s, %s, %s, %s)
    , parameters: ('Data Engineering with AWS - Second Edition: Acquire the skills to design and build AWS-based data transformation pipelines like a pro', 'Gareth Eagar', '41.', '4.4 out of 5 stars')
[2024-08-20T04:44:36.206+0000] {sql.py:518} INFO - Rows affected: 1
[2024-08-20T04:44:36.215+0000] {base.py:84} INFO - Retrieving connection 'books_connection'
[2024-08-20T04:44:36.220+0000] {sql.py:509} INFO - Running statement: 
    INSERT INTO books (title, authors, price, rating)
    VALUES (%s, %s, %s, %s)
    , parameters: ('Azure Data Engineer Associate Certification Guide: Ace the DP-203 exam with advanced data engineering skills', 'Giacinto Palmieri', '39.', '4.5 out of 5 stars')
[2024-08-20T04:44:36.222+0000] {sql.py:518} INFO - Rows affected: 1
[2024-08-20T04:44:36.231+0000] {base.py:84} INFO - Retrieving connection 'books_connection'
[2024-08-20T04:44:36.235+0000] {sql.py:509} INFO - Running statement: 
    INSERT INTO books (title, authors, price, rating)
    VALUES (%s, %s, %s, %s)
    , parameters: ('Data Engineering 101', 'Paperback', '22.', '5.0 out of 5 stars')
[2024-08-20T04:44:36.237+0000] {sql.py:518} INFO - Rows affected: 1
[2024-08-20T04:44:36.245+0000] {base.py:84} INFO - Retrieving connection 'books_connection'
[2024-08-20T04:44:36.250+0000] {sql.py:509} INFO - Running statement: 
    INSERT INTO books (title, authors, price, rating)
    VALUES (%s, %s, %s, %s)
    , parameters: ('Fundamentals of Data Engineering: Plan and Build Robust Data Systems', 'Joe Reis', '38.', '4.7 out of 5 stars')
[2024-08-20T04:44:36.251+0000] {sql.py:518} INFO - Rows affected: 1
[2024-08-20T04:44:36.260+0000] {base.py:84} INFO - Retrieving connection 'books_connection'
[2024-08-20T04:44:36.265+0000] {sql.py:509} INFO - Running statement: 
    INSERT INTO books (title, authors, price, rating)
    VALUES (%s, %s, %s, %s)
    , parameters: ('Data Pipelines Pocket Reference: Moving and Processing Data for Analytics', 'James Densmore', '17.', '4.5 out of 5 stars')
[2024-08-20T04:44:36.267+0000] {sql.py:518} INFO - Rows affected: 1
[2024-08-20T04:44:36.276+0000] {base.py:84} INFO - Retrieving connection 'books_connection'
[2024-08-20T04:44:36.280+0000] {sql.py:509} INFO - Running statement: 
    INSERT INTO books (title, authors, price, rating)
    VALUES (%s, %s, %s, %s)
    , parameters: ('Designing Data-Intensive Applications: The Big Ideas Behind Reliable, Scalable, and Maintainable Systems', 'Martin Kleppmann', '35.', '4.8 out of 5 stars')
[2024-08-20T04:44:36.282+0000] {sql.py:518} INFO - Rows affected: 1
[2024-08-20T04:44:36.290+0000] {base.py:84} INFO - Retrieving connection 'books_connection'
[2024-08-20T04:44:36.294+0000] {sql.py:509} INFO - Running statement: 
    INSERT INTO books (title, authors, price, rating)
    VALUES (%s, %s, %s, %s)
    , parameters: ("Azure Data Factory Cookbook - Second Edition: A data engineer's guide to building and managing ETL and ELT pipelines with data integration", 'Dmitry Foshin', '51.', '4.4 out of 5 stars')
[2024-08-20T04:44:36.296+0000] {sql.py:518} INFO - Rows affected: 1
[2024-08-20T04:44:36.306+0000] {base.py:84} INFO - Retrieving connection 'books_connection'
[2024-08-20T04:44:36.310+0000] {sql.py:509} INFO - Running statement: 
    INSERT INTO books (title, authors, price, rating)
    VALUES (%s, %s, %s, %s)
    , parameters: ('Data Analysis with Python and PySpark', 'Jonathan Rioux', '55.', '4.4 out of 5 stars')
[2024-08-20T04:44:36.312+0000] {sql.py:518} INFO - Rows affected: 1
[2024-08-20T04:44:36.320+0000] {base.py:84} INFO - Retrieving connection 'books_connection'
[2024-08-20T04:44:36.324+0000] {sql.py:509} INFO - Running statement: 
    INSERT INTO books (title, authors, price, rating)
    VALUES (%s, %s, %s, %s)
    , parameters: ('Data Engineering with dbt: A practical guide to building a cloud-based, pragmatic, and dependable data platform with SQL', 'Roberto Zagni', '37.', '4.6 out of 5 stars')
[2024-08-20T04:44:36.326+0000] {sql.py:518} INFO - Rows affected: 1
[2024-08-20T04:44:36.334+0000] {base.py:84} INFO - Retrieving connection 'books_connection'
[2024-08-20T04:44:36.338+0000] {sql.py:509} INFO - Running statement: 
    INSERT INTO books (title, authors, price, rating)
    VALUES (%s, %s, %s, %s)
    , parameters: ('Data Engineering with Python: Work with massive datasets to design data models and automate data pipelines using Python', 'Paul Crickard', '37.', '4.1 out of 5 stars')
[2024-08-20T04:44:36.340+0000] {sql.py:518} INFO - Rows affected: 1
[2024-08-20T04:44:36.348+0000] {base.py:84} INFO - Retrieving connection 'books_connection'
[2024-08-20T04:44:36.353+0000] {sql.py:509} INFO - Running statement: 
    INSERT INTO books (title, authors, price, rating)
    VALUES (%s, %s, %s, %s)
    , parameters: ('Data Engineering with Python cookbook: Learn to build efficient data pipelines using the Modern Cloud Data Stack', 'Adithyan Ramanujakootam', '29.', '5.0 out of 5 stars')
[2024-08-20T04:44:36.356+0000] {sql.py:518} INFO - Rows affected: 1
[2024-08-20T04:44:36.367+0000] {base.py:84} INFO - Retrieving connection 'books_connection'
[2024-08-20T04:44:36.371+0000] {sql.py:509} INFO - Running statement: 
    INSERT INTO books (title, authors, price, rating)
    VALUES (%s, %s, %s, %s)
    , parameters: ('Cracking the Data Engineering Interview: Land your dream job with the help of resume-building tips, over 100 mock questions, and a unique portfolio', 'Kedeisha Bryan', '26.', '4.4 out of 5 stars')
[2024-08-20T04:44:36.373+0000] {sql.py:518} INFO - Rows affected: 1
[2024-08-20T04:44:36.384+0000] {base.py:84} INFO - Retrieving connection 'books_connection'
[2024-08-20T04:44:36.388+0000] {sql.py:509} INFO - Running statement: 
    INSERT INTO books (title, authors, price, rating)
    VALUES (%s, %s, %s, %s)
    , parameters: ('Data Engineering with AWS: Learn how to design and build cloud-based data transformation pipelines using AWS', 'Gareth Eagar', '49.', '4.4 out of 5 stars')
[2024-08-20T04:44:36.389+0000] {sql.py:518} INFO - Rows affected: 1
[2024-08-20T04:44:36.397+0000] {base.py:84} INFO - Retrieving connection 'books_connection'
[2024-08-20T04:44:36.402+0000] {sql.py:509} INFO - Running statement: 
    INSERT INTO books (title, authors, price, rating)
    VALUES (%s, %s, %s, %s)
    , parameters: ('Software Engineering for Data Scientists: From Notebooks to Scalable Systems', 'Catherine Nelson', '52.', '4.5 out of 5 stars')
[2024-08-20T04:44:36.403+0000] {sql.py:518} INFO - Rows affected: 1
[2024-08-20T04:44:36.412+0000] {base.py:84} INFO - Retrieving connection 'books_connection'
[2024-08-20T04:44:36.416+0000] {sql.py:509} INFO - Running statement: 
    INSERT INTO books (title, authors, price, rating)
    VALUES (%s, %s, %s, %s)
    , parameters: ('Data Engineering with Google Cloud Platform: A guide to leveling up as a data engineer by building a scalable data platform with Google Cloud', 'Adi Wijaya', '41.', '5.0 out of 5 stars')
[2024-08-20T04:44:36.418+0000] {sql.py:518} INFO - Rows affected: 1
[2024-08-20T04:44:36.426+0000] {base.py:84} INFO - Retrieving connection 'books_connection'
[2024-08-20T04:44:36.430+0000] {sql.py:509} INFO - Running statement: 
    INSERT INTO books (title, authors, price, rating)
    VALUES (%s, %s, %s, %s)
    , parameters: ('Driving Data Quality with Data Contracts: A comprehensive guide to building reliable, trusted, and effective data platforms', 'Andrew Jones', '28.', '4.6 out of 5 stars')
[2024-08-20T04:44:36.431+0000] {sql.py:518} INFO - Rows affected: 1
[2024-08-20T04:44:36.440+0000] {base.py:84} INFO - Retrieving connection 'books_connection'
[2024-08-20T04:44:36.444+0000] {sql.py:509} INFO - Running statement: 
    INSERT INTO books (title, authors, price, rating)
    VALUES (%s, %s, %s, %s)
    , parameters: ('Data Privacy: A runbook for engineers', 'Nishant Bhajaria', '32.', '4.8 out of 5 stars')
[2024-08-20T04:44:36.446+0000] {sql.py:518} INFO - Rows affected: 1
[2024-08-20T04:44:36.454+0000] {base.py:84} INFO - Retrieving connection 'books_connection'
[2024-08-20T04:44:36.458+0000] {sql.py:509} INFO - Running statement: 
    INSERT INTO books (title, authors, price, rating)
    VALUES (%s, %s, %s, %s)
    , parameters: ('Data Engineering Fundamentals for Beginners: Mastering the Art of Building, Managing, and Scaling Data Systems', 'Paperback', '14.', '5.0 out of 5 stars')
[2024-08-20T04:44:36.460+0000] {sql.py:518} INFO - Rows affected: 1
[2024-08-20T04:44:36.468+0000] {base.py:84} INFO - Retrieving connection 'books_connection'
[2024-08-20T04:44:36.472+0000] {sql.py:509} INFO - Running statement: 
    INSERT INTO books (title, authors, price, rating)
    VALUES (%s, %s, %s, %s)
    , parameters: ('Data Engineering with Databricks Cookbook: Build effective data and AI solutions using Apache Spark, Databricks, and Delta Lake', 'Pulkit Chadha', '42.', '4.2 out of 5 stars')
[2024-08-20T04:44:36.474+0000] {sql.py:518} INFO - Rows affected: 1
[2024-08-20T04:44:36.483+0000] {base.py:84} INFO - Retrieving connection 'books_connection'
[2024-08-20T04:44:36.487+0000] {sql.py:509} INFO - Running statement: 
    INSERT INTO books (title, authors, price, rating)
    VALUES (%s, %s, %s, %s)
    , parameters: ('Data-Driven Science and Engineering: Machine Learning, Dynamical Systems, and Control', 'Steven L. Brunton', '64.', '4.7 out of 5 stars')
[2024-08-20T04:44:36.488+0000] {sql.py:518} INFO - Rows affected: 1
[2024-08-20T04:44:36.498+0000] {base.py:84} INFO - Retrieving connection 'books_connection'
[2024-08-20T04:44:36.502+0000] {sql.py:509} INFO - Running statement: 
    INSERT INTO books (title, authors, price, rating)
    VALUES (%s, %s, %s, %s)
    , parameters: ('Build a Career in Data Science', 'Emily Robinson', '35.', '4.6 out of 5 stars')
[2024-08-20T04:44:36.504+0000] {sql.py:518} INFO - Rows affected: 1
[2024-08-20T04:44:36.513+0000] {base.py:84} INFO - Retrieving connection 'books_connection'
[2024-08-20T04:44:36.517+0000] {sql.py:509} INFO - Running statement: 
    INSERT INTO books (title, authors, price, rating)
    VALUES (%s, %s, %s, %s)
    , parameters: ('Mastering Large Datasets with Python: Parallelize and Distribute Your Python Code', 'John T. Wolohan', '49.', '3.9 out of 5 stars')
[2024-08-20T04:44:36.519+0000] {sql.py:518} INFO - Rows affected: 1
[2024-08-20T04:44:36.528+0000] {base.py:84} INFO - Retrieving connection 'books_connection'
[2024-08-20T04:44:36.533+0000] {sql.py:509} INFO - Running statement: 
    INSERT INTO books (title, authors, price, rating)
    VALUES (%s, %s, %s, %s)
    , parameters: ('Data Engineering with Alteryx: Helping data engineers apply DataOps practices with Alteryx', 'Paul Houghton', '44.', '4.3 out of 5 stars')
[2024-08-20T04:44:36.534+0000] {sql.py:518} INFO - Rows affected: 1
[2024-08-20T04:44:36.544+0000] {base.py:84} INFO - Retrieving connection 'books_connection'
[2024-08-20T04:44:36.549+0000] {sql.py:509} INFO - Running statement: 
    INSERT INTO books (title, authors, price, rating)
    VALUES (%s, %s, %s, %s)
    , parameters: ('DATA ENGINEERING AND AI FOR BEGINNERS: Revolutionizing Data Processing and Analytics by Leveraging Artificial Intelligence for Efficient Input Collection, Storage, and Transformation (World of AI)', 'Paperback', '13.', '4.4 out of 5 stars')
[2024-08-20T04:44:36.551+0000] {sql.py:518} INFO - Rows affected: 1
[2024-08-20T04:44:36.562+0000] {base.py:84} INFO - Retrieving connection 'books_connection'
[2024-08-20T04:44:36.566+0000] {sql.py:509} INFO - Running statement: 
    INSERT INTO books (title, authors, price, rating)
    VALUES (%s, %s, %s, %s)
    , parameters: ('Data Mesh: Delivering Data-Driven Value at Scale', 'Zhamak Dehghani', '43.', '4.5 out of 5 stars')
[2024-08-20T04:44:36.571+0000] {sql.py:518} INFO - Rows affected: 1
[2024-08-20T04:44:36.583+0000] {base.py:84} INFO - Retrieving connection 'books_connection'
[2024-08-20T04:44:36.589+0000] {sql.py:509} INFO - Running statement: 
    INSERT INTO books (title, authors, price, rating)
    VALUES (%s, %s, %s, %s)
    , parameters: ('Data Engineering with Apache Spark, Delta Lake, and Lakehouse: Create scalable pipelines that ingest, curate, and aggregate complex data in a timely and secure way', 'Manoj Kukreja', '29.', '3.9 out of 5 stars')
[2024-08-20T04:44:36.591+0000] {sql.py:518} INFO - Rows affected: 1
[2024-08-20T04:44:36.602+0000] {base.py:84} INFO - Retrieving connection 'books_connection'
[2024-08-20T04:44:36.607+0000] {sql.py:509} INFO - Running statement: 
    INSERT INTO books (title, authors, price, rating)
    VALUES (%s, %s, %s, %s)
    , parameters: ('Machine Learning Engineering', 'Andriy Burkov', '39.', '4.7 out of 5 stars')
[2024-08-20T04:44:36.610+0000] {sql.py:518} INFO - Rows affected: 1
[2024-08-20T04:44:36.620+0000] {base.py:84} INFO - Retrieving connection 'books_connection'
[2024-08-20T04:44:36.625+0000] {sql.py:509} INFO - Running statement: 
    INSERT INTO books (title, authors, price, rating)
    VALUES (%s, %s, %s, %s)
    , parameters: ('Expert Data Modeling with Power BI - Second Edition: Enrich and optimize your data models to get the best out of Power BI for reporting and business needs', 'Soheil Bakhshi', '47.', '4.8 out of 5 stars')
[2024-08-20T04:44:36.627+0000] {sql.py:518} INFO - Rows affected: 1
[2024-08-20T04:44:36.638+0000] {base.py:84} INFO - Retrieving connection 'books_connection'
[2024-08-20T04:44:36.644+0000] {sql.py:509} INFO - Running statement: 
    INSERT INTO books (title, authors, price, rating)
    VALUES (%s, %s, %s, %s)
    , parameters: ('The Enterprise Data Catalog: Improve Data Discovery, Ensure Data Governance, and Enable Innovation', 'Ole Olesen-Bagneux', '31.', '4.5 out of 5 stars')
[2024-08-20T04:44:36.647+0000] {sql.py:518} INFO - Rows affected: 1
[2024-08-20T04:44:36.658+0000] {base.py:84} INFO - Retrieving connection 'books_connection'
[2024-08-20T04:44:36.663+0000] {sql.py:509} INFO - Running statement: 
    INSERT INTO books (title, authors, price, rating)
    VALUES (%s, %s, %s, %s)
    , parameters: ('Data Engineering with Databricks', 'Paperback', '25.', '3.4 out of 5 stars')
[2024-08-20T04:44:36.665+0000] {sql.py:518} INFO - Rows affected: 1
[2024-08-20T04:44:36.675+0000] {base.py:84} INFO - Retrieving connection 'books_connection'
[2024-08-20T04:44:36.682+0000] {sql.py:509} INFO - Running statement: 
    INSERT INTO books (title, authors, price, rating)
    VALUES (%s, %s, %s, %s)
    , parameters: ('Ace the Data Science Interview: 201 Real Interview Questions Asked By FAANG, Tech Startups, & Wall Street', 'Nick Singh', '42.', '4.5 out of 5 stars')
[2024-08-20T04:44:36.684+0000] {sql.py:518} INFO - Rows affected: 1
[2024-08-20T04:44:36.695+0000] {base.py:84} INFO - Retrieving connection 'books_connection'
[2024-08-20T04:44:36.702+0000] {sql.py:509} INFO - Running statement: 
    INSERT INTO books (title, authors, price, rating)
    VALUES (%s, %s, %s, %s)
    , parameters: ('Modern Data Engineering with Apache Spark: A Hands-On Guide for Building Mission-Critical Streaming Applications', 'Scott Haines', '30.', '4.1 out of 5 stars')
[2024-08-20T04:44:36.704+0000] {sql.py:518} INFO - Rows affected: 1
[2024-08-20T04:44:36.716+0000] {base.py:84} INFO - Retrieving connection 'books_connection'
[2024-08-20T04:44:36.725+0000] {sql.py:509} INFO - Running statement: 
    INSERT INTO books (title, authors, price, rating)
    VALUES (%s, %s, %s, %s)
    , parameters: ('Data Modeling with Snowflake: A practical guide to accelerating Snowflake development using universal data modeling techniques', 'Serge Gershkovich', '36.', '4.8 out of 5 stars')
[2024-08-20T04:44:36.728+0000] {sql.py:518} INFO - Rows affected: 1
[2024-08-20T04:44:36.741+0000] {base.py:84} INFO - Retrieving connection 'books_connection'
[2024-08-20T04:44:36.746+0000] {sql.py:509} INFO - Running statement: 
    INSERT INTO books (title, authors, price, rating)
    VALUES (%s, %s, %s, %s)
    , parameters: ('Storytelling with Data: A Data Visualization Guide for Business Professionals', 'Cole Nussbaumer Knaflic', '27.', '4.6 out of 5 stars')
[2024-08-20T04:44:36.748+0000] {sql.py:518} INFO - Rows affected: 1
[2024-08-20T04:44:36.760+0000] {base.py:84} INFO - Retrieving connection 'books_connection'
[2024-08-20T04:44:36.766+0000] {sql.py:509} INFO - Running statement: 
    INSERT INTO books (title, authors, price, rating)
    VALUES (%s, %s, %s, %s)
    , parameters: ('97 Things Every Data Engineer Should Know: Collective Wisdom from the Experts', 'Audible Audiobook', '0.', '4.1 out of 5 stars')
[2024-08-20T04:44:36.768+0000] {sql.py:518} INFO - Rows affected: 1
[2024-08-20T04:44:36.780+0000] {base.py:84} INFO - Retrieving connection 'books_connection'
[2024-08-20T04:44:36.785+0000] {sql.py:509} INFO - Running statement: 
    INSERT INTO books (title, authors, price, rating)
    VALUES (%s, %s, %s, %s)
    , parameters: ("Data Quality Fundamentals: A Practitioner's Guide to Building Trustworthy Data Pipelines", 'Paperback', '45.', '4.1 out of 5 stars')
[2024-08-20T04:44:36.789+0000] {sql.py:518} INFO - Rows affected: 1
[2024-08-20T04:44:36.807+0000] {base.py:84} INFO - Retrieving connection 'books_connection'
[2024-08-20T04:44:36.812+0000] {sql.py:509} INFO - Running statement: 
    INSERT INTO books (title, authors, price, rating)
    VALUES (%s, %s, %s, %s)
    , parameters: ('Fundamentals of Data Analytics: Learn Essential Skills, Embrace the Future, and Catapult Your Career in the Data-Driven World—A Comprehensive Guide to Data Literacy for Beginners', 'Russell Dawson', '16.', '4.8 out of 5 stars')
[2024-08-20T04:44:36.814+0000] {sql.py:518} INFO - Rows affected: 1
[2024-08-20T04:44:36.825+0000] {base.py:84} INFO - Retrieving connection 'books_connection'
[2024-08-20T04:44:36.830+0000] {sql.py:509} INFO - Running statement: 
    INSERT INTO books (title, authors, price, rating)
    VALUES (%s, %s, %s, %s)
    , parameters: ('Data Engineering with Google Cloud Platform: A practical guide to operationalizing scalable data analytics systems on GCP', 'Adi Wijaya', '41.', '4.7 out of 5 stars')
[2024-08-20T04:44:36.832+0000] {sql.py:518} INFO - Rows affected: 1
[2024-08-20T04:44:36.846+0000] {base.py:84} INFO - Retrieving connection 'books_connection'
[2024-08-20T04:44:36.853+0000] {sql.py:509} INFO - Running statement: 
    INSERT INTO books (title, authors, price, rating)
    VALUES (%s, %s, %s, %s)
    , parameters: ('Prompt Engineering for Generative AI: Future-Proof Inputs for Reliable AI Outputs', 'James Phoenix', '57.', '4.4 out of 5 stars')
[2024-08-20T04:44:36.855+0000] {sql.py:518} INFO - Rows affected: 1
[2024-08-20T04:44:36.866+0000] {base.py:84} INFO - Retrieving connection 'books_connection'
[2024-08-20T04:44:36.872+0000] {sql.py:509} INFO - Running statement: 
    INSERT INTO books (title, authors, price, rating)
    VALUES (%s, %s, %s, %s)
    , parameters: ('Python Programming and SQL: 5 books in 1 - The #1 Coding Course from Beginner to Advanced. Learn it Well & Fast (2024) (Computer Programming)', 'Paperback', '32.', '4.3 out of 5 stars')
[2024-08-20T04:44:36.874+0000] {sql.py:518} INFO - Rows affected: 1
[2024-08-20T04:44:36.892+0000] {base.py:84} INFO - Retrieving connection 'books_connection'
[2024-08-20T04:44:36.897+0000] {sql.py:509} INFO - Running statement: 
    INSERT INTO books (title, authors, price, rating)
    VALUES (%s, %s, %s, %s)
    , parameters: ('Analytics Engineering with SQL and dbt: Building Meaningful Data Models at Scale', 'Rui Pedro Machado', '41.', '3.8 out of 5 stars')
[2024-08-20T04:44:36.899+0000] {sql.py:518} INFO - Rows affected: 1
[2024-08-20T04:44:36.912+0000] {base.py:84} INFO - Retrieving connection 'books_connection'
[2024-08-20T04:44:36.916+0000] {sql.py:509} INFO - Running statement: 
    INSERT INTO books (title, authors, price, rating)
    VALUES (%s, %s, %s, %s)
    , parameters: ('Data Observability for Data Engineering: Proactive strategies for ensuring data accuracy and addressing broken data pipelines', 'Michele Pinto', '18.', '3.7 out of 5 stars')
[2024-08-20T04:44:36.919+0000] {sql.py:518} INFO - Rows affected: 1
[2024-08-20T04:44:36.930+0000] {base.py:84} INFO - Retrieving connection 'books_connection'
[2024-08-20T04:44:36.934+0000] {sql.py:509} INFO - Running statement: 
    INSERT INTO books (title, authors, price, rating)
    VALUES (%s, %s, %s, %s)
    , parameters: ("Ultimate Data Engineering with Databricks: Develop Scalable Data Pipelines Using Data Engineering's Core Tenets Such as Delta Tables, Ingestion, ... Security, and Scalability (English Edition)", 'Mayank Malhotra', '37.', '3.8 out of 5 stars')
[2024-08-20T04:44:36.937+0000] {sql.py:518} INFO - Rows affected: 1
[2024-08-20T04:44:36.949+0000] {base.py:84} INFO - Retrieving connection 'books_connection'
[2024-08-20T04:44:36.953+0000] {sql.py:509} INFO - Running statement: 
    INSERT INTO books (title, authors, price, rating)
    VALUES (%s, %s, %s, %s)
    , parameters: ('The Data Warehouse Toolkit: The Definitive Guide to Dimensional Modeling', 'Paperback', '47.', '4.7 out of 5 stars')
[2024-08-20T04:44:36.955+0000] {sql.py:518} INFO - Rows affected: 1
[2024-08-20T04:44:36.965+0000] {base.py:84} INFO - Retrieving connection 'books_connection'
[2024-08-20T04:44:36.970+0000] {sql.py:509} INFO - Running statement: 
    INSERT INTO books (title, authors, price, rating)
    VALUES (%s, %s, %s, %s)
    , parameters: ('Concepts of Generative AI and Data Engineering: Vital Concepts in Data Engineering and the World of Generative AI', 'Kindle', '29.', '5.0 out of 5 stars')
[2024-08-20T04:44:36.973+0000] {sql.py:518} INFO - Rows affected: 1
[2024-08-20T04:44:36.983+0000] {base.py:84} INFO - Retrieving connection 'books_connection'
[2024-08-20T04:44:36.989+0000] {sql.py:509} INFO - Running statement: 
    INSERT INTO books (title, authors, price, rating)
    VALUES (%s, %s, %s, %s)
    , parameters: ('Official Google Cloud Certified Professional Data Engineer Study Guide', 'Dan Sullivan', '33.', '4.5 out of 5 stars')
[2024-08-20T04:44:36.991+0000] {sql.py:518} INFO - Rows affected: 1
[2024-08-20T04:44:37.001+0000] {base.py:84} INFO - Retrieving connection 'books_connection'
[2024-08-20T04:44:37.006+0000] {sql.py:509} INFO - Running statement: 
    INSERT INTO books (title, authors, price, rating)
    VALUES (%s, %s, %s, %s)
    , parameters: ('Data Analytics, Data Visualization & Communicating Data: 3 books in 1: Learn the Processes of Data Analytics and Data Science, Create Engaging Data Visualizations, and Present Data Effectively', 'Audible Audiobook', '0.', '4.5 out of 5 stars')
[2024-08-20T04:44:37.008+0000] {sql.py:518} INFO - Rows affected: 1
[2024-08-20T04:44:37.019+0000] {base.py:84} INFO - Retrieving connection 'books_connection'
[2024-08-20T04:44:37.024+0000] {sql.py:509} INFO - Running statement: 
    INSERT INTO books (title, authors, price, rating)
    VALUES (%s, %s, %s, %s)
    , parameters: ('Data Engineering and Data Science for Babies: Activity Workbook Part 1', 'Paperback', '9.', '4.1 out of 5 stars')
[2024-08-20T04:44:37.026+0000] {sql.py:518} INFO - Rows affected: 1
[2024-08-20T04:44:37.035+0000] {base.py:84} INFO - Retrieving connection 'books_connection'
[2024-08-20T04:44:37.039+0000] {sql.py:509} INFO - Running statement: 
    INSERT INTO books (title, authors, price, rating)
    VALUES (%s, %s, %s, %s)
    , parameters: ('Fundamentals of Data Engineering: Efficiency, Insight, Impact: Transforming Data into Value through Expert Engineering Practices', 'Joseph Achakji', '0.', '4.6 out of 5 stars')
[2024-08-20T04:44:37.040+0000] {sql.py:518} INFO - Rows affected: 1
[2024-08-20T04:44:37.049+0000] {base.py:84} INFO - Retrieving connection 'books_connection'
[2024-08-20T04:44:37.054+0000] {sql.py:509} INFO - Running statement: 
    INSERT INTO books (title, authors, price, rating)
    VALUES (%s, %s, %s, %s)
    , parameters: ('Learning Spark: Lightning-Fast Data Analytics', 'Jules S. Damji', '43.', '4.7 out of 5 stars')
[2024-08-20T04:44:37.056+0000] {sql.py:518} INFO - Rows affected: 1
[2024-08-20T04:44:37.066+0000] {base.py:84} INFO - Retrieving connection 'books_connection'
[2024-08-20T04:44:37.071+0000] {sql.py:509} INFO - Running statement: 
    INSERT INTO books (title, authors, price, rating)
    VALUES (%s, %s, %s, %s)
    , parameters: ("SQL QuickStart Guide: The Simplified Beginner's Guide to Managing, Analyzing, and Manipulating Data With SQL (Coding & Programming - QuickStart Guides)", 'Paperback', '18.', '4.6 out of 5 stars')
[2024-08-20T04:44:37.073+0000] {sql.py:518} INFO - Rows affected: 1
[2024-08-20T04:44:37.083+0000] {base.py:84} INFO - Retrieving connection 'books_connection'
[2024-08-20T04:44:37.088+0000] {sql.py:509} INFO - Running statement: 
    INSERT INTO books (title, authors, price, rating)
    VALUES (%s, %s, %s, %s)
    , parameters: ('Electrical engineering without prior knowledge: Understand the basics within 7 days (Become an Engineer Without Prior Knowledge)', 'Paperback', '17.', '4.4 out of 5 stars')
[2024-08-20T04:44:37.090+0000] {sql.py:518} INFO - Rows affected: 1
[2024-08-20T04:44:37.100+0000] {base.py:84} INFO - Retrieving connection 'books_connection'
[2024-08-20T04:44:37.105+0000] {sql.py:509} INFO - Running statement: 
    INSERT INTO books (title, authors, price, rating)
    VALUES (%s, %s, %s, %s)
    , parameters: ('Azure Data Engineering Cookbook - Second Edition: Get well versed in various data engineering techniques in Azure using this recipe-based guide', 'Nagaraj Venkatesan', '51.', '3.5 out of 5 stars')
[2024-08-20T04:44:37.107+0000] {sql.py:518} INFO - Rows affected: 1
[2024-08-20T04:44:37.117+0000] {base.py:84} INFO - Retrieving connection 'books_connection'
[2024-08-20T04:44:37.121+0000] {sql.py:509} INFO - Running statement: 
    INSERT INTO books (title, authors, price, rating)
    VALUES (%s, %s, %s, %s)
    , parameters: ('Systems Engineering Demystified - Second Edition: Apply modern, model-based systems engineering techniques to build complex systems', 'Jon Holt', '45.', '4.7 out of 5 stars')
[2024-08-20T04:44:37.123+0000] {sql.py:518} INFO - Rows affected: 1
[2024-08-20T04:44:37.136+0000] {base.py:84} INFO - Retrieving connection 'books_connection'
[2024-08-20T04:44:37.141+0000] {sql.py:509} INFO - Running statement: 
    INSERT INTO books (title, authors, price, rating)
    VALUES (%s, %s, %s, %s)
    , parameters: ('Modern Java in Action: Lambdas, streams, functional and reactive programming', 'Paperback', '52.', '4.5 out of 5 stars')
[2024-08-20T04:44:37.143+0000] {sql.py:518} INFO - Rows affected: 1
[2024-08-20T04:44:37.156+0000] {base.py:84} INFO - Retrieving connection 'books_connection'
[2024-08-20T04:44:37.161+0000] {sql.py:509} INFO - Running statement: 
    INSERT INTO books (title, authors, price, rating)
    VALUES (%s, %s, %s, %s)
    , parameters: ('Machine Learning Engineering with Python - Second Edition: Manage the lifecycle of machine learning models using MLOps with practical examples', 'Andrew McMahon', '32.', '4.7 out of 5 stars')
[2024-08-20T04:44:37.163+0000] {sql.py:518} INFO - Rows affected: 1
[2024-08-20T04:44:37.173+0000] {base.py:84} INFO - Retrieving connection 'books_connection'
[2024-08-20T04:44:37.178+0000] {sql.py:509} INFO - Running statement: 
    INSERT INTO books (title, authors, price, rating)
    VALUES (%s, %s, %s, %s)
    , parameters: ('Database Internals: A Deep Dive into How Distributed Data Systems Work', 'Alex Petrov', '36.', '4.6 out of 5 stars')
[2024-08-20T04:44:37.181+0000] {sql.py:518} INFO - Rows affected: 1
[2024-08-20T04:44:37.192+0000] {base.py:84} INFO - Retrieving connection 'books_connection'
[2024-08-20T04:44:37.197+0000] {sql.py:509} INFO - Running statement: 
    INSERT INTO books (title, authors, price, rating)
    VALUES (%s, %s, %s, %s)
    , parameters: ('Data Science (The MIT Press Essential Knowledge series)', 'Paperback', '10.', '4.4 out of 5 stars')
[2024-08-20T04:44:37.199+0000] {sql.py:518} INFO - Rows affected: 1
[2024-08-20T04:44:37.209+0000] {base.py:84} INFO - Retrieving connection 'books_connection'
[2024-08-20T04:44:37.213+0000] {sql.py:509} INFO - Running statement: 
    INSERT INTO books (title, authors, price, rating)
    VALUES (%s, %s, %s, %s)
    , parameters: ('Engineers Survival Guide: Advice, tactics, and tricks After a decade of working at Facebook, Snapchat, and Microsoft', 'Merih Taze', '29.', '4.4 out of 5 stars')
[2024-08-20T04:44:37.215+0000] {sql.py:518} INFO - Rows affected: 1
[2024-08-20T04:44:37.225+0000] {base.py:84} INFO - Retrieving connection 'books_connection'
[2024-08-20T04:44:37.230+0000] {sql.py:509} INFO - Running statement: 
    INSERT INTO books (title, authors, price, rating)
    VALUES (%s, %s, %s, %s)
    , parameters: ('How Data Happened: A History from the Age of Reason to the Age of Algorithms', 'Chris Wiggins', '16.', '4.2 out of 5 stars')
[2024-08-20T04:44:37.232+0000] {sql.py:518} INFO - Rows affected: 1
[2024-08-20T04:44:37.244+0000] {base.py:84} INFO - Retrieving connection 'books_connection'
[2024-08-20T04:44:37.249+0000] {sql.py:509} INFO - Running statement: 
    INSERT INTO books (title, authors, price, rating)
    VALUES (%s, %s, %s, %s)
    , parameters: ("System Design Interview – An insider's guide", 'Alex Xu', '37.', '4.6 out of 5 stars')
[2024-08-20T04:44:37.252+0000] {sql.py:518} INFO - Rows affected: 1
[2024-08-20T04:44:37.265+0000] {base.py:84} INFO - Retrieving connection 'books_connection'
[2024-08-20T04:44:37.271+0000] {sql.py:509} INFO - Running statement: 
    INSERT INTO books (title, authors, price, rating)
    VALUES (%s, %s, %s, %s)
    , parameters: ('Data Engineering with Scala and Spark: A practical guide helping you build streaming and batch pipelines that process massive amounts of data using Scala', 'Eric Tome', '36.', '4.3 out of 5 stars')
[2024-08-20T04:44:37.274+0000] {sql.py:518} INFO - Rows affected: 1
[2024-08-20T04:44:37.285+0000] {base.py:84} INFO - Retrieving connection 'books_connection'
[2024-08-20T04:44:37.290+0000] {sql.py:509} INFO - Running statement: 
    INSERT INTO books (title, authors, price, rating)
    VALUES (%s, %s, %s, %s)
    , parameters: ('Azure Data Engineer Associate Certification Guide: A hands-on reference guide to developing your data engineering skills and preparing for the DP-203 exam', 'Newton Alex', '54.', '3.9 out of 5 stars')
[2024-08-20T04:44:37.293+0000] {sql.py:518} INFO - Rows affected: 1
[2024-08-20T04:44:37.304+0000] {base.py:84} INFO - Retrieving connection 'books_connection'
[2024-08-20T04:44:37.310+0000] {sql.py:509} INFO - Running statement: 
    INSERT INTO books (title, authors, price, rating)
    VALUES (%s, %s, %s, %s)
    , parameters: ("Data: Principles To Practice - Volume 1 'Foundations': Essential Foundations: Key Concepts behind Data Architecture, Engineering and Analysis for Professionals", 'Alex Holloway', '0.', '4.7 out of 5 stars')
[2024-08-20T04:44:37.312+0000] {sql.py:518} INFO - Rows affected: 1
[2024-08-20T04:44:37.325+0000] {base.py:84} INFO - Retrieving connection 'books_connection'
[2024-08-20T04:44:37.332+0000] {sql.py:509} INFO - Running statement: 
    INSERT INTO books (title, authors, price, rating)
    VALUES (%s, %s, %s, %s)
    , parameters: ('Mastering the Data Paradox: Key to Winning in the AI Age', 'Nitin Seth', '18.', '4.8 out of 5 stars')
[2024-08-20T04:44:37.333+0000] {sql.py:518} INFO - Rows affected: 1
[2024-08-20T04:44:37.344+0000] {base.py:84} INFO - Retrieving connection 'books_connection'
[2024-08-20T04:44:37.349+0000] {sql.py:509} INFO - Running statement: 
    INSERT INTO books (title, authors, price, rating)
    VALUES (%s, %s, %s, %s)
    , parameters: ('Data Science on AWS: Implementing End-to-End, Continuous AI and Machine Learning Pipelines', 'Chris Fregly', '11.', '4.5 out of 5 stars')
[2024-08-20T04:44:37.351+0000] {sql.py:518} INFO - Rows affected: 1
[2024-08-20T04:44:37.363+0000] {base.py:84} INFO - Retrieving connection 'books_connection'
[2024-08-20T04:44:37.368+0000] {sql.py:509} INFO - Running statement: 
    INSERT INTO books (title, authors, price, rating)
    VALUES (%s, %s, %s, %s)
    , parameters: ("Applied Machine Learning and AI for Engineers: Solve Business Problems That Can't Be Solved Algorithmically", 'Jeff Prosise', '55.', '4.5 out of 5 stars')
[2024-08-20T04:44:37.370+0000] {sql.py:518} INFO - Rows affected: 1
[2024-08-20T04:44:37.382+0000] {base.py:84} INFO - Retrieving connection 'books_connection'
[2024-08-20T04:44:37.386+0000] {sql.py:509} INFO - Running statement: 
    INSERT INTO books (title, authors, price, rating)
    VALUES (%s, %s, %s, %s)
    , parameters: ('Feature Engineering for Machine Learning: Principles and Techniques for Data Scientists', 'Alice Zheng', '41.', '4.4 out of 5 stars')
[2024-08-20T04:44:37.389+0000] {sql.py:518} INFO - Rows affected: 1
[2024-08-20T04:44:37.400+0000] {base.py:84} INFO - Retrieving connection 'books_connection'
[2024-08-20T04:44:37.405+0000] {sql.py:509} INFO - Running statement: 
    INSERT INTO books (title, authors, price, rating)
    VALUES (%s, %s, %s, %s)
    , parameters: ('Better Data Visualizations: A Guide for Scholars, Researchers, and Wonks', 'Jonathan Schwabish', '26.', '4.5 out of 5 stars')
[2024-08-20T04:44:37.408+0000] {sql.py:518} INFO - Rows affected: 1
[2024-08-20T04:44:37.418+0000] {base.py:84} INFO - Retrieving connection 'books_connection'
[2024-08-20T04:44:37.423+0000] {sql.py:509} INFO - Running statement: 
    INSERT INTO books (title, authors, price, rating)
    VALUES (%s, %s, %s, %s)
    , parameters: ('SQL Data Analytics Made Easy: Your Step-by-Step Guide to Unlocking Data’s Hidden Secrets: Demystify complex concepts, and harness the power of data to drive intelligent decision-making effortlessly.', 'L.D. Knowings', '14.', '4.1 out of 5 stars')
[2024-08-20T04:44:37.425+0000] {sql.py:518} INFO - Rows affected: 1
[2024-08-20T04:44:37.436+0000] {base.py:84} INFO - Retrieving connection 'books_connection'
[2024-08-20T04:44:37.441+0000] {sql.py:509} INFO - Running statement: 
    INSERT INTO books (title, authors, price, rating)
    VALUES (%s, %s, %s, %s)
    , parameters: ('The Art of Doing Science and Engineering: Learning to Learn', 'Richard W. Hamming', '19.', '4.6 out of 5 stars')
[2024-08-20T04:44:37.443+0000] {sql.py:518} INFO - Rows affected: 1
[2024-08-20T04:44:37.453+0000] {base.py:84} INFO - Retrieving connection 'books_connection'
[2024-08-20T04:44:37.457+0000] {sql.py:509} INFO - Running statement: 
    INSERT INTO books (title, authors, price, rating)
    VALUES (%s, %s, %s, %s)
    , parameters: ('A Common-Sense Guide to Data Structures and Algorithms, Second Edition: Level Up Your Core Programming Skills', 'Jay Wengrow', '39.', '4.7 out of 5 stars')
[2024-08-20T04:44:37.460+0000] {sql.py:518} INFO - Rows affected: 1
[2024-08-20T04:44:37.470+0000] {base.py:84} INFO - Retrieving connection 'books_connection'
[2024-08-20T04:44:37.474+0000] {sql.py:509} INFO - Running statement: 
    INSERT INTO books (title, authors, price, rating)
    VALUES (%s, %s, %s, %s)
    , parameters: ('Fundamentals of Data Visualization: A Primer on Making Informative and Compelling Figures', 'Claus Wilke', '49.', '4.6 out of 5 stars')
[2024-08-20T04:44:37.476+0000] {sql.py:518} INFO - Rows affected: 1
[2024-08-20T04:44:37.488+0000] {base.py:84} INFO - Retrieving connection 'books_connection'
[2024-08-20T04:44:37.492+0000] {sql.py:509} INFO - Running statement: 
    INSERT INTO books (title, authors, price, rating)
    VALUES (%s, %s, %s, %s)
    , parameters: ('Hypothesis Testing: An Intuitive Guide for Making Data Driven Decisions', 'Jim Frost', '23.', '4.5 out of 5 stars')
[2024-08-20T04:44:37.494+0000] {sql.py:518} INFO - Rows affected: 1
[2024-08-20T04:44:37.504+0000] {base.py:84} INFO - Retrieving connection 'books_connection'
[2024-08-20T04:44:37.509+0000] {sql.py:509} INFO - Running statement: 
    INSERT INTO books (title, authors, price, rating)
    VALUES (%s, %s, %s, %s)
    , parameters: ('Modeling and Simulation in Python: An Introduction for Scientists and Engineers', 'Allen B. Downey', '32.', '4.5 out of 5 stars')
[2024-08-20T04:44:37.512+0000] {sql.py:518} INFO - Rows affected: 1
[2024-08-20T04:44:37.523+0000] {base.py:84} INFO - Retrieving connection 'books_connection'
[2024-08-20T04:44:37.528+0000] {sql.py:509} INFO - Running statement: 
    INSERT INTO books (title, authors, price, rating)
    VALUES (%s, %s, %s, %s)
    , parameters: ('The Data Governance Guidebook and Playbook: By a Practitioner for Practitioners', 'Paperback', '25.', '4.3 out of 5 stars')
[2024-08-20T04:44:37.530+0000] {sql.py:518} INFO - Rows affected: 1
[2024-08-20T04:44:37.540+0000] {base.py:84} INFO - Retrieving connection 'books_connection'
[2024-08-20T04:44:37.545+0000] {sql.py:509} INFO - Running statement: 
    INSERT INTO books (title, authors, price, rating)
    VALUES (%s, %s, %s, %s)
    , parameters: ('AWS Certified Data Analytics Study Guide: Specialty (DAS-C01) Exam', 'Asif Abbasi', '31.', '4.6 out of 5 stars')
[2024-08-20T04:44:37.547+0000] {sql.py:518} INFO - Rows affected: 1
[2024-08-20T04:44:37.558+0000] {base.py:84} INFO - Retrieving connection 'books_connection'
[2024-08-20T04:44:37.562+0000] {sql.py:509} INFO - Running statement: 
    INSERT INTO books (title, authors, price, rating)
    VALUES (%s, %s, %s, %s)
    , parameters: ('50 Algorithms Every Programmer Should Know - Second Edition: An unbeatable arsenal of algorithmic solutions for real-world problems', 'Imran Ahmad', '37.', '4.4 out of 5 stars')
[2024-08-20T04:44:37.565+0000] {sql.py:518} INFO - Rows affected: 1
[2024-08-20T04:44:37.574+0000] {base.py:84} INFO - Retrieving connection 'books_connection'
[2024-08-20T04:44:37.579+0000] {sql.py:509} INFO - Running statement: 
    INSERT INTO books (title, authors, price, rating)
    VALUES (%s, %s, %s, %s)
    , parameters: ('Technology is Dead', 'Paperback', '23.', '5.0 out of 5 stars')
[2024-08-20T04:44:37.580+0000] {sql.py:518} INFO - Rows affected: 1
[2024-08-20T04:44:37.591+0000] {base.py:84} INFO - Retrieving connection 'books_connection'
[2024-08-20T04:44:37.595+0000] {sql.py:509} INFO - Running statement: 
    INSERT INTO books (title, authors, price, rating)
    VALUES (%s, %s, %s, %s)
    , parameters: ('Designing Cloud Data Platforms', 'Audible Audiobook', '0.', '4.7 out of 5 stars')
[2024-08-20T04:44:37.596+0000] {sql.py:518} INFO - Rows affected: 1
[2024-08-20T04:44:37.607+0000] {base.py:84} INFO - Retrieving connection 'books_connection'
[2024-08-20T04:44:37.612+0000] {sql.py:509} INFO - Running statement: 
    INSERT INTO books (title, authors, price, rating)
    VALUES (%s, %s, %s, %s)
    , parameters: ('Data Science: The Hard Parts: Techniques for Excelling at Data Science', 'Daniel Vaughan', '48.', '5.0 out of 5 stars')
[2024-08-20T04:44:37.614+0000] {sql.py:518} INFO - Rows affected: 1
[2024-08-20T04:44:37.623+0000] {base.py:84} INFO - Retrieving connection 'books_connection'
[2024-08-20T04:44:37.628+0000] {sql.py:509} INFO - Running statement: 
    INSERT INTO books (title, authors, price, rating)
    VALUES (%s, %s, %s, %s)
    , parameters: ('Data Management at Scale: Modern Data Architecture with Data Mesh and Data Fabric', 'Piethein Strengholt', '47.', '4.5 out of 5 stars')
[2024-08-20T04:44:37.630+0000] {sql.py:518} INFO - Rows affected: 1
[2024-08-20T04:44:37.641+0000] {base.py:84} INFO - Retrieving connection 'books_connection'
[2024-08-20T04:44:37.645+0000] {sql.py:509} INFO - Running statement: 
    INSERT INTO books (title, authors, price, rating)
    VALUES (%s, %s, %s, %s)
    , parameters: ('Practical Fraud Prevention: Fraud and AML Analytics for Fintech and eCommerce, Using SQL and Python', 'Gilit Saporta', '47.', '4.4 out of 5 stars')
[2024-08-20T04:44:37.647+0000] {sql.py:518} INFO - Rows affected: 1
[2024-08-20T04:44:37.656+0000] {base.py:84} INFO - Retrieving connection 'books_connection'
[2024-08-20T04:44:37.661+0000] {sql.py:509} INFO - Running statement: 
    INSERT INTO books (title, authors, price, rating)
    VALUES (%s, %s, %s, %s)
    , parameters: ('Data Quality Engineering in Financial Services: Applying Manufacturing Techniques to Data', 'Brian Buzzelli', '30.', '4.4 out of 5 stars')
[2024-08-20T04:44:37.675+0000] {sql.py:518} INFO - Rows affected: 1
[2024-08-20T04:44:37.687+0000] {base.py:84} INFO - Retrieving connection 'books_connection'
[2024-08-20T04:44:37.691+0000] {sql.py:509} INFO - Running statement: 
    INSERT INTO books (title, authors, price, rating)
    VALUES (%s, %s, %s, %s)
    , parameters: ('Ultimate Azure Data Engineering: Build Robust Data Engineering Systems on Azure with SQL, ETL, Data Modeling, and Power BI for Business Insights and Crack Azure Certifications (English Edition)', 'Ashish Agarwal', '39.', '5.0 out of 5 stars')
[2024-08-20T04:44:37.693+0000] {sql.py:518} INFO - Rows affected: 1
[2024-08-20T04:44:37.701+0000] {base.py:84} INFO - Retrieving connection 'books_connection'
[2024-08-20T04:44:37.706+0000] {sql.py:509} INFO - Running statement: 
    INSERT INTO books (title, authors, price, rating)
    VALUES (%s, %s, %s, %s)
    , parameters: ('Data Structures and Algorithms: 100 Interview Questions (Advanced Topics in Programming Book 2)', 'Kindle', '9.', '5.0 out of 5 stars')
[2024-08-20T04:44:37.708+0000] {sql.py:518} INFO - Rows affected: 1
[2024-08-20T04:44:37.717+0000] {base.py:84} INFO - Retrieving connection 'books_connection'
[2024-08-20T04:44:37.722+0000] {sql.py:509} INFO - Running statement: 
    INSERT INTO books (title, authors, price, rating)
    VALUES (%s, %s, %s, %s)
    , parameters: ('Data-Centric Machine Learning with Python: The ultimate guide to engineering and deploying high-quality models based on good data', 'Jonas Christensen', '49.', '4.6 out of 5 stars')
[2024-08-20T04:44:37.724+0000] {sql.py:518} INFO - Rows affected: 1
[2024-08-20T04:44:37.733+0000] {base.py:84} INFO - Retrieving connection 'books_connection'
[2024-08-20T04:44:37.738+0000] {sql.py:509} INFO - Running statement: 
    INSERT INTO books (title, authors, price, rating)
    VALUES (%s, %s, %s, %s)
    , parameters: ('Architecting Data and Machine Learning Platforms: Enable Analytics and AI-Driven Innovation in the Cloud', 'Marco Tranquillin', '37.', '4.3 out of 5 stars')
[2024-08-20T04:44:37.741+0000] {sql.py:518} INFO - Rows affected: 1
[2024-08-20T04:44:37.750+0000] {base.py:84} INFO - Retrieving connection 'books_connection'
[2024-08-20T04:44:37.756+0000] {sql.py:509} INFO - Running statement: 
    INSERT INTO books (title, authors, price, rating)
    VALUES (%s, %s, %s, %s)
    , parameters: ('Killed by a Traffic Engineer: Shattering the Delusion that Science Underlies our Transportation System', 'Wes Marshall', '33.', '4.5 out of 5 stars')
[2024-08-20T04:44:37.759+0000] {sql.py:518} INFO - Rows affected: 1
[2024-08-20T04:44:37.769+0000] {base.py:84} INFO - Retrieving connection 'books_connection'
[2024-08-20T04:44:37.774+0000] {sql.py:509} INFO - Running statement: 
    INSERT INTO books (title, authors, price, rating)
    VALUES (%s, %s, %s, %s)
    , parameters: ('Python Data Engineering Resources: Boost Your Career With This Python Handbook; Prepare For Python Interview; Python Programming Cookbook For Beginners and Experienced; Python Data Analysis and More', 'Vajo Lukic', '9.', '4.8 out of 5 stars')
[2024-08-20T04:44:37.776+0000] {sql.py:518} INFO - Rows affected: 1
[2024-08-20T04:44:37.791+0000] {base.py:84} INFO - Retrieving connection 'books_connection'
[2024-08-20T04:44:37.797+0000] {sql.py:509} INFO - Running statement: 
    INSERT INTO books (title, authors, price, rating)
    VALUES (%s, %s, %s, %s)
    , parameters: ('Restricted Data: The History of Nuclear Secrecy in the United States', 'Alex Wellerstein', '2.', '4.7 out of 5 stars')
[2024-08-20T04:44:37.799+0000] {sql.py:518} INFO - Rows affected: 1
[2024-08-20T04:44:37.809+0000] {base.py:84} INFO - Retrieving connection 'books_connection'
[2024-08-20T04:44:37.815+0000] {sql.py:509} INFO - Running statement: 
    INSERT INTO books (title, authors, price, rating)
    VALUES (%s, %s, %s, %s)
    , parameters: ('Data Driven: Truckers, Technology, and the New Workplace Surveillance', 'Karen Levy', '21.', '4.3 out of 5 stars')
[2024-08-20T04:44:37.818+0000] {sql.py:518} INFO - Rows affected: 1
[2024-08-20T04:44:37.828+0000] {base.py:84} INFO - Retrieving connection 'books_connection'
[2024-08-20T04:44:37.833+0000] {sql.py:509} INFO - Running statement: 
    INSERT INTO books (title, authors, price, rating)
    VALUES (%s, %s, %s, %s)
    , parameters: ("Engineers' Practical Databook: A Technical Reference Guide for Students and Professionals", 'Jay Smith', '18.', '4.6 out of 5 stars')
[2024-08-20T04:44:37.835+0000] {sql.py:518} INFO - Rows affected: 1
[2024-08-20T04:44:37.845+0000] {base.py:84} INFO - Retrieving connection 'books_connection'
[2024-08-20T04:44:37.851+0000] {sql.py:509} INFO - Running statement: 
    INSERT INTO books (title, authors, price, rating)
    VALUES (%s, %s, %s, %s)
    , parameters: ('Understanding Cryptography: A Textbook for Students and Practitioners', 'Christof Paar', '29.', '4.6 out of 5 stars')
[2024-08-20T04:44:37.854+0000] {sql.py:518} INFO - Rows affected: 1
[2024-08-20T04:44:37.867+0000] {base.py:84} INFO - Retrieving connection 'books_connection'
[2024-08-20T04:44:37.871+0000] {sql.py:509} INFO - Running statement: 
    INSERT INTO books (title, authors, price, rating)
    VALUES (%s, %s, %s, %s)
    , parameters: ('Grokking Algorithms', 'Audible Audiobook', '0.', '4.6 out of 5 stars')
[2024-08-20T04:44:37.874+0000] {sql.py:518} INFO - Rows affected: 1
[2024-08-20T04:44:37.884+0000] {base.py:84} INFO - Retrieving connection 'books_connection'
[2024-08-20T04:44:37.889+0000] {sql.py:509} INFO - Running statement: 
    INSERT INTO books (title, authors, price, rating)
    VALUES (%s, %s, %s, %s)
    , parameters: ('Observability Engineering: Achieving Production Excellence', 'Charity Majors', '34.', '4.3 out of 5 stars')
[2024-08-20T04:44:37.891+0000] {sql.py:518} INFO - Rows affected: 1
[2024-08-20T04:44:37.903+0000] {base.py:84} INFO - Retrieving connection 'books_connection'
[2024-08-20T04:44:37.910+0000] {sql.py:509} INFO - Running statement: 
    INSERT INTO books (title, authors, price, rating)
    VALUES (%s, %s, %s, %s)
    , parameters: ('Python Feature Engineering Cookbook: Over 70 recipes for creating, engineering, and transforming features to build machine learning models, 2nd Edition', 'Soledad Galli', '44.', '4.4 out of 5 stars')
[2024-08-20T04:44:37.913+0000] {sql.py:518} INFO - Rows affected: 1
[2024-08-20T04:44:37.925+0000] {base.py:84} INFO - Retrieving connection 'books_connection'
[2024-08-20T04:44:37.930+0000] {sql.py:509} INFO - Running statement: 
    INSERT INTO books (title, authors, price, rating)
    VALUES (%s, %s, %s, %s)
    , parameters: ('Learning Tableau 2022 - Fifth Edition: Create effective data visualizations, build interactive visual analytics, and improve your data storytelling capabilities', 'Joshua N Milligan', '57.', '4.5 out of 5 stars')
[2024-08-20T04:44:37.931+0000] {sql.py:518} INFO - Rows affected: 1
[2024-08-20T04:44:37.941+0000] {base.py:84} INFO - Retrieving connection 'books_connection'
[2024-08-20T04:44:37.946+0000] {sql.py:509} INFO - Running statement: 
    INSERT INTO books (title, authors, price, rating)
    VALUES (%s, %s, %s, %s)
    , parameters: ('Practical Reverse Engineering: x86, x64, ARM, Windows Kernel, Reversing Tools, and Obfuscation', 'Bruce Dang', '34.', '4.6 out of 5 stars')
[2024-08-20T04:44:37.948+0000] {sql.py:518} INFO - Rows affected: 1
[2024-08-20T04:44:37.950+0000] {python.py:240} INFO - Done. Returned value was: None
[2024-08-20T04:44:37.963+0000] {taskinstance.py:340} INFO - ::group::Post task execution logs
[2024-08-20T04:44:37.964+0000] {taskinstance.py:352} INFO - Marking task as SUCCESS. dag_id=fetch_and_store_DE_books, task_id=insert_book_data, run_id=scheduled__2024-07-19T00:00:00+00:00, execution_date=20240719T000000, start_date=20240820T044435, end_date=20240820T044437
[2024-08-20T04:44:37.978+0000] {logging_mixin.py:190} INFO - Task instance in success state
[2024-08-20T04:44:37.979+0000] {logging_mixin.py:190} INFO -  Previous state of the Task instance: running
[2024-08-20T04:44:37.981+0000] {logging_mixin.py:190} INFO - Dag name:fetch_and_store_DE_books queued_at:2024-08-20 04:44:21.869919+00:00
[2024-08-20T04:44:37.981+0000] {logging_mixin.py:190} INFO - Task hostname:668944ed7238 operator:PythonOperator
[2024-08-20T04:44:38.025+0000] {local_task_job_runner.py:261} INFO - Task exited with return code 0
[2024-08-20T04:44:38.044+0000] {taskinstance.py:3891} INFO - 0 downstream tasks scheduled from follow-on schedule check
[2024-08-20T04:44:38.047+0000] {local_task_job_runner.py:240} INFO - ::endgroup::
