[2024-08-20T04:45:04.508+0000] {local_task_job_runner.py:123} INFO - ::group::Pre task execution logs
[2024-08-20T04:45:04.530+0000] {taskinstance.py:2603} INFO - Dependencies all met for dep_context=non-requeueable deps ti=<TaskInstance: fetch_and_store_DE_books.insert_book_data scheduled__2024-07-24T00:00:00+00:00 [queued]>
[2024-08-20T04:45:04.540+0000] {taskinstance.py:2603} INFO - Dependencies all met for dep_context=requeueable deps ti=<TaskInstance: fetch_and_store_DE_books.insert_book_data scheduled__2024-07-24T00:00:00+00:00 [queued]>
[2024-08-20T04:45:04.541+0000] {taskinstance.py:2856} INFO - Starting attempt 1 of 2
[2024-08-20T04:45:04.558+0000] {taskinstance.py:2879} INFO - Executing <Task(PythonOperator): insert_book_data> on 2024-07-24 00:00:00+00:00
[2024-08-20T04:45:04.569+0000] {warnings.py:112} WARNING - /home/***/.local/lib/python3.12/site-packages/***/task/task_runner/standard_task_runner.py:70: DeprecationWarning: This process (pid=1041) is multi-threaded, use of fork() may lead to deadlocks in the child.
  pid = os.fork()

[2024-08-20T04:45:04.571+0000] {standard_task_runner.py:72} INFO - Started process 1043 to run task
[2024-08-20T04:45:04.572+0000] {standard_task_runner.py:104} INFO - Running: ['***', 'tasks', 'run', 'fetch_and_store_DE_books', 'insert_book_data', 'scheduled__2024-07-24T00:00:00+00:00', '--job-id', '76', '--raw', '--subdir', 'DAGS_FOLDER/app.py', '--cfg-path', '/tmp/tmp14hls8zk']
[2024-08-20T04:45:04.573+0000] {standard_task_runner.py:105} INFO - Job 76: Subtask insert_book_data
[2024-08-20T04:45:04.635+0000] {task_command.py:467} INFO - Running <TaskInstance: fetch_and_store_DE_books.insert_book_data scheduled__2024-07-24T00:00:00+00:00 [running]> on host 668944ed7238
[2024-08-20T04:45:04.750+0000] {taskinstance.py:3122} INFO - Exporting env vars: AIRFLOW_CTX_DAG_OWNER='***' AIRFLOW_CTX_DAG_ID='fetch_and_store_DE_books' AIRFLOW_CTX_TASK_ID='insert_book_data' AIRFLOW_CTX_EXECUTION_DATE='2024-07-24T00:00:00+00:00' AIRFLOW_CTX_TRY_NUMBER='1' AIRFLOW_CTX_DAG_RUN_ID='scheduled__2024-07-24T00:00:00+00:00'
[2024-08-20T04:45:04.752+0000] {logging_mixin.py:190} INFO - Task instance is in running state
[2024-08-20T04:45:04.752+0000] {logging_mixin.py:190} INFO -  Previous state of the Task instance: queued
[2024-08-20T04:45:04.753+0000] {logging_mixin.py:190} INFO - Current task name:insert_book_data state:running start_date:2024-08-20 04:45:04.531166+00:00
[2024-08-20T04:45:04.753+0000] {logging_mixin.py:190} INFO - Dag name:fetch_and_store_DE_books and current dag run status:running
[2024-08-20T04:45:04.754+0000] {taskinstance.py:731} INFO - ::endgroup::
[2024-08-20T04:45:04.776+0000] {base.py:84} INFO - Retrieving connection 'books_connection'
[2024-08-20T04:45:04.780+0000] {sql.py:509} INFO - Running statement: 
    INSERT INTO books (title, authors, price, rating)
    VALUES (%s, %s, %s, %s)
    , parameters: ('Ace the Data Engineering Interview: Questions and Answers for Python, SQL, Data Modeling and More', 'Sean Coyne', '24.', '4.1 out of 5 stars')
[2024-08-20T04:45:04.782+0000] {sql.py:518} INFO - Rows affected: 1
[2024-08-20T04:45:04.790+0000] {base.py:84} INFO - Retrieving connection 'books_connection'
[2024-08-20T04:45:04.794+0000] {sql.py:509} INFO - Running statement: 
    INSERT INTO books (title, authors, price, rating)
    VALUES (%s, %s, %s, %s)
    , parameters: ('Data Engineering with AWS - Second Edition: Acquire the skills to design and build AWS-based data transformation pipelines like a pro', 'Gareth Eagar', '41.', '4.4 out of 5 stars')
[2024-08-20T04:45:04.795+0000] {sql.py:518} INFO - Rows affected: 1
[2024-08-20T04:45:04.803+0000] {base.py:84} INFO - Retrieving connection 'books_connection'
[2024-08-20T04:45:04.808+0000] {sql.py:509} INFO - Running statement: 
    INSERT INTO books (title, authors, price, rating)
    VALUES (%s, %s, %s, %s)
    , parameters: ('Azure Data Engineer Associate Certification Guide: Ace the DP-203 exam with advanced data engineering skills', 'Giacinto Palmieri', '39.', '4.5 out of 5 stars')
[2024-08-20T04:45:04.809+0000] {sql.py:518} INFO - Rows affected: 1
[2024-08-20T04:45:04.817+0000] {base.py:84} INFO - Retrieving connection 'books_connection'
[2024-08-20T04:45:04.820+0000] {sql.py:509} INFO - Running statement: 
    INSERT INTO books (title, authors, price, rating)
    VALUES (%s, %s, %s, %s)
    , parameters: ('Data Engineering 101', 'Paperback', '22.', '5.0 out of 5 stars')
[2024-08-20T04:45:04.822+0000] {sql.py:518} INFO - Rows affected: 1
[2024-08-20T04:45:04.830+0000] {base.py:84} INFO - Retrieving connection 'books_connection'
[2024-08-20T04:45:04.833+0000] {sql.py:509} INFO - Running statement: 
    INSERT INTO books (title, authors, price, rating)
    VALUES (%s, %s, %s, %s)
    , parameters: ('Fundamentals of Data Engineering: Plan and Build Robust Data Systems', 'Joe Reis', '38.', '4.7 out of 5 stars')
[2024-08-20T04:45:04.835+0000] {sql.py:518} INFO - Rows affected: 1
[2024-08-20T04:45:04.843+0000] {base.py:84} INFO - Retrieving connection 'books_connection'
[2024-08-20T04:45:04.847+0000] {sql.py:509} INFO - Running statement: 
    INSERT INTO books (title, authors, price, rating)
    VALUES (%s, %s, %s, %s)
    , parameters: ('Data Pipelines Pocket Reference: Moving and Processing Data for Analytics', 'James Densmore', '17.', '4.5 out of 5 stars')
[2024-08-20T04:45:04.848+0000] {sql.py:518} INFO - Rows affected: 1
[2024-08-20T04:45:04.856+0000] {base.py:84} INFO - Retrieving connection 'books_connection'
[2024-08-20T04:45:04.859+0000] {sql.py:509} INFO - Running statement: 
    INSERT INTO books (title, authors, price, rating)
    VALUES (%s, %s, %s, %s)
    , parameters: ('Designing Data-Intensive Applications: The Big Ideas Behind Reliable, Scalable, and Maintainable Systems', 'Martin Kleppmann', '35.', '4.8 out of 5 stars')
[2024-08-20T04:45:04.861+0000] {sql.py:518} INFO - Rows affected: 1
[2024-08-20T04:45:04.870+0000] {base.py:84} INFO - Retrieving connection 'books_connection'
[2024-08-20T04:45:04.874+0000] {sql.py:509} INFO - Running statement: 
    INSERT INTO books (title, authors, price, rating)
    VALUES (%s, %s, %s, %s)
    , parameters: ("Azure Data Factory Cookbook - Second Edition: A data engineer's guide to building and managing ETL and ELT pipelines with data integration", 'Dmitry Foshin', '51.', '4.4 out of 5 stars')
[2024-08-20T04:45:04.876+0000] {sql.py:518} INFO - Rows affected: 1
[2024-08-20T04:45:04.885+0000] {base.py:84} INFO - Retrieving connection 'books_connection'
[2024-08-20T04:45:04.889+0000] {sql.py:509} INFO - Running statement: 
    INSERT INTO books (title, authors, price, rating)
    VALUES (%s, %s, %s, %s)
    , parameters: ('Data Analysis with Python and PySpark', 'Jonathan Rioux', '55.', '4.4 out of 5 stars')
[2024-08-20T04:45:04.892+0000] {sql.py:518} INFO - Rows affected: 1
[2024-08-20T04:45:04.899+0000] {base.py:84} INFO - Retrieving connection 'books_connection'
[2024-08-20T04:45:04.903+0000] {sql.py:509} INFO - Running statement: 
    INSERT INTO books (title, authors, price, rating)
    VALUES (%s, %s, %s, %s)
    , parameters: ('Data Engineering with dbt: A practical guide to building a cloud-based, pragmatic, and dependable data platform with SQL', 'Roberto Zagni', '37.', '4.6 out of 5 stars')
[2024-08-20T04:45:04.905+0000] {sql.py:518} INFO - Rows affected: 1
[2024-08-20T04:45:04.913+0000] {base.py:84} INFO - Retrieving connection 'books_connection'
[2024-08-20T04:45:04.917+0000] {sql.py:509} INFO - Running statement: 
    INSERT INTO books (title, authors, price, rating)
    VALUES (%s, %s, %s, %s)
    , parameters: ('Data Engineering with Python: Work with massive datasets to design data models and automate data pipelines using Python', 'Paul Crickard', '37.', '4.1 out of 5 stars')
[2024-08-20T04:45:04.919+0000] {sql.py:518} INFO - Rows affected: 1
[2024-08-20T04:45:04.929+0000] {base.py:84} INFO - Retrieving connection 'books_connection'
[2024-08-20T04:45:04.934+0000] {sql.py:509} INFO - Running statement: 
    INSERT INTO books (title, authors, price, rating)
    VALUES (%s, %s, %s, %s)
    , parameters: ('Data Engineering with Python cookbook: Learn to build efficient data pipelines using the Modern Cloud Data Stack', 'Adithyan Ramanujakootam', '29.', '5.0 out of 5 stars')
[2024-08-20T04:45:04.935+0000] {sql.py:518} INFO - Rows affected: 1
[2024-08-20T04:45:04.944+0000] {base.py:84} INFO - Retrieving connection 'books_connection'
[2024-08-20T04:45:04.948+0000] {sql.py:509} INFO - Running statement: 
    INSERT INTO books (title, authors, price, rating)
    VALUES (%s, %s, %s, %s)
    , parameters: ('Cracking the Data Engineering Interview: Land your dream job with the help of resume-building tips, over 100 mock questions, and a unique portfolio', 'Kedeisha Bryan', '26.', '4.4 out of 5 stars')
[2024-08-20T04:45:04.950+0000] {sql.py:518} INFO - Rows affected: 1
[2024-08-20T04:45:04.958+0000] {base.py:84} INFO - Retrieving connection 'books_connection'
[2024-08-20T04:45:04.962+0000] {sql.py:509} INFO - Running statement: 
    INSERT INTO books (title, authors, price, rating)
    VALUES (%s, %s, %s, %s)
    , parameters: ('Data Engineering with AWS: Learn how to design and build cloud-based data transformation pipelines using AWS', 'Gareth Eagar', '49.', '4.4 out of 5 stars')
[2024-08-20T04:45:04.963+0000] {sql.py:518} INFO - Rows affected: 1
[2024-08-20T04:45:04.971+0000] {base.py:84} INFO - Retrieving connection 'books_connection'
[2024-08-20T04:45:04.975+0000] {sql.py:509} INFO - Running statement: 
    INSERT INTO books (title, authors, price, rating)
    VALUES (%s, %s, %s, %s)
    , parameters: ('Software Engineering for Data Scientists: From Notebooks to Scalable Systems', 'Catherine Nelson', '52.', '4.5 out of 5 stars')
[2024-08-20T04:45:04.977+0000] {sql.py:518} INFO - Rows affected: 1
[2024-08-20T04:45:04.984+0000] {base.py:84} INFO - Retrieving connection 'books_connection'
[2024-08-20T04:45:04.988+0000] {sql.py:509} INFO - Running statement: 
    INSERT INTO books (title, authors, price, rating)
    VALUES (%s, %s, %s, %s)
    , parameters: ('Data Engineering with Google Cloud Platform: A guide to leveling up as a data engineer by building a scalable data platform with Google Cloud', 'Adi Wijaya', '41.', '5.0 out of 5 stars')
[2024-08-20T04:45:04.990+0000] {sql.py:518} INFO - Rows affected: 1
[2024-08-20T04:45:04.997+0000] {base.py:84} INFO - Retrieving connection 'books_connection'
[2024-08-20T04:45:05.001+0000] {sql.py:509} INFO - Running statement: 
    INSERT INTO books (title, authors, price, rating)
    VALUES (%s, %s, %s, %s)
    , parameters: ('Driving Data Quality with Data Contracts: A comprehensive guide to building reliable, trusted, and effective data platforms', 'Andrew Jones', '28.', '4.6 out of 5 stars')
[2024-08-20T04:45:05.003+0000] {sql.py:518} INFO - Rows affected: 1
[2024-08-20T04:45:05.012+0000] {base.py:84} INFO - Retrieving connection 'books_connection'
[2024-08-20T04:45:05.016+0000] {sql.py:509} INFO - Running statement: 
    INSERT INTO books (title, authors, price, rating)
    VALUES (%s, %s, %s, %s)
    , parameters: ('Data Engineering Fundamentals for Beginners: Mastering the Art of Building, Managing, and Scaling Data Systems', 'Paperback', '14.', '5.0 out of 5 stars')
[2024-08-20T04:45:05.017+0000] {sql.py:518} INFO - Rows affected: 1
[2024-08-20T04:45:05.026+0000] {base.py:84} INFO - Retrieving connection 'books_connection'
[2024-08-20T04:45:05.030+0000] {sql.py:509} INFO - Running statement: 
    INSERT INTO books (title, authors, price, rating)
    VALUES (%s, %s, %s, %s)
    , parameters: ('Data Engineering with Databricks Cookbook: Build effective data and AI solutions using Apache Spark, Databricks, and Delta Lake', 'Pulkit Chadha', '42.', '4.2 out of 5 stars')
[2024-08-20T04:45:05.031+0000] {sql.py:518} INFO - Rows affected: 1
[2024-08-20T04:45:05.040+0000] {base.py:84} INFO - Retrieving connection 'books_connection'
[2024-08-20T04:45:05.044+0000] {sql.py:509} INFO - Running statement: 
    INSERT INTO books (title, authors, price, rating)
    VALUES (%s, %s, %s, %s)
    , parameters: ('Data-Driven Science and Engineering: Machine Learning, Dynamical Systems, and Control', 'Steven L. Brunton', '64.', '4.7 out of 5 stars')
[2024-08-20T04:45:05.045+0000] {sql.py:518} INFO - Rows affected: 1
[2024-08-20T04:45:05.053+0000] {base.py:84} INFO - Retrieving connection 'books_connection'
[2024-08-20T04:45:05.057+0000] {sql.py:509} INFO - Running statement: 
    INSERT INTO books (title, authors, price, rating)
    VALUES (%s, %s, %s, %s)
    , parameters: ('Effective Data Science Infrastructure: How to make data scientists productive', 'Ville Tuulos', '47.', '4.5 out of 5 stars')
[2024-08-20T04:45:05.059+0000] {sql.py:518} INFO - Rows affected: 1
[2024-08-20T04:45:05.067+0000] {base.py:84} INFO - Retrieving connection 'books_connection'
[2024-08-20T04:45:05.070+0000] {sql.py:509} INFO - Running statement: 
    INSERT INTO books (title, authors, price, rating)
    VALUES (%s, %s, %s, %s)
    , parameters: ('Data Privacy: A runbook for engineers', 'Nishant Bhajaria', '32.', '4.8 out of 5 stars')
[2024-08-20T04:45:05.072+0000] {sql.py:518} INFO - Rows affected: 1
[2024-08-20T04:45:05.080+0000] {base.py:84} INFO - Retrieving connection 'books_connection'
[2024-08-20T04:45:05.084+0000] {sql.py:509} INFO - Running statement: 
    INSERT INTO books (title, authors, price, rating)
    VALUES (%s, %s, %s, %s)
    , parameters: ('Mastering Large Datasets with Python: Parallelize and Distribute Your Python Code', 'John T. Wolohan', '49.', '3.9 out of 5 stars')
[2024-08-20T04:45:05.085+0000] {sql.py:518} INFO - Rows affected: 1
[2024-08-20T04:45:05.093+0000] {base.py:84} INFO - Retrieving connection 'books_connection'
[2024-08-20T04:45:05.097+0000] {sql.py:509} INFO - Running statement: 
    INSERT INTO books (title, authors, price, rating)
    VALUES (%s, %s, %s, %s)
    , parameters: ('DATA ENGINEERING AND AI FOR BEGINNERS: Revolutionizing Data Processing and Analytics by Leveraging Artificial Intelligence for Efficient Input Collection, Storage, and Transformation (World of AI)', 'Paperback', '13.', '4.4 out of 5 stars')
[2024-08-20T04:45:05.098+0000] {sql.py:518} INFO - Rows affected: 1
[2024-08-20T04:45:05.106+0000] {base.py:84} INFO - Retrieving connection 'books_connection'
[2024-08-20T04:45:05.109+0000] {sql.py:509} INFO - Running statement: 
    INSERT INTO books (title, authors, price, rating)
    VALUES (%s, %s, %s, %s)
    , parameters: ('Data Mesh: Delivering Data-Driven Value at Scale', 'Zhamak Dehghani', '43.', '4.5 out of 5 stars')
[2024-08-20T04:45:05.111+0000] {sql.py:518} INFO - Rows affected: 1
[2024-08-20T04:45:05.119+0000] {base.py:84} INFO - Retrieving connection 'books_connection'
[2024-08-20T04:45:05.123+0000] {sql.py:509} INFO - Running statement: 
    INSERT INTO books (title, authors, price, rating)
    VALUES (%s, %s, %s, %s)
    , parameters: ('Data Engineering with Apache Spark, Delta Lake, and Lakehouse: Create scalable pipelines that ingest, curate, and aggregate complex data in a timely and secure way', 'Manoj Kukreja', '29.', '3.9 out of 5 stars')
[2024-08-20T04:45:05.124+0000] {sql.py:518} INFO - Rows affected: 1
[2024-08-20T04:45:05.132+0000] {base.py:84} INFO - Retrieving connection 'books_connection'
[2024-08-20T04:45:05.136+0000] {sql.py:509} INFO - Running statement: 
    INSERT INTO books (title, authors, price, rating)
    VALUES (%s, %s, %s, %s)
    , parameters: ('Machine Learning Engineering', 'Andriy Burkov', '39.', '4.7 out of 5 stars')
[2024-08-20T04:45:05.138+0000] {sql.py:518} INFO - Rows affected: 1
[2024-08-20T04:45:05.146+0000] {base.py:84} INFO - Retrieving connection 'books_connection'
[2024-08-20T04:45:05.150+0000] {sql.py:509} INFO - Running statement: 
    INSERT INTO books (title, authors, price, rating)
    VALUES (%s, %s, %s, %s)
    , parameters: ('Data Engineering with Alteryx: Helping data engineers apply DataOps practices with Alteryx', 'Paul Houghton', '44.', '4.3 out of 5 stars')
[2024-08-20T04:45:05.151+0000] {sql.py:518} INFO - Rows affected: 1
[2024-08-20T04:45:05.159+0000] {base.py:84} INFO - Retrieving connection 'books_connection'
[2024-08-20T04:45:05.163+0000] {sql.py:509} INFO - Running statement: 
    INSERT INTO books (title, authors, price, rating)
    VALUES (%s, %s, %s, %s)
    , parameters: ('Expert Data Modeling with Power BI - Second Edition: Enrich and optimize your data models to get the best out of Power BI for reporting and business needs', 'Soheil Bakhshi', '47.', '4.8 out of 5 stars')
[2024-08-20T04:45:05.164+0000] {sql.py:518} INFO - Rows affected: 1
[2024-08-20T04:45:05.174+0000] {base.py:84} INFO - Retrieving connection 'books_connection'
[2024-08-20T04:45:05.178+0000] {sql.py:509} INFO - Running statement: 
    INSERT INTO books (title, authors, price, rating)
    VALUES (%s, %s, %s, %s)
    , parameters: ('The Enterprise Data Catalog: Improve Data Discovery, Ensure Data Governance, and Enable Innovation', 'Ole Olesen-Bagneux', '31.', '4.5 out of 5 stars')
[2024-08-20T04:45:05.180+0000] {sql.py:518} INFO - Rows affected: 1
[2024-08-20T04:45:05.188+0000] {base.py:84} INFO - Retrieving connection 'books_connection'
[2024-08-20T04:45:05.191+0000] {sql.py:509} INFO - Running statement: 
    INSERT INTO books (title, authors, price, rating)
    VALUES (%s, %s, %s, %s)
    , parameters: ('Data Engineering with Databricks', 'Paperback', '25.', '3.4 out of 5 stars')
[2024-08-20T04:45:05.193+0000] {sql.py:518} INFO - Rows affected: 1
[2024-08-20T04:45:05.200+0000] {base.py:84} INFO - Retrieving connection 'books_connection'
[2024-08-20T04:45:05.204+0000] {sql.py:509} INFO - Running statement: 
    INSERT INTO books (title, authors, price, rating)
    VALUES (%s, %s, %s, %s)
    , parameters: ('Ace the Data Science Interview: 201 Real Interview Questions Asked By FAANG, Tech Startups, & Wall Street', 'Nick Singh', '42.', '4.5 out of 5 stars')
[2024-08-20T04:45:05.205+0000] {sql.py:518} INFO - Rows affected: 1
[2024-08-20T04:45:05.213+0000] {base.py:84} INFO - Retrieving connection 'books_connection'
[2024-08-20T04:45:05.217+0000] {sql.py:509} INFO - Running statement: 
    INSERT INTO books (title, authors, price, rating)
    VALUES (%s, %s, %s, %s)
    , parameters: ('Modern Data Engineering with Apache Spark: A Hands-On Guide for Building Mission-Critical Streaming Applications', 'Scott Haines', '30.', '4.1 out of 5 stars')
[2024-08-20T04:45:05.218+0000] {sql.py:518} INFO - Rows affected: 1
[2024-08-20T04:45:05.226+0000] {base.py:84} INFO - Retrieving connection 'books_connection'
[2024-08-20T04:45:05.230+0000] {sql.py:509} INFO - Running statement: 
    INSERT INTO books (title, authors, price, rating)
    VALUES (%s, %s, %s, %s)
    , parameters: ('Data Modeling with Snowflake: A practical guide to accelerating Snowflake development using universal data modeling techniques', 'Serge Gershkovich', '36.', '4.8 out of 5 stars')
[2024-08-20T04:45:05.232+0000] {sql.py:518} INFO - Rows affected: 1
[2024-08-20T04:45:05.240+0000] {base.py:84} INFO - Retrieving connection 'books_connection'
[2024-08-20T04:45:05.243+0000] {sql.py:509} INFO - Running statement: 
    INSERT INTO books (title, authors, price, rating)
    VALUES (%s, %s, %s, %s)
    , parameters: ('Storytelling with Data: A Data Visualization Guide for Business Professionals', 'Cole Nussbaumer Knaflic', '27.', '4.6 out of 5 stars')
[2024-08-20T04:45:05.245+0000] {sql.py:518} INFO - Rows affected: 1
[2024-08-20T04:45:05.253+0000] {base.py:84} INFO - Retrieving connection 'books_connection'
[2024-08-20T04:45:05.256+0000] {sql.py:509} INFO - Running statement: 
    INSERT INTO books (title, authors, price, rating)
    VALUES (%s, %s, %s, %s)
    , parameters: ('97 Things Every Data Engineer Should Know: Collective Wisdom from the Experts', 'Audible Audiobook', '0.', '4.1 out of 5 stars')
[2024-08-20T04:45:05.258+0000] {sql.py:518} INFO - Rows affected: 1
[2024-08-20T04:45:05.266+0000] {base.py:84} INFO - Retrieving connection 'books_connection'
[2024-08-20T04:45:05.269+0000] {sql.py:509} INFO - Running statement: 
    INSERT INTO books (title, authors, price, rating)
    VALUES (%s, %s, %s, %s)
    , parameters: ("Data Quality Fundamentals: A Practitioner's Guide to Building Trustworthy Data Pipelines", 'Paperback', '45.', '4.1 out of 5 stars')
[2024-08-20T04:45:05.271+0000] {sql.py:518} INFO - Rows affected: 1
[2024-08-20T04:45:05.279+0000] {base.py:84} INFO - Retrieving connection 'books_connection'
[2024-08-20T04:45:05.283+0000] {sql.py:509} INFO - Running statement: 
    INSERT INTO books (title, authors, price, rating)
    VALUES (%s, %s, %s, %s)
    , parameters: ('Fundamentals of Data Analytics: Learn Essential Skills, Embrace the Future, and Catapult Your Career in the Data-Driven World—A Comprehensive Guide to Data Literacy for Beginners', 'Russell Dawson', '16.', '4.8 out of 5 stars')
[2024-08-20T04:45:05.284+0000] {sql.py:518} INFO - Rows affected: 1
[2024-08-20T04:45:05.292+0000] {base.py:84} INFO - Retrieving connection 'books_connection'
[2024-08-20T04:45:05.296+0000] {sql.py:509} INFO - Running statement: 
    INSERT INTO books (title, authors, price, rating)
    VALUES (%s, %s, %s, %s)
    , parameters: ('Data Engineering with Google Cloud Platform: A practical guide to operationalizing scalable data analytics systems on GCP', 'Adi Wijaya', '41.', '4.7 out of 5 stars')
[2024-08-20T04:45:05.298+0000] {sql.py:518} INFO - Rows affected: 1
[2024-08-20T04:45:05.307+0000] {base.py:84} INFO - Retrieving connection 'books_connection'
[2024-08-20T04:45:05.312+0000] {sql.py:509} INFO - Running statement: 
    INSERT INTO books (title, authors, price, rating)
    VALUES (%s, %s, %s, %s)
    , parameters: ('Prompt Engineering for Generative AI: Future-Proof Inputs for Reliable AI Outputs', 'James Phoenix', '57.', '4.4 out of 5 stars')
[2024-08-20T04:45:05.313+0000] {sql.py:518} INFO - Rows affected: 1
[2024-08-20T04:45:05.322+0000] {base.py:84} INFO - Retrieving connection 'books_connection'
[2024-08-20T04:45:05.326+0000] {sql.py:509} INFO - Running statement: 
    INSERT INTO books (title, authors, price, rating)
    VALUES (%s, %s, %s, %s)
    , parameters: ('Python Programming and SQL: 5 books in 1 - The #1 Coding Course from Beginner to Advanced. Learn it Well & Fast (2024) (Computer Programming)', 'Paperback', '32.', '4.3 out of 5 stars')
[2024-08-20T04:45:05.328+0000] {sql.py:518} INFO - Rows affected: 1
[2024-08-20T04:45:05.336+0000] {base.py:84} INFO - Retrieving connection 'books_connection'
[2024-08-20T04:45:05.340+0000] {sql.py:509} INFO - Running statement: 
    INSERT INTO books (title, authors, price, rating)
    VALUES (%s, %s, %s, %s)
    , parameters: ('Analytics Engineering with SQL and dbt: Building Meaningful Data Models at Scale', 'Rui Pedro Machado', '41.', '3.8 out of 5 stars')
[2024-08-20T04:45:05.341+0000] {sql.py:518} INFO - Rows affected: 1
[2024-08-20T04:45:05.349+0000] {base.py:84} INFO - Retrieving connection 'books_connection'
[2024-08-20T04:45:05.353+0000] {sql.py:509} INFO - Running statement: 
    INSERT INTO books (title, authors, price, rating)
    VALUES (%s, %s, %s, %s)
    , parameters: ('Data Observability for Data Engineering: Proactive strategies for ensuring data accuracy and addressing broken data pipelines', 'Michele Pinto', '18.', '3.7 out of 5 stars')
[2024-08-20T04:45:05.354+0000] {sql.py:518} INFO - Rows affected: 1
[2024-08-20T04:45:05.362+0000] {base.py:84} INFO - Retrieving connection 'books_connection'
[2024-08-20T04:45:05.366+0000] {sql.py:509} INFO - Running statement: 
    INSERT INTO books (title, authors, price, rating)
    VALUES (%s, %s, %s, %s)
    , parameters: ("Ultimate Data Engineering with Databricks: Develop Scalable Data Pipelines Using Data Engineering's Core Tenets Such as Delta Tables, Ingestion, ... Security, and Scalability (English Edition)", 'Mayank Malhotra', '37.', '3.8 out of 5 stars')
[2024-08-20T04:45:05.368+0000] {sql.py:518} INFO - Rows affected: 1
[2024-08-20T04:45:05.376+0000] {base.py:84} INFO - Retrieving connection 'books_connection'
[2024-08-20T04:45:05.380+0000] {sql.py:509} INFO - Running statement: 
    INSERT INTO books (title, authors, price, rating)
    VALUES (%s, %s, %s, %s)
    , parameters: ('The Data Warehouse Toolkit: The Definitive Guide to Dimensional Modeling', 'Paperback', '47.', '4.7 out of 5 stars')
[2024-08-20T04:45:05.382+0000] {sql.py:518} INFO - Rows affected: 1
[2024-08-20T04:45:05.390+0000] {base.py:84} INFO - Retrieving connection 'books_connection'
[2024-08-20T04:45:05.394+0000] {sql.py:509} INFO - Running statement: 
    INSERT INTO books (title, authors, price, rating)
    VALUES (%s, %s, %s, %s)
    , parameters: ('Concepts of Generative AI and Data Engineering: Vital Concepts in Data Engineering and the World of Generative AI', 'Kindle', '29.', '5.0 out of 5 stars')
[2024-08-20T04:45:05.395+0000] {sql.py:518} INFO - Rows affected: 1
[2024-08-20T04:45:05.404+0000] {base.py:84} INFO - Retrieving connection 'books_connection'
[2024-08-20T04:45:05.407+0000] {sql.py:509} INFO - Running statement: 
    INSERT INTO books (title, authors, price, rating)
    VALUES (%s, %s, %s, %s)
    , parameters: ('Official Google Cloud Certified Professional Data Engineer Study Guide', 'Dan Sullivan', '33.', '4.5 out of 5 stars')
[2024-08-20T04:45:05.409+0000] {sql.py:518} INFO - Rows affected: 1
[2024-08-20T04:45:05.417+0000] {base.py:84} INFO - Retrieving connection 'books_connection'
[2024-08-20T04:45:05.421+0000] {sql.py:509} INFO - Running statement: 
    INSERT INTO books (title, authors, price, rating)
    VALUES (%s, %s, %s, %s)
    , parameters: ('Data Analytics, Data Visualization & Communicating Data: 3 books in 1: Learn the Processes of Data Analytics and Data Science, Create Engaging Data Visualizations, and Present Data Effectively', 'Audible Audiobook', '0.', '4.5 out of 5 stars')
[2024-08-20T04:45:05.423+0000] {sql.py:518} INFO - Rows affected: 1
[2024-08-20T04:45:05.431+0000] {base.py:84} INFO - Retrieving connection 'books_connection'
[2024-08-20T04:45:05.435+0000] {sql.py:509} INFO - Running statement: 
    INSERT INTO books (title, authors, price, rating)
    VALUES (%s, %s, %s, %s)
    , parameters: ('Data Engineering and Data Science for Babies: Activity Workbook Part 1', 'Paperback', '9.', '4.1 out of 5 stars')
[2024-08-20T04:45:05.436+0000] {sql.py:518} INFO - Rows affected: 1
[2024-08-20T04:45:05.445+0000] {base.py:84} INFO - Retrieving connection 'books_connection'
[2024-08-20T04:45:05.449+0000] {sql.py:509} INFO - Running statement: 
    INSERT INTO books (title, authors, price, rating)
    VALUES (%s, %s, %s, %s)
    , parameters: ('Fundamentals of Data Engineering: Efficiency, Insight, Impact: Transforming Data into Value through Expert Engineering Practices', 'Joseph Achakji', '0.', '4.6 out of 5 stars')
[2024-08-20T04:45:05.451+0000] {sql.py:518} INFO - Rows affected: 1
[2024-08-20T04:45:05.459+0000] {base.py:84} INFO - Retrieving connection 'books_connection'
[2024-08-20T04:45:05.463+0000] {sql.py:509} INFO - Running statement: 
    INSERT INTO books (title, authors, price, rating)
    VALUES (%s, %s, %s, %s)
    , parameters: ('Learning Spark: Lightning-Fast Data Analytics', 'Jules S. Damji', '43.', '4.7 out of 5 stars')
[2024-08-20T04:45:05.465+0000] {sql.py:518} INFO - Rows affected: 1
[2024-08-20T04:45:05.473+0000] {base.py:84} INFO - Retrieving connection 'books_connection'
[2024-08-20T04:45:05.477+0000] {sql.py:509} INFO - Running statement: 
    INSERT INTO books (title, authors, price, rating)
    VALUES (%s, %s, %s, %s)
    , parameters: ("SQL QuickStart Guide: The Simplified Beginner's Guide to Managing, Analyzing, and Manipulating Data With SQL (Coding & Programming - QuickStart Guides)", 'Paperback', '18.', '4.6 out of 5 stars')
[2024-08-20T04:45:05.479+0000] {sql.py:518} INFO - Rows affected: 1
[2024-08-20T04:45:05.486+0000] {base.py:84} INFO - Retrieving connection 'books_connection'
[2024-08-20T04:45:05.490+0000] {sql.py:509} INFO - Running statement: 
    INSERT INTO books (title, authors, price, rating)
    VALUES (%s, %s, %s, %s)
    , parameters: ('Electrical engineering without prior knowledge: Understand the basics within 7 days (Become an Engineer Without Prior Knowledge)', 'Paperback', '17.', '4.4 out of 5 stars')
[2024-08-20T04:45:05.492+0000] {sql.py:518} INFO - Rows affected: 1
[2024-08-20T04:45:05.499+0000] {base.py:84} INFO - Retrieving connection 'books_connection'
[2024-08-20T04:45:05.503+0000] {sql.py:509} INFO - Running statement: 
    INSERT INTO books (title, authors, price, rating)
    VALUES (%s, %s, %s, %s)
    , parameters: ('Azure Data Engineering Cookbook - Second Edition: Get well versed in various data engineering techniques in Azure using this recipe-based guide', 'Nagaraj Venkatesan', '51.', '3.5 out of 5 stars')
[2024-08-20T04:45:05.504+0000] {sql.py:518} INFO - Rows affected: 1
[2024-08-20T04:45:05.512+0000] {base.py:84} INFO - Retrieving connection 'books_connection'
[2024-08-20T04:45:05.516+0000] {sql.py:509} INFO - Running statement: 
    INSERT INTO books (title, authors, price, rating)
    VALUES (%s, %s, %s, %s)
    , parameters: ("The Baofeng Radio Guerrilla's Bible 16 Books in 1: The Guerrilla's Comprehensive Manual: Mastering Your Baofeng Radio for Every Situation - Essential Tactics for Emergencies,Disasters,Covert Oper...", 'Paperback', '34.', '4.5 out of 5 stars')
[2024-08-20T04:45:05.517+0000] {sql.py:518} INFO - Rows affected: 1
[2024-08-20T04:45:05.526+0000] {base.py:84} INFO - Retrieving connection 'books_connection'
[2024-08-20T04:45:05.530+0000] {sql.py:509} INFO - Running statement: 
    INSERT INTO books (title, authors, price, rating)
    VALUES (%s, %s, %s, %s)
    , parameters: ('Machine Learning Engineering with Python - Second Edition: Manage the lifecycle of machine learning models using MLOps with practical examples', 'Andrew McMahon', '32.', '4.7 out of 5 stars')
[2024-08-20T04:45:05.531+0000] {sql.py:518} INFO - Rows affected: 1
[2024-08-20T04:45:05.540+0000] {base.py:84} INFO - Retrieving connection 'books_connection'
[2024-08-20T04:45:05.543+0000] {sql.py:509} INFO - Running statement: 
    INSERT INTO books (title, authors, price, rating)
    VALUES (%s, %s, %s, %s)
    , parameters: ('Systems Engineering Demystified - Second Edition: Apply modern, model-based systems engineering techniques to build complex systems', 'Jon Holt', '45.', '4.7 out of 5 stars')
[2024-08-20T04:45:05.545+0000] {sql.py:518} INFO - Rows affected: 1
[2024-08-20T04:45:05.553+0000] {base.py:84} INFO - Retrieving connection 'books_connection'
[2024-08-20T04:45:05.557+0000] {sql.py:509} INFO - Running statement: 
    INSERT INTO books (title, authors, price, rating)
    VALUES (%s, %s, %s, %s)
    , parameters: ('Data Science (The MIT Press Essential Knowledge series)', 'Paperback', '10.', '4.4 out of 5 stars')
[2024-08-20T04:45:05.559+0000] {sql.py:518} INFO - Rows affected: 1
[2024-08-20T04:45:05.567+0000] {base.py:84} INFO - Retrieving connection 'books_connection'
[2024-08-20T04:45:05.572+0000] {sql.py:509} INFO - Running statement: 
    INSERT INTO books (title, authors, price, rating)
    VALUES (%s, %s, %s, %s)
    , parameters: ('Engineers Survival Guide: Advice, tactics, and tricks After a decade of working at Facebook, Snapchat, and Microsoft', 'Merih Taze', '29.', '4.4 out of 5 stars')
[2024-08-20T04:45:05.574+0000] {sql.py:518} INFO - Rows affected: 1
[2024-08-20T04:45:05.582+0000] {base.py:84} INFO - Retrieving connection 'books_connection'
[2024-08-20T04:45:05.585+0000] {sql.py:509} INFO - Running statement: 
    INSERT INTO books (title, authors, price, rating)
    VALUES (%s, %s, %s, %s)
    , parameters: ('How Data Happened: A History from the Age of Reason to the Age of Algorithms', 'Chris Wiggins', '16.', '4.2 out of 5 stars')
[2024-08-20T04:45:05.587+0000] {sql.py:518} INFO - Rows affected: 1
[2024-08-20T04:45:05.596+0000] {base.py:84} INFO - Retrieving connection 'books_connection'
[2024-08-20T04:45:05.599+0000] {sql.py:509} INFO - Running statement: 
    INSERT INTO books (title, authors, price, rating)
    VALUES (%s, %s, %s, %s)
    , parameters: ("System Design Interview – An insider's guide", 'Alex Xu', '37.', '4.6 out of 5 stars')
[2024-08-20T04:45:05.601+0000] {sql.py:518} INFO - Rows affected: 1
[2024-08-20T04:45:05.610+0000] {base.py:84} INFO - Retrieving connection 'books_connection'
[2024-08-20T04:45:05.614+0000] {sql.py:509} INFO - Running statement: 
    INSERT INTO books (title, authors, price, rating)
    VALUES (%s, %s, %s, %s)
    , parameters: ('Data Engineering with Scala and Spark: A practical guide helping you build streaming and batch pipelines that process massive amounts of data using Scala', 'Eric Tome', '36.', '4.3 out of 5 stars')
[2024-08-20T04:45:05.616+0000] {sql.py:518} INFO - Rows affected: 1
[2024-08-20T04:45:05.625+0000] {base.py:84} INFO - Retrieving connection 'books_connection'
[2024-08-20T04:45:05.628+0000] {sql.py:509} INFO - Running statement: 
    INSERT INTO books (title, authors, price, rating)
    VALUES (%s, %s, %s, %s)
    , parameters: ("Data: Principles To Practice - Volume 1 'Foundations': Essential Foundations: Key Concepts behind Data Architecture, Engineering and Analysis for Professionals", 'Alex Holloway', '0.', '4.7 out of 5 stars')
[2024-08-20T04:45:05.630+0000] {sql.py:518} INFO - Rows affected: 1
[2024-08-20T04:45:05.638+0000] {base.py:84} INFO - Retrieving connection 'books_connection'
[2024-08-20T04:45:05.642+0000] {sql.py:509} INFO - Running statement: 
    INSERT INTO books (title, authors, price, rating)
    VALUES (%s, %s, %s, %s)
    , parameters: ('Azure Data Engineer Associate Certification Guide: A hands-on reference guide to developing your data engineering skills and preparing for the DP-203 exam', 'Newton Alex', '54.', '3.9 out of 5 stars')
[2024-08-20T04:45:05.644+0000] {sql.py:518} INFO - Rows affected: 1
[2024-08-20T04:45:05.652+0000] {base.py:84} INFO - Retrieving connection 'books_connection'
[2024-08-20T04:45:05.656+0000] {sql.py:509} INFO - Running statement: 
    INSERT INTO books (title, authors, price, rating)
    VALUES (%s, %s, %s, %s)
    , parameters: ('Build a Career in Data Science', 'Emily Robinson', '35.', '4.6 out of 5 stars')
[2024-08-20T04:45:05.658+0000] {sql.py:518} INFO - Rows affected: 1
[2024-08-20T04:45:05.667+0000] {base.py:84} INFO - Retrieving connection 'books_connection'
[2024-08-20T04:45:05.670+0000] {sql.py:509} INFO - Running statement: 
    INSERT INTO books (title, authors, price, rating)
    VALUES (%s, %s, %s, %s)
    , parameters: ('Data Science on AWS: Implementing End-to-End, Continuous AI and Machine Learning Pipelines', 'Chris Fregly', '11.', '4.5 out of 5 stars')
[2024-08-20T04:45:05.672+0000] {sql.py:518} INFO - Rows affected: 1
[2024-08-20T04:45:05.681+0000] {base.py:84} INFO - Retrieving connection 'books_connection'
[2024-08-20T04:45:05.685+0000] {sql.py:509} INFO - Running statement: 
    INSERT INTO books (title, authors, price, rating)
    VALUES (%s, %s, %s, %s)
    , parameters: ('Mastering the Data Paradox: Key to Winning in the AI Age', 'Nitin Seth', '18.', '4.8 out of 5 stars')
[2024-08-20T04:45:05.687+0000] {sql.py:518} INFO - Rows affected: 1
[2024-08-20T04:45:05.696+0000] {base.py:84} INFO - Retrieving connection 'books_connection'
[2024-08-20T04:45:05.700+0000] {sql.py:509} INFO - Running statement: 
    INSERT INTO books (title, authors, price, rating)
    VALUES (%s, %s, %s, %s)
    , parameters: ("Applied Machine Learning and AI for Engineers: Solve Business Problems That Can't Be Solved Algorithmically", 'Jeff Prosise', '55.', '4.5 out of 5 stars')
[2024-08-20T04:45:05.702+0000] {sql.py:518} INFO - Rows affected: 1
[2024-08-20T04:45:05.714+0000] {base.py:84} INFO - Retrieving connection 'books_connection'
[2024-08-20T04:45:05.718+0000] {sql.py:509} INFO - Running statement: 
    INSERT INTO books (title, authors, price, rating)
    VALUES (%s, %s, %s, %s)
    , parameters: ('Feature Engineering for Machine Learning: Principles and Techniques for Data Scientists', 'Alice Zheng', '41.', '4.4 out of 5 stars')
[2024-08-20T04:45:05.719+0000] {sql.py:518} INFO - Rows affected: 1
[2024-08-20T04:45:05.728+0000] {base.py:84} INFO - Retrieving connection 'books_connection'
[2024-08-20T04:45:05.733+0000] {sql.py:509} INFO - Running statement: 
    INSERT INTO books (title, authors, price, rating)
    VALUES (%s, %s, %s, %s)
    , parameters: ('SQL Data Analytics Made Easy: Your Step-by-Step Guide to Unlocking Data’s Hidden Secrets: Demystify complex concepts, and harness the power of data to drive intelligent decision-making effortlessly.', 'L.D. Knowings', '14.', '4.1 out of 5 stars')
[2024-08-20T04:45:05.735+0000] {sql.py:518} INFO - Rows affected: 1
[2024-08-20T04:45:05.744+0000] {base.py:84} INFO - Retrieving connection 'books_connection'
[2024-08-20T04:45:05.747+0000] {sql.py:509} INFO - Running statement: 
    INSERT INTO books (title, authors, price, rating)
    VALUES (%s, %s, %s, %s)
    , parameters: ('Better Data Visualizations: A Guide for Scholars, Researchers, and Wonks', 'Jonathan Schwabish', '26.', '4.5 out of 5 stars')
[2024-08-20T04:45:05.749+0000] {sql.py:518} INFO - Rows affected: 1
[2024-08-20T04:45:05.758+0000] {base.py:84} INFO - Retrieving connection 'books_connection'
[2024-08-20T04:45:05.762+0000] {sql.py:509} INFO - Running statement: 
    INSERT INTO books (title, authors, price, rating)
    VALUES (%s, %s, %s, %s)
    , parameters: ('Fundamentals of Data Visualization: A Primer on Making Informative and Compelling Figures', 'Claus Wilke', '49.', '4.6 out of 5 stars')
[2024-08-20T04:45:05.764+0000] {sql.py:518} INFO - Rows affected: 1
[2024-08-20T04:45:05.773+0000] {base.py:84} INFO - Retrieving connection 'books_connection'
[2024-08-20T04:45:05.776+0000] {sql.py:509} INFO - Running statement: 
    INSERT INTO books (title, authors, price, rating)
    VALUES (%s, %s, %s, %s)
    , parameters: ('A Common-Sense Guide to Data Structures and Algorithms, Second Edition: Level Up Your Core Programming Skills', 'Jay Wengrow', '39.', '4.7 out of 5 stars')
[2024-08-20T04:45:05.779+0000] {sql.py:518} INFO - Rows affected: 1
[2024-08-20T04:45:05.787+0000] {base.py:84} INFO - Retrieving connection 'books_connection'
[2024-08-20T04:45:05.792+0000] {sql.py:509} INFO - Running statement: 
    INSERT INTO books (title, authors, price, rating)
    VALUES (%s, %s, %s, %s)
    , parameters: ('The Art of Doing Science and Engineering: Learning to Learn', 'Richard W. Hamming', '19.', '4.6 out of 5 stars')
[2024-08-20T04:45:05.793+0000] {sql.py:518} INFO - Rows affected: 1
[2024-08-20T04:45:05.802+0000] {base.py:84} INFO - Retrieving connection 'books_connection'
[2024-08-20T04:45:05.806+0000] {sql.py:509} INFO - Running statement: 
    INSERT INTO books (title, authors, price, rating)
    VALUES (%s, %s, %s, %s)
    , parameters: ('Hypothesis Testing: An Intuitive Guide for Making Data Driven Decisions', 'Jim Frost', '23.', '4.5 out of 5 stars')
[2024-08-20T04:45:05.808+0000] {sql.py:518} INFO - Rows affected: 1
[2024-08-20T04:45:05.817+0000] {base.py:84} INFO - Retrieving connection 'books_connection'
[2024-08-20T04:45:05.821+0000] {sql.py:509} INFO - Running statement: 
    INSERT INTO books (title, authors, price, rating)
    VALUES (%s, %s, %s, %s)
    , parameters: ('Modeling and Simulation in Python: An Introduction for Scientists and Engineers', 'Allen B. Downey', '32.', '4.5 out of 5 stars')
[2024-08-20T04:45:05.823+0000] {sql.py:518} INFO - Rows affected: 1
[2024-08-20T04:45:05.832+0000] {base.py:84} INFO - Retrieving connection 'books_connection'
[2024-08-20T04:45:05.836+0000] {sql.py:509} INFO - Running statement: 
    INSERT INTO books (title, authors, price, rating)
    VALUES (%s, %s, %s, %s)
    , parameters: ('AWS Certified Data Analytics Study Guide: Specialty (DAS-C01) Exam', 'Asif Abbasi', '31.', '4.6 out of 5 stars')
[2024-08-20T04:45:05.837+0000] {sql.py:518} INFO - Rows affected: 1
[2024-08-20T04:45:05.846+0000] {base.py:84} INFO - Retrieving connection 'books_connection'
[2024-08-20T04:45:05.850+0000] {sql.py:509} INFO - Running statement: 
    INSERT INTO books (title, authors, price, rating)
    VALUES (%s, %s, %s, %s)
    , parameters: ('The Data Governance Guidebook and Playbook: By a Practitioner for Practitioners', 'Paperback', '25.', '4.3 out of 5 stars')
[2024-08-20T04:45:05.852+0000] {sql.py:518} INFO - Rows affected: 1
[2024-08-20T04:45:05.861+0000] {base.py:84} INFO - Retrieving connection 'books_connection'
[2024-08-20T04:45:05.865+0000] {sql.py:509} INFO - Running statement: 
    INSERT INTO books (title, authors, price, rating)
    VALUES (%s, %s, %s, %s)
    , parameters: ('Data Science: The Hard Parts: Techniques for Excelling at Data Science', 'Daniel Vaughan', '48.', '5.0 out of 5 stars')
[2024-08-20T04:45:05.867+0000] {sql.py:518} INFO - Rows affected: 1
[2024-08-20T04:45:05.876+0000] {base.py:84} INFO - Retrieving connection 'books_connection'
[2024-08-20T04:45:05.879+0000] {sql.py:509} INFO - Running statement: 
    INSERT INTO books (title, authors, price, rating)
    VALUES (%s, %s, %s, %s)
    , parameters: ('50 Algorithms Every Programmer Should Know - Second Edition: An unbeatable arsenal of algorithmic solutions for real-world problems', 'Imran Ahmad', '37.', '4.4 out of 5 stars')
[2024-08-20T04:45:05.881+0000] {sql.py:518} INFO - Rows affected: 1
[2024-08-20T04:45:05.892+0000] {base.py:84} INFO - Retrieving connection 'books_connection'
[2024-08-20T04:45:05.896+0000] {sql.py:509} INFO - Running statement: 
    INSERT INTO books (title, authors, price, rating)
    VALUES (%s, %s, %s, %s)
    , parameters: ('Data Management at Scale: Modern Data Architecture with Data Mesh and Data Fabric', 'Piethein Strengholt', '47.', '4.5 out of 5 stars')
[2024-08-20T04:45:05.898+0000] {sql.py:518} INFO - Rows affected: 1
[2024-08-20T04:45:05.907+0000] {base.py:84} INFO - Retrieving connection 'books_connection'
[2024-08-20T04:45:05.911+0000] {sql.py:509} INFO - Running statement: 
    INSERT INTO books (title, authors, price, rating)
    VALUES (%s, %s, %s, %s)
    , parameters: ('Designing Cloud Data Platforms', 'Audible Audiobook', '0.', '4.7 out of 5 stars')
[2024-08-20T04:45:05.913+0000] {sql.py:518} INFO - Rows affected: 1
[2024-08-20T04:45:05.920+0000] {base.py:84} INFO - Retrieving connection 'books_connection'
[2024-08-20T04:45:05.924+0000] {sql.py:509} INFO - Running statement: 
    INSERT INTO books (title, authors, price, rating)
    VALUES (%s, %s, %s, %s)
    , parameters: ('Data Quality Engineering in Financial Services: Applying Manufacturing Techniques to Data', 'Brian Buzzelli', '30.', '4.4 out of 5 stars')
[2024-08-20T04:45:05.926+0000] {sql.py:518} INFO - Rows affected: 1
[2024-08-20T04:45:05.934+0000] {base.py:84} INFO - Retrieving connection 'books_connection'
[2024-08-20T04:45:05.938+0000] {sql.py:509} INFO - Running statement: 
    INSERT INTO books (title, authors, price, rating)
    VALUES (%s, %s, %s, %s)
    , parameters: ('Practical Fraud Prevention: Fraud and AML Analytics for Fintech and eCommerce, Using SQL and Python', 'Gilit Saporta', '47.', '4.4 out of 5 stars')
[2024-08-20T04:45:05.940+0000] {sql.py:518} INFO - Rows affected: 1
[2024-08-20T04:45:05.947+0000] {base.py:84} INFO - Retrieving connection 'books_connection'
[2024-08-20T04:45:05.952+0000] {sql.py:509} INFO - Running statement: 
    INSERT INTO books (title, authors, price, rating)
    VALUES (%s, %s, %s, %s)
    , parameters: ('Ultimate Azure Data Engineering: Build Robust Data Engineering Systems on Azure with SQL, ETL, Data Modeling, and Power BI for Business Insights and Crack Azure Certifications (English Edition)', 'Ashish Agarwal', '39.', '5.0 out of 5 stars')
[2024-08-20T04:45:05.953+0000] {sql.py:518} INFO - Rows affected: 1
[2024-08-20T04:45:05.963+0000] {base.py:84} INFO - Retrieving connection 'books_connection'
[2024-08-20T04:45:05.967+0000] {sql.py:509} INFO - Running statement: 
    INSERT INTO books (title, authors, price, rating)
    VALUES (%s, %s, %s, %s)
    , parameters: ('Fundamentals of Analytics Engineering: An introduction to building end-to-end analytics solutions', 'Dumky De Wilde', '35.', '4.1 out of 5 stars')
[2024-08-20T04:45:05.968+0000] {sql.py:518} INFO - Rows affected: 1
[2024-08-20T04:45:05.979+0000] {base.py:84} INFO - Retrieving connection 'books_connection'
[2024-08-20T04:45:05.983+0000] {sql.py:509} INFO - Running statement: 
    INSERT INTO books (title, authors, price, rating)
    VALUES (%s, %s, %s, %s)
    , parameters: ('Data-Centric Machine Learning with Python: The ultimate guide to engineering and deploying high-quality models based on good data', 'Jonas Christensen', '49.', '4.6 out of 5 stars')
[2024-08-20T04:45:05.985+0000] {sql.py:518} INFO - Rows affected: 1
[2024-08-20T04:45:05.995+0000] {base.py:84} INFO - Retrieving connection 'books_connection'
[2024-08-20T04:45:06.001+0000] {sql.py:509} INFO - Running statement: 
    INSERT INTO books (title, authors, price, rating)
    VALUES (%s, %s, %s, %s)
    , parameters: ('Architecting Data and Machine Learning Platforms: Enable Analytics and AI-Driven Innovation in the Cloud', 'Marco Tranquillin', '37.', '4.3 out of 5 stars')
[2024-08-20T04:45:06.002+0000] {sql.py:518} INFO - Rows affected: 1
[2024-08-20T04:45:06.011+0000] {base.py:84} INFO - Retrieving connection 'books_connection'
[2024-08-20T04:45:06.015+0000] {sql.py:509} INFO - Running statement: 
    INSERT INTO books (title, authors, price, rating)
    VALUES (%s, %s, %s, %s)
    , parameters: ("Engineers' Practical Databook: A Technical Reference Guide for Students and Professionals", 'Jay Smith', '18.', '4.6 out of 5 stars')
[2024-08-20T04:45:06.017+0000] {sql.py:518} INFO - Rows affected: 1
[2024-08-20T04:45:06.027+0000] {base.py:84} INFO - Retrieving connection 'books_connection'
[2024-08-20T04:45:06.032+0000] {sql.py:509} INFO - Running statement: 
    INSERT INTO books (title, authors, price, rating)
    VALUES (%s, %s, %s, %s)
    , parameters: ('Killed by a Traffic Engineer: Shattering the Delusion that Science Underlies our Transportation System', 'Wes Marshall', '33.', '4.5 out of 5 stars')
[2024-08-20T04:45:06.033+0000] {sql.py:518} INFO - Rows affected: 1
[2024-08-20T04:45:06.042+0000] {base.py:84} INFO - Retrieving connection 'books_connection'
[2024-08-20T04:45:06.045+0000] {sql.py:509} INFO - Running statement: 
    INSERT INTO books (title, authors, price, rating)
    VALUES (%s, %s, %s, %s)
    , parameters: ('Theory of Wing Sections: Including a Summary of Airfoil Data (Dover Books on Aeronautical Engineering)', 'Paperback', '18.', '4.6 out of 5 stars')
[2024-08-20T04:45:06.047+0000] {sql.py:518} INFO - Rows affected: 1
[2024-08-20T04:45:06.055+0000] {base.py:84} INFO - Retrieving connection 'books_connection'
[2024-08-20T04:45:06.059+0000] {sql.py:509} INFO - Running statement: 
    INSERT INTO books (title, authors, price, rating)
    VALUES (%s, %s, %s, %s)
    , parameters: ('Restricted Data: The History of Nuclear Secrecy in the United States', 'Alex Wellerstein', '2.', '4.7 out of 5 stars')
[2024-08-20T04:45:06.061+0000] {sql.py:518} INFO - Rows affected: 1
[2024-08-20T04:45:06.069+0000] {base.py:84} INFO - Retrieving connection 'books_connection'
[2024-08-20T04:45:06.073+0000] {sql.py:509} INFO - Running statement: 
    INSERT INTO books (title, authors, price, rating)
    VALUES (%s, %s, %s, %s)
    , parameters: ('Grokking Algorithms', 'Audible Audiobook', '0.', '4.6 out of 5 stars')
[2024-08-20T04:45:06.074+0000] {sql.py:518} INFO - Rows affected: 1
[2024-08-20T04:45:06.083+0000] {base.py:84} INFO - Retrieving connection 'books_connection'
[2024-08-20T04:45:06.087+0000] {sql.py:509} INFO - Running statement: 
    INSERT INTO books (title, authors, price, rating)
    VALUES (%s, %s, %s, %s)
    , parameters: ('Data Driven: Truckers, Technology, and the New Workplace Surveillance', 'Karen Levy', '21.', '4.3 out of 5 stars')
[2024-08-20T04:45:06.088+0000] {sql.py:518} INFO - Rows affected: 1
[2024-08-20T04:45:06.096+0000] {base.py:84} INFO - Retrieving connection 'books_connection'
[2024-08-20T04:45:06.099+0000] {sql.py:509} INFO - Running statement: 
    INSERT INTO books (title, authors, price, rating)
    VALUES (%s, %s, %s, %s)
    , parameters: ('Understanding Cryptography: A Textbook for Students and Practitioners', 'Christof Paar', '29.', '4.6 out of 5 stars')
[2024-08-20T04:45:06.101+0000] {sql.py:518} INFO - Rows affected: 1
[2024-08-20T04:45:06.109+0000] {base.py:84} INFO - Retrieving connection 'books_connection'
[2024-08-20T04:45:06.113+0000] {sql.py:509} INFO - Running statement: 
    INSERT INTO books (title, authors, price, rating)
    VALUES (%s, %s, %s, %s)
    , parameters: ('Python Feature Engineering Cookbook: Over 70 recipes for creating, engineering, and transforming features to build machine learning models, 2nd Edition', 'Soledad Galli', '44.', '4.4 out of 5 stars')
[2024-08-20T04:45:06.115+0000] {sql.py:518} INFO - Rows affected: 1
[2024-08-20T04:45:06.124+0000] {base.py:84} INFO - Retrieving connection 'books_connection'
[2024-08-20T04:45:06.127+0000] {sql.py:509} INFO - Running statement: 
    INSERT INTO books (title, authors, price, rating)
    VALUES (%s, %s, %s, %s)
    , parameters: ('Learning Tableau 2022 - Fifth Edition: Create effective data visualizations, build interactive visual analytics, and improve your data storytelling capabilities', 'Joshua N Milligan', '57.', '4.5 out of 5 stars')
[2024-08-20T04:45:06.129+0000] {sql.py:518} INFO - Rows affected: 1
[2024-08-20T04:45:06.136+0000] {base.py:84} INFO - Retrieving connection 'books_connection'
[2024-08-20T04:45:06.141+0000] {sql.py:509} INFO - Running statement: 
    INSERT INTO books (title, authors, price, rating)
    VALUES (%s, %s, %s, %s)
    , parameters: ('Practical Reverse Engineering: x86, x64, ARM, Windows Kernel, Reversing Tools, and Obfuscation', 'Bruce Dang', '34.', '4.6 out of 5 stars')
[2024-08-20T04:45:06.142+0000] {sql.py:518} INFO - Rows affected: 1
[2024-08-20T04:45:06.151+0000] {base.py:84} INFO - Retrieving connection 'books_connection'
[2024-08-20T04:45:06.154+0000] {sql.py:509} INFO - Running statement: 
    INSERT INTO books (title, authors, price, rating)
    VALUES (%s, %s, %s, %s)
    , parameters: ('Building ETL Pipelines with Python: Create and deploy enterprise-ready ETL pipelines by employing modern methods', 'Brij Kishore Pandey', '17.', '4.2 out of 5 stars')
[2024-08-20T04:45:06.156+0000] {sql.py:518} INFO - Rows affected: 1
[2024-08-20T04:45:06.164+0000] {base.py:84} INFO - Retrieving connection 'books_connection'
[2024-08-20T04:45:06.167+0000] {sql.py:509} INFO - Running statement: 
    INSERT INTO books (title, authors, price, rating)
    VALUES (%s, %s, %s, %s)
    , parameters: ('Mastering Databricks Lakehouse Platform: Perform Data Warehousing, Data Engineering, Machine Learning, DevOps, and BI into a Single Platform (English Edition)', 'Sagar Lad', '26.', '3.6 out of 5 stars')
[2024-08-20T04:45:06.169+0000] {sql.py:518} INFO - Rows affected: 1
[2024-08-20T04:45:06.170+0000] {python.py:240} INFO - Done. Returned value was: None
[2024-08-20T04:45:06.182+0000] {taskinstance.py:340} INFO - ::group::Post task execution logs
[2024-08-20T04:45:06.183+0000] {taskinstance.py:352} INFO - Marking task as SUCCESS. dag_id=fetch_and_store_DE_books, task_id=insert_book_data, run_id=scheduled__2024-07-24T00:00:00+00:00, execution_date=20240724T000000, start_date=20240820T044504, end_date=20240820T044506
[2024-08-20T04:45:06.193+0000] {logging_mixin.py:190} INFO - Task instance in success state
[2024-08-20T04:45:06.194+0000] {logging_mixin.py:190} INFO -  Previous state of the Task instance: running
[2024-08-20T04:45:06.195+0000] {logging_mixin.py:190} INFO - Dag name:fetch_and_store_DE_books queued_at:2024-08-20 04:44:50.971697+00:00
[2024-08-20T04:45:06.195+0000] {logging_mixin.py:190} INFO - Task hostname:668944ed7238 operator:PythonOperator
[2024-08-20T04:45:06.233+0000] {local_task_job_runner.py:261} INFO - Task exited with return code 0
[2024-08-20T04:45:06.253+0000] {taskinstance.py:3891} INFO - 0 downstream tasks scheduled from follow-on schedule check
[2024-08-20T04:45:06.256+0000] {local_task_job_runner.py:240} INFO - ::endgroup::
