[2024-08-20T04:43:23.968+0000] {local_task_job_runner.py:123} INFO - ::group::Pre task execution logs
[2024-08-20T04:43:23.996+0000] {taskinstance.py:2603} INFO - Dependencies all met for dep_context=non-requeueable deps ti=<TaskInstance: fetch_and_store_DE_books.insert_book_data scheduled__2024-07-08T00:00:00+00:00 [queued]>
[2024-08-20T04:43:24.013+0000] {taskinstance.py:2603} INFO - Dependencies all met for dep_context=requeueable deps ti=<TaskInstance: fetch_and_store_DE_books.insert_book_data scheduled__2024-07-08T00:00:00+00:00 [queued]>
[2024-08-20T04:43:24.015+0000] {taskinstance.py:2856} INFO - Starting attempt 1 of 2
[2024-08-20T04:43:24.044+0000] {taskinstance.py:2879} INFO - Executing <Task(PythonOperator): insert_book_data> on 2024-07-08 00:00:00+00:00
[2024-08-20T04:43:24.056+0000] {warnings.py:112} WARNING - /home/***/.local/lib/python3.12/site-packages/***/task/task_runner/standard_task_runner.py:70: DeprecationWarning: This process (pid=838) is multi-threaded, use of fork() may lead to deadlocks in the child.
  pid = os.fork()

[2024-08-20T04:43:24.058+0000] {standard_task_runner.py:72} INFO - Started process 840 to run task
[2024-08-20T04:43:24.059+0000] {standard_task_runner.py:104} INFO - Running: ['***', 'tasks', 'run', 'fetch_and_store_DE_books', 'insert_book_data', 'scheduled__2024-07-08T00:00:00+00:00', '--job-id', '29', '--raw', '--subdir', 'DAGS_FOLDER/app.py', '--cfg-path', '/tmp/tmputc3p0z4']
[2024-08-20T04:43:24.061+0000] {standard_task_runner.py:105} INFO - Job 29: Subtask insert_book_data
[2024-08-20T04:43:24.147+0000] {task_command.py:467} INFO - Running <TaskInstance: fetch_and_store_DE_books.insert_book_data scheduled__2024-07-08T00:00:00+00:00 [running]> on host 668944ed7238
[2024-08-20T04:43:24.321+0000] {taskinstance.py:3122} INFO - Exporting env vars: AIRFLOW_CTX_DAG_OWNER='***' AIRFLOW_CTX_DAG_ID='fetch_and_store_DE_books' AIRFLOW_CTX_TASK_ID='insert_book_data' AIRFLOW_CTX_EXECUTION_DATE='2024-07-08T00:00:00+00:00' AIRFLOW_CTX_TRY_NUMBER='1' AIRFLOW_CTX_DAG_RUN_ID='scheduled__2024-07-08T00:00:00+00:00'
[2024-08-20T04:43:24.326+0000] {logging_mixin.py:190} INFO - Task instance is in running state
[2024-08-20T04:43:24.334+0000] {logging_mixin.py:190} INFO -  Previous state of the Task instance: queued
[2024-08-20T04:43:24.336+0000] {logging_mixin.py:190} INFO - Current task name:insert_book_data state:running start_date:2024-08-20 04:43:23.997865+00:00
[2024-08-20T04:43:24.337+0000] {logging_mixin.py:190} INFO - Dag name:fetch_and_store_DE_books and current dag run status:running
[2024-08-20T04:43:24.340+0000] {taskinstance.py:731} INFO - ::endgroup::
[2024-08-20T04:43:24.383+0000] {base.py:84} INFO - Retrieving connection 'books_connection'
[2024-08-20T04:43:24.400+0000] {sql.py:509} INFO - Running statement: 
    INSERT INTO books (title, authors, price, rating)
    VALUES (%s, %s, %s, %s)
    , parameters: ('Ace the Data Engineering Interview: Questions and Answers for Python, SQL, Data Modeling and More', 'Sean Coyne', '24.', '4.1 out of 5 stars')
[2024-08-20T04:43:24.404+0000] {sql.py:518} INFO - Rows affected: 1
[2024-08-20T04:43:24.427+0000] {base.py:84} INFO - Retrieving connection 'books_connection'
[2024-08-20T04:43:24.437+0000] {sql.py:509} INFO - Running statement: 
    INSERT INTO books (title, authors, price, rating)
    VALUES (%s, %s, %s, %s)
    , parameters: ('Data Engineering with AWS - Second Edition: Acquire the skills to design and build AWS-based data transformation pipelines like a pro', 'Gareth Eagar', '41.', '4.4 out of 5 stars')
[2024-08-20T04:43:24.443+0000] {sql.py:518} INFO - Rows affected: 1
[2024-08-20T04:43:24.468+0000] {base.py:84} INFO - Retrieving connection 'books_connection'
[2024-08-20T04:43:24.481+0000] {sql.py:509} INFO - Running statement: 
    INSERT INTO books (title, authors, price, rating)
    VALUES (%s, %s, %s, %s)
    , parameters: ('Data Engineering 101', 'Paperback', '22.', '5.0 out of 5 stars')
[2024-08-20T04:43:24.487+0000] {sql.py:518} INFO - Rows affected: 1
[2024-08-20T04:43:24.521+0000] {base.py:84} INFO - Retrieving connection 'books_connection'
[2024-08-20T04:43:24.530+0000] {sql.py:509} INFO - Running statement: 
    INSERT INTO books (title, authors, price, rating)
    VALUES (%s, %s, %s, %s)
    , parameters: ('Azure Data Engineer Associate Certification Guide: Ace the DP-203 exam with advanced data engineering skills', 'Giacinto Palmieri', '39.', '4.5 out of 5 stars')
[2024-08-20T04:43:24.532+0000] {sql.py:518} INFO - Rows affected: 1
[2024-08-20T04:43:24.551+0000] {base.py:84} INFO - Retrieving connection 'books_connection'
[2024-08-20T04:43:24.567+0000] {sql.py:509} INFO - Running statement: 
    INSERT INTO books (title, authors, price, rating)
    VALUES (%s, %s, %s, %s)
    , parameters: ('Fundamentals of Data Engineering: Plan and Build Robust Data Systems', 'Joe Reis', '38.', '4.7 out of 5 stars')
[2024-08-20T04:43:24.570+0000] {sql.py:518} INFO - Rows affected: 1
[2024-08-20T04:43:24.587+0000] {base.py:84} INFO - Retrieving connection 'books_connection'
[2024-08-20T04:43:24.597+0000] {sql.py:509} INFO - Running statement: 
    INSERT INTO books (title, authors, price, rating)
    VALUES (%s, %s, %s, %s)
    , parameters: ('Data Pipelines Pocket Reference: Moving and Processing Data for Analytics', 'James Densmore', '17.', '4.5 out of 5 stars')
[2024-08-20T04:43:24.600+0000] {sql.py:518} INFO - Rows affected: 1
[2024-08-20T04:43:24.616+0000] {base.py:84} INFO - Retrieving connection 'books_connection'
[2024-08-20T04:43:24.628+0000] {sql.py:509} INFO - Running statement: 
    INSERT INTO books (title, authors, price, rating)
    VALUES (%s, %s, %s, %s)
    , parameters: ('Designing Data-Intensive Applications: The Big Ideas Behind Reliable, Scalable, and Maintainable Systems', 'Martin Kleppmann', '35.', '4.8 out of 5 stars')
[2024-08-20T04:43:24.631+0000] {sql.py:518} INFO - Rows affected: 1
[2024-08-20T04:43:24.651+0000] {base.py:84} INFO - Retrieving connection 'books_connection'
[2024-08-20T04:43:24.674+0000] {sql.py:509} INFO - Running statement: 
    INSERT INTO books (title, authors, price, rating)
    VALUES (%s, %s, %s, %s)
    , parameters: ('Data Engineering with Python: Work with massive datasets to design data models and automate data pipelines using Python', 'Paul Crickard', '37.', '4.1 out of 5 stars')
[2024-08-20T04:43:24.678+0000] {sql.py:518} INFO - Rows affected: 1
[2024-08-20T04:43:24.698+0000] {base.py:84} INFO - Retrieving connection 'books_connection'
[2024-08-20T04:43:24.707+0000] {sql.py:509} INFO - Running statement: 
    INSERT INTO books (title, authors, price, rating)
    VALUES (%s, %s, %s, %s)
    , parameters: ('Data Engineering with Python cookbook: Learn to build efficient data pipelines using the Modern Cloud Data Stack', 'Adithyan Ramanujakootam', '29.', '5.0 out of 5 stars')
[2024-08-20T04:43:24.714+0000] {sql.py:518} INFO - Rows affected: 1
[2024-08-20T04:43:24.740+0000] {base.py:84} INFO - Retrieving connection 'books_connection'
[2024-08-20T04:43:24.753+0000] {sql.py:509} INFO - Running statement: 
    INSERT INTO books (title, authors, price, rating)
    VALUES (%s, %s, %s, %s)
    , parameters: ('Cracking the Data Engineering Interview: Land your dream job with the help of resume-building tips, over 100 mock questions, and a unique portfolio', 'Kedeisha Bryan', '26.', '4.4 out of 5 stars')
[2024-08-20T04:43:24.760+0000] {sql.py:518} INFO - Rows affected: 1
[2024-08-20T04:43:24.785+0000] {base.py:84} INFO - Retrieving connection 'books_connection'
[2024-08-20T04:43:24.792+0000] {sql.py:509} INFO - Running statement: 
    INSERT INTO books (title, authors, price, rating)
    VALUES (%s, %s, %s, %s)
    , parameters: ('Data Engineering with AWS: Learn how to design and build cloud-based data transformation pipelines using AWS', 'Gareth Eagar', '49.', '4.4 out of 5 stars')
[2024-08-20T04:43:24.796+0000] {sql.py:518} INFO - Rows affected: 1
[2024-08-20T04:43:24.840+0000] {base.py:84} INFO - Retrieving connection 'books_connection'
[2024-08-20T04:43:24.858+0000] {sql.py:509} INFO - Running statement: 
    INSERT INTO books (title, authors, price, rating)
    VALUES (%s, %s, %s, %s)
    , parameters: ('Software Engineering for Data Scientists: From Notebooks to Scalable Systems', 'Catherine Nelson', '52.', '4.5 out of 5 stars')
[2024-08-20T04:43:24.861+0000] {sql.py:518} INFO - Rows affected: 1
[2024-08-20T04:43:24.886+0000] {base.py:84} INFO - Retrieving connection 'books_connection'
[2024-08-20T04:43:24.897+0000] {sql.py:509} INFO - Running statement: 
    INSERT INTO books (title, authors, price, rating)
    VALUES (%s, %s, %s, %s)
    , parameters: ('Data Engineering with Google Cloud Platform: A guide to leveling up as a data engineer by building a scalable data platform with Google Cloud', 'Adi Wijaya', '41.', '5.0 out of 5 stars')
[2024-08-20T04:43:24.900+0000] {sql.py:518} INFO - Rows affected: 1
[2024-08-20T04:43:24.937+0000] {base.py:84} INFO - Retrieving connection 'books_connection'
[2024-08-20T04:43:24.950+0000] {sql.py:509} INFO - Running statement: 
    INSERT INTO books (title, authors, price, rating)
    VALUES (%s, %s, %s, %s)
    , parameters: ("Data: Principles To Practice - Volume 1 'Foundations': Essential Foundations: Key Concepts behind Data Architecture, Engineering and Analysis for Professionals", 'Mr Alex Holloway', '11.', '4.7 out of 5 stars')
[2024-08-20T04:43:24.953+0000] {sql.py:518} INFO - Rows affected: 1
[2024-08-20T04:43:24.971+0000] {base.py:84} INFO - Retrieving connection 'books_connection'
[2024-08-20T04:43:24.978+0000] {sql.py:509} INFO - Running statement: 
    INSERT INTO books (title, authors, price, rating)
    VALUES (%s, %s, %s, %s)
    , parameters: ('Driving Data Quality with Data Contracts: A comprehensive guide to building reliable, trusted, and effective data platforms', 'Andrew Jones', '28.', '4.6 out of 5 stars')
[2024-08-20T04:43:24.981+0000] {sql.py:518} INFO - Rows affected: 1
[2024-08-20T04:43:24.995+0000] {base.py:84} INFO - Retrieving connection 'books_connection'
[2024-08-20T04:43:25.002+0000] {sql.py:509} INFO - Running statement: 
    INSERT INTO books (title, authors, price, rating)
    VALUES (%s, %s, %s, %s)
    , parameters: ('Data Observability for Data Engineering: Proactive strategies for ensuring data accuracy and addressing broken data pipelines', 'Michele Pinto', '36.', '3.7 out of 5 stars')
[2024-08-20T04:43:25.009+0000] {sql.py:518} INFO - Rows affected: 1
[2024-08-20T04:43:25.019+0000] {base.py:84} INFO - Retrieving connection 'books_connection'
[2024-08-20T04:43:25.027+0000] {sql.py:509} INFO - Running statement: 
    INSERT INTO books (title, authors, price, rating)
    VALUES (%s, %s, %s, %s)
    , parameters: ('Data Engineering with Databricks Cookbook: Build effective data and AI solutions using Apache Spark, Databricks, and Delta Lake', 'Pulkit Chadha', '42.', '4.2 out of 5 stars')
[2024-08-20T04:43:25.029+0000] {sql.py:518} INFO - Rows affected: 1
[2024-08-20T04:43:25.045+0000] {base.py:84} INFO - Retrieving connection 'books_connection'
[2024-08-20T04:43:25.052+0000] {sql.py:509} INFO - Running statement: 
    INSERT INTO books (title, authors, price, rating)
    VALUES (%s, %s, %s, %s)
    , parameters: ('Data Engineering with dbt: A practical guide to building a cloud-based, pragmatic, and dependable data platform with SQL', 'Roberto Zagni', '37.', '4.6 out of 5 stars')
[2024-08-20T04:43:25.054+0000] {sql.py:518} INFO - Rows affected: 1
[2024-08-20T04:43:25.068+0000] {base.py:84} INFO - Retrieving connection 'books_connection'
[2024-08-20T04:43:25.075+0000] {sql.py:509} INFO - Running statement: 
    INSERT INTO books (title, authors, price, rating)
    VALUES (%s, %s, %s, %s)
    , parameters: ('Data-Driven Science and Engineering: Machine Learning, Dynamical Systems, and Control', 'Steven L. Brunton', '64.', '4.7 out of 5 stars')
[2024-08-20T04:43:25.078+0000] {sql.py:518} INFO - Rows affected: 1
[2024-08-20T04:43:25.090+0000] {base.py:84} INFO - Retrieving connection 'books_connection'
[2024-08-20T04:43:25.097+0000] {sql.py:509} INFO - Running statement: 
    INSERT INTO books (title, authors, price, rating)
    VALUES (%s, %s, %s, %s)
    , parameters: ('Data Engineering Fundamentals for Beginners: Mastering the Art of Building, Managing, and Scaling Data Systems', 'Paperback', '14.', '5.0 out of 5 stars')
[2024-08-20T04:43:25.100+0000] {sql.py:518} INFO - Rows affected: 1
[2024-08-20T04:43:25.126+0000] {base.py:84} INFO - Retrieving connection 'books_connection'
[2024-08-20T04:43:25.138+0000] {sql.py:509} INFO - Running statement: 
    INSERT INTO books (title, authors, price, rating)
    VALUES (%s, %s, %s, %s)
    , parameters: ('Expert Data Modeling with Power BI - Second Edition: Enrich and optimize your data models to get the best out of Power BI for reporting and business needs', 'Soheil Bakhshi', '47.', '4.8 out of 5 stars')
[2024-08-20T04:43:25.148+0000] {sql.py:518} INFO - Rows affected: 1
[2024-08-20T04:43:25.186+0000] {base.py:84} INFO - Retrieving connection 'books_connection'
[2024-08-20T04:43:25.204+0000] {sql.py:509} INFO - Running statement: 
    INSERT INTO books (title, authors, price, rating)
    VALUES (%s, %s, %s, %s)
    , parameters: ("Azure Data Factory Cookbook - Second Edition: A data engineer's guide to building and managing ETL and ELT pipelines with data integration", 'Dmitry Foshin', '51.', '4.4 out of 5 stars')
[2024-08-20T04:43:25.210+0000] {sql.py:518} INFO - Rows affected: 1
[2024-08-20T04:43:25.237+0000] {base.py:84} INFO - Retrieving connection 'books_connection'
[2024-08-20T04:43:25.251+0000] {sql.py:509} INFO - Running statement: 
    INSERT INTO books (title, authors, price, rating)
    VALUES (%s, %s, %s, %s)
    , parameters: ('Mastering Large Datasets with Python: Parallelize and Distribute Your Python Code', 'John T. Wolohan', '49.', '3.9 out of 5 stars')
[2024-08-20T04:43:25.254+0000] {sql.py:518} INFO - Rows affected: 1
[2024-08-20T04:43:25.273+0000] {base.py:84} INFO - Retrieving connection 'books_connection'
[2024-08-20T04:43:25.281+0000] {sql.py:509} INFO - Running statement: 
    INSERT INTO books (title, authors, price, rating)
    VALUES (%s, %s, %s, %s)
    , parameters: ('DATA ENGINEERING AND AI FOR BEGINNERS: Revolutionizing Data Processing and Analytics by Leveraging Artificial Intelligence for Efficient Input Collection, Storage, and Transformation (World of AI)', 'Paperback', '13.', '4.4 out of 5 stars')
[2024-08-20T04:43:25.284+0000] {sql.py:518} INFO - Rows affected: 1
[2024-08-20T04:43:25.298+0000] {base.py:84} INFO - Retrieving connection 'books_connection'
[2024-08-20T04:43:25.303+0000] {sql.py:509} INFO - Running statement: 
    INSERT INTO books (title, authors, price, rating)
    VALUES (%s, %s, %s, %s)
    , parameters: ('Data Mesh: Delivering Data-Driven Value at Scale', 'Zhamak Dehghani', '43.', '4.5 out of 5 stars')
[2024-08-20T04:43:25.308+0000] {sql.py:518} INFO - Rows affected: 1
[2024-08-20T04:43:25.328+0000] {base.py:84} INFO - Retrieving connection 'books_connection'
[2024-08-20T04:43:25.336+0000] {sql.py:509} INFO - Running statement: 
    INSERT INTO books (title, authors, price, rating)
    VALUES (%s, %s, %s, %s)
    , parameters: ('Data Engineering with Apache Spark, Delta Lake, and Lakehouse: Create scalable pipelines that ingest, curate, and aggregate complex data in a timely and secure way', 'Manoj Kukreja', '29.', '3.9 out of 5 stars')
[2024-08-20T04:43:25.338+0000] {sql.py:518} INFO - Rows affected: 1
[2024-08-20T04:43:25.352+0000] {base.py:84} INFO - Retrieving connection 'books_connection'
[2024-08-20T04:43:25.359+0000] {sql.py:509} INFO - Running statement: 
    INSERT INTO books (title, authors, price, rating)
    VALUES (%s, %s, %s, %s)
    , parameters: ('Machine Learning Engineering', 'Andriy Burkov', '39.', '4.7 out of 5 stars')
[2024-08-20T04:43:25.361+0000] {sql.py:518} INFO - Rows affected: 1
[2024-08-20T04:43:25.374+0000] {base.py:84} INFO - Retrieving connection 'books_connection'
[2024-08-20T04:43:25.379+0000] {sql.py:509} INFO - Running statement: 
    INSERT INTO books (title, authors, price, rating)
    VALUES (%s, %s, %s, %s)
    , parameters: ('The Enterprise Data Catalog: Improve Data Discovery, Ensure Data Governance, and Enable Innovation', 'Ole Olesen-Bagneux', '31.', '4.5 out of 5 stars')
[2024-08-20T04:43:25.382+0000] {sql.py:518} INFO - Rows affected: 1
[2024-08-20T04:43:25.398+0000] {base.py:84} INFO - Retrieving connection 'books_connection'
[2024-08-20T04:43:25.406+0000] {sql.py:509} INFO - Running statement: 
    INSERT INTO books (title, authors, price, rating)
    VALUES (%s, %s, %s, %s)
    , parameters: ('Data Engineering with Databricks', 'Paperback', '25.', '3.4 out of 5 stars')
[2024-08-20T04:43:25.409+0000] {sql.py:518} INFO - Rows affected: 1
[2024-08-20T04:43:25.421+0000] {base.py:84} INFO - Retrieving connection 'books_connection'
[2024-08-20T04:43:25.431+0000] {sql.py:509} INFO - Running statement: 
    INSERT INTO books (title, authors, price, rating)
    VALUES (%s, %s, %s, %s)
    , parameters: ('Ace the Data Science Interview: 201 Real Interview Questions Asked By FAANG, Tech Startups, & Wall Street', 'Nick Singh', '42.', '4.5 out of 5 stars')
[2024-08-20T04:43:25.436+0000] {sql.py:518} INFO - Rows affected: 1
[2024-08-20T04:43:25.453+0000] {base.py:84} INFO - Retrieving connection 'books_connection'
[2024-08-20T04:43:25.464+0000] {sql.py:509} INFO - Running statement: 
    INSERT INTO books (title, authors, price, rating)
    VALUES (%s, %s, %s, %s)
    , parameters: ('Modern Data Engineering with Apache Spark: A Hands-On Guide for Building Mission-Critical Streaming Applications', 'Scott Haines', '30.', '4.1 out of 5 stars')
[2024-08-20T04:43:25.466+0000] {sql.py:518} INFO - Rows affected: 1
[2024-08-20T04:43:25.480+0000] {base.py:84} INFO - Retrieving connection 'books_connection'
[2024-08-20T04:43:25.487+0000] {sql.py:509} INFO - Running statement: 
    INSERT INTO books (title, authors, price, rating)
    VALUES (%s, %s, %s, %s)
    , parameters: ('Data Modeling with Snowflake: A practical guide to accelerating Snowflake development using universal data modeling techniques', 'Serge Gershkovich', '36.', '4.8 out of 5 stars')
[2024-08-20T04:43:25.493+0000] {sql.py:518} INFO - Rows affected: 1
[2024-08-20T04:43:25.507+0000] {base.py:84} INFO - Retrieving connection 'books_connection'
[2024-08-20T04:43:25.513+0000] {sql.py:509} INFO - Running statement: 
    INSERT INTO books (title, authors, price, rating)
    VALUES (%s, %s, %s, %s)
    , parameters: ('Storytelling with Data: A Data Visualization Guide for Business Professionals', 'Cole Nussbaumer Knaflic', '27.', '4.6 out of 5 stars')
[2024-08-20T04:43:25.517+0000] {sql.py:518} INFO - Rows affected: 1
[2024-08-20T04:43:25.531+0000] {base.py:84} INFO - Retrieving connection 'books_connection'
[2024-08-20T04:43:25.536+0000] {sql.py:509} INFO - Running statement: 
    INSERT INTO books (title, authors, price, rating)
    VALUES (%s, %s, %s, %s)
    , parameters: ('97 Things Every Data Engineer Should Know: Collective Wisdom from the Experts', 'Audible Audiobook', '0.', '4.1 out of 5 stars')
[2024-08-20T04:43:25.539+0000] {sql.py:518} INFO - Rows affected: 1
[2024-08-20T04:43:25.551+0000] {base.py:84} INFO - Retrieving connection 'books_connection'
[2024-08-20T04:43:25.557+0000] {sql.py:509} INFO - Running statement: 
    INSERT INTO books (title, authors, price, rating)
    VALUES (%s, %s, %s, %s)
    , parameters: ("Data Quality Fundamentals: A Practitioner's Guide to Building Trustworthy Data Pipelines", 'Paperback', '45.', '4.1 out of 5 stars')
[2024-08-20T04:43:25.559+0000] {sql.py:518} INFO - Rows affected: 1
[2024-08-20T04:43:25.571+0000] {base.py:84} INFO - Retrieving connection 'books_connection'
[2024-08-20T04:43:25.578+0000] {sql.py:509} INFO - Running statement: 
    INSERT INTO books (title, authors, price, rating)
    VALUES (%s, %s, %s, %s)
    , parameters: ('Fundamentals of Data Analytics: Learn Essential Skills, Embrace the Future, and Catapult Your Career in the Data-Driven World—A Comprehensive Guide to Data Literacy for Beginners', 'Russell Dawson', '16.', '4.8 out of 5 stars')
[2024-08-20T04:43:25.581+0000] {sql.py:518} INFO - Rows affected: 1
[2024-08-20T04:43:25.593+0000] {base.py:84} INFO - Retrieving connection 'books_connection'
[2024-08-20T04:43:25.599+0000] {sql.py:509} INFO - Running statement: 
    INSERT INTO books (title, authors, price, rating)
    VALUES (%s, %s, %s, %s)
    , parameters: ('Data Engineering with Google Cloud Platform: A practical guide to operationalizing scalable data analytics systems on GCP', 'Adi Wijaya', '41.', '4.7 out of 5 stars')
[2024-08-20T04:43:25.601+0000] {sql.py:518} INFO - Rows affected: 1
[2024-08-20T04:43:25.615+0000] {base.py:84} INFO - Retrieving connection 'books_connection'
[2024-08-20T04:43:25.627+0000] {sql.py:509} INFO - Running statement: 
    INSERT INTO books (title, authors, price, rating)
    VALUES (%s, %s, %s, %s)
    , parameters: ('Prompt Engineering for Generative AI: Future-Proof Inputs for Reliable AI Outputs', 'James Phoenix', '57.', '4.4 out of 5 stars')
[2024-08-20T04:43:25.630+0000] {sql.py:518} INFO - Rows affected: 1
[2024-08-20T04:43:25.649+0000] {base.py:84} INFO - Retrieving connection 'books_connection'
[2024-08-20T04:43:25.655+0000] {sql.py:509} INFO - Running statement: 
    INSERT INTO books (title, authors, price, rating)
    VALUES (%s, %s, %s, %s)
    , parameters: ('Python Programming and SQL: 5 books in 1 - The #1 Coding Course from Beginner to Advanced. Learn it Well & Fast (2024) (Computer Programming)', 'Paperback', '32.', '4.3 out of 5 stars')
[2024-08-20T04:43:25.658+0000] {sql.py:518} INFO - Rows affected: 1
[2024-08-20T04:43:25.694+0000] {base.py:84} INFO - Retrieving connection 'books_connection'
[2024-08-20T04:43:25.703+0000] {sql.py:509} INFO - Running statement: 
    INSERT INTO books (title, authors, price, rating)
    VALUES (%s, %s, %s, %s)
    , parameters: ('Analytics Engineering with SQL and dbt: Building Meaningful Data Models at Scale', 'Rui Pedro Machado', '41.', '3.8 out of 5 stars')
[2024-08-20T04:43:25.709+0000] {sql.py:518} INFO - Rows affected: 1
[2024-08-20T04:43:25.726+0000] {base.py:84} INFO - Retrieving connection 'books_connection'
[2024-08-20T04:43:25.731+0000] {sql.py:509} INFO - Running statement: 
    INSERT INTO books (title, authors, price, rating)
    VALUES (%s, %s, %s, %s)
    , parameters: ("Ultimate Data Engineering with Databricks: Develop Scalable Data Pipelines Using Data Engineering's Core Tenets Such as Delta Tables, Ingestion, ... Security, and Scalability (English Edition)", 'Mayank Malhotra', '37.', '3.8 out of 5 stars')
[2024-08-20T04:43:25.734+0000] {sql.py:518} INFO - Rows affected: 1
[2024-08-20T04:43:25.748+0000] {base.py:84} INFO - Retrieving connection 'books_connection'
[2024-08-20T04:43:25.755+0000] {sql.py:509} INFO - Running statement: 
    INSERT INTO books (title, authors, price, rating)
    VALUES (%s, %s, %s, %s)
    , parameters: ('The Data Warehouse Toolkit: The Definitive Guide to Dimensional Modeling', 'Paperback', '47.', '4.7 out of 5 stars')
[2024-08-20T04:43:25.759+0000] {sql.py:518} INFO - Rows affected: 1
[2024-08-20T04:43:25.773+0000] {base.py:84} INFO - Retrieving connection 'books_connection'
[2024-08-20T04:43:25.779+0000] {sql.py:509} INFO - Running statement: 
    INSERT INTO books (title, authors, price, rating)
    VALUES (%s, %s, %s, %s)
    , parameters: ('Concepts of Generative AI and Data Engineering: Vital Concepts in Data Engineering and the World of Generative AI', 'Kindle', '29.', '5.0 out of 5 stars')
[2024-08-20T04:43:25.781+0000] {sql.py:518} INFO - Rows affected: 1
[2024-08-20T04:43:25.793+0000] {base.py:84} INFO - Retrieving connection 'books_connection'
[2024-08-20T04:43:25.798+0000] {sql.py:509} INFO - Running statement: 
    INSERT INTO books (title, authors, price, rating)
    VALUES (%s, %s, %s, %s)
    , parameters: ('Official Google Cloud Certified Professional Data Engineer Study Guide', 'Dan Sullivan', '33.', '4.5 out of 5 stars')
[2024-08-20T04:43:25.800+0000] {sql.py:518} INFO - Rows affected: 1
[2024-08-20T04:43:25.813+0000] {base.py:84} INFO - Retrieving connection 'books_connection'
[2024-08-20T04:43:25.818+0000] {sql.py:509} INFO - Running statement: 
    INSERT INTO books (title, authors, price, rating)
    VALUES (%s, %s, %s, %s)
    , parameters: ('Data Privacy: A runbook for engineers', 'Nishant Bhajaria', '32.', '4.8 out of 5 stars')
[2024-08-20T04:43:25.820+0000] {sql.py:518} INFO - Rows affected: 1
[2024-08-20T04:43:25.831+0000] {base.py:84} INFO - Retrieving connection 'books_connection'
[2024-08-20T04:43:25.837+0000] {sql.py:509} INFO - Running statement: 
    INSERT INTO books (title, authors, price, rating)
    VALUES (%s, %s, %s, %s)
    , parameters: ('Data Analytics, Data Visualization & Communicating Data: 3 books in 1: Learn the Processes of Data Analytics and Data Science, Create Engaging Data Visualizations, and Present Data Effectively', 'Audible Audiobook', '0.', '4.5 out of 5 stars')
[2024-08-20T04:43:25.840+0000] {sql.py:518} INFO - Rows affected: 1
[2024-08-20T04:43:25.851+0000] {base.py:84} INFO - Retrieving connection 'books_connection'
[2024-08-20T04:43:25.856+0000] {sql.py:509} INFO - Running statement: 
    INSERT INTO books (title, authors, price, rating)
    VALUES (%s, %s, %s, %s)
    , parameters: ('Data Engineering and Data Science for Babies: Activity Workbook Part 1', 'Paperback', '9.', '4.1 out of 5 stars')
[2024-08-20T04:43:25.858+0000] {sql.py:518} INFO - Rows affected: 1
[2024-08-20T04:43:25.870+0000] {base.py:84} INFO - Retrieving connection 'books_connection'
[2024-08-20T04:43:25.875+0000] {sql.py:509} INFO - Running statement: 
    INSERT INTO books (title, authors, price, rating)
    VALUES (%s, %s, %s, %s)
    , parameters: ('Fundamentals of Data Engineering: Efficiency, Insight, Impact: Transforming Data into Value through Expert Engineering Practices', 'Joseph Achakji', '0.', '4.6 out of 5 stars')
[2024-08-20T04:43:25.877+0000] {sql.py:518} INFO - Rows affected: 1
[2024-08-20T04:43:25.887+0000] {base.py:84} INFO - Retrieving connection 'books_connection'
[2024-08-20T04:43:25.892+0000] {sql.py:509} INFO - Running statement: 
    INSERT INTO books (title, authors, price, rating)
    VALUES (%s, %s, %s, %s)
    , parameters: ('Learning Spark: Lightning-Fast Data Analytics', 'Jules S. Damji', '43.', '4.7 out of 5 stars')
[2024-08-20T04:43:25.894+0000] {sql.py:518} INFO - Rows affected: 1
[2024-08-20T04:43:25.904+0000] {base.py:84} INFO - Retrieving connection 'books_connection'
[2024-08-20T04:43:25.909+0000] {sql.py:509} INFO - Running statement: 
    INSERT INTO books (title, authors, price, rating)
    VALUES (%s, %s, %s, %s)
    , parameters: ("SQL QuickStart Guide: The Simplified Beginner's Guide to Managing, Analyzing, and Manipulating Data With SQL (Coding & Programming - QuickStart Guides)", 'Paperback', '23.', '4.6 out of 5 stars')
[2024-08-20T04:43:25.911+0000] {sql.py:518} INFO - Rows affected: 1
[2024-08-20T04:43:25.923+0000] {base.py:84} INFO - Retrieving connection 'books_connection'
[2024-08-20T04:43:25.927+0000] {sql.py:509} INFO - Running statement: 
    INSERT INTO books (title, authors, price, rating)
    VALUES (%s, %s, %s, %s)
    , parameters: ('Electrical engineering without prior knowledge: Understand the basics within 7 days (Become an Engineer Without Prior Knowledge)', 'Paperback', '17.', '4.4 out of 5 stars')
[2024-08-20T04:43:25.930+0000] {sql.py:518} INFO - Rows affected: 1
[2024-08-20T04:43:25.941+0000] {base.py:84} INFO - Retrieving connection 'books_connection'
[2024-08-20T04:43:25.946+0000] {sql.py:509} INFO - Running statement: 
    INSERT INTO books (title, authors, price, rating)
    VALUES (%s, %s, %s, %s)
    , parameters: ('Azure Data Engineering Cookbook - Second Edition: Get well versed in various data engineering techniques in Azure using this recipe-based guide', 'Nagaraj Venkatesan', '51.', '3.5 out of 5 stars')
[2024-08-20T04:43:25.948+0000] {sql.py:518} INFO - Rows affected: 1
[2024-08-20T04:43:25.960+0000] {base.py:84} INFO - Retrieving connection 'books_connection'
[2024-08-20T04:43:25.965+0000] {sql.py:509} INFO - Running statement: 
    INSERT INTO books (title, authors, price, rating)
    VALUES (%s, %s, %s, %s)
    , parameters: ("The Baofeng Radio Guerrilla's Bible 16 Books in 1: The Guerrilla's Comprehensive Manual: Mastering Your Baofeng Radio for Every Situation - Essential Tactics for Emergencies,Disasters,Covert Oper...", 'Paperback', '34.', '4.5 out of 5 stars')
[2024-08-20T04:43:25.967+0000] {sql.py:518} INFO - Rows affected: 1
[2024-08-20T04:43:25.980+0000] {base.py:84} INFO - Retrieving connection 'books_connection'
[2024-08-20T04:43:25.985+0000] {sql.py:509} INFO - Running statement: 
    INSERT INTO books (title, authors, price, rating)
    VALUES (%s, %s, %s, %s)
    , parameters: ('Systems Engineering Demystified - Second Edition: Apply modern, model-based systems engineering techniques to build complex systems', 'Jon Holt', '45.', '4.7 out of 5 stars')
[2024-08-20T04:43:25.987+0000] {sql.py:518} INFO - Rows affected: 1
[2024-08-20T04:43:25.998+0000] {base.py:84} INFO - Retrieving connection 'books_connection'
[2024-08-20T04:43:26.003+0000] {sql.py:509} INFO - Running statement: 
    INSERT INTO books (title, authors, price, rating)
    VALUES (%s, %s, %s, %s)
    , parameters: ('Salesforce CRM Administration Handbook: A comprehensive guide to administering, configuring, and customizing Salesforce CRM', 'Krzysztof Nowacki', '35.', '5.0 out of 5 stars')
[2024-08-20T04:43:26.006+0000] {sql.py:518} INFO - Rows affected: 1
[2024-08-20T04:43:26.019+0000] {base.py:84} INFO - Retrieving connection 'books_connection'
[2024-08-20T04:43:26.025+0000] {sql.py:509} INFO - Running statement: 
    INSERT INTO books (title, authors, price, rating)
    VALUES (%s, %s, %s, %s)
    , parameters: ('Database Internals: A Deep Dive into How Distributed Data Systems Work', 'Alex Petrov', '36.', '4.6 out of 5 stars')
[2024-08-20T04:43:26.027+0000] {sql.py:518} INFO - Rows affected: 1
[2024-08-20T04:43:26.037+0000] {base.py:84} INFO - Retrieving connection 'books_connection'
[2024-08-20T04:43:26.043+0000] {sql.py:509} INFO - Running statement: 
    INSERT INTO books (title, authors, price, rating)
    VALUES (%s, %s, %s, %s)
    , parameters: ('Machine Learning Engineering with Python - Second Edition: Manage the lifecycle of machine learning models using MLOps with practical examples', 'Andrew McMahon', '32.', '4.7 out of 5 stars')
[2024-08-20T04:43:26.046+0000] {sql.py:518} INFO - Rows affected: 1
[2024-08-20T04:43:26.057+0000] {base.py:84} INFO - Retrieving connection 'books_connection'
[2024-08-20T04:43:26.062+0000] {sql.py:509} INFO - Running statement: 
    INSERT INTO books (title, authors, price, rating)
    VALUES (%s, %s, %s, %s)
    , parameters: ('Data Science (The MIT Press Essential Knowledge series)', 'Paperback', '10.', '4.4 out of 5 stars')
[2024-08-20T04:43:26.064+0000] {sql.py:518} INFO - Rows affected: 1
[2024-08-20T04:43:26.076+0000] {base.py:84} INFO - Retrieving connection 'books_connection'
[2024-08-20T04:43:26.088+0000] {sql.py:509} INFO - Running statement: 
    INSERT INTO books (title, authors, price, rating)
    VALUES (%s, %s, %s, %s)
    , parameters: ('Engineers Survival Guide: Advice, tactics, and tricks After a decade of working at Facebook, Snapchat, and Microsoft', 'Merih Taze', '29.', '4.4 out of 5 stars')
[2024-08-20T04:43:26.091+0000] {sql.py:518} INFO - Rows affected: 1
[2024-08-20T04:43:26.102+0000] {base.py:84} INFO - Retrieving connection 'books_connection'
[2024-08-20T04:43:26.108+0000] {sql.py:509} INFO - Running statement: 
    INSERT INTO books (title, authors, price, rating)
    VALUES (%s, %s, %s, %s)
    , parameters: ('How Data Happened: A History from the Age of Reason to the Age of Algorithms', 'Chris Wiggins', '16.', '4.2 out of 5 stars')
[2024-08-20T04:43:26.110+0000] {sql.py:518} INFO - Rows affected: 1
[2024-08-20T04:43:26.122+0000] {base.py:84} INFO - Retrieving connection 'books_connection'
[2024-08-20T04:43:26.129+0000] {sql.py:509} INFO - Running statement: 
    INSERT INTO books (title, authors, price, rating)
    VALUES (%s, %s, %s, %s)
    , parameters: ("System Design Interview – An insider's guide", 'Alex Xu', '37.', '4.6 out of 5 stars')
[2024-08-20T04:43:26.132+0000] {sql.py:518} INFO - Rows affected: 1
[2024-08-20T04:43:26.147+0000] {base.py:84} INFO - Retrieving connection 'books_connection'
[2024-08-20T04:43:26.152+0000] {sql.py:509} INFO - Running statement: 
    INSERT INTO books (title, authors, price, rating)
    VALUES (%s, %s, %s, %s)
    , parameters: ('Data Engineering with Scala and Spark: A practical guide helping you build streaming and batch pipelines that process massive amounts of data using Scala', 'Eric Tome', '36.', '4.3 out of 5 stars')
[2024-08-20T04:43:26.154+0000] {sql.py:518} INFO - Rows affected: 1
[2024-08-20T04:43:26.166+0000] {base.py:84} INFO - Retrieving connection 'books_connection'
[2024-08-20T04:43:26.173+0000] {sql.py:509} INFO - Running statement: 
    INSERT INTO books (title, authors, price, rating)
    VALUES (%s, %s, %s, %s)
    , parameters: ('Azure Data Engineer Associate Certification Guide: A hands-on reference guide to developing your data engineering skills and preparing for the DP-203 exam', 'Newton Alex', '54.', '3.9 out of 5 stars')
[2024-08-20T04:43:26.175+0000] {sql.py:518} INFO - Rows affected: 1
[2024-08-20T04:43:26.186+0000] {base.py:84} INFO - Retrieving connection 'books_connection'
[2024-08-20T04:43:26.192+0000] {sql.py:509} INFO - Running statement: 
    INSERT INTO books (title, authors, price, rating)
    VALUES (%s, %s, %s, %s)
    , parameters: ('Data Engineering with Alteryx: Helping data engineers apply DataOps practices with Alteryx', 'Paul Houghton', '44.', '4.3 out of 5 stars')
[2024-08-20T04:43:26.195+0000] {sql.py:518} INFO - Rows affected: 1
[2024-08-20T04:43:26.206+0000] {base.py:84} INFO - Retrieving connection 'books_connection'
[2024-08-20T04:43:26.212+0000] {sql.py:509} INFO - Running statement: 
    INSERT INTO books (title, authors, price, rating)
    VALUES (%s, %s, %s, %s)
    , parameters: ('Mastering the Data Paradox: Key to Winning in the AI Age', 'Nitin Seth', '18.', '4.8 out of 5 stars')
[2024-08-20T04:43:26.214+0000] {sql.py:518} INFO - Rows affected: 1
[2024-08-20T04:43:26.227+0000] {base.py:84} INFO - Retrieving connection 'books_connection'
[2024-08-20T04:43:26.233+0000] {sql.py:509} INFO - Running statement: 
    INSERT INTO books (title, authors, price, rating)
    VALUES (%s, %s, %s, %s)
    , parameters: ('Data Science on AWS: Implementing End-to-End, Continuous AI and Machine Learning Pipelines', 'Chris Fregly', '11.', '4.5 out of 5 stars')
[2024-08-20T04:43:26.236+0000] {sql.py:518} INFO - Rows affected: 1
[2024-08-20T04:43:26.248+0000] {base.py:84} INFO - Retrieving connection 'books_connection'
[2024-08-20T04:43:26.253+0000] {sql.py:509} INFO - Running statement: 
    INSERT INTO books (title, authors, price, rating)
    VALUES (%s, %s, %s, %s)
    , parameters: ('Python Data Engineering Resources: Boost Your Career With This Python Handbook; Prepare For Python Interview; Python Programming Cookbook For Beginners and Experienced; Python Data Analysis and More', 'Vajo Lukic', '9.', '4.8 out of 5 stars')
[2024-08-20T04:43:26.255+0000] {sql.py:518} INFO - Rows affected: 1
[2024-08-20T04:43:26.266+0000] {base.py:84} INFO - Retrieving connection 'books_connection'
[2024-08-20T04:43:26.272+0000] {sql.py:509} INFO - Running statement: 
    INSERT INTO books (title, authors, price, rating)
    VALUES (%s, %s, %s, %s)
    , parameters: ("Applied Machine Learning and AI for Engineers: Solve Business Problems That Can't Be Solved Algorithmically", 'Jeff Prosise', '55.', '4.5 out of 5 stars')
[2024-08-20T04:43:26.275+0000] {sql.py:518} INFO - Rows affected: 1
[2024-08-20T04:43:26.285+0000] {base.py:84} INFO - Retrieving connection 'books_connection'
[2024-08-20T04:43:26.291+0000] {sql.py:509} INFO - Running statement: 
    INSERT INTO books (title, authors, price, rating)
    VALUES (%s, %s, %s, %s)
    , parameters: ('Feature Engineering for Machine Learning: Principles and Techniques for Data Scientists', 'Alice Zheng', '41.', '4.4 out of 5 stars')
[2024-08-20T04:43:26.293+0000] {sql.py:518} INFO - Rows affected: 1
[2024-08-20T04:43:26.305+0000] {base.py:84} INFO - Retrieving connection 'books_connection'
[2024-08-20T04:43:26.310+0000] {sql.py:509} INFO - Running statement: 
    INSERT INTO books (title, authors, price, rating)
    VALUES (%s, %s, %s, %s)
    , parameters: ('Better Data Visualizations: A Guide for Scholars, Researchers, and Wonks', 'Jonathan Schwabish', '26.', '4.5 out of 5 stars')
[2024-08-20T04:43:26.312+0000] {sql.py:518} INFO - Rows affected: 1
[2024-08-20T04:43:26.324+0000] {base.py:84} INFO - Retrieving connection 'books_connection'
[2024-08-20T04:43:26.329+0000] {sql.py:509} INFO - Running statement: 
    INSERT INTO books (title, authors, price, rating)
    VALUES (%s, %s, %s, %s)
    , parameters: ('Build a Career in Data Science', 'Emily Robinson', '35.', '4.6 out of 5 stars')
[2024-08-20T04:43:26.331+0000] {sql.py:518} INFO - Rows affected: 1
[2024-08-20T04:43:26.342+0000] {base.py:84} INFO - Retrieving connection 'books_connection'
[2024-08-20T04:43:26.348+0000] {sql.py:509} INFO - Running statement: 
    INSERT INTO books (title, authors, price, rating)
    VALUES (%s, %s, %s, %s)
    , parameters: ('SQL Data Analytics Made Easy: Your Step-by-Step Guide to Unlocking Data’s Hidden Secrets: Demystify complex concepts, and harness the power of data to drive intelligent decision-making effortlessly.', 'L.D. Knowings', '14.', '4.1 out of 5 stars')
[2024-08-20T04:43:26.350+0000] {sql.py:518} INFO - Rows affected: 1
[2024-08-20T04:43:26.361+0000] {base.py:84} INFO - Retrieving connection 'books_connection'
[2024-08-20T04:43:26.366+0000] {sql.py:509} INFO - Running statement: 
    INSERT INTO books (title, authors, price, rating)
    VALUES (%s, %s, %s, %s)
    , parameters: ('The Art of Doing Science and Engineering: Learning to Learn', 'Richard W. Hamming', '19.', '4.6 out of 5 stars')
[2024-08-20T04:43:26.368+0000] {sql.py:518} INFO - Rows affected: 1
[2024-08-20T04:43:26.378+0000] {base.py:84} INFO - Retrieving connection 'books_connection'
[2024-08-20T04:43:26.383+0000] {sql.py:509} INFO - Running statement: 
    INSERT INTO books (title, authors, price, rating)
    VALUES (%s, %s, %s, %s)
    , parameters: ('A Common-Sense Guide to Data Structures and Algorithms, Second Edition: Level Up Your Core Programming Skills', 'Jay Wengrow', '39.', '4.7 out of 5 stars')
[2024-08-20T04:43:26.385+0000] {sql.py:518} INFO - Rows affected: 1
[2024-08-20T04:43:26.396+0000] {base.py:84} INFO - Retrieving connection 'books_connection'
[2024-08-20T04:43:26.401+0000] {sql.py:509} INFO - Running statement: 
    INSERT INTO books (title, authors, price, rating)
    VALUES (%s, %s, %s, %s)
    , parameters: ('Fundamentals of Data Visualization: A Primer on Making Informative and Compelling Figures', 'Claus Wilke', '49.', '4.6 out of 5 stars')
[2024-08-20T04:43:26.402+0000] {sql.py:518} INFO - Rows affected: 1
[2024-08-20T04:43:26.412+0000] {base.py:84} INFO - Retrieving connection 'books_connection'
[2024-08-20T04:43:26.417+0000] {sql.py:509} INFO - Running statement: 
    INSERT INTO books (title, authors, price, rating)
    VALUES (%s, %s, %s, %s)
    , parameters: ('Hypothesis Testing: An Intuitive Guide for Making Data Driven Decisions', 'Jim Frost', '23.', '4.5 out of 5 stars')
[2024-08-20T04:43:26.419+0000] {sql.py:518} INFO - Rows affected: 1
[2024-08-20T04:43:26.429+0000] {base.py:84} INFO - Retrieving connection 'books_connection'
[2024-08-20T04:43:26.435+0000] {sql.py:509} INFO - Running statement: 
    INSERT INTO books (title, authors, price, rating)
    VALUES (%s, %s, %s, %s)
    , parameters: ('Modeling and Simulation in Python: An Introduction for Scientists and Engineers', 'Allen B. Downey', '32.', '4.5 out of 5 stars')
[2024-08-20T04:43:26.437+0000] {sql.py:518} INFO - Rows affected: 1
[2024-08-20T04:43:26.447+0000] {base.py:84} INFO - Retrieving connection 'books_connection'
[2024-08-20T04:43:26.453+0000] {sql.py:509} INFO - Running statement: 
    INSERT INTO books (title, authors, price, rating)
    VALUES (%s, %s, %s, %s)
    , parameters: ('The Data Governance Guidebook and Playbook: By a Practitioner for Practitioners', 'Paperback', '25.', '4.3 out of 5 stars')
[2024-08-20T04:43:26.455+0000] {sql.py:518} INFO - Rows affected: 1
[2024-08-20T04:43:26.467+0000] {base.py:84} INFO - Retrieving connection 'books_connection'
[2024-08-20T04:43:26.472+0000] {sql.py:509} INFO - Running statement: 
    INSERT INTO books (title, authors, price, rating)
    VALUES (%s, %s, %s, %s)
    , parameters: ('AWS Certified Data Analytics Study Guide: Specialty (DAS-C01) Exam', 'Asif Abbasi', '31.', '4.6 out of 5 stars')
[2024-08-20T04:43:26.474+0000] {sql.py:518} INFO - Rows affected: 1
[2024-08-20T04:43:26.487+0000] {base.py:84} INFO - Retrieving connection 'books_connection'
[2024-08-20T04:43:26.491+0000] {sql.py:509} INFO - Running statement: 
    INSERT INTO books (title, authors, price, rating)
    VALUES (%s, %s, %s, %s)
    , parameters: ('50 Algorithms Every Programmer Should Know - Second Edition: An unbeatable arsenal of algorithmic solutions for real-world problems', 'Imran Ahmad', '37.', '4.4 out of 5 stars')
[2024-08-20T04:43:26.494+0000] {sql.py:518} INFO - Rows affected: 1
[2024-08-20T04:43:26.505+0000] {base.py:84} INFO - Retrieving connection 'books_connection'
[2024-08-20T04:43:26.510+0000] {sql.py:509} INFO - Running statement: 
    INSERT INTO books (title, authors, price, rating)
    VALUES (%s, %s, %s, %s)
    , parameters: ('Technology is Dead', 'Paperback', '23.', '5.0 out of 5 stars')
[2024-08-20T04:43:26.512+0000] {sql.py:518} INFO - Rows affected: 1
[2024-08-20T04:43:26.521+0000] {base.py:84} INFO - Retrieving connection 'books_connection'
[2024-08-20T04:43:26.526+0000] {sql.py:509} INFO - Running statement: 
    INSERT INTO books (title, authors, price, rating)
    VALUES (%s, %s, %s, %s)
    , parameters: ('Designing Cloud Data Platforms', 'Audible Audiobook', '0.', '4.7 out of 5 stars')
[2024-08-20T04:43:26.528+0000] {sql.py:518} INFO - Rows affected: 1
[2024-08-20T04:43:26.538+0000] {base.py:84} INFO - Retrieving connection 'books_connection'
[2024-08-20T04:43:26.543+0000] {sql.py:509} INFO - Running statement: 
    INSERT INTO books (title, authors, price, rating)
    VALUES (%s, %s, %s, %s)
    , parameters: ('Data Science: The Hard Parts: Techniques for Excelling at Data Science', 'Daniel Vaughan', '48.', '5.0 out of 5 stars')
[2024-08-20T04:43:26.545+0000] {sql.py:518} INFO - Rows affected: 1
[2024-08-20T04:43:26.554+0000] {base.py:84} INFO - Retrieving connection 'books_connection'
[2024-08-20T04:43:26.559+0000] {sql.py:509} INFO - Running statement: 
    INSERT INTO books (title, authors, price, rating)
    VALUES (%s, %s, %s, %s)
    , parameters: ('Data Management at Scale: Modern Data Architecture with Data Mesh and Data Fabric', 'Piethein Strengholt', '47.', '4.5 out of 5 stars')
[2024-08-20T04:43:26.561+0000] {sql.py:518} INFO - Rows affected: 1
[2024-08-20T04:43:26.570+0000] {base.py:84} INFO - Retrieving connection 'books_connection'
[2024-08-20T04:43:26.575+0000] {sql.py:509} INFO - Running statement: 
    INSERT INTO books (title, authors, price, rating)
    VALUES (%s, %s, %s, %s)
    , parameters: ('Practical Fraud Prevention: Fraud and AML Analytics for Fintech and eCommerce, Using SQL and Python', 'Gilit Saporta', '47.', '4.4 out of 5 stars')
[2024-08-20T04:43:26.577+0000] {sql.py:518} INFO - Rows affected: 1
[2024-08-20T04:43:26.587+0000] {base.py:84} INFO - Retrieving connection 'books_connection'
[2024-08-20T04:43:26.593+0000] {sql.py:509} INFO - Running statement: 
    INSERT INTO books (title, authors, price, rating)
    VALUES (%s, %s, %s, %s)
    , parameters: ('Data Quality Engineering in Financial Services: Applying Manufacturing Techniques to Data', 'Brian Buzzelli', '30.', '4.4 out of 5 stars')
[2024-08-20T04:43:26.596+0000] {sql.py:518} INFO - Rows affected: 1
[2024-08-20T04:43:26.615+0000] {base.py:84} INFO - Retrieving connection 'books_connection'
[2024-08-20T04:43:26.621+0000] {sql.py:509} INFO - Running statement: 
    INSERT INTO books (title, authors, price, rating)
    VALUES (%s, %s, %s, %s)
    , parameters: ('Ultimate Azure Data Engineering: Build Robust Data Engineering Systems on Azure with SQL, ETL, Data Modeling, and Power BI for Business Insights and Crack Azure Certifications (English Edition)', 'Ashish Agarwal', '39.', '5.0 out of 5 stars')
[2024-08-20T04:43:26.626+0000] {sql.py:518} INFO - Rows affected: 1
[2024-08-20T04:43:26.645+0000] {base.py:84} INFO - Retrieving connection 'books_connection'
[2024-08-20T04:43:26.654+0000] {sql.py:509} INFO - Running statement: 
    INSERT INTO books (title, authors, price, rating)
    VALUES (%s, %s, %s, %s)
    , parameters: ('Data Structures and Algorithms: 100 Interview Questions (Advanced Topics in Programming Book 2)', 'Kindle', '9.', '5.0 out of 5 stars')
[2024-08-20T04:43:26.658+0000] {sql.py:518} INFO - Rows affected: 1
[2024-08-20T04:43:26.672+0000] {base.py:84} INFO - Retrieving connection 'books_connection'
[2024-08-20T04:43:26.680+0000] {sql.py:509} INFO - Running statement: 
    INSERT INTO books (title, authors, price, rating)
    VALUES (%s, %s, %s, %s)
    , parameters: ('Data-Centric Machine Learning with Python: The ultimate guide to engineering and deploying high-quality models based on good data', 'Jonas Christensen', '49.', '4.6 out of 5 stars')
[2024-08-20T04:43:26.682+0000] {sql.py:518} INFO - Rows affected: 1
[2024-08-20T04:43:26.695+0000] {base.py:84} INFO - Retrieving connection 'books_connection'
[2024-08-20T04:43:26.703+0000] {sql.py:509} INFO - Running statement: 
    INSERT INTO books (title, authors, price, rating)
    VALUES (%s, %s, %s, %s)
    , parameters: ('Architecting Data and Machine Learning Platforms: Enable Analytics and AI-Driven Innovation in the Cloud', 'Marco Tranquillin', '37.', '4.3 out of 5 stars')
[2024-08-20T04:43:26.706+0000] {sql.py:518} INFO - Rows affected: 1
[2024-08-20T04:43:26.723+0000] {base.py:84} INFO - Retrieving connection 'books_connection'
[2024-08-20T04:43:26.728+0000] {sql.py:509} INFO - Running statement: 
    INSERT INTO books (title, authors, price, rating)
    VALUES (%s, %s, %s, %s)
    , parameters: ('Killed by a Traffic Engineer: Shattering the Delusion that Science Underlies our Transportation System', 'Wes Marshall', '33.', '4.5 out of 5 stars')
[2024-08-20T04:43:26.730+0000] {sql.py:518} INFO - Rows affected: 1
[2024-08-20T04:43:26.743+0000] {base.py:84} INFO - Retrieving connection 'books_connection'
[2024-08-20T04:43:26.749+0000] {sql.py:509} INFO - Running statement: 
    INSERT INTO books (title, authors, price, rating)
    VALUES (%s, %s, %s, %s)
    , parameters: ('Restricted Data: The History of Nuclear Secrecy in the United States', 'Alex Wellerstein', '2.', '4.7 out of 5 stars')
[2024-08-20T04:43:26.751+0000] {sql.py:518} INFO - Rows affected: 1
[2024-08-20T04:43:26.767+0000] {base.py:84} INFO - Retrieving connection 'books_connection'
[2024-08-20T04:43:26.775+0000] {sql.py:509} INFO - Running statement: 
    INSERT INTO books (title, authors, price, rating)
    VALUES (%s, %s, %s, %s)
    , parameters: ('Data Driven: Truckers, Technology, and the New Workplace Surveillance', 'Karen Levy', '21.', '4.3 out of 5 stars')
[2024-08-20T04:43:26.779+0000] {sql.py:518} INFO - Rows affected: 1
[2024-08-20T04:43:26.795+0000] {base.py:84} INFO - Retrieving connection 'books_connection'
[2024-08-20T04:43:26.801+0000] {sql.py:509} INFO - Running statement: 
    INSERT INTO books (title, authors, price, rating)
    VALUES (%s, %s, %s, %s)
    , parameters: ("Engineers' Practical Databook: A Technical Reference Guide for Students and Professionals", 'Jay Smith', '18.', '4.6 out of 5 stars')
[2024-08-20T04:43:26.806+0000] {sql.py:518} INFO - Rows affected: 1
[2024-08-20T04:43:26.818+0000] {base.py:84} INFO - Retrieving connection 'books_connection'
[2024-08-20T04:43:26.828+0000] {sql.py:509} INFO - Running statement: 
    INSERT INTO books (title, authors, price, rating)
    VALUES (%s, %s, %s, %s)
    , parameters: ('Understanding Cryptography: A Textbook for Students and Practitioners', 'Christof Paar', '29.', '4.6 out of 5 stars')
[2024-08-20T04:43:26.831+0000] {sql.py:518} INFO - Rows affected: 1
[2024-08-20T04:43:26.846+0000] {base.py:84} INFO - Retrieving connection 'books_connection'
[2024-08-20T04:43:26.852+0000] {sql.py:509} INFO - Running statement: 
    INSERT INTO books (title, authors, price, rating)
    VALUES (%s, %s, %s, %s)
    , parameters: ('Grokking Algorithms', 'Audible Audiobook', '0.', '4.6 out of 5 stars')
[2024-08-20T04:43:26.854+0000] {sql.py:518} INFO - Rows affected: 1
[2024-08-20T04:43:26.874+0000] {base.py:84} INFO - Retrieving connection 'books_connection'
[2024-08-20T04:43:26.886+0000] {sql.py:509} INFO - Running statement: 
    INSERT INTO books (title, authors, price, rating)
    VALUES (%s, %s, %s, %s)
    , parameters: ('Observability Engineering: Achieving Production Excellence', 'Charity Majors', '34.', '4.3 out of 5 stars')
[2024-08-20T04:43:26.888+0000] {sql.py:518} INFO - Rows affected: 1
[2024-08-20T04:43:26.913+0000] {base.py:84} INFO - Retrieving connection 'books_connection'
[2024-08-20T04:43:26.920+0000] {sql.py:509} INFO - Running statement: 
    INSERT INTO books (title, authors, price, rating)
    VALUES (%s, %s, %s, %s)
    , parameters: ('Python Feature Engineering Cookbook: Over 70 recipes for creating, engineering, and transforming features to build machine learning models, 2nd Edition', 'Soledad Galli', '44.', '4.4 out of 5 stars')
[2024-08-20T04:43:26.923+0000] {sql.py:518} INFO - Rows affected: 1
[2024-08-20T04:43:26.944+0000] {base.py:84} INFO - Retrieving connection 'books_connection'
[2024-08-20T04:43:26.952+0000] {sql.py:509} INFO - Running statement: 
    INSERT INTO books (title, authors, price, rating)
    VALUES (%s, %s, %s, %s)
    , parameters: ('Practical Reverse Engineering: x86, x64, ARM, Windows Kernel, Reversing Tools, and Obfuscation', 'Bruce Dang', '34.', '4.6 out of 5 stars')
[2024-08-20T04:43:26.958+0000] {sql.py:518} INFO - Rows affected: 1
[2024-08-20T04:43:26.972+0000] {base.py:84} INFO - Retrieving connection 'books_connection'
[2024-08-20T04:43:26.985+0000] {sql.py:509} INFO - Running statement: 
    INSERT INTO books (title, authors, price, rating)
    VALUES (%s, %s, %s, %s)
    , parameters: ('Building ETL Pipelines with Python: Create and deploy enterprise-ready ETL pipelines by employing modern methods', 'Brij Kishore Pandey', '17.', '4.2 out of 5 stars')
[2024-08-20T04:43:26.987+0000] {sql.py:518} INFO - Rows affected: 1
[2024-08-20T04:43:26.991+0000] {python.py:240} INFO - Done. Returned value was: None
[2024-08-20T04:43:27.011+0000] {taskinstance.py:340} INFO - ::group::Post task execution logs
[2024-08-20T04:43:27.012+0000] {taskinstance.py:352} INFO - Marking task as SUCCESS. dag_id=fetch_and_store_DE_books, task_id=insert_book_data, run_id=scheduled__2024-07-08T00:00:00+00:00, execution_date=20240708T000000, start_date=20240820T044323, end_date=20240820T044327
[2024-08-20T04:43:27.034+0000] {logging_mixin.py:190} INFO - Task instance in success state
[2024-08-20T04:43:27.035+0000] {logging_mixin.py:190} INFO -  Previous state of the Task instance: running
[2024-08-20T04:43:27.036+0000] {logging_mixin.py:190} INFO - Dag name:fetch_and_store_DE_books queued_at:2024-08-20 04:43:09.351448+00:00
[2024-08-20T04:43:27.036+0000] {logging_mixin.py:190} INFO - Task hostname:668944ed7238 operator:PythonOperator
[2024-08-20T04:43:27.077+0000] {local_task_job_runner.py:261} INFO - Task exited with return code 0
[2024-08-20T04:43:27.092+0000] {local_task_job_runner.py:240} INFO - ::endgroup::
