[2024-08-20T04:47:07.073+0000] {local_task_job_runner.py:123} INFO - ::group::Pre task execution logs
[2024-08-20T04:47:07.092+0000] {taskinstance.py:2603} INFO - Dependencies all met for dep_context=non-requeueable deps ti=<TaskInstance: fetch_and_store_DE_books.fetch_book_data scheduled__2024-08-15T00:00:00+00:00 [queued]>
[2024-08-20T04:47:07.102+0000] {taskinstance.py:2603} INFO - Dependencies all met for dep_context=requeueable deps ti=<TaskInstance: fetch_and_store_DE_books.fetch_book_data scheduled__2024-08-15T00:00:00+00:00 [queued]>
[2024-08-20T04:47:07.102+0000] {taskinstance.py:2856} INFO - Starting attempt 1 of 2
[2024-08-20T04:47:07.120+0000] {taskinstance.py:2879} INFO - Executing <Task(PythonOperator): fetch_book_data> on 2024-08-15 00:00:00+00:00
[2024-08-20T04:47:07.131+0000] {warnings.py:112} WARNING - /home/***/.local/lib/python3.12/site-packages/***/task/task_runner/standard_task_runner.py:70: DeprecationWarning: This process (pid=1307) is multi-threaded, use of fork() may lead to deadlocks in the child.
  pid = os.fork()

[2024-08-20T04:47:07.133+0000] {standard_task_runner.py:72} INFO - Started process 1311 to run task
[2024-08-20T04:47:07.134+0000] {standard_task_runner.py:104} INFO - Running: ['***', 'tasks', 'run', 'fetch_and_store_DE_books', 'fetch_book_data', 'scheduled__2024-08-15T00:00:00+00:00', '--job-id', '136', '--raw', '--subdir', 'DAGS_FOLDER/app.py', '--cfg-path', '/tmp/tmpm_9o8hgn']
[2024-08-20T04:47:07.136+0000] {standard_task_runner.py:105} INFO - Job 136: Subtask fetch_book_data
[2024-08-20T04:47:07.193+0000] {task_command.py:467} INFO - Running <TaskInstance: fetch_and_store_DE_books.fetch_book_data scheduled__2024-08-15T00:00:00+00:00 [running]> on host 668944ed7238
[2024-08-20T04:47:07.297+0000] {taskinstance.py:3122} INFO - Exporting env vars: AIRFLOW_CTX_DAG_OWNER='***' AIRFLOW_CTX_DAG_ID='fetch_and_store_DE_books' AIRFLOW_CTX_TASK_ID='fetch_book_data' AIRFLOW_CTX_EXECUTION_DATE='2024-08-15T00:00:00+00:00' AIRFLOW_CTX_TRY_NUMBER='1' AIRFLOW_CTX_DAG_RUN_ID='scheduled__2024-08-15T00:00:00+00:00'
[2024-08-20T04:47:07.300+0000] {logging_mixin.py:190} INFO - Task instance is in running state
[2024-08-20T04:47:07.300+0000] {logging_mixin.py:190} INFO -  Previous state of the Task instance: queued
[2024-08-20T04:47:07.301+0000] {logging_mixin.py:190} INFO - Current task name:fetch_book_data state:running start_date:2024-08-20 04:47:07.093104+00:00
[2024-08-20T04:47:07.302+0000] {logging_mixin.py:190} INFO - Dag name:fetch_and_store_DE_books and current dag run status:running
[2024-08-20T04:47:07.302+0000] {taskinstance.py:731} INFO - ::endgroup::
[2024-08-20T04:47:11.662+0000] {logging_mixin.py:190} INFO - Failed to retrieve the page
[2024-08-20T04:47:11.684+0000] {python.py:240} INFO - Done. Returned value was: None
[2024-08-20T04:47:11.694+0000] {taskinstance.py:340} INFO - ::group::Post task execution logs
[2024-08-20T04:47:11.695+0000] {taskinstance.py:352} INFO - Marking task as SUCCESS. dag_id=fetch_and_store_DE_books, task_id=fetch_book_data, run_id=scheduled__2024-08-15T00:00:00+00:00, execution_date=20240815T000000, start_date=20240820T044707, end_date=20240820T044711
[2024-08-20T04:47:11.709+0000] {logging_mixin.py:190} INFO - Task instance in success state
[2024-08-20T04:47:11.709+0000] {logging_mixin.py:190} INFO -  Previous state of the Task instance: running
[2024-08-20T04:47:11.710+0000] {logging_mixin.py:190} INFO - Dag name:fetch_and_store_DE_books queued_at:2024-08-20 04:47:04.884599+00:00
[2024-08-20T04:47:11.711+0000] {logging_mixin.py:190} INFO - Task hostname:668944ed7238 operator:PythonOperator
[2024-08-20T04:47:11.767+0000] {local_task_job_runner.py:261} INFO - Task exited with return code 0
[2024-08-20T04:47:11.779+0000] {warnings.py:112} WARNING - /home/***/.local/lib/python3.12/site-packages/***/models/baseoperator.py:1378: AirflowProviderDeprecationWarning: Call to deprecated class PostgresOperator. (Please use `***.providers.common.sql.operators.sql.SQLExecuteQueryOperator`.Also, you can provide `hook_params={'schema': <database>}`.)
  result = cls.__new__(cls)

[2024-08-20T04:47:11.800+0000] {taskinstance.py:3891} INFO - 1 downstream tasks scheduled from follow-on schedule check
[2024-08-20T04:47:11.802+0000] {local_task_job_runner.py:240} INFO - ::endgroup::
