[2024-08-20T04:48:04.401+0000] {local_task_job_runner.py:123} INFO - ::group::Pre task execution logs
[2024-08-20T04:48:04.485+0000] {taskinstance.py:2603} INFO - Dependencies all met for dep_context=non-requeueable deps ti=<TaskInstance: fetch_and_store_DE_books.insert_book_data scheduled__2024-07-02T00:00:00+00:00 [queued]>
[2024-08-20T04:48:04.600+0000] {taskinstance.py:2603} INFO - Dependencies all met for dep_context=requeueable deps ti=<TaskInstance: fetch_and_store_DE_books.insert_book_data scheduled__2024-07-02T00:00:00+00:00 [queued]>
[2024-08-20T04:48:04.603+0000] {taskinstance.py:2856} INFO - Starting attempt 1 of 2
[2024-08-20T04:48:04.807+0000] {taskinstance.py:2879} INFO - Executing <Task(PythonOperator): insert_book_data> on 2024-07-02 00:00:00+00:00
[2024-08-20T04:48:04.856+0000] {warnings.py:112} WARNING - /home/***/.local/lib/python3.12/site-packages/***/task/task_runner/standard_task_runner.py:70: DeprecationWarning: This process (pid=1471) is multi-threaded, use of fork() may lead to deadlocks in the child.
  pid = os.fork()

[2024-08-20T04:48:04.884+0000] {standard_task_runner.py:72} INFO - Started process 1506 to run task
[2024-08-20T04:48:04.881+0000] {standard_task_runner.py:104} INFO - Running: ['***', 'tasks', 'run', 'fetch_and_store_DE_books', 'insert_book_data', 'scheduled__2024-07-02T00:00:00+00:00', '--job-id', '177', '--raw', '--subdir', 'DAGS_FOLDER/app.py', '--cfg-path', '/tmp/tmp8a9_guz2']
[2024-08-20T04:48:04.894+0000] {standard_task_runner.py:105} INFO - Job 177: Subtask insert_book_data
[2024-08-20T04:48:05.158+0000] {task_command.py:467} INFO - Running <TaskInstance: fetch_and_store_DE_books.insert_book_data scheduled__2024-07-02T00:00:00+00:00 [running]> on host 668944ed7238
[2024-08-20T04:48:05.561+0000] {taskinstance.py:3122} INFO - Exporting env vars: AIRFLOW_CTX_DAG_OWNER='***' AIRFLOW_CTX_DAG_ID='fetch_and_store_DE_books' AIRFLOW_CTX_TASK_ID='insert_book_data' AIRFLOW_CTX_EXECUTION_DATE='2024-07-02T00:00:00+00:00' AIRFLOW_CTX_TRY_NUMBER='1' AIRFLOW_CTX_DAG_RUN_ID='scheduled__2024-07-02T00:00:00+00:00'
[2024-08-20T04:48:05.575+0000] {logging_mixin.py:190} INFO - Task instance is in running state
[2024-08-20T04:48:05.576+0000] {logging_mixin.py:190} INFO -  Previous state of the Task instance: queued
[2024-08-20T04:48:05.577+0000] {logging_mixin.py:190} INFO - Current task name:insert_book_data state:running start_date:2024-08-20 04:48:04.500597+00:00
[2024-08-20T04:48:05.581+0000] {logging_mixin.py:190} INFO - Dag name:fetch_and_store_DE_books and current dag run status:running
[2024-08-20T04:48:05.582+0000] {taskinstance.py:731} INFO - ::endgroup::
[2024-08-20T04:48:05.656+0000] {base.py:84} INFO - Retrieving connection 'books_connection'
[2024-08-20T04:48:05.670+0000] {sql.py:509} INFO - Running statement: 
    INSERT INTO books (title, authors, price, rating)
    VALUES (%s, %s, %s, %s)
    , parameters: ('Ace the Data Engineering Interview: Questions and Answers for Python, SQL, Data Modeling and More', 'Sean Coyne', '24.', '4.1 out of 5 stars')
[2024-08-20T04:48:05.673+0000] {sql.py:518} INFO - Rows affected: 1
[2024-08-20T04:48:05.706+0000] {base.py:84} INFO - Retrieving connection 'books_connection'
[2024-08-20T04:48:05.745+0000] {sql.py:509} INFO - Running statement: 
    INSERT INTO books (title, authors, price, rating)
    VALUES (%s, %s, %s, %s)
    , parameters: ('Data Engineering with AWS - Second Edition: Acquire the skills to design and build AWS-based data transformation pipelines like a pro', 'Gareth Eagar', '41.', '4.4 out of 5 stars')
[2024-08-20T04:48:05.765+0000] {sql.py:518} INFO - Rows affected: 1
[2024-08-20T04:48:05.808+0000] {base.py:84} INFO - Retrieving connection 'books_connection'
[2024-08-20T04:48:05.832+0000] {sql.py:509} INFO - Running statement: 
    INSERT INTO books (title, authors, price, rating)
    VALUES (%s, %s, %s, %s)
    , parameters: ('Data Engineering with Databricks Cookbook: Build effective data and AI solutions using Apache Spark, Databricks, and Delta Lake', 'Pulkit Chadha', '42.', '4.2 out of 5 stars')
[2024-08-20T04:48:05.841+0000] {sql.py:518} INFO - Rows affected: 1
[2024-08-20T04:48:05.880+0000] {base.py:84} INFO - Retrieving connection 'books_connection'
[2024-08-20T04:48:05.892+0000] {sql.py:509} INFO - Running statement: 
    INSERT INTO books (title, authors, price, rating)
    VALUES (%s, %s, %s, %s)
    , parameters: ('Azure Data Engineer Associate Certification Guide: Ace the DP-203 exam with advanced data engineering skills', 'Giacinto Palmieri', '39.', '4.5 out of 5 stars')
[2024-08-20T04:48:05.895+0000] {sql.py:518} INFO - Rows affected: 1
[2024-08-20T04:48:05.955+0000] {base.py:84} INFO - Retrieving connection 'books_connection'
[2024-08-20T04:48:05.967+0000] {sql.py:509} INFO - Running statement: 
    INSERT INTO books (title, authors, price, rating)
    VALUES (%s, %s, %s, %s)
    , parameters: ('Fundamentals of Data Engineering: Plan and Build Robust Data Systems', 'Joe Reis', '38.', '4.7 out of 5 stars')
[2024-08-20T04:48:05.982+0000] {sql.py:518} INFO - Rows affected: 1
[2024-08-20T04:48:06.016+0000] {base.py:84} INFO - Retrieving connection 'books_connection'
[2024-08-20T04:48:06.025+0000] {sql.py:509} INFO - Running statement: 
    INSERT INTO books (title, authors, price, rating)
    VALUES (%s, %s, %s, %s)
    , parameters: ('Data Pipelines Pocket Reference: Moving and Processing Data for Analytics', 'James Densmore', '17.', '4.5 out of 5 stars')
[2024-08-20T04:48:06.027+0000] {sql.py:518} INFO - Rows affected: 1
[2024-08-20T04:48:06.052+0000] {base.py:84} INFO - Retrieving connection 'books_connection'
[2024-08-20T04:48:06.066+0000] {sql.py:509} INFO - Running statement: 
    INSERT INTO books (title, authors, price, rating)
    VALUES (%s, %s, %s, %s)
    , parameters: ('Designing Data-Intensive Applications: The Big Ideas Behind Reliable, Scalable, and Maintainable Systems', 'Martin Kleppmann', '35.', '4.8 out of 5 stars')
[2024-08-20T04:48:06.071+0000] {sql.py:518} INFO - Rows affected: 1
[2024-08-20T04:48:06.103+0000] {base.py:84} INFO - Retrieving connection 'books_connection'
[2024-08-20T04:48:06.116+0000] {sql.py:509} INFO - Running statement: 
    INSERT INTO books (title, authors, price, rating)
    VALUES (%s, %s, %s, %s)
    , parameters: ('Data Engineering with Python: Work with massive datasets to design data models and automate data pipelines using Python', 'Paul Crickard', '37.', '4.1 out of 5 stars')
[2024-08-20T04:48:06.119+0000] {sql.py:518} INFO - Rows affected: 1
[2024-08-20T04:48:06.145+0000] {base.py:84} INFO - Retrieving connection 'books_connection'
[2024-08-20T04:48:06.181+0000] {sql.py:509} INFO - Running statement: 
    INSERT INTO books (title, authors, price, rating)
    VALUES (%s, %s, %s, %s)
    , parameters: ('Data Engineering with Python cookbook: Learn to build efficient data pipelines using the Modern Cloud Data Stack', 'Adithyan Ramanujakootam', '29.', '5.0 out of 5 stars')
[2024-08-20T04:48:06.203+0000] {sql.py:518} INFO - Rows affected: 1
[2024-08-20T04:48:06.234+0000] {base.py:84} INFO - Retrieving connection 'books_connection'
[2024-08-20T04:48:06.243+0000] {sql.py:509} INFO - Running statement: 
    INSERT INTO books (title, authors, price, rating)
    VALUES (%s, %s, %s, %s)
    , parameters: ('Cracking the Data Engineering Interview: Land your dream job with the help of resume-building tips, over 100 mock questions, and a unique portfolio', 'Kedeisha Bryan', '26.', '4.4 out of 5 stars')
[2024-08-20T04:48:06.246+0000] {sql.py:518} INFO - Rows affected: 1
[2024-08-20T04:48:06.266+0000] {base.py:84} INFO - Retrieving connection 'books_connection'
[2024-08-20T04:48:06.275+0000] {sql.py:509} INFO - Running statement: 
    INSERT INTO books (title, authors, price, rating)
    VALUES (%s, %s, %s, %s)
    , parameters: ('Data Engineering with AWS: Learn how to design and build cloud-based data transformation pipelines using AWS', 'Gareth Eagar', '49.', '4.4 out of 5 stars')
[2024-08-20T04:48:06.277+0000] {sql.py:518} INFO - Rows affected: 1
[2024-08-20T04:48:06.296+0000] {base.py:84} INFO - Retrieving connection 'books_connection'
[2024-08-20T04:48:06.307+0000] {sql.py:509} INFO - Running statement: 
    INSERT INTO books (title, authors, price, rating)
    VALUES (%s, %s, %s, %s)
    , parameters: ('Data Engineering with Google Cloud Platform: A guide to leveling up as a data engineer by building a scalable data platform with Google Cloud', 'Adi Wijaya', '41.', '5.0 out of 5 stars')
[2024-08-20T04:48:06.310+0000] {sql.py:518} INFO - Rows affected: 1
[2024-08-20T04:48:06.366+0000] {base.py:84} INFO - Retrieving connection 'books_connection'
[2024-08-20T04:48:06.372+0000] {sql.py:509} INFO - Running statement: 
    INSERT INTO books (title, authors, price, rating)
    VALUES (%s, %s, %s, %s)
    , parameters: ('Data Engineering with dbt: A practical guide to building a cloud-based, pragmatic, and dependable data platform with SQL', 'Roberto Zagni', '37.', '4.6 out of 5 stars')
[2024-08-20T04:48:06.383+0000] {sql.py:518} INFO - Rows affected: 1
[2024-08-20T04:48:06.455+0000] {base.py:84} INFO - Retrieving connection 'books_connection'
[2024-08-20T04:48:06.491+0000] {sql.py:509} INFO - Running statement: 
    INSERT INTO books (title, authors, price, rating)
    VALUES (%s, %s, %s, %s)
    , parameters: ('Driving Data Quality with Data Contracts: A comprehensive guide to building reliable, trusted, and effective data platforms', 'Andrew Jones', '28.', '4.6 out of 5 stars')
[2024-08-20T04:48:06.493+0000] {sql.py:518} INFO - Rows affected: 1
[2024-08-20T04:48:06.541+0000] {base.py:84} INFO - Retrieving connection 'books_connection'
[2024-08-20T04:48:06.551+0000] {sql.py:509} INFO - Running statement: 
    INSERT INTO books (title, authors, price, rating)
    VALUES (%s, %s, %s, %s)
    , parameters: ('Mastering Large Datasets with Python: Parallelize and Distribute Your Python Code', 'John T. Wolohan', '49.', '3.9 out of 5 stars')
[2024-08-20T04:48:06.561+0000] {sql.py:518} INFO - Rows affected: 1
[2024-08-20T04:48:06.583+0000] {base.py:84} INFO - Retrieving connection 'books_connection'
[2024-08-20T04:48:06.589+0000] {sql.py:509} INFO - Running statement: 
    INSERT INTO books (title, authors, price, rating)
    VALUES (%s, %s, %s, %s)
    , parameters: ('Data Privacy: A runbook for engineers', 'Nishant Bhajaria', '34.', '4.8 out of 5 stars')
[2024-08-20T04:48:06.592+0000] {sql.py:518} INFO - Rows affected: 1
[2024-08-20T04:48:06.618+0000] {base.py:84} INFO - Retrieving connection 'books_connection'
[2024-08-20T04:48:06.630+0000] {sql.py:509} INFO - Running statement: 
    INSERT INTO books (title, authors, price, rating)
    VALUES (%s, %s, %s, %s)
    , parameters: ('Software Engineering for Data Scientists: From Notebooks to Scalable Systems', 'Catherine Nelson', '52.', '4.5 out of 5 stars')
[2024-08-20T04:48:06.632+0000] {sql.py:518} INFO - Rows affected: 1
[2024-08-20T04:48:06.650+0000] {base.py:84} INFO - Retrieving connection 'books_connection'
[2024-08-20T04:48:06.665+0000] {sql.py:509} INFO - Running statement: 
    INSERT INTO books (title, authors, price, rating)
    VALUES (%s, %s, %s, %s)
    , parameters: ('Data-Driven Science and Engineering: Machine Learning, Dynamical Systems, and Control', 'Steven L. Brunton', '64.', '4.7 out of 5 stars')
[2024-08-20T04:48:06.681+0000] {sql.py:518} INFO - Rows affected: 1
[2024-08-20T04:48:06.709+0000] {base.py:84} INFO - Retrieving connection 'books_connection'
[2024-08-20T04:48:06.730+0000] {sql.py:509} INFO - Running statement: 
    INSERT INTO books (title, authors, price, rating)
    VALUES (%s, %s, %s, %s)
    , parameters: ('Data Engineering with Apache Spark, Delta Lake, and Lakehouse: Create scalable pipelines that ingest, curate, and aggregate complex data in a timely and secure way', 'Manoj Kukreja', '29.', '3.9 out of 5 stars')
[2024-08-20T04:48:06.744+0000] {sql.py:518} INFO - Rows affected: 1
[2024-08-20T04:48:06.780+0000] {base.py:84} INFO - Retrieving connection 'books_connection'
[2024-08-20T04:48:06.809+0000] {sql.py:509} INFO - Running statement: 
    INSERT INTO books (title, authors, price, rating)
    VALUES (%s, %s, %s, %s)
    , parameters: ('Build a Career in Data Science', 'Emily Robinson', '35.', '4.6 out of 5 stars')
[2024-08-20T04:48:06.813+0000] {sql.py:518} INFO - Rows affected: 1
[2024-08-20T04:48:06.860+0000] {base.py:84} INFO - Retrieving connection 'books_connection'
[2024-08-20T04:48:06.894+0000] {sql.py:509} INFO - Running statement: 
    INSERT INTO books (title, authors, price, rating)
    VALUES (%s, %s, %s, %s)
    , parameters: ('Data Engineering 101', 'Paperback', '22.', '5.0 out of 5 stars')
[2024-08-20T04:48:06.902+0000] {sql.py:518} INFO - Rows affected: 1
[2024-08-20T04:48:06.998+0000] {base.py:84} INFO - Retrieving connection 'books_connection'
[2024-08-20T04:48:07.005+0000] {sql.py:509} INFO - Running statement: 
    INSERT INTO books (title, authors, price, rating)
    VALUES (%s, %s, %s, %s)
    , parameters: ('Python Data Engineering Resources: Boost Your Career With This Python Handbook; Prepare For Python Interview; Python Programming Cookbook For Beginners and Experienced; Python Data Analysis and More', 'Vajo Lukic', '9.', '4.8 out of 5 stars')
[2024-08-20T04:48:07.024+0000] {sql.py:518} INFO - Rows affected: 1
[2024-08-20T04:48:07.075+0000] {base.py:84} INFO - Retrieving connection 'books_connection'
[2024-08-20T04:48:07.085+0000] {sql.py:509} INFO - Running statement: 
    INSERT INTO books (title, authors, price, rating)
    VALUES (%s, %s, %s, %s)
    , parameters: ('Data Engineering Fundamentals for Beginners: Mastering the Art of Building, Managing, and Scaling Data Systems', 'Paperback', '14.', '5.0 out of 5 stars')
[2024-08-20T04:48:07.092+0000] {sql.py:518} INFO - Rows affected: 1
[2024-08-20T04:48:07.109+0000] {base.py:84} INFO - Retrieving connection 'books_connection'
[2024-08-20T04:48:07.132+0000] {sql.py:509} INFO - Running statement: 
    INSERT INTO books (title, authors, price, rating)
    VALUES (%s, %s, %s, %s)
    , parameters: ('DATA ENGINEERING AND AI FOR BEGINNERS: Revolutionizing Data Processing and Analytics by Leveraging Artificial Intelligence for Efficient Input Collection, Storage, and Transformation (World of AI)', 'Paperback', '13.', '4.4 out of 5 stars')
[2024-08-20T04:48:07.135+0000] {sql.py:518} INFO - Rows affected: 1
[2024-08-20T04:48:07.192+0000] {base.py:84} INFO - Retrieving connection 'books_connection'
[2024-08-20T04:48:07.214+0000] {sql.py:509} INFO - Running statement: 
    INSERT INTO books (title, authors, price, rating)
    VALUES (%s, %s, %s, %s)
    , parameters: ('Data Mesh: Delivering Data-Driven Value at Scale', 'Zhamak Dehghani', '43.', '4.5 out of 5 stars')
[2024-08-20T04:48:07.216+0000] {sql.py:518} INFO - Rows affected: 1
[2024-08-20T04:48:07.242+0000] {base.py:84} INFO - Retrieving connection 'books_connection'
[2024-08-20T04:48:07.263+0000] {sql.py:509} INFO - Running statement: 
    INSERT INTO books (title, authors, price, rating)
    VALUES (%s, %s, %s, %s)
    , parameters: ('The Enterprise Data Catalog: Improve Data Discovery, Ensure Data Governance, and Enable Innovation', 'Ole Olesen-Bagneux', '31.', '4.5 out of 5 stars')
[2024-08-20T04:48:07.267+0000] {sql.py:518} INFO - Rows affected: 1
[2024-08-20T04:48:07.332+0000] {base.py:84} INFO - Retrieving connection 'books_connection'
[2024-08-20T04:48:07.352+0000] {sql.py:509} INFO - Running statement: 
    INSERT INTO books (title, authors, price, rating)
    VALUES (%s, %s, %s, %s)
    , parameters: ('Machine Learning Engineering', 'Andriy Burkov', '39.', '4.7 out of 5 stars')
[2024-08-20T04:48:07.354+0000] {sql.py:518} INFO - Rows affected: 1
[2024-08-20T04:48:07.415+0000] {base.py:84} INFO - Retrieving connection 'books_connection'
[2024-08-20T04:48:07.431+0000] {sql.py:509} INFO - Running statement: 
    INSERT INTO books (title, authors, price, rating)
    VALUES (%s, %s, %s, %s)
    , parameters: ('Data Modeling with Snowflake: A practical guide to accelerating Snowflake development using universal data modeling techniques', 'Serge Gershkovich', '36.', '4.8 out of 5 stars')
[2024-08-20T04:48:07.434+0000] {sql.py:518} INFO - Rows affected: 1
[2024-08-20T04:48:07.474+0000] {base.py:84} INFO - Retrieving connection 'books_connection'
[2024-08-20T04:48:07.565+0000] {sql.py:509} INFO - Running statement: 
    INSERT INTO books (title, authors, price, rating)
    VALUES (%s, %s, %s, %s)
    , parameters: ('Data Engineering with Databricks', 'Paperback', '25.', '3.4 out of 5 stars')
[2024-08-20T04:48:07.574+0000] {sql.py:518} INFO - Rows affected: 1
[2024-08-20T04:48:07.593+0000] {base.py:84} INFO - Retrieving connection 'books_connection'
[2024-08-20T04:48:07.606+0000] {sql.py:509} INFO - Running statement: 
    INSERT INTO books (title, authors, price, rating)
    VALUES (%s, %s, %s, %s)
    , parameters: ('Modern Data Engineering with Apache Spark: A Hands-On Guide for Building Mission-Critical Streaming Applications', 'Scott Haines', '30.', '4.1 out of 5 stars')
[2024-08-20T04:48:07.608+0000] {sql.py:518} INFO - Rows affected: 1
[2024-08-20T04:48:07.623+0000] {base.py:84} INFO - Retrieving connection 'books_connection'
[2024-08-20T04:48:07.634+0000] {sql.py:509} INFO - Running statement: 
    INSERT INTO books (title, authors, price, rating)
    VALUES (%s, %s, %s, %s)
    , parameters: ('Ace the Data Science Interview: 201 Real Interview Questions Asked By FAANG, Tech Startups, & Wall Street', 'Nick Singh', '42.', '4.5 out of 5 stars')
[2024-08-20T04:48:07.650+0000] {sql.py:518} INFO - Rows affected: 1
[2024-08-20T04:48:07.691+0000] {base.py:84} INFO - Retrieving connection 'books_connection'
[2024-08-20T04:48:07.719+0000] {sql.py:509} INFO - Running statement: 
    INSERT INTO books (title, authors, price, rating)
    VALUES (%s, %s, %s, %s)
    , parameters: ("Data Quality Fundamentals: A Practitioner's Guide to Building Trustworthy Data Pipelines", 'Paperback', '45.', '4.1 out of 5 stars')
[2024-08-20T04:48:07.725+0000] {sql.py:518} INFO - Rows affected: 1
[2024-08-20T04:48:07.772+0000] {base.py:84} INFO - Retrieving connection 'books_connection'
[2024-08-20T04:48:07.794+0000] {sql.py:509} INFO - Running statement: 
    INSERT INTO books (title, authors, price, rating)
    VALUES (%s, %s, %s, %s)
    , parameters: ('Storytelling with Data: A Data Visualization Guide for Business Professionals', 'Cole Nussbaumer Knaflic', '27.', '4.6 out of 5 stars')
[2024-08-20T04:48:07.796+0000] {sql.py:518} INFO - Rows affected: 1
[2024-08-20T04:48:07.816+0000] {base.py:84} INFO - Retrieving connection 'books_connection'
[2024-08-20T04:48:07.831+0000] {sql.py:509} INFO - Running statement: 
    INSERT INTO books (title, authors, price, rating)
    VALUES (%s, %s, %s, %s)
    , parameters: ('97 Things Every Data Engineer Should Know: Collective Wisdom from the Experts', 'Audible Audiobook', '0.', '4.1 out of 5 stars')
[2024-08-20T04:48:07.833+0000] {sql.py:518} INFO - Rows affected: 1
[2024-08-20T04:48:07.859+0000] {base.py:84} INFO - Retrieving connection 'books_connection'
[2024-08-20T04:48:07.869+0000] {sql.py:509} INFO - Running statement: 
    INSERT INTO books (title, authors, price, rating)
    VALUES (%s, %s, %s, %s)
    , parameters: ('Data Engineering with Google Cloud Platform: A practical guide to operationalizing scalable data analytics systems on GCP', 'Adi Wijaya', '41.', '4.7 out of 5 stars')
[2024-08-20T04:48:07.875+0000] {sql.py:518} INFO - Rows affected: 1
[2024-08-20T04:48:07.900+0000] {base.py:84} INFO - Retrieving connection 'books_connection'
[2024-08-20T04:48:07.931+0000] {sql.py:509} INFO - Running statement: 
    INSERT INTO books (title, authors, price, rating)
    VALUES (%s, %s, %s, %s)
    , parameters: ('Fundamentals of Data Analytics: Learn Essential Skills, Embrace the Future, and Catapult Your Career in the Data-Driven World—A Comprehensive Guide to Data Literacy for Beginners', 'Russell Dawson', '16.', '4.8 out of 5 stars')
[2024-08-20T04:48:07.942+0000] {sql.py:518} INFO - Rows affected: 1
[2024-08-20T04:48:07.978+0000] {base.py:84} INFO - Retrieving connection 'books_connection'
[2024-08-20T04:48:07.996+0000] {sql.py:509} INFO - Running statement: 
    INSERT INTO books (title, authors, price, rating)
    VALUES (%s, %s, %s, %s)
    , parameters: ('Prompt Engineering for Generative AI: Future-Proof Inputs for Reliable AI Outputs', 'James Phoenix', '57.', '4.4 out of 5 stars')
[2024-08-20T04:48:08.001+0000] {sql.py:518} INFO - Rows affected: 1
[2024-08-20T04:48:08.041+0000] {base.py:84} INFO - Retrieving connection 'books_connection'
[2024-08-20T04:48:08.049+0000] {sql.py:509} INFO - Running statement: 
    INSERT INTO books (title, authors, price, rating)
    VALUES (%s, %s, %s, %s)
    , parameters: ('Analytics Engineering with SQL and dbt: Building Meaningful Data Models at Scale', 'Rui Pedro Machado', '41.', '3.8 out of 5 stars')
[2024-08-20T04:48:08.051+0000] {sql.py:518} INFO - Rows affected: 1
[2024-08-20T04:48:08.069+0000] {base.py:84} INFO - Retrieving connection 'books_connection'
[2024-08-20T04:48:08.089+0000] {sql.py:509} INFO - Running statement: 
    INSERT INTO books (title, authors, price, rating)
    VALUES (%s, %s, %s, %s)
    , parameters: ('Data Observability for Data Engineering: Proactive strategies for ensuring data accuracy and addressing broken data pipelines', 'Michele Pinto', '18.', '3.7 out of 5 stars')
[2024-08-20T04:48:08.093+0000] {sql.py:518} INFO - Rows affected: 1
[2024-08-20T04:48:08.118+0000] {base.py:84} INFO - Retrieving connection 'books_connection'
[2024-08-20T04:48:08.125+0000] {sql.py:509} INFO - Running statement: 
    INSERT INTO books (title, authors, price, rating)
    VALUES (%s, %s, %s, %s)
    , parameters: ('Azure Data Engineering Cookbook - Second Edition: Get well versed in various data engineering techniques in Azure using this recipe-based guide', 'Nagaraj Venkatesan', '51.', '3.5 out of 5 stars')
[2024-08-20T04:48:08.127+0000] {sql.py:518} INFO - Rows affected: 1
[2024-08-20T04:48:08.145+0000] {base.py:84} INFO - Retrieving connection 'books_connection'
[2024-08-20T04:48:08.155+0000] {sql.py:509} INFO - Running statement: 
    INSERT INTO books (title, authors, price, rating)
    VALUES (%s, %s, %s, %s)
    , parameters: ('The Data Warehouse Toolkit: The Definitive Guide to Dimensional Modeling', 'Paperback', '47.', '4.7 out of 5 stars')
[2024-08-20T04:48:08.162+0000] {sql.py:518} INFO - Rows affected: 1
[2024-08-20T04:48:08.186+0000] {base.py:84} INFO - Retrieving connection 'books_connection'
[2024-08-20T04:48:08.197+0000] {sql.py:509} INFO - Running statement: 
    INSERT INTO books (title, authors, price, rating)
    VALUES (%s, %s, %s, %s)
    , parameters: ('Python Programming and SQL: 5 books in 1 - The #1 Coding Course from Beginner to Advanced. Learn it Well & Fast (2024) (Computer Programming)', 'Paperback', '32.', '4.3 out of 5 stars')
[2024-08-20T04:48:08.203+0000] {sql.py:518} INFO - Rows affected: 1
[2024-08-20T04:48:08.225+0000] {base.py:84} INFO - Retrieving connection 'books_connection'
[2024-08-20T04:48:08.244+0000] {sql.py:509} INFO - Running statement: 
    INSERT INTO books (title, authors, price, rating)
    VALUES (%s, %s, %s, %s)
    , parameters: ('Official Google Cloud Certified Professional Data Engineer Study Guide', 'Dan Sullivan', '33.', '4.5 out of 5 stars')
[2024-08-20T04:48:08.247+0000] {sql.py:518} INFO - Rows affected: 1
[2024-08-20T04:48:08.275+0000] {base.py:84} INFO - Retrieving connection 'books_connection'
[2024-08-20T04:48:08.290+0000] {sql.py:509} INFO - Running statement: 
    INSERT INTO books (title, authors, price, rating)
    VALUES (%s, %s, %s, %s)
    , parameters: ("Azure Data Factory Cookbook - Second Edition: A data engineer's guide to building and managing ETL and ELT pipelines with data integration", 'Dmitry Foshin', '51.', '4.4 out of 5 stars')
[2024-08-20T04:48:08.294+0000] {sql.py:518} INFO - Rows affected: 1
[2024-08-20T04:48:08.322+0000] {base.py:84} INFO - Retrieving connection 'books_connection'
[2024-08-20T04:48:08.336+0000] {sql.py:509} INFO - Running statement: 
    INSERT INTO books (title, authors, price, rating)
    VALUES (%s, %s, %s, %s)
    , parameters: ('Azure Data Engineer Associate Certification Guide: A hands-on reference guide to developing your data engineering skills and preparing for the DP-203 exam', 'Newton Alex', '54.', '3.9 out of 5 stars')
[2024-08-20T04:48:08.342+0000] {sql.py:518} INFO - Rows affected: 1
[2024-08-20T04:48:08.356+0000] {base.py:84} INFO - Retrieving connection 'books_connection'
[2024-08-20T04:48:08.364+0000] {sql.py:509} INFO - Running statement: 
    INSERT INTO books (title, authors, price, rating)
    VALUES (%s, %s, %s, %s)
    , parameters: ('Data Engineering with Scala and Spark: A practical guide helping you build streaming and batch pipelines that process massive amounts of data using Scala', 'Eric Tome', '36.', '4.3 out of 5 stars')
[2024-08-20T04:48:08.367+0000] {sql.py:518} INFO - Rows affected: 1
[2024-08-20T04:48:08.391+0000] {base.py:84} INFO - Retrieving connection 'books_connection'
[2024-08-20T04:48:08.406+0000] {sql.py:509} INFO - Running statement: 
    INSERT INTO books (title, authors, price, rating)
    VALUES (%s, %s, %s, %s)
    , parameters: ('Learning Spark: Lightning-Fast Data Analytics', 'Jules S. Damji', '43.', '4.7 out of 5 stars')
[2024-08-20T04:48:08.410+0000] {sql.py:518} INFO - Rows affected: 1
[2024-08-20T04:48:08.423+0000] {base.py:84} INFO - Retrieving connection 'books_connection'
[2024-08-20T04:48:08.432+0000] {sql.py:509} INFO - Running statement: 
    INSERT INTO books (title, authors, price, rating)
    VALUES (%s, %s, %s, %s)
    , parameters: ('Data Engineering and Data Science for Babies: Activity Workbook Part 1', 'Paperback', '9.', '4.1 out of 5 stars')
[2024-08-20T04:48:08.434+0000] {sql.py:518} INFO - Rows affected: 1
[2024-08-20T04:48:08.448+0000] {base.py:84} INFO - Retrieving connection 'books_connection'
[2024-08-20T04:48:08.454+0000] {sql.py:509} INFO - Running statement: 
    INSERT INTO books (title, authors, price, rating)
    VALUES (%s, %s, %s, %s)
    , parameters: ('Electrical engineering without prior knowledge: Understand the basics within 7 days (Become an Engineer Without Prior Knowledge)', 'Paperback', '17.', '4.4 out of 5 stars')
[2024-08-20T04:48:08.459+0000] {sql.py:518} INFO - Rows affected: 1
[2024-08-20T04:48:08.472+0000] {base.py:84} INFO - Retrieving connection 'books_connection'
[2024-08-20T04:48:08.482+0000] {sql.py:509} INFO - Running statement: 
    INSERT INTO books (title, authors, price, rating)
    VALUES (%s, %s, %s, %s)
    , parameters: ("SQL QuickStart Guide: The Simplified Beginner's Guide to Managing, Analyzing, and Manipulating Data With SQL (Coding & Programming - QuickStart Guides)", 'Paperback', '23.', '4.6 out of 5 stars')
[2024-08-20T04:48:08.484+0000] {sql.py:518} INFO - Rows affected: 1
[2024-08-20T04:48:08.498+0000] {base.py:84} INFO - Retrieving connection 'books_connection'
[2024-08-20T04:48:08.512+0000] {sql.py:509} INFO - Running statement: 
    INSERT INTO books (title, authors, price, rating)
    VALUES (%s, %s, %s, %s)
    , parameters: ('Concepts of Generative AI and Data Engineering: Vital Concepts in Data Engineering and the World of Generative AI', 'Kindle', '29.', '5.0 out of 5 stars')
[2024-08-20T04:48:08.519+0000] {sql.py:518} INFO - Rows affected: 1
[2024-08-20T04:48:08.544+0000] {base.py:84} INFO - Retrieving connection 'books_connection'
[2024-08-20T04:48:08.551+0000] {sql.py:509} INFO - Running statement: 
    INSERT INTO books (title, authors, price, rating)
    VALUES (%s, %s, %s, %s)
    , parameters: ('Data Analytics, Data Visualization & Communicating Data: 3 books in 1: Learn the Processes of Data Analytics and Data Science, Create Engaging Data Visualizations, and Present Data Effectively', 'Audible Audiobook', '0.', '4.5 out of 5 stars')
[2024-08-20T04:48:08.553+0000] {sql.py:518} INFO - Rows affected: 1
[2024-08-20T04:48:08.584+0000] {base.py:84} INFO - Retrieving connection 'books_connection'
[2024-08-20T04:48:08.609+0000] {sql.py:509} INFO - Running statement: 
    INSERT INTO books (title, authors, price, rating)
    VALUES (%s, %s, %s, %s)
    , parameters: ('Systems Engineering Demystified - Second Edition: Apply modern, model-based systems engineering techniques to build complex systems', 'Jon Holt', '45.', '4.7 out of 5 stars')
[2024-08-20T04:48:08.612+0000] {sql.py:518} INFO - Rows affected: 1
[2024-08-20T04:48:08.648+0000] {base.py:84} INFO - Retrieving connection 'books_connection'
[2024-08-20T04:48:08.671+0000] {sql.py:509} INFO - Running statement: 
    INSERT INTO books (title, authors, price, rating)
    VALUES (%s, %s, %s, %s)
    , parameters: ('Machine Learning Engineering with Python - Second Edition: Manage the lifecycle of machine learning models using MLOps with practical examples', 'Andrew McMahon', '32.', '4.7 out of 5 stars')
[2024-08-20T04:48:08.684+0000] {sql.py:518} INFO - Rows affected: 1
[2024-08-20T04:48:08.761+0000] {base.py:84} INFO - Retrieving connection 'books_connection'
[2024-08-20T04:48:08.789+0000] {sql.py:509} INFO - Running statement: 
    INSERT INTO books (title, authors, price, rating)
    VALUES (%s, %s, %s, %s)
    , parameters: ('Python Feature Engineering Cookbook: Over 70 recipes for creating, engineering, and transforming features to build machine learning models, 2nd Edition', 'Soledad Galli', '44.', '4.4 out of 5 stars')
[2024-08-20T04:48:08.797+0000] {sql.py:518} INFO - Rows affected: 1
[2024-08-20T04:48:08.833+0000] {base.py:84} INFO - Retrieving connection 'books_connection'
[2024-08-20T04:48:08.851+0000] {sql.py:509} INFO - Running statement: 
    INSERT INTO books (title, authors, price, rating)
    VALUES (%s, %s, %s, %s)
    , parameters: ('Fundamentals of Data Engineering: Efficiency, Insight, Impact: Transforming Data into Value through Expert Engineering Practices', 'Joseph Achakji', '0.', '4.6 out of 5 stars')
[2024-08-20T04:48:08.871+0000] {sql.py:518} INFO - Rows affected: 1
[2024-08-20T04:48:08.907+0000] {base.py:84} INFO - Retrieving connection 'books_connection'
[2024-08-20T04:48:08.929+0000] {sql.py:509} INFO - Running statement: 
    INSERT INTO books (title, authors, price, rating)
    VALUES (%s, %s, %s, %s)
    , parameters: ("Ultimate Data Engineering with Databricks: Develop Scalable Data Pipelines Using Data Engineering's Core Tenets Such as Delta Tables, Ingestion, ... Security, and Scalability (English Edition)", 'Mayank Malhotra', '37.', '3.8 out of 5 stars')
[2024-08-20T04:48:08.932+0000] {sql.py:518} INFO - Rows affected: 1
[2024-08-20T04:48:08.964+0000] {base.py:84} INFO - Retrieving connection 'books_connection'
[2024-08-20T04:48:08.975+0000] {sql.py:509} INFO - Running statement: 
    INSERT INTO books (title, authors, price, rating)
    VALUES (%s, %s, %s, %s)
    , parameters: ("Data: Principles To Practice - Volume 1 'Foundations': Essential Foundations: Key Concepts behind Data Architecture, Engineering and Analysis for Professionals", 'Alex Holloway', '0.', '4.7 out of 5 stars')
[2024-08-20T04:48:08.977+0000] {sql.py:518} INFO - Rows affected: 1
[2024-08-20T04:48:08.997+0000] {base.py:84} INFO - Retrieving connection 'books_connection'
[2024-08-20T04:48:09.032+0000] {sql.py:509} INFO - Running statement: 
    INSERT INTO books (title, authors, price, rating)
    VALUES (%s, %s, %s, %s)
    , parameters: ('Database Internals: A Deep Dive into How Distributed Data Systems Work', 'Alex Petrov', '36.', '4.6 out of 5 stars')
[2024-08-20T04:48:09.056+0000] {sql.py:518} INFO - Rows affected: 1
[2024-08-20T04:48:09.095+0000] {base.py:84} INFO - Retrieving connection 'books_connection'
[2024-08-20T04:48:09.108+0000] {sql.py:509} INFO - Running statement: 
    INSERT INTO books (title, authors, price, rating)
    VALUES (%s, %s, %s, %s)
    , parameters: ('Data Science (The MIT Press Essential Knowledge series)', 'Paperback', '10.', '4.4 out of 5 stars')
[2024-08-20T04:48:09.110+0000] {sql.py:518} INFO - Rows affected: 1
[2024-08-20T04:48:09.146+0000] {base.py:84} INFO - Retrieving connection 'books_connection'
[2024-08-20T04:48:09.164+0000] {sql.py:509} INFO - Running statement: 
    INSERT INTO books (title, authors, price, rating)
    VALUES (%s, %s, %s, %s)
    , parameters: ("Applied Machine Learning and AI for Engineers: Solve Business Problems That Can't Be Solved Algorithmically", 'Jeff Prosise', '55.', '4.5 out of 5 stars')
[2024-08-20T04:48:09.180+0000] {sql.py:518} INFO - Rows affected: 1
[2024-08-20T04:48:09.274+0000] {base.py:84} INFO - Retrieving connection 'books_connection'
[2024-08-20T04:48:09.298+0000] {sql.py:509} INFO - Running statement: 
    INSERT INTO books (title, authors, price, rating)
    VALUES (%s, %s, %s, %s)
    , parameters: ('How Data Happened: A History from the Age of Reason to the Age of Algorithms', 'Chris Wiggins', '16.', '4.2 out of 5 stars')
[2024-08-20T04:48:09.306+0000] {sql.py:518} INFO - Rows affected: 1
[2024-08-20T04:48:09.333+0000] {base.py:84} INFO - Retrieving connection 'books_connection'
[2024-08-20T04:48:09.353+0000] {sql.py:509} INFO - Running statement: 
    INSERT INTO books (title, authors, price, rating)
    VALUES (%s, %s, %s, %s)
    , parameters: ('Better Data Visualizations: A Guide for Scholars, Researchers, and Wonks', 'Jonathan Schwabish', '26.', '4.5 out of 5 stars')
[2024-08-20T04:48:09.356+0000] {sql.py:518} INFO - Rows affected: 1
[2024-08-20T04:48:09.383+0000] {base.py:84} INFO - Retrieving connection 'books_connection'
[2024-08-20T04:48:09.396+0000] {sql.py:509} INFO - Running statement: 
    INSERT INTO books (title, authors, price, rating)
    VALUES (%s, %s, %s, %s)
    , parameters: ("System Design Interview – An insider's guide", 'Alex Xu', '37.', '4.6 out of 5 stars')
[2024-08-20T04:48:09.400+0000] {sql.py:518} INFO - Rows affected: 1
[2024-08-20T04:48:09.444+0000] {base.py:84} INFO - Retrieving connection 'books_connection'
[2024-08-20T04:48:09.457+0000] {sql.py:509} INFO - Running statement: 
    INSERT INTO books (title, authors, price, rating)
    VALUES (%s, %s, %s, %s)
    , parameters: ('Fundamentals of Data Visualization: A Primer on Making Informative and Compelling Figures', 'Claus Wilke', '49.', '4.6 out of 5 stars')
[2024-08-20T04:48:09.460+0000] {sql.py:518} INFO - Rows affected: 1
[2024-08-20T04:48:09.484+0000] {base.py:84} INFO - Retrieving connection 'books_connection'
[2024-08-20T04:48:09.494+0000] {sql.py:509} INFO - Running statement: 
    INSERT INTO books (title, authors, price, rating)
    VALUES (%s, %s, %s, %s)
    , parameters: ('Mastering the Data Paradox: Key to Winning in the AI Age', 'Nitin Seth', '18.', '4.8 out of 5 stars')
[2024-08-20T04:48:09.496+0000] {sql.py:518} INFO - Rows affected: 1
[2024-08-20T04:48:09.513+0000] {base.py:84} INFO - Retrieving connection 'books_connection'
[2024-08-20T04:48:09.520+0000] {sql.py:509} INFO - Running statement: 
    INSERT INTO books (title, authors, price, rating)
    VALUES (%s, %s, %s, %s)
    , parameters: ('A Common-Sense Guide to Data Structures and Algorithms, Second Edition: Level Up Your Core Programming Skills', 'Jay Wengrow', '39.', '4.7 out of 5 stars')
[2024-08-20T04:48:09.524+0000] {sql.py:518} INFO - Rows affected: 1
[2024-08-20T04:48:09.544+0000] {base.py:84} INFO - Retrieving connection 'books_connection'
[2024-08-20T04:48:09.591+0000] {sql.py:509} INFO - Running statement: 
    INSERT INTO books (title, authors, price, rating)
    VALUES (%s, %s, %s, %s)
    , parameters: ('Data Quality Engineering in Financial Services: Applying Manufacturing Techniques to Data', 'Brian Buzzelli', '30.', '4.4 out of 5 stars')
[2024-08-20T04:48:09.611+0000] {sql.py:518} INFO - Rows affected: 1
[2024-08-20T04:48:09.657+0000] {base.py:84} INFO - Retrieving connection 'books_connection'
[2024-08-20T04:48:09.666+0000] {sql.py:509} INFO - Running statement: 
    INSERT INTO books (title, authors, price, rating)
    VALUES (%s, %s, %s, %s)
    , parameters: ('Data Science on AWS: Implementing End-to-End, Continuous AI and Machine Learning Pipelines', 'Chris Fregly', '11.', '4.5 out of 5 stars')
[2024-08-20T04:48:09.669+0000] {sql.py:518} INFO - Rows affected: 1
[2024-08-20T04:48:09.697+0000] {base.py:84} INFO - Retrieving connection 'books_connection'
[2024-08-20T04:48:09.703+0000] {sql.py:509} INFO - Running statement: 
    INSERT INTO books (title, authors, price, rating)
    VALUES (%s, %s, %s, %s)
    , parameters: ('The Data Governance Guidebook and Playbook: By a Practitioner for Practitioners', 'Paperback', '25.', '4.3 out of 5 stars')
[2024-08-20T04:48:09.705+0000] {sql.py:518} INFO - Rows affected: 1
[2024-08-20T04:48:09.724+0000] {base.py:84} INFO - Retrieving connection 'books_connection'
[2024-08-20T04:48:09.732+0000] {sql.py:509} INFO - Running statement: 
    INSERT INTO books (title, authors, price, rating)
    VALUES (%s, %s, %s, %s)
    , parameters: ('Feature Engineering for Machine Learning: Principles and Techniques for Data Scientists', 'Alice Zheng', '41.', '4.4 out of 5 stars')
[2024-08-20T04:48:09.736+0000] {sql.py:518} INFO - Rows affected: 1
[2024-08-20T04:48:09.752+0000] {base.py:84} INFO - Retrieving connection 'books_connection'
[2024-08-20T04:48:09.763+0000] {sql.py:509} INFO - Running statement: 
    INSERT INTO books (title, authors, price, rating)
    VALUES (%s, %s, %s, %s)
    , parameters: ('SQL Data Analytics Made Easy: Your Step-by-Step Guide to Unlocking Data’s Hidden Secrets: Demystify complex concepts, and harness the power of data to drive intelligent decision-making effortlessly.', 'L.D. Knowings', '14.', '4.1 out of 5 stars')
[2024-08-20T04:48:09.765+0000] {sql.py:518} INFO - Rows affected: 1
[2024-08-20T04:48:09.793+0000] {base.py:84} INFO - Retrieving connection 'books_connection'
[2024-08-20T04:48:09.803+0000] {sql.py:509} INFO - Running statement: 
    INSERT INTO books (title, authors, price, rating)
    VALUES (%s, %s, %s, %s)
    , parameters: ('Engineers Survival Guide: Advice, tactics, and tricks After a decade of working at Facebook, Snapchat, and Microsoft', 'Merih Taze', '29.', '4.4 out of 5 stars')
[2024-08-20T04:48:09.813+0000] {sql.py:518} INFO - Rows affected: 1
[2024-08-20T04:48:09.868+0000] {base.py:84} INFO - Retrieving connection 'books_connection'
[2024-08-20T04:48:09.879+0000] {sql.py:509} INFO - Running statement: 
    INSERT INTO books (title, authors, price, rating)
    VALUES (%s, %s, %s, %s)
    , parameters: ('AWS Certified Data Analytics Study Guide: Specialty (DAS-C01) Exam', 'Asif Abbasi', '31.', '4.6 out of 5 stars')
[2024-08-20T04:48:09.886+0000] {sql.py:518} INFO - Rows affected: 1
[2024-08-20T04:48:09.949+0000] {base.py:84} INFO - Retrieving connection 'books_connection'
[2024-08-20T04:48:09.968+0000] {sql.py:509} INFO - Running statement: 
    INSERT INTO books (title, authors, price, rating)
    VALUES (%s, %s, %s, %s)
    , parameters: ('Modeling and Simulation in Python: An Introduction for Scientists and Engineers', 'Allen B. Downey', '32.', '4.5 out of 5 stars')
[2024-08-20T04:48:09.983+0000] {sql.py:518} INFO - Rows affected: 1
[2024-08-20T04:48:10.037+0000] {base.py:84} INFO - Retrieving connection 'books_connection'
[2024-08-20T04:48:10.058+0000] {sql.py:509} INFO - Running statement: 
    INSERT INTO books (title, authors, price, rating)
    VALUES (%s, %s, %s, %s)
    , parameters: ('Data Science: The Hard Parts: Techniques for Excelling at Data Science', 'Daniel Vaughan', '48.', '5.0 out of 5 stars')
[2024-08-20T04:48:10.061+0000] {sql.py:518} INFO - Rows affected: 1
[2024-08-20T04:48:10.091+0000] {base.py:84} INFO - Retrieving connection 'books_connection'
[2024-08-20T04:48:10.100+0000] {sql.py:509} INFO - Running statement: 
    INSERT INTO books (title, authors, price, rating)
    VALUES (%s, %s, %s, %s)
    , parameters: ('Ultimate Azure Data Engineering: Build Robust Data Engineering Systems on Azure with SQL, ETL, Data Modeling, and Power BI for Business Insights and Crack Azure Certifications (English Edition)', 'Ashish Agarwal', '39.', '5.0 out of 5 stars')
[2024-08-20T04:48:10.102+0000] {sql.py:518} INFO - Rows affected: 1
[2024-08-20T04:48:10.151+0000] {base.py:84} INFO - Retrieving connection 'books_connection'
[2024-08-20T04:48:10.166+0000] {sql.py:509} INFO - Running statement: 
    INSERT INTO books (title, authors, price, rating)
    VALUES (%s, %s, %s, %s)
    , parameters: ('50 Algorithms Every Programmer Should Know - Second Edition: An unbeatable arsenal of algorithmic solutions for real-world problems', 'Imran Ahmad', '37.', '4.4 out of 5 stars')
[2024-08-20T04:48:10.208+0000] {sql.py:518} INFO - Rows affected: 1
[2024-08-20T04:48:10.305+0000] {base.py:84} INFO - Retrieving connection 'books_connection'
[2024-08-20T04:48:10.329+0000] {sql.py:509} INFO - Running statement: 
    INSERT INTO books (title, authors, price, rating)
    VALUES (%s, %s, %s, %s)
    , parameters: ('Architecting Data and Machine Learning Platforms: Enable Analytics and AI-Driven Innovation in the Cloud', 'Marco Tranquillin', '37.', '4.3 out of 5 stars')
[2024-08-20T04:48:10.345+0000] {sql.py:518} INFO - Rows affected: 1
[2024-08-20T04:48:10.376+0000] {base.py:84} INFO - Retrieving connection 'books_connection'
[2024-08-20T04:48:10.395+0000] {sql.py:509} INFO - Running statement: 
    INSERT INTO books (title, authors, price, rating)
    VALUES (%s, %s, %s, %s)
    , parameters: ('Data Management at Scale: Modern Data Architecture with Data Mesh and Data Fabric', 'Piethein Strengholt', '47.', '4.5 out of 5 stars')
[2024-08-20T04:48:10.401+0000] {sql.py:518} INFO - Rows affected: 1
[2024-08-20T04:48:10.427+0000] {base.py:84} INFO - Retrieving connection 'books_connection'
[2024-08-20T04:48:10.482+0000] {sql.py:509} INFO - Running statement: 
    INSERT INTO books (title, authors, price, rating)
    VALUES (%s, %s, %s, %s)
    , parameters: ('Hypothesis Testing: An Intuitive Guide for Making Data Driven Decisions', 'Jim Frost', '23.', '4.5 out of 5 stars')
[2024-08-20T04:48:10.492+0000] {sql.py:518} INFO - Rows affected: 1
[2024-08-20T04:48:10.582+0000] {base.py:84} INFO - Retrieving connection 'books_connection'
[2024-08-20T04:48:10.690+0000] {sql.py:509} INFO - Running statement: 
    INSERT INTO books (title, authors, price, rating)
    VALUES (%s, %s, %s, %s)
    , parameters: ('Data-Centric Machine Learning with Python: The ultimate guide to engineering and deploying high-quality models based on good data', 'Jonas Christensen', '49.', '4.6 out of 5 stars')
[2024-08-20T04:48:10.706+0000] {sql.py:518} INFO - Rows affected: 1
[2024-08-20T04:48:10.770+0000] {base.py:84} INFO - Retrieving connection 'books_connection'
[2024-08-20T04:48:10.822+0000] {sql.py:509} INFO - Running statement: 
    INSERT INTO books (title, authors, price, rating)
    VALUES (%s, %s, %s, %s)
    , parameters: ('The Art of Doing Science and Engineering: Learning to Learn', 'Richard W. Hamming', '19.', '4.6 out of 5 stars')
[2024-08-20T04:48:10.855+0000] {sql.py:518} INFO - Rows affected: 1
[2024-08-20T04:48:10.929+0000] {base.py:84} INFO - Retrieving connection 'books_connection'
[2024-08-20T04:48:10.943+0000] {sql.py:509} INFO - Running statement: 
    INSERT INTO books (title, authors, price, rating)
    VALUES (%s, %s, %s, %s)
    , parameters: ('Designing Cloud Data Platforms', 'Audible Audiobook', '0.', '4.7 out of 5 stars')
[2024-08-20T04:48:10.967+0000] {sql.py:518} INFO - Rows affected: 1
[2024-08-20T04:48:11.022+0000] {base.py:84} INFO - Retrieving connection 'books_connection'
[2024-08-20T04:48:11.041+0000] {sql.py:509} INFO - Running statement: 
    INSERT INTO books (title, authors, price, rating)
    VALUES (%s, %s, %s, %s)
    , parameters: ('Practical Fraud Prevention: Fraud and AML Analytics for Fintech and eCommerce, Using SQL and Python', 'Gilit Saporta', '47.', '4.4 out of 5 stars')
[2024-08-20T04:48:11.046+0000] {sql.py:518} INFO - Rows affected: 1
[2024-08-20T04:48:11.130+0000] {base.py:84} INFO - Retrieving connection 'books_connection'
[2024-08-20T04:48:11.146+0000] {sql.py:509} INFO - Running statement: 
    INSERT INTO books (title, authors, price, rating)
    VALUES (%s, %s, %s, %s)
    , parameters: ('Understanding Cryptography: A Textbook for Students and Practitioners', 'Christof Paar', '29.', '4.6 out of 5 stars')
[2024-08-20T04:48:11.147+0000] {sql.py:518} INFO - Rows affected: 1
[2024-08-20T04:48:11.194+0000] {base.py:84} INFO - Retrieving connection 'books_connection'
[2024-08-20T04:48:11.211+0000] {sql.py:509} INFO - Running statement: 
    INSERT INTO books (title, authors, price, rating)
    VALUES (%s, %s, %s, %s)
    , parameters: ('Observability Engineering: Achieving Production Excellence', 'Charity Majors', '34.', '4.3 out of 5 stars')
[2024-08-20T04:48:11.214+0000] {sql.py:518} INFO - Rows affected: 1
[2024-08-20T04:48:11.234+0000] {base.py:84} INFO - Retrieving connection 'books_connection'
[2024-08-20T04:48:11.251+0000] {sql.py:509} INFO - Running statement: 
    INSERT INTO books (title, authors, price, rating)
    VALUES (%s, %s, %s, %s)
    , parameters: ('Building ETL Pipelines with Python: Create and deploy enterprise-ready ETL pipelines by employing modern methods', 'Brij Kishore Pandey', '17.', '4.2 out of 5 stars')
[2024-08-20T04:48:11.261+0000] {sql.py:518} INFO - Rows affected: 1
[2024-08-20T04:48:11.292+0000] {base.py:84} INFO - Retrieving connection 'books_connection'
[2024-08-20T04:48:11.315+0000] {sql.py:509} INFO - Running statement: 
    INSERT INTO books (title, authors, price, rating)
    VALUES (%s, %s, %s, %s)
    , parameters: ('Practical Reverse Engineering: x86, x64, ARM, Windows Kernel, Reversing Tools, and Obfuscation', 'Bruce Dang', '34.', '4.6 out of 5 stars')
[2024-08-20T04:48:11.339+0000] {sql.py:518} INFO - Rows affected: 1
[2024-08-20T04:48:11.395+0000] {base.py:84} INFO - Retrieving connection 'books_connection'
[2024-08-20T04:48:11.406+0000] {sql.py:509} INFO - Running statement: 
    INSERT INTO books (title, authors, price, rating)
    VALUES (%s, %s, %s, %s)
    , parameters: ("Storytelling with Data: Let's Practice!", 'Cole Nussbaumer Knaflic', '28.', '4.7 out of 5 stars')
[2024-08-20T04:48:11.411+0000] {sql.py:518} INFO - Rows affected: 1
[2024-08-20T04:48:11.439+0000] {base.py:84} INFO - Retrieving connection 'books_connection'
[2024-08-20T04:48:11.447+0000] {sql.py:509} INFO - Running statement: 
    INSERT INTO books (title, authors, price, rating)
    VALUES (%s, %s, %s, %s)
    , parameters: ('Mastering Databricks Lakehouse Platform: Perform Data Warehousing, Data Engineering, Machine Learning, DevOps, and BI into a Single Platform (English Edition)', 'Sagar Lad', '26.', '3.6 out of 5 stars')
[2024-08-20T04:48:11.452+0000] {sql.py:518} INFO - Rows affected: 1
[2024-08-20T04:48:11.482+0000] {base.py:84} INFO - Retrieving connection 'books_connection'
[2024-08-20T04:48:11.499+0000] {sql.py:509} INFO - Running statement: 
    INSERT INTO books (title, authors, price, rating)
    VALUES (%s, %s, %s, %s)
    , parameters: ('The Data Model Resource Book, Vol. 2: A Library of Data Models for Specific Industries', 'Len Silverston', '68.', '4.1 out of 5 stars')
[2024-08-20T04:48:11.508+0000] {sql.py:518} INFO - Rows affected: 1
[2024-08-20T04:48:11.572+0000] {base.py:84} INFO - Retrieving connection 'books_connection'
[2024-08-20T04:48:11.589+0000] {sql.py:509} INFO - Running statement: 
    INSERT INTO books (title, authors, price, rating)
    VALUES (%s, %s, %s, %s)
    , parameters: ('Learning Tableau 2022 - Fifth Edition: Create effective data visualizations, build interactive visual analytics, and improve your data storytelling capabilities', 'Joshua N Milligan', '57.', '4.5 out of 5 stars')
[2024-08-20T04:48:11.596+0000] {sql.py:518} INFO - Rows affected: 1
[2024-08-20T04:48:11.642+0000] {base.py:84} INFO - Retrieving connection 'books_connection'
[2024-08-20T04:48:11.660+0000] {sql.py:509} INFO - Running statement: 
    INSERT INTO books (title, authors, price, rating)
    VALUES (%s, %s, %s, %s)
    , parameters: ('The Data Model Resource Book, Vol. 1: A Library of Universal Data Models for All Enterprises', 'Len Silverston', '63.', '4.3 out of 5 stars')
[2024-08-20T04:48:11.671+0000] {sql.py:518} INFO - Rows affected: 1
[2024-08-20T04:48:11.696+0000] {base.py:84} INFO - Retrieving connection 'books_connection'
[2024-08-20T04:48:11.702+0000] {sql.py:509} INFO - Running statement: 
    INSERT INTO books (title, authors, price, rating)
    VALUES (%s, %s, %s, %s)
    , parameters: ('Data Grab: The New Colonialism of Big Tech and How to Fight Back', 'Ulises A. Mejias', '21.', '5.0 out of 5 stars')
[2024-08-20T04:48:11.709+0000] {sql.py:518} INFO - Rows affected: 1
[2024-08-20T04:48:11.740+0000] {base.py:84} INFO - Retrieving connection 'books_connection'
[2024-08-20T04:48:11.753+0000] {sql.py:509} INFO - Running statement: 
    INSERT INTO books (title, authors, price, rating)
    VALUES (%s, %s, %s, %s)
    , parameters: ('Simplifying Data Engineering and Analytics with Delta: Create analytics-ready data that fuels artificial intelligence and business intelligence', 'Anindita Mahapatra', '28.', '4.3 out of 5 stars')
[2024-08-20T04:48:11.762+0000] {sql.py:518} INFO - Rows affected: 1
[2024-08-20T04:48:11.794+0000] {base.py:84} INFO - Retrieving connection 'books_connection'
[2024-08-20T04:48:11.814+0000] {sql.py:509} INFO - Running statement: 
    INSERT INTO books (title, authors, price, rating)
    VALUES (%s, %s, %s, %s)
    , parameters: ('Data Juice: 101 Stories of How Organizations Are Squeezing Value from Available Data Assets', 'Douglas B. Laney', '27.', '4.1 out of 5 stars')
[2024-08-20T04:48:11.831+0000] {sql.py:518} INFO - Rows affected: 1
[2024-08-20T04:48:11.872+0000] {base.py:84} INFO - Retrieving connection 'books_connection'
[2024-08-20T04:48:11.914+0000] {sql.py:509} INFO - Running statement: 
    INSERT INTO books (title, authors, price, rating)
    VALUES (%s, %s, %s, %s)
    , parameters: ('Master in 30 Days: AWS Certified Data Engineer Associate Exam', 'Bryant Pollard II', '0.', '5.0 out of 5 stars')
[2024-08-20T04:48:11.922+0000] {sql.py:518} INFO - Rows affected: 1
[2024-08-20T04:48:11.979+0000] {base.py:84} INFO - Retrieving connection 'books_connection'
[2024-08-20T04:48:12.020+0000] {sql.py:509} INFO - Running statement: 
    INSERT INTO books (title, authors, price, rating)
    VALUES (%s, %s, %s, %s)
    , parameters: ('The Definitive Guide to Azure Data Engineering: Modern ELT, DevOps, and Analytics on the Azure Cloud Platform', "Ron C. L'Esteve", '36.', '3.8 out of 5 stars')
[2024-08-20T04:48:12.023+0000] {sql.py:518} INFO - Rows affected: 1
[2024-08-20T04:48:12.045+0000] {base.py:84} INFO - Retrieving connection 'books_connection'
[2024-08-20T04:48:12.068+0000] {sql.py:509} INFO - Running statement: 
    INSERT INTO books (title, authors, price, rating)
    VALUES (%s, %s, %s, %s)
    , parameters: ('Practical Data Quality: Learn practical, real-world strategies to transform the quality of data in your organization', 'Robert Hawker', '17.', '4.8 out of 5 stars')
[2024-08-20T04:48:12.075+0000] {sql.py:518} INFO - Rows affected: 1
[2024-08-20T04:48:12.099+0000] {python.py:240} INFO - Done. Returned value was: None
[2024-08-20T04:48:12.159+0000] {taskinstance.py:340} INFO - ::group::Post task execution logs
[2024-08-20T04:48:12.160+0000] {taskinstance.py:352} INFO - Marking task as SUCCESS. dag_id=fetch_and_store_DE_books, task_id=insert_book_data, run_id=scheduled__2024-07-02T00:00:00+00:00, execution_date=20240702T000000, start_date=20240820T044804, end_date=20240820T044812
[2024-08-20T04:48:12.195+0000] {logging_mixin.py:190} INFO - Task instance in success state
[2024-08-20T04:48:12.199+0000] {logging_mixin.py:190} INFO -  Previous state of the Task instance: running
[2024-08-20T04:48:12.200+0000] {logging_mixin.py:190} INFO - Dag name:fetch_and_store_DE_books queued_at:2024-08-20 04:41:45.561398+00:00
[2024-08-20T04:48:12.201+0000] {logging_mixin.py:190} INFO - Task hostname:668944ed7238 operator:PythonOperator
[2024-08-20T04:48:12.252+0000] {local_task_job_runner.py:261} INFO - Task exited with return code 0
[2024-08-20T04:48:12.311+0000] {taskinstance.py:3891} INFO - 0 downstream tasks scheduled from follow-on schedule check
[2024-08-20T04:48:12.329+0000] {local_task_job_runner.py:240} INFO - ::endgroup::
