[2024-08-20T04:45:21.347+0000] {local_task_job_runner.py:123} INFO - ::group::Pre task execution logs
[2024-08-20T04:45:21.365+0000] {taskinstance.py:2603} INFO - Dependencies all met for dep_context=non-requeueable deps ti=<TaskInstance: fetch_and_store_DE_books.insert_book_data scheduled__2024-07-26T00:00:00+00:00 [queued]>
[2024-08-20T04:45:21.375+0000] {taskinstance.py:2603} INFO - Dependencies all met for dep_context=requeueable deps ti=<TaskInstance: fetch_and_store_DE_books.insert_book_data scheduled__2024-07-26T00:00:00+00:00 [queued]>
[2024-08-20T04:45:21.376+0000] {taskinstance.py:2856} INFO - Starting attempt 1 of 2
[2024-08-20T04:45:21.392+0000] {taskinstance.py:2879} INFO - Executing <Task(PythonOperator): insert_book_data> on 2024-07-26 00:00:00+00:00
[2024-08-20T04:45:21.404+0000] {warnings.py:112} WARNING - /home/***/.local/lib/python3.12/site-packages/***/task/task_runner/standard_task_runner.py:70: DeprecationWarning: This process (pid=1078) is multi-threaded, use of fork() may lead to deadlocks in the child.
  pid = os.fork()

[2024-08-20T04:45:21.406+0000] {standard_task_runner.py:72} INFO - Started process 1084 to run task
[2024-08-20T04:45:21.406+0000] {standard_task_runner.py:104} INFO - Running: ['***', 'tasks', 'run', 'fetch_and_store_DE_books', 'insert_book_data', 'scheduled__2024-07-26T00:00:00+00:00', '--job-id', '84', '--raw', '--subdir', 'DAGS_FOLDER/app.py', '--cfg-path', '/tmp/tmpytw_toxv']
[2024-08-20T04:45:21.408+0000] {standard_task_runner.py:105} INFO - Job 84: Subtask insert_book_data
[2024-08-20T04:45:21.489+0000] {task_command.py:467} INFO - Running <TaskInstance: fetch_and_store_DE_books.insert_book_data scheduled__2024-07-26T00:00:00+00:00 [running]> on host 668944ed7238
[2024-08-20T04:45:21.654+0000] {taskinstance.py:3122} INFO - Exporting env vars: AIRFLOW_CTX_DAG_OWNER='***' AIRFLOW_CTX_DAG_ID='fetch_and_store_DE_books' AIRFLOW_CTX_TASK_ID='insert_book_data' AIRFLOW_CTX_EXECUTION_DATE='2024-07-26T00:00:00+00:00' AIRFLOW_CTX_TRY_NUMBER='1' AIRFLOW_CTX_DAG_RUN_ID='scheduled__2024-07-26T00:00:00+00:00'
[2024-08-20T04:45:21.658+0000] {logging_mixin.py:190} INFO - Task instance is in running state
[2024-08-20T04:45:21.659+0000] {logging_mixin.py:190} INFO -  Previous state of the Task instance: queued
[2024-08-20T04:45:21.659+0000] {logging_mixin.py:190} INFO - Current task name:insert_book_data state:running start_date:2024-08-20 04:45:21.366161+00:00
[2024-08-20T04:45:21.660+0000] {logging_mixin.py:190} INFO - Dag name:fetch_and_store_DE_books and current dag run status:running
[2024-08-20T04:45:21.660+0000] {taskinstance.py:731} INFO - ::endgroup::
[2024-08-20T04:45:21.694+0000] {base.py:84} INFO - Retrieving connection 'books_connection'
[2024-08-20T04:45:21.699+0000] {sql.py:509} INFO - Running statement: 
    INSERT INTO books (title, authors, price, rating)
    VALUES (%s, %s, %s, %s)
    , parameters: ('Ace the Data Engineering Interview: Questions and Answers for Python, SQL, Data Modeling and More', 'Sean Coyne', '24.', '4.1 out of 5 stars')
[2024-08-20T04:45:21.701+0000] {sql.py:518} INFO - Rows affected: 1
[2024-08-20T04:45:21.714+0000] {base.py:84} INFO - Retrieving connection 'books_connection'
[2024-08-20T04:45:21.719+0000] {sql.py:509} INFO - Running statement: 
    INSERT INTO books (title, authors, price, rating)
    VALUES (%s, %s, %s, %s)
    , parameters: ('Data Engineering with AWS - Second Edition: Acquire the skills to design and build AWS-based data transformation pipelines like a pro', 'Gareth Eagar', '41.', '4.4 out of 5 stars')
[2024-08-20T04:45:21.721+0000] {sql.py:518} INFO - Rows affected: 1
[2024-08-20T04:45:21.731+0000] {base.py:84} INFO - Retrieving connection 'books_connection'
[2024-08-20T04:45:21.738+0000] {sql.py:509} INFO - Running statement: 
    INSERT INTO books (title, authors, price, rating)
    VALUES (%s, %s, %s, %s)
    , parameters: ('Azure Data Engineer Associate Certification Guide: Ace the DP-203 exam with advanced data engineering skills', 'Giacinto Palmieri', '39.', '4.5 out of 5 stars')
[2024-08-20T04:45:21.740+0000] {sql.py:518} INFO - Rows affected: 1
[2024-08-20T04:45:21.751+0000] {base.py:84} INFO - Retrieving connection 'books_connection'
[2024-08-20T04:45:21.762+0000] {sql.py:509} INFO - Running statement: 
    INSERT INTO books (title, authors, price, rating)
    VALUES (%s, %s, %s, %s)
    , parameters: ('Data Engineering 101', 'Paperback', '22.', '5.0 out of 5 stars')
[2024-08-20T04:45:21.764+0000] {sql.py:518} INFO - Rows affected: 1
[2024-08-20T04:45:21.794+0000] {base.py:84} INFO - Retrieving connection 'books_connection'
[2024-08-20T04:45:21.802+0000] {sql.py:509} INFO - Running statement: 
    INSERT INTO books (title, authors, price, rating)
    VALUES (%s, %s, %s, %s)
    , parameters: ('Fundamentals of Data Engineering: Plan and Build Robust Data Systems', 'Joe Reis', '38.', '4.7 out of 5 stars')
[2024-08-20T04:45:21.805+0000] {sql.py:518} INFO - Rows affected: 1
[2024-08-20T04:45:21.825+0000] {base.py:84} INFO - Retrieving connection 'books_connection'
[2024-08-20T04:45:21.839+0000] {sql.py:509} INFO - Running statement: 
    INSERT INTO books (title, authors, price, rating)
    VALUES (%s, %s, %s, %s)
    , parameters: ('Data Pipelines Pocket Reference: Moving and Processing Data for Analytics', 'James Densmore', '17.', '4.5 out of 5 stars')
[2024-08-20T04:45:21.842+0000] {sql.py:518} INFO - Rows affected: 1
[2024-08-20T04:45:21.860+0000] {base.py:84} INFO - Retrieving connection 'books_connection'
[2024-08-20T04:45:21.865+0000] {sql.py:509} INFO - Running statement: 
    INSERT INTO books (title, authors, price, rating)
    VALUES (%s, %s, %s, %s)
    , parameters: ('Designing Data-Intensive Applications: The Big Ideas Behind Reliable, Scalable, and Maintainable Systems', 'Martin Kleppmann', '35.', '4.8 out of 5 stars')
[2024-08-20T04:45:21.867+0000] {sql.py:518} INFO - Rows affected: 1
[2024-08-20T04:45:21.888+0000] {base.py:84} INFO - Retrieving connection 'books_connection'
[2024-08-20T04:45:21.895+0000] {sql.py:509} INFO - Running statement: 
    INSERT INTO books (title, authors, price, rating)
    VALUES (%s, %s, %s, %s)
    , parameters: ('Data Engineering with Python: Work with massive datasets to design data models and automate data pipelines using Python', 'Paul Crickard', '37.', '4.1 out of 5 stars')
[2024-08-20T04:45:21.899+0000] {sql.py:518} INFO - Rows affected: 1
[2024-08-20T04:45:21.923+0000] {base.py:84} INFO - Retrieving connection 'books_connection'
[2024-08-20T04:45:21.928+0000] {sql.py:509} INFO - Running statement: 
    INSERT INTO books (title, authors, price, rating)
    VALUES (%s, %s, %s, %s)
    , parameters: ('Data Engineering with Python cookbook: Learn to build efficient data pipelines using the Modern Cloud Data Stack', 'Adithyan Ramanujakootam', '29.', '5.0 out of 5 stars')
[2024-08-20T04:45:21.932+0000] {sql.py:518} INFO - Rows affected: 1
[2024-08-20T04:45:21.957+0000] {base.py:84} INFO - Retrieving connection 'books_connection'
[2024-08-20T04:45:21.963+0000] {sql.py:509} INFO - Running statement: 
    INSERT INTO books (title, authors, price, rating)
    VALUES (%s, %s, %s, %s)
    , parameters: ('Data Engineering with AWS: Learn how to design and build cloud-based data transformation pipelines using AWS', 'Gareth Eagar', '49.', '4.4 out of 5 stars')
[2024-08-20T04:45:21.972+0000] {sql.py:518} INFO - Rows affected: 1
[2024-08-20T04:45:21.996+0000] {base.py:84} INFO - Retrieving connection 'books_connection'
[2024-08-20T04:45:22.003+0000] {sql.py:509} INFO - Running statement: 
    INSERT INTO books (title, authors, price, rating)
    VALUES (%s, %s, %s, %s)
    , parameters: ('Cracking the Data Engineering Interview: Land your dream job with the help of resume-building tips, over 100 mock questions, and a unique portfolio', 'Kedeisha Bryan', '26.', '4.4 out of 5 stars')
[2024-08-20T04:45:22.006+0000] {sql.py:518} INFO - Rows affected: 1
[2024-08-20T04:45:22.020+0000] {base.py:84} INFO - Retrieving connection 'books_connection'
[2024-08-20T04:45:22.026+0000] {sql.py:509} INFO - Running statement: 
    INSERT INTO books (title, authors, price, rating)
    VALUES (%s, %s, %s, %s)
    , parameters: ('Software Engineering for Data Scientists: From Notebooks to Scalable Systems', 'Catherine Nelson', '52.', '4.5 out of 5 stars')
[2024-08-20T04:45:22.029+0000] {sql.py:518} INFO - Rows affected: 1
[2024-08-20T04:45:22.041+0000] {base.py:84} INFO - Retrieving connection 'books_connection'
[2024-08-20T04:45:22.048+0000] {sql.py:509} INFO - Running statement: 
    INSERT INTO books (title, authors, price, rating)
    VALUES (%s, %s, %s, %s)
    , parameters: ('Data Engineering with Google Cloud Platform: A guide to leveling up as a data engineer by building a scalable data platform with Google Cloud', 'Adi Wijaya', '41.', '5.0 out of 5 stars')
[2024-08-20T04:45:22.051+0000] {sql.py:518} INFO - Rows affected: 1
[2024-08-20T04:45:22.066+0000] {base.py:84} INFO - Retrieving connection 'books_connection'
[2024-08-20T04:45:22.072+0000] {sql.py:509} INFO - Running statement: 
    INSERT INTO books (title, authors, price, rating)
    VALUES (%s, %s, %s, %s)
    , parameters: ('Data Engineering with Alteryx: Helping data engineers apply DataOps practices with Alteryx', 'Paul Houghton', '44.', '4.3 out of 5 stars')
[2024-08-20T04:45:22.074+0000] {sql.py:518} INFO - Rows affected: 1
[2024-08-20T04:45:22.084+0000] {base.py:84} INFO - Retrieving connection 'books_connection'
[2024-08-20T04:45:22.090+0000] {sql.py:509} INFO - Running statement: 
    INSERT INTO books (title, authors, price, rating)
    VALUES (%s, %s, %s, %s)
    , parameters: ('Python Data Engineering Resources: Boost Your Career With This Python Handbook; Prepare For Python Interview; Python Programming Cookbook For Beginners and Experienced; Python Data Analysis and More', 'Vajo Lukic', '9.', '4.8 out of 5 stars')
[2024-08-20T04:45:22.092+0000] {sql.py:518} INFO - Rows affected: 1
[2024-08-20T04:45:22.102+0000] {base.py:84} INFO - Retrieving connection 'books_connection'
[2024-08-20T04:45:22.106+0000] {sql.py:509} INFO - Running statement: 
    INSERT INTO books (title, authors, price, rating)
    VALUES (%s, %s, %s, %s)
    , parameters: ("Data: Principles To Practice - Volume 1 'Foundations': Essential Foundations: Key Concepts behind Data Architecture, Engineering and Analysis for Professionals", 'Mr Alex Holloway', '11.', '4.7 out of 5 stars')
[2024-08-20T04:45:22.108+0000] {sql.py:518} INFO - Rows affected: 1
[2024-08-20T04:45:22.117+0000] {base.py:84} INFO - Retrieving connection 'books_connection'
[2024-08-20T04:45:22.122+0000] {sql.py:509} INFO - Running statement: 
    INSERT INTO books (title, authors, price, rating)
    VALUES (%s, %s, %s, %s)
    , parameters: ('Mastering Large Datasets with Python: Parallelize and Distribute Your Python Code', 'John T. Wolohan', '49.', '3.9 out of 5 stars')
[2024-08-20T04:45:22.123+0000] {sql.py:518} INFO - Rows affected: 1
[2024-08-20T04:45:22.133+0000] {base.py:84} INFO - Retrieving connection 'books_connection'
[2024-08-20T04:45:22.138+0000] {sql.py:509} INFO - Running statement: 
    INSERT INTO books (title, authors, price, rating)
    VALUES (%s, %s, %s, %s)
    , parameters: ('Data Engineering with Databricks Cookbook: Build effective data and AI solutions using Apache Spark, Databricks, and Delta Lake', 'Pulkit Chadha', '42.', '4.2 out of 5 stars')
[2024-08-20T04:45:22.140+0000] {sql.py:518} INFO - Rows affected: 1
[2024-08-20T04:45:22.149+0000] {base.py:84} INFO - Retrieving connection 'books_connection'
[2024-08-20T04:45:22.154+0000] {sql.py:509} INFO - Running statement: 
    INSERT INTO books (title, authors, price, rating)
    VALUES (%s, %s, %s, %s)
    , parameters: ('Data Engineering with dbt: A practical guide to building a cloud-based, pragmatic, and dependable data platform with SQL', 'Roberto Zagni', '37.', '4.6 out of 5 stars')
[2024-08-20T04:45:22.156+0000] {sql.py:518} INFO - Rows affected: 1
[2024-08-20T04:45:22.165+0000] {base.py:84} INFO - Retrieving connection 'books_connection'
[2024-08-20T04:45:22.170+0000] {sql.py:509} INFO - Running statement: 
    INSERT INTO books (title, authors, price, rating)
    VALUES (%s, %s, %s, %s)
    , parameters: ('Data-Driven Science and Engineering: Machine Learning, Dynamical Systems, and Control', 'Steven L. Brunton', '64.', '4.7 out of 5 stars')
[2024-08-20T04:45:22.171+0000] {sql.py:518} INFO - Rows affected: 1
[2024-08-20T04:45:22.181+0000] {base.py:84} INFO - Retrieving connection 'books_connection'
[2024-08-20T04:45:22.186+0000] {sql.py:509} INFO - Running statement: 
    INSERT INTO books (title, authors, price, rating)
    VALUES (%s, %s, %s, %s)
    , parameters: ('Build a Career in Data Science', 'Emily Robinson', '35.', '4.6 out of 5 stars')
[2024-08-20T04:45:22.188+0000] {sql.py:518} INFO - Rows affected: 1
[2024-08-20T04:45:22.199+0000] {base.py:84} INFO - Retrieving connection 'books_connection'
[2024-08-20T04:45:22.204+0000] {sql.py:509} INFO - Running statement: 
    INSERT INTO books (title, authors, price, rating)
    VALUES (%s, %s, %s, %s)
    , parameters: ("Ultimate Data Engineering with Databricks: Develop Scalable Data Pipelines Using Data Engineering's Core Tenets Such as Delta Tables, Ingestion, ... Security, and Scalability (English Edition)", 'Mayank Malhotra', '37.', '3.8 out of 5 stars')
[2024-08-20T04:45:22.207+0000] {sql.py:518} INFO - Rows affected: 1
[2024-08-20T04:45:22.218+0000] {base.py:84} INFO - Retrieving connection 'books_connection'
[2024-08-20T04:45:22.223+0000] {sql.py:509} INFO - Running statement: 
    INSERT INTO books (title, authors, price, rating)
    VALUES (%s, %s, %s, %s)
    , parameters: ('DATA ENGINEERING AND AI FOR BEGINNERS: Revolutionizing Data Processing and Analytics by Leveraging Artificial Intelligence for Efficient Input Collection, Storage, and Transformation (World of AI)', 'Paperback', '13.', '4.4 out of 5 stars')
[2024-08-20T04:45:22.225+0000] {sql.py:518} INFO - Rows affected: 1
[2024-08-20T04:45:22.235+0000] {base.py:84} INFO - Retrieving connection 'books_connection'
[2024-08-20T04:45:22.240+0000] {sql.py:509} INFO - Running statement: 
    INSERT INTO books (title, authors, price, rating)
    VALUES (%s, %s, %s, %s)
    , parameters: ('Data Engineering with Apache Spark, Delta Lake, and Lakehouse: Create scalable pipelines that ingest, curate, and aggregate complex data in a timely and secure way', 'Manoj Kukreja', '29.', '3.9 out of 5 stars')
[2024-08-20T04:45:22.242+0000] {sql.py:518} INFO - Rows affected: 1
[2024-08-20T04:45:22.253+0000] {base.py:84} INFO - Retrieving connection 'books_connection'
[2024-08-20T04:45:22.259+0000] {sql.py:509} INFO - Running statement: 
    INSERT INTO books (title, authors, price, rating)
    VALUES (%s, %s, %s, %s)
    , parameters: ('Data Mesh: Delivering Data-Driven Value at Scale', 'Zhamak Dehghani', '43.', '4.5 out of 5 stars')
[2024-08-20T04:45:22.261+0000] {sql.py:518} INFO - Rows affected: 1
[2024-08-20T04:45:22.271+0000] {base.py:84} INFO - Retrieving connection 'books_connection'
[2024-08-20T04:45:22.276+0000] {sql.py:509} INFO - Running statement: 
    INSERT INTO books (title, authors, price, rating)
    VALUES (%s, %s, %s, %s)
    , parameters: ('Machine Learning Engineering', 'Andriy Burkov', '39.', '4.7 out of 5 stars')
[2024-08-20T04:45:22.278+0000] {sql.py:518} INFO - Rows affected: 1
[2024-08-20T04:45:22.289+0000] {base.py:84} INFO - Retrieving connection 'books_connection'
[2024-08-20T04:45:22.294+0000] {sql.py:509} INFO - Running statement: 
    INSERT INTO books (title, authors, price, rating)
    VALUES (%s, %s, %s, %s)
    , parameters: ('The Enterprise Data Catalog: Improve Data Discovery, Ensure Data Governance, and Enable Innovation', 'Ole Olesen-Bagneux', '31.', '4.5 out of 5 stars')
[2024-08-20T04:45:22.296+0000] {sql.py:518} INFO - Rows affected: 1
[2024-08-20T04:45:22.307+0000] {base.py:84} INFO - Retrieving connection 'books_connection'
[2024-08-20T04:45:22.312+0000] {sql.py:509} INFO - Running statement: 
    INSERT INTO books (title, authors, price, rating)
    VALUES (%s, %s, %s, %s)
    , parameters: ('Data Engineering with Databricks', 'Paperback', '25.', '3.4 out of 5 stars')
[2024-08-20T04:45:22.315+0000] {sql.py:518} INFO - Rows affected: 1
[2024-08-20T04:45:22.326+0000] {base.py:84} INFO - Retrieving connection 'books_connection'
[2024-08-20T04:45:22.332+0000] {sql.py:509} INFO - Running statement: 
    INSERT INTO books (title, authors, price, rating)
    VALUES (%s, %s, %s, %s)
    , parameters: ('Ace the Data Science Interview: 201 Real Interview Questions Asked By FAANG, Tech Startups, & Wall Street', 'Nick Singh', '42.', '4.5 out of 5 stars')
[2024-08-20T04:45:22.334+0000] {sql.py:518} INFO - Rows affected: 1
[2024-08-20T04:45:22.346+0000] {base.py:84} INFO - Retrieving connection 'books_connection'
[2024-08-20T04:45:22.351+0000] {sql.py:509} INFO - Running statement: 
    INSERT INTO books (title, authors, price, rating)
    VALUES (%s, %s, %s, %s)
    , parameters: ('Modern Data Engineering with Apache Spark: A Hands-On Guide for Building Mission-Critical Streaming Applications', 'Scott Haines', '30.', '4.1 out of 5 stars')
[2024-08-20T04:45:22.353+0000] {sql.py:518} INFO - Rows affected: 1
[2024-08-20T04:45:22.363+0000] {base.py:84} INFO - Retrieving connection 'books_connection'
[2024-08-20T04:45:22.368+0000] {sql.py:509} INFO - Running statement: 
    INSERT INTO books (title, authors, price, rating)
    VALUES (%s, %s, %s, %s)
    , parameters: ('Data Modeling with Snowflake: A practical guide to accelerating Snowflake development using universal data modeling techniques', 'Serge Gershkovich', '36.', '4.8 out of 5 stars')
[2024-08-20T04:45:22.370+0000] {sql.py:518} INFO - Rows affected: 1
[2024-08-20T04:45:22.381+0000] {base.py:84} INFO - Retrieving connection 'books_connection'
[2024-08-20T04:45:22.385+0000] {sql.py:509} INFO - Running statement: 
    INSERT INTO books (title, authors, price, rating)
    VALUES (%s, %s, %s, %s)
    , parameters: ('Storytelling with Data: A Data Visualization Guide for Business Professionals', 'Cole Nussbaumer Knaflic', '27.', '4.6 out of 5 stars')
[2024-08-20T04:45:22.388+0000] {sql.py:518} INFO - Rows affected: 1
[2024-08-20T04:45:22.397+0000] {base.py:84} INFO - Retrieving connection 'books_connection'
[2024-08-20T04:45:22.402+0000] {sql.py:509} INFO - Running statement: 
    INSERT INTO books (title, authors, price, rating)
    VALUES (%s, %s, %s, %s)
    , parameters: ('97 Things Every Data Engineer Should Know: Collective Wisdom from the Experts', 'Audible Audiobook', '0.', '4.1 out of 5 stars')
[2024-08-20T04:45:22.404+0000] {sql.py:518} INFO - Rows affected: 1
[2024-08-20T04:45:22.415+0000] {base.py:84} INFO - Retrieving connection 'books_connection'
[2024-08-20T04:45:22.420+0000] {sql.py:509} INFO - Running statement: 
    INSERT INTO books (title, authors, price, rating)
    VALUES (%s, %s, %s, %s)
    , parameters: ("Data Quality Fundamentals: A Practitioner's Guide to Building Trustworthy Data Pipelines", 'Paperback', '45.', '4.1 out of 5 stars')
[2024-08-20T04:45:22.422+0000] {sql.py:518} INFO - Rows affected: 1
[2024-08-20T04:45:22.432+0000] {base.py:84} INFO - Retrieving connection 'books_connection'
[2024-08-20T04:45:22.439+0000] {sql.py:509} INFO - Running statement: 
    INSERT INTO books (title, authors, price, rating)
    VALUES (%s, %s, %s, %s)
    , parameters: ('Data Engineering with Google Cloud Platform: A practical guide to operationalizing scalable data analytics systems on GCP', 'Adi Wijaya', '41.', '4.7 out of 5 stars')
[2024-08-20T04:45:22.443+0000] {sql.py:518} INFO - Rows affected: 1
[2024-08-20T04:45:22.462+0000] {base.py:84} INFO - Retrieving connection 'books_connection'
[2024-08-20T04:45:22.470+0000] {sql.py:509} INFO - Running statement: 
    INSERT INTO books (title, authors, price, rating)
    VALUES (%s, %s, %s, %s)
    , parameters: ('Fundamentals of Data Analytics: Learn Essential Skills, Embrace the Future, and Catapult Your Career in the Data-Driven World—A Comprehensive Guide to Data Literacy for Beginners', 'Russell Dawson', '16.', '4.8 out of 5 stars')
[2024-08-20T04:45:22.473+0000] {sql.py:518} INFO - Rows affected: 1
[2024-08-20T04:45:22.489+0000] {base.py:84} INFO - Retrieving connection 'books_connection'
[2024-08-20T04:45:22.495+0000] {sql.py:509} INFO - Running statement: 
    INSERT INTO books (title, authors, price, rating)
    VALUES (%s, %s, %s, %s)
    , parameters: ('Prompt Engineering for Generative AI: Future-Proof Inputs for Reliable AI Outputs', 'James Phoenix', '57.', '4.4 out of 5 stars')
[2024-08-20T04:45:22.497+0000] {sql.py:518} INFO - Rows affected: 1
[2024-08-20T04:45:22.509+0000] {base.py:84} INFO - Retrieving connection 'books_connection'
[2024-08-20T04:45:22.515+0000] {sql.py:509} INFO - Running statement: 
    INSERT INTO books (title, authors, price, rating)
    VALUES (%s, %s, %s, %s)
    , parameters: ('Analytics Engineering with SQL and dbt: Building Meaningful Data Models at Scale', 'Rui Pedro Machado', '41.', '3.8 out of 5 stars')
[2024-08-20T04:45:22.517+0000] {sql.py:518} INFO - Rows affected: 1
[2024-08-20T04:45:22.530+0000] {base.py:84} INFO - Retrieving connection 'books_connection'
[2024-08-20T04:45:22.535+0000] {sql.py:509} INFO - Running statement: 
    INSERT INTO books (title, authors, price, rating)
    VALUES (%s, %s, %s, %s)
    , parameters: ('Python Programming and SQL: 5 books in 1 - The #1 Coding Course from Beginner to Advanced. Learn it Well & Fast (2024) (Computer Programming)', 'Paperback', '32.', '4.3 out of 5 stars')
[2024-08-20T04:45:22.538+0000] {sql.py:518} INFO - Rows affected: 1
[2024-08-20T04:45:22.552+0000] {base.py:84} INFO - Retrieving connection 'books_connection'
[2024-08-20T04:45:22.558+0000] {sql.py:509} INFO - Running statement: 
    INSERT INTO books (title, authors, price, rating)
    VALUES (%s, %s, %s, %s)
    , parameters: ("Azure Data Factory Cookbook - Second Edition: A data engineer's guide to building and managing ETL and ELT pipelines with data integration", 'Dmitry Foshin', '51.', '4.4 out of 5 stars')
[2024-08-20T04:45:22.561+0000] {sql.py:518} INFO - Rows affected: 1
[2024-08-20T04:45:22.573+0000] {base.py:84} INFO - Retrieving connection 'books_connection'
[2024-08-20T04:45:22.580+0000] {sql.py:509} INFO - Running statement: 
    INSERT INTO books (title, authors, price, rating)
    VALUES (%s, %s, %s, %s)
    , parameters: ('Data Observability for Data Engineering: Proactive strategies for ensuring data accuracy and addressing broken data pipelines', 'Michele Pinto', '18.', '3.7 out of 5 stars')
[2024-08-20T04:45:22.585+0000] {sql.py:518} INFO - Rows affected: 1
[2024-08-20T04:45:22.595+0000] {base.py:84} INFO - Retrieving connection 'books_connection'
[2024-08-20T04:45:22.599+0000] {sql.py:509} INFO - Running statement: 
    INSERT INTO books (title, authors, price, rating)
    VALUES (%s, %s, %s, %s)
    , parameters: ('The Data Warehouse Toolkit: The Definitive Guide to Dimensional Modeling', 'Paperback', '47.', '4.7 out of 5 stars')
[2024-08-20T04:45:22.601+0000] {sql.py:518} INFO - Rows affected: 1
[2024-08-20T04:45:22.611+0000] {base.py:84} INFO - Retrieving connection 'books_connection'
[2024-08-20T04:45:22.615+0000] {sql.py:509} INFO - Running statement: 
    INSERT INTO books (title, authors, price, rating)
    VALUES (%s, %s, %s, %s)
    , parameters: ('Official Google Cloud Certified Professional Data Engineer Study Guide', 'Dan Sullivan', '33.', '4.5 out of 5 stars')
[2024-08-20T04:45:22.617+0000] {sql.py:518} INFO - Rows affected: 1
[2024-08-20T04:45:22.628+0000] {base.py:84} INFO - Retrieving connection 'books_connection'
[2024-08-20T04:45:22.632+0000] {sql.py:509} INFO - Running statement: 
    INSERT INTO books (title, authors, price, rating)
    VALUES (%s, %s, %s, %s)
    , parameters: ('Concepts of Generative AI and Data Engineering: Vital Concepts in Data Engineering and the World of Generative AI', 'Kindle', '29.', '5.0 out of 5 stars')
[2024-08-20T04:45:22.633+0000] {sql.py:518} INFO - Rows affected: 1
[2024-08-20T04:45:22.642+0000] {base.py:84} INFO - Retrieving connection 'books_connection'
[2024-08-20T04:45:22.647+0000] {sql.py:509} INFO - Running statement: 
    INSERT INTO books (title, authors, price, rating)
    VALUES (%s, %s, %s, %s)
    , parameters: ('Data Privacy: A runbook for engineers', 'Nishant Bhajaria', '32.', '4.8 out of 5 stars')
[2024-08-20T04:45:22.649+0000] {sql.py:518} INFO - Rows affected: 1
[2024-08-20T04:45:22.659+0000] {base.py:84} INFO - Retrieving connection 'books_connection'
[2024-08-20T04:45:22.663+0000] {sql.py:509} INFO - Running statement: 
    INSERT INTO books (title, authors, price, rating)
    VALUES (%s, %s, %s, %s)
    , parameters: ('Data Engineering and Data Science for Babies: Activity Workbook Part 1', 'Paperback', '9.', '4.1 out of 5 stars')
[2024-08-20T04:45:22.665+0000] {sql.py:518} INFO - Rows affected: 1
[2024-08-20T04:45:22.674+0000] {base.py:84} INFO - Retrieving connection 'books_connection'
[2024-08-20T04:45:22.680+0000] {sql.py:509} INFO - Running statement: 
    INSERT INTO books (title, authors, price, rating)
    VALUES (%s, %s, %s, %s)
    , parameters: ('Data Analytics, Data Visualization & Communicating Data: 3 books in 1: Learn the Processes of Data Analytics and Data Science, Create Engaging Data Visualizations, and Present Data Effectively', 'Audible Audiobook', '0.', '4.5 out of 5 stars')
[2024-08-20T04:45:22.682+0000] {sql.py:518} INFO - Rows affected: 1
[2024-08-20T04:45:22.693+0000] {base.py:84} INFO - Retrieving connection 'books_connection'
[2024-08-20T04:45:22.698+0000] {sql.py:509} INFO - Running statement: 
    INSERT INTO books (title, authors, price, rating)
    VALUES (%s, %s, %s, %s)
    , parameters: ('Learning Spark: Lightning-Fast Data Analytics', 'Jules S. Damji', '43.', '4.7 out of 5 stars')
[2024-08-20T04:45:22.701+0000] {sql.py:518} INFO - Rows affected: 1
[2024-08-20T04:45:22.712+0000] {base.py:84} INFO - Retrieving connection 'books_connection'
[2024-08-20T04:45:22.717+0000] {sql.py:509} INFO - Running statement: 
    INSERT INTO books (title, authors, price, rating)
    VALUES (%s, %s, %s, %s)
    , parameters: ('Fundamentals of Data Engineering: Efficiency, Insight, Impact: Transforming Data into Value through Expert Engineering Practices', 'Joseph Achakji', '0.', '4.6 out of 5 stars')
[2024-08-20T04:45:22.719+0000] {sql.py:518} INFO - Rows affected: 1
[2024-08-20T04:45:22.730+0000] {base.py:84} INFO - Retrieving connection 'books_connection'
[2024-08-20T04:45:22.735+0000] {sql.py:509} INFO - Running statement: 
    INSERT INTO books (title, authors, price, rating)
    VALUES (%s, %s, %s, %s)
    , parameters: ('Data Stewardship: An Actionable Guide to Effective Data Management and Data Governance', 'Paperback', '46.', '4.7 out of 5 stars')
[2024-08-20T04:45:22.737+0000] {sql.py:518} INFO - Rows affected: 1
[2024-08-20T04:45:22.748+0000] {base.py:84} INFO - Retrieving connection 'books_connection'
[2024-08-20T04:45:22.753+0000] {sql.py:509} INFO - Running statement: 
    INSERT INTO books (title, authors, price, rating)
    VALUES (%s, %s, %s, %s)
    , parameters: ("SQL QuickStart Guide: The Simplified Beginner's Guide to Managing, Analyzing, and Manipulating Data With SQL (Coding & Programming - QuickStart Guides)", 'Paperback', '18.', '4.6 out of 5 stars')
[2024-08-20T04:45:22.756+0000] {sql.py:518} INFO - Rows affected: 1
[2024-08-20T04:45:22.766+0000] {base.py:84} INFO - Retrieving connection 'books_connection'
[2024-08-20T04:45:22.772+0000] {sql.py:509} INFO - Running statement: 
    INSERT INTO books (title, authors, price, rating)
    VALUES (%s, %s, %s, %s)
    , parameters: ('Database Internals: A Deep Dive into How Distributed Data Systems Work', 'Alex Petrov', '36.', '4.6 out of 5 stars')
[2024-08-20T04:45:22.774+0000] {sql.py:518} INFO - Rows affected: 1
[2024-08-20T04:45:22.786+0000] {base.py:84} INFO - Retrieving connection 'books_connection'
[2024-08-20T04:45:22.792+0000] {sql.py:509} INFO - Running statement: 
    INSERT INTO books (title, authors, price, rating)
    VALUES (%s, %s, %s, %s)
    , parameters: ('Electrical engineering without prior knowledge: Understand the basics within 7 days (Become an Engineer Without Prior Knowledge)', 'Paperback', '17.', '4.4 out of 5 stars')
[2024-08-20T04:45:22.794+0000] {sql.py:518} INFO - Rows affected: 1
[2024-08-20T04:45:22.804+0000] {base.py:84} INFO - Retrieving connection 'books_connection'
[2024-08-20T04:45:22.810+0000] {sql.py:509} INFO - Running statement: 
    INSERT INTO books (title, authors, price, rating)
    VALUES (%s, %s, %s, %s)
    , parameters: ('Systems Engineering Demystified - Second Edition: Apply modern, model-based systems engineering techniques to build complex systems', 'Jon Holt', '45.', '4.7 out of 5 stars')
[2024-08-20T04:45:22.812+0000] {sql.py:518} INFO - Rows affected: 1
[2024-08-20T04:45:22.823+0000] {base.py:84} INFO - Retrieving connection 'books_connection'
[2024-08-20T04:45:22.828+0000] {sql.py:509} INFO - Running statement: 
    INSERT INTO books (title, authors, price, rating)
    VALUES (%s, %s, %s, %s)
    , parameters: ('Salesforce CRM Administration Handbook: A comprehensive guide to administering, configuring, and customizing Salesforce CRM', 'Krzysztof Nowacki', '35.', '5.0 out of 5 stars')
[2024-08-20T04:45:22.830+0000] {sql.py:518} INFO - Rows affected: 1
[2024-08-20T04:45:22.842+0000] {base.py:84} INFO - Retrieving connection 'books_connection'
[2024-08-20T04:45:22.846+0000] {sql.py:509} INFO - Running statement: 
    INSERT INTO books (title, authors, price, rating)
    VALUES (%s, %s, %s, %s)
    , parameters: ('Better Data Visualizations: A Guide for Scholars, Researchers, and Wonks', 'Jonathan Schwabish', '26.', '4.5 out of 5 stars')
[2024-08-20T04:45:22.849+0000] {sql.py:518} INFO - Rows affected: 1
[2024-08-20T04:45:22.859+0000] {base.py:84} INFO - Retrieving connection 'books_connection'
[2024-08-20T04:45:22.865+0000] {sql.py:509} INFO - Running statement: 
    INSERT INTO books (title, authors, price, rating)
    VALUES (%s, %s, %s, %s)
    , parameters: ('Azure Data Engineering Cookbook - Second Edition: Get well versed in various data engineering techniques in Azure using this recipe-based guide', 'Nagaraj Venkatesan', '51.', '3.5 out of 5 stars')
[2024-08-20T04:45:22.867+0000] {sql.py:518} INFO - Rows affected: 1
[2024-08-20T04:45:22.879+0000] {base.py:84} INFO - Retrieving connection 'books_connection'
[2024-08-20T04:45:22.884+0000] {sql.py:509} INFO - Running statement: 
    INSERT INTO books (title, authors, price, rating)
    VALUES (%s, %s, %s, %s)
    , parameters: ('Restricted Data: The History of Nuclear Secrecy in the United States', 'Alex Wellerstein', '2.', '4.7 out of 5 stars')
[2024-08-20T04:45:22.886+0000] {sql.py:518} INFO - Rows affected: 1
[2024-08-20T04:45:22.897+0000] {base.py:84} INFO - Retrieving connection 'books_connection'
[2024-08-20T04:45:22.902+0000] {sql.py:509} INFO - Running statement: 
    INSERT INTO books (title, authors, price, rating)
    VALUES (%s, %s, %s, %s)
    , parameters: ('Mastering the Data Paradox: Key to Winning in the AI Age', 'Nitin Seth', '18.', '4.8 out of 5 stars')
[2024-08-20T04:45:22.904+0000] {sql.py:518} INFO - Rows affected: 1
[2024-08-20T04:45:22.913+0000] {base.py:84} INFO - Retrieving connection 'books_connection'
[2024-08-20T04:45:22.918+0000] {sql.py:509} INFO - Running statement: 
    INSERT INTO books (title, authors, price, rating)
    VALUES (%s, %s, %s, %s)
    , parameters: ('Data Engineering with Scala and Spark: A practical guide helping you build streaming and batch pipelines that process massive amounts of data using Scala', 'Eric Tome', '36.', '4.3 out of 5 stars')
[2024-08-20T04:45:22.931+0000] {sql.py:518} INFO - Rows affected: 1
[2024-08-20T04:45:22.947+0000] {base.py:84} INFO - Retrieving connection 'books_connection'
[2024-08-20T04:45:22.952+0000] {sql.py:509} INFO - Running statement: 
    INSERT INTO books (title, authors, price, rating)
    VALUES (%s, %s, %s, %s)
    , parameters: ('Data Wise in Action: Stories of Schools Using Data to Improve Teaching and Learning', 'Kathryn Parker Boudett', '30.', '4.5 out of 5 stars')
[2024-08-20T04:45:22.955+0000] {sql.py:518} INFO - Rows affected: 1
[2024-08-20T04:45:22.965+0000] {base.py:84} INFO - Retrieving connection 'books_connection'
[2024-08-20T04:45:22.971+0000] {sql.py:509} INFO - Running statement: 
    INSERT INTO books (title, authors, price, rating)
    VALUES (%s, %s, %s, %s)
    , parameters: ('Practical Reverse Engineering: x86, x64, ARM, Windows Kernel, Reversing Tools, and Obfuscation', 'Bruce Dang', '34.', '4.6 out of 5 stars')
[2024-08-20T04:45:22.973+0000] {sql.py:518} INFO - Rows affected: 1
[2024-08-20T04:45:22.984+0000] {base.py:84} INFO - Retrieving connection 'books_connection'
[2024-08-20T04:45:22.992+0000] {sql.py:509} INFO - Running statement: 
    INSERT INTO books (title, authors, price, rating)
    VALUES (%s, %s, %s, %s)
    , parameters: ('The Art of Doing Science and Engineering: Learning to Learn', 'Richard W. Hamming', '19.', '4.6 out of 5 stars')
[2024-08-20T04:45:22.995+0000] {sql.py:518} INFO - Rows affected: 1
[2024-08-20T04:45:23.010+0000] {base.py:84} INFO - Retrieving connection 'books_connection'
[2024-08-20T04:45:23.017+0000] {sql.py:509} INFO - Running statement: 
    INSERT INTO books (title, authors, price, rating)
    VALUES (%s, %s, %s, %s)
    , parameters: ('Machine Learning Engineering with Python - Second Edition: Manage the lifecycle of machine learning models using MLOps with practical examples', 'Andrew McMahon', '32.', '4.7 out of 5 stars')
[2024-08-20T04:45:23.022+0000] {sql.py:518} INFO - Rows affected: 1
[2024-08-20T04:45:23.037+0000] {base.py:84} INFO - Retrieving connection 'books_connection'
[2024-08-20T04:45:23.042+0000] {sql.py:509} INFO - Running statement: 
    INSERT INTO books (title, authors, price, rating)
    VALUES (%s, %s, %s, %s)
    , parameters: ('Data Juice: 101 Stories of How Organizations Are Squeezing Value from Available Data Assets', 'Douglas B. Laney', '27.', '4.1 out of 5 stars')
[2024-08-20T04:45:23.044+0000] {sql.py:518} INFO - Rows affected: 1
[2024-08-20T04:45:23.057+0000] {base.py:84} INFO - Retrieving connection 'books_connection'
[2024-08-20T04:45:23.062+0000] {sql.py:509} INFO - Running statement: 
    INSERT INTO books (title, authors, price, rating)
    VALUES (%s, %s, %s, %s)
    , parameters: ('Azure Data Engineer Associate Certification Guide: A hands-on reference guide to developing your data engineering skills and preparing for the DP-203 exam', 'Newton Alex', '54.', '3.9 out of 5 stars')
[2024-08-20T04:45:23.064+0000] {sql.py:518} INFO - Rows affected: 1
[2024-08-20T04:45:23.077+0000] {base.py:84} INFO - Retrieving connection 'books_connection'
[2024-08-20T04:45:23.083+0000] {sql.py:509} INFO - Running statement: 
    INSERT INTO books (title, authors, price, rating)
    VALUES (%s, %s, %s, %s)
    , parameters: ('Data Engineering Fundamentals for Beginners: Mastering the Art of Building, Managing, and Scaling Data Systems', 'Paperback', '14.', '5.0 out of 5 stars')
[2024-08-20T04:45:23.087+0000] {sql.py:518} INFO - Rows affected: 1
[2024-08-20T04:45:23.098+0000] {base.py:84} INFO - Retrieving connection 'books_connection'
[2024-08-20T04:45:23.103+0000] {sql.py:509} INFO - Running statement: 
    INSERT INTO books (title, authors, price, rating)
    VALUES (%s, %s, %s, %s)
    , parameters: ('Driving Data Quality with Data Contracts: A comprehensive guide to building reliable, trusted, and effective data platforms', 'Andrew Jones', '28.', '4.6 out of 5 stars')
[2024-08-20T04:45:23.105+0000] {sql.py:518} INFO - Rows affected: 1
[2024-08-20T04:45:23.118+0000] {base.py:84} INFO - Retrieving connection 'books_connection'
[2024-08-20T04:45:23.124+0000] {sql.py:509} INFO - Running statement: 
    INSERT INTO books (title, authors, price, rating)
    VALUES (%s, %s, %s, %s)
    , parameters: ('Modeling and Simulation in Python: An Introduction for Scientists and Engineers', 'Allen B. Downey', '32.', '4.5 out of 5 stars')
[2024-08-20T04:45:23.125+0000] {sql.py:518} INFO - Rows affected: 1
[2024-08-20T04:45:23.135+0000] {base.py:84} INFO - Retrieving connection 'books_connection'
[2024-08-20T04:45:23.140+0000] {sql.py:509} INFO - Running statement: 
    INSERT INTO books (title, authors, price, rating)
    VALUES (%s, %s, %s, %s)
    , parameters: ("System Design Interview – An insider's guide", 'Alex Xu', '37.', '4.6 out of 5 stars')
[2024-08-20T04:45:23.142+0000] {sql.py:518} INFO - Rows affected: 1
[2024-08-20T04:45:23.153+0000] {base.py:84} INFO - Retrieving connection 'books_connection'
[2024-08-20T04:45:23.158+0000] {sql.py:509} INFO - Running statement: 
    INSERT INTO books (title, authors, price, rating)
    VALUES (%s, %s, %s, %s)
    , parameters: ('Feature Engineering for Machine Learning: Principles and Techniques for Data Scientists', 'Alice Zheng', '41.', '4.4 out of 5 stars')
[2024-08-20T04:45:23.160+0000] {sql.py:518} INFO - Rows affected: 1
[2024-08-20T04:45:23.169+0000] {base.py:84} INFO - Retrieving connection 'books_connection'
[2024-08-20T04:45:23.174+0000] {sql.py:509} INFO - Running statement: 
    INSERT INTO books (title, authors, price, rating)
    VALUES (%s, %s, %s, %s)
    , parameters: ('Master in 30 Days: AWS Certified Data Engineer Associate Exam', 'Bryant Pollard II', '0.', '5.0 out of 5 stars')
[2024-08-20T04:45:23.176+0000] {sql.py:518} INFO - Rows affected: 1
[2024-08-20T04:45:23.189+0000] {base.py:84} INFO - Retrieving connection 'books_connection'
[2024-08-20T04:45:23.195+0000] {sql.py:509} INFO - Running statement: 
    INSERT INTO books (title, authors, price, rating)
    VALUES (%s, %s, %s, %s)
    , parameters: ('Engineers Survival Guide: Advice, tactics, and tricks After a decade of working at Facebook, Snapchat, and Microsoft', 'Merih Taze', '29.', '4.4 out of 5 stars')
[2024-08-20T04:45:23.199+0000] {sql.py:518} INFO - Rows affected: 1
[2024-08-20T04:45:23.210+0000] {base.py:84} INFO - Retrieving connection 'books_connection'
[2024-08-20T04:45:23.215+0000] {sql.py:509} INFO - Running statement: 
    INSERT INTO books (title, authors, price, rating)
    VALUES (%s, %s, %s, %s)
    , parameters: ('A Common-Sense Guide to Data Structures and Algorithms, Second Edition: Level Up Your Core Programming Skills', 'Jay Wengrow', '39.', '4.7 out of 5 stars')
[2024-08-20T04:45:23.218+0000] {sql.py:518} INFO - Rows affected: 1
[2024-08-20T04:45:23.236+0000] {base.py:84} INFO - Retrieving connection 'books_connection'
[2024-08-20T04:45:23.244+0000] {sql.py:509} INFO - Running statement: 
    INSERT INTO books (title, authors, price, rating)
    VALUES (%s, %s, %s, %s)
    , parameters: ('SQL Data Analytics Made Easy: Your Step-by-Step Guide to Unlocking Data’s Hidden Secrets: Demystify complex concepts, and harness the power of data to drive intelligent decision-making effortlessly.', 'L.D. Knowings', '14.', '4.1 out of 5 stars')
[2024-08-20T04:45:23.250+0000] {sql.py:518} INFO - Rows affected: 1
[2024-08-20T04:45:23.279+0000] {base.py:84} INFO - Retrieving connection 'books_connection'
[2024-08-20T04:45:23.284+0000] {sql.py:509} INFO - Running statement: 
    INSERT INTO books (title, authors, price, rating)
    VALUES (%s, %s, %s, %s)
    , parameters: ('Data Science (The MIT Press Essential Knowledge series)', 'Paperback', '10.', '4.4 out of 5 stars')
[2024-08-20T04:45:23.287+0000] {sql.py:518} INFO - Rows affected: 1
[2024-08-20T04:45:23.303+0000] {base.py:84} INFO - Retrieving connection 'books_connection'
[2024-08-20T04:45:23.309+0000] {sql.py:509} INFO - Running statement: 
    INSERT INTO books (title, authors, price, rating)
    VALUES (%s, %s, %s, %s)
    , parameters: ('Data Wise, Revised and Expanded Edition: A Step-by-Step Guide to Using Assessment Results to Improve Teaching and Learning', 'Kathryn Parker Boudett', '32.', '4.6 out of 5 stars')
[2024-08-20T04:45:23.311+0000] {sql.py:518} INFO - Rows affected: 1
[2024-08-20T04:45:23.323+0000] {base.py:84} INFO - Retrieving connection 'books_connection'
[2024-08-20T04:45:23.328+0000] {sql.py:509} INFO - Running statement: 
    INSERT INTO books (title, authors, price, rating)
    VALUES (%s, %s, %s, %s)
    , parameters: ('Fundamentals of Data Visualization: A Primer on Making Informative and Compelling Figures', 'Claus Wilke', '49.', '4.6 out of 5 stars')
[2024-08-20T04:45:23.331+0000] {sql.py:518} INFO - Rows affected: 1
[2024-08-20T04:45:23.341+0000] {base.py:84} INFO - Retrieving connection 'books_connection'
[2024-08-20T04:45:23.347+0000] {sql.py:509} INFO - Running statement: 
    INSERT INTO books (title, authors, price, rating)
    VALUES (%s, %s, %s, %s)
    , parameters: ('Technology is Dead', 'Paperback', '23.', '5.0 out of 5 stars')
[2024-08-20T04:45:23.349+0000] {sql.py:518} INFO - Rows affected: 1
[2024-08-20T04:45:23.363+0000] {base.py:84} INFO - Retrieving connection 'books_connection'
[2024-08-20T04:45:23.371+0000] {sql.py:509} INFO - Running statement: 
    INSERT INTO books (title, authors, price, rating)
    VALUES (%s, %s, %s, %s)
    , parameters: ('Building ETL Pipelines with Python: Create and deploy enterprise-ready ETL pipelines by employing modern methods', 'Brij Kishore Pandey', '17.', '4.2 out of 5 stars')
[2024-08-20T04:45:23.373+0000] {sql.py:518} INFO - Rows affected: 1
[2024-08-20T04:45:23.383+0000] {base.py:84} INFO - Retrieving connection 'books_connection'
[2024-08-20T04:45:23.388+0000] {sql.py:509} INFO - Running statement: 
    INSERT INTO books (title, authors, price, rating)
    VALUES (%s, %s, %s, %s)
    , parameters: ('Hypothesis Testing: An Intuitive Guide for Making Data Driven Decisions', 'Jim Frost', '23.', '4.5 out of 5 stars')
[2024-08-20T04:45:23.390+0000] {sql.py:518} INFO - Rows affected: 1
[2024-08-20T04:45:23.400+0000] {base.py:84} INFO - Retrieving connection 'books_connection'
[2024-08-20T04:45:23.405+0000] {sql.py:509} INFO - Running statement: 
    INSERT INTO books (title, authors, price, rating)
    VALUES (%s, %s, %s, %s)
    , parameters: ("Applied Machine Learning and AI for Engineers: Solve Business Problems That Can't Be Solved Algorithmically", 'Jeff Prosise', '55.', '4.5 out of 5 stars')
[2024-08-20T04:45:23.406+0000] {sql.py:518} INFO - Rows affected: 1
[2024-08-20T04:45:23.416+0000] {base.py:84} INFO - Retrieving connection 'books_connection'
[2024-08-20T04:45:23.422+0000] {sql.py:509} INFO - Running statement: 
    INSERT INTO books (title, authors, price, rating)
    VALUES (%s, %s, %s, %s)
    , parameters: ('Data Management at Scale: Modern Data Architecture with Data Mesh and Data Fabric', 'Piethein Strengholt', '47.', '4.5 out of 5 stars')
[2024-08-20T04:45:23.423+0000] {sql.py:518} INFO - Rows affected: 1
[2024-08-20T04:45:23.432+0000] {base.py:84} INFO - Retrieving connection 'books_connection'
[2024-08-20T04:45:23.437+0000] {sql.py:509} INFO - Running statement: 
    INSERT INTO books (title, authors, price, rating)
    VALUES (%s, %s, %s, %s)
    , parameters: ('Ultimate Azure Data Engineering: Build Robust Data Engineering Systems on Azure with SQL, ETL, Data Modeling, and Power BI for Business Insights and Crack Azure Certifications (English Edition)', 'Ashish Agarwal', '39.', '5.0 out of 5 stars')
[2024-08-20T04:45:23.439+0000] {sql.py:518} INFO - Rows affected: 1
[2024-08-20T04:45:23.449+0000] {base.py:84} INFO - Retrieving connection 'books_connection'
[2024-08-20T04:45:23.454+0000] {sql.py:509} INFO - Running statement: 
    INSERT INTO books (title, authors, price, rating)
    VALUES (%s, %s, %s, %s)
    , parameters: ('Practical Fraud Prevention: Fraud and AML Analytics for Fintech and eCommerce, Using SQL and Python', 'Gilit Saporta', '47.', '4.4 out of 5 stars')
[2024-08-20T04:45:23.456+0000] {sql.py:518} INFO - Rows affected: 1
[2024-08-20T04:45:23.465+0000] {base.py:84} INFO - Retrieving connection 'books_connection'
[2024-08-20T04:45:23.471+0000] {sql.py:509} INFO - Running statement: 
    INSERT INTO books (title, authors, price, rating)
    VALUES (%s, %s, %s, %s)
    , parameters: ('The Data Governance Guidebook and Playbook: By a Practitioner for Practitioners', 'Paperback', '25.', '4.3 out of 5 stars')
[2024-08-20T04:45:23.472+0000] {sql.py:518} INFO - Rows affected: 1
[2024-08-20T04:45:23.483+0000] {base.py:84} INFO - Retrieving connection 'books_connection'
[2024-08-20T04:45:23.487+0000] {sql.py:509} INFO - Running statement: 
    INSERT INTO books (title, authors, price, rating)
    VALUES (%s, %s, %s, %s)
    , parameters: ('Data Science on AWS: Implementing End-to-End, Continuous AI and Machine Learning Pipelines', 'Chris Fregly', '11.', '4.5 out of 5 stars')
[2024-08-20T04:45:23.490+0000] {sql.py:518} INFO - Rows affected: 1
[2024-08-20T04:45:23.500+0000] {base.py:84} INFO - Retrieving connection 'books_connection'
[2024-08-20T04:45:23.504+0000] {sql.py:509} INFO - Running statement: 
    INSERT INTO books (title, authors, price, rating)
    VALUES (%s, %s, %s, %s)
    , parameters: ('Superconvergence: How the Genetics, Biotech, and AI Revolutions Will Transform our Lives, Work, and World', 'Jamie Metzl', '23.', '4.3 out of 5 stars')
[2024-08-20T04:45:23.506+0000] {sql.py:518} INFO - Rows affected: 1
[2024-08-20T04:45:23.516+0000] {base.py:84} INFO - Retrieving connection 'books_connection'
[2024-08-20T04:45:23.521+0000] {sql.py:509} INFO - Running statement: 
    INSERT INTO books (title, authors, price, rating)
    VALUES (%s, %s, %s, %s)
    , parameters: ('Understanding Cryptography: A Textbook for Students and Practitioners', 'Christof Paar', '29.', '4.6 out of 5 stars')
[2024-08-20T04:45:23.523+0000] {sql.py:518} INFO - Rows affected: 1
[2024-08-20T04:45:23.533+0000] {base.py:84} INFO - Retrieving connection 'books_connection'
[2024-08-20T04:45:23.537+0000] {sql.py:509} INFO - Running statement: 
    INSERT INTO books (title, authors, price, rating)
    VALUES (%s, %s, %s, %s)
    , parameters: ('Data Grab: The New Colonialism of Big Tech and How to Fight Back', 'Ulises A. Mejias', '21.', '5.0 out of 5 stars')
[2024-08-20T04:45:23.539+0000] {sql.py:518} INFO - Rows affected: 1
[2024-08-20T04:45:23.548+0000] {base.py:84} INFO - Retrieving connection 'books_connection'
[2024-08-20T04:45:23.553+0000] {sql.py:509} INFO - Running statement: 
    INSERT INTO books (title, authors, price, rating)
    VALUES (%s, %s, %s, %s)
    , parameters: ('Competing in the Age of AI: Strategy and Leadership When Algorithms and Networks Run the World', 'Marco Iansiti', '17.', '4.6 out of 5 stars')
[2024-08-20T04:45:23.555+0000] {sql.py:518} INFO - Rows affected: 1
[2024-08-20T04:45:23.565+0000] {base.py:84} INFO - Retrieving connection 'books_connection'
[2024-08-20T04:45:23.569+0000] {sql.py:509} INFO - Running statement: 
    INSERT INTO books (title, authors, price, rating)
    VALUES (%s, %s, %s, %s)
    , parameters: ('Killed by a Traffic Engineer: Shattering the Delusion that Science Underlies our Transportation System', 'Wes Marshall', '33.', '4.5 out of 5 stars')
[2024-08-20T04:45:23.571+0000] {sql.py:518} INFO - Rows affected: 1
[2024-08-20T04:45:23.581+0000] {base.py:84} INFO - Retrieving connection 'books_connection'
[2024-08-20T04:45:23.586+0000] {sql.py:509} INFO - Running statement: 
    INSERT INTO books (title, authors, price, rating)
    VALUES (%s, %s, %s, %s)
    , parameters: ('Python Feature Engineering Cookbook: Over 70 recipes for creating, engineering, and transforming features to build machine learning models, 2nd Edition', 'Soledad Galli', '44.', '4.4 out of 5 stars')
[2024-08-20T04:45:23.588+0000] {sql.py:518} INFO - Rows affected: 1
[2024-08-20T04:45:23.598+0000] {base.py:84} INFO - Retrieving connection 'books_connection'
[2024-08-20T04:45:23.603+0000] {sql.py:509} INFO - Running statement: 
    INSERT INTO books (title, authors, price, rating)
    VALUES (%s, %s, %s, %s)
    , parameters: ('Learning Tableau 2022 - Fifth Edition: Create effective data visualizations, build interactive visual analytics, and improve your data storytelling capabilities', 'Joshua N Milligan', '57.', '4.5 out of 5 stars')
[2024-08-20T04:45:23.605+0000] {sql.py:518} INFO - Rows affected: 1
[2024-08-20T04:45:23.613+0000] {base.py:84} INFO - Retrieving connection 'books_connection'
[2024-08-20T04:45:23.618+0000] {sql.py:509} INFO - Running statement: 
    INSERT INTO books (title, authors, price, rating)
    VALUES (%s, %s, %s, %s)
    , parameters: ('Mastering Databricks Lakehouse Platform: Perform Data Warehousing, Data Engineering, Machine Learning, DevOps, and BI into a Single Platform (English Edition)', 'Sagar Lad', '26.', '3.6 out of 5 stars')
[2024-08-20T04:45:23.619+0000] {sql.py:518} INFO - Rows affected: 1
[2024-08-20T04:45:23.628+0000] {base.py:84} INFO - Retrieving connection 'books_connection'
[2024-08-20T04:45:23.632+0000] {sql.py:509} INFO - Running statement: 
    INSERT INTO books (title, authors, price, rating)
    VALUES (%s, %s, %s, %s)
    , parameters: ('The Data Model Resource Book, Vol. 1: A Library of Universal Data Models for All Enterprises', 'Len Silverston', '63.', '4.3 out of 5 stars')
[2024-08-20T04:45:23.633+0000] {sql.py:518} INFO - Rows affected: 1
[2024-08-20T04:45:23.642+0000] {base.py:84} INFO - Retrieving connection 'books_connection'
[2024-08-20T04:45:23.645+0000] {sql.py:509} INFO - Running statement: 
    INSERT INTO books (title, authors, price, rating)
    VALUES (%s, %s, %s, %s)
    , parameters: ('The Data Model Resource Book, Vol. 2: A Library of Data Models for Specific Industries', 'Len Silverston', '68.', '4.1 out of 5 stars')
[2024-08-20T04:45:23.647+0000] {sql.py:518} INFO - Rows affected: 1
[2024-08-20T04:45:23.655+0000] {base.py:84} INFO - Retrieving connection 'books_connection'
[2024-08-20T04:45:23.659+0000] {sql.py:509} INFO - Running statement: 
    INSERT INTO books (title, authors, price, rating)
    VALUES (%s, %s, %s, %s)
    , parameters: ('Simplifying Data Engineering and Analytics with Delta: Create analytics-ready data that fuels artificial intelligence and business intelligence', 'Anindita Mahapatra', '28.', '4.3 out of 5 stars')
[2024-08-20T04:45:23.661+0000] {sql.py:518} INFO - Rows affected: 1
[2024-08-20T04:45:23.669+0000] {base.py:84} INFO - Retrieving connection 'books_connection'
[2024-08-20T04:45:23.673+0000] {sql.py:509} INFO - Running statement: 
    INSERT INTO books (title, authors, price, rating)
    VALUES (%s, %s, %s, %s)
    , parameters: ('The Definitive Guide to Azure Data Engineering: Modern ELT, DevOps, and Analytics on the Azure Cloud Platform', "Ron C. L'Esteve", '36.', '3.8 out of 5 stars')
[2024-08-20T04:45:23.674+0000] {sql.py:518} INFO - Rows affected: 1
[2024-08-20T04:45:23.683+0000] {base.py:84} INFO - Retrieving connection 'books_connection'
[2024-08-20T04:45:23.687+0000] {sql.py:509} INFO - Running statement: 
    INSERT INTO books (title, authors, price, rating)
    VALUES (%s, %s, %s, %s)
    , parameters: ('Practical Data Quality: Learn practical, real-world strategies to transform the quality of data in your organization', 'Robert Hawker', '17.', '4.8 out of 5 stars')
[2024-08-20T04:45:23.688+0000] {sql.py:518} INFO - Rows affected: 1
[2024-08-20T04:45:23.690+0000] {python.py:240} INFO - Done. Returned value was: None
[2024-08-20T04:45:23.702+0000] {taskinstance.py:340} INFO - ::group::Post task execution logs
[2024-08-20T04:45:23.703+0000] {taskinstance.py:352} INFO - Marking task as SUCCESS. dag_id=fetch_and_store_DE_books, task_id=insert_book_data, run_id=scheduled__2024-07-26T00:00:00+00:00, execution_date=20240726T000000, start_date=20240820T044521, end_date=20240820T044523
[2024-08-20T04:45:23.715+0000] {logging_mixin.py:190} INFO - Task instance in success state
[2024-08-20T04:45:23.716+0000] {logging_mixin.py:190} INFO -  Previous state of the Task instance: running
[2024-08-20T04:45:23.717+0000] {logging_mixin.py:190} INFO - Dag name:fetch_and_store_DE_books queued_at:2024-08-20 04:45:06.396432+00:00
[2024-08-20T04:45:23.717+0000] {logging_mixin.py:190} INFO - Task hostname:668944ed7238 operator:PythonOperator
[2024-08-20T04:45:23.729+0000] {local_task_job_runner.py:261} INFO - Task exited with return code 0
[2024-08-20T04:45:23.746+0000] {taskinstance.py:3891} INFO - 0 downstream tasks scheduled from follow-on schedule check
[2024-08-20T04:45:23.748+0000] {local_task_job_runner.py:240} INFO - ::endgroup::
