[2024-08-20T04:43:30.768+0000] {local_task_job_runner.py:123} INFO - ::group::Pre task execution logs
[2024-08-20T04:43:30.795+0000] {taskinstance.py:2603} INFO - Dependencies all met for dep_context=non-requeueable deps ti=<TaskInstance: fetch_and_store_DE_books.insert_book_data scheduled__2024-07-10T00:00:00+00:00 [queued]>
[2024-08-20T04:43:30.809+0000] {taskinstance.py:2603} INFO - Dependencies all met for dep_context=requeueable deps ti=<TaskInstance: fetch_and_store_DE_books.insert_book_data scheduled__2024-07-10T00:00:00+00:00 [queued]>
[2024-08-20T04:43:30.810+0000] {taskinstance.py:2856} INFO - Starting attempt 1 of 2
[2024-08-20T04:43:30.830+0000] {taskinstance.py:2879} INFO - Executing <Task(PythonOperator): insert_book_data> on 2024-07-10 00:00:00+00:00
[2024-08-20T04:43:30.843+0000] {warnings.py:112} WARNING - /home/***/.local/lib/python3.12/site-packages/***/task/task_runner/standard_task_runner.py:70: DeprecationWarning: This process (pid=848) is multi-threaded, use of fork() may lead to deadlocks in the child.
  pid = os.fork()

[2024-08-20T04:43:30.846+0000] {standard_task_runner.py:72} INFO - Started process 856 to run task
[2024-08-20T04:43:30.846+0000] {standard_task_runner.py:104} INFO - Running: ['***', 'tasks', 'run', 'fetch_and_store_DE_books', 'insert_book_data', 'scheduled__2024-07-10T00:00:00+00:00', '--job-id', '32', '--raw', '--subdir', 'DAGS_FOLDER/app.py', '--cfg-path', '/tmp/tmps3kzu535']
[2024-08-20T04:43:30.848+0000] {standard_task_runner.py:105} INFO - Job 32: Subtask insert_book_data
[2024-08-20T04:43:30.915+0000] {task_command.py:467} INFO - Running <TaskInstance: fetch_and_store_DE_books.insert_book_data scheduled__2024-07-10T00:00:00+00:00 [running]> on host 668944ed7238
[2024-08-20T04:43:31.035+0000] {taskinstance.py:3122} INFO - Exporting env vars: AIRFLOW_CTX_DAG_OWNER='***' AIRFLOW_CTX_DAG_ID='fetch_and_store_DE_books' AIRFLOW_CTX_TASK_ID='insert_book_data' AIRFLOW_CTX_EXECUTION_DATE='2024-07-10T00:00:00+00:00' AIRFLOW_CTX_TRY_NUMBER='1' AIRFLOW_CTX_DAG_RUN_ID='scheduled__2024-07-10T00:00:00+00:00'
[2024-08-20T04:43:31.036+0000] {logging_mixin.py:190} INFO - Task instance is in running state
[2024-08-20T04:43:31.037+0000] {logging_mixin.py:190} INFO -  Previous state of the Task instance: queued
[2024-08-20T04:43:31.038+0000] {logging_mixin.py:190} INFO - Current task name:insert_book_data state:running start_date:2024-08-20 04:43:30.796718+00:00
[2024-08-20T04:43:31.038+0000] {logging_mixin.py:190} INFO - Dag name:fetch_and_store_DE_books and current dag run status:running
[2024-08-20T04:43:31.039+0000] {taskinstance.py:731} INFO - ::endgroup::
[2024-08-20T04:43:31.065+0000] {base.py:84} INFO - Retrieving connection 'books_connection'
[2024-08-20T04:43:31.070+0000] {sql.py:509} INFO - Running statement: 
    INSERT INTO books (title, authors, price, rating)
    VALUES (%s, %s, %s, %s)
    , parameters: ('Ace the Data Engineering Interview: Questions and Answers for Python, SQL, Data Modeling and More', 'Sean Coyne', '24.', '4.1 out of 5 stars')
[2024-08-20T04:43:31.072+0000] {sql.py:518} INFO - Rows affected: 1
[2024-08-20T04:43:31.084+0000] {base.py:84} INFO - Retrieving connection 'books_connection'
[2024-08-20T04:43:31.088+0000] {sql.py:509} INFO - Running statement: 
    INSERT INTO books (title, authors, price, rating)
    VALUES (%s, %s, %s, %s)
    , parameters: ('Data Engineering with AWS - Second Edition: Acquire the skills to design and build AWS-based data transformation pipelines like a pro', 'Gareth Eagar', '41.', '4.4 out of 5 stars')
[2024-08-20T04:43:31.091+0000] {sql.py:518} INFO - Rows affected: 1
[2024-08-20T04:43:31.102+0000] {base.py:84} INFO - Retrieving connection 'books_connection'
[2024-08-20T04:43:31.108+0000] {sql.py:509} INFO - Running statement: 
    INSERT INTO books (title, authors, price, rating)
    VALUES (%s, %s, %s, %s)
    , parameters: ('Azure Data Engineer Associate Certification Guide: Ace the DP-203 exam with advanced data engineering skills', 'Giacinto Palmieri', '39.', '4.5 out of 5 stars')
[2024-08-20T04:43:31.110+0000] {sql.py:518} INFO - Rows affected: 1
[2024-08-20T04:43:31.121+0000] {base.py:84} INFO - Retrieving connection 'books_connection'
[2024-08-20T04:43:31.127+0000] {sql.py:509} INFO - Running statement: 
    INSERT INTO books (title, authors, price, rating)
    VALUES (%s, %s, %s, %s)
    , parameters: ('Data Engineering 101', 'Paperback', '22.', '5.0 out of 5 stars')
[2024-08-20T04:43:31.129+0000] {sql.py:518} INFO - Rows affected: 1
[2024-08-20T04:43:31.140+0000] {base.py:84} INFO - Retrieving connection 'books_connection'
[2024-08-20T04:43:31.147+0000] {sql.py:509} INFO - Running statement: 
    INSERT INTO books (title, authors, price, rating)
    VALUES (%s, %s, %s, %s)
    , parameters: ('Fundamentals of Data Engineering: Plan and Build Robust Data Systems', 'Joe Reis', '38.', '4.7 out of 5 stars')
[2024-08-20T04:43:31.149+0000] {sql.py:518} INFO - Rows affected: 1
[2024-08-20T04:43:31.160+0000] {base.py:84} INFO - Retrieving connection 'books_connection'
[2024-08-20T04:43:31.166+0000] {sql.py:509} INFO - Running statement: 
    INSERT INTO books (title, authors, price, rating)
    VALUES (%s, %s, %s, %s)
    , parameters: ('Data Pipelines Pocket Reference: Moving and Processing Data for Analytics', 'James Densmore', '17.', '4.5 out of 5 stars')
[2024-08-20T04:43:31.168+0000] {sql.py:518} INFO - Rows affected: 1
[2024-08-20T04:43:31.181+0000] {base.py:84} INFO - Retrieving connection 'books_connection'
[2024-08-20T04:43:31.185+0000] {sql.py:509} INFO - Running statement: 
    INSERT INTO books (title, authors, price, rating)
    VALUES (%s, %s, %s, %s)
    , parameters: ('Designing Data-Intensive Applications: The Big Ideas Behind Reliable, Scalable, and Maintainable Systems', 'Martin Kleppmann', '35.', '4.8 out of 5 stars')
[2024-08-20T04:43:31.188+0000] {sql.py:518} INFO - Rows affected: 1
[2024-08-20T04:43:31.201+0000] {base.py:84} INFO - Retrieving connection 'books_connection'
[2024-08-20T04:43:31.206+0000] {sql.py:509} INFO - Running statement: 
    INSERT INTO books (title, authors, price, rating)
    VALUES (%s, %s, %s, %s)
    , parameters: ('Data Engineering with Python: Work with massive datasets to design data models and automate data pipelines using Python', 'Paul Crickard', '37.', '4.1 out of 5 stars')
[2024-08-20T04:43:31.209+0000] {sql.py:518} INFO - Rows affected: 1
[2024-08-20T04:43:31.220+0000] {base.py:84} INFO - Retrieving connection 'books_connection'
[2024-08-20T04:43:31.226+0000] {sql.py:509} INFO - Running statement: 
    INSERT INTO books (title, authors, price, rating)
    VALUES (%s, %s, %s, %s)
    , parameters: ('Data Engineering with Python cookbook: Learn to build efficient data pipelines using the Modern Cloud Data Stack', 'Adithyan Ramanujakootam', '29.', '5.0 out of 5 stars')
[2024-08-20T04:43:31.228+0000] {sql.py:518} INFO - Rows affected: 1
[2024-08-20T04:43:31.246+0000] {base.py:84} INFO - Retrieving connection 'books_connection'
[2024-08-20T04:43:31.251+0000] {sql.py:509} INFO - Running statement: 
    INSERT INTO books (title, authors, price, rating)
    VALUES (%s, %s, %s, %s)
    , parameters: ('Data Engineering with AWS: Learn how to design and build cloud-based data transformation pipelines using AWS', 'Gareth Eagar', '49.', '4.4 out of 5 stars')
[2024-08-20T04:43:31.254+0000] {sql.py:518} INFO - Rows affected: 1
[2024-08-20T04:43:31.266+0000] {base.py:84} INFO - Retrieving connection 'books_connection'
[2024-08-20T04:43:31.271+0000] {sql.py:509} INFO - Running statement: 
    INSERT INTO books (title, authors, price, rating)
    VALUES (%s, %s, %s, %s)
    , parameters: ('Cracking the Data Engineering Interview: Land your dream job with the help of resume-building tips, over 100 mock questions, and a unique portfolio', 'Kedeisha Bryan', '26.', '4.4 out of 5 stars')
[2024-08-20T04:43:31.272+0000] {sql.py:518} INFO - Rows affected: 1
[2024-08-20T04:43:31.284+0000] {base.py:84} INFO - Retrieving connection 'books_connection'
[2024-08-20T04:43:31.288+0000] {sql.py:509} INFO - Running statement: 
    INSERT INTO books (title, authors, price, rating)
    VALUES (%s, %s, %s, %s)
    , parameters: ('Software Engineering for Data Scientists: From Notebooks to Scalable Systems', 'Catherine Nelson', '52.', '4.5 out of 5 stars')
[2024-08-20T04:43:31.291+0000] {sql.py:518} INFO - Rows affected: 1
[2024-08-20T04:43:31.301+0000] {base.py:84} INFO - Retrieving connection 'books_connection'
[2024-08-20T04:43:31.306+0000] {sql.py:509} INFO - Running statement: 
    INSERT INTO books (title, authors, price, rating)
    VALUES (%s, %s, %s, %s)
    , parameters: ('Data Engineering with Google Cloud Platform: A guide to leveling up as a data engineer by building a scalable data platform with Google Cloud', 'Adi Wijaya', '41.', '5.0 out of 5 stars')
[2024-08-20T04:43:31.309+0000] {sql.py:518} INFO - Rows affected: 1
[2024-08-20T04:43:31.319+0000] {base.py:84} INFO - Retrieving connection 'books_connection'
[2024-08-20T04:43:31.324+0000] {sql.py:509} INFO - Running statement: 
    INSERT INTO books (title, authors, price, rating)
    VALUES (%s, %s, %s, %s)
    , parameters: ('Fundamentals of Data Analytics: Learn Essential Skills, Embrace the Future, and Catapult Your Career in the Data-Driven World—A Comprehensive Guide to Data Literacy for Beginners', 'Russell Dawson', '16.', '4.8 out of 5 stars')
[2024-08-20T04:43:31.326+0000] {sql.py:518} INFO - Rows affected: 1
[2024-08-20T04:43:31.336+0000] {base.py:84} INFO - Retrieving connection 'books_connection'
[2024-08-20T04:43:31.340+0000] {sql.py:509} INFO - Running statement: 
    INSERT INTO books (title, authors, price, rating)
    VALUES (%s, %s, %s, %s)
    , parameters: ('Data Engineering with Databricks Cookbook: Build effective data and AI solutions using Apache Spark, Databricks, and Delta Lake', 'Pulkit Chadha', '42.', '4.2 out of 5 stars')
[2024-08-20T04:43:31.342+0000] {sql.py:518} INFO - Rows affected: 1
[2024-08-20T04:43:31.352+0000] {base.py:84} INFO - Retrieving connection 'books_connection'
[2024-08-20T04:43:31.358+0000] {sql.py:509} INFO - Running statement: 
    INSERT INTO books (title, authors, price, rating)
    VALUES (%s, %s, %s, %s)
    , parameters: ('Data Engineering with dbt: A practical guide to building a cloud-based, pragmatic, and dependable data platform with SQL', 'Roberto Zagni', '37.', '4.6 out of 5 stars')
[2024-08-20T04:43:31.360+0000] {sql.py:518} INFO - Rows affected: 1
[2024-08-20T04:43:31.371+0000] {base.py:84} INFO - Retrieving connection 'books_connection'
[2024-08-20T04:43:31.376+0000] {sql.py:509} INFO - Running statement: 
    INSERT INTO books (title, authors, price, rating)
    VALUES (%s, %s, %s, %s)
    , parameters: ('Data-Driven Science and Engineering: Machine Learning, Dynamical Systems, and Control', 'Steven L. Brunton', '64.', '4.7 out of 5 stars')
[2024-08-20T04:43:31.379+0000] {sql.py:518} INFO - Rows affected: 1
[2024-08-20T04:43:31.389+0000] {base.py:84} INFO - Retrieving connection 'books_connection'
[2024-08-20T04:43:31.394+0000] {sql.py:509} INFO - Running statement: 
    INSERT INTO books (title, authors, price, rating)
    VALUES (%s, %s, %s, %s)
    , parameters: ("Data: Principles To Practice - Volume 1 'Foundations': Essential Foundations: Key Concepts behind Data Architecture, Engineering and Analysis for Professionals", 'Mr Alex Holloway', '11.', '4.7 out of 5 stars')
[2024-08-20T04:43:31.396+0000] {sql.py:518} INFO - Rows affected: 1
[2024-08-20T04:43:31.407+0000] {base.py:84} INFO - Retrieving connection 'books_connection'
[2024-08-20T04:43:31.412+0000] {sql.py:509} INFO - Running statement: 
    INSERT INTO books (title, authors, price, rating)
    VALUES (%s, %s, %s, %s)
    , parameters: ('Data Engineering Fundamentals for Beginners: Mastering the Art of Building, Managing, and Scaling Data Systems', 'Paperback', '14.', '5.0 out of 5 stars')
[2024-08-20T04:43:31.415+0000] {sql.py:518} INFO - Rows affected: 1
[2024-08-20T04:43:31.425+0000] {base.py:84} INFO - Retrieving connection 'books_connection'
[2024-08-20T04:43:31.430+0000] {sql.py:509} INFO - Running statement: 
    INSERT INTO books (title, authors, price, rating)
    VALUES (%s, %s, %s, %s)
    , parameters: ("Ultimate Data Engineering with Databricks: Develop Scalable Data Pipelines Using Data Engineering's Core Tenets Such as Delta Tables, Ingestion, ... Security, and Scalability (English Edition)", 'Mayank Malhotra', '37.', '3.8 out of 5 stars')
[2024-08-20T04:43:31.432+0000] {sql.py:518} INFO - Rows affected: 1
[2024-08-20T04:43:31.444+0000] {base.py:84} INFO - Retrieving connection 'books_connection'
[2024-08-20T04:43:31.449+0000] {sql.py:509} INFO - Running statement: 
    INSERT INTO books (title, authors, price, rating)
    VALUES (%s, %s, %s, %s)
    , parameters: ('DATA ENGINEERING AND AI FOR BEGINNERS: Revolutionizing Data Processing and Analytics by Leveraging Artificial Intelligence for Efficient Input Collection, Storage, and Transformation (World of AI)', 'Paperback', '13.', '4.4 out of 5 stars')
[2024-08-20T04:43:31.451+0000] {sql.py:518} INFO - Rows affected: 1
[2024-08-20T04:43:31.462+0000] {base.py:84} INFO - Retrieving connection 'books_connection'
[2024-08-20T04:43:31.467+0000] {sql.py:509} INFO - Running statement: 
    INSERT INTO books (title, authors, price, rating)
    VALUES (%s, %s, %s, %s)
    , parameters: ('Data Engineering with Apache Spark, Delta Lake, and Lakehouse: Create scalable pipelines that ingest, curate, and aggregate complex data in a timely and secure way', 'Manoj Kukreja', '29.', '3.9 out of 5 stars')
[2024-08-20T04:43:31.469+0000] {sql.py:518} INFO - Rows affected: 1
[2024-08-20T04:43:31.480+0000] {base.py:84} INFO - Retrieving connection 'books_connection'
[2024-08-20T04:43:31.485+0000] {sql.py:509} INFO - Running statement: 
    INSERT INTO books (title, authors, price, rating)
    VALUES (%s, %s, %s, %s)
    , parameters: ('Data Mesh: Delivering Data-Driven Value at Scale', 'Zhamak Dehghani', '43.', '4.5 out of 5 stars')
[2024-08-20T04:43:31.487+0000] {sql.py:518} INFO - Rows affected: 1
[2024-08-20T04:43:31.498+0000] {base.py:84} INFO - Retrieving connection 'books_connection'
[2024-08-20T04:43:31.503+0000] {sql.py:509} INFO - Running statement: 
    INSERT INTO books (title, authors, price, rating)
    VALUES (%s, %s, %s, %s)
    , parameters: ('Machine Learning Engineering', 'Andriy Burkov', '39.', '4.7 out of 5 stars')
[2024-08-20T04:43:31.505+0000] {sql.py:518} INFO - Rows affected: 1
[2024-08-20T04:43:31.517+0000] {base.py:84} INFO - Retrieving connection 'books_connection'
[2024-08-20T04:43:31.521+0000] {sql.py:509} INFO - Running statement: 
    INSERT INTO books (title, authors, price, rating)
    VALUES (%s, %s, %s, %s)
    , parameters: ('Data Engineering with Alteryx: Helping data engineers apply DataOps practices with Alteryx', 'Paul Houghton', '44.', '4.3 out of 5 stars')
[2024-08-20T04:43:31.523+0000] {sql.py:518} INFO - Rows affected: 1
[2024-08-20T04:43:31.536+0000] {base.py:84} INFO - Retrieving connection 'books_connection'
[2024-08-20T04:43:31.541+0000] {sql.py:509} INFO - Running statement: 
    INSERT INTO books (title, authors, price, rating)
    VALUES (%s, %s, %s, %s)
    , parameters: ("Azure Data Factory Cookbook - Second Edition: A data engineer's guide to building and managing ETL and ELT pipelines with data integration", 'Dmitry Foshin', '51.', '4.4 out of 5 stars')
[2024-08-20T04:43:31.543+0000] {sql.py:518} INFO - Rows affected: 1
[2024-08-20T04:43:31.554+0000] {base.py:84} INFO - Retrieving connection 'books_connection'
[2024-08-20T04:43:31.560+0000] {sql.py:509} INFO - Running statement: 
    INSERT INTO books (title, authors, price, rating)
    VALUES (%s, %s, %s, %s)
    , parameters: ('Driving Data Quality with Data Contracts: A comprehensive guide to building reliable, trusted, and effective data platforms', 'Andrew Jones', '28.', '4.6 out of 5 stars')
[2024-08-20T04:43:31.562+0000] {sql.py:518} INFO - Rows affected: 1
[2024-08-20T04:43:31.572+0000] {base.py:84} INFO - Retrieving connection 'books_connection'
[2024-08-20T04:43:31.580+0000] {sql.py:509} INFO - Running statement: 
    INSERT INTO books (title, authors, price, rating)
    VALUES (%s, %s, %s, %s)
    , parameters: ('The Enterprise Data Catalog: Improve Data Discovery, Ensure Data Governance, and Enable Innovation', 'Ole Olesen-Bagneux', '31.', '4.5 out of 5 stars')
[2024-08-20T04:43:31.582+0000] {sql.py:518} INFO - Rows affected: 1
[2024-08-20T04:43:31.594+0000] {base.py:84} INFO - Retrieving connection 'books_connection'
[2024-08-20T04:43:31.602+0000] {sql.py:509} INFO - Running statement: 
    INSERT INTO books (title, authors, price, rating)
    VALUES (%s, %s, %s, %s)
    , parameters: ('Data Engineering with Databricks', 'Paperback', '25.', '3.4 out of 5 stars')
[2024-08-20T04:43:31.604+0000] {sql.py:518} INFO - Rows affected: 1
[2024-08-20T04:43:31.626+0000] {base.py:84} INFO - Retrieving connection 'books_connection'
[2024-08-20T04:43:31.633+0000] {sql.py:509} INFO - Running statement: 
    INSERT INTO books (title, authors, price, rating)
    VALUES (%s, %s, %s, %s)
    , parameters: ('Ace the Data Science Interview: 201 Real Interview Questions Asked By FAANG, Tech Startups, & Wall Street', 'Nick Singh', '42.', '4.5 out of 5 stars')
[2024-08-20T04:43:31.637+0000] {sql.py:518} INFO - Rows affected: 1
[2024-08-20T04:43:31.655+0000] {base.py:84} INFO - Retrieving connection 'books_connection'
[2024-08-20T04:43:31.667+0000] {sql.py:509} INFO - Running statement: 
    INSERT INTO books (title, authors, price, rating)
    VALUES (%s, %s, %s, %s)
    , parameters: ('Modern Data Engineering with Apache Spark: A Hands-On Guide for Building Mission-Critical Streaming Applications', 'Scott Haines', '30.', '4.1 out of 5 stars')
[2024-08-20T04:43:31.670+0000] {sql.py:518} INFO - Rows affected: 1
[2024-08-20T04:43:31.698+0000] {base.py:84} INFO - Retrieving connection 'books_connection'
[2024-08-20T04:43:31.708+0000] {sql.py:509} INFO - Running statement: 
    INSERT INTO books (title, authors, price, rating)
    VALUES (%s, %s, %s, %s)
    , parameters: ('Data Modeling with Snowflake: A practical guide to accelerating Snowflake development using universal data modeling techniques', 'Serge Gershkovich', '36.', '4.8 out of 5 stars')
[2024-08-20T04:43:31.716+0000] {sql.py:518} INFO - Rows affected: 1
[2024-08-20T04:43:31.739+0000] {base.py:84} INFO - Retrieving connection 'books_connection'
[2024-08-20T04:43:31.750+0000] {sql.py:509} INFO - Running statement: 
    INSERT INTO books (title, authors, price, rating)
    VALUES (%s, %s, %s, %s)
    , parameters: ('Storytelling with Data: A Data Visualization Guide for Business Professionals', 'Cole Nussbaumer Knaflic', '27.', '4.6 out of 5 stars')
[2024-08-20T04:43:31.763+0000] {sql.py:518} INFO - Rows affected: 1
[2024-08-20T04:43:31.793+0000] {base.py:84} INFO - Retrieving connection 'books_connection'
[2024-08-20T04:43:31.800+0000] {sql.py:509} INFO - Running statement: 
    INSERT INTO books (title, authors, price, rating)
    VALUES (%s, %s, %s, %s)
    , parameters: ('97 Things Every Data Engineer Should Know: Collective Wisdom from the Experts', 'Audible Audiobook', '0.', '4.1 out of 5 stars')
[2024-08-20T04:43:31.803+0000] {sql.py:518} INFO - Rows affected: 1
[2024-08-20T04:43:31.821+0000] {base.py:84} INFO - Retrieving connection 'books_connection'
[2024-08-20T04:43:31.834+0000] {sql.py:509} INFO - Running statement: 
    INSERT INTO books (title, authors, price, rating)
    VALUES (%s, %s, %s, %s)
    , parameters: ("Data Quality Fundamentals: A Practitioner's Guide to Building Trustworthy Data Pipelines", 'Paperback', '45.', '4.1 out of 5 stars')
[2024-08-20T04:43:31.838+0000] {sql.py:518} INFO - Rows affected: 1
[2024-08-20T04:43:31.855+0000] {base.py:84} INFO - Retrieving connection 'books_connection'
[2024-08-20T04:43:31.865+0000] {sql.py:509} INFO - Running statement: 
    INSERT INTO books (title, authors, price, rating)
    VALUES (%s, %s, %s, %s)
    , parameters: ('Data Engineering with Google Cloud Platform: A practical guide to operationalizing scalable data analytics systems on GCP', 'Adi Wijaya', '41.', '4.7 out of 5 stars')
[2024-08-20T04:43:31.867+0000] {sql.py:518} INFO - Rows affected: 1
[2024-08-20T04:43:31.881+0000] {base.py:84} INFO - Retrieving connection 'books_connection'
[2024-08-20T04:43:31.888+0000] {sql.py:509} INFO - Running statement: 
    INSERT INTO books (title, authors, price, rating)
    VALUES (%s, %s, %s, %s)
    , parameters: ('Prompt Engineering for Generative AI: Future-Proof Inputs for Reliable AI Outputs', 'James Phoenix', '57.', '4.4 out of 5 stars')
[2024-08-20T04:43:31.891+0000] {sql.py:518} INFO - Rows affected: 1
[2024-08-20T04:43:31.903+0000] {base.py:84} INFO - Retrieving connection 'books_connection'
[2024-08-20T04:43:31.909+0000] {sql.py:509} INFO - Running statement: 
    INSERT INTO books (title, authors, price, rating)
    VALUES (%s, %s, %s, %s)
    , parameters: ('Analytics Engineering with SQL and dbt: Building Meaningful Data Models at Scale', 'Rui Pedro Machado', '41.', '3.8 out of 5 stars')
[2024-08-20T04:43:31.911+0000] {sql.py:518} INFO - Rows affected: 1
[2024-08-20T04:43:31.923+0000] {base.py:84} INFO - Retrieving connection 'books_connection'
[2024-08-20T04:43:31.928+0000] {sql.py:509} INFO - Running statement: 
    INSERT INTO books (title, authors, price, rating)
    VALUES (%s, %s, %s, %s)
    , parameters: ('Python Programming and SQL: 5 books in 1 - The #1 Coding Course from Beginner to Advanced. Learn it Well & Fast (2024) (Computer Programming)', 'Paperback', '32.', '4.3 out of 5 stars')
[2024-08-20T04:43:31.930+0000] {sql.py:518} INFO - Rows affected: 1
[2024-08-20T04:43:31.941+0000] {base.py:84} INFO - Retrieving connection 'books_connection'
[2024-08-20T04:43:31.946+0000] {sql.py:509} INFO - Running statement: 
    INSERT INTO books (title, authors, price, rating)
    VALUES (%s, %s, %s, %s)
    , parameters: ('Data Observability for Data Engineering: Proactive strategies for ensuring data accuracy and addressing broken data pipelines', 'Michele Pinto', '18.', '3.7 out of 5 stars')
[2024-08-20T04:43:31.948+0000] {sql.py:518} INFO - Rows affected: 1
[2024-08-20T04:43:31.958+0000] {base.py:84} INFO - Retrieving connection 'books_connection'
[2024-08-20T04:43:31.964+0000] {sql.py:509} INFO - Running statement: 
    INSERT INTO books (title, authors, price, rating)
    VALUES (%s, %s, %s, %s)
    , parameters: ('The Data Warehouse Toolkit: The Definitive Guide to Dimensional Modeling', 'Paperback', '47.', '4.7 out of 5 stars')
[2024-08-20T04:43:31.966+0000] {sql.py:518} INFO - Rows affected: 1
[2024-08-20T04:43:31.978+0000] {base.py:84} INFO - Retrieving connection 'books_connection'
[2024-08-20T04:43:31.982+0000] {sql.py:509} INFO - Running statement: 
    INSERT INTO books (title, authors, price, rating)
    VALUES (%s, %s, %s, %s)
    , parameters: ('Official Google Cloud Certified Professional Data Engineer Study Guide', 'Dan Sullivan', '33.', '4.5 out of 5 stars')
[2024-08-20T04:43:31.984+0000] {sql.py:518} INFO - Rows affected: 1
[2024-08-20T04:43:31.996+0000] {base.py:84} INFO - Retrieving connection 'books_connection'
[2024-08-20T04:43:32.000+0000] {sql.py:509} INFO - Running statement: 
    INSERT INTO books (title, authors, price, rating)
    VALUES (%s, %s, %s, %s)
    , parameters: ('Concepts of Generative AI and Data Engineering: Vital Concepts in Data Engineering and the World of Generative AI', 'Kindle', '29.', '5.0 out of 5 stars')
[2024-08-20T04:43:32.002+0000] {sql.py:518} INFO - Rows affected: 1
[2024-08-20T04:43:32.012+0000] {base.py:84} INFO - Retrieving connection 'books_connection'
[2024-08-20T04:43:32.018+0000] {sql.py:509} INFO - Running statement: 
    INSERT INTO books (title, authors, price, rating)
    VALUES (%s, %s, %s, %s)
    , parameters: ('Data Privacy: A runbook for engineers', 'Nishant Bhajaria', '32.', '4.8 out of 5 stars')
[2024-08-20T04:43:32.021+0000] {sql.py:518} INFO - Rows affected: 1
[2024-08-20T04:43:32.034+0000] {base.py:84} INFO - Retrieving connection 'books_connection'
[2024-08-20T04:43:32.039+0000] {sql.py:509} INFO - Running statement: 
    INSERT INTO books (title, authors, price, rating)
    VALUES (%s, %s, %s, %s)
    , parameters: ('Data Engineering and Data Science for Babies: Activity Workbook Part 1', 'Paperback', '9.', '4.1 out of 5 stars')
[2024-08-20T04:43:32.041+0000] {sql.py:518} INFO - Rows affected: 1
[2024-08-20T04:43:32.051+0000] {base.py:84} INFO - Retrieving connection 'books_connection'
[2024-08-20T04:43:32.056+0000] {sql.py:509} INFO - Running statement: 
    INSERT INTO books (title, authors, price, rating)
    VALUES (%s, %s, %s, %s)
    , parameters: ('Data Analytics, Data Visualization & Communicating Data: 3 books in 1: Learn the Processes of Data Analytics and Data Science, Create Engaging Data Visualizations, and Present Data Effectively', 'Audible Audiobook', '0.', '4.5 out of 5 stars')
[2024-08-20T04:43:32.059+0000] {sql.py:518} INFO - Rows affected: 1
[2024-08-20T04:43:32.070+0000] {base.py:84} INFO - Retrieving connection 'books_connection'
[2024-08-20T04:43:32.076+0000] {sql.py:509} INFO - Running statement: 
    INSERT INTO books (title, authors, price, rating)
    VALUES (%s, %s, %s, %s)
    , parameters: ('Learning Spark: Lightning-Fast Data Analytics', 'Jules S. Damji', '43.', '4.7 out of 5 stars')
[2024-08-20T04:43:32.078+0000] {sql.py:518} INFO - Rows affected: 1
[2024-08-20T04:43:32.089+0000] {base.py:84} INFO - Retrieving connection 'books_connection'
[2024-08-20T04:43:32.094+0000] {sql.py:509} INFO - Running statement: 
    INSERT INTO books (title, authors, price, rating)
    VALUES (%s, %s, %s, %s)
    , parameters: ('Fundamentals of Data Engineering: Efficiency, Insight, Impact: Transforming Data into Value through Expert Engineering Practices', 'Joseph Achakji', '0.', '4.6 out of 5 stars')
[2024-08-20T04:43:32.096+0000] {sql.py:518} INFO - Rows affected: 1
[2024-08-20T04:43:32.107+0000] {base.py:84} INFO - Retrieving connection 'books_connection'
[2024-08-20T04:43:32.111+0000] {sql.py:509} INFO - Running statement: 
    INSERT INTO books (title, authors, price, rating)
    VALUES (%s, %s, %s, %s)
    , parameters: ('Data Stewardship: An Actionable Guide to Effective Data Management and Data Governance', 'Paperback', '46.', '4.7 out of 5 stars')
[2024-08-20T04:43:32.113+0000] {sql.py:518} INFO - Rows affected: 1
[2024-08-20T04:43:32.124+0000] {base.py:84} INFO - Retrieving connection 'books_connection'
[2024-08-20T04:43:32.128+0000] {sql.py:509} INFO - Running statement: 
    INSERT INTO books (title, authors, price, rating)
    VALUES (%s, %s, %s, %s)
    , parameters: ("SQL QuickStart Guide: The Simplified Beginner's Guide to Managing, Analyzing, and Manipulating Data With SQL (Coding & Programming - QuickStart Guides)", 'Paperback', '23.', '4.6 out of 5 stars')
[2024-08-20T04:43:32.130+0000] {sql.py:518} INFO - Rows affected: 1
[2024-08-20T04:43:32.141+0000] {base.py:84} INFO - Retrieving connection 'books_connection'
[2024-08-20T04:43:32.146+0000] {sql.py:509} INFO - Running statement: 
    INSERT INTO books (title, authors, price, rating)
    VALUES (%s, %s, %s, %s)
    , parameters: ('Database Internals: A Deep Dive into How Distributed Data Systems Work', 'Alex Petrov', '36.', '4.6 out of 5 stars')
[2024-08-20T04:43:32.148+0000] {sql.py:518} INFO - Rows affected: 1
[2024-08-20T04:43:32.159+0000] {base.py:84} INFO - Retrieving connection 'books_connection'
[2024-08-20T04:43:32.163+0000] {sql.py:509} INFO - Running statement: 
    INSERT INTO books (title, authors, price, rating)
    VALUES (%s, %s, %s, %s)
    , parameters: ('Electrical engineering without prior knowledge: Understand the basics within 7 days (Become an Engineer Without Prior Knowledge)', 'Paperback', '17.', '4.4 out of 5 stars')
[2024-08-20T04:43:32.164+0000] {sql.py:518} INFO - Rows affected: 1
[2024-08-20T04:43:32.174+0000] {base.py:84} INFO - Retrieving connection 'books_connection'
[2024-08-20T04:43:32.178+0000] {sql.py:509} INFO - Running statement: 
    INSERT INTO books (title, authors, price, rating)
    VALUES (%s, %s, %s, %s)
    , parameters: ('Systems Engineering Demystified - Second Edition: Apply modern, model-based systems engineering techniques to build complex systems', 'Jon Holt', '45.', '4.7 out of 5 stars')
[2024-08-20T04:43:32.180+0000] {sql.py:518} INFO - Rows affected: 1
[2024-08-20T04:43:32.192+0000] {base.py:84} INFO - Retrieving connection 'books_connection'
[2024-08-20T04:43:32.197+0000] {sql.py:509} INFO - Running statement: 
    INSERT INTO books (title, authors, price, rating)
    VALUES (%s, %s, %s, %s)
    , parameters: ('Python Feature Engineering Cookbook: Over 70 recipes for creating, engineering, and transforming features to build machine learning models, 2nd Edition', 'Soledad Galli', '44.', '4.4 out of 5 stars')
[2024-08-20T04:43:32.200+0000] {sql.py:518} INFO - Rows affected: 1
[2024-08-20T04:43:32.210+0000] {base.py:84} INFO - Retrieving connection 'books_connection'
[2024-08-20T04:43:32.215+0000] {sql.py:509} INFO - Running statement: 
    INSERT INTO books (title, authors, price, rating)
    VALUES (%s, %s, %s, %s)
    , parameters: ('Learning Tableau 2022 - Fifth Edition: Create effective data visualizations, build interactive visual analytics, and improve your data storytelling capabilities', 'Joshua N Milligan', '57.', '4.5 out of 5 stars')
[2024-08-20T04:43:32.218+0000] {sql.py:518} INFO - Rows affected: 1
[2024-08-20T04:43:32.229+0000] {base.py:84} INFO - Retrieving connection 'books_connection'
[2024-08-20T04:43:32.234+0000] {sql.py:509} INFO - Running statement: 
    INSERT INTO books (title, authors, price, rating)
    VALUES (%s, %s, %s, %s)
    , parameters: ('Machine Learning Engineering with Python - Second Edition: Manage the lifecycle of machine learning models using MLOps with practical examples', 'Andrew McMahon', '32.', '4.7 out of 5 stars')
[2024-08-20T04:43:32.236+0000] {sql.py:518} INFO - Rows affected: 1
[2024-08-20T04:43:32.250+0000] {base.py:84} INFO - Retrieving connection 'books_connection'
[2024-08-20T04:43:32.256+0000] {sql.py:509} INFO - Running statement: 
    INSERT INTO books (title, authors, price, rating)
    VALUES (%s, %s, %s, %s)
    , parameters: ('Data Science (The MIT Press Essential Knowledge series)', 'Paperback', '10.', '4.4 out of 5 stars')
[2024-08-20T04:43:32.258+0000] {sql.py:518} INFO - Rows affected: 1
[2024-08-20T04:43:32.270+0000] {base.py:84} INFO - Retrieving connection 'books_connection'
[2024-08-20T04:43:32.276+0000] {sql.py:509} INFO - Running statement: 
    INSERT INTO books (title, authors, price, rating)
    VALUES (%s, %s, %s, %s)
    , parameters: ('Engineers Survival Guide: Advice, tactics, and tricks After a decade of working at Facebook, Snapchat, and Microsoft', 'Merih Taze', '29.', '4.4 out of 5 stars')
[2024-08-20T04:43:32.278+0000] {sql.py:518} INFO - Rows affected: 1
[2024-08-20T04:43:32.292+0000] {base.py:84} INFO - Retrieving connection 'books_connection'
[2024-08-20T04:43:32.300+0000] {sql.py:509} INFO - Running statement: 
    INSERT INTO books (title, authors, price, rating)
    VALUES (%s, %s, %s, %s)
    , parameters: ('How Data Happened: A History from the Age of Reason to the Age of Algorithms', 'Chris Wiggins', '16.', '4.2 out of 5 stars')
[2024-08-20T04:43:32.303+0000] {sql.py:518} INFO - Rows affected: 1
[2024-08-20T04:43:32.315+0000] {base.py:84} INFO - Retrieving connection 'books_connection'
[2024-08-20T04:43:32.320+0000] {sql.py:509} INFO - Running statement: 
    INSERT INTO books (title, authors, price, rating)
    VALUES (%s, %s, %s, %s)
    , parameters: ("System Design Interview – An insider's guide", 'Alex Xu', '37.', '4.6 out of 5 stars')
[2024-08-20T04:43:32.322+0000] {sql.py:518} INFO - Rows affected: 1
[2024-08-20T04:43:32.337+0000] {base.py:84} INFO - Retrieving connection 'books_connection'
[2024-08-20T04:43:32.342+0000] {sql.py:509} INFO - Running statement: 
    INSERT INTO books (title, authors, price, rating)
    VALUES (%s, %s, %s, %s)
    , parameters: ('Data Engineering with Scala and Spark: A practical guide helping you build streaming and batch pipelines that process massive amounts of data using Scala', 'Eric Tome', '36.', '4.3 out of 5 stars')
[2024-08-20T04:43:32.345+0000] {sql.py:518} INFO - Rows affected: 1
[2024-08-20T04:43:32.359+0000] {base.py:84} INFO - Retrieving connection 'books_connection'
[2024-08-20T04:43:32.370+0000] {sql.py:509} INFO - Running statement: 
    INSERT INTO books (title, authors, price, rating)
    VALUES (%s, %s, %s, %s)
    , parameters: ('Azure Data Engineer Associate Certification Guide: A hands-on reference guide to developing your data engineering skills and preparing for the DP-203 exam', 'Newton Alex', '54.', '3.9 out of 5 stars')
[2024-08-20T04:43:32.376+0000] {sql.py:518} INFO - Rows affected: 1
[2024-08-20T04:43:32.394+0000] {base.py:84} INFO - Retrieving connection 'books_connection'
[2024-08-20T04:43:32.405+0000] {sql.py:509} INFO - Running statement: 
    INSERT INTO books (title, authors, price, rating)
    VALUES (%s, %s, %s, %s)
    , parameters: ('Mastering the Data Paradox: Key to Winning in the AI Age', 'Nitin Seth', '18.', '4.8 out of 5 stars')
[2024-08-20T04:43:32.408+0000] {sql.py:518} INFO - Rows affected: 1
[2024-08-20T04:43:32.423+0000] {base.py:84} INFO - Retrieving connection 'books_connection'
[2024-08-20T04:43:32.429+0000] {sql.py:509} INFO - Running statement: 
    INSERT INTO books (title, authors, price, rating)
    VALUES (%s, %s, %s, %s)
    , parameters: ('Data Science on AWS: Implementing End-to-End, Continuous AI and Machine Learning Pipelines', 'Chris Fregly', '11.', '4.5 out of 5 stars')
[2024-08-20T04:43:32.431+0000] {sql.py:518} INFO - Rows affected: 1
[2024-08-20T04:43:32.444+0000] {base.py:84} INFO - Retrieving connection 'books_connection'
[2024-08-20T04:43:32.451+0000] {sql.py:509} INFO - Running statement: 
    INSERT INTO books (title, authors, price, rating)
    VALUES (%s, %s, %s, %s)
    , parameters: ("Applied Machine Learning and AI for Engineers: Solve Business Problems That Can't Be Solved Algorithmically", 'Jeff Prosise', '55.', '4.5 out of 5 stars')
[2024-08-20T04:43:32.454+0000] {sql.py:518} INFO - Rows affected: 1
[2024-08-20T04:43:32.470+0000] {base.py:84} INFO - Retrieving connection 'books_connection'
[2024-08-20T04:43:32.478+0000] {sql.py:509} INFO - Running statement: 
    INSERT INTO books (title, authors, price, rating)
    VALUES (%s, %s, %s, %s)
    , parameters: ('Feature Engineering for Machine Learning: Principles and Techniques for Data Scientists', 'Alice Zheng', '41.', '4.4 out of 5 stars')
[2024-08-20T04:43:32.481+0000] {sql.py:518} INFO - Rows affected: 1
[2024-08-20T04:43:32.499+0000] {base.py:84} INFO - Retrieving connection 'books_connection'
[2024-08-20T04:43:32.504+0000] {sql.py:509} INFO - Running statement: 
    INSERT INTO books (title, authors, price, rating)
    VALUES (%s, %s, %s, %s)
    , parameters: ('Better Data Visualizations: A Guide for Scholars, Researchers, and Wonks', 'Jonathan Schwabish', '26.', '4.5 out of 5 stars')
[2024-08-20T04:43:32.507+0000] {sql.py:518} INFO - Rows affected: 1
[2024-08-20T04:43:32.531+0000] {base.py:84} INFO - Retrieving connection 'books_connection'
[2024-08-20T04:43:32.547+0000] {sql.py:509} INFO - Running statement: 
    INSERT INTO books (title, authors, price, rating)
    VALUES (%s, %s, %s, %s)
    , parameters: ('SQL Data Analytics Made Easy: Your Step-by-Step Guide to Unlocking Data’s Hidden Secrets: Demystify complex concepts, and harness the power of data to drive intelligent decision-making effortlessly.', 'L.D. Knowings', '14.', '4.1 out of 5 stars')
[2024-08-20T04:43:32.553+0000] {sql.py:518} INFO - Rows affected: 1
[2024-08-20T04:43:32.582+0000] {base.py:84} INFO - Retrieving connection 'books_connection'
[2024-08-20T04:43:32.591+0000] {sql.py:509} INFO - Running statement: 
    INSERT INTO books (title, authors, price, rating)
    VALUES (%s, %s, %s, %s)
    , parameters: ('Python Data Engineering Resources: Boost Your Career With This Python Handbook; Prepare For Python Interview; Python Programming Cookbook For Beginners and Experienced; Python Data Analysis and More', 'Vajo Lukic', '9.', '4.8 out of 5 stars')
[2024-08-20T04:43:32.593+0000] {sql.py:518} INFO - Rows affected: 1
[2024-08-20T04:43:32.617+0000] {base.py:84} INFO - Retrieving connection 'books_connection'
[2024-08-20T04:43:32.624+0000] {sql.py:509} INFO - Running statement: 
    INSERT INTO books (title, authors, price, rating)
    VALUES (%s, %s, %s, %s)
    , parameters: ('The Art of Doing Science and Engineering: Learning to Learn', 'Richard W. Hamming', '19.', '4.6 out of 5 stars')
[2024-08-20T04:43:32.626+0000] {sql.py:518} INFO - Rows affected: 1
[2024-08-20T04:43:32.646+0000] {base.py:84} INFO - Retrieving connection 'books_connection'
[2024-08-20T04:43:32.654+0000] {sql.py:509} INFO - Running statement: 
    INSERT INTO books (title, authors, price, rating)
    VALUES (%s, %s, %s, %s)
    , parameters: ('A Common-Sense Guide to Data Structures and Algorithms, Second Edition: Level Up Your Core Programming Skills', 'Jay Wengrow', '39.', '4.7 out of 5 stars')
[2024-08-20T04:43:32.657+0000] {sql.py:518} INFO - Rows affected: 1
[2024-08-20T04:43:32.679+0000] {base.py:84} INFO - Retrieving connection 'books_connection'
[2024-08-20T04:43:32.686+0000] {sql.py:509} INFO - Running statement: 
    INSERT INTO books (title, authors, price, rating)
    VALUES (%s, %s, %s, %s)
    , parameters: ('Fundamentals of Data Visualization: A Primer on Making Informative and Compelling Figures', 'Claus Wilke', '49.', '4.6 out of 5 stars')
[2024-08-20T04:43:32.689+0000] {sql.py:518} INFO - Rows affected: 1
[2024-08-20T04:43:32.704+0000] {base.py:84} INFO - Retrieving connection 'books_connection'
[2024-08-20T04:43:32.715+0000] {sql.py:509} INFO - Running statement: 
    INSERT INTO books (title, authors, price, rating)
    VALUES (%s, %s, %s, %s)
    , parameters: ('Hypothesis Testing: An Intuitive Guide for Making Data Driven Decisions', 'Jim Frost', '23.', '4.5 out of 5 stars')
[2024-08-20T04:43:32.718+0000] {sql.py:518} INFO - Rows affected: 1
[2024-08-20T04:43:32.730+0000] {base.py:84} INFO - Retrieving connection 'books_connection'
[2024-08-20T04:43:32.736+0000] {sql.py:509} INFO - Running statement: 
    INSERT INTO books (title, authors, price, rating)
    VALUES (%s, %s, %s, %s)
    , parameters: ('Modeling and Simulation in Python: An Introduction for Scientists and Engineers', 'Allen B. Downey', '32.', '4.5 out of 5 stars')
[2024-08-20T04:43:32.739+0000] {sql.py:518} INFO - Rows affected: 1
[2024-08-20T04:43:32.758+0000] {base.py:84} INFO - Retrieving connection 'books_connection'
[2024-08-20T04:43:32.767+0000] {sql.py:509} INFO - Running statement: 
    INSERT INTO books (title, authors, price, rating)
    VALUES (%s, %s, %s, %s)
    , parameters: ('The Data Governance Guidebook and Playbook: By a Practitioner for Practitioners', 'Paperback', '25.', '4.3 out of 5 stars')
[2024-08-20T04:43:32.770+0000] {sql.py:518} INFO - Rows affected: 1
[2024-08-20T04:43:32.787+0000] {base.py:84} INFO - Retrieving connection 'books_connection'
[2024-08-20T04:43:32.800+0000] {sql.py:509} INFO - Running statement: 
    INSERT INTO books (title, authors, price, rating)
    VALUES (%s, %s, %s, %s)
    , parameters: ('AWS Certified Data Analytics Study Guide: Specialty (DAS-C01) Exam', 'Asif Abbasi', '31.', '4.6 out of 5 stars')
[2024-08-20T04:43:32.802+0000] {sql.py:518} INFO - Rows affected: 1
[2024-08-20T04:43:32.816+0000] {base.py:84} INFO - Retrieving connection 'books_connection'
[2024-08-20T04:43:32.821+0000] {sql.py:509} INFO - Running statement: 
    INSERT INTO books (title, authors, price, rating)
    VALUES (%s, %s, %s, %s)
    , parameters: ('50 Algorithms Every Programmer Should Know - Second Edition: An unbeatable arsenal of algorithmic solutions for real-world problems', 'Imran Ahmad', '37.', '4.4 out of 5 stars')
[2024-08-20T04:43:32.825+0000] {sql.py:518} INFO - Rows affected: 1
[2024-08-20T04:43:32.840+0000] {base.py:84} INFO - Retrieving connection 'books_connection'
[2024-08-20T04:43:32.849+0000] {sql.py:509} INFO - Running statement: 
    INSERT INTO books (title, authors, price, rating)
    VALUES (%s, %s, %s, %s)
    , parameters: ('Technology is Dead', 'Paperback', '23.', '5.0 out of 5 stars')
[2024-08-20T04:43:32.851+0000] {sql.py:518} INFO - Rows affected: 1
[2024-08-20T04:43:32.871+0000] {base.py:84} INFO - Retrieving connection 'books_connection'
[2024-08-20T04:43:32.879+0000] {sql.py:509} INFO - Running statement: 
    INSERT INTO books (title, authors, price, rating)
    VALUES (%s, %s, %s, %s)
    , parameters: ('Designing Cloud Data Platforms', 'Audible Audiobook', '0.', '4.7 out of 5 stars')
[2024-08-20T04:43:32.883+0000] {sql.py:518} INFO - Rows affected: 1
[2024-08-20T04:43:32.896+0000] {base.py:84} INFO - Retrieving connection 'books_connection'
[2024-08-20T04:43:32.901+0000] {sql.py:509} INFO - Running statement: 
    INSERT INTO books (title, authors, price, rating)
    VALUES (%s, %s, %s, %s)
    , parameters: ('Data Science: The Hard Parts: Techniques for Excelling at Data Science', 'Daniel Vaughan', '48.', '5.0 out of 5 stars')
[2024-08-20T04:43:32.903+0000] {sql.py:518} INFO - Rows affected: 1
[2024-08-20T04:43:32.919+0000] {base.py:84} INFO - Retrieving connection 'books_connection'
[2024-08-20T04:43:32.925+0000] {sql.py:509} INFO - Running statement: 
    INSERT INTO books (title, authors, price, rating)
    VALUES (%s, %s, %s, %s)
    , parameters: ('Data Management at Scale: Modern Data Architecture with Data Mesh and Data Fabric', 'Piethein Strengholt', '47.', '4.5 out of 5 stars')
[2024-08-20T04:43:32.929+0000] {sql.py:518} INFO - Rows affected: 1
[2024-08-20T04:43:32.940+0000] {base.py:84} INFO - Retrieving connection 'books_connection'
[2024-08-20T04:43:32.947+0000] {sql.py:509} INFO - Running statement: 
    INSERT INTO books (title, authors, price, rating)
    VALUES (%s, %s, %s, %s)
    , parameters: ('Practical Fraud Prevention: Fraud and AML Analytics for Fintech and eCommerce, Using SQL and Python', 'Gilit Saporta', '47.', '4.4 out of 5 stars')
[2024-08-20T04:43:32.949+0000] {sql.py:518} INFO - Rows affected: 1
[2024-08-20T04:43:32.960+0000] {base.py:84} INFO - Retrieving connection 'books_connection'
[2024-08-20T04:43:32.966+0000] {sql.py:509} INFO - Running statement: 
    INSERT INTO books (title, authors, price, rating)
    VALUES (%s, %s, %s, %s)
    , parameters: ('Data Quality Engineering in Financial Services: Applying Manufacturing Techniques to Data', 'Brian Buzzelli', '30.', '4.4 out of 5 stars')
[2024-08-20T04:43:32.968+0000] {sql.py:518} INFO - Rows affected: 1
[2024-08-20T04:43:32.978+0000] {base.py:84} INFO - Retrieving connection 'books_connection'
[2024-08-20T04:43:32.983+0000] {sql.py:509} INFO - Running statement: 
    INSERT INTO books (title, authors, price, rating)
    VALUES (%s, %s, %s, %s)
    , parameters: ('Ultimate Azure Data Engineering: Build Robust Data Engineering Systems on Azure with SQL, ETL, Data Modeling, and Power BI for Business Insights and Crack Azure Certifications (English Edition)', 'Ashish Agarwal', '39.', '5.0 out of 5 stars')
[2024-08-20T04:43:32.986+0000] {sql.py:518} INFO - Rows affected: 1
[2024-08-20T04:43:32.997+0000] {base.py:84} INFO - Retrieving connection 'books_connection'
[2024-08-20T04:43:33.002+0000] {sql.py:509} INFO - Running statement: 
    INSERT INTO books (title, authors, price, rating)
    VALUES (%s, %s, %s, %s)
    , parameters: ('Data Structures and Algorithms: 100 Interview Questions (Advanced Topics in Programming Book 2)', 'Kindle', '9.', '5.0 out of 5 stars')
[2024-08-20T04:43:33.004+0000] {sql.py:518} INFO - Rows affected: 1
[2024-08-20T04:43:33.014+0000] {base.py:84} INFO - Retrieving connection 'books_connection'
[2024-08-20T04:43:33.018+0000] {sql.py:509} INFO - Running statement: 
    INSERT INTO books (title, authors, price, rating)
    VALUES (%s, %s, %s, %s)
    , parameters: ('Data-Centric Machine Learning with Python: The ultimate guide to engineering and deploying high-quality models based on good data', 'Jonas Christensen', '49.', '4.6 out of 5 stars')
[2024-08-20T04:43:33.022+0000] {sql.py:518} INFO - Rows affected: 1
[2024-08-20T04:43:33.042+0000] {base.py:84} INFO - Retrieving connection 'books_connection'
[2024-08-20T04:43:33.051+0000] {sql.py:509} INFO - Running statement: 
    INSERT INTO books (title, authors, price, rating)
    VALUES (%s, %s, %s, %s)
    , parameters: ('Architecting Data and Machine Learning Platforms: Enable Analytics and AI-Driven Innovation in the Cloud', 'Marco Tranquillin', '37.', '4.3 out of 5 stars')
[2024-08-20T04:43:33.057+0000] {sql.py:518} INFO - Rows affected: 1
[2024-08-20T04:43:33.068+0000] {base.py:84} INFO - Retrieving connection 'books_connection'
[2024-08-20T04:43:33.073+0000] {sql.py:509} INFO - Running statement: 
    INSERT INTO books (title, authors, price, rating)
    VALUES (%s, %s, %s, %s)
    , parameters: ('Killed by a Traffic Engineer: Shattering the Delusion that Science Underlies our Transportation System', 'Wes Marshall', '33.', '4.5 out of 5 stars')
[2024-08-20T04:43:33.075+0000] {sql.py:518} INFO - Rows affected: 1
[2024-08-20T04:43:33.093+0000] {base.py:84} INFO - Retrieving connection 'books_connection'
[2024-08-20T04:43:33.098+0000] {sql.py:509} INFO - Running statement: 
    INSERT INTO books (title, authors, price, rating)
    VALUES (%s, %s, %s, %s)
    , parameters: ('Restricted Data: The History of Nuclear Secrecy in the United States', 'Alex Wellerstein', '2.', '4.7 out of 5 stars')
[2024-08-20T04:43:33.100+0000] {sql.py:518} INFO - Rows affected: 1
[2024-08-20T04:43:33.111+0000] {base.py:84} INFO - Retrieving connection 'books_connection'
[2024-08-20T04:43:33.116+0000] {sql.py:509} INFO - Running statement: 
    INSERT INTO books (title, authors, price, rating)
    VALUES (%s, %s, %s, %s)
    , parameters: ('Data Driven: Truckers, Technology, and the New Workplace Surveillance', 'Karen Levy', '21.', '4.3 out of 5 stars')
[2024-08-20T04:43:33.118+0000] {sql.py:518} INFO - Rows affected: 1
[2024-08-20T04:43:33.130+0000] {base.py:84} INFO - Retrieving connection 'books_connection'
[2024-08-20T04:43:33.135+0000] {sql.py:509} INFO - Running statement: 
    INSERT INTO books (title, authors, price, rating)
    VALUES (%s, %s, %s, %s)
    , parameters: ("Engineers' Practical Databook: A Technical Reference Guide for Students and Professionals", 'Jay Smith', '18.', '4.6 out of 5 stars')
[2024-08-20T04:43:33.138+0000] {sql.py:518} INFO - Rows affected: 1
[2024-08-20T04:43:33.147+0000] {base.py:84} INFO - Retrieving connection 'books_connection'
[2024-08-20T04:43:33.151+0000] {sql.py:509} INFO - Running statement: 
    INSERT INTO books (title, authors, price, rating)
    VALUES (%s, %s, %s, %s)
    , parameters: ('Understanding Cryptography: A Textbook for Students and Practitioners', 'Christof Paar', '29.', '4.6 out of 5 stars')
[2024-08-20T04:43:33.152+0000] {sql.py:518} INFO - Rows affected: 1
[2024-08-20T04:43:33.162+0000] {base.py:84} INFO - Retrieving connection 'books_connection'
[2024-08-20T04:43:33.167+0000] {sql.py:509} INFO - Running statement: 
    INSERT INTO books (title, authors, price, rating)
    VALUES (%s, %s, %s, %s)
    , parameters: ('Grokking Algorithms', 'Audible Audiobook', '0.', '4.6 out of 5 stars')
[2024-08-20T04:43:33.168+0000] {sql.py:518} INFO - Rows affected: 1
[2024-08-20T04:43:33.178+0000] {base.py:84} INFO - Retrieving connection 'books_connection'
[2024-08-20T04:43:33.183+0000] {sql.py:509} INFO - Running statement: 
    INSERT INTO books (title, authors, price, rating)
    VALUES (%s, %s, %s, %s)
    , parameters: ('Observability Engineering: Achieving Production Excellence', 'Charity Majors', '34.', '4.3 out of 5 stars')
[2024-08-20T04:43:33.184+0000] {sql.py:518} INFO - Rows affected: 1
[2024-08-20T04:43:33.194+0000] {base.py:84} INFO - Retrieving connection 'books_connection'
[2024-08-20T04:43:33.199+0000] {sql.py:509} INFO - Running statement: 
    INSERT INTO books (title, authors, price, rating)
    VALUES (%s, %s, %s, %s)
    , parameters: ('Practical Reverse Engineering: x86, x64, ARM, Windows Kernel, Reversing Tools, and Obfuscation', 'Bruce Dang', '34.', '4.6 out of 5 stars')
[2024-08-20T04:43:33.200+0000] {sql.py:518} INFO - Rows affected: 1
[2024-08-20T04:43:33.210+0000] {base.py:84} INFO - Retrieving connection 'books_connection'
[2024-08-20T04:43:33.214+0000] {sql.py:509} INFO - Running statement: 
    INSERT INTO books (title, authors, price, rating)
    VALUES (%s, %s, %s, %s)
    , parameters: ('Building ETL Pipelines with Python: Create and deploy enterprise-ready ETL pipelines by employing modern methods', 'Brij Kishore Pandey', '17.', '4.2 out of 5 stars')
[2024-08-20T04:43:33.216+0000] {sql.py:518} INFO - Rows affected: 1
[2024-08-20T04:43:33.225+0000] {base.py:84} INFO - Retrieving connection 'books_connection'
[2024-08-20T04:43:33.229+0000] {sql.py:509} INFO - Running statement: 
    INSERT INTO books (title, authors, price, rating)
    VALUES (%s, %s, %s, %s)
    , parameters: ('Mastering Databricks Lakehouse Platform: Perform Data Warehousing, Data Engineering, Machine Learning, DevOps, and BI into a Single Platform (English Edition)', 'Sagar Lad', '26.', '3.6 out of 5 stars')
[2024-08-20T04:43:33.231+0000] {sql.py:518} INFO - Rows affected: 1
[2024-08-20T04:43:33.240+0000] {base.py:84} INFO - Retrieving connection 'books_connection'
[2024-08-20T04:43:33.244+0000] {sql.py:509} INFO - Running statement: 
    INSERT INTO books (title, authors, price, rating)
    VALUES (%s, %s, %s, %s)
    , parameters: ('The Data Model Resource Book, Vol. 1: A Library of Universal Data Models for All Enterprises', 'Len Silverston', '63.', '4.3 out of 5 stars')
[2024-08-20T04:43:33.247+0000] {sql.py:518} INFO - Rows affected: 1
[2024-08-20T04:43:33.258+0000] {base.py:84} INFO - Retrieving connection 'books_connection'
[2024-08-20T04:43:33.263+0000] {sql.py:509} INFO - Running statement: 
    INSERT INTO books (title, authors, price, rating)
    VALUES (%s, %s, %s, %s)
    , parameters: ('Data Grab: The New Colonialism of Big Tech and How to Fight Back', 'Ulises A. Mejias', '21.', '5.0 out of 5 stars')
[2024-08-20T04:43:33.265+0000] {sql.py:518} INFO - Rows affected: 1
[2024-08-20T04:43:33.275+0000] {base.py:84} INFO - Retrieving connection 'books_connection'
[2024-08-20T04:43:33.279+0000] {sql.py:509} INFO - Running statement: 
    INSERT INTO books (title, authors, price, rating)
    VALUES (%s, %s, %s, %s)
    , parameters: ('The Data Model Resource Book, Vol. 2: A Library of Data Models for Specific Industries', 'Len Silverston', '68.', '4.1 out of 5 stars')
[2024-08-20T04:43:33.281+0000] {sql.py:518} INFO - Rows affected: 1
[2024-08-20T04:43:33.283+0000] {python.py:240} INFO - Done. Returned value was: None
[2024-08-20T04:43:33.296+0000] {taskinstance.py:340} INFO - ::group::Post task execution logs
[2024-08-20T04:43:33.297+0000] {taskinstance.py:352} INFO - Marking task as SUCCESS. dag_id=fetch_and_store_DE_books, task_id=insert_book_data, run_id=scheduled__2024-07-10T00:00:00+00:00, execution_date=20240710T000000, start_date=20240820T044330, end_date=20240820T044333
[2024-08-20T04:43:33.311+0000] {logging_mixin.py:190} INFO - Task instance in success state
[2024-08-20T04:43:33.312+0000] {logging_mixin.py:190} INFO -  Previous state of the Task instance: running
[2024-08-20T04:43:33.313+0000] {logging_mixin.py:190} INFO - Dag name:fetch_and_store_DE_books queued_at:2024-08-20 04:43:14.994819+00:00
[2024-08-20T04:43:33.313+0000] {logging_mixin.py:190} INFO - Task hostname:668944ed7238 operator:PythonOperator
[2024-08-20T04:43:33.326+0000] {local_task_job_runner.py:261} INFO - Task exited with return code 0
[2024-08-20T04:43:33.352+0000] {taskinstance.py:3891} INFO - 0 downstream tasks scheduled from follow-on schedule check
[2024-08-20T04:43:33.355+0000] {local_task_job_runner.py:240} INFO - ::endgroup::
