[2024-08-20T04:47:09.033+0000] {local_task_job_runner.py:123} INFO - ::group::Pre task execution logs
[2024-08-20T04:47:09.057+0000] {taskinstance.py:2603} INFO - Dependencies all met for dep_context=non-requeueable deps ti=<TaskInstance: fetch_and_store_DE_books.insert_book_data scheduled__2024-08-13T00:00:00+00:00 [queued]>
[2024-08-20T04:47:09.070+0000] {taskinstance.py:2603} INFO - Dependencies all met for dep_context=requeueable deps ti=<TaskInstance: fetch_and_store_DE_books.insert_book_data scheduled__2024-08-13T00:00:00+00:00 [queued]>
[2024-08-20T04:47:09.072+0000] {taskinstance.py:2856} INFO - Starting attempt 1 of 2
[2024-08-20T04:47:09.088+0000] {taskinstance.py:2879} INFO - Executing <Task(PythonOperator): insert_book_data> on 2024-08-13 00:00:00+00:00
[2024-08-20T04:47:09.099+0000] {warnings.py:112} WARNING - /home/***/.local/lib/python3.12/site-packages/***/task/task_runner/standard_task_runner.py:70: DeprecationWarning: This process (pid=1313) is multi-threaded, use of fork() may lead to deadlocks in the child.
  pid = os.fork()

[2024-08-20T04:47:09.101+0000] {standard_task_runner.py:72} INFO - Started process 1317 to run task
[2024-08-20T04:47:09.101+0000] {standard_task_runner.py:104} INFO - Running: ['***', 'tasks', 'run', 'fetch_and_store_DE_books', 'insert_book_data', 'scheduled__2024-08-13T00:00:00+00:00', '--job-id', '137', '--raw', '--subdir', 'DAGS_FOLDER/app.py', '--cfg-path', '/tmp/tmpbcja2mpk']
[2024-08-20T04:47:09.102+0000] {standard_task_runner.py:105} INFO - Job 137: Subtask insert_book_data
[2024-08-20T04:47:09.156+0000] {task_command.py:467} INFO - Running <TaskInstance: fetch_and_store_DE_books.insert_book_data scheduled__2024-08-13T00:00:00+00:00 [running]> on host 668944ed7238
[2024-08-20T04:47:09.251+0000] {taskinstance.py:3122} INFO - Exporting env vars: AIRFLOW_CTX_DAG_OWNER='***' AIRFLOW_CTX_DAG_ID='fetch_and_store_DE_books' AIRFLOW_CTX_TASK_ID='insert_book_data' AIRFLOW_CTX_EXECUTION_DATE='2024-08-13T00:00:00+00:00' AIRFLOW_CTX_TRY_NUMBER='1' AIRFLOW_CTX_DAG_RUN_ID='scheduled__2024-08-13T00:00:00+00:00'
[2024-08-20T04:47:09.253+0000] {logging_mixin.py:190} INFO - Task instance is in running state
[2024-08-20T04:47:09.253+0000] {logging_mixin.py:190} INFO -  Previous state of the Task instance: queued
[2024-08-20T04:47:09.254+0000] {logging_mixin.py:190} INFO - Current task name:insert_book_data state:running start_date:2024-08-20 04:47:09.058665+00:00
[2024-08-20T04:47:09.255+0000] {logging_mixin.py:190} INFO - Dag name:fetch_and_store_DE_books and current dag run status:running
[2024-08-20T04:47:09.256+0000] {taskinstance.py:731} INFO - ::endgroup::
[2024-08-20T04:47:09.277+0000] {base.py:84} INFO - Retrieving connection 'books_connection'
[2024-08-20T04:47:09.286+0000] {sql.py:509} INFO - Running statement: 
    INSERT INTO books (title, authors, price, rating)
    VALUES (%s, %s, %s, %s)
    , parameters: ('Ace the Data Engineering Interview: Questions and Answers for Python, SQL, Data Modeling and More', 'Sean Coyne', '24.', '4.1 out of 5 stars')
[2024-08-20T04:47:09.288+0000] {sql.py:518} INFO - Rows affected: 1
[2024-08-20T04:47:09.297+0000] {base.py:84} INFO - Retrieving connection 'books_connection'
[2024-08-20T04:47:09.301+0000] {sql.py:509} INFO - Running statement: 
    INSERT INTO books (title, authors, price, rating)
    VALUES (%s, %s, %s, %s)
    , parameters: ('Data Engineering with AWS - Second Edition: Acquire the skills to design and build AWS-based data transformation pipelines like a pro', 'Gareth Eagar', '41.', '4.4 out of 5 stars')
[2024-08-20T04:47:09.303+0000] {sql.py:518} INFO - Rows affected: 1
[2024-08-20T04:47:09.312+0000] {base.py:84} INFO - Retrieving connection 'books_connection'
[2024-08-20T04:47:09.316+0000] {sql.py:509} INFO - Running statement: 
    INSERT INTO books (title, authors, price, rating)
    VALUES (%s, %s, %s, %s)
    , parameters: ('Azure Data Engineer Associate Certification Guide: Ace the DP-203 exam with advanced data engineering skills', 'Giacinto Palmieri', '39.', '4.5 out of 5 stars')
[2024-08-20T04:47:09.317+0000] {sql.py:518} INFO - Rows affected: 1
[2024-08-20T04:47:09.327+0000] {base.py:84} INFO - Retrieving connection 'books_connection'
[2024-08-20T04:47:09.331+0000] {sql.py:509} INFO - Running statement: 
    INSERT INTO books (title, authors, price, rating)
    VALUES (%s, %s, %s, %s)
    , parameters: ('Data Engineering 101', 'Paperback', '22.', '5.0 out of 5 stars')
[2024-08-20T04:47:09.333+0000] {sql.py:518} INFO - Rows affected: 1
[2024-08-20T04:47:09.342+0000] {base.py:84} INFO - Retrieving connection 'books_connection'
[2024-08-20T04:47:09.346+0000] {sql.py:509} INFO - Running statement: 
    INSERT INTO books (title, authors, price, rating)
    VALUES (%s, %s, %s, %s)
    , parameters: ('Fundamentals of Data Engineering: Plan and Build Robust Data Systems', 'Joe Reis', '38.', '4.7 out of 5 stars')
[2024-08-20T04:47:09.348+0000] {sql.py:518} INFO - Rows affected: 1
[2024-08-20T04:47:09.358+0000] {base.py:84} INFO - Retrieving connection 'books_connection'
[2024-08-20T04:47:09.361+0000] {sql.py:509} INFO - Running statement: 
    INSERT INTO books (title, authors, price, rating)
    VALUES (%s, %s, %s, %s)
    , parameters: ('Data Pipelines Pocket Reference: Moving and Processing Data for Analytics', 'James Densmore', '17.', '4.5 out of 5 stars')
[2024-08-20T04:47:09.363+0000] {sql.py:518} INFO - Rows affected: 1
[2024-08-20T04:47:09.372+0000] {base.py:84} INFO - Retrieving connection 'books_connection'
[2024-08-20T04:47:09.376+0000] {sql.py:509} INFO - Running statement: 
    INSERT INTO books (title, authors, price, rating)
    VALUES (%s, %s, %s, %s)
    , parameters: ('Designing Data-Intensive Applications: The Big Ideas Behind Reliable, Scalable, and Maintainable Systems', 'Martin Kleppmann', '35.', '4.8 out of 5 stars')
[2024-08-20T04:47:09.378+0000] {sql.py:518} INFO - Rows affected: 1
[2024-08-20T04:47:09.386+0000] {base.py:84} INFO - Retrieving connection 'books_connection'
[2024-08-20T04:47:09.391+0000] {sql.py:509} INFO - Running statement: 
    INSERT INTO books (title, authors, price, rating)
    VALUES (%s, %s, %s, %s)
    , parameters: ('Data Analysis with Python and PySpark', 'Jonathan Rioux', '55.', '4.4 out of 5 stars')
[2024-08-20T04:47:09.393+0000] {sql.py:518} INFO - Rows affected: 1
[2024-08-20T04:47:09.402+0000] {base.py:84} INFO - Retrieving connection 'books_connection'
[2024-08-20T04:47:09.406+0000] {sql.py:509} INFO - Running statement: 
    INSERT INTO books (title, authors, price, rating)
    VALUES (%s, %s, %s, %s)
    , parameters: ("Azure Data Factory Cookbook - Second Edition: A data engineer's guide to building and managing ETL and ELT pipelines with data integration", 'Dmitry Foshin', '51.', '4.4 out of 5 stars')
[2024-08-20T04:47:09.409+0000] {sql.py:518} INFO - Rows affected: 1
[2024-08-20T04:47:09.419+0000] {base.py:84} INFO - Retrieving connection 'books_connection'
[2024-08-20T04:47:09.423+0000] {sql.py:509} INFO - Running statement: 
    INSERT INTO books (title, authors, price, rating)
    VALUES (%s, %s, %s, %s)
    , parameters: ('Data Engineering with dbt: A practical guide to building a cloud-based, pragmatic, and dependable data platform with SQL', 'Roberto Zagni', '37.', '4.6 out of 5 stars')
[2024-08-20T04:47:09.425+0000] {sql.py:518} INFO - Rows affected: 1
[2024-08-20T04:47:09.435+0000] {base.py:84} INFO - Retrieving connection 'books_connection'
[2024-08-20T04:47:09.439+0000] {sql.py:509} INFO - Running statement: 
    INSERT INTO books (title, authors, price, rating)
    VALUES (%s, %s, %s, %s)
    , parameters: ('Data Engineering with Python: Work with massive datasets to design data models and automate data pipelines using Python', 'Paul Crickard', '37.', '4.1 out of 5 stars')
[2024-08-20T04:47:09.441+0000] {sql.py:518} INFO - Rows affected: 1
[2024-08-20T04:47:09.451+0000] {base.py:84} INFO - Retrieving connection 'books_connection'
[2024-08-20T04:47:09.455+0000] {sql.py:509} INFO - Running statement: 
    INSERT INTO books (title, authors, price, rating)
    VALUES (%s, %s, %s, %s)
    , parameters: ('Data Engineering with Python cookbook: Learn to build efficient data pipelines using the Modern Cloud Data Stack', 'Adithyan Ramanujakootam', '29.', '5.0 out of 5 stars')
[2024-08-20T04:47:09.458+0000] {sql.py:518} INFO - Rows affected: 1
[2024-08-20T04:47:09.468+0000] {base.py:84} INFO - Retrieving connection 'books_connection'
[2024-08-20T04:47:09.473+0000] {sql.py:509} INFO - Running statement: 
    INSERT INTO books (title, authors, price, rating)
    VALUES (%s, %s, %s, %s)
    , parameters: ('Cracking the Data Engineering Interview: Land your dream job with the help of resume-building tips, over 100 mock questions, and a unique portfolio', 'Kedeisha Bryan', '26.', '4.4 out of 5 stars')
[2024-08-20T04:47:09.475+0000] {sql.py:518} INFO - Rows affected: 1
[2024-08-20T04:47:09.483+0000] {base.py:84} INFO - Retrieving connection 'books_connection'
[2024-08-20T04:47:09.487+0000] {sql.py:509} INFO - Running statement: 
    INSERT INTO books (title, authors, price, rating)
    VALUES (%s, %s, %s, %s)
    , parameters: ('Data Engineering with AWS: Learn how to design and build cloud-based data transformation pipelines using AWS', 'Gareth Eagar', '49.', '4.4 out of 5 stars')
[2024-08-20T04:47:09.490+0000] {sql.py:518} INFO - Rows affected: 1
[2024-08-20T04:47:09.499+0000] {base.py:84} INFO - Retrieving connection 'books_connection'
[2024-08-20T04:47:09.504+0000] {sql.py:509} INFO - Running statement: 
    INSERT INTO books (title, authors, price, rating)
    VALUES (%s, %s, %s, %s)
    , parameters: ('Software Engineering for Data Scientists: From Notebooks to Scalable Systems', 'Catherine Nelson', '52.', '4.5 out of 5 stars')
[2024-08-20T04:47:09.506+0000] {sql.py:518} INFO - Rows affected: 1
[2024-08-20T04:47:09.515+0000] {base.py:84} INFO - Retrieving connection 'books_connection'
[2024-08-20T04:47:09.519+0000] {sql.py:509} INFO - Running statement: 
    INSERT INTO books (title, authors, price, rating)
    VALUES (%s, %s, %s, %s)
    , parameters: ('Data Engineering with Google Cloud Platform: A guide to leveling up as a data engineer by building a scalable data platform with Google Cloud', 'Adi Wijaya', '41.', '5.0 out of 5 stars')
[2024-08-20T04:47:09.521+0000] {sql.py:518} INFO - Rows affected: 1
[2024-08-20T04:47:09.530+0000] {base.py:84} INFO - Retrieving connection 'books_connection'
[2024-08-20T04:47:09.534+0000] {sql.py:509} INFO - Running statement: 
    INSERT INTO books (title, authors, price, rating)
    VALUES (%s, %s, %s, %s)
    , parameters: ('Driving Data Quality with Data Contracts: A comprehensive guide to building reliable, trusted, and effective data platforms', 'Andrew Jones', '28.', '4.6 out of 5 stars')
[2024-08-20T04:47:09.536+0000] {sql.py:518} INFO - Rows affected: 1
[2024-08-20T04:47:09.546+0000] {base.py:84} INFO - Retrieving connection 'books_connection'
[2024-08-20T04:47:09.550+0000] {sql.py:509} INFO - Running statement: 
    INSERT INTO books (title, authors, price, rating)
    VALUES (%s, %s, %s, %s)
    , parameters: ('Mastering Large Datasets with Python: Parallelize and Distribute Your Python Code', 'John T. Wolohan', '49.', '3.9 out of 5 stars')
[2024-08-20T04:47:09.552+0000] {sql.py:518} INFO - Rows affected: 1
[2024-08-20T04:47:09.560+0000] {base.py:84} INFO - Retrieving connection 'books_connection'
[2024-08-20T04:47:09.564+0000] {sql.py:509} INFO - Running statement: 
    INSERT INTO books (title, authors, price, rating)
    VALUES (%s, %s, %s, %s)
    , parameters: ('Data Engineering with Databricks Cookbook: Build effective data and AI solutions using Apache Spark, Databricks, and Delta Lake', 'Pulkit Chadha', '42.', '4.2 out of 5 stars')
[2024-08-20T04:47:09.566+0000] {sql.py:518} INFO - Rows affected: 1
[2024-08-20T04:47:09.576+0000] {base.py:84} INFO - Retrieving connection 'books_connection'
[2024-08-20T04:47:09.581+0000] {sql.py:509} INFO - Running statement: 
    INSERT INTO books (title, authors, price, rating)
    VALUES (%s, %s, %s, %s)
    , parameters: ('Data-Driven Science and Engineering: Machine Learning, Dynamical Systems, and Control', 'Steven L. Brunton', '64.', '4.7 out of 5 stars')
[2024-08-20T04:47:09.582+0000] {sql.py:518} INFO - Rows affected: 1
[2024-08-20T04:47:09.592+0000] {base.py:84} INFO - Retrieving connection 'books_connection'
[2024-08-20T04:47:09.596+0000] {sql.py:509} INFO - Running statement: 
    INSERT INTO books (title, authors, price, rating)
    VALUES (%s, %s, %s, %s)
    , parameters: ('Build a Career in Data Science', 'Emily Robinson', '35.', '4.6 out of 5 stars')
[2024-08-20T04:47:09.598+0000] {sql.py:518} INFO - Rows affected: 1
[2024-08-20T04:47:09.608+0000] {base.py:84} INFO - Retrieving connection 'books_connection'
[2024-08-20T04:47:09.615+0000] {sql.py:509} INFO - Running statement: 
    INSERT INTO books (title, authors, price, rating)
    VALUES (%s, %s, %s, %s)
    , parameters: ('Data Privacy: A runbook for engineers', 'Nishant Bhajaria', '32.', '4.8 out of 5 stars')
[2024-08-20T04:47:09.619+0000] {sql.py:518} INFO - Rows affected: 1
[2024-08-20T04:47:09.633+0000] {base.py:84} INFO - Retrieving connection 'books_connection'
[2024-08-20T04:47:09.640+0000] {sql.py:509} INFO - Running statement: 
    INSERT INTO books (title, authors, price, rating)
    VALUES (%s, %s, %s, %s)
    , parameters: ("Data: Principles To Practice - Volume 1 'Foundations': Essential Foundations: Key Concepts behind Data Architecture, Engineering and Analysis for Professionals", 'Mr Alex Holloway', '11.', '4.7 out of 5 stars')
[2024-08-20T04:47:09.642+0000] {sql.py:518} INFO - Rows affected: 1
[2024-08-20T04:47:09.653+0000] {base.py:84} INFO - Retrieving connection 'books_connection'
[2024-08-20T04:47:09.660+0000] {sql.py:509} INFO - Running statement: 
    INSERT INTO books (title, authors, price, rating)
    VALUES (%s, %s, %s, %s)
    , parameters: ('Python Data Engineering Resources: Boost Your Career With This Python Handbook; Prepare For Python Interview; Python Programming Cookbook For Beginners and Experienced; Python Data Analysis and More', 'Vajo Lukic', '9.', '4.8 out of 5 stars')
[2024-08-20T04:47:09.661+0000] {sql.py:518} INFO - Rows affected: 1
[2024-08-20T04:47:09.672+0000] {base.py:84} INFO - Retrieving connection 'books_connection'
[2024-08-20T04:47:09.677+0000] {sql.py:509} INFO - Running statement: 
    INSERT INTO books (title, authors, price, rating)
    VALUES (%s, %s, %s, %s)
    , parameters: ('DATA ENGINEERING AND AI FOR BEGINNERS: Revolutionizing Data Processing and Analytics by Leveraging Artificial Intelligence for Efficient Input Collection, Storage, and Transformation (World of AI)', 'Paperback', '13.', '4.4 out of 5 stars')
[2024-08-20T04:47:09.682+0000] {sql.py:518} INFO - Rows affected: 1
[2024-08-20T04:47:09.695+0000] {base.py:84} INFO - Retrieving connection 'books_connection'
[2024-08-20T04:47:09.701+0000] {sql.py:509} INFO - Running statement: 
    INSERT INTO books (title, authors, price, rating)
    VALUES (%s, %s, %s, %s)
    , parameters: ('Data Mesh: Delivering Data-Driven Value at Scale', 'Zhamak Dehghani', '43.', '4.5 out of 5 stars')
[2024-08-20T04:47:09.703+0000] {sql.py:518} INFO - Rows affected: 1
[2024-08-20T04:47:09.714+0000] {base.py:84} INFO - Retrieving connection 'books_connection'
[2024-08-20T04:47:09.721+0000] {sql.py:509} INFO - Running statement: 
    INSERT INTO books (title, authors, price, rating)
    VALUES (%s, %s, %s, %s)
    , parameters: ('Data Engineering with Apache Spark, Delta Lake, and Lakehouse: Create scalable pipelines that ingest, curate, and aggregate complex data in a timely and secure way', 'Manoj Kukreja', '29.', '3.9 out of 5 stars')
[2024-08-20T04:47:09.723+0000] {sql.py:518} INFO - Rows affected: 1
[2024-08-20T04:47:09.733+0000] {base.py:84} INFO - Retrieving connection 'books_connection'
[2024-08-20T04:47:09.738+0000] {sql.py:509} INFO - Running statement: 
    INSERT INTO books (title, authors, price, rating)
    VALUES (%s, %s, %s, %s)
    , parameters: ('Machine Learning Engineering', 'Andriy Burkov', '39.', '4.7 out of 5 stars')
[2024-08-20T04:47:09.740+0000] {sql.py:518} INFO - Rows affected: 1
[2024-08-20T04:47:09.749+0000] {base.py:84} INFO - Retrieving connection 'books_connection'
[2024-08-20T04:47:09.753+0000] {sql.py:509} INFO - Running statement: 
    INSERT INTO books (title, authors, price, rating)
    VALUES (%s, %s, %s, %s)
    , parameters: ('The Enterprise Data Catalog: Improve Data Discovery, Ensure Data Governance, and Enable Innovation', 'Ole Olesen-Bagneux', '31.', '4.5 out of 5 stars')
[2024-08-20T04:47:09.755+0000] {sql.py:518} INFO - Rows affected: 1
[2024-08-20T04:47:09.763+0000] {base.py:84} INFO - Retrieving connection 'books_connection'
[2024-08-20T04:47:09.768+0000] {sql.py:509} INFO - Running statement: 
    INSERT INTO books (title, authors, price, rating)
    VALUES (%s, %s, %s, %s)
    , parameters: ('Data Engineering with Databricks', 'Paperback', '25.', '3.4 out of 5 stars')
[2024-08-20T04:47:09.770+0000] {sql.py:518} INFO - Rows affected: 1
[2024-08-20T04:47:09.778+0000] {base.py:84} INFO - Retrieving connection 'books_connection'
[2024-08-20T04:47:09.783+0000] {sql.py:509} INFO - Running statement: 
    INSERT INTO books (title, authors, price, rating)
    VALUES (%s, %s, %s, %s)
    , parameters: ('Ace the Data Science Interview: 201 Real Interview Questions Asked By FAANG, Tech Startups, & Wall Street', 'Nick Singh', '42.', '4.5 out of 5 stars')
[2024-08-20T04:47:09.785+0000] {sql.py:518} INFO - Rows affected: 1
[2024-08-20T04:47:09.795+0000] {base.py:84} INFO - Retrieving connection 'books_connection'
[2024-08-20T04:47:09.799+0000] {sql.py:509} INFO - Running statement: 
    INSERT INTO books (title, authors, price, rating)
    VALUES (%s, %s, %s, %s)
    , parameters: ('Modern Data Engineering with Apache Spark: A Hands-On Guide for Building Mission-Critical Streaming Applications', 'Scott Haines', '30.', '4.1 out of 5 stars')
[2024-08-20T04:47:09.801+0000] {sql.py:518} INFO - Rows affected: 1
[2024-08-20T04:47:09.810+0000] {base.py:84} INFO - Retrieving connection 'books_connection'
[2024-08-20T04:47:09.814+0000] {sql.py:509} INFO - Running statement: 
    INSERT INTO books (title, authors, price, rating)
    VALUES (%s, %s, %s, %s)
    , parameters: ('Data Modeling with Snowflake: A practical guide to accelerating Snowflake development using universal data modeling techniques', 'Serge Gershkovich', '36.', '4.8 out of 5 stars')
[2024-08-20T04:47:09.816+0000] {sql.py:518} INFO - Rows affected: 1
[2024-08-20T04:47:09.825+0000] {base.py:84} INFO - Retrieving connection 'books_connection'
[2024-08-20T04:47:09.829+0000] {sql.py:509} INFO - Running statement: 
    INSERT INTO books (title, authors, price, rating)
    VALUES (%s, %s, %s, %s)
    , parameters: ('Storytelling with Data: A Data Visualization Guide for Business Professionals', 'Cole Nussbaumer Knaflic', '27.', '4.6 out of 5 stars')
[2024-08-20T04:47:09.831+0000] {sql.py:518} INFO - Rows affected: 1
[2024-08-20T04:47:09.841+0000] {base.py:84} INFO - Retrieving connection 'books_connection'
[2024-08-20T04:47:09.845+0000] {sql.py:509} INFO - Running statement: 
    INSERT INTO books (title, authors, price, rating)
    VALUES (%s, %s, %s, %s)
    , parameters: ('97 Things Every Data Engineer Should Know: Collective Wisdom from the Experts', 'Audible Audiobook', '0.', '4.1 out of 5 stars')
[2024-08-20T04:47:09.847+0000] {sql.py:518} INFO - Rows affected: 1
[2024-08-20T04:47:09.857+0000] {base.py:84} INFO - Retrieving connection 'books_connection'
[2024-08-20T04:47:09.861+0000] {sql.py:509} INFO - Running statement: 
    INSERT INTO books (title, authors, price, rating)
    VALUES (%s, %s, %s, %s)
    , parameters: ("Data Quality Fundamentals: A Practitioner's Guide to Building Trustworthy Data Pipelines", 'Paperback', '45.', '4.1 out of 5 stars')
[2024-08-20T04:47:09.863+0000] {sql.py:518} INFO - Rows affected: 1
[2024-08-20T04:47:09.873+0000] {base.py:84} INFO - Retrieving connection 'books_connection'
[2024-08-20T04:47:09.877+0000] {sql.py:509} INFO - Running statement: 
    INSERT INTO books (title, authors, price, rating)
    VALUES (%s, %s, %s, %s)
    , parameters: ('Fundamentals of Data Analytics: Learn Essential Skills, Embrace the Future, and Catapult Your Career in the Data-Driven World—A Comprehensive Guide to Data Literacy for Beginners', 'Russell Dawson', '16.', '4.8 out of 5 stars')
[2024-08-20T04:47:09.879+0000] {sql.py:518} INFO - Rows affected: 1
[2024-08-20T04:47:09.888+0000] {base.py:84} INFO - Retrieving connection 'books_connection'
[2024-08-20T04:47:09.892+0000] {sql.py:509} INFO - Running statement: 
    INSERT INTO books (title, authors, price, rating)
    VALUES (%s, %s, %s, %s)
    , parameters: ('Data Engineering with Google Cloud Platform: A practical guide to operationalizing scalable data analytics systems on GCP', 'Adi Wijaya', '41.', '4.7 out of 5 stars')
[2024-08-20T04:47:09.893+0000] {sql.py:518} INFO - Rows affected: 1
[2024-08-20T04:47:09.902+0000] {base.py:84} INFO - Retrieving connection 'books_connection'
[2024-08-20T04:47:09.907+0000] {sql.py:509} INFO - Running statement: 
    INSERT INTO books (title, authors, price, rating)
    VALUES (%s, %s, %s, %s)
    , parameters: ('Prompt Engineering for Generative AI: Future-Proof Inputs for Reliable AI Outputs', 'James Phoenix', '57.', '4.4 out of 5 stars')
[2024-08-20T04:47:09.909+0000] {sql.py:518} INFO - Rows affected: 1
[2024-08-20T04:47:09.920+0000] {base.py:84} INFO - Retrieving connection 'books_connection'
[2024-08-20T04:47:09.925+0000] {sql.py:509} INFO - Running statement: 
    INSERT INTO books (title, authors, price, rating)
    VALUES (%s, %s, %s, %s)
    , parameters: ('Python Programming and SQL: 5 books in 1 - The #1 Coding Course from Beginner to Advanced. Learn it Well & Fast (2024) (Computer Programming)', 'Paperback', '32.', '4.3 out of 5 stars')
[2024-08-20T04:47:09.927+0000] {sql.py:518} INFO - Rows affected: 1
[2024-08-20T04:47:09.935+0000] {base.py:84} INFO - Retrieving connection 'books_connection'
[2024-08-20T04:47:09.940+0000] {sql.py:509} INFO - Running statement: 
    INSERT INTO books (title, authors, price, rating)
    VALUES (%s, %s, %s, %s)
    , parameters: ('Analytics Engineering with SQL and dbt: Building Meaningful Data Models at Scale', 'Rui Pedro Machado', '41.', '3.8 out of 5 stars')
[2024-08-20T04:47:09.942+0000] {sql.py:518} INFO - Rows affected: 1
[2024-08-20T04:47:09.950+0000] {base.py:84} INFO - Retrieving connection 'books_connection'
[2024-08-20T04:47:09.955+0000] {sql.py:509} INFO - Running statement: 
    INSERT INTO books (title, authors, price, rating)
    VALUES (%s, %s, %s, %s)
    , parameters: ('Data Observability for Data Engineering: Proactive strategies for ensuring data accuracy and addressing broken data pipelines', 'Michele Pinto', '18.', '3.7 out of 5 stars')
[2024-08-20T04:47:09.956+0000] {sql.py:518} INFO - Rows affected: 1
[2024-08-20T04:47:09.965+0000] {base.py:84} INFO - Retrieving connection 'books_connection'
[2024-08-20T04:47:09.969+0000] {sql.py:509} INFO - Running statement: 
    INSERT INTO books (title, authors, price, rating)
    VALUES (%s, %s, %s, %s)
    , parameters: ("Ultimate Data Engineering with Databricks: Develop Scalable Data Pipelines Using Data Engineering's Core Tenets Such as Delta Tables, Ingestion, ... Security, and Scalability (English Edition)", 'Mayank Malhotra', '37.', '3.8 out of 5 stars')
[2024-08-20T04:47:09.971+0000] {sql.py:518} INFO - Rows affected: 1
[2024-08-20T04:47:09.979+0000] {base.py:84} INFO - Retrieving connection 'books_connection'
[2024-08-20T04:47:09.983+0000] {sql.py:509} INFO - Running statement: 
    INSERT INTO books (title, authors, price, rating)
    VALUES (%s, %s, %s, %s)
    , parameters: ('The Data Warehouse Toolkit: The Definitive Guide to Dimensional Modeling', 'Paperback', '47.', '4.7 out of 5 stars')
[2024-08-20T04:47:09.985+0000] {sql.py:518} INFO - Rows affected: 1
[2024-08-20T04:47:09.994+0000] {base.py:84} INFO - Retrieving connection 'books_connection'
[2024-08-20T04:47:09.997+0000] {sql.py:509} INFO - Running statement: 
    INSERT INTO books (title, authors, price, rating)
    VALUES (%s, %s, %s, %s)
    , parameters: ('Concepts of Generative AI and Data Engineering: Vital Concepts in Data Engineering and the World of Generative AI', 'Kindle', '29.', '5.0 out of 5 stars')
[2024-08-20T04:47:09.999+0000] {sql.py:518} INFO - Rows affected: 1
[2024-08-20T04:47:10.008+0000] {base.py:84} INFO - Retrieving connection 'books_connection'
[2024-08-20T04:47:10.012+0000] {sql.py:509} INFO - Running statement: 
    INSERT INTO books (title, authors, price, rating)
    VALUES (%s, %s, %s, %s)
    , parameters: ('Official Google Cloud Certified Professional Data Engineer Study Guide', 'Dan Sullivan', '33.', '4.5 out of 5 stars')
[2024-08-20T04:47:10.013+0000] {sql.py:518} INFO - Rows affected: 1
[2024-08-20T04:47:10.022+0000] {base.py:84} INFO - Retrieving connection 'books_connection'
[2024-08-20T04:47:10.026+0000] {sql.py:509} INFO - Running statement: 
    INSERT INTO books (title, authors, price, rating)
    VALUES (%s, %s, %s, %s)
    , parameters: ('Data Analytics, Data Visualization & Communicating Data: 3 books in 1: Learn the Processes of Data Analytics and Data Science, Create Engaging Data Visualizations, and Present Data Effectively', 'Audible Audiobook', '0.', '4.5 out of 5 stars')
[2024-08-20T04:47:10.028+0000] {sql.py:518} INFO - Rows affected: 1
[2024-08-20T04:47:10.037+0000] {base.py:84} INFO - Retrieving connection 'books_connection'
[2024-08-20T04:47:10.042+0000] {sql.py:509} INFO - Running statement: 
    INSERT INTO books (title, authors, price, rating)
    VALUES (%s, %s, %s, %s)
    , parameters: ('Data Engineering and Data Science for Babies: Activity Workbook Part 1', 'Paperback', '9.', '4.1 out of 5 stars')
[2024-08-20T04:47:10.044+0000] {sql.py:518} INFO - Rows affected: 1
[2024-08-20T04:47:10.053+0000] {base.py:84} INFO - Retrieving connection 'books_connection'
[2024-08-20T04:47:10.057+0000] {sql.py:509} INFO - Running statement: 
    INSERT INTO books (title, authors, price, rating)
    VALUES (%s, %s, %s, %s)
    , parameters: ('Fundamentals of Data Engineering: Efficiency, Insight, Impact: Transforming Data into Value through Expert Engineering Practices', 'Joseph Achakji', '0.', '4.6 out of 5 stars')
[2024-08-20T04:47:10.060+0000] {sql.py:518} INFO - Rows affected: 1
[2024-08-20T04:47:10.068+0000] {base.py:84} INFO - Retrieving connection 'books_connection'
[2024-08-20T04:47:10.072+0000] {sql.py:509} INFO - Running statement: 
    INSERT INTO books (title, authors, price, rating)
    VALUES (%s, %s, %s, %s)
    , parameters: ('Learning Spark: Lightning-Fast Data Analytics', 'Jules S. Damji', '43.', '4.7 out of 5 stars')
[2024-08-20T04:47:10.074+0000] {sql.py:518} INFO - Rows affected: 1
[2024-08-20T04:47:10.083+0000] {base.py:84} INFO - Retrieving connection 'books_connection'
[2024-08-20T04:47:10.087+0000] {sql.py:509} INFO - Running statement: 
    INSERT INTO books (title, authors, price, rating)
    VALUES (%s, %s, %s, %s)
    , parameters: ("SQL QuickStart Guide: The Simplified Beginner's Guide to Managing, Analyzing, and Manipulating Data With SQL (Coding & Programming - QuickStart Guides)", 'Paperback', '18.', '4.6 out of 5 stars')
[2024-08-20T04:47:10.089+0000] {sql.py:518} INFO - Rows affected: 1
[2024-08-20T04:47:10.098+0000] {base.py:84} INFO - Retrieving connection 'books_connection'
[2024-08-20T04:47:10.101+0000] {sql.py:509} INFO - Running statement: 
    INSERT INTO books (title, authors, price, rating)
    VALUES (%s, %s, %s, %s)
    , parameters: ('Electrical engineering without prior knowledge: Understand the basics within 7 days (Become an Engineer Without Prior Knowledge)', 'Paperback', '17.', '4.4 out of 5 stars')
[2024-08-20T04:47:10.103+0000] {sql.py:518} INFO - Rows affected: 1
[2024-08-20T04:47:10.112+0000] {base.py:84} INFO - Retrieving connection 'books_connection'
[2024-08-20T04:47:10.116+0000] {sql.py:509} INFO - Running statement: 
    INSERT INTO books (title, authors, price, rating)
    VALUES (%s, %s, %s, %s)
    , parameters: ('Azure Data Engineering Cookbook - Second Edition: Get well versed in various data engineering techniques in Azure using this recipe-based guide', 'Nagaraj Venkatesan', '51.', '3.5 out of 5 stars')
[2024-08-20T04:47:10.118+0000] {sql.py:518} INFO - Rows affected: 1
[2024-08-20T04:47:10.127+0000] {base.py:84} INFO - Retrieving connection 'books_connection'
[2024-08-20T04:47:10.130+0000] {sql.py:509} INFO - Running statement: 
    INSERT INTO books (title, authors, price, rating)
    VALUES (%s, %s, %s, %s)
    , parameters: ('Systems Engineering Demystified - Second Edition: Apply modern, model-based systems engineering techniques to build complex systems', 'Jon Holt', '45.', '4.7 out of 5 stars')
[2024-08-20T04:47:10.132+0000] {sql.py:518} INFO - Rows affected: 1
[2024-08-20T04:47:10.140+0000] {base.py:84} INFO - Retrieving connection 'books_connection'
[2024-08-20T04:47:10.144+0000] {sql.py:509} INFO - Running statement: 
    INSERT INTO books (title, authors, price, rating)
    VALUES (%s, %s, %s, %s)
    , parameters: ('Machine Learning Engineering with Python - Second Edition: Manage the lifecycle of machine learning models using MLOps with practical examples', 'Andrew McMahon', '32.', '4.7 out of 5 stars')
[2024-08-20T04:47:10.146+0000] {sql.py:518} INFO - Rows affected: 1
[2024-08-20T04:47:10.154+0000] {base.py:84} INFO - Retrieving connection 'books_connection'
[2024-08-20T04:47:10.158+0000] {sql.py:509} INFO - Running statement: 
    INSERT INTO books (title, authors, price, rating)
    VALUES (%s, %s, %s, %s)
    , parameters: ('Python Feature Engineering Cookbook: Over 70 recipes for creating, engineering, and transforming features to build machine learning models, 2nd Edition', 'Soledad Galli', '44.', '4.4 out of 5 stars')
[2024-08-20T04:47:10.160+0000] {sql.py:518} INFO - Rows affected: 1
[2024-08-20T04:47:10.168+0000] {base.py:84} INFO - Retrieving connection 'books_connection'
[2024-08-20T04:47:10.171+0000] {sql.py:509} INFO - Running statement: 
    INSERT INTO books (title, authors, price, rating)
    VALUES (%s, %s, %s, %s)
    , parameters: ('Better Data Visualizations: A Guide for Scholars, Researchers, and Wonks', 'Jonathan Schwabish', '26.', '4.5 out of 5 stars')
[2024-08-20T04:47:10.173+0000] {sql.py:518} INFO - Rows affected: 1
[2024-08-20T04:47:10.181+0000] {base.py:84} INFO - Retrieving connection 'books_connection'
[2024-08-20T04:47:10.185+0000] {sql.py:509} INFO - Running statement: 
    INSERT INTO books (title, authors, price, rating)
    VALUES (%s, %s, %s, %s)
    , parameters: ('Data Engineering with Scala and Spark: A practical guide helping you build streaming and batch pipelines that process massive amounts of data using Scala', 'Eric Tome', '36.', '4.3 out of 5 stars')
[2024-08-20T04:47:10.187+0000] {sql.py:518} INFO - Rows affected: 1
[2024-08-20T04:47:10.196+0000] {base.py:84} INFO - Retrieving connection 'books_connection'
[2024-08-20T04:47:10.199+0000] {sql.py:509} INFO - Running statement: 
    INSERT INTO books (title, authors, price, rating)
    VALUES (%s, %s, %s, %s)
    , parameters: ('Fundamentals of Data Visualization: A Primer on Making Informative and Compelling Figures', 'Claus Wilke', '49.', '4.6 out of 5 stars')
[2024-08-20T04:47:10.201+0000] {sql.py:518} INFO - Rows affected: 1
[2024-08-20T04:47:10.210+0000] {base.py:84} INFO - Retrieving connection 'books_connection'
[2024-08-20T04:47:10.214+0000] {sql.py:509} INFO - Running statement: 
    INSERT INTO books (title, authors, price, rating)
    VALUES (%s, %s, %s, %s)
    , parameters: ('Restricted Data: The History of Nuclear Secrecy in the United States', 'Alex Wellerstein', '2.', '4.7 out of 5 stars')
[2024-08-20T04:47:10.215+0000] {sql.py:518} INFO - Rows affected: 1
[2024-08-20T04:47:10.225+0000] {base.py:84} INFO - Retrieving connection 'books_connection'
[2024-08-20T04:47:10.229+0000] {sql.py:509} INFO - Running statement: 
    INSERT INTO books (title, authors, price, rating)
    VALUES (%s, %s, %s, %s)
    , parameters: ("Applied Machine Learning and AI for Engineers: Solve Business Problems That Can't Be Solved Algorithmically", 'Jeff Prosise', '55.', '4.5 out of 5 stars')
[2024-08-20T04:47:10.231+0000] {sql.py:518} INFO - Rows affected: 1
[2024-08-20T04:47:10.240+0000] {base.py:84} INFO - Retrieving connection 'books_connection'
[2024-08-20T04:47:10.244+0000] {sql.py:509} INFO - Running statement: 
    INSERT INTO books (title, authors, price, rating)
    VALUES (%s, %s, %s, %s)
    , parameters: ('Mastering the Data Paradox: Key to Winning in the AI Age', 'Nitin Seth', '18.', '4.8 out of 5 stars')
[2024-08-20T04:47:10.245+0000] {sql.py:518} INFO - Rows affected: 1
[2024-08-20T04:47:10.254+0000] {base.py:84} INFO - Retrieving connection 'books_connection'
[2024-08-20T04:47:10.259+0000] {sql.py:509} INFO - Running statement: 
    INSERT INTO books (title, authors, price, rating)
    VALUES (%s, %s, %s, %s)
    , parameters: ('Data Science: The Hard Parts: Techniques for Excelling at Data Science', 'Daniel Vaughan', '48.', '5.0 out of 5 stars')
[2024-08-20T04:47:10.260+0000] {sql.py:518} INFO - Rows affected: 1
[2024-08-20T04:47:10.269+0000] {base.py:84} INFO - Retrieving connection 'books_connection'
[2024-08-20T04:47:10.273+0000] {sql.py:509} INFO - Running statement: 
    INSERT INTO books (title, authors, price, rating)
    VALUES (%s, %s, %s, %s)
    , parameters: ('Data Wise in Action: Stories of Schools Using Data to Improve Teaching and Learning', 'Kathryn Parker Boudett', '30.', '4.5 out of 5 stars')
[2024-08-20T04:47:10.275+0000] {sql.py:518} INFO - Rows affected: 1
[2024-08-20T04:47:10.284+0000] {base.py:84} INFO - Retrieving connection 'books_connection'
[2024-08-20T04:47:10.289+0000] {sql.py:509} INFO - Running statement: 
    INSERT INTO books (title, authors, price, rating)
    VALUES (%s, %s, %s, %s)
    , parameters: ('Practical Reverse Engineering: x86, x64, ARM, Windows Kernel, Reversing Tools, and Obfuscation', 'Bruce Dang', '34.', '4.6 out of 5 stars')
[2024-08-20T04:47:10.291+0000] {sql.py:518} INFO - Rows affected: 1
[2024-08-20T04:47:10.299+0000] {base.py:84} INFO - Retrieving connection 'books_connection'
[2024-08-20T04:47:10.304+0000] {sql.py:509} INFO - Running statement: 
    INSERT INTO books (title, authors, price, rating)
    VALUES (%s, %s, %s, %s)
    , parameters: ('Data Management at Scale: Modern Data Architecture with Data Mesh and Data Fabric', 'Piethein Strengholt', '47.', '4.5 out of 5 stars')
[2024-08-20T04:47:10.306+0000] {sql.py:518} INFO - Rows affected: 1
[2024-08-20T04:47:10.315+0000] {base.py:84} INFO - Retrieving connection 'books_connection'
[2024-08-20T04:47:10.320+0000] {sql.py:509} INFO - Running statement: 
    INSERT INTO books (title, authors, price, rating)
    VALUES (%s, %s, %s, %s)
    , parameters: ('Data Engineering Fundamentals for Beginners: Mastering the Art of Building, Managing, and Scaling Data Systems', 'Paperback', '14.', '5.0 out of 5 stars')
[2024-08-20T04:47:10.321+0000] {sql.py:518} INFO - Rows affected: 1
[2024-08-20T04:47:10.330+0000] {base.py:84} INFO - Retrieving connection 'books_connection'
[2024-08-20T04:47:10.334+0000] {sql.py:509} INFO - Running statement: 
    INSERT INTO books (title, authors, price, rating)
    VALUES (%s, %s, %s, %s)
    , parameters: ('The Art of Doing Science and Engineering: Learning to Learn', 'Richard W. Hamming', '19.', '4.6 out of 5 stars')
[2024-08-20T04:47:10.336+0000] {sql.py:518} INFO - Rows affected: 1
[2024-08-20T04:47:10.346+0000] {base.py:84} INFO - Retrieving connection 'books_connection'
[2024-08-20T04:47:10.350+0000] {sql.py:509} INFO - Running statement: 
    INSERT INTO books (title, authors, price, rating)
    VALUES (%s, %s, %s, %s)
    , parameters: ('The Data Model Resource Book, Vol. 1: A Library of Universal Data Models for All Enterprises', 'Len Silverston', '63.', '4.3 out of 5 stars')
[2024-08-20T04:47:10.352+0000] {sql.py:518} INFO - Rows affected: 1
[2024-08-20T04:47:10.361+0000] {base.py:84} INFO - Retrieving connection 'books_connection'
[2024-08-20T04:47:10.365+0000] {sql.py:509} INFO - Running statement: 
    INSERT INTO books (title, authors, price, rating)
    VALUES (%s, %s, %s, %s)
    , parameters: ('Data Juice: 101 Stories of How Organizations Are Squeezing Value from Available Data Assets', 'Douglas B. Laney', '27.', '4.1 out of 5 stars')
[2024-08-20T04:47:10.367+0000] {sql.py:518} INFO - Rows affected: 1
[2024-08-20T04:47:10.377+0000] {base.py:84} INFO - Retrieving connection 'books_connection'
[2024-08-20T04:47:10.381+0000] {sql.py:509} INFO - Running statement: 
    INSERT INTO books (title, authors, price, rating)
    VALUES (%s, %s, %s, %s)
    , parameters: ("System Design Interview – An insider's guide", 'Alex Xu', '37.', '4.6 out of 5 stars')
[2024-08-20T04:47:10.383+0000] {sql.py:518} INFO - Rows affected: 1
[2024-08-20T04:47:10.392+0000] {base.py:84} INFO - Retrieving connection 'books_connection'
[2024-08-20T04:47:10.397+0000] {sql.py:509} INFO - Running statement: 
    INSERT INTO books (title, authors, price, rating)
    VALUES (%s, %s, %s, %s)
    , parameters: ('Modeling and Simulation in Python: An Introduction for Scientists and Engineers', 'Allen B. Downey', '32.', '4.5 out of 5 stars')
[2024-08-20T04:47:10.399+0000] {sql.py:518} INFO - Rows affected: 1
[2024-08-20T04:47:10.408+0000] {base.py:84} INFO - Retrieving connection 'books_connection'
[2024-08-20T04:47:10.413+0000] {sql.py:509} INFO - Running statement: 
    INSERT INTO books (title, authors, price, rating)
    VALUES (%s, %s, %s, %s)
    , parameters: ('Ultimate Azure Data Engineering: Build Robust Data Engineering Systems on Azure with SQL, ETL, Data Modeling, and Power BI for Business Insights and Crack Azure Certifications (English Edition)', 'Ashish Agarwal', '39.', '5.0 out of 5 stars')
[2024-08-20T04:47:10.415+0000] {sql.py:518} INFO - Rows affected: 1
[2024-08-20T04:47:10.425+0000] {base.py:84} INFO - Retrieving connection 'books_connection'
[2024-08-20T04:47:10.429+0000] {sql.py:509} INFO - Running statement: 
    INSERT INTO books (title, authors, price, rating)
    VALUES (%s, %s, %s, %s)
    , parameters: ('Master in 30 Days: AWS Certified Data Engineer Associate Exam', 'Bryant Pollard II', '0.', '5.0 out of 5 stars')
[2024-08-20T04:47:10.431+0000] {sql.py:518} INFO - Rows affected: 1
[2024-08-20T04:47:10.442+0000] {base.py:84} INFO - Retrieving connection 'books_connection'
[2024-08-20T04:47:10.446+0000] {sql.py:509} INFO - Running statement: 
    INSERT INTO books (title, authors, price, rating)
    VALUES (%s, %s, %s, %s)
    , parameters: ('Data Science on AWS: Implementing End-to-End, Continuous AI and Machine Learning Pipelines', 'Chris Fregly', '11.', '4.5 out of 5 stars')
[2024-08-20T04:47:10.448+0000] {sql.py:518} INFO - Rows affected: 1
[2024-08-20T04:47:10.458+0000] {base.py:84} INFO - Retrieving connection 'books_connection'
[2024-08-20T04:47:10.462+0000] {sql.py:509} INFO - Running statement: 
    INSERT INTO books (title, authors, price, rating)
    VALUES (%s, %s, %s, %s)
    , parameters: ('The Data Model Resource Book, Vol. 2: A Library of Data Models for Specific Industries', 'Len Silverston', '68.', '4.1 out of 5 stars')
[2024-08-20T04:47:10.464+0000] {sql.py:518} INFO - Rows affected: 1
[2024-08-20T04:47:10.475+0000] {base.py:84} INFO - Retrieving connection 'books_connection'
[2024-08-20T04:47:10.479+0000] {sql.py:509} INFO - Running statement: 
    INSERT INTO books (title, authors, price, rating)
    VALUES (%s, %s, %s, %s)
    , parameters: ('A Common-Sense Guide to Data Structures and Algorithms, Second Edition: Level Up Your Core Programming Skills', 'Jay Wengrow', '39.', '4.7 out of 5 stars')
[2024-08-20T04:47:10.481+0000] {sql.py:518} INFO - Rows affected: 1
[2024-08-20T04:47:10.491+0000] {base.py:84} INFO - Retrieving connection 'books_connection'
[2024-08-20T04:47:10.495+0000] {sql.py:509} INFO - Running statement: 
    INSERT INTO books (title, authors, price, rating)
    VALUES (%s, %s, %s, %s)
    , parameters: ('Grokking Algorithms', 'Audible Audiobook', '0.', '4.6 out of 5 stars')
[2024-08-20T04:47:10.498+0000] {sql.py:518} INFO - Rows affected: 1
[2024-08-20T04:47:10.507+0000] {base.py:84} INFO - Retrieving connection 'books_connection'
[2024-08-20T04:47:10.512+0000] {sql.py:509} INFO - Running statement: 
    INSERT INTO books (title, authors, price, rating)
    VALUES (%s, %s, %s, %s)
    , parameters: ('Engineers Survival Guide: Advice, tactics, and tricks After a decade of working at Facebook, Snapchat, and Microsoft', 'Merih Taze', '29.', '4.4 out of 5 stars')
[2024-08-20T04:47:10.514+0000] {sql.py:518} INFO - Rows affected: 1
[2024-08-20T04:47:10.524+0000] {base.py:84} INFO - Retrieving connection 'books_connection'
[2024-08-20T04:47:10.529+0000] {sql.py:509} INFO - Running statement: 
    INSERT INTO books (title, authors, price, rating)
    VALUES (%s, %s, %s, %s)
    , parameters: ('Feature Engineering for Machine Learning: Principles and Techniques for Data Scientists', 'Alice Zheng', '41.', '4.4 out of 5 stars')
[2024-08-20T04:47:10.531+0000] {sql.py:518} INFO - Rows affected: 1
[2024-08-20T04:47:10.543+0000] {base.py:84} INFO - Retrieving connection 'books_connection'
[2024-08-20T04:47:10.549+0000] {sql.py:509} INFO - Running statement: 
    INSERT INTO books (title, authors, price, rating)
    VALUES (%s, %s, %s, %s)
    , parameters: ('Data Science (The MIT Press Essential Knowledge series)', 'Paperback', '10.', '4.4 out of 5 stars')
[2024-08-20T04:47:10.551+0000] {sql.py:518} INFO - Rows affected: 1
[2024-08-20T04:47:10.563+0000] {base.py:84} INFO - Retrieving connection 'books_connection'
[2024-08-20T04:47:10.567+0000] {sql.py:509} INFO - Running statement: 
    INSERT INTO books (title, authors, price, rating)
    VALUES (%s, %s, %s, %s)
    , parameters: ('Data Wise, Revised and Expanded Edition: A Step-by-Step Guide to Using Assessment Results to Improve Teaching and Learning', 'Kathryn Parker Boudett', '32.', '4.6 out of 5 stars')
[2024-08-20T04:47:10.569+0000] {sql.py:518} INFO - Rows affected: 1
[2024-08-20T04:47:10.580+0000] {base.py:84} INFO - Retrieving connection 'books_connection'
[2024-08-20T04:47:10.586+0000] {sql.py:509} INFO - Running statement: 
    INSERT INTO books (title, authors, price, rating)
    VALUES (%s, %s, %s, %s)
    , parameters: ('Data-Centric Machine Learning with Python: The ultimate guide to engineering and deploying high-quality models based on good data', 'Jonas Christensen', '49.', '4.6 out of 5 stars')
[2024-08-20T04:47:10.588+0000] {sql.py:518} INFO - Rows affected: 1
[2024-08-20T04:47:10.597+0000] {base.py:84} INFO - Retrieving connection 'books_connection'
[2024-08-20T04:47:10.604+0000] {sql.py:509} INFO - Running statement: 
    INSERT INTO books (title, authors, price, rating)
    VALUES (%s, %s, %s, %s)
    , parameters: ('Building ETL Pipelines with Python: Create and deploy enterprise-ready ETL pipelines by employing modern methods', 'Brij Kishore Pandey', '17.', '4.2 out of 5 stars')
[2024-08-20T04:47:10.606+0000] {sql.py:518} INFO - Rows affected: 1
[2024-08-20T04:47:10.617+0000] {base.py:84} INFO - Retrieving connection 'books_connection'
[2024-08-20T04:47:10.622+0000] {sql.py:509} INFO - Running statement: 
    INSERT INTO books (title, authors, price, rating)
    VALUES (%s, %s, %s, %s)
    , parameters: ('The Data Model Resource Book, Vol. 3: Universal Patterns for Data Modeling', 'Len Silverston', '62.', '4.3 out of 5 stars')
[2024-08-20T04:47:10.624+0000] {sql.py:518} INFO - Rows affected: 1
[2024-08-20T04:47:10.638+0000] {base.py:84} INFO - Retrieving connection 'books_connection'
[2024-08-20T04:47:10.643+0000] {sql.py:509} INFO - Running statement: 
    INSERT INTO books (title, authors, price, rating)
    VALUES (%s, %s, %s, %s)
    , parameters: ('Data Quality Engineering in Financial Services: Applying Manufacturing Techniques to Data', 'Brian Buzzelli', '30.', '4.4 out of 5 stars')
[2024-08-20T04:47:10.644+0000] {sql.py:518} INFO - Rows affected: 1
[2024-08-20T04:47:10.653+0000] {base.py:84} INFO - Retrieving connection 'books_connection'
[2024-08-20T04:47:10.657+0000] {sql.py:509} INFO - Running statement: 
    INSERT INTO books (title, authors, price, rating)
    VALUES (%s, %s, %s, %s)
    , parameters: ('Practical Fraud Prevention: Fraud and AML Analytics for Fintech and eCommerce, Using SQL and Python', 'Gilit Saporta', '47.', '4.4 out of 5 stars')
[2024-08-20T04:47:10.659+0000] {sql.py:518} INFO - Rows affected: 1
[2024-08-20T04:47:10.671+0000] {base.py:84} INFO - Retrieving connection 'books_connection'
[2024-08-20T04:47:10.677+0000] {sql.py:509} INFO - Running statement: 
    INSERT INTO books (title, authors, price, rating)
    VALUES (%s, %s, %s, %s)
    , parameters: ('Architecting Data and Machine Learning Platforms: Enable Analytics and AI-Driven Innovation in the Cloud', 'Marco Tranquillin', '37.', '4.3 out of 5 stars')
[2024-08-20T04:47:10.678+0000] {sql.py:518} INFO - Rows affected: 1
[2024-08-20T04:47:10.689+0000] {base.py:84} INFO - Retrieving connection 'books_connection'
[2024-08-20T04:47:10.693+0000] {sql.py:509} INFO - Running statement: 
    INSERT INTO books (title, authors, price, rating)
    VALUES (%s, %s, %s, %s)
    , parameters: ('DAMA-DMBOK: Data Management Body of Knowledge: 2nd Edition', 'DAMA International', '71.', '4.8 out of 5 stars')
[2024-08-20T04:47:10.696+0000] {sql.py:518} INFO - Rows affected: 1
[2024-08-20T04:47:10.707+0000] {base.py:84} INFO - Retrieving connection 'books_connection'
[2024-08-20T04:47:10.711+0000] {sql.py:509} INFO - Running statement: 
    INSERT INTO books (title, authors, price, rating)
    VALUES (%s, %s, %s, %s)
    , parameters: ('Superconvergence: How the Genetics, Biotech, and AI Revolutions Will Transform our Lives, Work, and World', 'Jamie Metzl', '23.', '4.3 out of 5 stars')
[2024-08-20T04:47:10.712+0000] {sql.py:518} INFO - Rows affected: 1
[2024-08-20T04:47:10.721+0000] {base.py:84} INFO - Retrieving connection 'books_connection'
[2024-08-20T04:47:10.725+0000] {sql.py:509} INFO - Running statement: 
    INSERT INTO books (title, authors, price, rating)
    VALUES (%s, %s, %s, %s)
    , parameters: ('Understanding Cryptography: A Textbook for Students and Practitioners', 'Christof Paar', '29.', '4.6 out of 5 stars')
[2024-08-20T04:47:10.726+0000] {sql.py:518} INFO - Rows affected: 1
[2024-08-20T04:47:10.735+0000] {base.py:84} INFO - Retrieving connection 'books_connection'
[2024-08-20T04:47:10.739+0000] {sql.py:509} INFO - Running statement: 
    INSERT INTO books (title, authors, price, rating)
    VALUES (%s, %s, %s, %s)
    , parameters: ('Expert Data Modeling with Power BI - Second Edition: Enrich and optimize your data models to get the best out of Power BI for reporting and business needs', 'Soheil Bakhshi', '47.', '4.8 out of 5 stars')
[2024-08-20T04:47:10.741+0000] {sql.py:518} INFO - Rows affected: 1
[2024-08-20T04:47:10.750+0000] {base.py:84} INFO - Retrieving connection 'books_connection'
[2024-08-20T04:47:10.754+0000] {sql.py:509} INFO - Running statement: 
    INSERT INTO books (title, authors, price, rating)
    VALUES (%s, %s, %s, %s)
    , parameters: ('Mastering Databricks Lakehouse Platform: Perform Data Warehousing, Data Engineering, Machine Learning, DevOps, and BI into a Single Platform (English Edition)', 'Sagar Lad', '26.', '3.6 out of 5 stars')
[2024-08-20T04:47:10.756+0000] {sql.py:518} INFO - Rows affected: 1
[2024-08-20T04:47:10.764+0000] {base.py:84} INFO - Retrieving connection 'books_connection'
[2024-08-20T04:47:10.768+0000] {sql.py:509} INFO - Running statement: 
    INSERT INTO books (title, authors, price, rating)
    VALUES (%s, %s, %s, %s)
    , parameters: ('Data Grab: The New Colonialism of Big Tech and How to Fight Back', 'Ulises A. Mejias', '21.', '5.0 out of 5 stars')
[2024-08-20T04:47:10.770+0000] {sql.py:518} INFO - Rows affected: 1
[2024-08-20T04:47:10.779+0000] {base.py:84} INFO - Retrieving connection 'books_connection'
[2024-08-20T04:47:10.782+0000] {sql.py:509} INFO - Running statement: 
    INSERT INTO books (title, authors, price, rating)
    VALUES (%s, %s, %s, %s)
    , parameters: ('Simplifying Data Engineering and Analytics with Delta: Create analytics-ready data that fuels artificial intelligence and business intelligence', 'Anindita Mahapatra', '28.', '4.3 out of 5 stars')
[2024-08-20T04:47:10.784+0000] {sql.py:518} INFO - Rows affected: 1
[2024-08-20T04:47:10.794+0000] {base.py:84} INFO - Retrieving connection 'books_connection'
[2024-08-20T04:47:10.797+0000] {sql.py:509} INFO - Running statement: 
    INSERT INTO books (title, authors, price, rating)
    VALUES (%s, %s, %s, %s)
    , parameters: ('The Definitive Guide to Azure Data Engineering: Modern ELT, DevOps, and Analytics on the Azure Cloud Platform', "Ron C. L'Esteve", '36.', '3.8 out of 5 stars')
[2024-08-20T04:47:10.799+0000] {sql.py:518} INFO - Rows affected: 1
[2024-08-20T04:47:10.808+0000] {base.py:84} INFO - Retrieving connection 'books_connection'
[2024-08-20T04:47:10.812+0000] {sql.py:509} INFO - Running statement: 
    INSERT INTO books (title, authors, price, rating)
    VALUES (%s, %s, %s, %s)
    , parameters: ('Practical Data Quality: Learn practical, real-world strategies to transform the quality of data in your organization', 'Robert Hawker', '17.', '4.8 out of 5 stars')
[2024-08-20T04:47:10.813+0000] {sql.py:518} INFO - Rows affected: 1
[2024-08-20T04:47:10.822+0000] {base.py:84} INFO - Retrieving connection 'books_connection'
[2024-08-20T04:47:10.826+0000] {sql.py:509} INFO - Running statement: 
    INSERT INTO books (title, authors, price, rating)
    VALUES (%s, %s, %s, %s)
    , parameters: ('Data Analytics for Absolute Beginners: Make Decisions Using Every Variable: (Introduction to Data, Data Visualization, Business Intelligence & Machine ... Science, Python & Statistics for Beginners)', 'Kindle', '0.', '4.5 out of 5 stars')
[2024-08-20T04:47:10.827+0000] {sql.py:518} INFO - Rows affected: 1
[2024-08-20T04:47:10.836+0000] {base.py:84} INFO - Retrieving connection 'books_connection'
[2024-08-20T04:47:10.840+0000] {sql.py:509} INFO - Running statement: 
    INSERT INTO books (title, authors, price, rating)
    VALUES (%s, %s, %s, %s)
    , parameters: ('Big Data, Small Devices: Investigating the Natural World Using Real-Time Data', 'Michael Bowen', '29.', '4.8 out of 5 stars')
[2024-08-20T04:47:10.842+0000] {sql.py:518} INFO - Rows affected: 1
[2024-08-20T04:47:10.850+0000] {base.py:84} INFO - Retrieving connection 'books_connection'
[2024-08-20T04:47:10.854+0000] {sql.py:509} INFO - Running statement: 
    INSERT INTO books (title, authors, price, rating)
    VALUES (%s, %s, %s, %s)
    , parameters: ('Cloud Computing For Dummies', 'Judith S. Hurwitz', '22.', '4.3 out of 5 stars')
[2024-08-20T04:47:10.855+0000] {sql.py:518} INFO - Rows affected: 1
[2024-08-20T04:47:10.857+0000] {python.py:240} INFO - Done. Returned value was: None
[2024-08-20T04:47:10.868+0000] {taskinstance.py:340} INFO - ::group::Post task execution logs
[2024-08-20T04:47:10.869+0000] {taskinstance.py:352} INFO - Marking task as SUCCESS. dag_id=fetch_and_store_DE_books, task_id=insert_book_data, run_id=scheduled__2024-08-13T00:00:00+00:00, execution_date=20240813T000000, start_date=20240820T044709, end_date=20240820T044710
[2024-08-20T04:47:10.881+0000] {logging_mixin.py:190} INFO - Task instance in success state
[2024-08-20T04:47:10.882+0000] {logging_mixin.py:190} INFO -  Previous state of the Task instance: running
[2024-08-20T04:47:10.882+0000] {logging_mixin.py:190} INFO - Dag name:fetch_and_store_DE_books queued_at:2024-08-20 04:46:54.151267+00:00
[2024-08-20T04:47:10.883+0000] {logging_mixin.py:190} INFO - Task hostname:668944ed7238 operator:PythonOperator
[2024-08-20T04:47:10.921+0000] {local_task_job_runner.py:261} INFO - Task exited with return code 0
[2024-08-20T04:47:10.933+0000] {local_task_job_runner.py:240} INFO - ::endgroup::
