[2024-08-20T04:47:56.623+0000] {local_task_job_runner.py:123} INFO - ::group::Pre task execution logs
[2024-08-20T04:47:56.752+0000] {taskinstance.py:2603} INFO - Dependencies all met for dep_context=non-requeueable deps ti=<TaskInstance: fetch_and_store_DE_books.create_table scheduled__2024-06-27T00:00:00+00:00 [queued]>
[2024-08-20T04:47:56.833+0000] {taskinstance.py:2603} INFO - Dependencies all met for dep_context=requeueable deps ti=<TaskInstance: fetch_and_store_DE_books.create_table scheduled__2024-06-27T00:00:00+00:00 [queued]>
[2024-08-20T04:47:56.840+0000] {taskinstance.py:2856} INFO - Starting attempt 1 of 2
[2024-08-20T04:47:57.153+0000] {taskinstance.py:2879} INFO - Executing <Task(PostgresOperator): create_table> on 2024-06-27 00:00:00+00:00
[2024-08-20T04:47:57.168+0000] {warnings.py:112} WARNING - /home/***/.local/lib/python3.12/site-packages/***/task/task_runner/standard_task_runner.py:70: DeprecationWarning: This process (pid=1438) is multi-threaded, use of fork() may lead to deadlocks in the child.
  pid = os.fork()

[2024-08-20T04:47:57.183+0000] {standard_task_runner.py:104} INFO - Running: ['***', 'tasks', 'run', 'fetch_and_store_DE_books', 'create_table', 'scheduled__2024-06-27T00:00:00+00:00', '--job-id', '170', '--raw', '--subdir', 'DAGS_FOLDER/app.py', '--cfg-path', '/tmp/tmp32caz6ts']
[2024-08-20T04:47:57.184+0000] {standard_task_runner.py:72} INFO - Started process 1473 to run task
[2024-08-20T04:47:57.185+0000] {standard_task_runner.py:105} INFO - Job 170: Subtask create_table
[2024-08-20T04:47:57.533+0000] {task_command.py:467} INFO - Running <TaskInstance: fetch_and_store_DE_books.create_table scheduled__2024-06-27T00:00:00+00:00 [running]> on host 668944ed7238
[2024-08-20T04:47:57.893+0000] {taskinstance.py:3122} INFO - Exporting env vars: AIRFLOW_CTX_DAG_OWNER='***' AIRFLOW_CTX_DAG_ID='fetch_and_store_DE_books' AIRFLOW_CTX_TASK_ID='create_table' AIRFLOW_CTX_EXECUTION_DATE='2024-06-27T00:00:00+00:00' AIRFLOW_CTX_TRY_NUMBER='1' AIRFLOW_CTX_DAG_RUN_ID='scheduled__2024-06-27T00:00:00+00:00'
[2024-08-20T04:47:57.899+0000] {logging_mixin.py:190} INFO - Task instance is in running state
[2024-08-20T04:47:57.900+0000] {logging_mixin.py:190} INFO -  Previous state of the Task instance: queued
[2024-08-20T04:47:57.901+0000] {logging_mixin.py:190} INFO - Current task name:create_table state:running start_date:2024-08-20 04:47:56.776667+00:00
[2024-08-20T04:47:57.904+0000] {logging_mixin.py:190} INFO - Dag name:fetch_and_store_DE_books and current dag run status:running
[2024-08-20T04:47:57.905+0000] {taskinstance.py:731} INFO - ::endgroup::
[2024-08-20T04:47:57.906+0000] {sql.py:282} INFO - Executing: 
    CREATE TABLE IF NOT EXISTS books (
        id SERIAL PRIMARY KEY,
        title TEXT NOT NULL,
        authors TEXT,
        price TEXT,
        rating TEXT
    );
    
[2024-08-20T04:47:57.968+0000] {base.py:84} INFO - Retrieving connection 'books_connection'
[2024-08-20T04:47:57.999+0000] {base.py:84} INFO - Retrieving connection 'books_connection'
[2024-08-20T04:47:58.014+0000] {sql.py:509} INFO - Running statement: 
    CREATE TABLE IF NOT EXISTS books (
        id SERIAL PRIMARY KEY,
        title TEXT NOT NULL,
        authors TEXT,
        price TEXT,
        rating TEXT
    );
    , parameters: None
[2024-08-20T04:47:58.054+0000] {taskinstance.py:340} INFO - ::group::Post task execution logs
[2024-08-20T04:47:58.056+0000] {taskinstance.py:352} INFO - Marking task as SUCCESS. dag_id=fetch_and_store_DE_books, task_id=create_table, run_id=scheduled__2024-06-27T00:00:00+00:00, execution_date=20240627T000000, start_date=20240820T044756, end_date=20240820T044758
[2024-08-20T04:47:58.103+0000] {logging_mixin.py:190} INFO - Task instance in success state
[2024-08-20T04:47:58.107+0000] {logging_mixin.py:190} INFO -  Previous state of the Task instance: running
[2024-08-20T04:47:58.108+0000] {logging_mixin.py:190} INFO - Dag name:fetch_and_store_DE_books queued_at:2024-08-20 04:41:43.644444+00:00
[2024-08-20T04:47:58.108+0000] {logging_mixin.py:190} INFO - Task hostname:668944ed7238 operator:PostgresOperator
[2024-08-20T04:47:58.204+0000] {local_task_job_runner.py:261} INFO - Task exited with return code 0
[2024-08-20T04:47:58.231+0000] {local_task_job_runner.py:240} INFO - ::endgroup::
